War has started with 5 kingdoms.
---------------
Duel 1: Dorne vs The Vale of Arryn
  Duel between Qorgyles(30) -WIL- and Royces(30) -WHI- has begun.
    Quentyn Qorgyle(475) hit Yohn Royce(670) 215.
    Yohn Royce(455) hit Quentyn Qorgyle(475) 170.
    ****
    Quentyn Qorgyle(305) took 30 damage as DOT.
    Yohn Royce(455) took 25 damage as DOT.
    Quentyn Qorgyle(275) hit Yohn Royce(430) 215.
    Yohn Royce(215) hit Quentyn Qorgyle(275) 170.
    ****
    Quentyn Qorgyle(105) took 60 damage as DOT.
    Yohn Royce(215) took 50 damage as DOT.
    Quentyn Qorgyle(45) hit Yohn Royce(165) 215.
    Yohn Royce(-50) hit Quentyn Qorgyle(45) 170.
    ****
    Both of them are dead. A draw.
  Duel between Manwoodys(30) -WHI- and Hunters(30) -WHI- has begun.
    Dagos Manwoody(650) hit Eon Hunter(695) 190.
    Eon Hunter(505) hit Dagos Manwoody(650) 170.
    ****
    Dagos Manwoody(480) took 30 damage as DOT.
    Eon Hunter(505) took 30 damage as DOT.
    Dagos Manwoody(450) hit Eon Hunter(475) 190.
    Eon Hunter(285) hit Dagos Manwoody(450) 170.
    ****
    Dagos Manwoody(280) took 60 damage as DOT.
    Eon Hunter(285) took 60 damage as DOT.
    Dagos Manwoody(220) hit Eon Hunter(225) 190.
    Eon Hunter(35) hit Dagos Manwoody(220) 170.
    ****
    Dagos Manwoody(50) took 90 damage as DOT.
    Eon Hunter(35) took 90 damage as DOT.
    Dagos Manwoody(-40) hit Eon Hunter(-55) 190.
    Eon Hunter(-245) hit Dagos Manwoody(-40) 170.
    ****
    Both of them are dead. A draw.
  Duel between Ullers(30) -WHI- and Egens(30) -WIL- has begun.
    Mantral Uller(625) hit Vardis Egen(445) 190.
    Vardis Egen(255) hit Mantral Uller(625) 190.
    ****
    Mantral Uller(435) took 25 damage as DOT.
    Vardis Egen(255) took 30 damage as DOT.
    Mantral Uller(410) hit Vardis Egen(225) 190.
    Vardis Egen(35) hit Mantral Uller(410) 190.
    ****
    Mantral Uller(220) took 50 damage as DOT.
    Vardis Egen(35) took 60 damage as DOT.
    Mantral Uller(170) hit Vardis Egen(-25) 190.
    Vardis Egen(-215) hit Mantral Uller(170) 190.
    ****
    Both of them are dead. A draw.
  Duel between Qorgyles(30) -WIL- and Hunters(30) -WHI- has begun.
    Quentyn Qorgyle(475) hit Eon Hunter(695) 215.
    Eon Hunter(480) hit Quentyn Qorgyle(475) 170.
    ****
    Quentyn Qorgyle(305) took 30 damage as DOT.
    Eon Hunter(480) took 25 damage as DOT.
    Quentyn Qorgyle(275) hit Eon Hunter(455) 215.
    Eon Hunter(240) hit Quentyn Qorgyle(275) 170.
    ****
    Quentyn Qorgyle(105) took 60 damage as DOT.
    Eon Hunter(240) took 50 damage as DOT.
    Quentyn Qorgyle(45) hit Eon Hunter(190) 215.
    Eon Hunter(-25) hit Quentyn Qorgyle(45) 170.
    ****
    Both of them are dead. A draw.
  Duel between Manwoodys(30) -WHI- and Egens(30) -WIL- has begun.
    Dagos Manwoody(650) hit Vardis Egen(445) 190.
    Vardis Egen(255) hit Dagos Manwoody(650) 190.
    ****
    Dagos Manwoody(460) took 25 damage as DOT.
    Vardis Egen(255) took 30 damage as DOT.
    Dagos Manwoody(435) hit Vardis Egen(225) 190.
    Vardis Egen(35) hit Dagos Manwoody(435) 190.
    ****
    Dagos Manwoody(245) took 50 damage as DOT.
    Vardis Egen(35) took 60 damage as DOT.
    Dagos Manwoody(195) hit Vardis Egen(-25) 190.
    Vardis Egen(-215) hit Dagos Manwoody(195) 190.
    ****
    Dagos Manwoody(5) has won.
  Duel between Ullers(30) -WHI- and Royces(30) -WHI- has begun.
    Mantral Uller(625) hit Yohn Royce(670) 190.
    Yohn Royce(480) hit Mantral Uller(625) 170.
    ****
    Mantral Uller(455) took 30 damage as DOT.
    Yohn Royce(480) took 30 damage as DOT.
    Mantral Uller(425) hit Yohn Royce(450) 190.
    Yohn Royce(260) hit Mantral Uller(425) 170.
    ****
    Mantral Uller(255) took 60 damage as DOT.
    Yohn Royce(260) took 60 damage as DOT.
    Mantral Uller(195) hit Yohn Royce(200) 190.
    Yohn Royce(10) hit Mantral Uller(195) 170.
    ****
    Mantral Uller(25) took 90 damage as DOT.
    Yohn Royce(10) took 90 damage as DOT.
    Mantral Uller(-65) hit Yohn Royce(-80) 190.
    Yohn Royce(-270) hit Mantral Uller(-65) 170.
    ****
    Both of them are dead. A draw.
  Duel between Qorgyles(30) -WIL- and Egens(27) -WIL- has begun.
    Quentyn Qorgyle(475) hit Vardis Egen(445) 215.
    Vardis Egen(230) hit Quentyn Qorgyle(475) 187.
    ****
    Quentyn Qorgyle(288) took 25 damage as DOT.
    Vardis Egen(230) took 25 damage as DOT.
    Quentyn Qorgyle(263) hit Vardis Egen(205) 215.
    Vardis Egen(-10) hit Quentyn Qorgyle(263) 187.
    ****
    Quentyn Qorgyle(76) has won.
  Duel between Manwoodys(33) -WHI- and Royces(30) -WHI- has begun.
    Dagos Manwoody(650) hit Yohn Royce(670) 193.
    Yohn Royce(477) hit Dagos Manwoody(650) 170.
    ****
    Dagos Manwoody(480) took 30 damage as DOT.
    Yohn Royce(477) took 30 damage as DOT.
    Dagos Manwoody(450) hit Yohn Royce(447) 193.
    Yohn Royce(254) hit Dagos Manwoody(450) 170.
    ****
    Dagos Manwoody(280) took 60 damage as DOT.
    Yohn Royce(254) took 60 damage as DOT.
    Dagos Manwoody(220) hit Yohn Royce(194) 193.
    Yohn Royce(1) hit Dagos Manwoody(220) 170.
    ****
    Dagos Manwoody(50) took 90 damage as DOT.
    Yohn Royce(1) took 90 damage as DOT.
    Dagos Manwoody(-40) hit Yohn Royce(-89) 193.
    Yohn Royce(-282) hit Dagos Manwoody(-40) 170.
    ****
    Both of them are dead. A draw.
  Duel between Ullers(30) -WHI- and Hunters(30) -WHI- has begun.
    Mantral Uller(625) hit Eon Hunter(695) 190.
    Eon Hunter(505) hit Mantral Uller(625) 170.
    ****
    Mantral Uller(455) took 30 damage as DOT.
    Eon Hunter(505) took 30 damage as DOT.
    Mantral Uller(425) hit Eon Hunter(475) 190.
    Eon Hunter(285) hit Mantral Uller(425) 170.
    ****
    Mantral Uller(255) took 60 damage as DOT.
    Eon Hunter(285) took 60 damage as DOT.
    Mantral Uller(195) hit Eon Hunter(225) 190.
    Eon Hunter(35) hit Mantral Uller(195) 170.
    ****
    Mantral Uller(25) took 90 damage as DOT.
    Eon Hunter(35) took 90 damage as DOT.
    Mantral Uller(-65) hit Eon Hunter(-55) 190.
    Eon Hunter(-245) hit Mantral Uller(-65) 170.
    ****
    Both of them are dead. A draw.
  Duel between House Martell(50) -WIL- and House Arryn(50) -WIZ- has begun.
    Trystane Martell(425) hit Jon Arryn(545) 230.
    Jon Arryn(315) hit Trystane Martell(425) 190.
    ****
    Trystane Martell(235) took 20 damage as DOT.
    Jon Arryn(315) took 25 damage as DOT.
    Trystane Martell(215) hit Jon Arryn(290) 230.
    Jon Arryn(60) hit Trystane Martell(215) 190.
    ****
    Trystane Martell(25) took 40 damage as DOT.
    Jon Arryn(60) took 50 damage as DOT.
    Trystane Martell(-15) hit Jon Arryn(10) 230.
    Jon Arryn(-220) hit Trystane Martell(-15) 190.
    ****
    Both of them are dead. A draw.
  Dorne got 2 house points. The Vale of Arryn got 0 house points.

The winner is: Dorne with currently 1 kingdom points.
---------------
---------------
Duel 2: The Vale of Arryn vs The Reach
  Duel between Royces(30) -WHI- and Beesburys(30) -WIL- has begun.
    Yohn Royce(670) hit Lyman Beesbury(450) 170.
    Lyman Beesbury(280) hit Yohn Royce(670) 215.
    ****
    Yohn Royce(455) took 25 damage as DOT.
    Lyman Beesbury(280) took 30 damage as DOT.
    Yohn Royce(430) hit Lyman Beesbury(250) 170.
    Lyman Beesbury(80) hit Yohn Royce(430) 215.
    ****
    Yohn Royce(215) took 50 damage as DOT.
    Lyman Beesbury(80) took 60 damage as DOT.
    Yohn Royce(165) hit Lyman Beesbury(20) 170.
    Lyman Beesbury(-150) hit Yohn Royce(165) 215.
    ****
    Both of them are dead. A draw.
  Duel between Hunters(30) -WHI- and Leygoods(30) -WIL- has begun.
    Eon Hunter(695) hit Lord Leygood(425) 170.
    Lord Leygood(255) hit Eon Hunter(695) 215.
    ****
    Eon Hunter(480) took 25 damage as DOT.
    Lord Leygood(255) took 30 damage as DOT.
    Eon Hunter(455) hit Lord Leygood(225) 170.
    Lord Leygood(55) hit Eon Hunter(455) 215.
    ****
    Eon Hunter(240) took 50 damage as DOT.
    Lord Leygood(55) took 60 damage as DOT.
    Eon Hunter(190) hit Lord Leygood(-5) 170.
    Lord Leygood(-175) hit Eon Hunter(190) 215.
    ****
    Both of them are dead. A draw.
  Duel between Egens(24) -WIL- and Fossoways(30) -WHI- has begun.
    Vardis Egen(445) hit Lord Fossoway(625) 184.
    Lord Fossoway(441) hit Vardis Egen(445) 190.
    ****
    Vardis Egen(255) took 30 damage as DOT.
    Lord Fossoway(441) took 25 damage as DOT.
    Vardis Egen(225) hit Lord Fossoway(416) 184.
    Lord Fossoway(232) hit Vardis Egen(225) 190.
    ****
    Vardis Egen(35) took 60 damage as DOT.
    Lord Fossoway(232) took 50 damage as DOT.
    Vardis Egen(-25) hit Lord Fossoway(182) 184.
    Lord Fossoway(-2) hit Vardis Egen(-25) 190.
    ****
    Both of them are dead. A draw.
  Duel between Royces(30) -WHI- and Leygoods(30) -WIL- has begun.
    Yohn Royce(670) hit Lord Leygood(425) 170.
    Lord Leygood(255) hit Yohn Royce(670) 215.
    ****
    Yohn Royce(455) took 25 damage as DOT.
    Lord Leygood(255) took 30 damage as DOT.
    Yohn Royce(430) hit Lord Leygood(225) 170.
    Lord Leygood(55) hit Yohn Royce(430) 215.
    ****
    Yohn Royce(215) took 50 damage as DOT.
    Lord Leygood(55) took 60 damage as DOT.
    Yohn Royce(165) hit Lord Leygood(-5) 170.
    Lord Leygood(-175) hit Yohn Royce(165) 215.
    ****
    Both of them are dead. A draw.
  Duel between Hunters(30) -WHI- and Fossoways(30) -WHI- has begun.
    Eon Hunter(695) hit Lord Fossoway(625) 170.
    Lord Fossoway(455) hit Eon Hunter(695) 190.
    ****
    Eon Hunter(505) took 30 damage as DOT.
    Lord Fossoway(455) took 30 damage as DOT.
    Eon Hunter(475) hit Lord Fossoway(425) 170.
    Lord Fossoway(255) hit Eon Hunter(475) 190.
    ****
    Eon Hunter(285) took 60 damage as DOT.
    Lord Fossoway(255) took 60 damage as DOT.
    Eon Hunter(225) hit Lord Fossoway(195) 170.
    Lord Fossoway(25) hit Eon Hunter(225) 190.
    ****
    Eon Hunter(35) took 90 damage as DOT.
    Lord Fossoway(25) took 90 damage as DOT.
    Eon Hunter(-55) hit Lord Fossoway(-65) 170.
    Lord Fossoway(-235) hit Eon Hunter(-55) 190.
    ****
    Both of them are dead. A draw.
  Duel between Egens(24) -WIL- and Beesburys(30) -WIL- has begun.
    Vardis Egen(445) hit Lyman Beesbury(450) 184.
    Lyman Beesbury(266) hit Vardis Egen(445) 215.
    ****
    Vardis Egen(230) took 25 damage as DOT.
    Lyman Beesbury(266) took 25 damage as DOT.
    Vardis Egen(205) hit Lyman Beesbury(241) 184.
    Lyman Beesbury(57) hit Vardis Egen(205) 215.
    ****
    Lyman Beesbury(57) has won.
  Duel between Royces(30) -WHI- and Fossoways(30) -WHI- has begun.
    Yohn Royce(670) hit Lord Fossoway(625) 170.
    Lord Fossoway(455) hit Yohn Royce(670) 190.
    ****
    Yohn Royce(480) took 30 damage as DOT.
    Lord Fossoway(455) took 30 damage as DOT.
    Yohn Royce(450) hit Lord Fossoway(425) 170.
    Lord Fossoway(255) hit Yohn Royce(450) 190.
    ****
    Yohn Royce(260) took 60 damage as DOT.
    Lord Fossoway(255) took 60 damage as DOT.
    Yohn Royce(200) hit Lord Fossoway(195) 170.
    Lord Fossoway(25) hit Yohn Royce(200) 190.
    ****
    Yohn Royce(10) took 90 damage as DOT.
    Lord Fossoway(25) took 90 damage as DOT.
    Yohn Royce(-80) hit Lord Fossoway(-65) 170.
    Lord Fossoway(-235) hit Yohn Royce(-80) 190.
    ****
    Both of them are dead. A draw.
  Duel between Hunters(30) -WHI- and Beesburys(33) -WIL- has begun.
    Eon Hunter(695) hit Lyman Beesbury(450) 170.
    Lyman Beesbury(280) hit Eon Hunter(695) 218.
    ****
    Eon Hunter(477) took 25 damage as DOT.
    Lyman Beesbury(280) took 30 damage as DOT.
    Eon Hunter(452) hit Lyman Beesbury(250) 170.
    Lyman Beesbury(80) hit Eon Hunter(452) 218.
    ****
    Eon Hunter(234) took 50 damage as DOT.
    Lyman Beesbury(80) took 60 damage as DOT.
    Eon Hunter(184) hit Lyman Beesbury(20) 170.
    Lyman Beesbury(-150) hit Eon Hunter(184) 218.
    ****
    Both of them are dead. A draw.
  Duel between Egens(21) -WIL- and Leygoods(30) -WIL- has begun.
    Vardis Egen(445) hit Lord Leygood(425) 181.
    Lord Leygood(244) hit Vardis Egen(445) 215.
    ****
    Vardis Egen(230) took 25 damage as DOT.
    Lord Leygood(244) took 25 damage as DOT.
    Vardis Egen(205) hit Lord Leygood(219) 181.
    Lord Leygood(38) hit Vardis Egen(205) 215.
    ****
    Lord Leygood(38) has won.
  Duel between House Arryn(50) -WIZ- and House Lannister(50) -WIL- has begun.
    Jon Arryn(545) hit Luthor Tyrell(450) 190.
    Luthor Tyrell(260) hit Jon Arryn(545) 235.
    ****
    Jon Arryn(310) took 25 damage as DOT.
    Luthor Tyrell(260) took 20 damage as DOT.
    Jon Arryn(285) hit Luthor Tyrell(240) 190.
    Luthor Tyrell(50) hit Jon Arryn(285) 235.
    ****
    Jon Arryn(50) took 50 damage as DOT.
    Luthor Tyrell(50) took 40 damage as DOT.
    Jon Arryn(0) hit Luthor Tyrell(10) 190.
    Luthor Tyrell(-180) hit Jon Arryn(0) 235.
    ****
    Both of them are dead. A draw.
  The Vale of Arryn got 0 house points. The Reach got 2 house points.

The winner is: The Reach with currently 1 kingdom points.
---------------
---------------
Duel 3: The Reach vs The Westernlands
  Duel between Beesburys(33) -WIL- and Leffords(30) -WIL- has begun.
    Lyman Beesbury(450) hit Leo Lefford(470) 218.
    Leo Lefford(252) hit Lyman Beesbury(450) 190.
    ****
    Lyman Beesbury(260) took 25 damage as DOT.
    Leo Lefford(252) took 25 damage as DOT.
    Lyman Beesbury(235) hit Leo Lefford(227) 218.
    Leo Lefford(9) hit Lyman Beesbury(235) 190.
    ****
    Lyman Beesbury(45) took 50 damage as DOT.
    Leo Lefford(9) took 50 damage as DOT.
    Lyman Beesbury(-5) hit Leo Lefford(-41) 218.
    Leo Lefford(-259) hit Lyman Beesbury(-5) 190.
    ****
    Both of them are dead. A draw.
  Duel between Leygoods(33) -WIL- and Paynes(30) -WHI- has begun.
    Lord Leygood(425) hit Ilyn Payne(670) 218.
    Ilyn Payne(452) hit Lord Leygood(425) 170.
    ****
    Lord Leygood(255) took 30 damage as DOT.
    Ilyn Payne(452) took 25 damage as DOT.
    Lord Leygood(225) hit Ilyn Payne(427) 218.
    Ilyn Payne(209) hit Lord Leygood(225) 170.
    ****
    Lord Leygood(55) took 60 damage as DOT.
    Ilyn Payne(209) took 50 damage as DOT.
    Lord Leygood(-5) hit Ilyn Payne(159) 218.
    Ilyn Payne(-59) hit Lord Leygood(-5) 170.
    ****
    Both of them are dead. A draw.
  Duel between Fossoways(30) -WHI- and Yarwycks(30) -WIL- has begun.
    Lord Fossoway(625) hit Othell Yarwyck(445) 190.
    Othell Yarwyck(255) hit Lord Fossoway(625) 195.
    ****
    Lord Fossoway(430) took 25 damage as DOT.
    Othell Yarwyck(255) took 30 damage as DOT.
    Lord Fossoway(405) hit Othell Yarwyck(225) 190.
    Othell Yarwyck(35) hit Lord Fossoway(405) 195.
    ****
    Lord Fossoway(210) took 50 damage as DOT.
    Othell Yarwyck(35) took 60 damage as DOT.
    Lord Fossoway(160) hit Othell Yarwyck(-25) 190.
    Othell Yarwyck(-215) hit Lord Fossoway(160) 195.
    ****
    Both of them are dead. A draw.
  Duel between Beesburys(33) -WIL- and Paynes(30) -WHI- has begun.
    Lyman Beesbury(450) hit Ilyn Payne(670) 218.
    Ilyn Payne(452) hit Lyman Beesbury(450) 170.
    ****
    Lyman Beesbury(280) took 30 damage as DOT.
    Ilyn Payne(452) took 25 damage as DOT.
    Lyman Beesbury(250) hit Ilyn Payne(427) 218.
    Ilyn Payne(209) hit Lyman Beesbury(250) 170.
    ****
    Lyman Beesbury(80) took 60 damage as DOT.
    Ilyn Payne(209) took 50 damage as DOT.
    Lyman Beesbury(20) hit Ilyn Payne(159) 218.
    Ilyn Payne(-59) hit Lyman Beesbury(20) 170.
    ****
    Both of them are dead. A draw.
  Duel between Leygoods(33) -WIL- and Yarwycks(30) -WIL- has begun.
    Lord Leygood(425) hit Othell Yarwyck(445) 218.
    Othell Yarwyck(227) hit Lord Leygood(425) 195.
    ****
    Lord Leygood(230) took 25 damage as DOT.
    Othell Yarwyck(227) took 25 damage as DOT.
    Lord Leygood(205) hit Othell Yarwyck(202) 218.
    Othell Yarwyck(-16) hit Lord Leygood(205) 195.
    ****
    Lord Leygood(10) has won.
  Duel between Fossoways(30) -WHI- and Leffords(30) -WIL- has begun.
    Lord Fossoway(625) hit Leo Lefford(470) 190.
    Leo Lefford(280) hit Lord Fossoway(625) 190.
    ****
    Lord Fossoway(435) took 25 damage as DOT.
    Leo Lefford(280) took 30 damage as DOT.
    Lord Fossoway(410) hit Leo Lefford(250) 190.
    Leo Lefford(60) hit Lord Fossoway(410) 190.
    ****
    Lord Fossoway(220) took 50 damage as DOT.
    Leo Lefford(60) took 60 damage as DOT.
    Lord Fossoway(170) hit Leo Lefford(0) 190.
    Leo Lefford(-190) hit Lord Fossoway(170) 190.
    ****
    Both of them are dead. A draw.
  Duel between Beesburys(33) -WIL- and Yarwycks(27) -WIL- has begun.
    Lyman Beesbury(450) hit Othell Yarwyck(445) 218.
    Othell Yarwyck(227) hit Lyman Beesbury(450) 192.
    ****
    Lyman Beesbury(258) took 25 damage as DOT.
    Othell Yarwyck(227) took 25 damage as DOT.
    Lyman Beesbury(233) hit Othell Yarwyck(202) 218.
    Othell Yarwyck(-16) hit Lyman Beesbury(233) 192.
    ****
    Lyman Beesbury(41) has won.
  Duel between Leygoods(36) -WIL- and Leffords(30) -WIL- has begun.
    Lord Leygood(425) hit Leo Lefford(470) 221.
    Leo Lefford(249) hit Lord Leygood(425) 190.
    ****
    Lord Leygood(235) took 25 damage as DOT.
    Leo Lefford(249) took 25 damage as DOT.
    Lord Leygood(210) hit Leo Lefford(224) 221.
    Leo Lefford(3) hit Lord Leygood(210) 190.
    ****
    Lord Leygood(20) took 50 damage as DOT.
    Leo Lefford(3) took 50 damage as DOT.
    Lord Leygood(-30) hit Leo Lefford(-47) 221.
    Leo Lefford(-268) hit Lord Leygood(-30) 190.
    ****
    Both of them are dead. A draw.
  Duel between Fossoways(30) -WHI- and Paynes(30) -WHI- has begun.
    Lord Fossoway(625) hit Ilyn Payne(670) 190.
    Ilyn Payne(480) hit Lord Fossoway(625) 170.
    ****
    Lord Fossoway(455) took 30 damage as DOT.
    Ilyn Payne(480) took 30 damage as DOT.
    Lord Fossoway(425) hit Ilyn Payne(450) 190.
    Ilyn Payne(260) hit Lord Fossoway(425) 170.
    ****
    Lord Fossoway(255) took 60 damage as DOT.
    Ilyn Payne(260) took 60 damage as DOT.
    Lord Fossoway(195) hit Ilyn Payne(200) 190.
    Ilyn Payne(10) hit Lord Fossoway(195) 170.
    ****
    Lord Fossoway(25) took 90 damage as DOT.
    Ilyn Payne(10) took 90 damage as DOT.
    Lord Fossoway(-65) hit Ilyn Payne(-80) 190.
    Ilyn Payne(-270) hit Lord Fossoway(-65) 170.
    ****
    Both of them are dead. A draw.
  Duel between House Lannister(50) -WIL- and House Frey(50) -WIZ- has begun.
    Luthor Tyrell(450) hit Tyrion Lannister(470) 235.
    Tyrion Lannister(235) hit Luthor Tyrell(450) 190.
    ****
    Luthor Tyrell(260) took 20 damage as DOT.
    Tyrion Lannister(235) took 25 damage as DOT.
    Luthor Tyrell(240) hit Tyrion Lannister(210) 235.
    Tyrion Lannister(-25) hit Luthor Tyrell(240) 190.
    ****
    Luthor Tyrell(50) has won.
  The Reach got 5 house points. The Westernlands got 0 house points.

The winner is: The Reach with currently 2 kingdom points.
---------------
---------------
Duel 4: The Westernlands vs The Riverlands
  Duel between Leffords(30) -WIL- and Brackens(30) -WIZ- has begun.
    Leo Lefford(470) hit Jonos Bracken(480) 190.
    Jonos Bracken(290) hit Leo Lefford(470) 155.
    ****
    Leo Lefford(315) took 20 damage as DOT.
    Jonos Bracken(290) took 25 damage as DOT.
    Leo Lefford(295) hit Jonos Bracken(265) 190.
    Jonos Bracken(75) hit Leo Lefford(295) 155.
    ****
    Leo Lefford(140) took 40 damage as DOT.
    Jonos Bracken(75) took 50 damage as DOT.
    Leo Lefford(100) hit Jonos Bracken(25) 190.
    Jonos Bracken(-165) hit Leo Lefford(100) 155.
    ****
    Both of them are dead. A draw.
  Duel between Paynes(30) -WHI- and Mootons(30) -WHI- has begun.
    Ilyn Payne(670) hit William Mooton(655) 170.
    William Mooton(485) hit Ilyn Payne(670) 160.
    ****
    Ilyn Payne(510) took 30 damage as DOT.
    William Mooton(485) took 30 damage as DOT.
    Ilyn Payne(480) hit William Mooton(455) 170.
    William Mooton(285) hit Ilyn Payne(480) 160.
    ****
    Ilyn Payne(320) took 60 damage as DOT.
    William Mooton(285) took 60 damage as DOT.
    Ilyn Payne(260) hit William Mooton(225) 170.
    William Mooton(55) hit Ilyn Payne(260) 160.
    ****
    Ilyn Payne(100) took 90 damage as DOT.
    William Mooton(55) took 90 damage as DOT.
    Ilyn Payne(10) hit William Mooton(-35) 170.
    William Mooton(-205) hit Ilyn Payne(10) 160.
    ****
    Both of them are dead. A draw.
  Duel between Yarwycks(24) -WIL- and Mallisters(30) -WHI- has begun.
    Othell Yarwyck(445) hit Jason Mallister(655) 189.
    Jason Mallister(466) hit Othell Yarwyck(445) 160.
    ****
    Othell Yarwyck(285) took 30 damage as DOT.
    Jason Mallister(466) took 25 damage as DOT.
    Othell Yarwyck(255) hit Jason Mallister(441) 189.
    Jason Mallister(252) hit Othell Yarwyck(255) 160.
    ****
    Othell Yarwyck(95) took 60 damage as DOT.
    Jason Mallister(252) took 50 damage as DOT.
    Othell Yarwyck(35) hit Jason Mallister(202) 189.
    Jason Mallister(13) hit Othell Yarwyck(35) 160.
    ****
    Jason Mallister(13) has won.
  Duel between Leffords(30) -WIL- and Mootons(30) -WHI- has begun.
    Leo Lefford(470) hit William Mooton(655) 190.
    William Mooton(465) hit Leo Lefford(470) 160.
    ****
    Leo Lefford(310) took 30 damage as DOT.
    William Mooton(465) took 25 damage as DOT.
    Leo Lefford(280) hit William Mooton(440) 190.
    William Mooton(250) hit Leo Lefford(280) 160.
    ****
    Leo Lefford(120) took 60 damage as DOT.
    William Mooton(250) took 50 damage as DOT.
    Leo Lefford(60) hit William Mooton(200) 190.
    William Mooton(10) hit Leo Lefford(60) 160.
    ****
    William Mooton(10) has won.
  Duel between Paynes(30) -WHI- and Mallisters(33) -WHI- has begun.
    Ilyn Payne(670) hit Jason Mallister(655) 170.
    Jason Mallister(485) hit Ilyn Payne(670) 163.
    ****
    Ilyn Payne(507) took 30 damage as DOT.
    Jason Mallister(485) took 30 damage as DOT.
    Ilyn Payne(477) hit Jason Mallister(455) 170.
    Jason Mallister(285) hit Ilyn Payne(477) 163.
    ****
    Ilyn Payne(314) took 60 damage as DOT.
    Jason Mallister(285) took 60 damage as DOT.
    Ilyn Payne(254) hit Jason Mallister(225) 170.
    Jason Mallister(55) hit Ilyn Payne(254) 163.
    ****
    Ilyn Payne(91) took 90 damage as DOT.
    Jason Mallister(55) took 90 damage as DOT.
    Ilyn Payne(1) hit Jason Mallister(-35) 170.
    Jason Mallister(-205) hit Ilyn Payne(1) 163.
    ****
    Both of them are dead. A draw.
  Duel between Yarwycks(21) -WIL- and Brackens(30) -WIZ- has begun.
    Othell Yarwyck(445) hit Jonos Bracken(480) 186.
    Jonos Bracken(294) hit Othell Yarwyck(445) 155.
    ****
    Othell Yarwyck(290) took 20 damage as DOT.
    Jonos Bracken(294) took 25 damage as DOT.
    Othell Yarwyck(270) hit Jonos Bracken(269) 186.
    Jonos Bracken(83) hit Othell Yarwyck(270) 155.
    ****
    Othell Yarwyck(115) took 40 damage as DOT.
    Jonos Bracken(83) took 50 damage as DOT.
    Othell Yarwyck(75) hit Jonos Bracken(33) 186.
    Jonos Bracken(-153) hit Othell Yarwyck(75) 155.
    ****
    Both of them are dead. A draw.
  Duel between Leffords(27) -WIL- and Mallisters(33) -WHI- has begun.
    Leo Lefford(470) hit Jason Mallister(655) 187.
    Jason Mallister(468) hit Leo Lefford(470) 163.
    ****
    Leo Lefford(307) took 30 damage as DOT.
    Jason Mallister(468) took 25 damage as DOT.
    Leo Lefford(277) hit Jason Mallister(443) 187.
    Jason Mallister(256) hit Leo Lefford(277) 163.
    ****
    Leo Lefford(114) took 60 damage as DOT.
    Jason Mallister(256) took 50 damage as DOT.
    Leo Lefford(54) hit Jason Mallister(206) 187.
    Jason Mallister(19) hit Leo Lefford(54) 163.
    ****
    Jason Mallister(19) has won.
  Duel between Paynes(30) -WHI- and Brackens(30) -WIZ- has begun.
    Ilyn Payne(670) hit Jonos Bracken(480) 170.
    Jonos Bracken(310) hit Ilyn Payne(670) 155.
    ****
    Ilyn Payne(515) took 20 damage as DOT.
    Jonos Bracken(310) took 30 damage as DOT.
    Ilyn Payne(495) hit Jonos Bracken(280) 170.
    Jonos Bracken(110) hit Ilyn Payne(495) 155.
    ****
    Ilyn Payne(340) took 40 damage as DOT.
    Jonos Bracken(110) took 60 damage as DOT.
    Ilyn Payne(300) hit Jonos Bracken(50) 170.
    Jonos Bracken(-120) hit Ilyn Payne(300) 155.
    ****
    Ilyn Payne(145) has won.
  Duel between Yarwycks(21) -WIL- and Mootons(33) -WHI- has begun.
    Othell Yarwyck(445) hit William Mooton(655) 186.
    William Mooton(469) hit Othell Yarwyck(445) 163.
    ****
    Othell Yarwyck(282) took 30 damage as DOT.
    William Mooton(469) took 25 damage as DOT.
    Othell Yarwyck(252) hit William Mooton(444) 186.
    William Mooton(258) hit Othell Yarwyck(252) 163.
    ****
    Othell Yarwyck(89) took 60 damage as DOT.
    William Mooton(258) took 50 damage as DOT.
    Othell Yarwyck(29) hit William Mooton(208) 186.
    William Mooton(22) hit Othell Yarwyck(29) 163.
    ****
    William Mooton(22) has won.
  Duel between House Frey(37) -WIZ- and House Bolton(50) -WHI- has begun.
    Tyrion Lannister(470) hit Walder Frey(655) 177.
    Walder Frey(478) hit Tyrion Lannister(470) 180.
    ****
    Tyrion Lannister(290) took 30 damage as DOT.
    Walder Frey(478) took 20 damage as DOT.
    Tyrion Lannister(260) hit Walder Frey(458) 177.
    Walder Frey(281) hit Tyrion Lannister(260) 180.
    ****
    Tyrion Lannister(80) took 60 damage as DOT.
    Walder Frey(281) took 40 damage as DOT.
    Tyrion Lannister(20) hit Walder Frey(241) 177.
    Walder Frey(64) hit Tyrion Lannister(20) 180.
    ****
    Walder Frey(64) has won.
  The Westernlands got 1 house points. The Riverlands got 7 house points.

The winner is: The Riverlands with currently 1 kingdom points.
---------------
---------------
Duel 5: Dorne vs The Reach
  Duel between Qorgyles(33) -WIL- and Beesburys(36) -WIL- has begun.
    Quentyn Qorgyle(475) hit Lyman Beesbury(450) 218.
    Lyman Beesbury(232) hit Quentyn Qorgyle(475) 221.
    ****
    Quentyn Qorgyle(254) took 25 damage as DOT.
    Lyman Beesbury(232) took 25 damage as DOT.
    Quentyn Qorgyle(229) hit Lyman Beesbury(207) 218.
    Lyman Beesbury(-11) hit Quentyn Qorgyle(229) 221.
    ****
    Quentyn Qorgyle(8) has won.
  Duel between Manwoodys(33) -WHI- and Leygoods(36) -WIL- has begun.
    Dagos Manwoody(650) hit Lord Leygood(425) 193.
    Lord Leygood(232) hit Dagos Manwoody(650) 221.
    ****
    Dagos Manwoody(429) took 25 damage as DOT.
    Lord Leygood(232) took 30 damage as DOT.
    Dagos Manwoody(404) hit Lord Leygood(202) 193.
    Lord Leygood(9) hit Dagos Manwoody(404) 221.
    ****
    Dagos Manwoody(183) took 50 damage as DOT.
    Lord Leygood(9) took 60 damage as DOT.
    Dagos Manwoody(133) hit Lord Leygood(-51) 193.
    Lord Leygood(-244) hit Dagos Manwoody(133) 221.
    ****
    Both of them are dead. A draw.
  Duel between Ullers(30) -WHI- and Fossoways(30) -WHI- has begun.
    Mantral Uller(625) hit Lord Fossoway(625) 190.
    Lord Fossoway(435) hit Mantral Uller(625) 190.
    ****
    Mantral Uller(435) took 30 damage as DOT.
    Lord Fossoway(435) took 30 damage as DOT.
    Mantral Uller(405) hit Lord Fossoway(405) 190.
    Lord Fossoway(215) hit Mantral Uller(405) 190.
    ****
    Mantral Uller(215) took 60 damage as DOT.
    Lord Fossoway(215) took 60 damage as DOT.
    Mantral Uller(155) hit Lord Fossoway(155) 190.
    Lord Fossoway(-35) hit Mantral Uller(155) 190.
    ****
    Both of them are dead. A draw.
  Duel between Qorgyles(30) -WIL- and Leygoods(36) -WIL- has begun.
    Quentyn Qorgyle(475) hit Lord Leygood(425) 215.
    Lord Leygood(210) hit Quentyn Qorgyle(475) 221.
    ****
    Quentyn Qorgyle(254) took 25 damage as DOT.
    Lord Leygood(210) took 25 damage as DOT.
    Quentyn Qorgyle(229) hit Lord Leygood(185) 215.
    Lord Leygood(-30) hit Quentyn Qorgyle(229) 221.
    ****
    Quentyn Qorgyle(8) has won.
  Duel between Manwoodys(33) -WHI- and Fossoways(30) -WHI- has begun.
    Dagos Manwoody(650) hit Lord Fossoway(625) 193.
    Lord Fossoway(432) hit Dagos Manwoody(650) 190.
    ****
    Dagos Manwoody(460) took 30 damage as DOT.
    Lord Fossoway(432) took 30 damage as DOT.
    Dagos Manwoody(430) hit Lord Fossoway(402) 193.
    Lord Fossoway(209) hit Dagos Manwoody(430) 190.
    ****
    Dagos Manwoody(240) took 60 damage as DOT.
    Lord Fossoway(209) took 60 damage as DOT.
    Dagos Manwoody(180) hit Lord Fossoway(149) 193.
    Lord Fossoway(-44) hit Dagos Manwoody(180) 190.
    ****
    Both of them are dead. A draw.
  Duel between Ullers(30) -WHI- and Beesburys(33) -WIL- has begun.
    Mantral Uller(625) hit Lyman Beesbury(450) 190.
    Lyman Beesbury(260) hit Mantral Uller(625) 218.
    ****
    Mantral Uller(407) took 25 damage as DOT.
    Lyman Beesbury(260) took 30 damage as DOT.
    Mantral Uller(382) hit Lyman Beesbury(230) 190.
    Lyman Beesbury(40) hit Mantral Uller(382) 218.
    ****
    Mantral Uller(164) took 50 damage as DOT.
    Lyman Beesbury(40) took 60 damage as DOT.
    Mantral Uller(114) hit Lyman Beesbury(-20) 190.
    Lyman Beesbury(-210) hit Mantral Uller(114) 218.
    ****
    Both of them are dead. A draw.
  Duel between Qorgyles(27) -WIL- and Fossoways(30) -WHI- has begun.
    Quentyn Qorgyle(475) hit Lord Fossoway(625) 212.
    Lord Fossoway(413) hit Quentyn Qorgyle(475) 190.
    ****
    Quentyn Qorgyle(285) took 30 damage as DOT.
    Lord Fossoway(413) took 25 damage as DOT.
    Quentyn Qorgyle(255) hit Lord Fossoway(388) 212.
    Lord Fossoway(176) hit Quentyn Qorgyle(255) 190.
    ****
    Quentyn Qorgyle(65) took 60 damage as DOT.
    Lord Fossoway(176) took 50 damage as DOT.
    Quentyn Qorgyle(5) hit Lord Fossoway(126) 212.
    Lord Fossoway(-86) hit Quentyn Qorgyle(5) 190.
    ****
    Both of them are dead. A draw.
  Duel between Manwoodys(33) -WHI- and Beesburys(33) -WIL- has begun.
    Dagos Manwoody(650) hit Lyman Beesbury(450) 193.
    Lyman Beesbury(257) hit Dagos Manwoody(650) 218.
    ****
    Dagos Manwoody(432) took 25 damage as DOT.
    Lyman Beesbury(257) took 30 damage as DOT.
    Dagos Manwoody(407) hit Lyman Beesbury(227) 193.
    Lyman Beesbury(34) hit Dagos Manwoody(407) 218.
    ****
    Dagos Manwoody(189) took 50 damage as DOT.
    Lyman Beesbury(34) took 60 damage as DOT.
    Dagos Manwoody(139) hit Lyman Beesbury(-26) 193.
    Lyman Beesbury(-219) hit Dagos Manwoody(139) 218.
    ****
    Both of them are dead. A draw.
  Duel between Ullers(30) -WHI- and Leygoods(33) -WIL- has begun.
    Mantral Uller(625) hit Lord Leygood(425) 190.
    Lord Leygood(235) hit Mantral Uller(625) 218.
    ****
    Mantral Uller(407) took 25 damage as DOT.
    Lord Leygood(235) took 30 damage as DOT.
    Mantral Uller(382) hit Lord Leygood(205) 190.
    Lord Leygood(15) hit Mantral Uller(382) 218.
    ****
    Mantral Uller(164) took 50 damage as DOT.
    Lord Leygood(15) took 60 damage as DOT.
    Mantral Uller(114) hit Lord Leygood(-45) 190.
    Lord Leygood(-235) hit Mantral Uller(114) 218.
    ****
    Both of them are dead. A draw.
  Duel between House Martell(50) -WIL- and House Lannister(59) -WIL- has begun.
    Trystane Martell(425) hit Luthor Tyrell(450) 230.
    Luthor Tyrell(220) hit Trystane Martell(425) 244.
    ****
    Trystane Martell(181) took 25 damage as DOT.
    Luthor Tyrell(220) took 25 damage as DOT.
    Trystane Martell(156) hit Luthor Tyrell(195) 230.
    Luthor Tyrell(-35) hit Trystane Martell(156) 244.
    ****
    Both of them are dead. A draw.
  Dorne got 2 house points. The Reach got 0 house points.

The winner is: Dorne with currently 2 kingdom points.
---------------
---------------
Duel 6: The Vale of Arryn vs The Westernlands
  Duel between Royces(30) -WHI- and Leffords(24) -WIL- has begun.
    Yohn Royce(670) hit Leo Lefford(470) 170.
    Leo Lefford(300) hit Yohn Royce(670) 184.
    ****
    Yohn Royce(486) took 25 damage as DOT.
    Leo Lefford(300) took 30 damage as DOT.
    Yohn Royce(461) hit Leo Lefford(270) 170.
    Leo Lefford(100) hit Yohn Royce(461) 184.
    ****
    Yohn Royce(277) took 50 damage as DOT.
    Leo Lefford(100) took 60 damage as DOT.
    Yohn Royce(227) hit Leo Lefford(40) 170.
    Leo Lefford(-130) hit Yohn Royce(227) 184.
    ****
    Yohn Royce(43) has won.
  Duel between Hunters(30) -WHI- and Paynes(33) -WHI- has begun.
    Eon Hunter(695) hit Ilyn Payne(670) 170.
    Ilyn Payne(500) hit Eon Hunter(695) 173.
    ****
    Eon Hunter(522) took 30 damage as DOT.
    Ilyn Payne(500) took 30 damage as DOT.
    Eon Hunter(492) hit Ilyn Payne(470) 170.
    Ilyn Payne(300) hit Eon Hunter(492) 173.
    ****
    Eon Hunter(319) took 60 damage as DOT.
    Ilyn Payne(300) took 60 damage as DOT.
    Eon Hunter(259) hit Ilyn Payne(240) 170.
    Ilyn Payne(70) hit Eon Hunter(259) 173.
    ****
    Eon Hunter(86) took 90 damage as DOT.
    Ilyn Payne(70) took 90 damage as DOT.
    Eon Hunter(-4) hit Ilyn Payne(-20) 170.
    Ilyn Payne(-190) hit Eon Hunter(-4) 173.
    ****
    Both of them are dead. A draw.
  Duel between Egens(18) -WIL- and Yarwycks(18) -WIL- has begun.
    Vardis Egen(445) hit Othell Yarwyck(445) 178.
    Othell Yarwyck(267) hit Vardis Egen(445) 183.
    ****
    Vardis Egen(262) took 25 damage as DOT.
    Othell Yarwyck(267) took 25 damage as DOT.
    Vardis Egen(237) hit Othell Yarwyck(242) 178.
    Othell Yarwyck(64) hit Vardis Egen(237) 183.
    ****
    Vardis Egen(54) took 50 damage as DOT.
    Othell Yarwyck(64) took 50 damage as DOT.
    Vardis Egen(4) hit Othell Yarwyck(14) 178.
    Othell Yarwyck(-164) hit Vardis Egen(4) 183.
    ****
    Both of them are dead. A draw.
  Duel between Royces(33) -WHI- and Paynes(33) -WHI- has begun.
    Yohn Royce(670) hit Ilyn Payne(670) 173.
    Ilyn Payne(497) hit Yohn Royce(670) 173.
    ****
    Yohn Royce(497) took 30 damage as DOT.
    Ilyn Payne(497) took 30 damage as DOT.
    Yohn Royce(467) hit Ilyn Payne(467) 173.
    Ilyn Payne(294) hit Yohn Royce(467) 173.
    ****
    Yohn Royce(294) took 60 damage as DOT.
    Ilyn Payne(294) took 60 damage as DOT.
    Yohn Royce(234) hit Ilyn Payne(234) 173.
    Ilyn Payne(61) hit Yohn Royce(234) 173.
    ****
    Yohn Royce(61) took 90 damage as DOT.
    Ilyn Payne(61) took 90 damage as DOT.
    Yohn Royce(-29) hit Ilyn Payne(-29) 173.
    Ilyn Payne(-202) hit Yohn Royce(-29) 173.
    ****
    Both of them are dead. A draw.
  Duel between Hunters(30) -WHI- and Yarwycks(18) -WIL- has begun.
    Eon Hunter(695) hit Othell Yarwyck(445) 170.
    Othell Yarwyck(275) hit Eon Hunter(695) 183.
    ****
    Eon Hunter(512) took 25 damage as DOT.
    Othell Yarwyck(275) took 30 damage as DOT.
    Eon Hunter(487) hit Othell Yarwyck(245) 170.
    Othell Yarwyck(75) hit Eon Hunter(487) 183.
    ****
    Eon Hunter(304) took 50 damage as DOT.
    Othell Yarwyck(75) took 60 damage as DOT.
    Eon Hunter(254) hit Othell Yarwyck(15) 170.
    Othell Yarwyck(-155) hit Eon Hunter(254) 183.
    ****
    Eon Hunter(71) has won.
  Duel between Egens(18) -WIL- and Leffords(21) -WIL- has begun.
    Vardis Egen(445) hit Leo Lefford(470) 178.
    Leo Lefford(292) hit Vardis Egen(445) 181.
    ****
    Vardis Egen(264) took 25 damage as DOT.
    Leo Lefford(292) took 25 damage as DOT.
    Vardis Egen(239) hit Leo Lefford(267) 178.
    Leo Lefford(89) hit Vardis Egen(239) 181.
    ****
    Vardis Egen(58) took 50 damage as DOT.
    Leo Lefford(89) took 50 damage as DOT.
    Vardis Egen(8) hit Leo Lefford(39) 178.
    Leo Lefford(-139) hit Vardis Egen(8) 181.
    ****
    Both of them are dead. A draw.
  Duel between Royces(33) -WHI- and Yarwycks(15) -WIL- has begun.
    Yohn Royce(670) hit Othell Yarwyck(445) 173.
    Othell Yarwyck(272) hit Yohn Royce(670) 180.
    ****
    Yohn Royce(490) took 25 damage as DOT.
    Othell Yarwyck(272) took 30 damage as DOT.
    Yohn Royce(465) hit Othell Yarwyck(242) 173.
    Othell Yarwyck(69) hit Yohn Royce(465) 180.
    ****
    Yohn Royce(285) took 50 damage as DOT.
    Othell Yarwyck(69) took 60 damage as DOT.
    Yohn Royce(235) hit Othell Yarwyck(9) 173.
    Othell Yarwyck(-164) hit Yohn Royce(235) 180.
    ****
    Yohn Royce(55) has won.
  Duel between Hunters(33) -WHI- and Leffords(21) -WIL- has begun.
    Eon Hunter(695) hit Leo Lefford(470) 173.
    Leo Lefford(297) hit Eon Hunter(695) 181.
    ****
    Eon Hunter(514) took 25 damage as DOT.
    Leo Lefford(297) took 30 damage as DOT.
    Eon Hunter(489) hit Leo Lefford(267) 173.
    Leo Lefford(94) hit Eon Hunter(489) 181.
    ****
    Eon Hunter(308) took 50 damage as DOT.
    Leo Lefford(94) took 60 damage as DOT.
    Eon Hunter(258) hit Leo Lefford(34) 173.
    Leo Lefford(-139) hit Eon Hunter(258) 181.
    ****
    Eon Hunter(77) has won.
  Duel between Egens(18) -WIL- and Paynes(33) -WHI- has begun.
    Vardis Egen(445) hit Ilyn Payne(670) 178.
    Ilyn Payne(492) hit Vardis Egen(445) 173.
    ****
    Vardis Egen(272) took 30 damage as DOT.
    Ilyn Payne(492) took 25 damage as DOT.
    Vardis Egen(242) hit Ilyn Payne(467) 178.
    Ilyn Payne(289) hit Vardis Egen(242) 173.
    ****
    Vardis Egen(69) took 60 damage as DOT.
    Ilyn Payne(289) took 50 damage as DOT.
    Vardis Egen(9) hit Ilyn Payne(239) 178.
    Ilyn Payne(61) hit Vardis Egen(9) 173.
    ****
    Ilyn Payne(61) has won.
  Duel between House Arryn(50) -WIZ- and House Frey(32) -WIZ- has begun.
    Jon Arryn(545) hit Tyrion Lannister(470) 190.
    Tyrion Lannister(280) hit Jon Arryn(545) 172.
    ****
    Jon Arryn(373) took 20 damage as DOT.
    Tyrion Lannister(280) took 20 damage as DOT.
    Jon Arryn(353) hit Tyrion Lannister(260) 190.
    Tyrion Lannister(70) hit Jon Arryn(353) 172.
    ****
    Jon Arryn(181) took 40 damage as DOT.
    Tyrion Lannister(70) took 40 damage as DOT.
    Jon Arryn(141) hit Tyrion Lannister(30) 190.
    Tyrion Lannister(-160) hit Jon Arryn(141) 172.
    ****
    Both of them are dead. A draw.
  The Vale of Arryn got 4 house points. The Westernlands got 1 house points.

The winner is: The Vale of Arryn with currently 1 kingdom points.
---------------
---------------
Duel 7: The Reach vs The Riverlands
  Duel between Beesburys(33) -WIL- and Brackens(27) -WIZ- has begun.
    Lyman Beesbury(450) hit Jonos Bracken(480) 218.
    Jonos Bracken(262) hit Lyman Beesbury(450) 152.
    ****
    Lyman Beesbury(298) took 20 damage as DOT.
    Jonos Bracken(262) took 25 damage as DOT.
    Lyman Beesbury(278) hit Jonos Bracken(237) 218.
    Jonos Bracken(19) hit Lyman Beesbury(278) 152.
    ****
    Lyman Beesbury(126) took 40 damage as DOT.
    Jonos Bracken(19) took 50 damage as DOT.
    Lyman Beesbury(86) hit Jonos Bracken(-31) 218.
    Jonos Bracken(-249) hit Lyman Beesbury(86) 152.
    ****
    Both of them are dead. A draw.
  Duel between Leygoods(33) -WIL- and Mootons(36) -WHI- has begun.
    Lord Leygood(425) hit William Mooton(655) 218.
    William Mooton(437) hit Lord Leygood(425) 166.
    ****
    Lord Leygood(259) took 30 damage as DOT.
    William Mooton(437) took 25 damage as DOT.
    Lord Leygood(229) hit William Mooton(412) 218.
    William Mooton(194) hit Lord Leygood(229) 166.
    ****
    Lord Leygood(63) took 60 damage as DOT.
    William Mooton(194) took 50 damage as DOT.
    Lord Leygood(3) hit William Mooton(144) 218.
    William Mooton(-74) hit Lord Leygood(3) 166.
    ****
    Both of them are dead. A draw.
  Duel between Fossoways(30) -WHI- and Mallisters(36) -WHI- has begun.
    Lord Fossoway(625) hit Jason Mallister(655) 190.
    Jason Mallister(465) hit Lord Fossoway(625) 166.
    ****
    Lord Fossoway(459) took 30 damage as DOT.
    Jason Mallister(465) took 30 damage as DOT.
    Lord Fossoway(429) hit Jason Mallister(435) 190.
    Jason Mallister(245) hit Lord Fossoway(429) 166.
    ****
    Lord Fossoway(263) took 60 damage as DOT.
    Jason Mallister(245) took 60 damage as DOT.
    Lord Fossoway(203) hit Jason Mallister(185) 190.
    Jason Mallister(-5) hit Lord Fossoway(203) 166.
    ****
    Lord Fossoway(37) has won.
  Duel between Beesburys(33) -WIL- and Mootons(36) -WHI- has begun.
    Lyman Beesbury(450) hit William Mooton(655) 218.
    William Mooton(437) hit Lyman Beesbury(450) 166.
    ****
    Lyman Beesbury(284) took 30 damage as DOT.
    William Mooton(437) took 25 damage as DOT.
    Lyman Beesbury(254) hit William Mooton(412) 218.
    William Mooton(194) hit Lyman Beesbury(254) 166.
    ****
    Lyman Beesbury(88) took 60 damage as DOT.
    William Mooton(194) took 50 damage as DOT.
    Lyman Beesbury(28) hit William Mooton(144) 218.
    William Mooton(-74) hit Lyman Beesbury(28) 166.
    ****
    Both of them are dead. A draw.
  Duel between Leygoods(33) -WIL- and Mallisters(33) -WHI- has begun.
    Lord Leygood(425) hit Jason Mallister(655) 218.
    Jason Mallister(437) hit Lord Leygood(425) 163.
    ****
    Lord Leygood(262) took 30 damage as DOT.
    Jason Mallister(437) took 25 damage as DOT.
    Lord Leygood(232) hit Jason Mallister(412) 218.
    Jason Mallister(194) hit Lord Leygood(232) 163.
    ****
    Lord Leygood(69) took 60 damage as DOT.
    Jason Mallister(194) took 50 damage as DOT.
    Lord Leygood(9) hit Jason Mallister(144) 218.
    Jason Mallister(-74) hit Lord Leygood(9) 163.
    ****
    Both of them are dead. A draw.
  Duel between Fossoways(27) -WHI- and Brackens(27) -WIZ- has begun.
    Lord Fossoway(625) hit Jonos Bracken(480) 187.
    Jonos Bracken(293) hit Lord Fossoway(625) 152.
    ****
    Lord Fossoway(473) took 20 damage as DOT.
    Jonos Bracken(293) took 30 damage as DOT.
    Lord Fossoway(453) hit Jonos Bracken(263) 187.
    Jonos Bracken(76) hit Lord Fossoway(453) 152.
    ****
    Lord Fossoway(301) took 40 damage as DOT.
    Jonos Bracken(76) took 60 damage as DOT.
    Lord Fossoway(261) hit Jonos Bracken(16) 187.
    Jonos Bracken(-171) hit Lord Fossoway(261) 152.
    ****
    Lord Fossoway(109) has won.
  Duel between Beesburys(33) -WIL- and Mallisters(33) -WHI- has begun.
    Lyman Beesbury(450) hit Jason Mallister(655) 218.
    Jason Mallister(437) hit Lyman Beesbury(450) 163.
    ****
    Lyman Beesbury(287) took 30 damage as DOT.
    Jason Mallister(437) took 25 damage as DOT.
    Lyman Beesbury(257) hit Jason Mallister(412) 218.
    Jason Mallister(194) hit Lyman Beesbury(257) 163.
    ****
    Lyman Beesbury(94) took 60 damage as DOT.
    Jason Mallister(194) took 50 damage as DOT.
    Lyman Beesbury(34) hit Jason Mallister(144) 218.
    Jason Mallister(-74) hit Lyman Beesbury(34) 163.
    ****
    Both of them are dead. A draw.
  Duel between Leygoods(33) -WIL- and Brackens(24) -WIZ- has begun.
    Lord Leygood(425) hit Jonos Bracken(480) 218.
    Jonos Bracken(262) hit Lord Leygood(425) 149.
    ****
    Lord Leygood(276) took 20 damage as DOT.
    Jonos Bracken(262) took 25 damage as DOT.
    Lord Leygood(256) hit Jonos Bracken(237) 218.
    Jonos Bracken(19) hit Lord Leygood(256) 149.
    ****
    Lord Leygood(107) took 40 damage as DOT.
    Jonos Bracken(19) took 50 damage as DOT.
    Lord Leygood(67) hit Jonos Bracken(-31) 218.
    Jonos Bracken(-249) hit Lord Leygood(67) 149.
    ****
    Both of them are dead. A draw.
  Duel between Fossoways(30) -WHI- and Mootons(36) -WHI- has begun.
    Lord Fossoway(625) hit William Mooton(655) 190.
    William Mooton(465) hit Lord Fossoway(625) 166.
    ****
    Lord Fossoway(459) took 30 damage as DOT.
    William Mooton(465) took 30 damage as DOT.
    Lord Fossoway(429) hit William Mooton(435) 190.
    William Mooton(245) hit Lord Fossoway(429) 166.
    ****
    Lord Fossoway(263) took 60 damage as DOT.
    William Mooton(245) took 60 damage as DOT.
    Lord Fossoway(203) hit William Mooton(185) 190.
    William Mooton(-5) hit Lord Fossoway(203) 166.
    ****
    Lord Fossoway(37) has won.
  Duel between House Lannister(59) -WIL- and House Bolton(55) -WHI- has begun.
    Luthor Tyrell(450) hit Walder Frey(655) 244.
    Walder Frey(411) hit Luthor Tyrell(450) 185.
    ****
    Luthor Tyrell(265) took 30 damage as DOT.
    Walder Frey(411) took 25 damage as DOT.
    Luthor Tyrell(235) hit Walder Frey(386) 244.
    Walder Frey(142) hit Luthor Tyrell(235) 185.
    ****
    Luthor Tyrell(50) took 60 damage as DOT.
    Walder Frey(142) took 50 damage as DOT.
    Luthor Tyrell(-10) hit Walder Frey(92) 244.
    Walder Frey(-152) hit Luthor Tyrell(-10) 185.
    ****
    Both of them are dead. A draw.
  The Reach got 3 house points. The Riverlands got 0 house points.

The winner is: The Reach with currently 3 kingdom points.
---------------
---------------
Duel 8: Dorne vs The Westernlands
  Duel between Qorgyles(27) -WIL- and Leffords(18) -WIL- has begun.
    Quentyn Qorgyle(475) hit Leo Lefford(470) 212.
    Leo Lefford(258) hit Quentyn Qorgyle(475) 178.
    ****
    Quentyn Qorgyle(297) took 25 damage as DOT.
    Leo Lefford(258) took 25 damage as DOT.
    Quentyn Qorgyle(272) hit Leo Lefford(233) 212.
    Leo Lefford(21) hit Quentyn Qorgyle(272) 178.
    ****
    Quentyn Qorgyle(94) took 50 damage as DOT.
    Leo Lefford(21) took 50 damage as DOT.
    Quentyn Qorgyle(44) hit Leo Lefford(-29) 212.
    Leo Lefford(-241) hit Quentyn Qorgyle(44) 178.
    ****
    Both of them are dead. A draw.
  Duel between Manwoodys(33) -WHI- and Paynes(36) -WHI- has begun.
    Dagos Manwoody(650) hit Ilyn Payne(670) 193.
    Ilyn Payne(477) hit Dagos Manwoody(650) 176.
    ****
    Dagos Manwoody(474) took 30 damage as DOT.
    Ilyn Payne(477) took 30 damage as DOT.
    Dagos Manwoody(444) hit Ilyn Payne(447) 193.
    Ilyn Payne(254) hit Dagos Manwoody(444) 176.
    ****
    Dagos Manwoody(268) took 60 damage as DOT.
    Ilyn Payne(254) took 60 damage as DOT.
    Dagos Manwoody(208) hit Ilyn Payne(194) 193.
    Ilyn Payne(1) hit Dagos Manwoody(208) 176.
    ****
    Dagos Manwoody(32) took 90 damage as DOT.
    Ilyn Payne(1) took 90 damage as DOT.
    Dagos Manwoody(-58) hit Ilyn Payne(-89) 193.
    Ilyn Payne(-282) hit Dagos Manwoody(-58) 176.
    ****
    Both of them are dead. A draw.
  Duel between Ullers(30) -WHI- and Yarwycks(12) -WIL- has begun.
    Mantral Uller(625) hit Othell Yarwyck(445) 190.
    Othell Yarwyck(255) hit Mantral Uller(625) 177.
    ****
    Mantral Uller(448) took 25 damage as DOT.
    Othell Yarwyck(255) took 30 damage as DOT.
    Mantral Uller(423) hit Othell Yarwyck(225) 190.
    Othell Yarwyck(35) hit Mantral Uller(423) 177.
    ****
    Mantral Uller(246) took 50 damage as DOT.
    Othell Yarwyck(35) took 60 damage as DOT.
    Mantral Uller(196) hit Othell Yarwyck(-25) 190.
    Othell Yarwyck(-215) hit Mantral Uller(196) 177.
    ****
    Mantral Uller(19) has won.
  Duel between Qorgyles(27) -WIL- and Paynes(36) -WHI- has begun.
    Quentyn Qorgyle(475) hit Ilyn Payne(670) 212.
    Ilyn Payne(458) hit Quentyn Qorgyle(475) 176.
    ****
    Quentyn Qorgyle(299) took 30 damage as DOT.
    Ilyn Payne(458) took 25 damage as DOT.
    Quentyn Qorgyle(269) hit Ilyn Payne(433) 212.
    Ilyn Payne(221) hit Quentyn Qorgyle(269) 176.
    ****
    Quentyn Qorgyle(93) took 60 damage as DOT.
    Ilyn Payne(221) took 50 damage as DOT.
    Quentyn Qorgyle(33) hit Ilyn Payne(171) 212.
    Ilyn Payne(-41) hit Quentyn Qorgyle(33) 176.
    ****
    Both of them are dead. A draw.
  Duel between Manwoodys(33) -WHI- and Yarwycks(9) -WIL- has begun.
    Dagos Manwoody(650) hit Othell Yarwyck(445) 193.
    Othell Yarwyck(252) hit Dagos Manwoody(650) 174.
    ****
    Dagos Manwoody(476) took 25 damage as DOT.
    Othell Yarwyck(252) took 30 damage as DOT.
    Dagos Manwoody(451) hit Othell Yarwyck(222) 193.
    Othell Yarwyck(29) hit Dagos Manwoody(451) 174.
    ****
    Dagos Manwoody(277) took 50 damage as DOT.
    Othell Yarwyck(29) took 60 damage as DOT.
    Dagos Manwoody(227) hit Othell Yarwyck(-31) 193.
    Othell Yarwyck(-224) hit Dagos Manwoody(227) 174.
    ****
    Dagos Manwoody(53) has won.
  Duel between Ullers(33) -WHI- and Leffords(18) -WIL- has begun.
    Mantral Uller(625) hit Leo Lefford(470) 193.
    Leo Lefford(277) hit Mantral Uller(625) 178.
    ****
    Mantral Uller(447) took 25 damage as DOT.
    Leo Lefford(277) took 30 damage as DOT.
    Mantral Uller(422) hit Leo Lefford(247) 193.
    Leo Lefford(54) hit Mantral Uller(422) 178.
    ****
    Mantral Uller(244) took 50 damage as DOT.
    Leo Lefford(54) took 60 damage as DOT.
    Mantral Uller(194) hit Leo Lefford(-6) 193.
    Leo Lefford(-199) hit Mantral Uller(194) 178.
    ****
    Mantral Uller(16) has won.
  Duel between Qorgyles(27) -WIL- and Yarwycks(6) -WIL- has begun.
    Quentyn Qorgyle(475) hit Othell Yarwyck(445) 212.
    Othell Yarwyck(233) hit Quentyn Qorgyle(475) 171.
    ****
    Quentyn Qorgyle(304) took 25 damage as DOT.
    Othell Yarwyck(233) took 25 damage as DOT.
    Quentyn Qorgyle(279) hit Othell Yarwyck(208) 212.
    Othell Yarwyck(-4) hit Quentyn Qorgyle(279) 171.
    ****
    Quentyn Qorgyle(108) has won.
  Duel between Manwoodys(36) -WHI- and Leffords(15) -WIL- has begun.
    Dagos Manwoody(650) hit Leo Lefford(470) 196.
    Leo Lefford(274) hit Dagos Manwoody(650) 175.
    ****
    Dagos Manwoody(475) took 25 damage as DOT.
    Leo Lefford(274) took 30 damage as DOT.
    Dagos Manwoody(450) hit Leo Lefford(244) 196.
    Leo Lefford(48) hit Dagos Manwoody(450) 175.
    ****
    Dagos Manwoody(275) took 50 damage as DOT.
    Leo Lefford(48) took 60 damage as DOT.
    Dagos Manwoody(225) hit Leo Lefford(-12) 196.
    Leo Lefford(-208) hit Dagos Manwoody(225) 175.
    ****
    Dagos Manwoody(50) has won.
  Duel between Ullers(36) -WHI- and Paynes(36) -WHI- has begun.
    Mantral Uller(625) hit Ilyn Payne(670) 196.
    Ilyn Payne(474) hit Mantral Uller(625) 176.
    ****
    Mantral Uller(449) took 30 damage as DOT.
    Ilyn Payne(474) took 30 damage as DOT.
    Mantral Uller(419) hit Ilyn Payne(444) 196.
    Ilyn Payne(248) hit Mantral Uller(419) 176.
    ****
    Mantral Uller(243) took 60 damage as DOT.
    Ilyn Payne(248) took 60 damage as DOT.
    Mantral Uller(183) hit Ilyn Payne(188) 196.
    Ilyn Payne(-8) hit Mantral Uller(183) 176.
    ****
    Mantral Uller(7) has won.
  Duel between House Martell(50) -WIL- and House Frey(32) -WIZ- has begun.
    Trystane Martell(425) hit Tyrion Lannister(470) 230.
    Tyrion Lannister(240) hit Trystane Martell(425) 172.
    ****
    Trystane Martell(253) took 20 damage as DOT.
    Tyrion Lannister(240) took 25 damage as DOT.
    Trystane Martell(233) hit Tyrion Lannister(215) 230.
    Tyrion Lannister(-15) hit Trystane Martell(233) 172.
    ****
    Trystane Martell(61) has won.
  Dorne got 9 house points. The Westernlands got 0 house points.

The winner is: Dorne with currently 3 kingdom points.
---------------
---------------
Duel 9: The Vale of Arryn vs The Riverlands
  Duel between Royces(36) -WHI- and Brackens(24) -WIZ- has begun.
    Yohn Royce(670) hit Jonos Bracken(480) 176.
    Jonos Bracken(304) hit Yohn Royce(670) 149.
    ****
    Yohn Royce(521) took 20 damage as DOT.
    Jonos Bracken(304) took 30 damage as DOT.
    Yohn Royce(501) hit Jonos Bracken(274) 176.
    Jonos Bracken(98) hit Yohn Royce(501) 149.
    ****
    Yohn Royce(352) took 40 damage as DOT.
    Jonos Bracken(98) took 60 damage as DOT.
    Yohn Royce(312) hit Jonos Bracken(38) 176.
    Jonos Bracken(-138) hit Yohn Royce(312) 149.
    ****
    Yohn Royce(163) has won.
  Duel between Hunters(36) -WHI- and Mootons(33) -WHI- has begun.
    Eon Hunter(695) hit William Mooton(655) 176.
    William Mooton(479) hit Eon Hunter(695) 163.
    ****
    Eon Hunter(532) took 30 damage as DOT.
    William Mooton(479) took 30 damage as DOT.
    Eon Hunter(502) hit William Mooton(449) 176.
    William Mooton(273) hit Eon Hunter(502) 163.
    ****
    Eon Hunter(339) took 60 damage as DOT.
    William Mooton(273) took 60 damage as DOT.
    Eon Hunter(279) hit William Mooton(213) 176.
    William Mooton(37) hit Eon Hunter(279) 163.
    ****
    Eon Hunter(116) took 90 damage as DOT.
    William Mooton(37) took 90 damage as DOT.
    Eon Hunter(26) hit William Mooton(-53) 176.
    William Mooton(-229) hit Eon Hunter(26) 163.
    ****
    Both of them are dead. A draw.
  Duel between Egens(15) -WIL- and Mallisters(33) -WHI- has begun.
    Vardis Egen(445) hit Jason Mallister(655) 175.
    Jason Mallister(480) hit Vardis Egen(445) 163.
    ****
    Vardis Egen(282) took 30 damage as DOT.
    Jason Mallister(480) took 25 damage as DOT.
    Vardis Egen(252) hit Jason Mallister(455) 175.
    Jason Mallister(280) hit Vardis Egen(252) 163.
    ****
    Vardis Egen(89) took 60 damage as DOT.
    Jason Mallister(280) took 50 damage as DOT.
    Vardis Egen(29) hit Jason Mallister(230) 175.
    Jason Mallister(55) hit Vardis Egen(29) 163.
    ****
    Jason Mallister(55) has won.
  Duel between Royces(39) -WHI- and Mootons(33) -WHI- has begun.
    Yohn Royce(670) hit William Mooton(655) 179.
    William Mooton(476) hit Yohn Royce(670) 163.
    ****
    Yohn Royce(507) took 30 damage as DOT.
    William Mooton(476) took 30 damage as DOT.
    Yohn Royce(477) hit William Mooton(446) 179.
    William Mooton(267) hit Yohn Royce(477) 163.
    ****
    Yohn Royce(314) took 60 damage as DOT.
    William Mooton(267) took 60 damage as DOT.
    Yohn Royce(254) hit William Mooton(207) 179.
    William Mooton(28) hit Yohn Royce(254) 163.
    ****
    Yohn Royce(91) took 90 damage as DOT.
    William Mooton(28) took 90 damage as DOT.
    Yohn Royce(1) hit William Mooton(-62) 179.
    William Mooton(-241) hit Yohn Royce(1) 163.
    ****
    Both of them are dead. A draw.
  Duel between Hunters(36) -WHI- and Mallisters(36) -WHI- has begun.
    Eon Hunter(695) hit Jason Mallister(655) 176.
    Jason Mallister(479) hit Eon Hunter(695) 166.
    ****
    Eon Hunter(529) took 30 damage as DOT.
    Jason Mallister(479) took 30 damage as DOT.
    Eon Hunter(499) hit Jason Mallister(449) 176.
    Jason Mallister(273) hit Eon Hunter(499) 166.
    ****
    Eon Hunter(333) took 60 damage as DOT.
    Jason Mallister(273) took 60 damage as DOT.
    Eon Hunter(273) hit Jason Mallister(213) 176.
    Jason Mallister(37) hit Eon Hunter(273) 166.
    ****
    Eon Hunter(107) took 90 damage as DOT.
    Jason Mallister(37) took 90 damage as DOT.
    Eon Hunter(17) hit Jason Mallister(-53) 176.
    Jason Mallister(-229) hit Eon Hunter(17) 166.
    ****
    Both of them are dead. A draw.
  Duel between Egens(12) -WIL- and Brackens(21) -WIZ- has begun.
    Vardis Egen(445) hit Jonos Bracken(480) 172.
    Jonos Bracken(308) hit Vardis Egen(445) 146.
    ****
    Vardis Egen(299) took 20 damage as DOT.
    Jonos Bracken(308) took 25 damage as DOT.
    Vardis Egen(279) hit Jonos Bracken(283) 172.
    Jonos Bracken(111) hit Vardis Egen(279) 146.
    ****
    Vardis Egen(133) took 40 damage as DOT.
    Jonos Bracken(111) took 50 damage as DOT.
    Vardis Egen(93) hit Jonos Bracken(61) 172.
    Jonos Bracken(-111) hit Vardis Egen(93) 146.
    ****
    Both of them are dead. A draw.
  Duel between Royces(39) -WHI- and Mallisters(36) -WHI- has begun.
    Yohn Royce(670) hit Jason Mallister(655) 179.
    Jason Mallister(476) hit Yohn Royce(670) 166.
    ****
    Yohn Royce(504) took 30 damage as DOT.
    Jason Mallister(476) took 30 damage as DOT.
    Yohn Royce(474) hit Jason Mallister(446) 179.
    Jason Mallister(267) hit Yohn Royce(474) 166.
    ****
    Yohn Royce(308) took 60 damage as DOT.
    Jason Mallister(267) took 60 damage as DOT.
    Yohn Royce(248) hit Jason Mallister(207) 179.
    Jason Mallister(28) hit Yohn Royce(248) 166.
    ****
    Yohn Royce(82) took 90 damage as DOT.
    Jason Mallister(28) took 90 damage as DOT.
    Yohn Royce(-8) hit Jason Mallister(-62) 179.
    Jason Mallister(-241) hit Yohn Royce(-8) 166.
    ****
    Both of them are dead. A draw.
  Duel between Hunters(36) -WHI- and Brackens(21) -WIZ- has begun.
    Eon Hunter(695) hit Jonos Bracken(480) 176.
    Jonos Bracken(304) hit Eon Hunter(695) 146.
    ****
    Eon Hunter(549) took 20 damage as DOT.
    Jonos Bracken(304) took 30 damage as DOT.
    Eon Hunter(529) hit Jonos Bracken(274) 176.
    Jonos Bracken(98) hit Eon Hunter(529) 146.
    ****
    Eon Hunter(383) took 40 damage as DOT.
    Jonos Bracken(98) took 60 damage as DOT.
    Eon Hunter(343) hit Jonos Bracken(38) 176.
    Jonos Bracken(-138) hit Eon Hunter(343) 146.
    ****
    Eon Hunter(197) has won.
  Duel between Egens(12) -WIL- and Mootons(33) -WHI- has begun.
    Vardis Egen(445) hit William Mooton(655) 172.
    William Mooton(483) hit Vardis Egen(445) 163.
    ****
    Vardis Egen(282) took 30 damage as DOT.
    William Mooton(483) took 25 damage as DOT.
    Vardis Egen(252) hit William Mooton(458) 172.
    William Mooton(286) hit Vardis Egen(252) 163.
    ****
    Vardis Egen(89) took 60 damage as DOT.
    William Mooton(286) took 50 damage as DOT.
    Vardis Egen(29) hit William Mooton(236) 172.
    William Mooton(64) hit Vardis Egen(29) 163.
    ****
    William Mooton(64) has won.
  Duel between House Arryn(50) -WIZ- and House Bolton(55) -WHI- has begun.
    Jon Arryn(545) hit Walder Frey(655) 190.
    Walder Frey(465) hit Jon Arryn(545) 185.
    ****
    Jon Arryn(360) took 30 damage as DOT.
    Walder Frey(465) took 20 damage as DOT.
    Jon Arryn(330) hit Walder Frey(445) 190.
    Walder Frey(255) hit Jon Arryn(330) 185.
    ****
    Jon Arryn(145) took 60 damage as DOT.
    Walder Frey(255) took 40 damage as DOT.
    Jon Arryn(85) hit Walder Frey(215) 190.
    Walder Frey(25) hit Jon Arryn(85) 185.
    ****
    Walder Frey(25) has won.
  The Vale of Arryn got 2 house points. The Riverlands got 5 house points.

The winner is: The Riverlands with currently 2 kingdom points.
---------------
---------------
Duel 10: Dorne vs The Riverlands
  Duel between Qorgyles(30) -WIL- and Brackens(18) -WIZ- has begun.
    Quentyn Qorgyle(475) hit Jonos Bracken(480) 215.
    Jonos Bracken(265) hit Quentyn Qorgyle(475) 143.
    ****
    Quentyn Qorgyle(332) took 20 damage as DOT.
    Jonos Bracken(265) took 25 damage as DOT.
    Quentyn Qorgyle(312) hit Jonos Bracken(240) 215.
    Jonos Bracken(25) hit Quentyn Qorgyle(312) 143.
    ****
    Quentyn Qorgyle(169) took 40 damage as DOT.
    Jonos Bracken(25) took 50 damage as DOT.
    Quentyn Qorgyle(129) hit Jonos Bracken(-25) 215.
    Jonos Bracken(-240) hit Quentyn Qorgyle(129) 143.
    ****
    Both of them are dead. A draw.
  Duel between Manwoodys(39) -WHI- and Mootons(36) -WHI- has begun.
    Dagos Manwoody(650) hit William Mooton(655) 199.
    William Mooton(456) hit Dagos Manwoody(650) 166.
    ****
    Dagos Manwoody(484) took 30 damage as DOT.
    William Mooton(456) took 30 damage as DOT.
    Dagos Manwoody(454) hit William Mooton(426) 199.
    William Mooton(227) hit Dagos Manwoody(454) 166.
    ****
    Dagos Manwoody(288) took 60 damage as DOT.
    William Mooton(227) took 60 damage as DOT.
    Dagos Manwoody(228) hit William Mooton(167) 199.
    William Mooton(-32) hit Dagos Manwoody(228) 166.
    ****
    Dagos Manwoody(62) has won.
  Duel between Ullers(39) -WHI- and Mallisters(36) -WHI- has begun.
    Mantral Uller(625) hit Jason Mallister(655) 199.
    Jason Mallister(456) hit Mantral Uller(625) 166.
    ****
    Mantral Uller(459) took 30 damage as DOT.
    Jason Mallister(456) took 30 damage as DOT.
    Mantral Uller(429) hit Jason Mallister(426) 199.
    Jason Mallister(227) hit Mantral Uller(429) 166.
    ****
    Mantral Uller(263) took 60 damage as DOT.
    Jason Mallister(227) took 60 damage as DOT.
    Mantral Uller(203) hit Jason Mallister(167) 199.
    Jason Mallister(-32) hit Mantral Uller(203) 166.
    ****
    Mantral Uller(37) has won.
  Duel between Qorgyles(30) -WIL- and Mootons(33) -WHI- has begun.
    Quentyn Qorgyle(475) hit William Mooton(655) 215.
    William Mooton(440) hit Quentyn Qorgyle(475) 163.
    ****
    Quentyn Qorgyle(312) took 30 damage as DOT.
    William Mooton(440) took 25 damage as DOT.
    Quentyn Qorgyle(282) hit William Mooton(415) 215.
    William Mooton(200) hit Quentyn Qorgyle(282) 163.
    ****
    Quentyn Qorgyle(119) took 60 damage as DOT.
    William Mooton(200) took 50 damage as DOT.
    Quentyn Qorgyle(59) hit William Mooton(150) 215.
    William Mooton(-65) hit Quentyn Qorgyle(59) 163.
    ****
    Both of them are dead. A draw.
  Duel between Manwoodys(42) -WHI- and Mallisters(33) -WHI- has begun.
    Dagos Manwoody(650) hit Jason Mallister(655) 202.
    Jason Mallister(453) hit Dagos Manwoody(650) 163.
    ****
    Dagos Manwoody(487) took 30 damage as DOT.
    Jason Mallister(453) took 30 damage as DOT.
    Dagos Manwoody(457) hit Jason Mallister(423) 202.
    Jason Mallister(221) hit Dagos Manwoody(457) 163.
    ****
    Dagos Manwoody(294) took 60 damage as DOT.
    Jason Mallister(221) took 60 damage as DOT.
    Dagos Manwoody(234) hit Jason Mallister(161) 202.
    Jason Mallister(-41) hit Dagos Manwoody(234) 163.
    ****
    Dagos Manwoody(71) has won.
  Duel between Ullers(42) -WHI- and Brackens(18) -WIZ- has begun.
    Mantral Uller(625) hit Jonos Bracken(480) 202.
    Jonos Bracken(278) hit Mantral Uller(625) 143.
    ****
    Mantral Uller(482) took 20 damage as DOT.
    Jonos Bracken(278) took 30 damage as DOT.
    Mantral Uller(462) hit Jonos Bracken(248) 202.
    Jonos Bracken(46) hit Mantral Uller(462) 143.
    ****
    Mantral Uller(319) took 40 damage as DOT.
    Jonos Bracken(46) took 60 damage as DOT.
    Mantral Uller(279) hit Jonos Bracken(-14) 202.
    Jonos Bracken(-216) hit Mantral Uller(279) 143.
    ****
    Mantral Uller(136) has won.
  Duel between Qorgyles(30) -WIL- and Mallisters(30) -WHI- has begun.
    Quentyn Qorgyle(475) hit Jason Mallister(655) 215.
    Jason Mallister(440) hit Quentyn Qorgyle(475) 160.
    ****
    Quentyn Qorgyle(315) took 30 damage as DOT.
    Jason Mallister(440) took 25 damage as DOT.
    Quentyn Qorgyle(285) hit Jason Mallister(415) 215.
    Jason Mallister(200) hit Quentyn Qorgyle(285) 160.
    ****
    Quentyn Qorgyle(125) took 60 damage as DOT.
    Jason Mallister(200) took 50 damage as DOT.
    Quentyn Qorgyle(65) hit Jason Mallister(150) 215.
    Jason Mallister(-65) hit Quentyn Qorgyle(65) 160.
    ****
    Both of them are dead. A draw.
  Duel between Manwoodys(45) -WHI- and Brackens(15) -WIZ- has begun.
    Dagos Manwoody(650) hit Jonos Bracken(480) 205.
    Jonos Bracken(275) hit Dagos Manwoody(650) 140.
    ****
    Dagos Manwoody(510) took 20 damage as DOT.
    Jonos Bracken(275) took 30 damage as DOT.
    Dagos Manwoody(490) hit Jonos Bracken(245) 205.
    Jonos Bracken(40) hit Dagos Manwoody(490) 140.
    ****
    Dagos Manwoody(350) took 40 damage as DOT.
    Jonos Bracken(40) took 60 damage as DOT.
    Dagos Manwoody(310) hit Jonos Bracken(-20) 205.
    Jonos Bracken(-225) hit Dagos Manwoody(310) 140.
    ****
    Dagos Manwoody(170) has won.
  Duel between Ullers(45) -WHI- and Mootons(33) -WHI- has begun.
    Mantral Uller(625) hit William Mooton(655) 205.
    William Mooton(450) hit Mantral Uller(625) 163.
    ****
    Mantral Uller(462) took 30 damage as DOT.
    William Mooton(450) took 30 damage as DOT.
    Mantral Uller(432) hit William Mooton(420) 205.
    William Mooton(215) hit Mantral Uller(432) 163.
    ****
    Mantral Uller(269) took 60 damage as DOT.
    William Mooton(215) took 60 damage as DOT.
    Mantral Uller(209) hit William Mooton(155) 205.
    William Mooton(-50) hit Mantral Uller(209) 163.
    ****
    Mantral Uller(46) has won.
  Duel between House Martell(59) -WIL- and House Bolton(60) -WHI- has begun.
    Trystane Martell(425) hit Walder Frey(655) 239.
    Walder Frey(416) hit Trystane Martell(425) 190.
    ****
    Trystane Martell(235) took 30 damage as DOT.
    Walder Frey(416) took 25 damage as DOT.
    Trystane Martell(205) hit Walder Frey(391) 239.
    Walder Frey(152) hit Trystane Martell(205) 190.
    ****
    Trystane Martell(15) took 60 damage as DOT.
    Walder Frey(152) took 50 damage as DOT.
    Trystane Martell(-45) hit Walder Frey(102) 239.
    Walder Frey(-137) hit Trystane Martell(-45) 190.
    ****
    Both of them are dead. A draw.
  Dorne got 6 house points. The Riverlands got 0 house points.

The winner is: Dorne with currently 4 kingdom points.
---------------
The War is over. The new owner of King's Landing is Dorne with a total of 4 points.

