War has started with 6 kingdoms.
---------------
Duel 1: The Crownlands vs The Iron Islands
  Duel between Thornes(30) -WIZ- and Blacktydes(30) -WIZ- has begun.
    Alliser Thorne(470) hit Baelor Blacktyde(480) 175.
    Baelor Blacktyde(305) hit Alliser Thorne(470) 215.
    ****
    Alliser Thorne(255) took 20 damage as DOT.
    Baelor Blacktyde(305) took 20 damage as DOT.
    Alliser Thorne(235) hit Baelor Blacktyde(285) 175.
    Baelor Blacktyde(110) hit Alliser Thorne(235) 215.
    ****
    Alliser Thorne(20) took 40 damage as DOT.
    Baelor Blacktyde(110) took 40 damage as DOT.
    Alliser Thorne(-20) hit Baelor Blacktyde(70) 175.
    Baelor Blacktyde(-105) hit Alliser Thorne(-20) 215.
    ****
    Both of them are dead. A draw.
  Duel between Gaunts(30) -WIZ- and Merlyns(30) -WIZ- has begun.
    Gwayne Gaunt(545) hit Meldred Merlyn(430) 175.
    Meldred Merlyn(255) hit Gwayne Gaunt(545) 215.
    ****
    Gwayne Gaunt(330) took 20 damage as DOT.
    Meldred Merlyn(255) took 20 damage as DOT.
    Gwayne Gaunt(310) hit Meldred Merlyn(235) 175.
    Meldred Merlyn(60) hit Gwayne Gaunt(310) 215.
    ****
    Gwayne Gaunt(95) took 40 damage as DOT.
    Meldred Merlyn(60) took 40 damage as DOT.
    Gwayne Gaunt(55) hit Meldred Merlyn(20) 175.
    Meldred Merlyn(-155) hit Gwayne Gaunt(55) 215.
    ****
    Both of them are dead. A draw.
  Duel between Rosbys(30) -WIZ- and Harlaws(30) -WIL- has begun.
    Gyles Rosby(470) hit Alannys Harlaw(455) 180.
    Alannys Harlaw(275) hit Gyles Rosby(470) 235.
    ****
    Gyles Rosby(235) took 25 damage as DOT.
    Alannys Harlaw(275) took 20 damage as DOT.
    Gyles Rosby(210) hit Alannys Harlaw(255) 180.
    Alannys Harlaw(75) hit Gyles Rosby(210) 235.
    ****
    Alannys Harlaw(75) has won.
  Duel between Thornes(30) -WIZ- and Merlyns(30) -WIZ- has begun.
    Alliser Thorne(470) hit Meldred Merlyn(430) 175.
    Meldred Merlyn(255) hit Alliser Thorne(470) 215.
    ****
    Alliser Thorne(255) took 20 damage as DOT.
    Meldred Merlyn(255) took 20 damage as DOT.
    Alliser Thorne(235) hit Meldred Merlyn(235) 175.
    Meldred Merlyn(60) hit Alliser Thorne(235) 215.
    ****
    Alliser Thorne(20) took 40 damage as DOT.
    Meldred Merlyn(60) took 40 damage as DOT.
    Alliser Thorne(-20) hit Meldred Merlyn(20) 175.
    Meldred Merlyn(-155) hit Alliser Thorne(-20) 215.
    ****
    Both of them are dead. A draw.
  Duel between Gaunts(30) -WIZ- and Harlaws(33) -WIL- has begun.
    Gwayne Gaunt(545) hit Alannys Harlaw(455) 175.
    Alannys Harlaw(280) hit Gwayne Gaunt(545) 238.
    ****
    Gwayne Gaunt(307) took 25 damage as DOT.
    Alannys Harlaw(280) took 20 damage as DOT.
    Gwayne Gaunt(282) hit Alannys Harlaw(260) 175.
    Alannys Harlaw(85) hit Gwayne Gaunt(282) 238.
    ****
    Gwayne Gaunt(44) took 50 damage as DOT.
    Alannys Harlaw(85) took 40 damage as DOT.
    Gwayne Gaunt(-6) hit Alannys Harlaw(45) 175.
    Alannys Harlaw(-130) hit Gwayne Gaunt(-6) 238.
    ****
    Both of them are dead. A draw.
  Duel between Rosbys(27) -WIZ- and Blacktydes(30) -WIZ- has begun.
    Gyles Rosby(470) hit Baelor Blacktyde(480) 177.
    Baelor Blacktyde(303) hit Gyles Rosby(470) 215.
    ****
    Gyles Rosby(255) took 20 damage as DOT.
    Baelor Blacktyde(303) took 20 damage as DOT.
    Gyles Rosby(235) hit Baelor Blacktyde(283) 177.
    Baelor Blacktyde(106) hit Gyles Rosby(235) 215.
    ****
    Gyles Rosby(20) took 40 damage as DOT.
    Baelor Blacktyde(106) took 40 damage as DOT.
    Gyles Rosby(-20) hit Baelor Blacktyde(66) 177.
    Baelor Blacktyde(-111) hit Gyles Rosby(-20) 215.
    ****
    Both of them are dead. A draw.
  Duel between Thornes(30) -WIZ- and Harlaws(33) -WIL- has begun.
    Alliser Thorne(470) hit Alannys Harlaw(455) 175.
    Alannys Harlaw(280) hit Alliser Thorne(470) 238.
    ****
    Alliser Thorne(232) took 25 damage as DOT.
    Alannys Harlaw(280) took 20 damage as DOT.
    Alliser Thorne(207) hit Alannys Harlaw(260) 175.
    Alannys Harlaw(85) hit Alliser Thorne(207) 238.
    ****
    Alannys Harlaw(85) has won.
  Duel between Gaunts(30) -WIZ- and Blacktydes(30) -WIZ- has begun.
    Gwayne Gaunt(545) hit Baelor Blacktyde(480) 175.
    Baelor Blacktyde(305) hit Gwayne Gaunt(545) 215.
    ****
    Gwayne Gaunt(330) took 20 damage as DOT.
    Baelor Blacktyde(305) took 20 damage as DOT.
    Gwayne Gaunt(310) hit Baelor Blacktyde(285) 175.
    Baelor Blacktyde(110) hit Gwayne Gaunt(310) 215.
    ****
    Gwayne Gaunt(95) took 40 damage as DOT.
    Baelor Blacktyde(110) took 40 damage as DOT.
    Gwayne Gaunt(55) hit Baelor Blacktyde(70) 175.
    Baelor Blacktyde(-105) hit Gwayne Gaunt(55) 215.
    ****
    Both of them are dead. A draw.
  Duel between Rosbys(27) -WIZ- and Merlyns(30) -WIZ- has begun.
    Gyles Rosby(470) hit Meldred Merlyn(430) 177.
    Meldred Merlyn(253) hit Gyles Rosby(470) 215.
    ****
    Gyles Rosby(255) took 20 damage as DOT.
    Meldred Merlyn(253) took 20 damage as DOT.
    Gyles Rosby(235) hit Meldred Merlyn(233) 177.
    Meldred Merlyn(56) hit Gyles Rosby(235) 215.
    ****
    Gyles Rosby(20) took 40 damage as DOT.
    Meldred Merlyn(56) took 40 damage as DOT.
    Gyles Rosby(-20) hit Meldred Merlyn(16) 177.
    Meldred Merlyn(-161) hit Gyles Rosby(-20) 215.
    ****
    Both of them are dead. A draw.
  Duel between House Baratheon(50) -WIL- and House Greyjoy(50) -WIL- has begun.
    Aegon Targaryen(470) hit Rodrik Greyjoy(405) 215.
    Rodrik Greyjoy(190) hit Aegon Targaryen(470) 255.
    ****
    Aegon Targaryen(215) took 25 damage as DOT.
    Rodrik Greyjoy(190) took 25 damage as DOT.
    Aegon Targaryen(190) hit Rodrik Greyjoy(165) 215.
    Rodrik Greyjoy(-50) hit Aegon Targaryen(190) 255.
    ****
    Both of them are dead. A draw.
  The Crownlands got 0 house points. The Iron Islands got 2 house points.

The winner is: The Iron Islands with currently 1 kingdom points.
---------------
---------------
Duel 2: The Iron Islands vs The North
  Duel between Blacktydes(30) -WIZ- and Umbers(30) -WHI- has begun.
    Baelor Blacktyde(480) hit Greatjon Umber(600) 215.
    Greatjon Umber(385) hit Baelor Blacktyde(480) 120.
    ****
    Baelor Blacktyde(360) took 30 damage as DOT.
    Greatjon Umber(385) took 20 damage as DOT.
    Baelor Blacktyde(330) hit Greatjon Umber(365) 215.
    Greatjon Umber(150) hit Baelor Blacktyde(330) 120.
    ****
    Baelor Blacktyde(210) took 60 damage as DOT.
    Greatjon Umber(150) took 40 damage as DOT.
    Baelor Blacktyde(150) hit Greatjon Umber(110) 215.
    Greatjon Umber(-105) hit Baelor Blacktyde(150) 120.
    ****
    Baelor Blacktyde(30) has won.
  Duel between Merlyns(30) -WIZ- and Manderlys(30) -WIL- has begun.
    Meldred Merlyn(430) hit Wendel Manderly(450) 215.
    Wendel Manderly(235) hit Meldred Merlyn(430) 145.
    ****
    Meldred Merlyn(285) took 25 damage as DOT.
    Wendel Manderly(235) took 20 damage as DOT.
    Meldred Merlyn(260) hit Wendel Manderly(215) 215.
    Wendel Manderly(0) hit Meldred Merlyn(260) 145.
    ****
    Meldred Merlyn(115) has won.
  Duel between Harlaws(36) -WIL- and Dormunds(30) -WIZ- has begun.
    Alannys Harlaw(455) hit Marlin Dormund(500) 241.
    Marlin Dormund(259) hit Alannys Harlaw(455) 130.
    ****
    Alannys Harlaw(325) took 20 damage as DOT.
    Marlin Dormund(259) took 25 damage as DOT.
    Alannys Harlaw(305) hit Marlin Dormund(234) 241.
    Marlin Dormund(-7) hit Alannys Harlaw(305) 130.
    ****
    Alannys Harlaw(175) has won.
  Duel between Blacktydes(33) -WIZ- and Manderlys(27) -WIL- has begun.
    Baelor Blacktyde(480) hit Wendel Manderly(450) 218.
    Wendel Manderly(232) hit Baelor Blacktyde(480) 142.
    ****
    Baelor Blacktyde(338) took 25 damage as DOT.
    Wendel Manderly(232) took 20 damage as DOT.
    Baelor Blacktyde(313) hit Wendel Manderly(212) 218.
    Wendel Manderly(-6) hit Baelor Blacktyde(313) 142.
    ****
    Baelor Blacktyde(171) has won.
  Duel between Merlyns(33) -WIZ- and Dormunds(27) -WIZ- has begun.
    Meldred Merlyn(430) hit Marlin Dormund(500) 218.
    Marlin Dormund(282) hit Meldred Merlyn(430) 127.
    ****
    Meldred Merlyn(303) took 20 damage as DOT.
    Marlin Dormund(282) took 20 damage as DOT.
    Meldred Merlyn(283) hit Marlin Dormund(262) 218.
    Marlin Dormund(44) hit Meldred Merlyn(283) 127.
    ****
    Meldred Merlyn(156) took 40 damage as DOT.
    Marlin Dormund(44) took 40 damage as DOT.
    Meldred Merlyn(116) hit Marlin Dormund(4) 218.
    Marlin Dormund(-214) hit Meldred Merlyn(116) 127.
    ****
    Both of them are dead. A draw.
  Duel between Harlaws(39) -WIL- and Umbers(27) -WHI- has begun.
    Alannys Harlaw(455) hit Greatjon Umber(600) 244.
    Greatjon Umber(356) hit Alannys Harlaw(455) 117.
    ****
    Alannys Harlaw(338) took 30 damage as DOT.
    Greatjon Umber(356) took 25 damage as DOT.
    Alannys Harlaw(308) hit Greatjon Umber(331) 244.
    Greatjon Umber(87) hit Alannys Harlaw(308) 117.
    ****
    Alannys Harlaw(191) took 60 damage as DOT.
    Greatjon Umber(87) took 50 damage as DOT.
    Alannys Harlaw(131) hit Greatjon Umber(37) 244.
    Greatjon Umber(-207) hit Alannys Harlaw(131) 117.
    ****
    Alannys Harlaw(14) has won.
  Duel between Blacktydes(36) -WIZ- and Dormunds(27) -WIZ- has begun.
    Baelor Blacktyde(480) hit Marlin Dormund(500) 221.
    Marlin Dormund(279) hit Baelor Blacktyde(480) 127.
    ****
    Baelor Blacktyde(353) took 20 damage as DOT.
    Marlin Dormund(279) took 20 damage as DOT.
    Baelor Blacktyde(333) hit Marlin Dormund(259) 221.
    Marlin Dormund(38) hit Baelor Blacktyde(333) 127.
    ****
    Baelor Blacktyde(206) took 40 damage as DOT.
    Marlin Dormund(38) took 40 damage as DOT.
    Baelor Blacktyde(166) hit Marlin Dormund(-2) 221.
    Marlin Dormund(-223) hit Baelor Blacktyde(166) 127.
    ****
    Baelor Blacktyde(39) has won.
  Duel between Merlyns(33) -WIZ- and Umbers(24) -WHI- has begun.
    Meldred Merlyn(430) hit Greatjon Umber(600) 218.
    Greatjon Umber(382) hit Meldred Merlyn(430) 114.
    ****
    Meldred Merlyn(316) took 30 damage as DOT.
    Greatjon Umber(382) took 20 damage as DOT.
    Meldred Merlyn(286) hit Greatjon Umber(362) 218.
    Greatjon Umber(144) hit Meldred Merlyn(286) 114.
    ****
    Meldred Merlyn(172) took 60 damage as DOT.
    Greatjon Umber(144) took 40 damage as DOT.
    Meldred Merlyn(112) hit Greatjon Umber(104) 218.
    Greatjon Umber(-114) hit Meldred Merlyn(112) 114.
    ****
    Both of them are dead. A draw.
  Duel between Harlaws(42) -WIL- and Manderlys(24) -WIL- has begun.
    Alannys Harlaw(455) hit Wendel Manderly(450) 247.
    Wendel Manderly(203) hit Alannys Harlaw(455) 139.
    ****
    Alannys Harlaw(316) took 25 damage as DOT.
    Wendel Manderly(203) took 25 damage as DOT.
    Alannys Harlaw(291) hit Wendel Manderly(178) 247.
    Wendel Manderly(-69) hit Alannys Harlaw(291) 139.
    ****
    Alannys Harlaw(152) has won.
  Duel between House Greyjoy(50) -WIL- and House Stark(50) -WIL- has begun.
    Rodrik Greyjoy(405) hit Robb Stark(475) 255.
    Robb Stark(220) hit Rodrik Greyjoy(405) 165.
    ****
    Rodrik Greyjoy(240) took 25 damage as DOT.
    Robb Stark(220) took 25 damage as DOT.
    Rodrik Greyjoy(215) hit Robb Stark(195) 255.
    Robb Stark(-60) hit Rodrik Greyjoy(215) 165.
    ****
    Rodrik Greyjoy(50) has won.
  The Iron Islands got 10 house points. The North got 0 house points.

The winner is: The Iron Islands with currently 2 kingdom points.
---------------
---------------
Duel 3: The North vs The Westernlands
  Duel between Umbers(24) -WHI- and Serretts(30) -WIL- has begun.
    Greatjon Umber(600) hit Lord Serrett(458) 114.
    Lord Serrett(344) hit Greatjon Umber(600) 173.
    ****
    Greatjon Umber(427) took 25 damage as DOT.
    Lord Serrett(344) took 30 damage as DOT.
    Greatjon Umber(402) hit Lord Serrett(314) 114.
    Lord Serrett(200) hit Greatjon Umber(402) 173.
    ****
    Greatjon Umber(229) took 50 damage as DOT.
    Lord Serrett(200) took 60 damage as DOT.
    Greatjon Umber(179) hit Lord Serrett(140) 114.
    Lord Serrett(26) hit Greatjon Umber(179) 173.
    ****
    Greatjon Umber(6) took 75 damage as DOT.
    Lord Serrett(26) took 90 damage as DOT.
    Greatjon Umber(-69) hit Lord Serrett(-64) 114.
    Lord Serrett(-178) hit Greatjon Umber(-69) 173.
    ****
    Both of them are dead. A draw.
  Duel between Manderlys(21) -WIL- and Marbrands(30) -WHI- has begun.
    Wendel Manderly(450) hit Damon Marbrand(658) 136.
    Damon Marbrand(522) hit Wendel Manderly(450) 153.
    ****
    Wendel Manderly(297) took 30 damage as DOT.
    Damon Marbrand(522) took 25 damage as DOT.
    Wendel Manderly(267) hit Damon Marbrand(497) 136.
    Damon Marbrand(361) hit Wendel Manderly(267) 153.
    ****
    Wendel Manderly(114) took 60 damage as DOT.
    Damon Marbrand(361) took 50 damage as DOT.
    Wendel Manderly(54) hit Damon Marbrand(311) 136.
    Damon Marbrand(175) hit Wendel Manderly(54) 153.
    ****
    Damon Marbrand(175) has won.
  Duel between Dormunds(24) -WIZ- and Yarwycks(30) -WIZ- has begun.
    Marlin Dormund(500) hit Othell Yarwyck(508) 124.
    Othell Yarwyck(384) hit Marlin Dormund(500) 153.
    ****
    Marlin Dormund(347) took 20 damage as DOT.
    Othell Yarwyck(384) took 20 damage as DOT.
    Marlin Dormund(327) hit Othell Yarwyck(364) 124.
    Othell Yarwyck(240) hit Marlin Dormund(327) 153.
    ****
    Marlin Dormund(174) took 40 damage as DOT.
    Othell Yarwyck(240) took 40 damage as DOT.
    Marlin Dormund(134) hit Othell Yarwyck(200) 124.
    Othell Yarwyck(76) hit Marlin Dormund(134) 153.
    ****
    Othell Yarwyck(76) has won.
  Duel between Umbers(24) -WHI- and Marbrands(33) -WHI- has begun.
    Greatjon Umber(600) hit Damon Marbrand(658) 114.
    Damon Marbrand(544) hit Greatjon Umber(600) 156.
    ****
    Greatjon Umber(444) took 30 damage as DOT.
    Damon Marbrand(544) took 30 damage as DOT.
    Greatjon Umber(414) hit Damon Marbrand(514) 114.
    Damon Marbrand(400) hit Greatjon Umber(414) 156.
    ****
    Greatjon Umber(258) took 60 damage as DOT.
    Damon Marbrand(400) took 60 damage as DOT.
    Greatjon Umber(198) hit Damon Marbrand(340) 114.
    Damon Marbrand(226) hit Greatjon Umber(198) 156.
    ****
    Greatjon Umber(42) took 90 damage as DOT.
    Damon Marbrand(226) took 90 damage as DOT.
    Greatjon Umber(-48) hit Damon Marbrand(136) 114.
    Damon Marbrand(22) hit Greatjon Umber(-48) 156.
    ****
    Damon Marbrand(22) has won.
  Duel between Manderlys(18) -WIL- and Yarwycks(33) -WIZ- has begun.
    Wendel Manderly(450) hit Othell Yarwyck(508) 133.
    Othell Yarwyck(375) hit Wendel Manderly(450) 156.
    ****
    Wendel Manderly(294) took 20 damage as DOT.
    Othell Yarwyck(375) took 25 damage as DOT.
    Wendel Manderly(274) hit Othell Yarwyck(350) 133.
    Othell Yarwyck(217) hit Wendel Manderly(274) 156.
    ****
    Wendel Manderly(118) took 40 damage as DOT.
    Othell Yarwyck(217) took 50 damage as DOT.
    Wendel Manderly(78) hit Othell Yarwyck(167) 133.
    Othell Yarwyck(34) hit Wendel Manderly(78) 156.
    ****
    Othell Yarwyck(34) has won.
  Duel between Dormunds(21) -WIZ- and Serretts(30) -WIL- has begun.
    Marlin Dormund(500) hit Lord Serrett(458) 121.
    Lord Serrett(337) hit Marlin Dormund(500) 173.
    ****
    Marlin Dormund(327) took 25 damage as DOT.
    Lord Serrett(337) took 20 damage as DOT.
    Marlin Dormund(302) hit Lord Serrett(317) 121.
    Lord Serrett(196) hit Marlin Dormund(302) 173.
    ****
    Marlin Dormund(129) took 50 damage as DOT.
    Lord Serrett(196) took 40 damage as DOT.
    Marlin Dormund(79) hit Lord Serrett(156) 121.
    Lord Serrett(35) hit Marlin Dormund(79) 173.
    ****
    Lord Serrett(35) has won.
  Duel between Umbers(21) -WHI- and Yarwycks(36) -WIZ- has begun.
    Greatjon Umber(600) hit Othell Yarwyck(508) 111.
    Othell Yarwyck(397) hit Greatjon Umber(600) 159.
    ****
    Greatjon Umber(441) took 20 damage as DOT.
    Othell Yarwyck(397) took 30 damage as DOT.
    Greatjon Umber(421) hit Othell Yarwyck(367) 111.
    Othell Yarwyck(256) hit Greatjon Umber(421) 159.
    ****
    Greatjon Umber(262) took 40 damage as DOT.
    Othell Yarwyck(256) took 60 damage as DOT.
    Greatjon Umber(222) hit Othell Yarwyck(196) 111.
    Othell Yarwyck(85) hit Greatjon Umber(222) 159.
    ****
    Greatjon Umber(63) took 60 damage as DOT.
    Othell Yarwyck(85) took 90 damage as DOT.
    Greatjon Umber(3) hit Othell Yarwyck(-5) 111.
    Othell Yarwyck(-116) hit Greatjon Umber(3) 159.
    ****
    Both of them are dead. A draw.
  Duel between Manderlys(15) -WIL- and Serretts(33) -WIL- has begun.
    Wendel Manderly(450) hit Lord Serrett(458) 130.
    Lord Serrett(328) hit Wendel Manderly(450) 176.
    ****
    Wendel Manderly(274) took 25 damage as DOT.
    Lord Serrett(328) took 25 damage as DOT.
    Wendel Manderly(249) hit Lord Serrett(303) 130.
    Lord Serrett(173) hit Wendel Manderly(249) 176.
    ****
    Wendel Manderly(73) took 50 damage as DOT.
    Lord Serrett(173) took 50 damage as DOT.
    Wendel Manderly(23) hit Lord Serrett(123) 130.
    Lord Serrett(-7) hit Wendel Manderly(23) 176.
    ****
    Both of them are dead. A draw.
  Duel between Dormunds(18) -WIZ- and Marbrands(36) -WHI- has begun.
    Marlin Dormund(500) hit Damon Marbrand(658) 118.
    Damon Marbrand(540) hit Marlin Dormund(500) 159.
    ****
    Marlin Dormund(341) took 30 damage as DOT.
    Damon Marbrand(540) took 20 damage as DOT.
    Marlin Dormund(311) hit Damon Marbrand(520) 118.
    Damon Marbrand(402) hit Marlin Dormund(311) 159.
    ****
    Marlin Dormund(152) took 60 damage as DOT.
    Damon Marbrand(402) took 40 damage as DOT.
    Marlin Dormund(92) hit Damon Marbrand(362) 118.
    Damon Marbrand(244) hit Marlin Dormund(92) 159.
    ****
    Damon Marbrand(244) has won.
  Duel between House Stark(37) -WIL- and House Frey(50) -WIZ- has begun.
    Robb Stark(475) hit Tyrion Lannister(558) 152.
    Tyrion Lannister(406) hit Robb Stark(475) 168.
    ****
    Robb Stark(307) took 20 damage as DOT.
    Tyrion Lannister(406) took 25 damage as DOT.
    Robb Stark(287) hit Tyrion Lannister(381) 152.
    Tyrion Lannister(229) hit Robb Stark(287) 168.
    ****
    Robb Stark(119) took 40 damage as DOT.
    Tyrion Lannister(229) took 50 damage as DOT.
    Robb Stark(79) hit Tyrion Lannister(179) 152.
    Tyrion Lannister(27) hit Robb Stark(79) 168.
    ****
    Tyrion Lannister(27) has won.
  The North got 0 house points. The Westernlands got 9 house points.

The winner is: The Westernlands with currently 1 kingdom points.
---------------
---------------
Duel 4: The Westernlands vs The Reach
  Duel between Serretts(33) -WIL- and Redwynes(30) -WIL- has begun.
    Lord Serrett(458) hit Paxter Redwyne(458) 176.
    Paxter Redwyne(282) hit Lord Serrett(458) 178.
    ****
    Lord Serrett(280) took 25 damage as DOT.
    Paxter Redwyne(282) took 25 damage as DOT.
    Lord Serrett(255) hit Paxter Redwyne(257) 176.
    Paxter Redwyne(81) hit Lord Serrett(255) 178.
    ****
    Lord Serrett(77) took 50 damage as DOT.
    Paxter Redwyne(81) took 50 damage as DOT.
    Lord Serrett(27) hit Paxter Redwyne(31) 176.
    Paxter Redwyne(-145) hit Lord Serrett(27) 178.
    ****
    Both of them are dead. A draw.
  Duel between Marbrands(39) -WHI- and Hightowers(30) -WHI- has begun.
    Damon Marbrand(658) hit Leyton Hightower(633) 162.
    Leyton Hightower(471) hit Damon Marbrand(658) 153.
    ****
    Damon Marbrand(505) took 30 damage as DOT.
    Leyton Hightower(471) took 30 damage as DOT.
    Damon Marbrand(475) hit Leyton Hightower(441) 162.
    Leyton Hightower(279) hit Damon Marbrand(475) 153.
    ****
    Damon Marbrand(322) took 60 damage as DOT.
    Leyton Hightower(279) took 60 damage as DOT.
    Damon Marbrand(262) hit Leyton Hightower(219) 162.
    Leyton Hightower(57) hit Damon Marbrand(262) 153.
    ****
    Damon Marbrand(109) took 90 damage as DOT.
    Leyton Hightower(57) took 90 damage as DOT.
    Damon Marbrand(19) hit Leyton Hightower(-33) 162.
    Leyton Hightower(-195) hit Damon Marbrand(19) 153.
    ****
    Both of them are dead. A draw.
  Duel between Yarwycks(36) -WIZ- and Florents(30) -WIZ- has begun.
    Othell Yarwyck(508) hit Axell Florent(558) 159.
    Axell Florent(399) hit Othell Yarwyck(508) 148.
    ****
    Othell Yarwyck(360) took 20 damage as DOT.
    Axell Florent(399) took 20 damage as DOT.
    Othell Yarwyck(340) hit Axell Florent(379) 159.
    Axell Florent(220) hit Othell Yarwyck(340) 148.
    ****
    Othell Yarwyck(192) took 40 damage as DOT.
    Axell Florent(220) took 40 damage as DOT.
    Othell Yarwyck(152) hit Axell Florent(180) 159.
    Axell Florent(21) hit Othell Yarwyck(152) 148.
    ****
    Othell Yarwyck(4) took 60 damage as DOT.
    Axell Florent(21) took 60 damage as DOT.
    Othell Yarwyck(-56) hit Axell Florent(-39) 159.
    Axell Florent(-198) hit Othell Yarwyck(-56) 148.
    ****
    Both of them are dead. A draw.
  Duel between Serretts(33) -WIL- and Hightowers(30) -WHI- has begun.
    Lord Serrett(458) hit Leyton Hightower(633) 176.
    Leyton Hightower(457) hit Lord Serrett(458) 153.
    ****
    Lord Serrett(305) took 30 damage as DOT.
    Leyton Hightower(457) took 25 damage as DOT.
    Lord Serrett(275) hit Leyton Hightower(432) 176.
    Leyton Hightower(256) hit Lord Serrett(275) 153.
    ****
    Lord Serrett(122) took 60 damage as DOT.
    Leyton Hightower(256) took 50 damage as DOT.
    Lord Serrett(62) hit Leyton Hightower(206) 176.
    Leyton Hightower(30) hit Lord Serrett(62) 153.
    ****
    Leyton Hightower(30) has won.
  Duel between Marbrands(39) -WHI- and Florents(30) -WIZ- has begun.
    Damon Marbrand(658) hit Axell Florent(558) 162.
    Axell Florent(396) hit Damon Marbrand(658) 148.
    ****
    Damon Marbrand(510) took 20 damage as DOT.
    Axell Florent(396) took 30 damage as DOT.
    Damon Marbrand(490) hit Axell Florent(366) 162.
    Axell Florent(204) hit Damon Marbrand(490) 148.
    ****
    Damon Marbrand(342) took 40 damage as DOT.
    Axell Florent(204) took 60 damage as DOT.
    Damon Marbrand(302) hit Axell Florent(144) 162.
    Axell Florent(-18) hit Damon Marbrand(302) 148.
    ****
    Damon Marbrand(154) has won.
  Duel between Yarwycks(36) -WIZ- and Redwynes(30) -WIL- has begun.
    Othell Yarwyck(508) hit Paxter Redwyne(458) 159.
    Paxter Redwyne(299) hit Othell Yarwyck(508) 178.
    ****
    Othell Yarwyck(330) took 25 damage as DOT.
    Paxter Redwyne(299) took 20 damage as DOT.
    Othell Yarwyck(305) hit Paxter Redwyne(279) 159.
    Paxter Redwyne(120) hit Othell Yarwyck(305) 178.
    ****
    Othell Yarwyck(127) took 50 damage as DOT.
    Paxter Redwyne(120) took 40 damage as DOT.
    Othell Yarwyck(77) hit Paxter Redwyne(80) 159.
    Paxter Redwyne(-79) hit Othell Yarwyck(77) 178.
    ****
    Both of them are dead. A draw.
  Duel between Serretts(30) -WIL- and Florents(27) -WIZ- has begun.
    Lord Serrett(458) hit Axell Florent(558) 173.
    Axell Florent(385) hit Lord Serrett(458) 145.
    ****
    Lord Serrett(313) took 20 damage as DOT.
    Axell Florent(385) took 25 damage as DOT.
    Lord Serrett(293) hit Axell Florent(360) 173.
    Axell Florent(187) hit Lord Serrett(293) 145.
    ****
    Lord Serrett(148) took 40 damage as DOT.
    Axell Florent(187) took 50 damage as DOT.
    Lord Serrett(108) hit Axell Florent(137) 173.
    Axell Florent(-36) hit Lord Serrett(108) 145.
    ****
    Both of them are dead. A draw.
  Duel between Marbrands(42) -WHI- and Redwynes(30) -WIL- has begun.
    Damon Marbrand(658) hit Paxter Redwyne(458) 165.
    Paxter Redwyne(293) hit Damon Marbrand(658) 178.
    ****
    Damon Marbrand(480) took 25 damage as DOT.
    Paxter Redwyne(293) took 30 damage as DOT.
    Damon Marbrand(455) hit Paxter Redwyne(263) 165.
    Paxter Redwyne(98) hit Damon Marbrand(455) 178.
    ****
    Damon Marbrand(277) took 50 damage as DOT.
    Paxter Redwyne(98) took 60 damage as DOT.
    Damon Marbrand(227) hit Paxter Redwyne(38) 165.
    Paxter Redwyne(-127) hit Damon Marbrand(227) 178.
    ****
    Damon Marbrand(49) has won.
  Duel between Yarwycks(36) -WIZ- and Hightowers(27) -WHI- has begun.
    Othell Yarwyck(508) hit Leyton Hightower(633) 159.
    Leyton Hightower(474) hit Othell Yarwyck(508) 150.
    ****
    Othell Yarwyck(358) took 30 damage as DOT.
    Leyton Hightower(474) took 20 damage as DOT.
    Othell Yarwyck(328) hit Leyton Hightower(454) 159.
    Leyton Hightower(295) hit Othell Yarwyck(328) 150.
    ****
    Othell Yarwyck(178) took 60 damage as DOT.
    Leyton Hightower(295) took 40 damage as DOT.
    Othell Yarwyck(118) hit Leyton Hightower(255) 159.
    Leyton Hightower(96) hit Othell Yarwyck(118) 150.
    ****
    Leyton Hightower(96) has won.
  Duel between House Frey(55) -WIZ- and House Lannister(50) -WIL- has begun.
    Tyrion Lannister(558) hit Loras Tyrell(458) 173.
    Loras Tyrell(285) hit Tyrion Lannister(558) 193.
    ****
    Tyrion Lannister(365) took 25 damage as DOT.
    Loras Tyrell(285) took 20 damage as DOT.
    Tyrion Lannister(340) hit Loras Tyrell(265) 173.
    Loras Tyrell(92) hit Tyrion Lannister(340) 193.
    ****
    Tyrion Lannister(147) took 50 damage as DOT.
    Loras Tyrell(92) took 40 damage as DOT.
    Tyrion Lannister(97) hit Loras Tyrell(52) 173.
    Loras Tyrell(-121) hit Tyrion Lannister(97) 193.
    ****
    Both of them are dead. A draw.
  The Westernlands got 2 house points. The Reach got 2 house points.

A draw.
---------------
---------------
Duel 5: The Reach vs The Riverlands
  Duel between Redwynes(27) -WIL- and Mallisters(30) -WIL- has begun.
    Paxter Redwyne(458) hit Jason Mallister(450) 175.
    Jason Mallister(275) hit Paxter Redwyne(458) 140.
    ****
    Paxter Redwyne(318) took 25 damage as DOT.
    Jason Mallister(275) took 25 damage as DOT.
    Paxter Redwyne(293) hit Jason Mallister(250) 175.
    Jason Mallister(75) hit Paxter Redwyne(293) 140.
    ****
    Paxter Redwyne(153) took 50 damage as DOT.
    Jason Mallister(75) took 50 damage as DOT.
    Paxter Redwyne(103) hit Jason Mallister(25) 175.
    Jason Mallister(-150) hit Paxter Redwyne(103) 140.
    ****
    Both of them are dead. A draw.
  Duel between Hightowers(25) -WHI- and Brackens(30) -WIL- has begun.
    Leyton Hightower(633) hit Jonos Bracken(450) 148.
    Jonos Bracken(302) hit Leyton Hightower(633) 145.
    ****
    Leyton Hightower(488) took 25 damage as DOT.
    Jonos Bracken(302) took 30 damage as DOT.
    Leyton Hightower(463) hit Jonos Bracken(272) 148.
    Jonos Bracken(124) hit Leyton Hightower(463) 145.
    ****
    Leyton Hightower(318) took 50 damage as DOT.
    Jonos Bracken(124) took 60 damage as DOT.
    Leyton Hightower(268) hit Jonos Bracken(64) 148.
    Jonos Bracken(-84) hit Leyton Hightower(268) 145.
    ****
    Leyton Hightower(123) has won.
  Duel between Florents(27) -WIZ- and Blackwoods(30) -WIL- has begun.
    Axell Florent(558) hit Tytos Blackwood(450) 145.
    Tytos Blackwood(305) hit Axell Florent(558) 145.
    ****
    Axell Florent(413) took 25 damage as DOT.
    Tytos Blackwood(305) took 20 damage as DOT.
    Axell Florent(388) hit Tytos Blackwood(285) 145.
    Tytos Blackwood(140) hit Axell Florent(388) 145.
    ****
    Axell Florent(243) took 50 damage as DOT.
    Tytos Blackwood(140) took 40 damage as DOT.
    Axell Florent(193) hit Tytos Blackwood(100) 145.
    Tytos Blackwood(-45) hit Axell Florent(193) 145.
    ****
    Axell Florent(48) has won.
  Duel between Redwynes(27) -WIL- and Brackens(27) -WIL- has begun.
    Paxter Redwyne(458) hit Jonos Bracken(450) 175.
    Jonos Bracken(275) hit Paxter Redwyne(458) 142.
    ****
    Paxter Redwyne(316) took 25 damage as DOT.
    Jonos Bracken(275) took 25 damage as DOT.
    Paxter Redwyne(291) hit Jonos Bracken(250) 175.
    Jonos Bracken(75) hit Paxter Redwyne(291) 142.
    ****
    Paxter Redwyne(149) took 50 damage as DOT.
    Jonos Bracken(75) took 50 damage as DOT.
    Paxter Redwyne(99) hit Jonos Bracken(25) 175.
    Jonos Bracken(-150) hit Paxter Redwyne(99) 142.
    ****
    Both of them are dead. A draw.
  Duel between Hightowers(23) -WHI- and Blackwoods(27) -WIL- has begun.
    Leyton Hightower(633) hit Tytos Blackwood(450) 146.
    Tytos Blackwood(304) hit Leyton Hightower(633) 142.
    ****
    Leyton Hightower(491) took 25 damage as DOT.
    Tytos Blackwood(304) took 30 damage as DOT.
    Leyton Hightower(466) hit Tytos Blackwood(274) 146.
    Tytos Blackwood(128) hit Leyton Hightower(466) 142.
    ****
    Leyton Hightower(324) took 50 damage as DOT.
    Tytos Blackwood(128) took 60 damage as DOT.
    Leyton Hightower(274) hit Tytos Blackwood(68) 146.
    Tytos Blackwood(-78) hit Leyton Hightower(274) 142.
    ****
    Leyton Hightower(132) has won.
  Duel between Florents(25) -WIZ- and Mallisters(30) -WIL- has begun.
    Axell Florent(558) hit Jason Mallister(450) 143.
    Jason Mallister(307) hit Axell Florent(558) 140.
    ****
    Axell Florent(418) took 25 damage as DOT.
    Jason Mallister(307) took 20 damage as DOT.
    Axell Florent(393) hit Jason Mallister(287) 143.
    Jason Mallister(144) hit Axell Florent(393) 140.
    ****
    Axell Florent(253) took 50 damage as DOT.
    Jason Mallister(144) took 40 damage as DOT.
    Axell Florent(203) hit Jason Mallister(104) 143.
    Jason Mallister(-39) hit Axell Florent(203) 140.
    ****
    Axell Florent(63) has won.
  Duel between Redwynes(27) -WIL- and Blackwoods(24) -WIL- has begun.
    Paxter Redwyne(458) hit Tytos Blackwood(450) 175.
    Tytos Blackwood(275) hit Paxter Redwyne(458) 139.
    ****
    Paxter Redwyne(319) took 25 damage as DOT.
    Tytos Blackwood(275) took 25 damage as DOT.
    Paxter Redwyne(294) hit Tytos Blackwood(250) 175.
    Tytos Blackwood(75) hit Paxter Redwyne(294) 139.
    ****
    Paxter Redwyne(155) took 50 damage as DOT.
    Tytos Blackwood(75) took 50 damage as DOT.
    Paxter Redwyne(105) hit Tytos Blackwood(25) 175.
    Tytos Blackwood(-150) hit Paxter Redwyne(105) 139.
    ****
    Both of them are dead. A draw.
  Duel between Hightowers(22) -WHI- and Mallisters(27) -WIL- has begun.
    Leyton Hightower(633) hit Jason Mallister(450) 145.
    Jason Mallister(305) hit Leyton Hightower(633) 137.
    ****
    Leyton Hightower(496) took 25 damage as DOT.
    Jason Mallister(305) took 30 damage as DOT.
    Leyton Hightower(471) hit Jason Mallister(275) 145.
    Jason Mallister(130) hit Leyton Hightower(471) 137.
    ****
    Leyton Hightower(334) took 50 damage as DOT.
    Jason Mallister(130) took 60 damage as DOT.
    Leyton Hightower(284) hit Jason Mallister(70) 145.
    Jason Mallister(-75) hit Leyton Hightower(284) 137.
    ****
    Leyton Hightower(147) has won.
  Duel between Florents(23) -WIZ- and Brackens(27) -WIL- has begun.
    Axell Florent(558) hit Jonos Bracken(450) 141.
    Jonos Bracken(309) hit Axell Florent(558) 142.
    ****
    Axell Florent(416) took 25 damage as DOT.
    Jonos Bracken(309) took 20 damage as DOT.
    Axell Florent(391) hit Jonos Bracken(289) 141.
    Jonos Bracken(148) hit Axell Florent(391) 142.
    ****
    Axell Florent(249) took 50 damage as DOT.
    Jonos Bracken(148) took 40 damage as DOT.
    Axell Florent(199) hit Jonos Bracken(108) 141.
    Jonos Bracken(-33) hit Axell Florent(199) 142.
    ****
    Axell Florent(57) has won.
  Duel between House Lannister(50) -WIL- and House Bolton(50) -WHI- has begun.
    Loras Tyrell(458) hit Walder Frey(650) 193.
    Walder Frey(457) hit Loras Tyrell(458) 140.
    ****
    Loras Tyrell(318) took 30 damage as DOT.
    Walder Frey(457) took 25 damage as DOT.
    Loras Tyrell(288) hit Walder Frey(432) 193.
    Walder Frey(239) hit Loras Tyrell(288) 140.
    ****
    Loras Tyrell(148) took 60 damage as DOT.
    Walder Frey(239) took 50 damage as DOT.
    Loras Tyrell(88) hit Walder Frey(189) 193.
    Walder Frey(-4) hit Loras Tyrell(88) 140.
    ****
    Both of them are dead. A draw.
  The Reach got 6 house points. The Riverlands got 0 house points.

The winner is: The Reach with currently 2 kingdom points.
---------------
---------------
Duel 6: The Crownlands vs The North
  Duel between Thornes(27) -WIZ- and Umbers(21) -WHI- has begun.
    Alliser Thorne(470) hit Greatjon Umber(600) 172.
    Greatjon Umber(428) hit Alliser Thorne(470) 111.
    ****
    Alliser Thorne(359) took 30 damage as DOT.
    Greatjon Umber(428) took 20 damage as DOT.
    Alliser Thorne(329) hit Greatjon Umber(408) 172.
    Greatjon Umber(236) hit Alliser Thorne(329) 111.
    ****
    Alliser Thorne(218) took 60 damage as DOT.
    Greatjon Umber(236) took 40 damage as DOT.
    Alliser Thorne(158) hit Greatjon Umber(196) 172.
    Greatjon Umber(24) hit Alliser Thorne(158) 111.
    ****
    Alliser Thorne(47) took 90 damage as DOT.
    Greatjon Umber(24) took 60 damage as DOT.
    Alliser Thorne(-43) hit Greatjon Umber(-36) 172.
    Greatjon Umber(-208) hit Alliser Thorne(-43) 111.
    ****
    Both of them are dead. A draw.
  Duel between Gaunts(30) -WIZ- and Manderlys(15) -WIL- has begun.
    Gwayne Gaunt(545) hit Wendel Manderly(450) 175.
    Wendel Manderly(275) hit Gwayne Gaunt(545) 130.
    ****
    Gwayne Gaunt(415) took 25 damage as DOT.
    Wendel Manderly(275) took 20 damage as DOT.
    Gwayne Gaunt(390) hit Wendel Manderly(255) 175.
    Wendel Manderly(80) hit Gwayne Gaunt(390) 130.
    ****
    Gwayne Gaunt(260) took 50 damage as DOT.
    Wendel Manderly(80) took 40 damage as DOT.
    Gwayne Gaunt(210) hit Wendel Manderly(40) 175.
    Wendel Manderly(-135) hit Gwayne Gaunt(210) 130.
    ****
    Gwayne Gaunt(80) has won.
  Duel between Rosbys(27) -WIZ- and Dormunds(15) -WIZ- has begun.
    Gyles Rosby(470) hit Marlin Dormund(500) 177.
    Marlin Dormund(323) hit Gyles Rosby(470) 115.
    ****
    Gyles Rosby(355) took 20 damage as DOT.
    Marlin Dormund(323) took 20 damage as DOT.
    Gyles Rosby(335) hit Marlin Dormund(303) 177.
    Marlin Dormund(126) hit Gyles Rosby(335) 115.
    ****
    Gyles Rosby(220) took 40 damage as DOT.
    Marlin Dormund(126) took 40 damage as DOT.
    Gyles Rosby(180) hit Marlin Dormund(86) 177.
    Marlin Dormund(-91) hit Gyles Rosby(180) 115.
    ****
    Gyles Rosby(65) has won.
  Duel between Thornes(27) -WIZ- and Manderlys(12) -WIL- has begun.
    Alliser Thorne(470) hit Wendel Manderly(450) 172.
    Wendel Manderly(278) hit Alliser Thorne(470) 127.
    ****
    Alliser Thorne(343) took 25 damage as DOT.
    Wendel Manderly(278) took 20 damage as DOT.
    Alliser Thorne(318) hit Wendel Manderly(258) 172.
    Wendel Manderly(86) hit Alliser Thorne(318) 127.
    ****
    Alliser Thorne(191) took 50 damage as DOT.
    Wendel Manderly(86) took 40 damage as DOT.
    Alliser Thorne(141) hit Wendel Manderly(46) 172.
    Wendel Manderly(-126) hit Alliser Thorne(141) 127.
    ****
    Alliser Thorne(14) has won.
  Duel between Gaunts(33) -WIZ- and Dormunds(12) -WIZ- has begun.
    Gwayne Gaunt(545) hit Marlin Dormund(500) 178.
    Marlin Dormund(322) hit Gwayne Gaunt(545) 112.
    ****
    Gwayne Gaunt(433) took 20 damage as DOT.
    Marlin Dormund(322) took 20 damage as DOT.
    Gwayne Gaunt(413) hit Marlin Dormund(302) 178.
    Marlin Dormund(124) hit Gwayne Gaunt(413) 112.
    ****
    Gwayne Gaunt(301) took 40 damage as DOT.
    Marlin Dormund(124) took 40 damage as DOT.
    Gwayne Gaunt(261) hit Marlin Dormund(84) 178.
    Marlin Dormund(-94) hit Gwayne Gaunt(261) 112.
    ****
    Gwayne Gaunt(149) has won.
  Duel between Rosbys(30) -WIZ- and Umbers(21) -WHI- has begun.
    Gyles Rosby(470) hit Greatjon Umber(600) 180.
    Greatjon Umber(420) hit Gyles Rosby(470) 111.
    ****
    Gyles Rosby(359) took 30 damage as DOT.
    Greatjon Umber(420) took 20 damage as DOT.
    Gyles Rosby(329) hit Greatjon Umber(400) 180.
    Greatjon Umber(220) hit Gyles Rosby(329) 111.
    ****
    Gyles Rosby(218) took 60 damage as DOT.
    Greatjon Umber(220) took 40 damage as DOT.
    Gyles Rosby(158) hit Greatjon Umber(180) 180.
    Greatjon Umber(0) hit Gyles Rosby(158) 111.
    ****
    Gyles Rosby(47) has won.
  Duel between Thornes(30) -WIZ- and Dormunds(9) -WIZ- has begun.
    Alliser Thorne(470) hit Marlin Dormund(500) 175.
    Marlin Dormund(325) hit Alliser Thorne(470) 109.
    ****
    Alliser Thorne(361) took 20 damage as DOT.
    Marlin Dormund(325) took 20 damage as DOT.
    Alliser Thorne(341) hit Marlin Dormund(305) 175.
    Marlin Dormund(130) hit Alliser Thorne(341) 109.
    ****
    Alliser Thorne(232) took 40 damage as DOT.
    Marlin Dormund(130) took 40 damage as DOT.
    Alliser Thorne(192) hit Marlin Dormund(90) 175.
    Marlin Dormund(-85) hit Alliser Thorne(192) 109.
    ****
    Alliser Thorne(83) has won.
  Duel between Gaunts(36) -WIZ- and Umbers(18) -WHI- has begun.
    Gwayne Gaunt(545) hit Greatjon Umber(600) 181.
    Greatjon Umber(419) hit Gwayne Gaunt(545) 108.
    ****
    Gwayne Gaunt(437) took 30 damage as DOT.
    Greatjon Umber(419) took 20 damage as DOT.
    Gwayne Gaunt(407) hit Greatjon Umber(399) 181.
    Greatjon Umber(218) hit Gwayne Gaunt(407) 108.
    ****
    Gwayne Gaunt(299) took 60 damage as DOT.
    Greatjon Umber(218) took 40 damage as DOT.
    Gwayne Gaunt(239) hit Greatjon Umber(178) 181.
    Greatjon Umber(-3) hit Gwayne Gaunt(239) 108.
    ****
    Gwayne Gaunt(131) has won.
  Duel between Rosbys(33) -WIZ- and Manderlys(9) -WIL- has begun.
    Gyles Rosby(470) hit Wendel Manderly(450) 183.
    Wendel Manderly(267) hit Gyles Rosby(470) 124.
    ****
    Gyles Rosby(346) took 25 damage as DOT.
    Wendel Manderly(267) took 20 damage as DOT.
    Gyles Rosby(321) hit Wendel Manderly(247) 183.
    Wendel Manderly(64) hit Gyles Rosby(321) 124.
    ****
    Gyles Rosby(197) took 50 damage as DOT.
    Wendel Manderly(64) took 40 damage as DOT.
    Gyles Rosby(147) hit Wendel Manderly(24) 183.
    Wendel Manderly(-159) hit Gyles Rosby(147) 124.
    ****
    Gyles Rosby(23) has won.
  Duel between House Baratheon(50) -WIL- and House Stark(32) -WIL- has begun.
    Aegon Targaryen(470) hit Robb Stark(475) 215.
    Robb Stark(260) hit Aegon Targaryen(470) 147.
    ****
    Aegon Targaryen(323) took 25 damage as DOT.
    Robb Stark(260) took 25 damage as DOT.
    Aegon Targaryen(298) hit Robb Stark(235) 215.
    Robb Stark(20) hit Aegon Targaryen(298) 147.
    ****
    Aegon Targaryen(151) took 50 damage as DOT.
    Robb Stark(20) took 50 damage as DOT.
    Aegon Targaryen(101) hit Robb Stark(-30) 215.
    Robb Stark(-245) hit Aegon Targaryen(101) 147.
    ****
    Both of them are dead. A draw.
  The Crownlands got 8 house points. The North got 0 house points.

The winner is: The Crownlands with currently 1 kingdom points.
---------------
---------------
Duel 7: The Iron Islands vs The Westernlands
  Duel between Blacktydes(39) -WIZ- and Serretts(30) -WIL- has begun.
    Baelor Blacktyde(480) hit Lord Serrett(458) 224.
    Lord Serrett(234) hit Baelor Blacktyde(480) 173.
    ****
    Baelor Blacktyde(307) took 25 damage as DOT.
    Lord Serrett(234) took 20 damage as DOT.
    Baelor Blacktyde(282) hit Lord Serrett(214) 224.
    Lord Serrett(-10) hit Baelor Blacktyde(282) 173.
    ****
    Baelor Blacktyde(109) has won.
  Duel between Merlyns(33) -WIZ- and Marbrands(45) -WHI- has begun.
    Meldred Merlyn(430) hit Damon Marbrand(658) 218.
    Damon Marbrand(440) hit Meldred Merlyn(430) 168.
    ****
    Meldred Merlyn(262) took 30 damage as DOT.
    Damon Marbrand(440) took 20 damage as DOT.
    Meldred Merlyn(232) hit Damon Marbrand(420) 218.
    Damon Marbrand(202) hit Meldred Merlyn(232) 168.
    ****
    Meldred Merlyn(64) took 60 damage as DOT.
    Damon Marbrand(202) took 40 damage as DOT.
    Meldred Merlyn(4) hit Damon Marbrand(162) 218.
    Damon Marbrand(-56) hit Meldred Merlyn(4) 168.
    ****
    Both of them are dead. A draw.
  Duel between Harlaws(45) -WIL- and Yarwycks(33) -WIZ- has begun.
    Alannys Harlaw(455) hit Othell Yarwyck(508) 250.
    Othell Yarwyck(258) hit Alannys Harlaw(455) 156.
    ****
    Alannys Harlaw(299) took 20 damage as DOT.
    Othell Yarwyck(258) took 25 damage as DOT.
    Alannys Harlaw(279) hit Othell Yarwyck(233) 250.
    Othell Yarwyck(-17) hit Alannys Harlaw(279) 156.
    ****
    Alannys Harlaw(123) has won.
  Duel between Blacktydes(42) -WIZ- and Marbrands(45) -WHI- has begun.
    Baelor Blacktyde(480) hit Damon Marbrand(658) 227.
    Damon Marbrand(431) hit Baelor Blacktyde(480) 168.
    ****
    Baelor Blacktyde(312) took 30 damage as DOT.
    Damon Marbrand(431) took 20 damage as DOT.
    Baelor Blacktyde(282) hit Damon Marbrand(411) 227.
    Damon Marbrand(184) hit Baelor Blacktyde(282) 168.
    ****
    Baelor Blacktyde(114) took 60 damage as DOT.
    Damon Marbrand(184) took 40 damage as DOT.
    Baelor Blacktyde(54) hit Damon Marbrand(144) 227.
    Damon Marbrand(-83) hit Baelor Blacktyde(54) 168.
    ****
    Both of them are dead. A draw.
  Duel between Merlyns(33) -WIZ- and Yarwycks(30) -WIZ- has begun.
    Meldred Merlyn(430) hit Othell Yarwyck(508) 218.
    Othell Yarwyck(290) hit Meldred Merlyn(430) 153.
    ****
    Meldred Merlyn(277) took 20 damage as DOT.
    Othell Yarwyck(290) took 20 damage as DOT.
    Meldred Merlyn(257) hit Othell Yarwyck(270) 218.
    Othell Yarwyck(52) hit Meldred Merlyn(257) 153.
    ****
    Meldred Merlyn(104) took 40 damage as DOT.
    Othell Yarwyck(52) took 40 damage as DOT.
    Meldred Merlyn(64) hit Othell Yarwyck(12) 218.
    Othell Yarwyck(-206) hit Meldred Merlyn(64) 153.
    ****
    Both of them are dead. A draw.
  Duel between Harlaws(48) -WIL- and Serretts(27) -WIL- has begun.
    Alannys Harlaw(455) hit Lord Serrett(458) 253.
    Lord Serrett(205) hit Alannys Harlaw(455) 170.
    ****
    Alannys Harlaw(285) took 25 damage as DOT.
    Lord Serrett(205) took 25 damage as DOT.
    Alannys Harlaw(260) hit Lord Serrett(180) 253.
    Lord Serrett(-73) hit Alannys Harlaw(260) 170.
    ****
    Alannys Harlaw(90) has won.
  Duel between Blacktydes(42) -WIZ- and Yarwycks(30) -WIZ- has begun.
    Baelor Blacktyde(480) hit Othell Yarwyck(508) 227.
    Othell Yarwyck(281) hit Baelor Blacktyde(480) 153.
    ****
    Baelor Blacktyde(327) took 20 damage as DOT.
    Othell Yarwyck(281) took 20 damage as DOT.
    Baelor Blacktyde(307) hit Othell Yarwyck(261) 227.
    Othell Yarwyck(34) hit Baelor Blacktyde(307) 153.
    ****
    Baelor Blacktyde(154) took 40 damage as DOT.
    Othell Yarwyck(34) took 40 damage as DOT.
    Baelor Blacktyde(114) hit Othell Yarwyck(-6) 227.
    Othell Yarwyck(-233) hit Baelor Blacktyde(114) 153.
    ****
    Both of them are dead. A draw.
  Duel between Merlyns(33) -WIZ- and Serretts(24) -WIL- has begun.
    Meldred Merlyn(430) hit Lord Serrett(458) 218.
    Lord Serrett(240) hit Meldred Merlyn(430) 167.
    ****
    Meldred Merlyn(263) took 25 damage as DOT.
    Lord Serrett(240) took 20 damage as DOT.
    Meldred Merlyn(238) hit Lord Serrett(220) 218.
    Lord Serrett(2) hit Meldred Merlyn(238) 167.
    ****
    Meldred Merlyn(71) took 50 damage as DOT.
    Lord Serrett(2) took 40 damage as DOT.
    Meldred Merlyn(21) hit Lord Serrett(-38) 218.
    Lord Serrett(-256) hit Meldred Merlyn(21) 167.
    ****
    Both of them are dead. A draw.
  Duel between Harlaws(51) -WIL- and Marbrands(45) -WHI- has begun.
    Alannys Harlaw(455) hit Damon Marbrand(658) 256.
    Damon Marbrand(402) hit Alannys Harlaw(455) 168.
    ****
    Alannys Harlaw(287) took 30 damage as DOT.
    Damon Marbrand(402) took 25 damage as DOT.
    Alannys Harlaw(257) hit Damon Marbrand(377) 256.
    Damon Marbrand(121) hit Alannys Harlaw(257) 168.
    ****
    Alannys Harlaw(89) took 60 damage as DOT.
    Damon Marbrand(121) took 50 damage as DOT.
    Alannys Harlaw(29) hit Damon Marbrand(71) 256.
    Damon Marbrand(-185) hit Alannys Harlaw(29) 168.
    ****
    Both of them are dead. A draw.
  Duel between House Greyjoy(59) -WIL- and House Frey(55) -WIZ- has begun.
    Rodrik Greyjoy(405) hit Tyrion Lannister(558) 264.
    Tyrion Lannister(294) hit Rodrik Greyjoy(405) 173.
    ****
    Rodrik Greyjoy(232) took 20 damage as DOT.
    Tyrion Lannister(294) took 25 damage as DOT.
    Rodrik Greyjoy(212) hit Tyrion Lannister(269) 264.
    Tyrion Lannister(5) hit Rodrik Greyjoy(212) 173.
    ****
    Rodrik Greyjoy(39) took 40 damage as DOT.
    Tyrion Lannister(5) took 50 damage as DOT.
    Rodrik Greyjoy(-1) hit Tyrion Lannister(-45) 264.
    Tyrion Lannister(-309) hit Rodrik Greyjoy(-1) 173.
    ****
    Both of them are dead. A draw.
  The Iron Islands got 3 house points. The Westernlands got 0 house points.

The winner is: The Iron Islands with currently 3 kingdom points.
---------------
---------------
Duel 8: The North vs The Reach
  Duel between Umbers(15) -WHI- and Redwynes(27) -WIL- has begun.
    Greatjon Umber(600) hit Paxter Redwyne(458) 105.
    Paxter Redwyne(353) hit Greatjon Umber(600) 175.
    ****
    Greatjon Umber(425) took 25 damage as DOT.
    Paxter Redwyne(353) took 30 damage as DOT.
    Greatjon Umber(400) hit Paxter Redwyne(323) 105.
    Paxter Redwyne(218) hit Greatjon Umber(400) 175.
    ****
    Greatjon Umber(225) took 50 damage as DOT.
    Paxter Redwyne(218) took 60 damage as DOT.
    Greatjon Umber(175) hit Paxter Redwyne(158) 105.
    Paxter Redwyne(53) hit Greatjon Umber(175) 175.
    ****
    Paxter Redwyne(53) has won.
  Duel between Manderlys(6) -WIL- and Hightowers(21) -WHI- has begun.
    Wendel Manderly(450) hit Leyton Hightower(633) 121.
    Leyton Hightower(512) hit Wendel Manderly(450) 144.
    ****
    Wendel Manderly(306) took 30 damage as DOT.
    Leyton Hightower(512) took 25 damage as DOT.
    Wendel Manderly(276) hit Leyton Hightower(487) 121.
    Leyton Hightower(366) hit Wendel Manderly(276) 144.
    ****
    Wendel Manderly(132) took 60 damage as DOT.
    Leyton Hightower(366) took 50 damage as DOT.
    Wendel Manderly(72) hit Leyton Hightower(316) 121.
    Leyton Hightower(195) hit Wendel Manderly(72) 144.
    ****
    Leyton Hightower(195) has won.
  Duel between Dormunds(6) -WIZ- and Florents(22) -WIZ- has begun.
    Marlin Dormund(500) hit Axell Florent(558) 106.
    Axell Florent(452) hit Marlin Dormund(500) 140.
    ****
    Marlin Dormund(360) took 20 damage as DOT.
    Axell Florent(452) took 20 damage as DOT.
    Marlin Dormund(340) hit Axell Florent(432) 106.
    Axell Florent(326) hit Marlin Dormund(340) 140.
    ****
    Marlin Dormund(200) took 40 damage as DOT.
    Axell Florent(326) took 40 damage as DOT.
    Marlin Dormund(160) hit Axell Florent(286) 106.
    Axell Florent(180) hit Marlin Dormund(160) 140.
    ****
    Marlin Dormund(20) took 60 damage as DOT.
    Axell Florent(180) took 60 damage as DOT.
    Marlin Dormund(-40) hit Axell Florent(120) 106.
    Axell Florent(14) hit Marlin Dormund(-40) 140.
    ****
    Axell Florent(14) has won.
  Duel between Umbers(12) -WHI- and Hightowers(24) -WHI- has begun.
    Greatjon Umber(600) hit Leyton Hightower(633) 102.
    Leyton Hightower(531) hit Greatjon Umber(600) 147.
    ****
    Greatjon Umber(453) took 30 damage as DOT.
    Leyton Hightower(531) took 30 damage as DOT.
    Greatjon Umber(423) hit Leyton Hightower(501) 102.
    Leyton Hightower(399) hit Greatjon Umber(423) 147.
    ****
    Greatjon Umber(276) took 60 damage as DOT.
    Leyton Hightower(399) took 60 damage as DOT.
    Greatjon Umber(216) hit Leyton Hightower(339) 102.
    Leyton Hightower(237) hit Greatjon Umber(216) 147.
    ****
    Greatjon Umber(69) took 90 damage as DOT.
    Leyton Hightower(237) took 90 damage as DOT.
    Greatjon Umber(-21) hit Leyton Hightower(147) 102.
    Leyton Hightower(45) hit Greatjon Umber(-21) 147.
    ****
    Leyton Hightower(45) has won.
  Duel between Manderlys(3) -WIL- and Florents(25) -WIZ- has begun.
    Wendel Manderly(450) hit Axell Florent(558) 118.
    Axell Florent(440) hit Wendel Manderly(450) 143.
    ****
    Wendel Manderly(307) took 20 damage as DOT.
    Axell Florent(440) took 25 damage as DOT.
    Wendel Manderly(287) hit Axell Florent(415) 118.
    Axell Florent(297) hit Wendel Manderly(287) 143.
    ****
    Wendel Manderly(144) took 40 damage as DOT.
    Axell Florent(297) took 50 damage as DOT.
    Wendel Manderly(104) hit Axell Florent(247) 118.
    Axell Florent(129) hit Wendel Manderly(104) 143.
    ****
    Axell Florent(129) has won.
  Duel between Dormunds(3) -WIZ- and Redwynes(30) -WIL- has begun.
    Marlin Dormund(500) hit Paxter Redwyne(458) 103.
    Paxter Redwyne(355) hit Marlin Dormund(500) 178.
    ****
    Marlin Dormund(322) took 25 damage as DOT.
    Paxter Redwyne(355) took 20 damage as DOT.
    Marlin Dormund(297) hit Paxter Redwyne(335) 103.
    Paxter Redwyne(232) hit Marlin Dormund(297) 178.
    ****
    Marlin Dormund(119) took 50 damage as DOT.
    Paxter Redwyne(232) took 40 damage as DOT.
    Marlin Dormund(69) hit Paxter Redwyne(192) 103.
    Paxter Redwyne(89) hit Marlin Dormund(69) 178.
    ****
    Paxter Redwyne(89) has won.
  Duel between Umbers(9) -WHI- and Florents(28) -WIZ- has begun.
    Greatjon Umber(600) hit Axell Florent(558) 99.
    Axell Florent(459) hit Greatjon Umber(600) 146.
    ****
    Greatjon Umber(454) took 20 damage as DOT.
    Axell Florent(459) took 30 damage as DOT.
    Greatjon Umber(434) hit Axell Florent(429) 99.
    Axell Florent(330) hit Greatjon Umber(434) 146.
    ****
    Greatjon Umber(288) took 40 damage as DOT.
    Axell Florent(330) took 60 damage as DOT.
    Greatjon Umber(248) hit Axell Florent(270) 99.
    Axell Florent(171) hit Greatjon Umber(248) 146.
    ****
    Greatjon Umber(102) took 60 damage as DOT.
    Axell Florent(171) took 90 damage as DOT.
    Greatjon Umber(42) hit Axell Florent(81) 99.
    Axell Florent(-18) hit Greatjon Umber(42) 146.
    ****
    Both of them are dead. A draw.
  Duel between Manderlys(0) -WIL- and Redwynes(33) -WIL- has begun.
    Wendel Manderly(450) hit Paxter Redwyne(458) 115.
    Paxter Redwyne(343) hit Wendel Manderly(450) 181.
    ****
    Wendel Manderly(269) took 25 damage as DOT.
    Paxter Redwyne(343) took 25 damage as DOT.
    Wendel Manderly(244) hit Paxter Redwyne(318) 115.
    Paxter Redwyne(203) hit Wendel Manderly(244) 181.
    ****
    Wendel Manderly(63) took 50 damage as DOT.
    Paxter Redwyne(203) took 50 damage as DOT.
    Wendel Manderly(13) hit Paxter Redwyne(153) 115.
    Paxter Redwyne(38) hit Wendel Manderly(13) 181.
    ****
    Paxter Redwyne(38) has won.
  Duel between Dormunds(0) -WIZ- and Hightowers(27) -WHI- has begun.
    Marlin Dormund(500) hit Leyton Hightower(633) 100.
    Leyton Hightower(533) hit Marlin Dormund(500) 150.
    ****
    Marlin Dormund(350) took 30 damage as DOT.
    Leyton Hightower(533) took 20 damage as DOT.
    Marlin Dormund(320) hit Leyton Hightower(513) 100.
    Leyton Hightower(413) hit Marlin Dormund(320) 150.
    ****
    Marlin Dormund(170) took 60 damage as DOT.
    Leyton Hightower(413) took 40 damage as DOT.
    Marlin Dormund(110) hit Leyton Hightower(373) 100.
    Leyton Hightower(273) hit Marlin Dormund(110) 150.
    ****
    Leyton Hightower(273) has won.
  Duel between House Stark(32) -WIL- and House Lannister(50) -WIL- has begun.
    Robb Stark(475) hit Loras Tyrell(458) 147.
    Loras Tyrell(311) hit Robb Stark(475) 193.
    ****
    Robb Stark(282) took 25 damage as DOT.
    Loras Tyrell(311) took 25 damage as DOT.
    Robb Stark(257) hit Loras Tyrell(286) 147.
    Loras Tyrell(139) hit Robb Stark(257) 193.
    ****
    Robb Stark(64) took 50 damage as DOT.
    Loras Tyrell(139) took 50 damage as DOT.
    Robb Stark(14) hit Loras Tyrell(89) 147.
    Loras Tyrell(-58) hit Robb Stark(14) 193.
    ****
    Both of them are dead. A draw.
  The North got 0 house points. The Reach got 8 house points.

The winner is: The Reach with currently 3 kingdom points.
---------------
---------------
Duel 9: The Westernlands vs The Riverlands
  Duel between Serretts(24) -WIL- and Mallisters(24) -WIL- has begun.
    Lord Serrett(458) hit Jason Mallister(450) 167.
    Jason Mallister(283) hit Lord Serrett(458) 134.
    ****
    Lord Serrett(324) took 25 damage as DOT.
    Jason Mallister(283) took 25 damage as DOT.
    Lord Serrett(299) hit Jason Mallister(258) 167.
    Jason Mallister(91) hit Lord Serrett(299) 134.
    ****
    Lord Serrett(165) took 50 damage as DOT.
    Jason Mallister(91) took 50 damage as DOT.
    Lord Serrett(115) hit Jason Mallister(41) 167.
    Jason Mallister(-126) hit Lord Serrett(115) 134.
    ****
    Both of them are dead. A draw.
  Duel between Marbrands(45) -WHI- and Brackens(24) -WIL- has begun.
    Damon Marbrand(658) hit Jonos Bracken(450) 168.
    Jonos Bracken(282) hit Damon Marbrand(658) 139.
    ****
    Damon Marbrand(519) took 25 damage as DOT.
    Jonos Bracken(282) took 30 damage as DOT.
    Damon Marbrand(494) hit Jonos Bracken(252) 168.
    Jonos Bracken(84) hit Damon Marbrand(494) 139.
    ****
    Damon Marbrand(355) took 50 damage as DOT.
    Jonos Bracken(84) took 60 damage as DOT.
    Damon Marbrand(305) hit Jonos Bracken(24) 168.
    Jonos Bracken(-144) hit Damon Marbrand(305) 139.
    ****
    Damon Marbrand(166) has won.
  Duel between Yarwycks(30) -WIZ- and Blackwoods(24) -WIL- has begun.
    Othell Yarwyck(508) hit Tytos Blackwood(450) 153.
    Tytos Blackwood(297) hit Othell Yarwyck(508) 139.
    ****
    Othell Yarwyck(369) took 25 damage as DOT.
    Tytos Blackwood(297) took 20 damage as DOT.
    Othell Yarwyck(344) hit Tytos Blackwood(277) 153.
    Tytos Blackwood(124) hit Othell Yarwyck(344) 139.
    ****
    Othell Yarwyck(205) took 50 damage as DOT.
    Tytos Blackwood(124) took 40 damage as DOT.
    Othell Yarwyck(155) hit Tytos Blackwood(84) 153.
    Tytos Blackwood(-69) hit Othell Yarwyck(155) 139.
    ****
    Othell Yarwyck(16) has won.
  Duel between Serretts(24) -WIL- and Brackens(21) -WIL- has begun.
    Lord Serrett(458) hit Jonos Bracken(450) 167.
    Jonos Bracken(283) hit Lord Serrett(458) 136.
    ****
    Lord Serrett(322) took 25 damage as DOT.
    Jonos Bracken(283) took 25 damage as DOT.
    Lord Serrett(297) hit Jonos Bracken(258) 167.
    Jonos Bracken(91) hit Lord Serrett(297) 136.
    ****
    Lord Serrett(161) took 50 damage as DOT.
    Jonos Bracken(91) took 50 damage as DOT.
    Lord Serrett(111) hit Jonos Bracken(41) 167.
    Jonos Bracken(-126) hit Lord Serrett(111) 136.
    ****
    Both of them are dead. A draw.
  Duel between Marbrands(48) -WHI- and Blackwoods(21) -WIL- has begun.
    Damon Marbrand(658) hit Tytos Blackwood(450) 171.
    Tytos Blackwood(279) hit Damon Marbrand(658) 136.
    ****
    Damon Marbrand(522) took 25 damage as DOT.
    Tytos Blackwood(279) took 30 damage as DOT.
    Damon Marbrand(497) hit Tytos Blackwood(249) 171.
    Tytos Blackwood(78) hit Damon Marbrand(497) 136.
    ****
    Damon Marbrand(361) took 50 damage as DOT.
    Tytos Blackwood(78) took 60 damage as DOT.
    Damon Marbrand(311) hit Tytos Blackwood(18) 171.
    Tytos Blackwood(-153) hit Damon Marbrand(311) 136.
    ****
    Damon Marbrand(175) has won.
  Duel between Yarwycks(33) -WIZ- and Mallisters(24) -WIL- has begun.
    Othell Yarwyck(508) hit Jason Mallister(450) 156.
    Jason Mallister(294) hit Othell Yarwyck(508) 134.
    ****
    Othell Yarwyck(374) took 25 damage as DOT.
    Jason Mallister(294) took 20 damage as DOT.
    Othell Yarwyck(349) hit Jason Mallister(274) 156.
    Jason Mallister(118) hit Othell Yarwyck(349) 134.
    ****
    Othell Yarwyck(215) took 50 damage as DOT.
    Jason Mallister(118) took 40 damage as DOT.
    Othell Yarwyck(165) hit Jason Mallister(78) 156.
    Jason Mallister(-78) hit Othell Yarwyck(165) 134.
    ****
    Othell Yarwyck(31) has won.
  Duel between Serretts(24) -WIL- and Blackwoods(18) -WIL- has begun.
    Lord Serrett(458) hit Tytos Blackwood(450) 167.
    Tytos Blackwood(283) hit Lord Serrett(458) 133.
    ****
    Lord Serrett(325) took 25 damage as DOT.
    Tytos Blackwood(283) took 25 damage as DOT.
    Lord Serrett(300) hit Tytos Blackwood(258) 167.
    Tytos Blackwood(91) hit Lord Serrett(300) 133.
    ****
    Lord Serrett(167) took 50 damage as DOT.
    Tytos Blackwood(91) took 50 damage as DOT.
    Lord Serrett(117) hit Tytos Blackwood(41) 167.
    Tytos Blackwood(-126) hit Lord Serrett(117) 133.
    ****
    Both of them are dead. A draw.
  Duel between Marbrands(51) -WHI- and Mallisters(21) -WIL- has begun.
    Damon Marbrand(658) hit Jason Mallister(450) 174.
    Jason Mallister(276) hit Damon Marbrand(658) 131.
    ****
    Damon Marbrand(527) took 25 damage as DOT.
    Jason Mallister(276) took 30 damage as DOT.
    Damon Marbrand(502) hit Jason Mallister(246) 174.
    Jason Mallister(72) hit Damon Marbrand(502) 131.
    ****
    Damon Marbrand(371) took 50 damage as DOT.
    Jason Mallister(72) took 60 damage as DOT.
    Damon Marbrand(321) hit Jason Mallister(12) 174.
    Jason Mallister(-162) hit Damon Marbrand(321) 131.
    ****
    Damon Marbrand(190) has won.
  Duel between Yarwycks(36) -WIZ- and Brackens(21) -WIL- has begun.
    Othell Yarwyck(508) hit Jonos Bracken(450) 159.
    Jonos Bracken(291) hit Othell Yarwyck(508) 136.
    ****
    Othell Yarwyck(372) took 25 damage as DOT.
    Jonos Bracken(291) took 20 damage as DOT.
    Othell Yarwyck(347) hit Jonos Bracken(271) 159.
    Jonos Bracken(112) hit Othell Yarwyck(347) 136.
    ****
    Othell Yarwyck(211) took 50 damage as DOT.
    Jonos Bracken(112) took 40 damage as DOT.
    Othell Yarwyck(161) hit Jonos Bracken(72) 159.
    Jonos Bracken(-87) hit Othell Yarwyck(161) 136.
    ****
    Othell Yarwyck(25) has won.
  Duel between House Frey(55) -WIZ- and House Bolton(50) -WHI- has begun.
    Tyrion Lannister(558) hit Walder Frey(650) 173.
    Walder Frey(477) hit Tyrion Lannister(558) 140.
    ****
    Tyrion Lannister(418) took 30 damage as DOT.
    Walder Frey(477) took 20 damage as DOT.
    Tyrion Lannister(388) hit Walder Frey(457) 173.
    Walder Frey(284) hit Tyrion Lannister(388) 140.
    ****
    Tyrion Lannister(248) took 60 damage as DOT.
    Walder Frey(284) took 40 damage as DOT.
    Tyrion Lannister(188) hit Walder Frey(244) 173.
    Walder Frey(71) hit Tyrion Lannister(188) 140.
    ****
    Tyrion Lannister(48) took 90 damage as DOT.
    Walder Frey(71) took 60 damage as DOT.
    Tyrion Lannister(-42) hit Walder Frey(11) 173.
    Walder Frey(-162) hit Tyrion Lannister(-42) 140.
    ****
    Both of them are dead. A draw.
  The Westernlands got 6 house points. The Riverlands got 0 house points.

The winner is: The Westernlands with currently 3 kingdom points.
---------------
---------------
Duel 10: The Crownlands vs The Westernlands
  Duel between Thornes(33) -WIZ- and Serretts(24) -WIL- has begun.
    Alliser Thorne(470) hit Lord Serrett(458) 178.
    Lord Serrett(280) hit Alliser Thorne(470) 167.
    ****
    Alliser Thorne(303) took 25 damage as DOT.
    Lord Serrett(280) took 20 damage as DOT.
    Alliser Thorne(278) hit Lord Serrett(260) 178.
    Lord Serrett(82) hit Alliser Thorne(278) 167.
    ****
    Alliser Thorne(111) took 50 damage as DOT.
    Lord Serrett(82) took 40 damage as DOT.
    Alliser Thorne(61) hit Lord Serrett(42) 178.
    Lord Serrett(-136) hit Alliser Thorne(61) 167.
    ****
    Both of them are dead. A draw.
  Duel between Gaunts(39) -WIZ- and Marbrands(54) -WHI- has begun.
    Gwayne Gaunt(545) hit Damon Marbrand(658) 184.
    Damon Marbrand(474) hit Gwayne Gaunt(545) 177.
    ****
    Gwayne Gaunt(368) took 30 damage as DOT.
    Damon Marbrand(474) took 20 damage as DOT.
    Gwayne Gaunt(338) hit Damon Marbrand(454) 184.
    Damon Marbrand(270) hit Gwayne Gaunt(338) 177.
    ****
    Gwayne Gaunt(161) took 60 damage as DOT.
    Damon Marbrand(270) took 40 damage as DOT.
    Gwayne Gaunt(101) hit Damon Marbrand(230) 184.
    Damon Marbrand(46) hit Gwayne Gaunt(101) 177.
    ****
    Damon Marbrand(46) has won.
  Duel between Rosbys(36) -WIZ- and Yarwycks(39) -WIZ- has begun.
    Gyles Rosby(470) hit Othell Yarwyck(508) 186.
    Othell Yarwyck(322) hit Gyles Rosby(470) 162.
    ****
    Gyles Rosby(308) took 20 damage as DOT.
    Othell Yarwyck(322) took 20 damage as DOT.
    Gyles Rosby(288) hit Othell Yarwyck(302) 186.
    Othell Yarwyck(116) hit Gyles Rosby(288) 162.
    ****
    Gyles Rosby(126) took 40 damage as DOT.
    Othell Yarwyck(116) took 40 damage as DOT.
    Gyles Rosby(86) hit Othell Yarwyck(76) 186.
    Othell Yarwyck(-110) hit Gyles Rosby(86) 162.
    ****
    Both of them are dead. A draw.
  Duel between Thornes(33) -WIZ- and Marbrands(57) -WHI- has begun.
    Alliser Thorne(470) hit Damon Marbrand(658) 178.
    Damon Marbrand(480) hit Alliser Thorne(470) 180.
    ****
    Alliser Thorne(290) took 30 damage as DOT.
    Damon Marbrand(480) took 20 damage as DOT.
    Alliser Thorne(260) hit Damon Marbrand(460) 178.
    Damon Marbrand(282) hit Alliser Thorne(260) 180.
    ****
    Alliser Thorne(80) took 60 damage as DOT.
    Damon Marbrand(282) took 40 damage as DOT.
    Alliser Thorne(20) hit Damon Marbrand(242) 178.
    Damon Marbrand(64) hit Alliser Thorne(20) 180.
    ****
    Damon Marbrand(64) has won.
  Duel between Gaunts(36) -WIZ- and Yarwycks(39) -WIZ- has begun.
    Gwayne Gaunt(545) hit Othell Yarwyck(508) 181.
    Othell Yarwyck(327) hit Gwayne Gaunt(545) 162.
    ****
    Gwayne Gaunt(383) took 20 damage as DOT.
    Othell Yarwyck(327) took 20 damage as DOT.
    Gwayne Gaunt(363) hit Othell Yarwyck(307) 181.
    Othell Yarwyck(126) hit Gwayne Gaunt(363) 162.
    ****
    Gwayne Gaunt(201) took 40 damage as DOT.
    Othell Yarwyck(126) took 40 damage as DOT.
    Gwayne Gaunt(161) hit Othell Yarwyck(86) 181.
    Othell Yarwyck(-95) hit Gwayne Gaunt(161) 162.
    ****
    Both of them are dead. A draw.
  Duel between Rosbys(36) -WIZ- and Serretts(24) -WIL- has begun.
    Gyles Rosby(470) hit Lord Serrett(458) 186.
    Lord Serrett(272) hit Gyles Rosby(470) 167.
    ****
    Gyles Rosby(303) took 25 damage as DOT.
    Lord Serrett(272) took 20 damage as DOT.
    Gyles Rosby(278) hit Lord Serrett(252) 186.
    Lord Serrett(66) hit Gyles Rosby(278) 167.
    ****
    Gyles Rosby(111) took 50 damage as DOT.
    Lord Serrett(66) took 40 damage as DOT.
    Gyles Rosby(61) hit Lord Serrett(26) 186.
    Lord Serrett(-160) hit Gyles Rosby(61) 167.
    ****
    Both of them are dead. A draw.
  Duel between Thornes(30) -WIZ- and Yarwycks(39) -WIZ- has begun.
    Alliser Thorne(470) hit Othell Yarwyck(508) 175.
    Othell Yarwyck(333) hit Alliser Thorne(470) 162.
    ****
    Alliser Thorne(308) took 20 damage as DOT.
    Othell Yarwyck(333) took 20 damage as DOT.
    Alliser Thorne(288) hit Othell Yarwyck(313) 175.
    Othell Yarwyck(138) hit Alliser Thorne(288) 162.
    ****
    Alliser Thorne(126) took 40 damage as DOT.
    Othell Yarwyck(138) took 40 damage as DOT.
    Alliser Thorne(86) hit Othell Yarwyck(98) 175.
    Othell Yarwyck(-77) hit Alliser Thorne(86) 162.
    ****
    Both of them are dead. A draw.
  Duel between Gaunts(36) -WIZ- and Serretts(24) -WIL- has begun.
    Gwayne Gaunt(545) hit Lord Serrett(458) 181.
    Lord Serrett(277) hit Gwayne Gaunt(545) 167.
    ****
    Gwayne Gaunt(378) took 25 damage as DOT.
    Lord Serrett(277) took 20 damage as DOT.
    Gwayne Gaunt(353) hit Lord Serrett(257) 181.
    Lord Serrett(76) hit Gwayne Gaunt(353) 167.
    ****
    Gwayne Gaunt(186) took 50 damage as DOT.
    Lord Serrett(76) took 40 damage as DOT.
    Gwayne Gaunt(136) hit Lord Serrett(36) 181.
    Lord Serrett(-145) hit Gwayne Gaunt(136) 167.
    ****
    Both of them are dead. A draw.
  Duel between Rosbys(36) -WIZ- and Marbrands(60) -WHI- has begun.
    Gyles Rosby(470) hit Damon Marbrand(658) 186.
    Damon Marbrand(472) hit Gyles Rosby(470) 183.
    ****
    Gyles Rosby(287) took 30 damage as DOT.
    Damon Marbrand(472) took 20 damage as DOT.
    Gyles Rosby(257) hit Damon Marbrand(452) 186.
    Damon Marbrand(266) hit Gyles Rosby(257) 183.
    ****
    Gyles Rosby(74) took 60 damage as DOT.
    Damon Marbrand(266) took 40 damage as DOT.
    Gyles Rosby(14) hit Damon Marbrand(226) 186.
    Damon Marbrand(40) hit Gyles Rosby(14) 183.
    ****
    Damon Marbrand(40) has won.
  Duel between House Baratheon(50) -WIL- and House Frey(55) -WIZ- has begun.
    Aegon Targaryen(470) hit Tyrion Lannister(558) 215.
    Tyrion Lannister(343) hit Aegon Targaryen(470) 173.
    ****
    Aegon Targaryen(297) took 20 damage as DOT.
    Tyrion Lannister(343) took 25 damage as DOT.
    Aegon Targaryen(277) hit Tyrion Lannister(318) 215.
    Tyrion Lannister(103) hit Aegon Targaryen(277) 173.
    ****
    Aegon Targaryen(104) took 40 damage as DOT.
    Tyrion Lannister(103) took 50 damage as DOT.
    Aegon Targaryen(64) hit Tyrion Lannister(53) 215.
    Tyrion Lannister(-162) hit Aegon Targaryen(64) 173.
    ****
    Both of them are dead. A draw.
  The Crownlands got 0 house points. The Westernlands got 3 house points.

The winner is: The Westernlands with currently 4 kingdom points.
---------------
---------------
Duel 11: The Iron Islands vs The Reach
  Duel between Blacktydes(42) -WIZ- and Redwynes(36) -WIL- has begun.
    Baelor Blacktyde(480) hit Paxter Redwyne(458) 227.
    Paxter Redwyne(231) hit Baelor Blacktyde(480) 184.
    ****
    Baelor Blacktyde(296) took 25 damage as DOT.
    Paxter Redwyne(231) took 20 damage as DOT.
    Baelor Blacktyde(271) hit Paxter Redwyne(211) 227.
    Paxter Redwyne(-16) hit Baelor Blacktyde(271) 184.
    ****
    Baelor Blacktyde(87) has won.
  Duel between Merlyns(33) -WIZ- and Hightowers(30) -WHI- has begun.
    Meldred Merlyn(430) hit Leyton Hightower(633) 218.
    Leyton Hightower(415) hit Meldred Merlyn(430) 153.
    ****
    Meldred Merlyn(277) took 30 damage as DOT.
    Leyton Hightower(415) took 20 damage as DOT.
    Meldred Merlyn(247) hit Leyton Hightower(395) 218.
    Leyton Hightower(177) hit Meldred Merlyn(247) 153.
    ****
    Meldred Merlyn(94) took 60 damage as DOT.
    Leyton Hightower(177) took 40 damage as DOT.
    Meldred Merlyn(34) hit Leyton Hightower(137) 218.
    Leyton Hightower(-81) hit Meldred Merlyn(34) 153.
    ****
    Both of them are dead. A draw.
  Duel between Harlaws(51) -WIL- and Florents(28) -WIZ- has begun.
    Alannys Harlaw(455) hit Axell Florent(558) 256.
    Axell Florent(302) hit Alannys Harlaw(455) 146.
    ****
    Alannys Harlaw(309) took 20 damage as DOT.
    Axell Florent(302) took 25 damage as DOT.
    Alannys Harlaw(289) hit Axell Florent(277) 256.
    Axell Florent(21) hit Alannys Harlaw(289) 146.
    ****
    Alannys Harlaw(143) took 40 damage as DOT.
    Axell Florent(21) took 50 damage as DOT.
    Alannys Harlaw(103) hit Axell Florent(-29) 256.
    Axell Florent(-285) hit Alannys Harlaw(103) 146.
    ****
    Both of them are dead. A draw.
  Duel between Blacktydes(45) -WIZ- and Hightowers(30) -WHI- has begun.
    Baelor Blacktyde(480) hit Leyton Hightower(633) 230.
    Leyton Hightower(403) hit Baelor Blacktyde(480) 153.
    ****
    Baelor Blacktyde(327) took 30 damage as DOT.
    Leyton Hightower(403) took 20 damage as DOT.
    Baelor Blacktyde(297) hit Leyton Hightower(383) 230.
    Leyton Hightower(153) hit Baelor Blacktyde(297) 153.
    ****
    Baelor Blacktyde(144) took 60 damage as DOT.
    Leyton Hightower(153) took 40 damage as DOT.
    Baelor Blacktyde(84) hit Leyton Hightower(113) 230.
    Leyton Hightower(-117) hit Baelor Blacktyde(84) 153.
    ****
    Both of them are dead. A draw.
  Duel between Merlyns(33) -WIZ- and Florents(28) -WIZ- has begun.
    Meldred Merlyn(430) hit Axell Florent(558) 218.
    Axell Florent(340) hit Meldred Merlyn(430) 146.
    ****
    Meldred Merlyn(284) took 20 damage as DOT.
    Axell Florent(340) took 20 damage as DOT.
    Meldred Merlyn(264) hit Axell Florent(320) 218.
    Axell Florent(102) hit Meldred Merlyn(264) 146.
    ****
    Meldred Merlyn(118) took 40 damage as DOT.
    Axell Florent(102) took 40 damage as DOT.
    Meldred Merlyn(78) hit Axell Florent(62) 218.
    Axell Florent(-156) hit Meldred Merlyn(78) 146.
    ****
    Both of them are dead. A draw.
  Duel between Harlaws(51) -WIL- and Redwynes(33) -WIL- has begun.
    Alannys Harlaw(455) hit Paxter Redwyne(458) 256.
    Paxter Redwyne(202) hit Alannys Harlaw(455) 181.
    ****
    Alannys Harlaw(274) took 25 damage as DOT.
    Paxter Redwyne(202) took 25 damage as DOT.
    Alannys Harlaw(249) hit Paxter Redwyne(177) 256.
    Paxter Redwyne(-79) hit Alannys Harlaw(249) 181.
    ****
    Alannys Harlaw(68) has won.
  Duel between Blacktydes(45) -WIZ- and Florents(28) -WIZ- has begun.
    Baelor Blacktyde(480) hit Axell Florent(558) 230.
    Axell Florent(328) hit Baelor Blacktyde(480) 146.
    ****
    Baelor Blacktyde(334) took 20 damage as DOT.
    Axell Florent(328) took 20 damage as DOT.
    Baelor Blacktyde(314) hit Axell Florent(308) 230.
    Axell Florent(78) hit Baelor Blacktyde(314) 146.
    ****
    Baelor Blacktyde(168) took 40 damage as DOT.
    Axell Florent(78) took 40 damage as DOT.
    Baelor Blacktyde(128) hit Axell Florent(38) 230.
    Axell Florent(-192) hit Baelor Blacktyde(128) 146.
    ****
    Both of them are dead. A draw.
  Duel between Merlyns(33) -WIZ- and Redwynes(30) -WIL- has begun.
    Meldred Merlyn(430) hit Paxter Redwyne(458) 218.
    Paxter Redwyne(240) hit Meldred Merlyn(430) 178.
    ****
    Meldred Merlyn(252) took 25 damage as DOT.
    Paxter Redwyne(240) took 20 damage as DOT.
    Meldred Merlyn(227) hit Paxter Redwyne(220) 218.
    Paxter Redwyne(2) hit Meldred Merlyn(227) 178.
    ****
    Meldred Merlyn(49) took 50 damage as DOT.
    Paxter Redwyne(2) took 40 damage as DOT.
    Meldred Merlyn(-1) hit Paxter Redwyne(-38) 218.
    Paxter Redwyne(-256) hit Meldred Merlyn(-1) 178.
    ****
    Both of them are dead. A draw.
  Duel between Harlaws(54) -WIL- and Hightowers(30) -WHI- has begun.
    Alannys Harlaw(455) hit Leyton Hightower(633) 259.
    Leyton Hightower(374) hit Alannys Harlaw(455) 153.
    ****
    Alannys Harlaw(302) took 30 damage as DOT.
    Leyton Hightower(374) took 25 damage as DOT.
    Alannys Harlaw(272) hit Leyton Hightower(349) 259.
    Leyton Hightower(90) hit Alannys Harlaw(272) 153.
    ****
    Alannys Harlaw(119) took 60 damage as DOT.
    Leyton Hightower(90) took 50 damage as DOT.
    Alannys Harlaw(59) hit Leyton Hightower(40) 259.
    Leyton Hightower(-219) hit Alannys Harlaw(59) 153.
    ****
    Both of them are dead. A draw.
  Duel between House Greyjoy(59) -WIL- and House Lannister(50) -WIL- has begun.
    Rodrik Greyjoy(405) hit Loras Tyrell(458) 264.
    Loras Tyrell(194) hit Rodrik Greyjoy(405) 193.
    ****
    Rodrik Greyjoy(212) took 25 damage as DOT.
    Loras Tyrell(194) took 25 damage as DOT.
    Rodrik Greyjoy(187) hit Loras Tyrell(169) 264.
    Loras Tyrell(-95) hit Rodrik Greyjoy(187) 193.
    ****
    Both of them are dead. A draw.
  The Iron Islands got 2 house points. The Reach got 0 house points.

The winner is: The Iron Islands with currently 4 kingdom points.
---------------
---------------
Duel 12: The North vs The Riverlands
  Duel between Umbers(9) -WHI- and Mallisters(18) -WIL- has begun.
    Greatjon Umber(600) hit Jason Mallister(450) 99.
    Jason Mallister(351) hit Greatjon Umber(600) 128.
    ****
    Greatjon Umber(472) took 25 damage as DOT.
    Jason Mallister(351) took 30 damage as DOT.
    Greatjon Umber(447) hit Jason Mallister(321) 99.
    Jason Mallister(222) hit Greatjon Umber(447) 128.
    ****
    Greatjon Umber(319) took 50 damage as DOT.
    Jason Mallister(222) took 60 damage as DOT.
    Greatjon Umber(269) hit Jason Mallister(162) 99.
    Jason Mallister(63) hit Greatjon Umber(269) 128.
    ****
    Greatjon Umber(141) took 75 damage as DOT.
    Jason Mallister(63) took 90 damage as DOT.
    Greatjon Umber(66) hit Jason Mallister(-27) 99.
    Jason Mallister(-126) hit Greatjon Umber(66) 128.
    ****
    Both of them are dead. A draw.
  Duel between Manderlys(0) -WIL- and Brackens(18) -WIL- has begun.
    Wendel Manderly(450) hit Jonos Bracken(450) 115.
    Jonos Bracken(335) hit Wendel Manderly(450) 133.
    ****
    Wendel Manderly(317) took 25 damage as DOT.
    Jonos Bracken(335) took 25 damage as DOT.
    Wendel Manderly(292) hit Jonos Bracken(310) 115.
    Jonos Bracken(195) hit Wendel Manderly(292) 133.
    ****
    Wendel Manderly(159) took 50 damage as DOT.
    Jonos Bracken(195) took 50 damage as DOT.
    Wendel Manderly(109) hit Jonos Bracken(145) 115.
    Jonos Bracken(30) hit Wendel Manderly(109) 133.
    ****
    Jonos Bracken(30) has won.
  Duel between Dormunds(0) -WIZ- and Blackwoods(18) -WIL- has begun.
    Marlin Dormund(500) hit Tytos Blackwood(450) 100.
    Tytos Blackwood(350) hit Marlin Dormund(500) 133.
    ****
    Marlin Dormund(367) took 25 damage as DOT.
    Tytos Blackwood(350) took 20 damage as DOT.
    Marlin Dormund(342) hit Tytos Blackwood(330) 100.
    Tytos Blackwood(230) hit Marlin Dormund(342) 133.
    ****
    Marlin Dormund(209) took 50 damage as DOT.
    Tytos Blackwood(230) took 40 damage as DOT.
    Marlin Dormund(159) hit Tytos Blackwood(190) 100.
    Tytos Blackwood(90) hit Marlin Dormund(159) 133.
    ****
    Marlin Dormund(26) took 75 damage as DOT.
    Tytos Blackwood(90) took 60 damage as DOT.
    Marlin Dormund(-49) hit Tytos Blackwood(30) 100.
    Tytos Blackwood(-70) hit Marlin Dormund(-49) 133.
    ****
    Both of them are dead. A draw.
  Duel between Umbers(9) -WHI- and Brackens(21) -WIL- has begun.
    Greatjon Umber(600) hit Jonos Bracken(450) 99.
    Jonos Bracken(351) hit Greatjon Umber(600) 136.
    ****
    Greatjon Umber(464) took 25 damage as DOT.
    Jonos Bracken(351) took 30 damage as DOT.
    Greatjon Umber(439) hit Jonos Bracken(321) 99.
    Jonos Bracken(222) hit Greatjon Umber(439) 136.
    ****
    Greatjon Umber(303) took 50 damage as DOT.
    Jonos Bracken(222) took 60 damage as DOT.
    Greatjon Umber(253) hit Jonos Bracken(162) 99.
    Jonos Bracken(63) hit Greatjon Umber(253) 136.
    ****
    Greatjon Umber(117) took 75 damage as DOT.
    Jonos Bracken(63) took 90 damage as DOT.
    Greatjon Umber(42) hit Jonos Bracken(-27) 99.
    Jonos Bracken(-126) hit Greatjon Umber(42) 136.
    ****
    Both of them are dead. A draw.
  Duel between Manderlys(0) -WIL- and Blackwoods(18) -WIL- has begun.
    Wendel Manderly(450) hit Tytos Blackwood(450) 115.
    Tytos Blackwood(335) hit Wendel Manderly(450) 133.
    ****
    Wendel Manderly(317) took 25 damage as DOT.
    Tytos Blackwood(335) took 25 damage as DOT.
    Wendel Manderly(292) hit Tytos Blackwood(310) 115.
    Tytos Blackwood(195) hit Wendel Manderly(292) 133.
    ****
    Wendel Manderly(159) took 50 damage as DOT.
    Tytos Blackwood(195) took 50 damage as DOT.
    Wendel Manderly(109) hit Tytos Blackwood(145) 115.
    Tytos Blackwood(30) hit Wendel Manderly(109) 133.
    ****
    Tytos Blackwood(30) has won.
  Duel between Dormunds(0) -WIZ- and Mallisters(18) -WIL- has begun.
    Marlin Dormund(500) hit Jason Mallister(450) 100.
    Jason Mallister(350) hit Marlin Dormund(500) 128.
    ****
    Marlin Dormund(372) took 25 damage as DOT.
    Jason Mallister(350) took 20 damage as DOT.
    Marlin Dormund(347) hit Jason Mallister(330) 100.
    Jason Mallister(230) hit Marlin Dormund(347) 128.
    ****
    Marlin Dormund(219) took 50 damage as DOT.
    Jason Mallister(230) took 40 damage as DOT.
    Marlin Dormund(169) hit Jason Mallister(190) 100.
    Jason Mallister(90) hit Marlin Dormund(169) 128.
    ****
    Marlin Dormund(41) took 75 damage as DOT.
    Jason Mallister(90) took 60 damage as DOT.
    Marlin Dormund(-34) hit Jason Mallister(30) 100.
    Jason Mallister(-70) hit Marlin Dormund(-34) 128.
    ****
    Both of them are dead. A draw.
  Duel between Umbers(9) -WHI- and Blackwoods(21) -WIL- has begun.
    Greatjon Umber(600) hit Tytos Blackwood(450) 99.
    Tytos Blackwood(351) hit Greatjon Umber(600) 136.
    ****
    Greatjon Umber(464) took 25 damage as DOT.
    Tytos Blackwood(351) took 30 damage as DOT.
    Greatjon Umber(439) hit Tytos Blackwood(321) 99.
    Tytos Blackwood(222) hit Greatjon Umber(439) 136.
    ****
    Greatjon Umber(303) took 50 damage as DOT.
    Tytos Blackwood(222) took 60 damage as DOT.
    Greatjon Umber(253) hit Tytos Blackwood(162) 99.
    Tytos Blackwood(63) hit Greatjon Umber(253) 136.
    ****
    Greatjon Umber(117) took 75 damage as DOT.
    Tytos Blackwood(63) took 90 damage as DOT.
    Greatjon Umber(42) hit Tytos Blackwood(-27) 99.
    Tytos Blackwood(-126) hit Greatjon Umber(42) 136.
    ****
    Both of them are dead. A draw.
  Duel between Manderlys(0) -WIL- and Mallisters(18) -WIL- has begun.
    Wendel Manderly(450) hit Jason Mallister(450) 115.
    Jason Mallister(335) hit Wendel Manderly(450) 128.
    ****
    Wendel Manderly(322) took 25 damage as DOT.
    Jason Mallister(335) took 25 damage as DOT.
    Wendel Manderly(297) hit Jason Mallister(310) 115.
    Jason Mallister(195) hit Wendel Manderly(297) 128.
    ****
    Wendel Manderly(169) took 50 damage as DOT.
    Jason Mallister(195) took 50 damage as DOT.
    Wendel Manderly(119) hit Jason Mallister(145) 115.
    Jason Mallister(30) hit Wendel Manderly(119) 128.
    ****
    Jason Mallister(30) has won.
  Duel between Dormunds(0) -WIZ- and Brackens(21) -WIL- has begun.
    Marlin Dormund(500) hit Jonos Bracken(450) 100.
    Jonos Bracken(350) hit Marlin Dormund(500) 136.
    ****
    Marlin Dormund(364) took 25 damage as DOT.
    Jonos Bracken(350) took 20 damage as DOT.
    Marlin Dormund(339) hit Jonos Bracken(330) 100.
    Jonos Bracken(230) hit Marlin Dormund(339) 136.
    ****
    Marlin Dormund(203) took 50 damage as DOT.
    Jonos Bracken(230) took 40 damage as DOT.
    Marlin Dormund(153) hit Jonos Bracken(190) 100.
    Jonos Bracken(90) hit Marlin Dormund(153) 136.
    ****
    Marlin Dormund(17) took 75 damage as DOT.
    Jonos Bracken(90) took 60 damage as DOT.
    Marlin Dormund(-58) hit Jonos Bracken(30) 100.
    Jonos Bracken(-70) hit Marlin Dormund(-58) 136.
    ****
    Both of them are dead. A draw.
  Duel between House Stark(32) -WIL- and House Bolton(50) -WHI- has begun.
    Robb Stark(475) hit Walder Frey(650) 147.
    Walder Frey(503) hit Robb Stark(475) 140.
    ****
    Robb Stark(335) took 30 damage as DOT.
    Walder Frey(503) took 25 damage as DOT.
    Robb Stark(305) hit Walder Frey(478) 147.
    Walder Frey(331) hit Robb Stark(305) 140.
    ****
    Robb Stark(165) took 60 damage as DOT.
    Walder Frey(331) took 50 damage as DOT.
    Robb Stark(105) hit Walder Frey(281) 147.
    Walder Frey(134) hit Robb Stark(105) 140.
    ****
    Walder Frey(134) has won.
  The North got 0 house points. The Riverlands got 6 house points.

The winner is: The Riverlands with currently 1 kingdom points.
---------------
---------------
Duel 13: The Crownlands vs The Reach
  Duel between Thornes(30) -WIZ- and Redwynes(30) -WIL- has begun.
    Alliser Thorne(470) hit Paxter Redwyne(458) 175.
    Paxter Redwyne(283) hit Alliser Thorne(470) 178.
    ****
    Alliser Thorne(292) took 25 damage as DOT.
    Paxter Redwyne(283) took 20 damage as DOT.
    Alliser Thorne(267) hit Paxter Redwyne(263) 175.
    Paxter Redwyne(88) hit Alliser Thorne(267) 178.
    ****
    Alliser Thorne(89) took 50 damage as DOT.
    Paxter Redwyne(88) took 40 damage as DOT.
    Alliser Thorne(39) hit Paxter Redwyne(48) 175.
    Paxter Redwyne(-127) hit Alliser Thorne(39) 178.
    ****
    Both of them are dead. A draw.
  Duel between Gaunts(36) -WIZ- and Hightowers(30) -WHI- has begun.
    Gwayne Gaunt(545) hit Leyton Hightower(633) 181.
    Leyton Hightower(452) hit Gwayne Gaunt(545) 153.
    ****
    Gwayne Gaunt(392) took 30 damage as DOT.
    Leyton Hightower(452) took 20 damage as DOT.
    Gwayne Gaunt(362) hit Leyton Hightower(432) 181.
    Leyton Hightower(251) hit Gwayne Gaunt(362) 153.
    ****
    Gwayne Gaunt(209) took 60 damage as DOT.
    Leyton Hightower(251) took 40 damage as DOT.
    Gwayne Gaunt(149) hit Leyton Hightower(211) 181.
    Leyton Hightower(30) hit Gwayne Gaunt(149) 153.
    ****
    Leyton Hightower(30) has won.
  Duel between Rosbys(33) -WIZ- and Florents(28) -WIZ- has begun.
    Gyles Rosby(470) hit Axell Florent(558) 183.
    Axell Florent(375) hit Gyles Rosby(470) 146.
    ****
    Gyles Rosby(324) took 20 damage as DOT.
    Axell Florent(375) took 20 damage as DOT.
    Gyles Rosby(304) hit Axell Florent(355) 183.
    Axell Florent(172) hit Gyles Rosby(304) 146.
    ****
    Gyles Rosby(158) took 40 damage as DOT.
    Axell Florent(172) took 40 damage as DOT.
    Gyles Rosby(118) hit Axell Florent(132) 183.
    Axell Florent(-51) hit Gyles Rosby(118) 146.
    ****
    Both of them are dead. A draw.
  Duel between Thornes(30) -WIZ- and Hightowers(27) -WHI- has begun.
    Alliser Thorne(470) hit Leyton Hightower(633) 175.
    Leyton Hightower(458) hit Alliser Thorne(470) 150.
    ****
    Alliser Thorne(320) took 30 damage as DOT.
    Leyton Hightower(458) took 20 damage as DOT.
    Alliser Thorne(290) hit Leyton Hightower(438) 175.
    Leyton Hightower(263) hit Alliser Thorne(290) 150.
    ****
    Alliser Thorne(140) took 60 damage as DOT.
    Leyton Hightower(263) took 40 damage as DOT.
    Alliser Thorne(80) hit Leyton Hightower(223) 175.
    Leyton Hightower(48) hit Alliser Thorne(80) 150.
    ****
    Leyton Hightower(48) has won.
  Duel between Gaunts(33) -WIZ- and Florents(28) -WIZ- has begun.
    Gwayne Gaunt(545) hit Axell Florent(558) 178.
    Axell Florent(380) hit Gwayne Gaunt(545) 146.
    ****
    Gwayne Gaunt(399) took 20 damage as DOT.
    Axell Florent(380) took 20 damage as DOT.
    Gwayne Gaunt(379) hit Axell Florent(360) 178.
    Axell Florent(182) hit Gwayne Gaunt(379) 146.
    ****
    Gwayne Gaunt(233) took 40 damage as DOT.
    Axell Florent(182) took 40 damage as DOT.
    Gwayne Gaunt(193) hit Axell Florent(142) 178.
    Axell Florent(-36) hit Gwayne Gaunt(193) 146.
    ****
    Gwayne Gaunt(47) has won.
  Duel between Rosbys(33) -WIZ- and Redwynes(30) -WIL- has begun.
    Gyles Rosby(470) hit Paxter Redwyne(458) 183.
    Paxter Redwyne(275) hit Gyles Rosby(470) 178.
    ****
    Gyles Rosby(292) took 25 damage as DOT.
    Paxter Redwyne(275) took 20 damage as DOT.
    Gyles Rosby(267) hit Paxter Redwyne(255) 183.
    Paxter Redwyne(72) hit Gyles Rosby(267) 178.
    ****
    Gyles Rosby(89) took 50 damage as DOT.
    Paxter Redwyne(72) took 40 damage as DOT.
    Gyles Rosby(39) hit Paxter Redwyne(32) 183.
    Paxter Redwyne(-151) hit Gyles Rosby(39) 178.
    ****
    Both of them are dead. A draw.
  Duel between Thornes(27) -WIZ- and Florents(25) -WIZ- has begun.
    Alliser Thorne(470) hit Axell Florent(558) 172.
    Axell Florent(386) hit Alliser Thorne(470) 143.
    ****
    Alliser Thorne(327) took 20 damage as DOT.
    Axell Florent(386) took 20 damage as DOT.
    Alliser Thorne(307) hit Axell Florent(366) 172.
    Axell Florent(194) hit Alliser Thorne(307) 143.
    ****
    Alliser Thorne(164) took 40 damage as DOT.
    Axell Florent(194) took 40 damage as DOT.
    Alliser Thorne(124) hit Axell Florent(154) 172.
    Axell Florent(-18) hit Alliser Thorne(124) 143.
    ****
    Both of them are dead. A draw.
  Duel between Gaunts(36) -WIZ- and Redwynes(30) -WIL- has begun.
    Gwayne Gaunt(545) hit Paxter Redwyne(458) 181.
    Paxter Redwyne(277) hit Gwayne Gaunt(545) 178.
    ****
    Gwayne Gaunt(367) took 25 damage as DOT.
    Paxter Redwyne(277) took 20 damage as DOT.
    Gwayne Gaunt(342) hit Paxter Redwyne(257) 181.
    Paxter Redwyne(76) hit Gwayne Gaunt(342) 178.
    ****
    Gwayne Gaunt(164) took 50 damage as DOT.
    Paxter Redwyne(76) took 40 damage as DOT.
    Gwayne Gaunt(114) hit Paxter Redwyne(36) 181.
    Paxter Redwyne(-145) hit Gwayne Gaunt(114) 178.
    ****
    Both of them are dead. A draw.
  Duel between Rosbys(33) -WIZ- and Hightowers(25) -WHI- has begun.
    Gyles Rosby(470) hit Leyton Hightower(633) 183.
    Leyton Hightower(450) hit Gyles Rosby(470) 148.
    ****
    Gyles Rosby(322) took 30 damage as DOT.
    Leyton Hightower(450) took 20 damage as DOT.
    Gyles Rosby(292) hit Leyton Hightower(430) 183.
    Leyton Hightower(247) hit Gyles Rosby(292) 148.
    ****
    Gyles Rosby(144) took 60 damage as DOT.
    Leyton Hightower(247) took 40 damage as DOT.
    Gyles Rosby(84) hit Leyton Hightower(207) 183.
    Leyton Hightower(24) hit Gyles Rosby(84) 148.
    ****
    Leyton Hightower(24) has won.
  Duel between House Baratheon(50) -WIL- and House Lannister(50) -WIL- has begun.
    Aegon Targaryen(470) hit Loras Tyrell(458) 215.
    Loras Tyrell(243) hit Aegon Targaryen(470) 193.
    ****
    Aegon Targaryen(277) took 25 damage as DOT.
    Loras Tyrell(243) took 25 damage as DOT.
    Aegon Targaryen(252) hit Loras Tyrell(218) 215.
    Loras Tyrell(3) hit Aegon Targaryen(252) 193.
    ****
    Aegon Targaryen(59) took 50 damage as DOT.
    Loras Tyrell(3) took 50 damage as DOT.
    Aegon Targaryen(9) hit Loras Tyrell(-47) 215.
    Loras Tyrell(-262) hit Aegon Targaryen(9) 193.
    ****
    Both of them are dead. A draw.
  The Crownlands got 1 house points. The Reach got 3 house points.

The winner is: The Reach with currently 4 kingdom points.
---------------
---------------
Duel 14: The Iron Islands vs The Riverlands
  Duel between Blacktydes(45) -WIZ- and Mallisters(21) -WIL- has begun.
    Baelor Blacktyde(480) hit Jason Mallister(450) 230.
    Jason Mallister(220) hit Baelor Blacktyde(480) 131.
    ****
    Baelor Blacktyde(349) took 25 damage as DOT.
    Jason Mallister(220) took 20 damage as DOT.
    Baelor Blacktyde(324) hit Jason Mallister(200) 230.
    Jason Mallister(-30) hit Baelor Blacktyde(324) 131.
    ****
    Baelor Blacktyde(193) has won.
  Duel between Merlyns(33) -WIZ- and Brackens(21) -WIL- has begun.
    Meldred Merlyn(430) hit Jonos Bracken(450) 218.
    Jonos Bracken(232) hit Meldred Merlyn(430) 136.
    ****
    Meldred Merlyn(294) took 25 damage as DOT.
    Jonos Bracken(232) took 20 damage as DOT.
    Meldred Merlyn(269) hit Jonos Bracken(212) 218.
    Jonos Bracken(-6) hit Meldred Merlyn(269) 136.
    ****
    Meldred Merlyn(133) has won.
  Duel between Harlaws(54) -WIL- and Blackwoods(21) -WIL- has begun.
    Alannys Harlaw(455) hit Tytos Blackwood(450) 259.
    Tytos Blackwood(191) hit Alannys Harlaw(455) 136.
    ****
    Alannys Harlaw(319) took 25 damage as DOT.
    Tytos Blackwood(191) took 25 damage as DOT.
    Alannys Harlaw(294) hit Tytos Blackwood(166) 259.
    Tytos Blackwood(-93) hit Alannys Harlaw(294) 136.
    ****
    Alannys Harlaw(158) has won.
  Duel between Blacktydes(48) -WIZ- and Brackens(18) -WIL- has begun.
    Baelor Blacktyde(480) hit Jonos Bracken(450) 233.
    Jonos Bracken(217) hit Baelor Blacktyde(480) 133.
    ****
    Baelor Blacktyde(347) took 25 damage as DOT.
    Jonos Bracken(217) took 20 damage as DOT.
    Baelor Blacktyde(322) hit Jonos Bracken(197) 233.
    Jonos Bracken(-36) hit Baelor Blacktyde(322) 133.
    ****
    Baelor Blacktyde(189) has won.
  Duel between Merlyns(36) -WIZ- and Blackwoods(18) -WIL- has begun.
    Meldred Merlyn(430) hit Tytos Blackwood(450) 221.
    Tytos Blackwood(229) hit Meldred Merlyn(430) 133.
    ****
    Meldred Merlyn(297) took 25 damage as DOT.
    Tytos Blackwood(229) took 20 damage as DOT.
    Meldred Merlyn(272) hit Tytos Blackwood(209) 221.
    Tytos Blackwood(-12) hit Meldred Merlyn(272) 133.
    ****
    Meldred Merlyn(139) has won.
  Duel between Harlaws(57) -WIL- and Mallisters(18) -WIL- has begun.
    Alannys Harlaw(455) hit Jason Mallister(450) 262.
    Jason Mallister(188) hit Alannys Harlaw(455) 128.
    ****
    Alannys Harlaw(327) took 25 damage as DOT.
    Jason Mallister(188) took 25 damage as DOT.
    Alannys Harlaw(302) hit Jason Mallister(163) 262.
    Jason Mallister(-99) hit Alannys Harlaw(302) 128.
    ****
    Alannys Harlaw(174) has won.
  Duel between Blacktydes(51) -WIZ- and Blackwoods(15) -WIL- has begun.
    Baelor Blacktyde(480) hit Tytos Blackwood(450) 236.
    Tytos Blackwood(214) hit Baelor Blacktyde(480) 130.
    ****
    Baelor Blacktyde(350) took 25 damage as DOT.
    Tytos Blackwood(214) took 20 damage as DOT.
    Baelor Blacktyde(325) hit Tytos Blackwood(194) 236.
    Tytos Blackwood(-42) hit Baelor Blacktyde(325) 130.
    ****
    Baelor Blacktyde(195) has won.
  Duel between Merlyns(39) -WIZ- and Mallisters(15) -WIL- has begun.
    Meldred Merlyn(430) hit Jason Mallister(450) 224.
    Jason Mallister(226) hit Meldred Merlyn(430) 125.
    ****
    Meldred Merlyn(305) took 25 damage as DOT.
    Jason Mallister(226) took 20 damage as DOT.
    Meldred Merlyn(280) hit Jason Mallister(206) 224.
    Jason Mallister(-18) hit Meldred Merlyn(280) 125.
    ****
    Meldred Merlyn(155) has won.
  Duel between Harlaws(60) -WIL- and Brackens(15) -WIL- has begun.
    Alannys Harlaw(455) hit Jonos Bracken(450) 265.
    Jonos Bracken(185) hit Alannys Harlaw(455) 130.
    ****
    Alannys Harlaw(325) took 25 damage as DOT.
    Jonos Bracken(185) took 25 damage as DOT.
    Alannys Harlaw(300) hit Jonos Bracken(160) 265.
    Jonos Bracken(-105) hit Alannys Harlaw(300) 130.
    ****
    Alannys Harlaw(170) has won.
  Duel between House Greyjoy(59) -WIL- and House Bolton(55) -WHI- has begun.
    Rodrik Greyjoy(405) hit Walder Frey(650) 264.
    Walder Frey(386) hit Rodrik Greyjoy(405) 145.
    ****
    Rodrik Greyjoy(260) took 30 damage as DOT.
    Walder Frey(386) took 25 damage as DOT.
    Rodrik Greyjoy(230) hit Walder Frey(361) 264.
    Walder Frey(97) hit Rodrik Greyjoy(230) 145.
    ****
    Rodrik Greyjoy(85) took 60 damage as DOT.
    Walder Frey(97) took 50 damage as DOT.
    Rodrik Greyjoy(25) hit Walder Frey(47) 264.
    Walder Frey(-217) hit Rodrik Greyjoy(25) 145.
    ****
    Both of them are dead. A draw.
  The Iron Islands got 9 house points. The Riverlands got 0 house points.

The winner is: The Iron Islands with currently 5 kingdom points.
---------------
---------------
Duel 15: The Crownlands vs The Riverlands
  Duel between Thornes(27) -WIZ- and Mallisters(12) -WIL- has begun.
    Alliser Thorne(470) hit Jason Mallister(450) 172.
    Jason Mallister(278) hit Alliser Thorne(470) 122.
    ****
    Alliser Thorne(348) took 25 damage as DOT.
    Jason Mallister(278) took 20 damage as DOT.
    Alliser Thorne(323) hit Jason Mallister(258) 172.
    Jason Mallister(86) hit Alliser Thorne(323) 122.
    ****
    Alliser Thorne(201) took 50 damage as DOT.
    Jason Mallister(86) took 40 damage as DOT.
    Alliser Thorne(151) hit Jason Mallister(46) 172.
    Jason Mallister(-126) hit Alliser Thorne(151) 122.
    ****
    Alliser Thorne(29) has won.
  Duel between Gaunts(36) -WIZ- and Brackens(12) -WIL- has begun.
    Gwayne Gaunt(545) hit Jonos Bracken(450) 181.
    Jonos Bracken(269) hit Gwayne Gaunt(545) 127.
    ****
    Gwayne Gaunt(418) took 25 damage as DOT.
    Jonos Bracken(269) took 20 damage as DOT.
    Gwayne Gaunt(393) hit Jonos Bracken(249) 181.
    Jonos Bracken(68) hit Gwayne Gaunt(393) 127.
    ****
    Gwayne Gaunt(266) took 50 damage as DOT.
    Jonos Bracken(68) took 40 damage as DOT.
    Gwayne Gaunt(216) hit Jonos Bracken(28) 181.
    Jonos Bracken(-153) hit Gwayne Gaunt(216) 127.
    ****
    Gwayne Gaunt(89) has won.
  Duel between Rosbys(30) -WIZ- and Blackwoods(12) -WIL- has begun.
    Gyles Rosby(470) hit Tytos Blackwood(450) 180.
    Tytos Blackwood(270) hit Gyles Rosby(470) 127.
    ****
    Gyles Rosby(343) took 25 damage as DOT.
    Tytos Blackwood(270) took 20 damage as DOT.
    Gyles Rosby(318) hit Tytos Blackwood(250) 180.
    Tytos Blackwood(70) hit Gyles Rosby(318) 127.
    ****
    Gyles Rosby(191) took 50 damage as DOT.
    Tytos Blackwood(70) took 40 damage as DOT.
    Gyles Rosby(141) hit Tytos Blackwood(30) 180.
    Tytos Blackwood(-150) hit Gyles Rosby(141) 127.
    ****
    Gyles Rosby(14) has won.
  Duel between Thornes(30) -WIZ- and Brackens(9) -WIL- has begun.
    Alliser Thorne(470) hit Jonos Bracken(450) 175.
    Jonos Bracken(275) hit Alliser Thorne(470) 124.
    ****
    Alliser Thorne(346) took 25 damage as DOT.
    Jonos Bracken(275) took 20 damage as DOT.
    Alliser Thorne(321) hit Jonos Bracken(255) 175.
    Jonos Bracken(80) hit Alliser Thorne(321) 124.
    ****
    Alliser Thorne(197) took 50 damage as DOT.
    Jonos Bracken(80) took 40 damage as DOT.
    Alliser Thorne(147) hit Jonos Bracken(40) 175.
    Jonos Bracken(-135) hit Alliser Thorne(147) 124.
    ****
    Alliser Thorne(23) has won.
  Duel between Gaunts(39) -WIZ- and Blackwoods(9) -WIL- has begun.
    Gwayne Gaunt(545) hit Tytos Blackwood(450) 184.
    Tytos Blackwood(266) hit Gwayne Gaunt(545) 124.
    ****
    Gwayne Gaunt(421) took 25 damage as DOT.
    Tytos Blackwood(266) took 20 damage as DOT.
    Gwayne Gaunt(396) hit Tytos Blackwood(246) 184.
    Tytos Blackwood(62) hit Gwayne Gaunt(396) 124.
    ****
    Gwayne Gaunt(272) took 50 damage as DOT.
    Tytos Blackwood(62) took 40 damage as DOT.
    Gwayne Gaunt(222) hit Tytos Blackwood(22) 184.
    Tytos Blackwood(-162) hit Gwayne Gaunt(222) 124.
    ****
    Gwayne Gaunt(98) has won.
  Duel between Rosbys(33) -WIZ- and Mallisters(9) -WIL- has begun.
    Gyles Rosby(470) hit Jason Mallister(450) 183.
    Jason Mallister(267) hit Gyles Rosby(470) 119.
    ****
    Gyles Rosby(351) took 25 damage as DOT.
    Jason Mallister(267) took 20 damage as DOT.
    Gyles Rosby(326) hit Jason Mallister(247) 183.
    Jason Mallister(64) hit Gyles Rosby(326) 119.
    ****
    Gyles Rosby(207) took 50 damage as DOT.
    Jason Mallister(64) took 40 damage as DOT.
    Gyles Rosby(157) hit Jason Mallister(24) 183.
    Jason Mallister(-159) hit Gyles Rosby(157) 119.
    ****
    Gyles Rosby(38) has won.
  Duel between Thornes(33) -WIZ- and Blackwoods(6) -WIL- has begun.
    Alliser Thorne(470) hit Tytos Blackwood(450) 178.
    Tytos Blackwood(272) hit Alliser Thorne(470) 121.
    ****
    Alliser Thorne(349) took 25 damage as DOT.
    Tytos Blackwood(272) took 20 damage as DOT.
    Alliser Thorne(324) hit Tytos Blackwood(252) 178.
    Tytos Blackwood(74) hit Alliser Thorne(324) 121.
    ****
    Alliser Thorne(203) took 50 damage as DOT.
    Tytos Blackwood(74) took 40 damage as DOT.
    Alliser Thorne(153) hit Tytos Blackwood(34) 178.
    Tytos Blackwood(-144) hit Alliser Thorne(153) 121.
    ****
    Alliser Thorne(32) has won.
  Duel between Gaunts(42) -WIZ- and Mallisters(6) -WIL- has begun.
    Gwayne Gaunt(545) hit Jason Mallister(450) 187.
    Jason Mallister(263) hit Gwayne Gaunt(545) 116.
    ****
    Gwayne Gaunt(429) took 25 damage as DOT.
    Jason Mallister(263) took 20 damage as DOT.
    Gwayne Gaunt(404) hit Jason Mallister(243) 187.
    Jason Mallister(56) hit Gwayne Gaunt(404) 116.
    ****
    Gwayne Gaunt(288) took 50 damage as DOT.
    Jason Mallister(56) took 40 damage as DOT.
    Gwayne Gaunt(238) hit Jason Mallister(16) 187.
    Jason Mallister(-171) hit Gwayne Gaunt(238) 116.
    ****
    Gwayne Gaunt(122) has won.
  Duel between Rosbys(36) -WIZ- and Brackens(6) -WIL- has begun.
    Gyles Rosby(470) hit Jonos Bracken(450) 186.
    Jonos Bracken(264) hit Gyles Rosby(470) 121.
    ****
    Gyles Rosby(349) took 25 damage as DOT.
    Jonos Bracken(264) took 20 damage as DOT.
    Gyles Rosby(324) hit Jonos Bracken(244) 186.
    Jonos Bracken(58) hit Gyles Rosby(324) 121.
    ****
    Gyles Rosby(203) took 50 damage as DOT.
    Jonos Bracken(58) took 40 damage as DOT.
    Gyles Rosby(153) hit Jonos Bracken(18) 186.
    Jonos Bracken(-168) hit Gyles Rosby(153) 121.
    ****
    Gyles Rosby(32) has won.
  Duel between House Baratheon(50) -WIL- and House Bolton(55) -WHI- has begun.
    Aegon Targaryen(470) hit Walder Frey(650) 215.
    Walder Frey(435) hit Aegon Targaryen(470) 145.
    ****
    Aegon Targaryen(325) took 30 damage as DOT.
    Walder Frey(435) took 25 damage as DOT.
    Aegon Targaryen(295) hit Walder Frey(410) 215.
    Walder Frey(195) hit Aegon Targaryen(295) 145.
    ****
    Aegon Targaryen(150) took 60 damage as DOT.
    Walder Frey(195) took 50 damage as DOT.
    Aegon Targaryen(90) hit Walder Frey(145) 215.
    Walder Frey(-70) hit Aegon Targaryen(90) 145.
    ****
    Both of them are dead. A draw.
  The Crownlands got 9 house points. The Riverlands got 0 house points.

The winner is: The Crownlands with currently 2 kingdom points.
---------------
The War is over. The new owner of King's Landing is The Iron Islands with a total of 5 points.

