War has started with 3 kingdoms.
---------------
Duel 1: The Westernlands vs The Iron Islands
  Duel between Crakehalls(30) -WIL- and Goodbrothers(30) -WIL- has begun.
    Desmond Crakehall(430) hit Urragon Goodbrother(500) 235.
    Urragon Goodbrother(265) hit Desmond Crakehall(430) 215.
    ****
    Desmond Crakehall(215) took 25 damage as DOT.
    Urragon Goodbrother(265) took 25 damage as DOT.
    Desmond Crakehall(190) hit Urragon Goodbrother(240) 235.
    Urragon Goodbrother(5) hit Desmond Crakehall(190) 215.
    ****
    Urragon Goodbrother(5) has won.
  Duel between Paynes(30) -WHI- and Merlyns(30) -WHI- has begun.
    Ilyn Payne(630) hit Meldred Merlyn(650) 210.
    Meldred Merlyn(440) hit Ilyn Payne(630) 190.
    ****
    Ilyn Payne(440) took 30 damage as DOT.
    Meldred Merlyn(440) took 30 damage as DOT.
    Ilyn Payne(410) hit Meldred Merlyn(410) 210.
    Meldred Merlyn(200) hit Ilyn Payne(410) 190.
    ****
    Ilyn Payne(220) took 60 damage as DOT.
    Meldred Merlyn(200) took 60 damage as DOT.
    Ilyn Payne(160) hit Meldred Merlyn(140) 210.
    Meldred Merlyn(-70) hit Ilyn Payne(160) 190.
    ****
    Both of them are dead. A draw.
  Duel between Lannister of Lannisports(30) -WIL- and Harlaws(30) -WHI- has begun.
    Reginald Lannister(430) hit Alannys Harlaw(600) 235.
    Alannys Harlaw(365) hit Reginald Lannister(430) 190.
    ****
    Reginald Lannister(240) took 30 damage as DOT.
    Alannys Harlaw(365) took 25 damage as DOT.
    Reginald Lannister(210) hit Alannys Harlaw(340) 235.
    Alannys Harlaw(105) hit Reginald Lannister(210) 190.
    ****
    Reginald Lannister(20) took 60 damage as DOT.
    Alannys Harlaw(105) took 50 damage as DOT.
    Reginald Lannister(-40) hit Alannys Harlaw(55) 235.
    Alannys Harlaw(-180) hit Reginald Lannister(-40) 190.
    ****
    Both of them are dead. A draw.
  Duel between Crakehalls(27) -WIL- and Merlyns(30) -WHI- has begun.
    Desmond Crakehall(430) hit Meldred Merlyn(650) 232.
    Meldred Merlyn(418) hit Desmond Crakehall(430) 190.
    ****
    Desmond Crakehall(240) took 30 damage as DOT.
    Meldred Merlyn(418) took 25 damage as DOT.
    Desmond Crakehall(210) hit Meldred Merlyn(393) 232.
    Meldred Merlyn(161) hit Desmond Crakehall(210) 190.
    ****
    Desmond Crakehall(20) took 60 damage as DOT.
    Meldred Merlyn(161) took 50 damage as DOT.
    Desmond Crakehall(-40) hit Meldred Merlyn(111) 232.
    Meldred Merlyn(-121) hit Desmond Crakehall(-40) 190.
    ****
    Both of them are dead. A draw.
  Duel between Paynes(30) -WHI- and Harlaws(30) -WHI- has begun.
    Ilyn Payne(630) hit Alannys Harlaw(600) 210.
    Alannys Harlaw(390) hit Ilyn Payne(630) 190.
    ****
    Ilyn Payne(440) took 30 damage as DOT.
    Alannys Harlaw(390) took 30 damage as DOT.
    Ilyn Payne(410) hit Alannys Harlaw(360) 210.
    Alannys Harlaw(150) hit Ilyn Payne(410) 190.
    ****
    Ilyn Payne(220) took 60 damage as DOT.
    Alannys Harlaw(150) took 60 damage as DOT.
    Ilyn Payne(160) hit Alannys Harlaw(90) 210.
    Alannys Harlaw(-120) hit Ilyn Payne(160) 190.
    ****
    Both of them are dead. A draw.
  Duel between Lannister of Lannisports(30) -WIL- and Goodbrothers(33) -WIL- has begun.
    Reginald Lannister(430) hit Urragon Goodbrother(500) 235.
    Urragon Goodbrother(265) hit Reginald Lannister(430) 218.
    ****
    Reginald Lannister(212) took 25 damage as DOT.
    Urragon Goodbrother(265) took 25 damage as DOT.
    Reginald Lannister(187) hit Urragon Goodbrother(240) 235.
    Urragon Goodbrother(5) hit Reginald Lannister(187) 218.
    ****
    Urragon Goodbrother(5) has won.
  Duel between Crakehalls(27) -WIL- and Harlaws(30) -WHI- has begun.
    Desmond Crakehall(430) hit Alannys Harlaw(600) 232.
    Alannys Harlaw(368) hit Desmond Crakehall(430) 190.
    ****
    Desmond Crakehall(240) took 30 damage as DOT.
    Alannys Harlaw(368) took 25 damage as DOT.
    Desmond Crakehall(210) hit Alannys Harlaw(343) 232.
    Alannys Harlaw(111) hit Desmond Crakehall(210) 190.
    ****
    Desmond Crakehall(20) took 60 damage as DOT.
    Alannys Harlaw(111) took 50 damage as DOT.
    Desmond Crakehall(-40) hit Alannys Harlaw(61) 232.
    Alannys Harlaw(-171) hit Desmond Crakehall(-40) 190.
    ****
    Both of them are dead. A draw.
  Duel between Paynes(30) -WHI- and Goodbrothers(36) -WIL- has begun.
    Ilyn Payne(630) hit Urragon Goodbrother(500) 210.
    Urragon Goodbrother(290) hit Ilyn Payne(630) 221.
    ****
    Ilyn Payne(409) took 25 damage as DOT.
    Urragon Goodbrother(290) took 30 damage as DOT.
    Ilyn Payne(384) hit Urragon Goodbrother(260) 210.
    Urragon Goodbrother(50) hit Ilyn Payne(384) 221.
    ****
    Ilyn Payne(163) took 50 damage as DOT.
    Urragon Goodbrother(50) took 60 damage as DOT.
    Ilyn Payne(113) hit Urragon Goodbrother(-10) 210.
    Urragon Goodbrother(-220) hit Ilyn Payne(113) 221.
    ****
    Both of them are dead. A draw.
  Duel between Lannister of Lannisports(27) -WIL- and Merlyns(30) -WHI- has begun.
    Reginald Lannister(430) hit Meldred Merlyn(650) 232.
    Meldred Merlyn(418) hit Reginald Lannister(430) 190.
    ****
    Reginald Lannister(240) took 30 damage as DOT.
    Meldred Merlyn(418) took 25 damage as DOT.
    Reginald Lannister(210) hit Meldred Merlyn(393) 232.
    Meldred Merlyn(161) hit Reginald Lannister(210) 190.
    ****
    Reginald Lannister(20) took 60 damage as DOT.
    Meldred Merlyn(161) took 50 damage as DOT.
    Reginald Lannister(-40) hit Meldred Merlyn(111) 232.
    Meldred Merlyn(-121) hit Reginald Lannister(-40) 190.
    ****
    Both of them are dead. A draw.
  Duel between House Frey(50) -WHI- and House Greyjoy(50) -WIL- has begun.
    Jamie Lannister(580) hit Balon Greyjoy(450) 205.
    Balon Greyjoy(245) hit Jamie Lannister(580) 235.
    ****
    Jamie Lannister(345) took 25 damage as DOT.
    Balon Greyjoy(245) took 30 damage as DOT.
    Jamie Lannister(320) hit Balon Greyjoy(215) 205.
    Balon Greyjoy(10) hit Jamie Lannister(320) 235.
    ****
    Jamie Lannister(85) took 50 damage as DOT.
    Balon Greyjoy(10) took 60 damage as DOT.
    Jamie Lannister(35) hit Balon Greyjoy(-50) 205.
    Balon Greyjoy(-255) hit Jamie Lannister(35) 235.
    ****
    Both of them are dead. A draw.
  The Westernlands got 0 house points. The Iron Islands got 2 house points.

The winner is: The Iron Islands with currently 1 kingdom points.
---------------
---------------
Duel 2: The Iron Islands vs Dorne
  Duel between Goodbrothers(36) -WIL- and Jordaynes(30) -WIZ- has begun.
    Urragon Goodbrother(500) hit Trebor Jordayne(555) 221.
    Trebor Jordayne(334) hit Urragon Goodbrother(500) 160.
    ****
    Urragon Goodbrother(340) took 20 damage as DOT.
    Trebor Jordayne(334) took 25 damage as DOT.
    Urragon Goodbrother(320) hit Trebor Jordayne(309) 221.
    Trebor Jordayne(88) hit Urragon Goodbrother(320) 160.
    ****
    Urragon Goodbrother(160) took 40 damage as DOT.
    Trebor Jordayne(88) took 50 damage as DOT.
    Urragon Goodbrother(120) hit Trebor Jordayne(38) 221.
    Trebor Jordayne(-183) hit Urragon Goodbrother(120) 160.
    ****
    Both of them are dead. A draw.
  Duel between Merlyns(30) -WHI- and Gargalens(30) -WHI- has begun.
    Meldred Merlyn(650) hit Lord Gargalen(630) 190.
    Lord Gargalen(440) hit Meldred Merlyn(650) 160.
    ****
    Meldred Merlyn(490) took 30 damage as DOT.
    Lord Gargalen(440) took 30 damage as DOT.
    Meldred Merlyn(460) hit Lord Gargalen(410) 190.
    Lord Gargalen(220) hit Meldred Merlyn(460) 160.
    ****
    Meldred Merlyn(300) took 60 damage as DOT.
    Lord Gargalen(220) took 60 damage as DOT.
    Meldred Merlyn(240) hit Lord Gargalen(160) 190.
    Lord Gargalen(-30) hit Meldred Merlyn(240) 160.
    ****
    Meldred Merlyn(80) has won.
  Duel between Harlaws(30) -WHI- and Manwoodys(30) -WIL- has begun.
    Alannys Harlaw(600) hit Dagos Manwoody(455) 190.
    Dagos Manwoody(265) hit Alannys Harlaw(600) 180.
    ****
    Alannys Harlaw(420) took 25 damage as DOT.
    Dagos Manwoody(265) took 30 damage as DOT.
    Alannys Harlaw(395) hit Dagos Manwoody(235) 190.
    Dagos Manwoody(45) hit Alannys Harlaw(395) 180.
    ****
    Alannys Harlaw(215) took 50 damage as DOT.
    Dagos Manwoody(45) took 60 damage as DOT.
    Alannys Harlaw(165) hit Dagos Manwoody(-15) 190.
    Dagos Manwoody(-205) hit Alannys Harlaw(165) 180.
    ****
    Both of them are dead. A draw.
  Duel between Goodbrothers(36) -WIL- and Gargalens(27) -WHI- has begun.
    Urragon Goodbrother(500) hit Lord Gargalen(630) 221.
    Lord Gargalen(409) hit Urragon Goodbrother(500) 157.
    ****
    Urragon Goodbrother(343) took 30 damage as DOT.
    Lord Gargalen(409) took 25 damage as DOT.
    Urragon Goodbrother(313) hit Lord Gargalen(384) 221.
    Lord Gargalen(163) hit Urragon Goodbrother(313) 157.
    ****
    Urragon Goodbrother(156) took 60 damage as DOT.
    Lord Gargalen(163) took 50 damage as DOT.
    Urragon Goodbrother(96) hit Lord Gargalen(113) 221.
    Lord Gargalen(-108) hit Urragon Goodbrother(96) 157.
    ****
    Both of them are dead. A draw.
  Duel between Merlyns(33) -WHI- and Manwoodys(30) -WIL- has begun.
    Meldred Merlyn(650) hit Dagos Manwoody(455) 193.
    Dagos Manwoody(262) hit Meldred Merlyn(650) 180.
    ****
    Meldred Merlyn(470) took 25 damage as DOT.
    Dagos Manwoody(262) took 30 damage as DOT.
    Meldred Merlyn(445) hit Dagos Manwoody(232) 193.
    Dagos Manwoody(39) hit Meldred Merlyn(445) 180.
    ****
    Meldred Merlyn(265) took 50 damage as DOT.
    Dagos Manwoody(39) took 60 damage as DOT.
    Meldred Merlyn(215) hit Dagos Manwoody(-21) 193.
    Dagos Manwoody(-214) hit Meldred Merlyn(215) 180.
    ****
    Meldred Merlyn(35) has won.
  Duel between Harlaws(30) -WHI- and Jordaynes(30) -WIZ- has begun.
    Alannys Harlaw(600) hit Trebor Jordayne(555) 190.
    Trebor Jordayne(365) hit Alannys Harlaw(600) 160.
    ****
    Alannys Harlaw(440) took 20 damage as DOT.
    Trebor Jordayne(365) took 30 damage as DOT.
    Alannys Harlaw(420) hit Trebor Jordayne(335) 190.
    Trebor Jordayne(145) hit Alannys Harlaw(420) 160.
    ****
    Alannys Harlaw(260) took 40 damage as DOT.
    Trebor Jordayne(145) took 60 damage as DOT.
    Alannys Harlaw(220) hit Trebor Jordayne(85) 190.
    Trebor Jordayne(-105) hit Alannys Harlaw(220) 160.
    ****
    Alannys Harlaw(60) has won.
  Duel between Goodbrothers(36) -WIL- and Manwoodys(27) -WIL- has begun.
    Urragon Goodbrother(500) hit Dagos Manwoody(455) 221.
    Dagos Manwoody(234) hit Urragon Goodbrother(500) 177.
    ****
    Urragon Goodbrother(323) took 25 damage as DOT.
    Dagos Manwoody(234) took 25 damage as DOT.
    Urragon Goodbrother(298) hit Dagos Manwoody(209) 221.
    Dagos Manwoody(-12) hit Urragon Goodbrother(298) 177.
    ****
    Urragon Goodbrother(121) has won.
  Duel between Merlyns(36) -WHI- and Jordaynes(27) -WIZ- has begun.
    Meldred Merlyn(650) hit Trebor Jordayne(555) 196.
    Trebor Jordayne(359) hit Meldred Merlyn(650) 157.
    ****
    Meldred Merlyn(493) took 20 damage as DOT.
    Trebor Jordayne(359) took 30 damage as DOT.
    Meldred Merlyn(473) hit Trebor Jordayne(329) 196.
    Trebor Jordayne(133) hit Meldred Merlyn(473) 157.
    ****
    Meldred Merlyn(316) took 40 damage as DOT.
    Trebor Jordayne(133) took 60 damage as DOT.
    Meldred Merlyn(276) hit Trebor Jordayne(73) 196.
    Trebor Jordayne(-123) hit Meldred Merlyn(276) 157.
    ****
    Meldred Merlyn(119) has won.
  Duel between Harlaws(33) -WHI- and Gargalens(27) -WHI- has begun.
    Alannys Harlaw(600) hit Lord Gargalen(630) 193.
    Lord Gargalen(437) hit Alannys Harlaw(600) 157.
    ****
    Alannys Harlaw(443) took 30 damage as DOT.
    Lord Gargalen(437) took 30 damage as DOT.
    Alannys Harlaw(413) hit Lord Gargalen(407) 193.
    Lord Gargalen(214) hit Alannys Harlaw(413) 157.
    ****
    Alannys Harlaw(256) took 60 damage as DOT.
    Lord Gargalen(214) took 60 damage as DOT.
    Alannys Harlaw(196) hit Lord Gargalen(154) 193.
    Lord Gargalen(-39) hit Alannys Harlaw(196) 157.
    ****
    Alannys Harlaw(39) has won.
  Duel between House Greyjoy(50) -WIL- and House Martell(50) -WIL- has begun.
    Balon Greyjoy(450) hit Doran Martell(455) 235.
    Doran Martell(220) hit Balon Greyjoy(450) 205.
    ****
    Balon Greyjoy(245) took 25 damage as DOT.
    Doran Martell(220) took 25 damage as DOT.
    Balon Greyjoy(220) hit Doran Martell(195) 235.
    Doran Martell(-40) hit Balon Greyjoy(220) 205.
    ****
    Balon Greyjoy(15) has won.
  The Iron Islands got 9 house points. Dorne got 0 house points.

The winner is: The Iron Islands with currently 2 kingdom points.
---------------
---------------
Duel 3: The Westernlands vs Dorne
  Duel between Crakehalls(27) -WIL- and Jordaynes(24) -WIZ- has begun.
    Desmond Crakehall(430) hit Trebor Jordayne(555) 232.
    Trebor Jordayne(323) hit Desmond Crakehall(430) 154.
    ****
    Desmond Crakehall(276) took 20 damage as DOT.
    Trebor Jordayne(323) took 25 damage as DOT.
    Desmond Crakehall(256) hit Trebor Jordayne(298) 232.
    Trebor Jordayne(66) hit Desmond Crakehall(256) 154.
    ****
    Desmond Crakehall(102) took 40 damage as DOT.
    Trebor Jordayne(66) took 50 damage as DOT.
    Desmond Crakehall(62) hit Trebor Jordayne(16) 232.
    Trebor Jordayne(-216) hit Desmond Crakehall(62) 154.
    ****
    Both of them are dead. A draw.
  Duel between Paynes(30) -WHI- and Gargalens(24) -WHI- has begun.
    Ilyn Payne(630) hit Lord Gargalen(630) 210.
    Lord Gargalen(420) hit Ilyn Payne(630) 154.
    ****
    Ilyn Payne(476) took 30 damage as DOT.
    Lord Gargalen(420) took 30 damage as DOT.
    Ilyn Payne(446) hit Lord Gargalen(390) 210.
    Lord Gargalen(180) hit Ilyn Payne(446) 154.
    ****
    Ilyn Payne(292) took 60 damage as DOT.
    Lord Gargalen(180) took 60 damage as DOT.
    Ilyn Payne(232) hit Lord Gargalen(120) 210.
    Lord Gargalen(-90) hit Ilyn Payne(232) 154.
    ****
    Ilyn Payne(78) has won.
  Duel between Lannister of Lannisports(27) -WIL- and Manwoodys(24) -WIL- has begun.
    Reginald Lannister(430) hit Dagos Manwoody(455) 232.
    Dagos Manwoody(223) hit Reginald Lannister(430) 174.
    ****
    Reginald Lannister(256) took 25 damage as DOT.
    Dagos Manwoody(223) took 25 damage as DOT.
    Reginald Lannister(231) hit Dagos Manwoody(198) 232.
    Dagos Manwoody(-34) hit Reginald Lannister(231) 174.
    ****
    Reginald Lannister(57) has won.
  Duel between Crakehalls(27) -WIL- and Gargalens(21) -WHI- has begun.
    Desmond Crakehall(430) hit Lord Gargalen(630) 232.
    Lord Gargalen(398) hit Desmond Crakehall(430) 151.
    ****
    Desmond Crakehall(279) took 30 damage as DOT.
    Lord Gargalen(398) took 25 damage as DOT.
    Desmond Crakehall(249) hit Lord Gargalen(373) 232.
    Lord Gargalen(141) hit Desmond Crakehall(249) 151.
    ****
    Desmond Crakehall(98) took 60 damage as DOT.
    Lord Gargalen(141) took 50 damage as DOT.
    Desmond Crakehall(38) hit Lord Gargalen(91) 232.
    Lord Gargalen(-141) hit Desmond Crakehall(38) 151.
    ****
    Both of them are dead. A draw.
  Duel between Paynes(33) -WHI- and Manwoodys(21) -WIL- has begun.
    Ilyn Payne(630) hit Dagos Manwoody(455) 213.
    Dagos Manwoody(242) hit Ilyn Payne(630) 171.
    ****
    Ilyn Payne(459) took 25 damage as DOT.
    Dagos Manwoody(242) took 30 damage as DOT.
    Ilyn Payne(434) hit Dagos Manwoody(212) 213.
    Dagos Manwoody(-1) hit Ilyn Payne(434) 171.
    ****
    Ilyn Payne(263) has won.
  Duel between Lannister of Lannisports(30) -WIL- and Jordaynes(24) -WIZ- has begun.
    Reginald Lannister(430) hit Trebor Jordayne(555) 235.
    Trebor Jordayne(320) hit Reginald Lannister(430) 154.
    ****
    Reginald Lannister(276) took 20 damage as DOT.
    Trebor Jordayne(320) took 25 damage as DOT.
    Reginald Lannister(256) hit Trebor Jordayne(295) 235.
    Trebor Jordayne(60) hit Reginald Lannister(256) 154.
    ****
    Reginald Lannister(102) took 40 damage as DOT.
    Trebor Jordayne(60) took 50 damage as DOT.
    Reginald Lannister(62) hit Trebor Jordayne(10) 235.
    Trebor Jordayne(-225) hit Reginald Lannister(62) 154.
    ****
    Both of them are dead. A draw.
  Duel between Crakehalls(27) -WIL- and Manwoodys(18) -WIL- has begun.
    Desmond Crakehall(430) hit Dagos Manwoody(455) 232.
    Dagos Manwoody(223) hit Desmond Crakehall(430) 168.
    ****
    Desmond Crakehall(262) took 25 damage as DOT.
    Dagos Manwoody(223) took 25 damage as DOT.
    Desmond Crakehall(237) hit Dagos Manwoody(198) 232.
    Dagos Manwoody(-34) hit Desmond Crakehall(237) 168.
    ****
    Desmond Crakehall(69) has won.
  Duel between Paynes(36) -WHI- and Jordaynes(24) -WIZ- has begun.
    Ilyn Payne(630) hit Trebor Jordayne(555) 216.
    Trebor Jordayne(339) hit Ilyn Payne(630) 154.
    ****
    Ilyn Payne(476) took 20 damage as DOT.
    Trebor Jordayne(339) took 30 damage as DOT.
    Ilyn Payne(456) hit Trebor Jordayne(309) 216.
    Trebor Jordayne(93) hit Ilyn Payne(456) 154.
    ****
    Ilyn Payne(302) took 40 damage as DOT.
    Trebor Jordayne(93) took 60 damage as DOT.
    Ilyn Payne(262) hit Trebor Jordayne(33) 216.
    Trebor Jordayne(-183) hit Ilyn Payne(262) 154.
    ****
    Ilyn Payne(108) has won.
  Duel between Lannister of Lannisports(30) -WIL- and Gargalens(21) -WHI- has begun.
    Reginald Lannister(430) hit Lord Gargalen(630) 235.
    Lord Gargalen(395) hit Reginald Lannister(430) 151.
    ****
    Reginald Lannister(279) took 30 damage as DOT.
    Lord Gargalen(395) took 25 damage as DOT.
    Reginald Lannister(249) hit Lord Gargalen(370) 235.
    Lord Gargalen(135) hit Reginald Lannister(249) 151.
    ****
    Reginald Lannister(98) took 60 damage as DOT.
    Lord Gargalen(135) took 50 damage as DOT.
    Reginald Lannister(38) hit Lord Gargalen(85) 235.
    Lord Gargalen(-150) hit Reginald Lannister(38) 151.
    ****
    Both of them are dead. A draw.
  Duel between House Frey(50) -WHI- and House Martell(37) -WIL- has begun.
    Jamie Lannister(580) hit Doran Martell(455) 205.
    Doran Martell(250) hit Jamie Lannister(580) 192.
    ****
    Jamie Lannister(388) took 25 damage as DOT.
    Doran Martell(250) took 30 damage as DOT.
    Jamie Lannister(363) hit Doran Martell(220) 205.
    Doran Martell(15) hit Jamie Lannister(363) 192.
    ****
    Jamie Lannister(171) took 50 damage as DOT.
    Doran Martell(15) took 60 damage as DOT.
    Jamie Lannister(121) hit Doran Martell(-45) 205.
    Doran Martell(-250) hit Jamie Lannister(121) 192.
    ****
    Both of them are dead. A draw.
  The Westernlands got 5 house points. Dorne got 0 house points.

The winner is: The Westernlands with currently 1 kingdom points.
---------------
The War is over. The new owner of King's Landing is The Iron Islands with a total of 2 points.

