War has started with 2 kingdoms.
---------------
Duel 1: Kingdom1 vs Kingdom2
  Duel between NobleHouse1(30) -WIZ- and NobleHouse1(30) -WIZ- has begun.
    WizardNH1(540) hit WizardNH1(540) 145.
    WizardNH1(395) hit WizardNH1(540) 145.
    ****
    WizardNH1(395) took 20 damage as DOT.
    WizardNH1(395) took 20 damage as DOT.
    WizardNH1(375) hit WizardNH1(375) 145.
    WizardNH1(230) hit WizardNH1(375) 145.
    ****
    WizardNH1(230) took 40 damage as DOT.
    WizardNH1(230) took 40 damage as DOT.
    WizardNH1(190) hit WizardNH1(190) 145.
    WizardNH1(45) hit WizardNH1(190) 145.
    ****
    WizardNH1(45) took 60 damage as DOT.
    WizardNH1(45) took 60 damage as DOT.
    WizardNH1(-15) hit WizardNH1(-15) 145.
    WizardNH1(-160) hit WizardNH1(-15) 145.
    ****
    Both of them are dead. A draw.
  Duel between NobleHouse2(30) -WIZ- and NobleHouse2(30) -WIZ- has begun.
    Wizard2NH2(540) hit Wizard2NH2(540) 145.
    Wizard2NH2(395) hit Wizard2NH2(540) 145.
    ****
    Wizard2NH2(395) took 20 damage as DOT.
    Wizard2NH2(395) took 20 damage as DOT.
    Wizard2NH2(375) hit Wizard2NH2(375) 145.
    Wizard2NH2(230) hit Wizard2NH2(375) 145.
    ****
    Wizard2NH2(230) took 40 damage as DOT.
    Wizard2NH2(230) took 40 damage as DOT.
    Wizard2NH2(190) hit Wizard2NH2(190) 145.
    Wizard2NH2(45) hit Wizard2NH2(190) 145.
    ****
    Wizard2NH2(45) took 60 damage as DOT.
    Wizard2NH2(45) took 60 damage as DOT.
    Wizard2NH2(-15) hit Wizard2NH2(-15) 145.
    Wizard2NH2(-160) hit Wizard2NH2(-15) 145.
    ****
    Both of them are dead. A draw.
  Duel between NobleHouse3(30) -WIZ- and NobleHouse3(30) -WIZ- has begun.
    Wizard3NH3(540) hit Wizard3NH3(540) 145.
    Wizard3NH3(395) hit Wizard3NH3(540) 145.
    ****
    Wizard3NH3(395) took 20 damage as DOT.
    Wizard3NH3(395) took 20 damage as DOT.
    Wizard3NH3(375) hit Wizard3NH3(375) 145.
    Wizard3NH3(230) hit Wizard3NH3(375) 145.
    ****
    Wizard3NH3(230) took 40 damage as DOT.
    Wizard3NH3(230) took 40 damage as DOT.
    Wizard3NH3(190) hit Wizard3NH3(190) 145.
    Wizard3NH3(45) hit Wizard3NH3(190) 145.
    ****
    Wizard3NH3(45) took 60 damage as DOT.
    Wizard3NH3(45) took 60 damage as DOT.
    Wizard3NH3(-15) hit Wizard3NH3(-15) 145.
    Wizard3NH3(-160) hit Wizard3NH3(-15) 145.
    ****
    Both of them are dead. A draw.
  Duel between NobleHouse1(30) -WIZ- and NobleHouse2(30) -WIZ- has begun.
    WizardNH1(540) hit Wizard2NH2(540) 145.
    Wizard2NH2(395) hit WizardNH1(540) 145.
    ****
    WizardNH1(395) took 20 damage as DOT.
    Wizard2NH2(395) took 20 damage as DOT.
    WizardNH1(375) hit Wizard2NH2(375) 145.
    Wizard2NH2(230) hit WizardNH1(375) 145.
    ****
    WizardNH1(230) took 40 damage as DOT.
    Wizard2NH2(230) took 40 damage as DOT.
    WizardNH1(190) hit Wizard2NH2(190) 145.
    Wizard2NH2(45) hit WizardNH1(190) 145.
    ****
    WizardNH1(45) took 60 damage as DOT.
    Wizard2NH2(45) took 60 damage as DOT.
    WizardNH1(-15) hit Wizard2NH2(-15) 145.
    Wizard2NH2(-160) hit WizardNH1(-15) 145.
    ****
    Both of them are dead. A draw.
  Duel between NobleHouse2(30) -WIZ- and NobleHouse3(30) -WIZ- has begun.
    Wizard2NH2(540) hit Wizard3NH3(540) 145.
    Wizard3NH3(395) hit Wizard2NH2(540) 145.
    ****
    Wizard2NH2(395) took 20 damage as DOT.
    Wizard3NH3(395) took 20 damage as DOT.
    Wizard2NH2(375) hit Wizard3NH3(375) 145.
    Wizard3NH3(230) hit Wizard2NH2(375) 145.
    ****
    Wizard2NH2(230) took 40 damage as DOT.
    Wizard3NH3(230) took 40 damage as DOT.
    Wizard2NH2(190) hit Wizard3NH3(190) 145.
    Wizard3NH3(45) hit Wizard2NH2(190) 145.
    ****
    Wizard2NH2(45) took 60 damage as DOT.
    Wizard3NH3(45) took 60 damage as DOT.
    Wizard2NH2(-15) hit Wizard3NH3(-15) 145.
    Wizard3NH3(-160) hit Wizard2NH2(-15) 145.
    ****
    Both of them are dead. A draw.
  Duel between NobleHouse3(30) -WIZ- and NobleHouse1(30) -WIZ- has begun.
    Wizard3NH3(540) hit WizardNH1(540) 145.
    WizardNH1(395) hit Wizard3NH3(540) 145.
    ****
    Wizard3NH3(395) took 20 damage as DOT.
    WizardNH1(395) took 20 damage as DOT.
    Wizard3NH3(375) hit WizardNH1(375) 145.
    WizardNH1(230) hit Wizard3NH3(375) 145.
    ****
    Wizard3NH3(230) took 40 damage as DOT.
    WizardNH1(230) took 40 damage as DOT.
    Wizard3NH3(190) hit WizardNH1(190) 145.
    WizardNH1(45) hit Wizard3NH3(190) 145.
    ****
    Wizard3NH3(45) took 60 damage as DOT.
    WizardNH1(45) took 60 damage as DOT.
    Wizard3NH3(-15) hit WizardNH1(-15) 145.
    WizardNH1(-160) hit Wizard3NH3(-15) 145.
    ****
    Both of them are dead. A draw.
  Duel between NobleHouse1(30) -WIZ- and NobleHouse3(30) -WIZ- has begun.
    WizardNH1(540) hit Wizard3NH3(540) 145.
    Wizard3NH3(395) hit WizardNH1(540) 145.
    ****
    WizardNH1(395) took 20 damage as DOT.
    Wizard3NH3(395) took 20 damage as DOT.
    WizardNH1(375) hit Wizard3NH3(375) 145.
    Wizard3NH3(230) hit WizardNH1(375) 145.
    ****
    WizardNH1(230) took 40 damage as DOT.
    Wizard3NH3(230) took 40 damage as DOT.
    WizardNH1(190) hit Wizard3NH3(190) 145.
    Wizard3NH3(45) hit WizardNH1(190) 145.
    ****
    WizardNH1(45) took 60 damage as DOT.
    Wizard3NH3(45) took 60 damage as DOT.
    WizardNH1(-15) hit Wizard3NH3(-15) 145.
    Wizard3NH3(-160) hit WizardNH1(-15) 145.
    ****
    Both of them are dead. A draw.
  Duel between NobleHouse2(30) -WIZ- and NobleHouse1(30) -WIZ- has begun.
    Wizard2NH2(540) hit WizardNH1(540) 145.
    WizardNH1(395) hit Wizard2NH2(540) 145.
    ****
    Wizard2NH2(395) took 20 damage as DOT.
    WizardNH1(395) took 20 damage as DOT.
    Wizard2NH2(375) hit WizardNH1(375) 145.
    WizardNH1(230) hit Wizard2NH2(375) 145.
    ****
    Wizard2NH2(230) took 40 damage as DOT.
    WizardNH1(230) took 40 damage as DOT.
    Wizard2NH2(190) hit WizardNH1(190) 145.
    WizardNH1(45) hit Wizard2NH2(190) 145.
    ****
    Wizard2NH2(45) took 60 damage as DOT.
    WizardNH1(45) took 60 damage as DOT.
    Wizard2NH2(-15) hit WizardNH1(-15) 145.
    WizardNH1(-160) hit Wizard2NH2(-15) 145.
    ****
    Both of them are dead. A draw.
  Duel between NobleHouse3(30) -WIZ- and NobleHouse2(30) -WIZ- has begun.
    Wizard3NH3(540) hit Wizard2NH2(540) 145.
    Wizard2NH2(395) hit Wizard3NH3(540) 145.
    ****
    Wizard3NH3(395) took 20 damage as DOT.
    Wizard2NH2(395) took 20 damage as DOT.
    Wizard3NH3(375) hit Wizard2NH2(375) 145.
    Wizard2NH2(230) hit Wizard3NH3(375) 145.
    ****
    Wizard3NH3(230) took 40 damage as DOT.
    Wizard2NH2(230) took 40 damage as DOT.
    Wizard3NH3(190) hit Wizard2NH2(190) 145.
    Wizard2NH2(45) hit Wizard3NH3(190) 145.
    ****
    Wizard3NH3(45) took 60 damage as DOT.
    Wizard2NH2(45) took 60 damage as DOT.
    Wizard3NH3(-15) hit Wizard2NH2(-15) 145.
    Wizard2NH2(-160) hit Wizard3NH3(-15) 145.
    ****
    Both of them are dead. A draw.
  Duel between GreatHouse1(50) -WIZ- and GreatHouse1(50) -WIZ- has begun.
    WizardGH(565) hit WizardGH(565) 165.
    WizardGH(400) hit WizardGH(565) 165.
    ****
    WizardGH(400) took 20 damage as DOT.
    WizardGH(400) took 20 damage as DOT.
    WizardGH(380) hit WizardGH(380) 165.
    WizardGH(215) hit WizardGH(380) 165.
    ****
    WizardGH(215) took 40 damage as DOT.
    WizardGH(215) took 40 damage as DOT.
    WizardGH(175) hit WizardGH(175) 165.
    WizardGH(10) hit WizardGH(175) 165.
    ****
    WizardGH(10) took 60 damage as DOT.
    WizardGH(10) took 60 damage as DOT.
    WizardGH(-50) hit WizardGH(-50) 165.
    WizardGH(-215) hit WizardGH(-50) 165.
    ****
    Both of them are dead. A draw.
  Kingdom1 got 0 house points. Kingdom2 got 0 house points.

A draw.
---------------
The War is over. The new owners of King's Landing are Kingdom1, and Kingdom2.

