War has started with 2 kingdoms.
---------------
Duel 1: The Iron Islands vs The Crownlands
  Duel between Merlyns(30) -WHI- and Rykkers(30) -WIZ- has begun.
    Meldred Merlyn(625) hit Jaremy Rykker(585) 120.
    Jaremy Rykker(465) hit Meldred Merlyn(625) 135.
    ****
    Meldred Merlyn(490) took 20 damage as DOT.
    Jaremy Rykker(465) took 30 damage as DOT.
    Meldred Merlyn(470) hit Jaremy Rykker(435) 120.
    Jaremy Rykker(315) hit Meldred Merlyn(470) 135.
    ****
    Meldred Merlyn(335) took 40 damage as DOT.
    Jaremy Rykker(315) took 60 damage as DOT.
    Meldred Merlyn(295) hit Jaremy Rykker(255) 120.
    Jaremy Rykker(135) hit Meldred Merlyn(295) 135.
    ****
    Meldred Merlyn(160) took 60 damage as DOT.
    Jaremy Rykker(135) took 90 damage as DOT.
    Meldred Merlyn(100) hit Jaremy Rykker(45) 120.
    Jaremy Rykker(-75) hit Meldred Merlyn(100) 135.
    ****
    Both of them are dead. A draw.
  Duel between Harlaws(30) -WHI- and Thornes(30) -WIL- has begun.
    Alannys Harlaw(600) hit Alliser Thorne(485) 120.
    Alliser Thorne(365) hit Alannys Harlaw(600) 150.
    ****
    Alannys Harlaw(450) took 25 damage as DOT.
    Alliser Thorne(365) took 30 damage as DOT.
    Alannys Harlaw(425) hit Alliser Thorne(335) 120.
    Alliser Thorne(215) hit Alannys Harlaw(425) 150.
    ****
    Alannys Harlaw(275) took 50 damage as DOT.
    Alliser Thorne(215) took 60 damage as DOT.
    Alannys Harlaw(225) hit Alliser Thorne(155) 120.
    Alliser Thorne(35) hit Alannys Harlaw(225) 150.
    ****
    Alannys Harlaw(75) took 75 damage as DOT.
    Alliser Thorne(35) took 90 damage as DOT.
    Alannys Harlaw(0) hit Alliser Thorne(-55) 120.
    Alliser Thorne(-175) hit Alannys Harlaw(0) 150.
    ****
    Both of them are dead. A draw.
  Duel between Blacktydes(30) -WIZ- and Slynts(30) -WIL- has begun.
    Baelor Blacktyde(525) hit Janos Slynt(510) 130.
    Janos Slynt(380) hit Baelor Blacktyde(525) 150.
    ****
    Baelor Blacktyde(375) took 25 damage as DOT.
    Janos Slynt(380) took 20 damage as DOT.
    Baelor Blacktyde(350) hit Janos Slynt(360) 130.
    Janos Slynt(230) hit Baelor Blacktyde(350) 150.
    ****
    Baelor Blacktyde(200) took 50 damage as DOT.
    Janos Slynt(230) took 40 damage as DOT.
    Baelor Blacktyde(150) hit Janos Slynt(190) 130.
    Janos Slynt(60) hit Baelor Blacktyde(150) 150.
    ****
    Janos Slynt(60) has won.
  Duel between Merlyns(30) -WHI- and Thornes(30) -WIL- has begun.
    Meldred Merlyn(625) hit Alliser Thorne(485) 120.
    Alliser Thorne(365) hit Meldred Merlyn(625) 150.
    ****
    Meldred Merlyn(475) took 25 damage as DOT.
    Alliser Thorne(365) took 30 damage as DOT.
    Meldred Merlyn(450) hit Alliser Thorne(335) 120.
    Alliser Thorne(215) hit Meldred Merlyn(450) 150.
    ****
    Meldred Merlyn(300) took 50 damage as DOT.
    Alliser Thorne(215) took 60 damage as DOT.
    Meldred Merlyn(250) hit Alliser Thorne(155) 120.
    Alliser Thorne(35) hit Meldred Merlyn(250) 150.
    ****
    Meldred Merlyn(100) took 75 damage as DOT.
    Alliser Thorne(35) took 90 damage as DOT.
    Meldred Merlyn(25) hit Alliser Thorne(-55) 120.
    Alliser Thorne(-175) hit Meldred Merlyn(25) 150.
    ****
    Both of them are dead. A draw.
  Duel between Harlaws(30) -WHI- and Slynts(33) -WIL- has begun.
    Alannys Harlaw(600) hit Janos Slynt(510) 120.
    Janos Slynt(390) hit Alannys Harlaw(600) 153.
    ****
    Alannys Harlaw(447) took 25 damage as DOT.
    Janos Slynt(390) took 30 damage as DOT.
    Alannys Harlaw(422) hit Janos Slynt(360) 120.
    Janos Slynt(240) hit Alannys Harlaw(422) 153.
    ****
    Alannys Harlaw(269) took 50 damage as DOT.
    Janos Slynt(240) took 60 damage as DOT.
    Alannys Harlaw(219) hit Janos Slynt(180) 120.
    Janos Slynt(60) hit Alannys Harlaw(219) 153.
    ****
    Alannys Harlaw(66) took 75 damage as DOT.
    Janos Slynt(60) took 90 damage as DOT.
    Alannys Harlaw(-9) hit Janos Slynt(-30) 120.
    Janos Slynt(-150) hit Alannys Harlaw(-9) 153.
    ****
    Both of them are dead. A draw.
  Duel between Blacktydes(27) -WIZ- and Rykkers(30) -WIZ- has begun.
    Baelor Blacktyde(525) hit Jaremy Rykker(585) 127.
    Jaremy Rykker(458) hit Baelor Blacktyde(525) 135.
    ****
    Baelor Blacktyde(390) took 20 damage as DOT.
    Jaremy Rykker(458) took 20 damage as DOT.
    Baelor Blacktyde(370) hit Jaremy Rykker(438) 127.
    Jaremy Rykker(311) hit Baelor Blacktyde(370) 135.
    ****
    Baelor Blacktyde(235) took 40 damage as DOT.
    Jaremy Rykker(311) took 40 damage as DOT.
    Baelor Blacktyde(195) hit Jaremy Rykker(271) 127.
    Jaremy Rykker(144) hit Baelor Blacktyde(195) 135.
    ****
    Baelor Blacktyde(60) took 60 damage as DOT.
    Jaremy Rykker(144) took 60 damage as DOT.
    Baelor Blacktyde(0) hit Jaremy Rykker(84) 127.
    Jaremy Rykker(-43) hit Baelor Blacktyde(0) 135.
    ****
    Both of them are dead. A draw.
  Duel between Merlyns(30) -WHI- and Slynts(33) -WIL- has begun.
    Meldred Merlyn(625) hit Janos Slynt(510) 120.
    Janos Slynt(390) hit Meldred Merlyn(625) 153.
    ****
    Meldred Merlyn(472) took 25 damage as DOT.
    Janos Slynt(390) took 30 damage as DOT.
    Meldred Merlyn(447) hit Janos Slynt(360) 120.
    Janos Slynt(240) hit Meldred Merlyn(447) 153.
    ****
    Meldred Merlyn(294) took 50 damage as DOT.
    Janos Slynt(240) took 60 damage as DOT.
    Meldred Merlyn(244) hit Janos Slynt(180) 120.
    Janos Slynt(60) hit Meldred Merlyn(244) 153.
    ****
    Meldred Merlyn(91) took 75 damage as DOT.
    Janos Slynt(60) took 90 damage as DOT.
    Meldred Merlyn(16) hit Janos Slynt(-30) 120.
    Janos Slynt(-150) hit Meldred Merlyn(16) 153.
    ****
    Both of them are dead. A draw.
  Duel between Harlaws(30) -WHI- and Rykkers(30) -WIZ- has begun.
    Alannys Harlaw(600) hit Jaremy Rykker(585) 120.
    Jaremy Rykker(465) hit Alannys Harlaw(600) 135.
    ****
    Alannys Harlaw(465) took 20 damage as DOT.
    Jaremy Rykker(465) took 30 damage as DOT.
    Alannys Harlaw(445) hit Jaremy Rykker(435) 120.
    Jaremy Rykker(315) hit Alannys Harlaw(445) 135.
    ****
    Alannys Harlaw(310) took 40 damage as DOT.
    Jaremy Rykker(315) took 60 damage as DOT.
    Alannys Harlaw(270) hit Jaremy Rykker(255) 120.
    Jaremy Rykker(135) hit Alannys Harlaw(270) 135.
    ****
    Alannys Harlaw(135) took 60 damage as DOT.
    Jaremy Rykker(135) took 90 damage as DOT.
    Alannys Harlaw(75) hit Jaremy Rykker(45) 120.
    Jaremy Rykker(-75) hit Alannys Harlaw(75) 135.
    ****
    Both of them are dead. A draw.
  Duel between Blacktydes(27) -WIZ- and Thornes(30) -WIL- has begun.
    Baelor Blacktyde(525) hit Alliser Thorne(485) 127.
    Alliser Thorne(358) hit Baelor Blacktyde(525) 150.
    ****
    Baelor Blacktyde(375) took 25 damage as DOT.
    Alliser Thorne(358) took 20 damage as DOT.
    Baelor Blacktyde(350) hit Alliser Thorne(338) 127.
    Alliser Thorne(211) hit Baelor Blacktyde(350) 150.
    ****
    Baelor Blacktyde(200) took 50 damage as DOT.
    Alliser Thorne(211) took 40 damage as DOT.
    Baelor Blacktyde(150) hit Alliser Thorne(171) 127.
    Alliser Thorne(44) hit Baelor Blacktyde(150) 150.
    ****
    Alliser Thorne(44) has won.
  Duel between House Greyjoy(50) -WIL- and House Baratheon(50) -WHI- has begun.
    Aeron Greyjoy(475) hit Rhaegar Targaryen(735) 165.
    Rhaegar Targaryen(570) hit Aeron Greyjoy(475) 150.
    ****
    Aeron Greyjoy(325) took 30 damage as DOT.
    Rhaegar Targaryen(570) took 25 damage as DOT.
    Aeron Greyjoy(295) hit Rhaegar Targaryen(545) 165.
    Rhaegar Targaryen(380) hit Aeron Greyjoy(295) 150.
    ****
    Aeron Greyjoy(145) took 60 damage as DOT.
    Rhaegar Targaryen(380) took 50 damage as DOT.
    Aeron Greyjoy(85) hit Rhaegar Targaryen(330) 165.
    Rhaegar Targaryen(165) hit Aeron Greyjoy(85) 150.
    ****
    Rhaegar Targaryen(165) has won.
  The Iron Islands got 0 house points. The Crownlands got 5 house points.

The winner is: The Crownlands with currently 1 kingdom points.
---------------
The War is over. The new owner of King's Landing is The Crownlands with a total of 1 points.

