War has started with 2 kingdoms.
---------------
Duel 1: The Westernlands vs The Reach
  Duel between Lannister of Lannisports(30) -WIL- and Ashfords(30) -WIZ- has begun.
    Reginald Lannister(475) hit Lord Ashford(565) 210.
    Lord Ashford(355) hit Reginald Lannister(475) 145.
    ****
    Reginald Lannister(330) took 20 damage as DOT.
    Lord Ashford(355) took 25 damage as DOT.
    Reginald Lannister(310) hit Lord Ashford(330) 210.
    Lord Ashford(120) hit Reginald Lannister(310) 145.
    ****
    Reginald Lannister(165) took 40 damage as DOT.
    Lord Ashford(120) took 50 damage as DOT.
    Reginald Lannister(125) hit Lord Ashford(70) 210.
    Lord Ashford(-140) hit Reginald Lannister(125) 145.
    ****
    Both of them are dead. A draw.
  Duel between Paynes(30) -WIZ- and Hightowers(30) -WIZ- has begun.
    Ilyn Payne(475) hit Leyton Hightower(565) 195.
    Leyton Hightower(370) hit Ilyn Payne(475) 155.
    ****
    Ilyn Payne(320) took 20 damage as DOT.
    Leyton Hightower(370) took 20 damage as DOT.
    Ilyn Payne(300) hit Leyton Hightower(350) 195.
    Leyton Hightower(155) hit Ilyn Payne(300) 155.
    ****
    Ilyn Payne(145) took 40 damage as DOT.
    Leyton Hightower(155) took 40 damage as DOT.
    Ilyn Payne(105) hit Leyton Hightower(115) 195.
    Leyton Hightower(-80) hit Ilyn Payne(105) 155.
    ****
    Both of them are dead. A draw.
  Duel between Sarsfields(30) -WIZ- and Bulwers(30) -WHI- has begun.
    Eldrick Sarsfield(450) hit Jack Bulwer(665) 190.
    Jack Bulwer(475) hit Eldrick Sarsfield(450) 150.
    ****
    Eldrick Sarsfield(300) took 30 damage as DOT.
    Jack Bulwer(475) took 20 damage as DOT.
    Eldrick Sarsfield(270) hit Jack Bulwer(455) 190.
    Jack Bulwer(265) hit Eldrick Sarsfield(270) 150.
    ****
    Eldrick Sarsfield(120) took 60 damage as DOT.
    Jack Bulwer(265) took 40 damage as DOT.
    Eldrick Sarsfield(60) hit Jack Bulwer(225) 190.
    Jack Bulwer(35) hit Eldrick Sarsfield(60) 150.
    ****
    Jack Bulwer(35) has won.
  Duel between Lannister of Lannisports(30) -WIL- and Hightowers(30) -WIZ- has begun.
    Reginald Lannister(475) hit Leyton Hightower(565) 210.
    Leyton Hightower(355) hit Reginald Lannister(475) 155.
    ****
    Reginald Lannister(320) took 20 damage as DOT.
    Leyton Hightower(355) took 25 damage as DOT.
    Reginald Lannister(300) hit Leyton Hightower(330) 210.
    Leyton Hightower(120) hit Reginald Lannister(300) 155.
    ****
    Reginald Lannister(145) took 40 damage as DOT.
    Leyton Hightower(120) took 50 damage as DOT.
    Reginald Lannister(105) hit Leyton Hightower(70) 210.
    Leyton Hightower(-140) hit Reginald Lannister(105) 155.
    ****
    Both of them are dead. A draw.
  Duel between Paynes(30) -WIZ- and Bulwers(33) -WHI- has begun.
    Ilyn Payne(475) hit Jack Bulwer(665) 195.
    Jack Bulwer(470) hit Ilyn Payne(475) 153.
    ****
    Ilyn Payne(322) took 30 damage as DOT.
    Jack Bulwer(470) took 20 damage as DOT.
    Ilyn Payne(292) hit Jack Bulwer(450) 195.
    Jack Bulwer(255) hit Ilyn Payne(292) 153.
    ****
    Ilyn Payne(139) took 60 damage as DOT.
    Jack Bulwer(255) took 40 damage as DOT.
    Ilyn Payne(79) hit Jack Bulwer(215) 195.
    Jack Bulwer(20) hit Ilyn Payne(79) 153.
    ****
    Jack Bulwer(20) has won.
  Duel between Sarsfields(27) -WIZ- and Ashfords(30) -WIZ- has begun.
    Eldrick Sarsfield(450) hit Lord Ashford(565) 187.
    Lord Ashford(378) hit Eldrick Sarsfield(450) 145.
    ****
    Eldrick Sarsfield(305) took 20 damage as DOT.
    Lord Ashford(378) took 20 damage as DOT.
    Eldrick Sarsfield(285) hit Lord Ashford(358) 187.
    Lord Ashford(171) hit Eldrick Sarsfield(285) 145.
    ****
    Eldrick Sarsfield(140) took 40 damage as DOT.
    Lord Ashford(171) took 40 damage as DOT.
    Eldrick Sarsfield(100) hit Lord Ashford(131) 187.
    Lord Ashford(-56) hit Eldrick Sarsfield(100) 145.
    ****
    Both of them are dead. A draw.
  Duel between Lannister of Lannisports(30) -WIL- and Bulwers(36) -WHI- has begun.
    Reginald Lannister(475) hit Jack Bulwer(665) 210.
    Jack Bulwer(455) hit Reginald Lannister(475) 156.
    ****
    Reginald Lannister(319) took 30 damage as DOT.
    Jack Bulwer(455) took 25 damage as DOT.
    Reginald Lannister(289) hit Jack Bulwer(430) 210.
    Jack Bulwer(220) hit Reginald Lannister(289) 156.
    ****
    Reginald Lannister(133) took 60 damage as DOT.
    Jack Bulwer(220) took 50 damage as DOT.
    Reginald Lannister(73) hit Jack Bulwer(170) 210.
    Jack Bulwer(-40) hit Reginald Lannister(73) 156.
    ****
    Both of them are dead. A draw.
  Duel between Paynes(27) -WIZ- and Ashfords(30) -WIZ- has begun.
    Ilyn Payne(475) hit Lord Ashford(565) 192.
    Lord Ashford(373) hit Ilyn Payne(475) 145.
    ****
    Ilyn Payne(330) took 20 damage as DOT.
    Lord Ashford(373) took 20 damage as DOT.
    Ilyn Payne(310) hit Lord Ashford(353) 192.
    Lord Ashford(161) hit Ilyn Payne(310) 145.
    ****
    Ilyn Payne(165) took 40 damage as DOT.
    Lord Ashford(161) took 40 damage as DOT.
    Ilyn Payne(125) hit Lord Ashford(121) 192.
    Lord Ashford(-71) hit Ilyn Payne(125) 145.
    ****
    Both of them are dead. A draw.
  Duel between Sarsfields(27) -WIZ- and Hightowers(30) -WIZ- has begun.
    Eldrick Sarsfield(450) hit Leyton Hightower(565) 187.
    Leyton Hightower(378) hit Eldrick Sarsfield(450) 155.
    ****
    Eldrick Sarsfield(295) took 20 damage as DOT.
    Leyton Hightower(378) took 20 damage as DOT.
    Eldrick Sarsfield(275) hit Leyton Hightower(358) 187.
    Leyton Hightower(171) hit Eldrick Sarsfield(275) 155.
    ****
    Eldrick Sarsfield(120) took 40 damage as DOT.
    Leyton Hightower(171) took 40 damage as DOT.
    Eldrick Sarsfield(80) hit Leyton Hightower(131) 187.
    Leyton Hightower(-56) hit Eldrick Sarsfield(80) 155.
    ****
    Both of them are dead. A draw.
  Duel between House Frey(50) -WHI- and House Lannister(50) -WIZ- has begun.
    Tywin Lannister(625) hit Loras Tyrell(565) 210.
    Loras Tyrell(355) hit Tywin Lannister(625) 180.
    ****
    Tywin Lannister(445) took 20 damage as DOT.
    Loras Tyrell(355) took 30 damage as DOT.
    Tywin Lannister(425) hit Loras Tyrell(325) 210.
    Loras Tyrell(115) hit Tywin Lannister(425) 180.
    ****
    Tywin Lannister(245) took 40 damage as DOT.
    Loras Tyrell(115) took 60 damage as DOT.
    Tywin Lannister(205) hit Loras Tyrell(55) 210.
    Loras Tyrell(-155) hit Tywin Lannister(205) 180.
    ****
    Tywin Lannister(25) has won.
  The Westernlands got 3 house points. The Reach got 2 house points.

The winner is: The Westernlands with currently 1 kingdom points.
---------------
The War is over. The new owner of King's Landing is The Westernlands with a total of 1 points.

