War has started with 2 kingdoms.
---------------
Duel 1: The Westernlands vs The Stormlands
  Duel between Leffords(30) -WHI- and Musgoods(30) -WHI- has begun.
    Leo Lefford(675) hit Lord Musgood(683) 190.
    Lord Musgood(493) hit Leo Lefford(675) 153.
    ****
    Leo Lefford(522) took 30 damage as DOT.
    Lord Musgood(493) took 30 damage as DOT.
    Leo Lefford(492) hit Lord Musgood(463) 190.
    Lord Musgood(273) hit Leo Lefford(492) 153.
    ****
    Leo Lefford(339) took 60 damage as DOT.
    Lord Musgood(273) took 60 damage as DOT.
    Leo Lefford(279) hit Lord Musgood(213) 190.
    Lord Musgood(23) hit Leo Lefford(279) 153.
    ****
    Leo Lefford(126) took 90 damage as DOT.
    Lord Musgood(23) took 90 damage as DOT.
    Leo Lefford(36) hit Lord Musgood(-67) 190.
    Lord Musgood(-257) hit Leo Lefford(36) 153.
    ****
    Both of them are dead. A draw.
  Duel between Lannister of Lannisports(30) -WHI- and Errols(30) -WIZ- has begun.
    Reginald Lannister(600) hit Lord Errol(508) 190.
    Lord Errol(318) hit Reginald Lannister(600) 148.
    ****
    Reginald Lannister(452) took 20 damage as DOT.
    Lord Errol(318) took 30 damage as DOT.
    Reginald Lannister(432) hit Lord Errol(288) 190.
    Lord Errol(98) hit Reginald Lannister(432) 148.
    ****
    Reginald Lannister(284) took 40 damage as DOT.
    Lord Errol(98) took 60 damage as DOT.
    Reginald Lannister(244) hit Lord Errol(38) 190.
    Lord Errol(-152) hit Reginald Lannister(244) 148.
    ****
    Reginald Lannister(96) has won.
  Duel between Marbrands(30) -WHI- and Wyldes(30) -WIL- has begun.
    Damon Marbrand(650) hit Williem Wylde(508) 190.
    Williem Wylde(318) hit Damon Marbrand(650) 178.
    ****
    Damon Marbrand(472) took 25 damage as DOT.
    Williem Wylde(318) took 30 damage as DOT.
    Damon Marbrand(447) hit Williem Wylde(288) 190.
    Williem Wylde(98) hit Damon Marbrand(447) 178.
    ****
    Damon Marbrand(269) took 50 damage as DOT.
    Williem Wylde(98) took 60 damage as DOT.
    Damon Marbrand(219) hit Williem Wylde(38) 190.
    Williem Wylde(-152) hit Damon Marbrand(219) 178.
    ****
    Damon Marbrand(41) has won.
  Duel between Leffords(30) -WHI- and Errols(27) -WIZ- has begun.
    Leo Lefford(675) hit Lord Errol(508) 190.
    Lord Errol(318) hit Leo Lefford(675) 145.
    ****
    Leo Lefford(530) took 20 damage as DOT.
    Lord Errol(318) took 30 damage as DOT.
    Leo Lefford(510) hit Lord Errol(288) 190.
    Lord Errol(98) hit Leo Lefford(510) 145.
    ****
    Leo Lefford(365) took 40 damage as DOT.
    Lord Errol(98) took 60 damage as DOT.
    Leo Lefford(325) hit Lord Errol(38) 190.
    Lord Errol(-152) hit Leo Lefford(325) 145.
    ****
    Leo Lefford(180) has won.
  Duel between Lannister of Lannisports(33) -WHI- and Wyldes(27) -WIL- has begun.
    Reginald Lannister(600) hit Williem Wylde(508) 193.
    Williem Wylde(315) hit Reginald Lannister(600) 175.
    ****
    Reginald Lannister(425) took 25 damage as DOT.
    Williem Wylde(315) took 30 damage as DOT.
    Reginald Lannister(400) hit Williem Wylde(285) 193.
    Williem Wylde(92) hit Reginald Lannister(400) 175.
    ****
    Reginald Lannister(225) took 50 damage as DOT.
    Williem Wylde(92) took 60 damage as DOT.
    Reginald Lannister(175) hit Williem Wylde(32) 193.
    Williem Wylde(-161) hit Reginald Lannister(175) 175.
    ****
    Both of them are dead. A draw.
  Duel between Marbrands(33) -WHI- and Musgoods(30) -WHI- has begun.
    Damon Marbrand(650) hit Lord Musgood(683) 193.
    Lord Musgood(490) hit Damon Marbrand(650) 153.
    ****
    Damon Marbrand(497) took 30 damage as DOT.
    Lord Musgood(490) took 30 damage as DOT.
    Damon Marbrand(467) hit Lord Musgood(460) 193.
    Lord Musgood(267) hit Damon Marbrand(467) 153.
    ****
    Damon Marbrand(314) took 60 damage as DOT.
    Lord Musgood(267) took 60 damage as DOT.
    Damon Marbrand(254) hit Lord Musgood(207) 193.
    Lord Musgood(14) hit Damon Marbrand(254) 153.
    ****
    Damon Marbrand(101) took 90 damage as DOT.
    Lord Musgood(14) took 90 damage as DOT.
    Damon Marbrand(11) hit Lord Musgood(-76) 193.
    Lord Musgood(-269) hit Damon Marbrand(11) 153.
    ****
    Both of them are dead. A draw.
  Duel between Leffords(33) -WHI- and Wyldes(27) -WIL- has begun.
    Leo Lefford(675) hit Williem Wylde(508) 193.
    Williem Wylde(315) hit Leo Lefford(675) 175.
    ****
    Leo Lefford(500) took 25 damage as DOT.
    Williem Wylde(315) took 30 damage as DOT.
    Leo Lefford(475) hit Williem Wylde(285) 193.
    Williem Wylde(92) hit Leo Lefford(475) 175.
    ****
    Leo Lefford(300) took 50 damage as DOT.
    Williem Wylde(92) took 60 damage as DOT.
    Leo Lefford(250) hit Williem Wylde(32) 193.
    Williem Wylde(-161) hit Leo Lefford(250) 175.
    ****
    Leo Lefford(75) has won.
  Duel between Lannister of Lannisports(33) -WHI- and Musgoods(30) -WHI- has begun.
    Reginald Lannister(600) hit Lord Musgood(683) 193.
    Lord Musgood(490) hit Reginald Lannister(600) 153.
    ****
    Reginald Lannister(447) took 30 damage as DOT.
    Lord Musgood(490) took 30 damage as DOT.
    Reginald Lannister(417) hit Lord Musgood(460) 193.
    Lord Musgood(267) hit Reginald Lannister(417) 153.
    ****
    Reginald Lannister(264) took 60 damage as DOT.
    Lord Musgood(267) took 60 damage as DOT.
    Reginald Lannister(204) hit Lord Musgood(207) 193.
    Lord Musgood(14) hit Reginald Lannister(204) 153.
    ****
    Reginald Lannister(51) took 90 damage as DOT.
    Lord Musgood(14) took 90 damage as DOT.
    Reginald Lannister(-39) hit Lord Musgood(-76) 193.
    Lord Musgood(-269) hit Reginald Lannister(-39) 153.
    ****
    Both of them are dead. A draw.
  Duel between Marbrands(33) -WHI- and Errols(24) -WIZ- has begun.
    Damon Marbrand(650) hit Lord Errol(508) 193.
    Lord Errol(315) hit Damon Marbrand(650) 142.
    ****
    Damon Marbrand(508) took 20 damage as DOT.
    Lord Errol(315) took 30 damage as DOT.
    Damon Marbrand(488) hit Lord Errol(285) 193.
    Lord Errol(92) hit Damon Marbrand(488) 142.
    ****
    Damon Marbrand(346) took 40 damage as DOT.
    Lord Errol(92) took 60 damage as DOT.
    Damon Marbrand(306) hit Lord Errol(32) 193.
    Lord Errol(-161) hit Damon Marbrand(306) 142.
    ****
    Damon Marbrand(164) has won.
  Duel between House Frey(50) -WIL- and House Tyrell(50) -WIL- has begun.
    Tyrion Lannister(450) hit Robert Baratheon(508) 230.
    Robert Baratheon(278) hit Tyrion Lannister(450) 193.
    ****
    Tyrion Lannister(257) took 25 damage as DOT.
    Robert Baratheon(278) took 25 damage as DOT.
    Tyrion Lannister(232) hit Robert Baratheon(253) 230.
    Robert Baratheon(23) hit Tyrion Lannister(232) 193.
    ****
    Tyrion Lannister(39) took 50 damage as DOT.
    Robert Baratheon(23) took 50 damage as DOT.
    Tyrion Lannister(-11) hit Robert Baratheon(-27) 230.
    Robert Baratheon(-257) hit Tyrion Lannister(-11) 193.
    ****
    Both of them are dead. A draw.
  The Westernlands got 5 house points. The Stormlands got 0 house points.

The winner is: The Westernlands with currently 1 kingdom points.
---------------
The War is over. The new owner of King's Landing is The Westernlands with a total of 1 points.

