War has started with 2 kingdoms.
---------------
Duel 1: The Riverlands vs The Reach
  Duel between Blackwoods(30) -WHI- and Bulwers(30) -WHI- has begun.
    Tytos Blackwood(645) hit Jack Bulwer(675) 170.
    Jack Bulwer(505) hit Tytos Blackwood(645) 190.
    ****
    Tytos Blackwood(455) took 30 damage as DOT.
    Jack Bulwer(505) took 30 damage as DOT.
    Tytos Blackwood(425) hit Jack Bulwer(475) 170.
    Jack Bulwer(305) hit Tytos Blackwood(425) 190.
    ****
    Tytos Blackwood(235) took 60 damage as DOT.
    Jack Bulwer(305) took 60 damage as DOT.
    Tytos Blackwood(175) hit Jack Bulwer(245) 170.
    Jack Bulwer(75) hit Tytos Blackwood(175) 190.
    ****
    Jack Bulwer(75) has won.
  Duel between Smallwoods(30) -WHI- and Hightowers(30) -WIL- has begun.
    Theomar Smallwood(620) hit Leyton Hightower(425) 170.
    Leyton Hightower(255) hit Theomar Smallwood(620) 210.
    ****
    Theomar Smallwood(410) took 25 damage as DOT.
    Leyton Hightower(255) took 30 damage as DOT.
    Theomar Smallwood(385) hit Leyton Hightower(225) 170.
    Leyton Hightower(55) hit Theomar Smallwood(385) 210.
    ****
    Theomar Smallwood(175) took 50 damage as DOT.
    Leyton Hightower(55) took 60 damage as DOT.
    Theomar Smallwood(125) hit Leyton Hightower(-5) 170.
    Leyton Hightower(-175) hit Theomar Smallwood(125) 210.
    ****
    Both of them are dead. A draw.
  Duel between Brackens(30) -WIZ- and Florents(30) -WIL- has begun.
    Jonos Bracken(520) hit Axell Florent(475) 175.
    Axell Florent(300) hit Jonos Bracken(520) 215.
    ****
    Jonos Bracken(305) took 25 damage as DOT.
    Axell Florent(300) took 20 damage as DOT.
    Jonos Bracken(280) hit Axell Florent(280) 175.
    Axell Florent(105) hit Jonos Bracken(280) 215.
    ****
    Jonos Bracken(65) took 50 damage as DOT.
    Axell Florent(105) took 40 damage as DOT.
    Jonos Bracken(15) hit Axell Florent(65) 175.
    Axell Florent(-110) hit Jonos Bracken(15) 215.
    ****
    Both of them are dead. A draw.
  Duel between Blackwoods(27) -WHI- and Hightowers(30) -WIL- has begun.
    Tytos Blackwood(645) hit Leyton Hightower(425) 167.
    Leyton Hightower(258) hit Tytos Blackwood(645) 210.
    ****
    Tytos Blackwood(435) took 25 damage as DOT.
    Leyton Hightower(258) took 30 damage as DOT.
    Tytos Blackwood(410) hit Leyton Hightower(228) 167.
    Leyton Hightower(61) hit Tytos Blackwood(410) 210.
    ****
    Tytos Blackwood(200) took 50 damage as DOT.
    Leyton Hightower(61) took 60 damage as DOT.
    Tytos Blackwood(150) hit Leyton Hightower(1) 167.
    Leyton Hightower(-166) hit Tytos Blackwood(150) 210.
    ****
    Both of them are dead. A draw.
  Duel between Smallwoods(30) -WHI- and Florents(30) -WIL- has begun.
    Theomar Smallwood(620) hit Axell Florent(475) 170.
    Axell Florent(305) hit Theomar Smallwood(620) 215.
    ****
    Theomar Smallwood(405) took 25 damage as DOT.
    Axell Florent(305) took 30 damage as DOT.
    Theomar Smallwood(380) hit Axell Florent(275) 170.
    Axell Florent(105) hit Theomar Smallwood(380) 215.
    ****
    Theomar Smallwood(165) took 50 damage as DOT.
    Axell Florent(105) took 60 damage as DOT.
    Theomar Smallwood(115) hit Axell Florent(45) 170.
    Axell Florent(-125) hit Theomar Smallwood(115) 215.
    ****
    Both of them are dead. A draw.
  Duel between Brackens(30) -WIZ- and Bulwers(33) -WHI- has begun.
    Jonos Bracken(520) hit Jack Bulwer(675) 175.
    Jack Bulwer(500) hit Jonos Bracken(520) 193.
    ****
    Jonos Bracken(327) took 30 damage as DOT.
    Jack Bulwer(500) took 20 damage as DOT.
    Jonos Bracken(297) hit Jack Bulwer(480) 175.
    Jack Bulwer(305) hit Jonos Bracken(297) 193.
    ****
    Jonos Bracken(104) took 60 damage as DOT.
    Jack Bulwer(305) took 40 damage as DOT.
    Jonos Bracken(44) hit Jack Bulwer(265) 175.
    Jack Bulwer(90) hit Jonos Bracken(44) 193.
    ****
    Jack Bulwer(90) has won.
  Duel between Blackwoods(27) -WHI- and Florents(30) -WIL- has begun.
    Tytos Blackwood(645) hit Axell Florent(475) 167.
    Axell Florent(308) hit Tytos Blackwood(645) 215.
    ****
    Tytos Blackwood(430) took 25 damage as DOT.
    Axell Florent(308) took 30 damage as DOT.
    Tytos Blackwood(405) hit Axell Florent(278) 167.
    Axell Florent(111) hit Tytos Blackwood(405) 215.
    ****
    Tytos Blackwood(190) took 50 damage as DOT.
    Axell Florent(111) took 60 damage as DOT.
    Tytos Blackwood(140) hit Axell Florent(51) 167.
    Axell Florent(-116) hit Tytos Blackwood(140) 215.
    ****
    Both of them are dead. A draw.
  Duel between Smallwoods(30) -WHI- and Bulwers(36) -WHI- has begun.
    Theomar Smallwood(620) hit Jack Bulwer(675) 170.
    Jack Bulwer(505) hit Theomar Smallwood(620) 196.
    ****
    Theomar Smallwood(424) took 30 damage as DOT.
    Jack Bulwer(505) took 30 damage as DOT.
    Theomar Smallwood(394) hit Jack Bulwer(475) 170.
    Jack Bulwer(305) hit Theomar Smallwood(394) 196.
    ****
    Theomar Smallwood(198) took 60 damage as DOT.
    Jack Bulwer(305) took 60 damage as DOT.
    Theomar Smallwood(138) hit Jack Bulwer(245) 170.
    Jack Bulwer(75) hit Theomar Smallwood(138) 196.
    ****
    Jack Bulwer(75) has won.
  Duel between Brackens(27) -WIZ- and Hightowers(30) -WIL- has begun.
    Jonos Bracken(520) hit Leyton Hightower(425) 172.
    Leyton Hightower(253) hit Jonos Bracken(520) 210.
    ****
    Jonos Bracken(310) took 25 damage as DOT.
    Leyton Hightower(253) took 20 damage as DOT.
    Jonos Bracken(285) hit Leyton Hightower(233) 172.
    Leyton Hightower(61) hit Jonos Bracken(285) 210.
    ****
    Jonos Bracken(75) took 50 damage as DOT.
    Leyton Hightower(61) took 40 damage as DOT.
    Jonos Bracken(25) hit Leyton Hightower(21) 172.
    Leyton Hightower(-151) hit Jonos Bracken(25) 210.
    ****
    Both of them are dead. A draw.
  Duel between House Bolton(50) -WIL- and House Lannister(50) -WHI- has begun.
    Lothar Frey(470) hit Luthor Tyrell(600) 210.
    Luthor Tyrell(390) hit Lothar Frey(470) 210.
    ****
    Lothar Frey(260) took 30 damage as DOT.
    Luthor Tyrell(390) took 25 damage as DOT.
    Lothar Frey(230) hit Luthor Tyrell(365) 210.
    Luthor Tyrell(155) hit Lothar Frey(230) 210.
    ****
    Lothar Frey(20) took 60 damage as DOT.
    Luthor Tyrell(155) took 50 damage as DOT.
    Lothar Frey(-40) hit Luthor Tyrell(105) 210.
    Luthor Tyrell(-105) hit Lothar Frey(-40) 210.
    ****
    Both of them are dead. A draw.
  The Riverlands got 0 house points. The Reach got 3 house points.

The winner is: The Reach with currently 1 kingdom points.
---------------
The War is over. The new owner of King's Landing is The Reach with a total of 1 points.

