War has started with 2 kingdoms.
---------------
Duel 1: The Westernlands vs The Iron Islands
  Duel between Leffords(30) -WIZ- and Kennings(30) -WIZ- has begun.
    Leo Lefford(540) hit Ralf Kenning(480) 155.
    Ralf Kenning(325) hit Leo Lefford(540) 220.
    ****
    Leo Lefford(320) took 20 damage as DOT.
    Ralf Kenning(325) took 20 damage as DOT.
    Leo Lefford(300) hit Ralf Kenning(305) 155.
    Ralf Kenning(150) hit Leo Lefford(300) 220.
    ****
    Leo Lefford(80) took 40 damage as DOT.
    Ralf Kenning(150) took 40 damage as DOT.
    Leo Lefford(40) hit Ralf Kenning(110) 155.
    Ralf Kenning(-45) hit Leo Lefford(40) 220.
    ****
    Both of them are dead. A draw.
  Duel between Yarwycks(30) -WHI- and Harlaws(30) -WIZ- has begun.
    Othell Yarwyck(715) hit Alannys Harlaw(455) 150.
    Alannys Harlaw(305) hit Othell Yarwyck(715) 215.
    ****
    Othell Yarwyck(500) took 20 damage as DOT.
    Alannys Harlaw(305) took 30 damage as DOT.
    Othell Yarwyck(480) hit Alannys Harlaw(275) 150.
    Alannys Harlaw(125) hit Othell Yarwyck(480) 215.
    ****
    Othell Yarwyck(265) took 40 damage as DOT.
    Alannys Harlaw(125) took 60 damage as DOT.
    Othell Yarwyck(225) hit Alannys Harlaw(65) 150.
    Alannys Harlaw(-85) hit Othell Yarwyck(225) 215.
    ****
    Othell Yarwyck(10) has won.
  Duel between Crakehalls(30) -WIL- and Blacktydes(30) -WIL- has begun.
    Desmond Crakehall(490) hit Baelor Blacktyde(405) 170.
    Baelor Blacktyde(235) hit Desmond Crakehall(490) 235.
    ****
    Desmond Crakehall(255) took 25 damage as DOT.
    Baelor Blacktyde(235) took 25 damage as DOT.
    Desmond Crakehall(230) hit Baelor Blacktyde(210) 170.
    Baelor Blacktyde(40) hit Desmond Crakehall(230) 235.
    ****
    Baelor Blacktyde(40) has won.
  Duel between Leffords(30) -WIZ- and Harlaws(27) -WIZ- has begun.
    Leo Lefford(540) hit Alannys Harlaw(455) 155.
    Alannys Harlaw(300) hit Leo Lefford(540) 212.
    ****
    Leo Lefford(328) took 20 damage as DOT.
    Alannys Harlaw(300) took 20 damage as DOT.
    Leo Lefford(308) hit Alannys Harlaw(280) 155.
    Alannys Harlaw(125) hit Leo Lefford(308) 212.
    ****
    Leo Lefford(96) took 40 damage as DOT.
    Alannys Harlaw(125) took 40 damage as DOT.
    Leo Lefford(56) hit Alannys Harlaw(85) 155.
    Alannys Harlaw(-70) hit Leo Lefford(56) 212.
    ****
    Both of them are dead. A draw.
  Duel between Yarwycks(33) -WHI- and Blacktydes(33) -WIL- has begun.
    Othell Yarwyck(715) hit Baelor Blacktyde(405) 153.
    Baelor Blacktyde(252) hit Othell Yarwyck(715) 238.
    ****
    Othell Yarwyck(477) took 25 damage as DOT.
    Baelor Blacktyde(252) took 30 damage as DOT.
    Othell Yarwyck(452) hit Baelor Blacktyde(222) 153.
    Baelor Blacktyde(69) hit Othell Yarwyck(452) 238.
    ****
    Othell Yarwyck(214) took 50 damage as DOT.
    Baelor Blacktyde(69) took 60 damage as DOT.
    Othell Yarwyck(164) hit Baelor Blacktyde(9) 153.
    Baelor Blacktyde(-144) hit Othell Yarwyck(164) 238.
    ****
    Both of them are dead. A draw.
  Duel between Crakehalls(27) -WIL- and Kennings(30) -WIZ- has begun.
    Desmond Crakehall(490) hit Ralf Kenning(480) 167.
    Ralf Kenning(313) hit Desmond Crakehall(490) 220.
    ****
    Desmond Crakehall(270) took 20 damage as DOT.
    Ralf Kenning(313) took 25 damage as DOT.
    Desmond Crakehall(250) hit Ralf Kenning(288) 167.
    Ralf Kenning(121) hit Desmond Crakehall(250) 220.
    ****
    Desmond Crakehall(30) took 40 damage as DOT.
    Ralf Kenning(121) took 50 damage as DOT.
    Desmond Crakehall(-10) hit Ralf Kenning(71) 167.
    Ralf Kenning(-96) hit Desmond Crakehall(-10) 220.
    ****
    Both of them are dead. A draw.
  Duel between Leffords(30) -WIZ- and Blacktydes(33) -WIL- has begun.
    Leo Lefford(540) hit Baelor Blacktyde(405) 155.
    Baelor Blacktyde(250) hit Leo Lefford(540) 238.
    ****
    Leo Lefford(302) took 25 damage as DOT.
    Baelor Blacktyde(250) took 20 damage as DOT.
    Leo Lefford(277) hit Baelor Blacktyde(230) 155.
    Baelor Blacktyde(75) hit Leo Lefford(277) 238.
    ****
    Leo Lefford(39) took 50 damage as DOT.
    Baelor Blacktyde(75) took 40 damage as DOT.
    Leo Lefford(-11) hit Baelor Blacktyde(35) 155.
    Baelor Blacktyde(-120) hit Leo Lefford(-11) 238.
    ****
    Both of them are dead. A draw.
  Duel between Yarwycks(33) -WHI- and Kennings(30) -WIZ- has begun.
    Othell Yarwyck(715) hit Ralf Kenning(480) 153.
    Ralf Kenning(327) hit Othell Yarwyck(715) 220.
    ****
    Othell Yarwyck(495) took 20 damage as DOT.
    Ralf Kenning(327) took 30 damage as DOT.
    Othell Yarwyck(475) hit Ralf Kenning(297) 153.
    Ralf Kenning(144) hit Othell Yarwyck(475) 220.
    ****
    Othell Yarwyck(255) took 40 damage as DOT.
    Ralf Kenning(144) took 60 damage as DOT.
    Othell Yarwyck(215) hit Ralf Kenning(84) 153.
    Ralf Kenning(-69) hit Othell Yarwyck(215) 220.
    ****
    Both of them are dead. A draw.
  Duel between Crakehalls(27) -WIL- and Harlaws(27) -WIZ- has begun.
    Desmond Crakehall(490) hit Alannys Harlaw(455) 167.
    Alannys Harlaw(288) hit Desmond Crakehall(490) 212.
    ****
    Desmond Crakehall(278) took 20 damage as DOT.
    Alannys Harlaw(288) took 25 damage as DOT.
    Desmond Crakehall(258) hit Alannys Harlaw(263) 167.
    Alannys Harlaw(96) hit Desmond Crakehall(258) 212.
    ****
    Desmond Crakehall(46) took 40 damage as DOT.
    Alannys Harlaw(96) took 50 damage as DOT.
    Desmond Crakehall(6) hit Alannys Harlaw(46) 167.
    Alannys Harlaw(-121) hit Desmond Crakehall(6) 212.
    ****
    Both of them are dead. A draw.
  Duel between House Frey(50) -WIZ- and House Greyjoy(50) -WIZ- has begun.
    Lancel Lannister(515) hit Theon Greyjoy(480) 165.
    Theon Greyjoy(315) hit Lancel Lannister(515) 230.
    ****
    Lancel Lannister(285) took 20 damage as DOT.
    Theon Greyjoy(315) took 20 damage as DOT.
    Lancel Lannister(265) hit Theon Greyjoy(295) 165.
    Theon Greyjoy(130) hit Lancel Lannister(265) 230.
    ****
    Lancel Lannister(35) took 40 damage as DOT.
    Theon Greyjoy(130) took 40 damage as DOT.
    Lancel Lannister(-5) hit Theon Greyjoy(90) 165.
    Theon Greyjoy(-75) hit Lancel Lannister(-5) 230.
    ****
    Both of them are dead. A draw.
  The Westernlands got 1 house points. The Iron Islands got 1 house points.

A draw.
---------------
The War is over. The new owners of King's Landing are The Westernlands, and The Iron Islands.

