War has started with 2 kingdoms.
---------------
Duel 1: Dorne vs The Crownlands
  Duel between Blackmonts(30) -WIZ- and Brunes(30) -WIZ- has begun.
    Larra Blackmont(558) hit Lothor Brune(558) 163.
    Lothor Brune(395) hit Larra Blackmont(558) 163.
    ****
    Larra Blackmont(395) took 20 damage as DOT.
    Lothor Brune(395) took 20 damage as DOT.
    Larra Blackmont(375) hit Lothor Brune(375) 163.
    Lothor Brune(212) hit Larra Blackmont(375) 163.
    ****
    Larra Blackmont(212) took 40 damage as DOT.
    Lothor Brune(212) took 40 damage as DOT.
    Larra Blackmont(172) hit Lothor Brune(172) 163.
    Lothor Brune(9) hit Larra Blackmont(172) 163.
    ****
    Larra Blackmont(9) took 60 damage as DOT.
    Lothor Brune(9) took 60 damage as DOT.
    Larra Blackmont(-51) hit Lothor Brune(-51) 163.
    Lothor Brune(-214) hit Larra Blackmont(-51) 163.
    ****
    Both of them are dead. A draw.
  Duel between Manwoodys(30) -WIZ- and Thornes(30) -WIL- has begun.
    Dagos Manwoody(508) hit Alliser Thorne(533) 153.
    Alliser Thorne(380) hit Dagos Manwoody(508) 178.
    ****
    Dagos Manwoody(330) took 25 damage as DOT.
    Alliser Thorne(380) took 20 damage as DOT.
    Dagos Manwoody(305) hit Alliser Thorne(360) 153.
    Alliser Thorne(207) hit Dagos Manwoody(305) 178.
    ****
    Dagos Manwoody(127) took 50 damage as DOT.
    Alliser Thorne(207) took 40 damage as DOT.
    Dagos Manwoody(77) hit Alliser Thorne(167) 153.
    Alliser Thorne(14) hit Dagos Manwoody(77) 178.
    ****
    Alliser Thorne(14) has won.
  Duel between Gargalens(30) -WIL- and Rykkers(30) -WIZ- has begun.
    Lord Gargalen(533) hit Jaremy Rykker(533) 173.
    Jaremy Rykker(360) hit Lord Gargalen(533) 163.
    ****
    Lord Gargalen(370) took 20 damage as DOT.
    Jaremy Rykker(360) took 25 damage as DOT.
    Lord Gargalen(350) hit Jaremy Rykker(335) 173.
    Jaremy Rykker(162) hit Lord Gargalen(350) 163.
    ****
    Lord Gargalen(187) took 40 damage as DOT.
    Jaremy Rykker(162) took 50 damage as DOT.
    Lord Gargalen(147) hit Jaremy Rykker(112) 173.
    Jaremy Rykker(-61) hit Lord Gargalen(147) 163.
    ****
    Both of them are dead. A draw.
  Duel between Blackmonts(30) -WIZ- and Thornes(33) -WIL- has begun.
    Larra Blackmont(558) hit Alliser Thorne(533) 163.
    Alliser Thorne(370) hit Larra Blackmont(558) 181.
    ****
    Larra Blackmont(377) took 25 damage as DOT.
    Alliser Thorne(370) took 20 damage as DOT.
    Larra Blackmont(352) hit Alliser Thorne(350) 163.
    Alliser Thorne(187) hit Larra Blackmont(352) 181.
    ****
    Larra Blackmont(171) took 50 damage as DOT.
    Alliser Thorne(187) took 40 damage as DOT.
    Larra Blackmont(121) hit Alliser Thorne(147) 163.
    Alliser Thorne(-16) hit Larra Blackmont(121) 181.
    ****
    Both of them are dead. A draw.
  Duel between Manwoodys(27) -WIZ- and Rykkers(30) -WIZ- has begun.
    Dagos Manwoody(508) hit Jaremy Rykker(533) 150.
    Jaremy Rykker(383) hit Dagos Manwoody(508) 163.
    ****
    Dagos Manwoody(345) took 20 damage as DOT.
    Jaremy Rykker(383) took 20 damage as DOT.
    Dagos Manwoody(325) hit Jaremy Rykker(363) 150.
    Jaremy Rykker(213) hit Dagos Manwoody(325) 163.
    ****
    Dagos Manwoody(162) took 40 damage as DOT.
    Jaremy Rykker(213) took 40 damage as DOT.
    Dagos Manwoody(122) hit Jaremy Rykker(173) 150.
    Jaremy Rykker(23) hit Dagos Manwoody(122) 163.
    ****
    Jaremy Rykker(23) has won.
  Duel between Gargalens(30) -WIL- and Brunes(30) -WIZ- has begun.
    Lord Gargalen(533) hit Lothor Brune(558) 173.
    Lothor Brune(385) hit Lord Gargalen(533) 163.
    ****
    Lord Gargalen(370) took 20 damage as DOT.
    Lothor Brune(385) took 25 damage as DOT.
    Lord Gargalen(350) hit Lothor Brune(360) 173.
    Lothor Brune(187) hit Lord Gargalen(350) 163.
    ****
    Lord Gargalen(187) took 40 damage as DOT.
    Lothor Brune(187) took 50 damage as DOT.
    Lord Gargalen(147) hit Lothor Brune(137) 173.
    Lothor Brune(-36) hit Lord Gargalen(147) 163.
    ****
    Both of them are dead. A draw.
  Duel between Blackmonts(30) -WIZ- and Rykkers(33) -WIZ- has begun.
    Larra Blackmont(558) hit Jaremy Rykker(533) 163.
    Jaremy Rykker(370) hit Larra Blackmont(558) 166.
    ****
    Larra Blackmont(392) took 20 damage as DOT.
    Jaremy Rykker(370) took 20 damage as DOT.
    Larra Blackmont(372) hit Jaremy Rykker(350) 163.
    Jaremy Rykker(187) hit Larra Blackmont(372) 166.
    ****
    Larra Blackmont(206) took 40 damage as DOT.
    Jaremy Rykker(187) took 40 damage as DOT.
    Larra Blackmont(166) hit Jaremy Rykker(147) 163.
    Jaremy Rykker(-16) hit Larra Blackmont(166) 166.
    ****
    Both of them are dead. A draw.
  Duel between Manwoodys(24) -WIZ- and Brunes(30) -WIZ- has begun.
    Dagos Manwoody(508) hit Lothor Brune(558) 147.
    Lothor Brune(411) hit Dagos Manwoody(508) 163.
    ****
    Dagos Manwoody(345) took 20 damage as DOT.
    Lothor Brune(411) took 20 damage as DOT.
    Dagos Manwoody(325) hit Lothor Brune(391) 147.
    Lothor Brune(244) hit Dagos Manwoody(325) 163.
    ****
    Dagos Manwoody(162) took 40 damage as DOT.
    Lothor Brune(244) took 40 damage as DOT.
    Dagos Manwoody(122) hit Lothor Brune(204) 147.
    Lothor Brune(57) hit Dagos Manwoody(122) 163.
    ****
    Lothor Brune(57) has won.
  Duel between Gargalens(30) -WIL- and Thornes(33) -WIL- has begun.
    Lord Gargalen(533) hit Alliser Thorne(533) 173.
    Alliser Thorne(360) hit Lord Gargalen(533) 181.
    ****
    Lord Gargalen(352) took 25 damage as DOT.
    Alliser Thorne(360) took 25 damage as DOT.
    Lord Gargalen(327) hit Alliser Thorne(335) 173.
    Alliser Thorne(162) hit Lord Gargalen(327) 181.
    ****
    Lord Gargalen(146) took 50 damage as DOT.
    Alliser Thorne(162) took 50 damage as DOT.
    Lord Gargalen(96) hit Alliser Thorne(112) 173.
    Alliser Thorne(-61) hit Lord Gargalen(96) 181.
    ****
    Both of them are dead. A draw.
  Duel between House Martell(50) -WIZ- and House Baratheon(50) -WHI- has begun.
    Nymeria Sand(508) hit Viserys Targaryen(658) 168.
    Viserys Targaryen(490) hit Nymeria Sand(508) 173.
    ****
    Nymeria Sand(335) took 30 damage as DOT.
    Viserys Targaryen(490) took 20 damage as DOT.
    Nymeria Sand(305) hit Viserys Targaryen(470) 168.
    Viserys Targaryen(302) hit Nymeria Sand(305) 173.
    ****
    Nymeria Sand(132) took 60 damage as DOT.
    Viserys Targaryen(302) took 40 damage as DOT.
    Nymeria Sand(72) hit Viserys Targaryen(262) 168.
    Viserys Targaryen(94) hit Nymeria Sand(72) 173.
    ****
    Viserys Targaryen(94) has won.
  Dorne got 0 house points. The Crownlands got 6 house points.

The winner is: The Crownlands with currently 1 kingdom points.
---------------
The War is over. The new owner of King's Landing is The Crownlands with a total of 1 points.

