War has started with 2 kingdoms.
---------------
Duel 1: The Riverlands vs The Vale of Arryn
  Duel between Smallwoods(30) -WIZ- and Moores(30) -WHI- has begun.
    Theomar Smallwood(565) hit Mandon Moore(625) 160.
    Mandon Moore(465) hit Theomar Smallwood(565) 120.
    ****
    Theomar Smallwood(445) took 30 damage as DOT.
    Mandon Moore(465) took 20 damage as DOT.
    Theomar Smallwood(415) hit Mandon Moore(445) 160.
    Mandon Moore(285) hit Theomar Smallwood(415) 120.
    ****
    Theomar Smallwood(295) took 60 damage as DOT.
    Mandon Moore(285) took 40 damage as DOT.
    Theomar Smallwood(235) hit Mandon Moore(245) 160.
    Mandon Moore(85) hit Theomar Smallwood(235) 120.
    ****
    Theomar Smallwood(115) took 90 damage as DOT.
    Mandon Moore(85) took 60 damage as DOT.
    Theomar Smallwood(25) hit Mandon Moore(25) 160.
    Mandon Moore(-135) hit Theomar Smallwood(25) 120.
    ****
    Both of them are dead. A draw.
  Duel between Mootons(30) -WHI- and Waynwoods(30) -WHI- has begun.
    William Mooton(715) hit Anya Waynwood(675) 150.
    Anya Waynwood(525) hit William Mooton(715) 120.
    ****
    William Mooton(595) took 30 damage as DOT.
    Anya Waynwood(525) took 30 damage as DOT.
    William Mooton(565) hit Anya Waynwood(495) 150.
    Anya Waynwood(345) hit William Mooton(565) 120.
    ****
    William Mooton(445) took 60 damage as DOT.
    Anya Waynwood(345) took 60 damage as DOT.
    William Mooton(385) hit Anya Waynwood(285) 150.
    Anya Waynwood(135) hit William Mooton(385) 120.
    ****
    William Mooton(265) took 90 damage as DOT.
    Anya Waynwood(135) took 90 damage as DOT.
    William Mooton(175) hit Anya Waynwood(45) 150.
    Anya Waynwood(-105) hit William Mooton(175) 120.
    ****
    William Mooton(55) has won.
  Duel between Blackwoods(30) -WIL- and Lynderlys(30) -WIL- has begun.
    Tytos Blackwood(465) hit Jon Lynderly(450) 175.
    Jon Lynderly(275) hit Tytos Blackwood(465) 140.
    ****
    Tytos Blackwood(325) took 25 damage as DOT.
    Jon Lynderly(275) took 25 damage as DOT.
    Tytos Blackwood(300) hit Jon Lynderly(250) 175.
    Jon Lynderly(75) hit Tytos Blackwood(300) 140.
    ****
    Tytos Blackwood(160) took 50 damage as DOT.
    Jon Lynderly(75) took 50 damage as DOT.
    Tytos Blackwood(110) hit Jon Lynderly(25) 175.
    Jon Lynderly(-150) hit Tytos Blackwood(110) 140.
    ****
    Both of them are dead. A draw.
  Duel between Smallwoods(30) -WIZ- and Waynwoods(27) -WHI- has begun.
    Theomar Smallwood(565) hit Anya Waynwood(675) 160.
    Anya Waynwood(515) hit Theomar Smallwood(565) 117.
    ****
    Theomar Smallwood(448) took 30 damage as DOT.
    Anya Waynwood(515) took 20 damage as DOT.
    Theomar Smallwood(418) hit Anya Waynwood(495) 160.
    Anya Waynwood(335) hit Theomar Smallwood(418) 117.
    ****
    Theomar Smallwood(301) took 60 damage as DOT.
    Anya Waynwood(335) took 40 damage as DOT.
    Theomar Smallwood(241) hit Anya Waynwood(295) 160.
    Anya Waynwood(135) hit Theomar Smallwood(241) 117.
    ****
    Theomar Smallwood(124) took 90 damage as DOT.
    Anya Waynwood(135) took 60 damage as DOT.
    Theomar Smallwood(34) hit Anya Waynwood(75) 160.
    Anya Waynwood(-85) hit Theomar Smallwood(34) 117.
    ****
    Both of them are dead. A draw.
  Duel between Mootons(33) -WHI- and Lynderlys(30) -WIL- has begun.
    William Mooton(715) hit Jon Lynderly(450) 153.
    Jon Lynderly(297) hit William Mooton(715) 140.
    ****
    William Mooton(575) took 25 damage as DOT.
    Jon Lynderly(297) took 30 damage as DOT.
    William Mooton(550) hit Jon Lynderly(267) 153.
    Jon Lynderly(114) hit William Mooton(550) 140.
    ****
    William Mooton(410) took 50 damage as DOT.
    Jon Lynderly(114) took 60 damage as DOT.
    William Mooton(360) hit Jon Lynderly(54) 153.
    Jon Lynderly(-99) hit William Mooton(360) 140.
    ****
    William Mooton(220) has won.
  Duel between Blackwoods(30) -WIL- and Moores(30) -WHI- has begun.
    Tytos Blackwood(465) hit Mandon Moore(625) 175.
    Mandon Moore(450) hit Tytos Blackwood(465) 120.
    ****
    Tytos Blackwood(345) took 30 damage as DOT.
    Mandon Moore(450) took 25 damage as DOT.
    Tytos Blackwood(315) hit Mandon Moore(425) 175.
    Mandon Moore(250) hit Tytos Blackwood(315) 120.
    ****
    Tytos Blackwood(195) took 60 damage as DOT.
    Mandon Moore(250) took 50 damage as DOT.
    Tytos Blackwood(135) hit Mandon Moore(200) 175.
    Mandon Moore(25) hit Tytos Blackwood(135) 120.
    ****
    Tytos Blackwood(15) took 90 damage as DOT.
    Mandon Moore(25) took 75 damage as DOT.
    Tytos Blackwood(-75) hit Mandon Moore(-50) 175.
    Mandon Moore(-225) hit Tytos Blackwood(-75) 120.
    ****
    Both of them are dead. A draw.
  Duel between Smallwoods(30) -WIZ- and Lynderlys(27) -WIL- has begun.
    Theomar Smallwood(565) hit Jon Lynderly(450) 160.
    Jon Lynderly(290) hit Theomar Smallwood(565) 137.
    ****
    Theomar Smallwood(428) took 25 damage as DOT.
    Jon Lynderly(290) took 20 damage as DOT.
    Theomar Smallwood(403) hit Jon Lynderly(270) 160.
    Jon Lynderly(110) hit Theomar Smallwood(403) 137.
    ****
    Theomar Smallwood(266) took 50 damage as DOT.
    Jon Lynderly(110) took 40 damage as DOT.
    Theomar Smallwood(216) hit Jon Lynderly(70) 160.
    Jon Lynderly(-90) hit Theomar Smallwood(216) 137.
    ****
    Theomar Smallwood(79) has won.
  Duel between Mootons(36) -WHI- and Moores(30) -WHI- has begun.
    William Mooton(715) hit Mandon Moore(625) 156.
    Mandon Moore(469) hit William Mooton(715) 120.
    ****
    William Mooton(595) took 30 damage as DOT.
    Mandon Moore(469) took 30 damage as DOT.
    William Mooton(565) hit Mandon Moore(439) 156.
    Mandon Moore(283) hit William Mooton(565) 120.
    ****
    William Mooton(445) took 60 damage as DOT.
    Mandon Moore(283) took 60 damage as DOT.
    William Mooton(385) hit Mandon Moore(223) 156.
    Mandon Moore(67) hit William Mooton(385) 120.
    ****
    William Mooton(265) took 90 damage as DOT.
    Mandon Moore(67) took 90 damage as DOT.
    William Mooton(175) hit Mandon Moore(-23) 156.
    Mandon Moore(-179) hit William Mooton(175) 120.
    ****
    William Mooton(55) has won.
  Duel between Blackwoods(30) -WIL- and Waynwoods(27) -WHI- has begun.
    Tytos Blackwood(465) hit Anya Waynwood(675) 175.
    Anya Waynwood(500) hit Tytos Blackwood(465) 117.
    ****
    Tytos Blackwood(348) took 30 damage as DOT.
    Anya Waynwood(500) took 25 damage as DOT.
    Tytos Blackwood(318) hit Anya Waynwood(475) 175.
    Anya Waynwood(300) hit Tytos Blackwood(318) 117.
    ****
    Tytos Blackwood(201) took 60 damage as DOT.
    Anya Waynwood(300) took 50 damage as DOT.
    Tytos Blackwood(141) hit Anya Waynwood(250) 175.
    Anya Waynwood(75) hit Tytos Blackwood(141) 117.
    ****
    Tytos Blackwood(24) took 90 damage as DOT.
    Anya Waynwood(75) took 75 damage as DOT.
    Tytos Blackwood(-66) hit Anya Waynwood(0) 175.
    Anya Waynwood(-175) hit Tytos Blackwood(-66) 117.
    ****
    Both of them are dead. A draw.
  Duel between House Bolton(50) -WIZ- and House Arryn(50) -WHI- has begun.
    Walder Frey(490) hit Petry Baelish(625) 165.
    Petry Baelish(460) hit Walder Frey(490) 140.
    ****
    Walder Frey(350) took 30 damage as DOT.
    Petry Baelish(460) took 20 damage as DOT.
    Walder Frey(320) hit Petry Baelish(440) 165.
    Petry Baelish(275) hit Walder Frey(320) 140.
    ****
    Walder Frey(180) took 60 damage as DOT.
    Petry Baelish(275) took 40 damage as DOT.
    Walder Frey(120) hit Petry Baelish(235) 165.
    Petry Baelish(70) hit Walder Frey(120) 140.
    ****
    Petry Baelish(70) has won.
  The Riverlands got 4 house points. The Vale of Arryn got 3 house points.

The winner is: The Riverlands with currently 1 kingdom points.
---------------
The War is over. The new owner of King's Landing is The Riverlands with a total of 1 points.

