War has started with 2 kingdoms.
---------------
Duel 1: The Westernlands vs The Vale of Arryn
  Duel between Paynes(30) -WHI- and Royces(30) -WIZ- has begun.
    Ilyn Payne(658) hit Yohn Royce(525) 153.
    Yohn Royce(372) hit Ilyn Payne(658) 185.
    ****
    Ilyn Payne(473) took 20 damage as DOT.
    Yohn Royce(372) took 30 damage as DOT.
    Ilyn Payne(453) hit Yohn Royce(342) 153.
    Yohn Royce(189) hit Ilyn Payne(453) 185.
    ****
    Ilyn Payne(268) took 40 damage as DOT.
    Yohn Royce(189) took 60 damage as DOT.
    Ilyn Payne(228) hit Yohn Royce(129) 153.
    Yohn Royce(-24) hit Ilyn Payne(228) 185.
    ****
    Ilyn Payne(43) has won.
  Duel between Serretts(30) -WIL- and Lynderlys(30) -WIL- has begun.
    Lord Serrett(458) hit Jon Lynderly(450) 178.
    Jon Lynderly(272) hit Lord Serrett(458) 210.
    ****
    Lord Serrett(248) took 25 damage as DOT.
    Jon Lynderly(272) took 25 damage as DOT.
    Lord Serrett(223) hit Jon Lynderly(247) 178.
    Jon Lynderly(69) hit Lord Serrett(223) 210.
    ****
    Lord Serrett(13) took 50 damage as DOT.
    Jon Lynderly(69) took 50 damage as DOT.
    Lord Serrett(-37) hit Jon Lynderly(19) 178.
    Jon Lynderly(-159) hit Lord Serrett(-37) 210.
    ****
    Both of them are dead. A draw.
  Duel between Yarwycks(30) -WIZ- and Egens(30) -WIZ- has begun.
    Othell Yarwyck(508) hit Vardis Egen(500) 148.
    Vardis Egen(352) hit Othell Yarwyck(508) 190.
    ****
    Othell Yarwyck(318) took 20 damage as DOT.
    Vardis Egen(352) took 20 damage as DOT.
    Othell Yarwyck(298) hit Vardis Egen(332) 148.
    Vardis Egen(184) hit Othell Yarwyck(298) 190.
    ****
    Othell Yarwyck(108) took 40 damage as DOT.
    Vardis Egen(184) took 40 damage as DOT.
    Othell Yarwyck(68) hit Vardis Egen(144) 148.
    Vardis Egen(-4) hit Othell Yarwyck(68) 190.
    ****
    Both of them are dead. A draw.
  Duel between Paynes(33) -WHI- and Lynderlys(30) -WIL- has begun.
    Ilyn Payne(658) hit Jon Lynderly(450) 156.
    Jon Lynderly(294) hit Ilyn Payne(658) 210.
    ****
    Ilyn Payne(448) took 25 damage as DOT.
    Jon Lynderly(294) took 30 damage as DOT.
    Ilyn Payne(423) hit Jon Lynderly(264) 156.
    Jon Lynderly(108) hit Ilyn Payne(423) 210.
    ****
    Ilyn Payne(213) took 50 damage as DOT.
    Jon Lynderly(108) took 60 damage as DOT.
    Ilyn Payne(163) hit Jon Lynderly(48) 156.
    Jon Lynderly(-108) hit Ilyn Payne(163) 210.
    ****
    Both of them are dead. A draw.
  Duel between Serretts(30) -WIL- and Egens(30) -WIZ- has begun.
    Lord Serrett(458) hit Vardis Egen(500) 178.
    Vardis Egen(322) hit Lord Serrett(458) 190.
    ****
    Lord Serrett(268) took 20 damage as DOT.
    Vardis Egen(322) took 25 damage as DOT.
    Lord Serrett(248) hit Vardis Egen(297) 178.
    Vardis Egen(119) hit Lord Serrett(248) 190.
    ****
    Lord Serrett(58) took 40 damage as DOT.
    Vardis Egen(119) took 50 damage as DOT.
    Lord Serrett(18) hit Vardis Egen(69) 178.
    Vardis Egen(-109) hit Lord Serrett(18) 190.
    ****
    Both of them are dead. A draw.
  Duel between Yarwycks(30) -WIZ- and Royces(27) -WIZ- has begun.
    Othell Yarwyck(508) hit Yohn Royce(525) 148.
    Yohn Royce(377) hit Othell Yarwyck(508) 182.
    ****
    Othell Yarwyck(326) took 20 damage as DOT.
    Yohn Royce(377) took 20 damage as DOT.
    Othell Yarwyck(306) hit Yohn Royce(357) 148.
    Yohn Royce(209) hit Othell Yarwyck(306) 182.
    ****
    Othell Yarwyck(124) took 40 damage as DOT.
    Yohn Royce(209) took 40 damage as DOT.
    Othell Yarwyck(84) hit Yohn Royce(169) 148.
    Yohn Royce(21) hit Othell Yarwyck(84) 182.
    ****
    Yohn Royce(21) has won.
  Duel between Paynes(33) -WHI- and Egens(30) -WIZ- has begun.
    Ilyn Payne(658) hit Vardis Egen(500) 156.
    Vardis Egen(344) hit Ilyn Payne(658) 190.
    ****
    Ilyn Payne(468) took 20 damage as DOT.
    Vardis Egen(344) took 30 damage as DOT.
    Ilyn Payne(448) hit Vardis Egen(314) 156.
    Vardis Egen(158) hit Ilyn Payne(448) 190.
    ****
    Ilyn Payne(258) took 40 damage as DOT.
    Vardis Egen(158) took 60 damage as DOT.
    Ilyn Payne(218) hit Vardis Egen(98) 156.
    Vardis Egen(-58) hit Ilyn Payne(218) 190.
    ****
    Ilyn Payne(28) has won.
  Duel between Serretts(30) -WIL- and Royces(25) -WIZ- has begun.
    Lord Serrett(458) hit Yohn Royce(525) 178.
    Yohn Royce(347) hit Lord Serrett(458) 180.
    ****
    Lord Serrett(278) took 20 damage as DOT.
    Yohn Royce(347) took 25 damage as DOT.
    Lord Serrett(258) hit Yohn Royce(322) 178.
    Yohn Royce(144) hit Lord Serrett(258) 180.
    ****
    Lord Serrett(78) took 40 damage as DOT.
    Yohn Royce(144) took 50 damage as DOT.
    Lord Serrett(38) hit Yohn Royce(94) 178.
    Yohn Royce(-84) hit Lord Serrett(38) 180.
    ****
    Both of them are dead. A draw.
  Duel between Yarwycks(27) -WIZ- and Lynderlys(30) -WIL- has begun.
    Othell Yarwyck(508) hit Jon Lynderly(450) 145.
    Jon Lynderly(305) hit Othell Yarwyck(508) 210.
    ****
    Othell Yarwyck(298) took 25 damage as DOT.
    Jon Lynderly(305) took 20 damage as DOT.
    Othell Yarwyck(273) hit Jon Lynderly(285) 145.
    Jon Lynderly(140) hit Othell Yarwyck(273) 210.
    ****
    Othell Yarwyck(63) took 50 damage as DOT.
    Jon Lynderly(140) took 40 damage as DOT.
    Othell Yarwyck(13) hit Jon Lynderly(100) 145.
    Jon Lynderly(-45) hit Othell Yarwyck(13) 210.
    ****
    Both of them are dead. A draw.
  Duel between House Frey(50) -WIL- and House Arryn(50) -WIZ- has begun.
    Tywin Lannister(458) hit Jon Arryn(475) 198.
    Jon Arryn(277) hit Tywin Lannister(458) 215.
    ****
    Tywin Lannister(243) took 20 damage as DOT.
    Jon Arryn(277) took 25 damage as DOT.
    Tywin Lannister(223) hit Jon Arryn(252) 198.
    Jon Arryn(54) hit Tywin Lannister(223) 215.
    ****
    Tywin Lannister(8) took 40 damage as DOT.
    Jon Arryn(54) took 50 damage as DOT.
    Tywin Lannister(-32) hit Jon Arryn(4) 198.
    Jon Arryn(-194) hit Tywin Lannister(-32) 215.
    ****
    Both of them are dead. A draw.
  The Westernlands got 2 house points. The Vale of Arryn got 1 house points.

The winner is: The Westernlands with currently 1 kingdom points.
---------------
The War is over. The new owner of King's Landing is The Westernlands with a total of 1 points.

