War has started with 2 kingdoms.
---------------
Duel 1: Dorne vs The Reach
  Duel between Jordaynes(30) -WIZ- and Oakhearts(30) -WIL- has begun.
    Trebor Jordayne(520) hit Arys Oakheart(425) 170.
    Arys Oakheart(255) hit Trebor Jordayne(520) 215.
    ****
    Trebor Jordayne(305) took 25 damage as DOT.
    Arys Oakheart(255) took 20 damage as DOT.
    Trebor Jordayne(280) hit Arys Oakheart(235) 170.
    Arys Oakheart(65) hit Trebor Jordayne(280) 215.
    ****
    Trebor Jordayne(65) took 50 damage as DOT.
    Arys Oakheart(65) took 40 damage as DOT.
    Trebor Jordayne(15) hit Arys Oakheart(25) 170.
    Arys Oakheart(-145) hit Trebor Jordayne(15) 215.
    ****
    Both of them are dead. A draw.
  Duel between Gargalens(30) -WIZ- and Leygoods(30) -WIZ- has begun.
    Lord Gargalen(495) hit Lord Leygood(500) 175.
    Lord Leygood(325) hit Lord Gargalen(495) 185.
    ****
    Lord Gargalen(310) took 20 damage as DOT.
    Lord Leygood(325) took 20 damage as DOT.
    Lord Gargalen(290) hit Lord Leygood(305) 175.
    Lord Leygood(130) hit Lord Gargalen(290) 185.
    ****
    Lord Gargalen(105) took 40 damage as DOT.
    Lord Leygood(130) took 40 damage as DOT.
    Lord Gargalen(65) hit Lord Leygood(90) 175.
    Lord Leygood(-85) hit Lord Gargalen(65) 185.
    ****
    Both of them are dead. A draw.
  Duel between Qorgyles(30) -WIZ- and Ashfords(30) -WIZ- has begun.
    Quentyn Qorgyle(470) hit Lord Ashford(525) 180.
    Lord Ashford(345) hit Quentyn Qorgyle(470) 185.
    ****
    Quentyn Qorgyle(285) took 20 damage as DOT.
    Lord Ashford(345) took 20 damage as DOT.
    Quentyn Qorgyle(265) hit Lord Ashford(325) 180.
    Lord Ashford(145) hit Quentyn Qorgyle(265) 185.
    ****
    Quentyn Qorgyle(80) took 40 damage as DOT.
    Lord Ashford(145) took 40 damage as DOT.
    Quentyn Qorgyle(40) hit Lord Ashford(105) 180.
    Lord Ashford(-75) hit Quentyn Qorgyle(40) 185.
    ****
    Both of them are dead. A draw.
  Duel between Jordaynes(30) -WIZ- and Leygoods(30) -WIZ- has begun.
    Trebor Jordayne(520) hit Lord Leygood(500) 170.
    Lord Leygood(330) hit Trebor Jordayne(520) 185.
    ****
    Trebor Jordayne(335) took 20 damage as DOT.
    Lord Leygood(330) took 20 damage as DOT.
    Trebor Jordayne(315) hit Lord Leygood(310) 170.
    Lord Leygood(140) hit Trebor Jordayne(315) 185.
    ****
    Trebor Jordayne(130) took 40 damage as DOT.
    Lord Leygood(140) took 40 damage as DOT.
    Trebor Jordayne(90) hit Lord Leygood(100) 170.
    Lord Leygood(-70) hit Trebor Jordayne(90) 185.
    ****
    Both of them are dead. A draw.
  Duel between Gargalens(30) -WIZ- and Ashfords(30) -WIZ- has begun.
    Lord Gargalen(495) hit Lord Ashford(525) 175.
    Lord Ashford(350) hit Lord Gargalen(495) 185.
    ****
    Lord Gargalen(310) took 20 damage as DOT.
    Lord Ashford(350) took 20 damage as DOT.
    Lord Gargalen(290) hit Lord Ashford(330) 175.
    Lord Ashford(155) hit Lord Gargalen(290) 185.
    ****
    Lord Gargalen(105) took 40 damage as DOT.
    Lord Ashford(155) took 40 damage as DOT.
    Lord Gargalen(65) hit Lord Ashford(115) 175.
    Lord Ashford(-60) hit Lord Gargalen(65) 185.
    ****
    Both of them are dead. A draw.
  Duel between Qorgyles(30) -WIZ- and Oakhearts(30) -WIL- has begun.
    Quentyn Qorgyle(470) hit Arys Oakheart(425) 180.
    Arys Oakheart(245) hit Quentyn Qorgyle(470) 215.
    ****
    Quentyn Qorgyle(255) took 25 damage as DOT.
    Arys Oakheart(245) took 20 damage as DOT.
    Quentyn Qorgyle(230) hit Arys Oakheart(225) 180.
    Arys Oakheart(45) hit Quentyn Qorgyle(230) 215.
    ****
    Quentyn Qorgyle(15) took 50 damage as DOT.
    Arys Oakheart(45) took 40 damage as DOT.
    Quentyn Qorgyle(-35) hit Arys Oakheart(5) 180.
    Arys Oakheart(-175) hit Quentyn Qorgyle(-35) 215.
    ****
    Both of them are dead. A draw.
  Duel between Jordaynes(30) -WIZ- and Ashfords(30) -WIZ- has begun.
    Trebor Jordayne(520) hit Lord Ashford(525) 170.
    Lord Ashford(355) hit Trebor Jordayne(520) 185.
    ****
    Trebor Jordayne(335) took 20 damage as DOT.
    Lord Ashford(355) took 20 damage as DOT.
    Trebor Jordayne(315) hit Lord Ashford(335) 170.
    Lord Ashford(165) hit Trebor Jordayne(315) 185.
    ****
    Trebor Jordayne(130) took 40 damage as DOT.
    Lord Ashford(165) took 40 damage as DOT.
    Trebor Jordayne(90) hit Lord Ashford(125) 170.
    Lord Ashford(-45) hit Trebor Jordayne(90) 185.
    ****
    Both of them are dead. A draw.
  Duel between Gargalens(30) -WIZ- and Oakhearts(30) -WIL- has begun.
    Lord Gargalen(495) hit Arys Oakheart(425) 175.
    Arys Oakheart(250) hit Lord Gargalen(495) 215.
    ****
    Lord Gargalen(280) took 25 damage as DOT.
    Arys Oakheart(250) took 20 damage as DOT.
    Lord Gargalen(255) hit Arys Oakheart(230) 175.
    Arys Oakheart(55) hit Lord Gargalen(255) 215.
    ****
    Lord Gargalen(40) took 50 damage as DOT.
    Arys Oakheart(55) took 40 damage as DOT.
    Lord Gargalen(-10) hit Arys Oakheart(15) 175.
    Arys Oakheart(-160) hit Lord Gargalen(-10) 215.
    ****
    Both of them are dead. A draw.
  Duel between Qorgyles(30) -WIZ- and Leygoods(30) -WIZ- has begun.
    Quentyn Qorgyle(470) hit Lord Leygood(500) 180.
    Lord Leygood(320) hit Quentyn Qorgyle(470) 185.
    ****
    Quentyn Qorgyle(285) took 20 damage as DOT.
    Lord Leygood(320) took 20 damage as DOT.
    Quentyn Qorgyle(265) hit Lord Leygood(300) 180.
    Lord Leygood(120) hit Quentyn Qorgyle(265) 185.
    ****
    Quentyn Qorgyle(80) took 40 damage as DOT.
    Lord Leygood(120) took 40 damage as DOT.
    Quentyn Qorgyle(40) hit Lord Leygood(80) 180.
    Lord Leygood(-100) hit Quentyn Qorgyle(40) 185.
    ****
    Both of them are dead. A draw.
  Duel between House Martell(50) -WHI- and House Lannister(50) -WIZ- has begun.
    Nymeria Sand(695) hit Luthor Tyrell(525) 190.
    Luthor Tyrell(335) hit Nymeria Sand(695) 210.
    ****
    Nymeria Sand(485) took 20 damage as DOT.
    Luthor Tyrell(335) took 30 damage as DOT.
    Nymeria Sand(465) hit Luthor Tyrell(305) 190.
    Luthor Tyrell(115) hit Nymeria Sand(465) 210.
    ****
    Nymeria Sand(255) took 40 damage as DOT.
    Luthor Tyrell(115) took 60 damage as DOT.
    Nymeria Sand(215) hit Luthor Tyrell(55) 190.
    Luthor Tyrell(-135) hit Nymeria Sand(215) 210.
    ****
    Nymeria Sand(5) has won.
  Dorne got 3 house points. The Reach got 0 house points.

The winner is: Dorne with currently 1 kingdom points.
---------------
The War is over. The new owner of King's Landing is Dorne with a total of 1 points.

