War has started with 2 kingdoms.
---------------
Duel 1: The Vale of Arryn vs The Crownlands
  Duel between Waynwoods(30) -WIL- and Blounts(30) -WHI- has begun.
    Anya Waynwood(495) hit Boros Blount(665) 190.
    Boros Blount(475) hit Anya Waynwood(495) 150.
    ****
    Anya Waynwood(345) took 30 damage as DOT.
    Boros Blount(475) took 25 damage as DOT.
    Anya Waynwood(315) hit Boros Blount(450) 190.
    Boros Blount(260) hit Anya Waynwood(315) 150.
    ****
    Anya Waynwood(165) took 60 damage as DOT.
    Boros Blount(260) took 50 damage as DOT.
    Anya Waynwood(105) hit Boros Blount(210) 190.
    Boros Blount(20) hit Anya Waynwood(105) 150.
    ****
    Boros Blount(20) has won.
  Duel between Hunters(30) -WIL- and Stokeworths(30) -WIZ- has begun.
    Eon Hunter(445) hit Tanda Stokeworth(540) 195.
    Tanda Stokeworth(345) hit Eon Hunter(445) 150.
    ****
    Eon Hunter(295) took 20 damage as DOT.
    Tanda Stokeworth(345) took 25 damage as DOT.
    Eon Hunter(275) hit Tanda Stokeworth(320) 195.
    Tanda Stokeworth(125) hit Eon Hunter(275) 150.
    ****
    Eon Hunter(125) took 40 damage as DOT.
    Tanda Stokeworth(125) took 50 damage as DOT.
    Eon Hunter(85) hit Tanda Stokeworth(75) 195.
    Tanda Stokeworth(-120) hit Eon Hunter(85) 150.
    ****
    Both of them are dead. A draw.
  Duel between Moores(30) -WIZ- and Thornes(30) -WHI- has begun.
    Mandon Moore(470) hit Alliser Thorne(715) 170.
    Alliser Thorne(545) hit Mandon Moore(470) 150.
    ****
    Mandon Moore(320) took 30 damage as DOT.
    Alliser Thorne(545) took 20 damage as DOT.
    Mandon Moore(290) hit Alliser Thorne(525) 170.
    Alliser Thorne(355) hit Mandon Moore(290) 150.
    ****
    Mandon Moore(140) took 60 damage as DOT.
    Alliser Thorne(355) took 40 damage as DOT.
    Mandon Moore(80) hit Alliser Thorne(315) 170.
    Alliser Thorne(145) hit Mandon Moore(80) 150.
    ****
    Alliser Thorne(145) has won.
  Duel between Waynwoods(27) -WIL- and Stokeworths(30) -WIZ- has begun.
    Anya Waynwood(495) hit Tanda Stokeworth(540) 187.
    Tanda Stokeworth(353) hit Anya Waynwood(495) 150.
    ****
    Anya Waynwood(345) took 20 damage as DOT.
    Tanda Stokeworth(353) took 25 damage as DOT.
    Anya Waynwood(325) hit Tanda Stokeworth(328) 187.
    Tanda Stokeworth(141) hit Anya Waynwood(325) 150.
    ****
    Anya Waynwood(175) took 40 damage as DOT.
    Tanda Stokeworth(141) took 50 damage as DOT.
    Anya Waynwood(135) hit Tanda Stokeworth(91) 187.
    Tanda Stokeworth(-96) hit Anya Waynwood(135) 150.
    ****
    Both of them are dead. A draw.
  Duel between Hunters(30) -WIL- and Thornes(33) -WHI- has begun.
    Eon Hunter(445) hit Alliser Thorne(715) 195.
    Alliser Thorne(520) hit Eon Hunter(445) 153.
    ****
    Eon Hunter(292) took 30 damage as DOT.
    Alliser Thorne(520) took 25 damage as DOT.
    Eon Hunter(262) hit Alliser Thorne(495) 195.
    Alliser Thorne(300) hit Eon Hunter(262) 153.
    ****
    Eon Hunter(109) took 60 damage as DOT.
    Alliser Thorne(300) took 50 damage as DOT.
    Eon Hunter(49) hit Alliser Thorne(250) 195.
    Alliser Thorne(55) hit Eon Hunter(49) 153.
    ****
    Alliser Thorne(55) has won.
  Duel between Moores(27) -WIZ- and Blounts(33) -WHI- has begun.
    Mandon Moore(470) hit Boros Blount(665) 167.
    Boros Blount(498) hit Mandon Moore(470) 153.
    ****
    Mandon Moore(317) took 30 damage as DOT.
    Boros Blount(498) took 20 damage as DOT.
    Mandon Moore(287) hit Boros Blount(478) 167.
    Boros Blount(311) hit Mandon Moore(287) 153.
    ****
    Mandon Moore(134) took 60 damage as DOT.
    Boros Blount(311) took 40 damage as DOT.
    Mandon Moore(74) hit Boros Blount(271) 167.
    Boros Blount(104) hit Mandon Moore(74) 153.
    ****
    Boros Blount(104) has won.
  Duel between Waynwoods(27) -WIL- and Thornes(36) -WHI- has begun.
    Anya Waynwood(495) hit Alliser Thorne(715) 187.
    Alliser Thorne(528) hit Anya Waynwood(495) 156.
    ****
    Anya Waynwood(339) took 30 damage as DOT.
    Alliser Thorne(528) took 25 damage as DOT.
    Anya Waynwood(309) hit Alliser Thorne(503) 187.
    Alliser Thorne(316) hit Anya Waynwood(309) 156.
    ****
    Anya Waynwood(153) took 60 damage as DOT.
    Alliser Thorne(316) took 50 damage as DOT.
    Anya Waynwood(93) hit Alliser Thorne(266) 187.
    Alliser Thorne(79) hit Anya Waynwood(93) 156.
    ****
    Alliser Thorne(79) has won.
  Duel between Hunters(27) -WIL- and Blounts(36) -WHI- has begun.
    Eon Hunter(445) hit Boros Blount(665) 192.
    Boros Blount(473) hit Eon Hunter(445) 156.
    ****
    Eon Hunter(289) took 30 damage as DOT.
    Boros Blount(473) took 25 damage as DOT.
    Eon Hunter(259) hit Boros Blount(448) 192.
    Boros Blount(256) hit Eon Hunter(259) 156.
    ****
    Eon Hunter(103) took 60 damage as DOT.
    Boros Blount(256) took 50 damage as DOT.
    Eon Hunter(43) hit Boros Blount(206) 192.
    Boros Blount(14) hit Eon Hunter(43) 156.
    ****
    Boros Blount(14) has won.
  Duel between Moores(24) -WIZ- and Stokeworths(30) -WIZ- has begun.
    Mandon Moore(470) hit Tanda Stokeworth(540) 164.
    Tanda Stokeworth(376) hit Mandon Moore(470) 150.
    ****
    Mandon Moore(320) took 20 damage as DOT.
    Tanda Stokeworth(376) took 20 damage as DOT.
    Mandon Moore(300) hit Tanda Stokeworth(356) 164.
    Tanda Stokeworth(192) hit Mandon Moore(300) 150.
    ****
    Mandon Moore(150) took 40 damage as DOT.
    Tanda Stokeworth(192) took 40 damage as DOT.
    Mandon Moore(110) hit Tanda Stokeworth(152) 164.
    Tanda Stokeworth(-12) hit Mandon Moore(110) 150.
    ****
    Both of them are dead. A draw.
  Duel between House Arryn(50) -WHI- and House Baratheon(50) -WIL- has begun.
    Petry Baelish(695) hit Viserys Targaryen(515) 190.
    Viserys Targaryen(325) hit Petry Baelish(695) 190.
    ****
    Petry Baelish(505) took 25 damage as DOT.
    Viserys Targaryen(325) took 30 damage as DOT.
    Petry Baelish(480) hit Viserys Targaryen(295) 190.
    Viserys Targaryen(105) hit Petry Baelish(480) 190.
    ****
    Petry Baelish(290) took 50 damage as DOT.
    Viserys Targaryen(105) took 60 damage as DOT.
    Petry Baelish(240) hit Viserys Targaryen(45) 190.
    Viserys Targaryen(-145) hit Petry Baelish(240) 190.
    ****
    Petry Baelish(50) has won.
  The Vale of Arryn got 3 house points. The Crownlands got 6 house points.

The winner is: The Crownlands with currently 1 kingdom points.
---------------
The War is over. The new owner of King's Landing is The Crownlands with a total of 1 points.

