War has started with 2 kingdoms.
---------------
Duel 1: The Vale of Arryn vs The Iron Islands
  Duel between Egens(30) -WIL- and Botleys(30) -WIZ- has begun.
    Vardis Egen(485) hit Sawane Botley(475) 155.
    Sawane Botley(320) hit Vardis Egen(485) 185.
    ****
    Vardis Egen(300) took 20 damage as DOT.
    Sawane Botley(320) took 25 damage as DOT.
    Vardis Egen(280) hit Sawane Botley(295) 155.
    Sawane Botley(140) hit Vardis Egen(280) 185.
    ****
    Vardis Egen(95) took 40 damage as DOT.
    Sawane Botley(140) took 50 damage as DOT.
    Vardis Egen(55) hit Sawane Botley(90) 155.
    Sawane Botley(-65) hit Vardis Egen(55) 185.
    ****
    Both of them are dead. A draw.
  Duel between Corbrays(30) -WIZ- and Sparrs(30) -WIL- has begun.
    Vance Corbray(510) hit Lord Sparr(425) 140.
    Lord Sparr(285) hit Vance Corbray(510) 215.
    ****
    Vance Corbray(295) took 25 damage as DOT.
    Lord Sparr(285) took 20 damage as DOT.
    Vance Corbray(270) hit Lord Sparr(265) 140.
    Lord Sparr(125) hit Vance Corbray(270) 215.
    ****
    Vance Corbray(55) took 50 damage as DOT.
    Lord Sparr(125) took 40 damage as DOT.
    Vance Corbray(5) hit Lord Sparr(85) 140.
    Lord Sparr(-55) hit Vance Corbray(5) 215.
    ****
    Both of them are dead. A draw.
  Duel between Tolletts(30) -WIZ- and Kennings(30) -WIL- has begun.
    Eddison Tollett(535) hit Ralf Kenning(425) 125.
    Ralf Kenning(300) hit Eddison Tollett(535) 210.
    ****
    Eddison Tollett(325) took 25 damage as DOT.
    Ralf Kenning(300) took 20 damage as DOT.
    Eddison Tollett(300) hit Ralf Kenning(280) 125.
    Ralf Kenning(155) hit Eddison Tollett(300) 210.
    ****
    Eddison Tollett(90) took 50 damage as DOT.
    Ralf Kenning(155) took 40 damage as DOT.
    Eddison Tollett(40) hit Ralf Kenning(115) 125.
    Ralf Kenning(-10) hit Eddison Tollett(40) 210.
    ****
    Both of them are dead. A draw.
  Duel between Egens(30) -WIL- and Sparrs(30) -WIL- has begun.
    Vardis Egen(485) hit Lord Sparr(425) 155.
    Lord Sparr(270) hit Vardis Egen(485) 215.
    ****
    Vardis Egen(270) took 25 damage as DOT.
    Lord Sparr(270) took 25 damage as DOT.
    Vardis Egen(245) hit Lord Sparr(245) 155.
    Lord Sparr(90) hit Vardis Egen(245) 215.
    ****
    Vardis Egen(30) took 50 damage as DOT.
    Lord Sparr(90) took 50 damage as DOT.
    Vardis Egen(-20) hit Lord Sparr(40) 155.
    Lord Sparr(-115) hit Vardis Egen(-20) 215.
    ****
    Both of them are dead. A draw.
  Duel between Corbrays(30) -WIZ- and Kennings(30) -WIL- has begun.
    Vance Corbray(510) hit Ralf Kenning(425) 140.
    Ralf Kenning(285) hit Vance Corbray(510) 210.
    ****
    Vance Corbray(300) took 25 damage as DOT.
    Ralf Kenning(285) took 20 damage as DOT.
    Vance Corbray(275) hit Ralf Kenning(265) 140.
    Ralf Kenning(125) hit Vance Corbray(275) 210.
    ****
    Vance Corbray(65) took 50 damage as DOT.
    Ralf Kenning(125) took 40 damage as DOT.
    Vance Corbray(15) hit Ralf Kenning(85) 140.
    Ralf Kenning(-55) hit Vance Corbray(15) 210.
    ****
    Both of them are dead. A draw.
  Duel between Tolletts(30) -WIZ- and Botleys(30) -WIZ- has begun.
    Eddison Tollett(535) hit Sawane Botley(475) 125.
    Sawane Botley(350) hit Eddison Tollett(535) 185.
    ****
    Eddison Tollett(350) took 20 damage as DOT.
    Sawane Botley(350) took 20 damage as DOT.
    Eddison Tollett(330) hit Sawane Botley(330) 125.
    Sawane Botley(205) hit Eddison Tollett(330) 185.
    ****
    Eddison Tollett(145) took 40 damage as DOT.
    Sawane Botley(205) took 40 damage as DOT.
    Eddison Tollett(105) hit Sawane Botley(165) 125.
    Sawane Botley(40) hit Eddison Tollett(105) 185.
    ****
    Sawane Botley(40) has won.
  Duel between Egens(30) -WIL- and Kennings(30) -WIL- has begun.
    Vardis Egen(485) hit Ralf Kenning(425) 155.
    Ralf Kenning(270) hit Vardis Egen(485) 210.
    ****
    Vardis Egen(275) took 25 damage as DOT.
    Ralf Kenning(270) took 25 damage as DOT.
    Vardis Egen(250) hit Ralf Kenning(245) 155.
    Ralf Kenning(90) hit Vardis Egen(250) 210.
    ****
    Vardis Egen(40) took 50 damage as DOT.
    Ralf Kenning(90) took 50 damage as DOT.
    Vardis Egen(-10) hit Ralf Kenning(40) 155.
    Ralf Kenning(-115) hit Vardis Egen(-10) 210.
    ****
    Both of them are dead. A draw.
  Duel between Corbrays(30) -WIZ- and Botleys(33) -WIZ- has begun.
    Vance Corbray(510) hit Sawane Botley(475) 140.
    Sawane Botley(335) hit Vance Corbray(510) 188.
    ****
    Vance Corbray(322) took 20 damage as DOT.
    Sawane Botley(335) took 20 damage as DOT.
    Vance Corbray(302) hit Sawane Botley(315) 140.
    Sawane Botley(175) hit Vance Corbray(302) 188.
    ****
    Vance Corbray(114) took 40 damage as DOT.
    Sawane Botley(175) took 40 damage as DOT.
    Vance Corbray(74) hit Sawane Botley(135) 140.
    Sawane Botley(-5) hit Vance Corbray(74) 188.
    ****
    Both of them are dead. A draw.
  Duel between Tolletts(27) -WIZ- and Sparrs(30) -WIL- has begun.
    Eddison Tollett(535) hit Lord Sparr(425) 122.
    Lord Sparr(303) hit Eddison Tollett(535) 215.
    ****
    Eddison Tollett(320) took 25 damage as DOT.
    Lord Sparr(303) took 20 damage as DOT.
    Eddison Tollett(295) hit Lord Sparr(283) 122.
    Lord Sparr(161) hit Eddison Tollett(295) 215.
    ****
    Eddison Tollett(80) took 50 damage as DOT.
    Lord Sparr(161) took 40 damage as DOT.
    Eddison Tollett(30) hit Lord Sparr(121) 122.
    Lord Sparr(-1) hit Eddison Tollett(30) 215.
    ****
    Both of them are dead. A draw.
  Duel between House Arryn(50) -WIZ- and House Greyjoy(50) -WIZ- has begun.
    Robin Arryn(535) hit Euron Greyjoy(475) 160.
    Euron Greyjoy(315) hit Robin Arryn(535) 210.
    ****
    Robin Arryn(325) took 20 damage as DOT.
    Euron Greyjoy(315) took 20 damage as DOT.
    Robin Arryn(305) hit Euron Greyjoy(295) 160.
    Euron Greyjoy(135) hit Robin Arryn(305) 210.
    ****
    Robin Arryn(95) took 40 damage as DOT.
    Euron Greyjoy(135) took 40 damage as DOT.
    Robin Arryn(55) hit Euron Greyjoy(95) 160.
    Euron Greyjoy(-65) hit Robin Arryn(55) 210.
    ****
    Both of them are dead. A draw.
  The Vale of Arryn got 0 house points. The Iron Islands got 1 house points.

The winner is: The Iron Islands with currently 1 kingdom points.
---------------
The War is over. The new owner of King's Landing is The Iron Islands with a total of 1 points.

