War has started with 2 kingdoms.
---------------
Duel 1: The Vale of Arryn vs The Westernlands
  Duel between Royces(30) -WIL- and Westerlings(30) -WHI- has begun.
    Yohn Royce(530) hit Gawen Westerling(658) 185.
    Gawen Westerling(473) hit Yohn Royce(530) 153.
    ****
    Yohn Royce(377) took 30 damage as DOT.
    Gawen Westerling(473) took 25 damage as DOT.
    Yohn Royce(347) hit Gawen Westerling(448) 185.
    Gawen Westerling(263) hit Yohn Royce(347) 153.
    ****
    Yohn Royce(194) took 60 damage as DOT.
    Gawen Westerling(263) took 50 damage as DOT.
    Yohn Royce(134) hit Gawen Westerling(213) 185.
    Gawen Westerling(28) hit Yohn Royce(134) 153.
    ****
    Gawen Westerling(28) has won.
  Duel between Hunters(30) -WHI- and Yarwycks(30) -WIL- has begun.
    Eon Hunter(680) hit Othell Yarwyck(508) 160.
    Othell Yarwyck(348) hit Eon Hunter(680) 178.
    ****
    Eon Hunter(502) took 25 damage as DOT.
    Othell Yarwyck(348) took 30 damage as DOT.
    Eon Hunter(477) hit Othell Yarwyck(318) 160.
    Othell Yarwyck(158) hit Eon Hunter(477) 178.
    ****
    Eon Hunter(299) took 50 damage as DOT.
    Othell Yarwyck(158) took 60 damage as DOT.
    Eon Hunter(249) hit Othell Yarwyck(98) 160.
    Othell Yarwyck(-62) hit Eon Hunter(249) 178.
    ****
    Eon Hunter(71) has won.
  Duel between Tolletts(30) -WIZ- and Lannister of Lannisports(30) -WIZ- has begun.
    Eddison Tollett(530) hit Reginald Lannister(508) 165.
    Reginald Lannister(343) hit Eddison Tollett(530) 158.
    ****
    Eddison Tollett(372) took 20 damage as DOT.
    Reginald Lannister(343) took 20 damage as DOT.
    Eddison Tollett(352) hit Reginald Lannister(323) 165.
    Reginald Lannister(158) hit Eddison Tollett(352) 158.
    ****
    Eddison Tollett(194) took 40 damage as DOT.
    Reginald Lannister(158) took 40 damage as DOT.
    Eddison Tollett(154) hit Reginald Lannister(118) 165.
    Reginald Lannister(-47) hit Eddison Tollett(154) 158.
    ****
    Both of them are dead. A draw.
  Duel between Royces(27) -WIL- and Yarwycks(27) -WIL- has begun.
    Yohn Royce(530) hit Othell Yarwyck(508) 182.
    Othell Yarwyck(326) hit Yohn Royce(530) 175.
    ****
    Yohn Royce(355) took 25 damage as DOT.
    Othell Yarwyck(326) took 25 damage as DOT.
    Yohn Royce(330) hit Othell Yarwyck(301) 182.
    Othell Yarwyck(119) hit Yohn Royce(330) 175.
    ****
    Yohn Royce(155) took 50 damage as DOT.
    Othell Yarwyck(119) took 50 damage as DOT.
    Yohn Royce(105) hit Othell Yarwyck(69) 182.
    Othell Yarwyck(-113) hit Yohn Royce(105) 175.
    ****
    Both of them are dead. A draw.
  Duel between Hunters(33) -WHI- and Lannister of Lannisports(30) -WIZ- has begun.
    Eon Hunter(680) hit Reginald Lannister(508) 163.
    Reginald Lannister(345) hit Eon Hunter(680) 158.
    ****
    Eon Hunter(522) took 20 damage as DOT.
    Reginald Lannister(345) took 30 damage as DOT.
    Eon Hunter(502) hit Reginald Lannister(315) 163.
    Reginald Lannister(152) hit Eon Hunter(502) 158.
    ****
    Eon Hunter(344) took 40 damage as DOT.
    Reginald Lannister(152) took 60 damage as DOT.
    Eon Hunter(304) hit Reginald Lannister(92) 163.
    Reginald Lannister(-71) hit Eon Hunter(304) 158.
    ****
    Eon Hunter(146) has won.
  Duel between Tolletts(30) -WIZ- and Westerlings(33) -WHI- has begun.
    Eddison Tollett(530) hit Gawen Westerling(658) 165.
    Gawen Westerling(493) hit Eddison Tollett(530) 156.
    ****
    Eddison Tollett(374) took 30 damage as DOT.
    Gawen Westerling(493) took 20 damage as DOT.
    Eddison Tollett(344) hit Gawen Westerling(473) 165.
    Gawen Westerling(308) hit Eddison Tollett(344) 156.
    ****
    Eddison Tollett(188) took 60 damage as DOT.
    Gawen Westerling(308) took 40 damage as DOT.
    Eddison Tollett(128) hit Gawen Westerling(268) 165.
    Gawen Westerling(103) hit Eddison Tollett(128) 156.
    ****
    Gawen Westerling(103) has won.
  Duel between Royces(27) -WIL- and Lannister of Lannisports(27) -WIZ- has begun.
    Yohn Royce(530) hit Reginald Lannister(508) 182.
    Reginald Lannister(326) hit Yohn Royce(530) 155.
    ****
    Yohn Royce(375) took 20 damage as DOT.
    Reginald Lannister(326) took 25 damage as DOT.
    Yohn Royce(355) hit Reginald Lannister(301) 182.
    Reginald Lannister(119) hit Yohn Royce(355) 155.
    ****
    Yohn Royce(200) took 40 damage as DOT.
    Reginald Lannister(119) took 50 damage as DOT.
    Yohn Royce(160) hit Reginald Lannister(69) 182.
    Reginald Lannister(-113) hit Yohn Royce(160) 155.
    ****
    Yohn Royce(5) has won.
  Duel between Hunters(36) -WHI- and Westerlings(36) -WHI- has begun.
    Eon Hunter(680) hit Gawen Westerling(658) 166.
    Gawen Westerling(492) hit Eon Hunter(680) 159.
    ****
    Eon Hunter(521) took 30 damage as DOT.
    Gawen Westerling(492) took 30 damage as DOT.
    Eon Hunter(491) hit Gawen Westerling(462) 166.
    Gawen Westerling(296) hit Eon Hunter(491) 159.
    ****
    Eon Hunter(332) took 60 damage as DOT.
    Gawen Westerling(296) took 60 damage as DOT.
    Eon Hunter(272) hit Gawen Westerling(236) 166.
    Gawen Westerling(70) hit Eon Hunter(272) 159.
    ****
    Eon Hunter(113) took 90 damage as DOT.
    Gawen Westerling(70) took 90 damage as DOT.
    Eon Hunter(23) hit Gawen Westerling(-20) 166.
    Gawen Westerling(-186) hit Eon Hunter(23) 159.
    ****
    Both of them are dead. A draw.
  Duel between Tolletts(27) -WIZ- and Yarwycks(27) -WIL- has begun.
    Eddison Tollett(530) hit Othell Yarwyck(508) 162.
    Othell Yarwyck(346) hit Eddison Tollett(530) 175.
    ****
    Eddison Tollett(355) took 25 damage as DOT.
    Othell Yarwyck(346) took 20 damage as DOT.
    Eddison Tollett(330) hit Othell Yarwyck(326) 162.
    Othell Yarwyck(164) hit Eddison Tollett(330) 175.
    ****
    Eddison Tollett(155) took 50 damage as DOT.
    Othell Yarwyck(164) took 40 damage as DOT.
    Eddison Tollett(105) hit Othell Yarwyck(124) 162.
    Othell Yarwyck(-38) hit Eddison Tollett(105) 175.
    ****
    Both of them are dead. A draw.
  Duel between House Arryn(50) -WIZ- and House Frey(50) -WIL- has begun.
    Robin Arryn(480) hit Kevan Lannister(508) 190.
    Kevan Lannister(318) hit Robin Arryn(480) 193.
    ****
    Robin Arryn(287) took 25 damage as DOT.
    Kevan Lannister(318) took 20 damage as DOT.
    Robin Arryn(262) hit Kevan Lannister(298) 190.
    Kevan Lannister(108) hit Robin Arryn(262) 193.
    ****
    Robin Arryn(69) took 50 damage as DOT.
    Kevan Lannister(108) took 40 damage as DOT.
    Robin Arryn(19) hit Kevan Lannister(68) 190.
    Kevan Lannister(-122) hit Robin Arryn(19) 193.
    ****
    Both of them are dead. A draw.
  The Vale of Arryn got 3 house points. The Westernlands got 2 house points.

The winner is: The Vale of Arryn with currently 1 kingdom points.
---------------
The War is over. The new owner of King's Landing is The Vale of Arryn with a total of 1 points.

