War has started with 2 kingdoms.
---------------
Duel 1: The Reach vs The Iron Islands
  Duel between Florents(30) -WIZ- and Goodbrothers(30) -WIL- has begun.
    Axell Florent(533) hit Urragon Goodbrother(515) 158.
    Urragon Goodbrother(357) hit Axell Florent(533) 170.
    ****
    Axell Florent(363) took 25 damage as DOT.
    Urragon Goodbrother(357) took 20 damage as DOT.
    Axell Florent(338) hit Urragon Goodbrother(337) 158.
    Urragon Goodbrother(179) hit Axell Florent(338) 170.
    ****
    Axell Florent(168) took 50 damage as DOT.
    Urragon Goodbrother(179) took 40 damage as DOT.
    Axell Florent(118) hit Urragon Goodbrother(139) 158.
    Urragon Goodbrother(-19) hit Axell Florent(118) 170.
    ****
    Both of them are dead. A draw.
  Duel between Leygoods(30) -WIL- and Sparrs(30) -WIZ- has begun.
    Lord Leygood(458) hit Lord Sparr(490) 173.
    Lord Sparr(317) hit Lord Leygood(458) 145.
    ****
    Lord Leygood(313) took 20 damage as DOT.
    Lord Sparr(317) took 25 damage as DOT.
    Lord Leygood(293) hit Lord Sparr(292) 173.
    Lord Sparr(119) hit Lord Leygood(293) 145.
    ****
    Lord Leygood(148) took 40 damage as DOT.
    Lord Sparr(119) took 50 damage as DOT.
    Lord Leygood(108) hit Lord Sparr(69) 173.
    Lord Sparr(-104) hit Lord Leygood(108) 145.
    ****
    Both of them are dead. A draw.
  Duel between Tarlys(30) -WIL- and Merlyns(30) -WIZ- has begun.
    Randyll Tarly(458) hit Meldred Merlyn(540) 173.
    Meldred Merlyn(367) hit Randyll Tarly(458) 150.
    ****
    Randyll Tarly(308) took 20 damage as DOT.
    Meldred Merlyn(367) took 25 damage as DOT.
    Randyll Tarly(288) hit Meldred Merlyn(342) 173.
    Meldred Merlyn(169) hit Randyll Tarly(288) 150.
    ****
    Randyll Tarly(138) took 40 damage as DOT.
    Meldred Merlyn(169) took 50 damage as DOT.
    Randyll Tarly(98) hit Meldred Merlyn(119) 173.
    Meldred Merlyn(-54) hit Randyll Tarly(98) 150.
    ****
    Both of them are dead. A draw.
  Duel between Florents(30) -WIZ- and Sparrs(30) -WIZ- has begun.
    Axell Florent(533) hit Lord Sparr(490) 158.
    Lord Sparr(332) hit Axell Florent(533) 145.
    ****
    Axell Florent(388) took 20 damage as DOT.
    Lord Sparr(332) took 20 damage as DOT.
    Axell Florent(368) hit Lord Sparr(312) 158.
    Lord Sparr(154) hit Axell Florent(368) 145.
    ****
    Axell Florent(223) took 40 damage as DOT.
    Lord Sparr(154) took 40 damage as DOT.
    Axell Florent(183) hit Lord Sparr(114) 158.
    Lord Sparr(-44) hit Axell Florent(183) 145.
    ****
    Axell Florent(38) has won.
  Duel between Leygoods(30) -WIL- and Merlyns(30) -WIZ- has begun.
    Lord Leygood(458) hit Meldred Merlyn(540) 173.
    Meldred Merlyn(367) hit Lord Leygood(458) 150.
    ****
    Lord Leygood(308) took 20 damage as DOT.
    Meldred Merlyn(367) took 25 damage as DOT.
    Lord Leygood(288) hit Meldred Merlyn(342) 173.
    Meldred Merlyn(169) hit Lord Leygood(288) 150.
    ****
    Lord Leygood(138) took 40 damage as DOT.
    Meldred Merlyn(169) took 50 damage as DOT.
    Lord Leygood(98) hit Meldred Merlyn(119) 173.
    Meldred Merlyn(-54) hit Lord Leygood(98) 150.
    ****
    Both of them are dead. A draw.
  Duel between Tarlys(30) -WIL- and Goodbrothers(30) -WIL- has begun.
    Randyll Tarly(458) hit Urragon Goodbrother(515) 173.
    Urragon Goodbrother(342) hit Randyll Tarly(458) 170.
    ****
    Randyll Tarly(288) took 25 damage as DOT.
    Urragon Goodbrother(342) took 25 damage as DOT.
    Randyll Tarly(263) hit Urragon Goodbrother(317) 173.
    Urragon Goodbrother(144) hit Randyll Tarly(263) 170.
    ****
    Randyll Tarly(93) took 50 damage as DOT.
    Urragon Goodbrother(144) took 50 damage as DOT.
    Randyll Tarly(43) hit Urragon Goodbrother(94) 173.
    Urragon Goodbrother(-79) hit Randyll Tarly(43) 170.
    ****
    Both of them are dead. A draw.
  Duel between Florents(33) -WIZ- and Merlyns(30) -WIZ- has begun.
    Axell Florent(533) hit Meldred Merlyn(540) 161.
    Meldred Merlyn(379) hit Axell Florent(533) 150.
    ****
    Axell Florent(383) took 20 damage as DOT.
    Meldred Merlyn(379) took 20 damage as DOT.
    Axell Florent(363) hit Meldred Merlyn(359) 161.
    Meldred Merlyn(198) hit Axell Florent(363) 150.
    ****
    Axell Florent(213) took 40 damage as DOT.
    Meldred Merlyn(198) took 40 damage as DOT.
    Axell Florent(173) hit Meldred Merlyn(158) 161.
    Meldred Merlyn(-3) hit Axell Florent(173) 150.
    ****
    Axell Florent(23) has won.
  Duel between Leygoods(30) -WIL- and Goodbrothers(30) -WIL- has begun.
    Lord Leygood(458) hit Urragon Goodbrother(515) 173.
    Urragon Goodbrother(342) hit Lord Leygood(458) 170.
    ****
    Lord Leygood(288) took 25 damage as DOT.
    Urragon Goodbrother(342) took 25 damage as DOT.
    Lord Leygood(263) hit Urragon Goodbrother(317) 173.
    Urragon Goodbrother(144) hit Lord Leygood(263) 170.
    ****
    Lord Leygood(93) took 50 damage as DOT.
    Urragon Goodbrother(144) took 50 damage as DOT.
    Lord Leygood(43) hit Urragon Goodbrother(94) 173.
    Urragon Goodbrother(-79) hit Lord Leygood(43) 170.
    ****
    Both of them are dead. A draw.
  Duel between Tarlys(30) -WIL- and Sparrs(27) -WIZ- has begun.
    Randyll Tarly(458) hit Lord Sparr(490) 173.
    Lord Sparr(317) hit Randyll Tarly(458) 142.
    ****
    Randyll Tarly(316) took 20 damage as DOT.
    Lord Sparr(317) took 25 damage as DOT.
    Randyll Tarly(296) hit Lord Sparr(292) 173.
    Lord Sparr(119) hit Randyll Tarly(296) 142.
    ****
    Randyll Tarly(154) took 40 damage as DOT.
    Lord Sparr(119) took 50 damage as DOT.
    Randyll Tarly(114) hit Lord Sparr(69) 173.
    Lord Sparr(-104) hit Randyll Tarly(114) 142.
    ****
    Both of them are dead. A draw.
  Duel between House Lannister(50) -WIL- and House Greyjoy(50) -WIZ- has begun.
    Loras Tyrell(458) hit Euron Greyjoy(565) 193.
    Euron Greyjoy(372) hit Loras Tyrell(458) 165.
    ****
    Loras Tyrell(293) took 20 damage as DOT.
    Euron Greyjoy(372) took 25 damage as DOT.
    Loras Tyrell(273) hit Euron Greyjoy(347) 193.
    Euron Greyjoy(154) hit Loras Tyrell(273) 165.
    ****
    Loras Tyrell(108) took 40 damage as DOT.
    Euron Greyjoy(154) took 50 damage as DOT.
    Loras Tyrell(68) hit Euron Greyjoy(104) 193.
    Euron Greyjoy(-89) hit Loras Tyrell(68) 165.
    ****
    Both of them are dead. A draw.
  The Reach got 2 house points. The Iron Islands got 0 house points.

The winner is: The Reach with currently 1 kingdom points.
---------------
The War is over. The new owner of King's Landing is The Reach with a total of 1 points.

