War has started with 3 kingdoms.
---------------
Duel 1: Dorne vs The Vale of Arryn
  Duel between Allyrions(30) -WIZ- and Lynderlys(30) -WIL- has begun.
    Daemon Sand(508) hit Jon Lynderly(458) 148.
    Jon Lynderly(310) hit Daemon Sand(508) 178.
    ****
    Daemon Sand(330) took 25 damage as DOT.
    Jon Lynderly(310) took 20 damage as DOT.
    Daemon Sand(305) hit Jon Lynderly(290) 148.
    Jon Lynderly(142) hit Daemon Sand(305) 178.
    ****
    Daemon Sand(127) took 50 damage as DOT.
    Jon Lynderly(142) took 40 damage as DOT.
    Daemon Sand(77) hit Jon Lynderly(102) 148.
    Jon Lynderly(-46) hit Daemon Sand(77) 178.
    ****
    Both of them are dead. A draw.
  Duel between Yronwoods(30) -WIL- and Tolletts(30) -WHI- has begun.
    Edgar Yronwood(483) hit Eddison Tollett(708) 178.
    Eddison Tollett(530) hit Edgar Yronwood(483) 153.
    ****
    Edgar Yronwood(330) took 30 damage as DOT.
    Eddison Tollett(530) took 25 damage as DOT.
    Edgar Yronwood(300) hit Eddison Tollett(505) 178.
    Eddison Tollett(327) hit Edgar Yronwood(300) 153.
    ****
    Edgar Yronwood(147) took 60 damage as DOT.
    Eddison Tollett(327) took 50 damage as DOT.
    Edgar Yronwood(87) hit Eddison Tollett(277) 178.
    Eddison Tollett(99) hit Edgar Yronwood(87) 153.
    ****
    Eddison Tollett(99) has won.
  Duel between Jordaynes(30) -WIL- and Moores(30) -WHI- has begun.
    Trebor Jordayne(508) hit Mandon Moore(633) 178.
    Mandon Moore(455) hit Trebor Jordayne(508) 153.
    ****
    Trebor Jordayne(355) took 30 damage as DOT.
    Mandon Moore(455) took 25 damage as DOT.
    Trebor Jordayne(325) hit Mandon Moore(430) 178.
    Mandon Moore(252) hit Trebor Jordayne(325) 153.
    ****
    Trebor Jordayne(172) took 60 damage as DOT.
    Mandon Moore(252) took 50 damage as DOT.
    Trebor Jordayne(112) hit Mandon Moore(202) 178.
    Mandon Moore(24) hit Trebor Jordayne(112) 153.
    ****
    Mandon Moore(24) has won.
  Duel between Allyrions(30) -WIZ- and Tolletts(33) -WHI- has begun.
    Daemon Sand(508) hit Eddison Tollett(708) 148.
    Eddison Tollett(560) hit Daemon Sand(508) 156.
    ****
    Daemon Sand(352) took 30 damage as DOT.
    Eddison Tollett(560) took 20 damage as DOT.
    Daemon Sand(322) hit Eddison Tollett(540) 148.
    Eddison Tollett(392) hit Daemon Sand(322) 156.
    ****
    Daemon Sand(166) took 60 damage as DOT.
    Eddison Tollett(392) took 40 damage as DOT.
    Daemon Sand(106) hit Eddison Tollett(352) 148.
    Eddison Tollett(204) hit Daemon Sand(106) 156.
    ****
    Eddison Tollett(204) has won.
  Duel between Yronwoods(27) -WIL- and Moores(33) -WHI- has begun.
    Edgar Yronwood(483) hit Mandon Moore(633) 175.
    Mandon Moore(458) hit Edgar Yronwood(483) 156.
    ****
    Edgar Yronwood(327) took 30 damage as DOT.
    Mandon Moore(458) took 25 damage as DOT.
    Edgar Yronwood(297) hit Mandon Moore(433) 175.
    Mandon Moore(258) hit Edgar Yronwood(297) 156.
    ****
    Edgar Yronwood(141) took 60 damage as DOT.
    Mandon Moore(258) took 50 damage as DOT.
    Edgar Yronwood(81) hit Mandon Moore(208) 175.
    Mandon Moore(33) hit Edgar Yronwood(81) 156.
    ****
    Mandon Moore(33) has won.
  Duel between Jordaynes(27) -WIL- and Lynderlys(30) -WIL- has begun.
    Trebor Jordayne(508) hit Jon Lynderly(458) 175.
    Jon Lynderly(283) hit Trebor Jordayne(508) 178.
    ****
    Trebor Jordayne(330) took 25 damage as DOT.
    Jon Lynderly(283) took 25 damage as DOT.
    Trebor Jordayne(305) hit Jon Lynderly(258) 175.
    Jon Lynderly(83) hit Trebor Jordayne(305) 178.
    ****
    Trebor Jordayne(127) took 50 damage as DOT.
    Jon Lynderly(83) took 50 damage as DOT.
    Trebor Jordayne(77) hit Jon Lynderly(33) 175.
    Jon Lynderly(-142) hit Trebor Jordayne(77) 178.
    ****
    Both of them are dead. A draw.
  Duel between Allyrions(27) -WIZ- and Moores(36) -WHI- has begun.
    Daemon Sand(508) hit Mandon Moore(633) 145.
    Mandon Moore(488) hit Daemon Sand(508) 159.
    ****
    Daemon Sand(349) took 30 damage as DOT.
    Mandon Moore(488) took 20 damage as DOT.
    Daemon Sand(319) hit Mandon Moore(468) 145.
    Mandon Moore(323) hit Daemon Sand(319) 159.
    ****
    Daemon Sand(160) took 60 damage as DOT.
    Mandon Moore(323) took 40 damage as DOT.
    Daemon Sand(100) hit Mandon Moore(283) 145.
    Mandon Moore(138) hit Daemon Sand(100) 159.
    ****
    Mandon Moore(138) has won.
  Duel between Yronwoods(24) -WIL- and Lynderlys(30) -WIL- has begun.
    Edgar Yronwood(483) hit Jon Lynderly(458) 172.
    Jon Lynderly(286) hit Edgar Yronwood(483) 178.
    ****
    Edgar Yronwood(305) took 25 damage as DOT.
    Jon Lynderly(286) took 25 damage as DOT.
    Edgar Yronwood(280) hit Jon Lynderly(261) 172.
    Jon Lynderly(89) hit Edgar Yronwood(280) 178.
    ****
    Edgar Yronwood(102) took 50 damage as DOT.
    Jon Lynderly(89) took 50 damage as DOT.
    Edgar Yronwood(52) hit Jon Lynderly(39) 172.
    Jon Lynderly(-133) hit Edgar Yronwood(52) 178.
    ****
    Both of them are dead. A draw.
  Duel between Jordaynes(27) -WIL- and Tolletts(36) -WHI- has begun.
    Trebor Jordayne(508) hit Eddison Tollett(708) 175.
    Eddison Tollett(533) hit Trebor Jordayne(508) 159.
    ****
    Trebor Jordayne(349) took 30 damage as DOT.
    Eddison Tollett(533) took 25 damage as DOT.
    Trebor Jordayne(319) hit Eddison Tollett(508) 175.
    Eddison Tollett(333) hit Trebor Jordayne(319) 159.
    ****
    Trebor Jordayne(160) took 60 damage as DOT.
    Eddison Tollett(333) took 50 damage as DOT.
    Trebor Jordayne(100) hit Eddison Tollett(283) 175.
    Eddison Tollett(108) hit Trebor Jordayne(100) 159.
    ****
    Eddison Tollett(108) has won.
  Duel between House Martell(50) -WHI- and House Arryn(50) -WHI- has begun.
    Trystane Martell(633) hit Robin Arryn(658) 173.
    Robin Arryn(485) hit Trystane Martell(633) 173.
    ****
    Trystane Martell(460) took 30 damage as DOT.
    Robin Arryn(485) took 30 damage as DOT.
    Trystane Martell(430) hit Robin Arryn(455) 173.
    Robin Arryn(282) hit Trystane Martell(430) 173.
    ****
    Trystane Martell(257) took 60 damage as DOT.
    Robin Arryn(282) took 60 damage as DOT.
    Trystane Martell(197) hit Robin Arryn(222) 173.
    Robin Arryn(49) hit Trystane Martell(197) 173.
    ****
    Trystane Martell(24) took 90 damage as DOT.
    Robin Arryn(49) took 90 damage as DOT.
    Trystane Martell(-66) hit Robin Arryn(-41) 173.
    Robin Arryn(-214) hit Trystane Martell(-66) 173.
    ****
    Both of them are dead. A draw.
  Dorne got 0 house points. The Vale of Arryn got 6 house points.

The winner is: The Vale of Arryn with currently 1 kingdom points.
---------------
---------------
Duel 2: The Vale of Arryn vs The Riverlands
  Duel between Lynderlys(30) -WIL- and Mootons(30) -WIZ- has begun.
    Jon Lynderly(458) hit William Mooton(525) 178.
    William Mooton(347) hit Jon Lynderly(458) 200.
    ****
    Jon Lynderly(258) took 20 damage as DOT.
    William Mooton(347) took 25 damage as DOT.
    Jon Lynderly(238) hit William Mooton(322) 178.
    William Mooton(144) hit Jon Lynderly(238) 200.
    ****
    Jon Lynderly(38) took 40 damage as DOT.
    William Mooton(144) took 50 damage as DOT.
    Jon Lynderly(-2) hit William Mooton(94) 178.
    William Mooton(-84) hit Jon Lynderly(-2) 200.
    ****
    Both of them are dead. A draw.
  Duel between Tolletts(39) -WHI- and Blackwoods(30) -WIZ- has begun.
    Eddison Tollett(708) hit Tytos Blackwood(475) 162.
    Tytos Blackwood(313) hit Eddison Tollett(708) 185.
    ****
    Eddison Tollett(523) took 20 damage as DOT.
    Tytos Blackwood(313) took 30 damage as DOT.
    Eddison Tollett(503) hit Tytos Blackwood(283) 162.
    Tytos Blackwood(121) hit Eddison Tollett(503) 185.
    ****
    Eddison Tollett(318) took 40 damage as DOT.
    Tytos Blackwood(121) took 60 damage as DOT.
    Eddison Tollett(278) hit Tytos Blackwood(61) 162.
    Tytos Blackwood(-101) hit Eddison Tollett(278) 185.
    ****
    Eddison Tollett(93) has won.
  Duel between Moores(39) -WHI- and Brackens(30) -WIL- has begun.
    Mandon Moore(633) hit Jonos Bracken(475) 162.
    Jonos Bracken(313) hit Mandon Moore(633) 210.
    ****
    Mandon Moore(423) took 25 damage as DOT.
    Jonos Bracken(313) took 30 damage as DOT.
    Mandon Moore(398) hit Jonos Bracken(283) 162.
    Jonos Bracken(121) hit Mandon Moore(398) 210.
    ****
    Mandon Moore(188) took 50 damage as DOT.
    Jonos Bracken(121) took 60 damage as DOT.
    Mandon Moore(138) hit Jonos Bracken(61) 162.
    Jonos Bracken(-101) hit Mandon Moore(138) 210.
    ****
    Both of them are dead. A draw.
  Duel between Lynderlys(30) -WIL- and Blackwoods(27) -WIZ- has begun.
    Jon Lynderly(458) hit Tytos Blackwood(475) 178.
    Tytos Blackwood(297) hit Jon Lynderly(458) 182.
    ****
    Jon Lynderly(276) took 20 damage as DOT.
    Tytos Blackwood(297) took 25 damage as DOT.
    Jon Lynderly(256) hit Tytos Blackwood(272) 178.
    Tytos Blackwood(94) hit Jon Lynderly(256) 182.
    ****
    Jon Lynderly(74) took 40 damage as DOT.
    Tytos Blackwood(94) took 50 damage as DOT.
    Jon Lynderly(34) hit Tytos Blackwood(44) 178.
    Tytos Blackwood(-134) hit Jon Lynderly(34) 182.
    ****
    Both of them are dead. A draw.
  Duel between Tolletts(42) -WHI- and Brackens(30) -WIL- has begun.
    Eddison Tollett(708) hit Jonos Bracken(475) 165.
    Jonos Bracken(310) hit Eddison Tollett(708) 210.
    ****
    Eddison Tollett(498) took 25 damage as DOT.
    Jonos Bracken(310) took 30 damage as DOT.
    Eddison Tollett(473) hit Jonos Bracken(280) 165.
    Jonos Bracken(115) hit Eddison Tollett(473) 210.
    ****
    Eddison Tollett(263) took 50 damage as DOT.
    Jonos Bracken(115) took 60 damage as DOT.
    Eddison Tollett(213) hit Jonos Bracken(55) 165.
    Jonos Bracken(-110) hit Eddison Tollett(213) 210.
    ****
    Eddison Tollett(3) has won.
  Duel between Moores(39) -WHI- and Mootons(30) -WIZ- has begun.
    Mandon Moore(633) hit William Mooton(525) 162.
    William Mooton(363) hit Mandon Moore(633) 200.
    ****
    Mandon Moore(433) took 20 damage as DOT.
    William Mooton(363) took 30 damage as DOT.
    Mandon Moore(413) hit William Mooton(333) 162.
    William Mooton(171) hit Mandon Moore(413) 200.
    ****
    Mandon Moore(213) took 40 damage as DOT.
    William Mooton(171) took 60 damage as DOT.
    Mandon Moore(173) hit William Mooton(111) 162.
    William Mooton(-51) hit Mandon Moore(173) 200.
    ****
    Both of them are dead. A draw.
  Duel between Lynderlys(30) -WIL- and Brackens(27) -WIL- has begun.
    Jon Lynderly(458) hit Jonos Bracken(475) 178.
    Jonos Bracken(297) hit Jon Lynderly(458) 207.
    ****
    Jon Lynderly(251) took 25 damage as DOT.
    Jonos Bracken(297) took 25 damage as DOT.
    Jon Lynderly(226) hit Jonos Bracken(272) 178.
    Jonos Bracken(94) hit Jon Lynderly(226) 207.
    ****
    Jon Lynderly(19) took 50 damage as DOT.
    Jonos Bracken(94) took 50 damage as DOT.
    Jon Lynderly(-31) hit Jonos Bracken(44) 178.
    Jonos Bracken(-134) hit Jon Lynderly(-31) 207.
    ****
    Both of them are dead. A draw.
  Duel between Tolletts(45) -WHI- and Mootons(30) -WIZ- has begun.
    Eddison Tollett(708) hit William Mooton(525) 168.
    William Mooton(357) hit Eddison Tollett(708) 200.
    ****
    Eddison Tollett(508) took 20 damage as DOT.
    William Mooton(357) took 30 damage as DOT.
    Eddison Tollett(488) hit William Mooton(327) 168.
    William Mooton(159) hit Eddison Tollett(488) 200.
    ****
    Eddison Tollett(288) took 40 damage as DOT.
    William Mooton(159) took 60 damage as DOT.
    Eddison Tollett(248) hit William Mooton(99) 168.
    William Mooton(-69) hit Eddison Tollett(248) 200.
    ****
    Eddison Tollett(48) has won.
  Duel between Moores(39) -WHI- and Blackwoods(27) -WIZ- has begun.
    Mandon Moore(633) hit Tytos Blackwood(475) 162.
    Tytos Blackwood(313) hit Mandon Moore(633) 182.
    ****
    Mandon Moore(451) took 20 damage as DOT.
    Tytos Blackwood(313) took 30 damage as DOT.
    Mandon Moore(431) hit Tytos Blackwood(283) 162.
    Tytos Blackwood(121) hit Mandon Moore(431) 182.
    ****
    Mandon Moore(249) took 40 damage as DOT.
    Tytos Blackwood(121) took 60 damage as DOT.
    Mandon Moore(209) hit Tytos Blackwood(61) 162.
    Tytos Blackwood(-101) hit Mandon Moore(209) 182.
    ****
    Mandon Moore(27) has won.
  Duel between House Arryn(50) -WHI- and House Bolton(50) -WIZ- has begun.
    Robin Arryn(658) hit Lothar Frey(500) 173.
    Lothar Frey(327) hit Robin Arryn(658) 205.
    ****
    Robin Arryn(453) took 20 damage as DOT.
    Lothar Frey(327) took 30 damage as DOT.
    Robin Arryn(433) hit Lothar Frey(297) 173.
    Lothar Frey(124) hit Robin Arryn(433) 205.
    ****
    Robin Arryn(228) took 40 damage as DOT.
    Lothar Frey(124) took 60 damage as DOT.
    Robin Arryn(188) hit Lothar Frey(64) 173.
    Lothar Frey(-109) hit Robin Arryn(188) 205.
    ****
    Both of them are dead. A draw.
  The Vale of Arryn got 4 house points. The Riverlands got 0 house points.

The winner is: The Vale of Arryn with currently 2 kingdom points.
---------------
---------------
Duel 3: Dorne vs The Riverlands
  Duel between Allyrions(24) -WIZ- and Mootons(27) -WIZ- has begun.
    Daemon Sand(508) hit William Mooton(525) 142.
    William Mooton(383) hit Daemon Sand(508) 197.
    ****
    Daemon Sand(311) took 20 damage as DOT.
    William Mooton(383) took 20 damage as DOT.
    Daemon Sand(291) hit William Mooton(363) 142.
    William Mooton(221) hit Daemon Sand(291) 197.
    ****
    Daemon Sand(94) took 40 damage as DOT.
    William Mooton(221) took 40 damage as DOT.
    Daemon Sand(54) hit William Mooton(181) 142.
    William Mooton(39) hit Daemon Sand(54) 197.
    ****
    William Mooton(39) has won.
  Duel between Yronwoods(24) -WIL- and Blackwoods(24) -WIZ- has begun.
    Edgar Yronwood(483) hit Tytos Blackwood(475) 172.
    Tytos Blackwood(303) hit Edgar Yronwood(483) 179.
    ****
    Edgar Yronwood(304) took 20 damage as DOT.
    Tytos Blackwood(303) took 25 damage as DOT.
    Edgar Yronwood(284) hit Tytos Blackwood(278) 172.
    Tytos Blackwood(106) hit Edgar Yronwood(284) 179.
    ****
    Edgar Yronwood(105) took 40 damage as DOT.
    Tytos Blackwood(106) took 50 damage as DOT.
    Edgar Yronwood(65) hit Tytos Blackwood(56) 172.
    Tytos Blackwood(-116) hit Edgar Yronwood(65) 179.
    ****
    Both of them are dead. A draw.
  Duel between Jordaynes(24) -WIL- and Brackens(27) -WIL- has begun.
    Trebor Jordayne(508) hit Jonos Bracken(475) 172.
    Jonos Bracken(303) hit Trebor Jordayne(508) 207.
    ****
    Trebor Jordayne(301) took 25 damage as DOT.
    Jonos Bracken(303) took 25 damage as DOT.
    Trebor Jordayne(276) hit Jonos Bracken(278) 172.
    Jonos Bracken(106) hit Trebor Jordayne(276) 207.
    ****
    Trebor Jordayne(69) took 50 damage as DOT.
    Jonos Bracken(106) took 50 damage as DOT.
    Trebor Jordayne(19) hit Jonos Bracken(56) 172.
    Jonos Bracken(-116) hit Trebor Jordayne(19) 207.
    ****
    Both of them are dead. A draw.
  Duel between Allyrions(21) -WIZ- and Blackwoods(24) -WIZ- has begun.
    Daemon Sand(508) hit Tytos Blackwood(475) 139.
    Tytos Blackwood(336) hit Daemon Sand(508) 179.
    ****
    Daemon Sand(329) took 20 damage as DOT.
    Tytos Blackwood(336) took 20 damage as DOT.
    Daemon Sand(309) hit Tytos Blackwood(316) 139.
    Tytos Blackwood(177) hit Daemon Sand(309) 179.
    ****
    Daemon Sand(130) took 40 damage as DOT.
    Tytos Blackwood(177) took 40 damage as DOT.
    Daemon Sand(90) hit Tytos Blackwood(137) 139.
    Tytos Blackwood(-2) hit Daemon Sand(90) 179.
    ****
    Both of them are dead. A draw.
  Duel between Yronwoods(24) -WIL- and Brackens(27) -WIL- has begun.
    Edgar Yronwood(483) hit Jonos Bracken(475) 172.
    Jonos Bracken(303) hit Edgar Yronwood(483) 207.
    ****
    Edgar Yronwood(276) took 25 damage as DOT.
    Jonos Bracken(303) took 25 damage as DOT.
    Edgar Yronwood(251) hit Jonos Bracken(278) 172.
    Jonos Bracken(106) hit Edgar Yronwood(251) 207.
    ****
    Edgar Yronwood(44) took 50 damage as DOT.
    Jonos Bracken(106) took 50 damage as DOT.
    Edgar Yronwood(-6) hit Jonos Bracken(56) 172.
    Jonos Bracken(-116) hit Edgar Yronwood(-6) 207.
    ****
    Both of them are dead. A draw.
  Duel between Jordaynes(24) -WIL- and Mootons(30) -WIZ- has begun.
    Trebor Jordayne(508) hit William Mooton(525) 172.
    William Mooton(353) hit Trebor Jordayne(508) 200.
    ****
    Trebor Jordayne(308) took 20 damage as DOT.
    William Mooton(353) took 25 damage as DOT.
    Trebor Jordayne(288) hit William Mooton(328) 172.
    William Mooton(156) hit Trebor Jordayne(288) 200.
    ****
    Trebor Jordayne(88) took 40 damage as DOT.
    William Mooton(156) took 50 damage as DOT.
    Trebor Jordayne(48) hit William Mooton(106) 172.
    William Mooton(-66) hit Trebor Jordayne(48) 200.
    ****
    Both of them are dead. A draw.
  Duel between Allyrions(21) -WIZ- and Brackens(27) -WIL- has begun.
    Daemon Sand(508) hit Jonos Bracken(475) 139.
    Jonos Bracken(336) hit Daemon Sand(508) 207.
    ****
    Daemon Sand(301) took 25 damage as DOT.
    Jonos Bracken(336) took 20 damage as DOT.
    Daemon Sand(276) hit Jonos Bracken(316) 139.
    Jonos Bracken(177) hit Daemon Sand(276) 207.
    ****
    Daemon Sand(69) took 50 damage as DOT.
    Jonos Bracken(177) took 40 damage as DOT.
    Daemon Sand(19) hit Jonos Bracken(137) 139.
    Jonos Bracken(-2) hit Daemon Sand(19) 207.
    ****
    Both of them are dead. A draw.
  Duel between Yronwoods(24) -WIL- and Mootons(30) -WIZ- has begun.
    Edgar Yronwood(483) hit William Mooton(525) 172.
    William Mooton(353) hit Edgar Yronwood(483) 200.
    ****
    Edgar Yronwood(283) took 20 damage as DOT.
    William Mooton(353) took 25 damage as DOT.
    Edgar Yronwood(263) hit William Mooton(328) 172.
    William Mooton(156) hit Edgar Yronwood(263) 200.
    ****
    Edgar Yronwood(63) took 40 damage as DOT.
    William Mooton(156) took 50 damage as DOT.
    Edgar Yronwood(23) hit William Mooton(106) 172.
    William Mooton(-66) hit Edgar Yronwood(23) 200.
    ****
    Both of them are dead. A draw.
  Duel between Jordaynes(24) -WIL- and Blackwoods(24) -WIZ- has begun.
    Trebor Jordayne(508) hit Tytos Blackwood(475) 172.
    Tytos Blackwood(303) hit Trebor Jordayne(508) 179.
    ****
    Trebor Jordayne(329) took 20 damage as DOT.
    Tytos Blackwood(303) took 25 damage as DOT.
    Trebor Jordayne(309) hit Tytos Blackwood(278) 172.
    Tytos Blackwood(106) hit Trebor Jordayne(309) 179.
    ****
    Trebor Jordayne(130) took 40 damage as DOT.
    Tytos Blackwood(106) took 50 damage as DOT.
    Trebor Jordayne(90) hit Tytos Blackwood(56) 172.
    Tytos Blackwood(-116) hit Trebor Jordayne(90) 179.
    ****
    Both of them are dead. A draw.
  Duel between House Martell(50) -WHI- and House Bolton(50) -WIZ- has begun.
    Trystane Martell(633) hit Lothar Frey(500) 173.
    Lothar Frey(327) hit Trystane Martell(633) 205.
    ****
    Trystane Martell(428) took 20 damage as DOT.
    Lothar Frey(327) took 30 damage as DOT.
    Trystane Martell(408) hit Lothar Frey(297) 173.
    Lothar Frey(124) hit Trystane Martell(408) 205.
    ****
    Trystane Martell(203) took 40 damage as DOT.
    Lothar Frey(124) took 60 damage as DOT.
    Trystane Martell(163) hit Lothar Frey(64) 173.
    Lothar Frey(-109) hit Trystane Martell(163) 205.
    ****
    Both of them are dead. A draw.
  Dorne got 0 house points. The Riverlands got 1 house points.

The winner is: The Riverlands with currently 1 kingdom points.
---------------
The War is over. The new owner of King's Landing is The Vale of Arryn with a total of 2 points.

