War has started with 3 kingdoms.
---------------
Duel 1: The North vs The Riverlands
  Duel between Dormunds(30) -WHI- and Mootons(30) -WHI- has begun.
    Marlin Dormund(625) hit William Mooton(660) 120.
    William Mooton(540) hit Marlin Dormund(625) 130.
    ****
    Marlin Dormund(495) took 30 damage as DOT.
    William Mooton(540) took 30 damage as DOT.
    Marlin Dormund(465) hit William Mooton(510) 120.
    William Mooton(390) hit Marlin Dormund(465) 130.
    ****
    Marlin Dormund(335) took 60 damage as DOT.
    William Mooton(390) took 60 damage as DOT.
    Marlin Dormund(275) hit William Mooton(330) 120.
    William Mooton(210) hit Marlin Dormund(275) 130.
    ****
    Marlin Dormund(145) took 90 damage as DOT.
    William Mooton(210) took 90 damage as DOT.
    Marlin Dormund(55) hit William Mooton(120) 120.
    William Mooton(0) hit Marlin Dormund(55) 130.
    ****
    Both of them are dead. A draw.
  Duel between Manderlys(30) -WHI- and Mallisters(30) -WIL- has begun.
    Wendel Manderly(675) hit Jason Mallister(510) 120.
    Jason Mallister(390) hit Wendel Manderly(675) 155.
    ****
    Wendel Manderly(520) took 25 damage as DOT.
    Jason Mallister(390) took 30 damage as DOT.
    Wendel Manderly(495) hit Jason Mallister(360) 120.
    Jason Mallister(240) hit Wendel Manderly(495) 155.
    ****
    Wendel Manderly(340) took 50 damage as DOT.
    Jason Mallister(240) took 60 damage as DOT.
    Wendel Manderly(290) hit Jason Mallister(180) 120.
    Jason Mallister(60) hit Wendel Manderly(290) 155.
    ****
    Wendel Manderly(135) took 75 damage as DOT.
    Jason Mallister(60) took 90 damage as DOT.
    Wendel Manderly(60) hit Jason Mallister(-30) 120.
    Jason Mallister(-150) hit Wendel Manderly(60) 155.
    ****
    Both of them are dead. A draw.
  Duel between Dustins(30) -WHI- and Brackens(30) -WIL- has begun.
    Barbrey Ryswell(600) hit Jonos Bracken(560) 120.
    Jonos Bracken(440) hit Barbrey Ryswell(600) 150.
    ****
    Barbrey Ryswell(450) took 25 damage as DOT.
    Jonos Bracken(440) took 30 damage as DOT.
    Barbrey Ryswell(425) hit Jonos Bracken(410) 120.
    Jonos Bracken(290) hit Barbrey Ryswell(425) 150.
    ****
    Barbrey Ryswell(275) took 50 damage as DOT.
    Jonos Bracken(290) took 60 damage as DOT.
    Barbrey Ryswell(225) hit Jonos Bracken(230) 120.
    Jonos Bracken(110) hit Barbrey Ryswell(225) 150.
    ****
    Barbrey Ryswell(75) took 75 damage as DOT.
    Jonos Bracken(110) took 90 damage as DOT.
    Barbrey Ryswell(0) hit Jonos Bracken(20) 120.
    Jonos Bracken(-100) hit Barbrey Ryswell(0) 150.
    ****
    Both of them are dead. A draw.
  Duel between Dormunds(30) -WHI- and Mallisters(30) -WIL- has begun.
    Marlin Dormund(625) hit Jason Mallister(510) 120.
    Jason Mallister(390) hit Marlin Dormund(625) 155.
    ****
    Marlin Dormund(470) took 25 damage as DOT.
    Jason Mallister(390) took 30 damage as DOT.
    Marlin Dormund(445) hit Jason Mallister(360) 120.
    Jason Mallister(240) hit Marlin Dormund(445) 155.
    ****
    Marlin Dormund(290) took 50 damage as DOT.
    Jason Mallister(240) took 60 damage as DOT.
    Marlin Dormund(240) hit Jason Mallister(180) 120.
    Jason Mallister(60) hit Marlin Dormund(240) 155.
    ****
    Marlin Dormund(85) took 75 damage as DOT.
    Jason Mallister(60) took 90 damage as DOT.
    Marlin Dormund(10) hit Jason Mallister(-30) 120.
    Jason Mallister(-150) hit Marlin Dormund(10) 155.
    ****
    Both of them are dead. A draw.
  Duel between Manderlys(30) -WHI- and Brackens(30) -WIL- has begun.
    Wendel Manderly(675) hit Jonos Bracken(560) 120.
    Jonos Bracken(440) hit Wendel Manderly(675) 150.
    ****
    Wendel Manderly(525) took 25 damage as DOT.
    Jonos Bracken(440) took 30 damage as DOT.
    Wendel Manderly(500) hit Jonos Bracken(410) 120.
    Jonos Bracken(290) hit Wendel Manderly(500) 150.
    ****
    Wendel Manderly(350) took 50 damage as DOT.
    Jonos Bracken(290) took 60 damage as DOT.
    Wendel Manderly(300) hit Jonos Bracken(230) 120.
    Jonos Bracken(110) hit Wendel Manderly(300) 150.
    ****
    Wendel Manderly(150) took 75 damage as DOT.
    Jonos Bracken(110) took 90 damage as DOT.
    Wendel Manderly(75) hit Jonos Bracken(20) 120.
    Jonos Bracken(-100) hit Wendel Manderly(75) 150.
    ****
    Both of them are dead. A draw.
  Duel between Dustins(30) -WHI- and Mootons(30) -WHI- has begun.
    Barbrey Ryswell(600) hit William Mooton(660) 120.
    William Mooton(540) hit Barbrey Ryswell(600) 130.
    ****
    Barbrey Ryswell(470) took 30 damage as DOT.
    William Mooton(540) took 30 damage as DOT.
    Barbrey Ryswell(440) hit William Mooton(510) 120.
    William Mooton(390) hit Barbrey Ryswell(440) 130.
    ****
    Barbrey Ryswell(310) took 60 damage as DOT.
    William Mooton(390) took 60 damage as DOT.
    Barbrey Ryswell(250) hit William Mooton(330) 120.
    William Mooton(210) hit Barbrey Ryswell(250) 130.
    ****
    Barbrey Ryswell(120) took 90 damage as DOT.
    William Mooton(210) took 90 damage as DOT.
    Barbrey Ryswell(30) hit William Mooton(120) 120.
    William Mooton(0) hit Barbrey Ryswell(30) 130.
    ****
    Both of them are dead. A draw.
  Duel between Dormunds(30) -WHI- and Brackens(30) -WIL- has begun.
    Marlin Dormund(625) hit Jonos Bracken(560) 120.
    Jonos Bracken(440) hit Marlin Dormund(625) 150.
    ****
    Marlin Dormund(475) took 25 damage as DOT.
    Jonos Bracken(440) took 30 damage as DOT.
    Marlin Dormund(450) hit Jonos Bracken(410) 120.
    Jonos Bracken(290) hit Marlin Dormund(450) 150.
    ****
    Marlin Dormund(300) took 50 damage as DOT.
    Jonos Bracken(290) took 60 damage as DOT.
    Marlin Dormund(250) hit Jonos Bracken(230) 120.
    Jonos Bracken(110) hit Marlin Dormund(250) 150.
    ****
    Marlin Dormund(100) took 75 damage as DOT.
    Jonos Bracken(110) took 90 damage as DOT.
    Marlin Dormund(25) hit Jonos Bracken(20) 120.
    Jonos Bracken(-100) hit Marlin Dormund(25) 150.
    ****
    Both of them are dead. A draw.
  Duel between Manderlys(30) -WHI- and Mootons(30) -WHI- has begun.
    Wendel Manderly(675) hit William Mooton(660) 120.
    William Mooton(540) hit Wendel Manderly(675) 130.
    ****
    Wendel Manderly(545) took 30 damage as DOT.
    William Mooton(540) took 30 damage as DOT.
    Wendel Manderly(515) hit William Mooton(510) 120.
    William Mooton(390) hit Wendel Manderly(515) 130.
    ****
    Wendel Manderly(385) took 60 damage as DOT.
    William Mooton(390) took 60 damage as DOT.
    Wendel Manderly(325) hit William Mooton(330) 120.
    William Mooton(210) hit Wendel Manderly(325) 130.
    ****
    Wendel Manderly(195) took 90 damage as DOT.
    William Mooton(210) took 90 damage as DOT.
    Wendel Manderly(105) hit William Mooton(120) 120.
    William Mooton(0) hit Wendel Manderly(105) 130.
    ****
    Both of them are dead. A draw.
  Duel between Dustins(30) -WHI- and Mallisters(30) -WIL- has begun.
    Barbrey Ryswell(600) hit Jason Mallister(510) 120.
    Jason Mallister(390) hit Barbrey Ryswell(600) 155.
    ****
    Barbrey Ryswell(445) took 25 damage as DOT.
    Jason Mallister(390) took 30 damage as DOT.
    Barbrey Ryswell(420) hit Jason Mallister(360) 120.
    Jason Mallister(240) hit Barbrey Ryswell(420) 155.
    ****
    Barbrey Ryswell(265) took 50 damage as DOT.
    Jason Mallister(240) took 60 damage as DOT.
    Barbrey Ryswell(215) hit Jason Mallister(180) 120.
    Jason Mallister(60) hit Barbrey Ryswell(215) 155.
    ****
    Barbrey Ryswell(60) took 75 damage as DOT.
    Jason Mallister(60) took 90 damage as DOT.
    Barbrey Ryswell(-15) hit Jason Mallister(-30) 120.
    Jason Mallister(-150) hit Barbrey Ryswell(-15) 155.
    ****
    Both of them are dead. A draw.
  Duel between House Stark(50) -WIL- and House Bolton(50) -WIL- has begun.
    Jon Snow(475) hit Stevron Frey(510) 160.
    Stevron Frey(350) hit Jon Snow(475) 175.
    ****
    Jon Snow(300) took 25 damage as DOT.
    Stevron Frey(350) took 25 damage as DOT.
    Jon Snow(275) hit Stevron Frey(325) 160.
    Stevron Frey(165) hit Jon Snow(275) 175.
    ****
    Jon Snow(100) took 50 damage as DOT.
    Stevron Frey(165) took 50 damage as DOT.
    Jon Snow(50) hit Stevron Frey(115) 160.
    Stevron Frey(-45) hit Jon Snow(50) 175.
    ****
    Both of them are dead. A draw.
  The North got 0 house points. The Riverlands got 0 house points.

A draw.
---------------
---------------
Duel 2: The Riverlands vs The Iron Islands
  Duel between Mootons(30) -WHI- and Blacktydes(30) -WIZ- has begun.
    William Mooton(660) hit Baelor Blacktyde(490) 130.
    Baelor Blacktyde(360) hit William Mooton(660) 160.
    ****
    William Mooton(500) took 20 damage as DOT.
    Baelor Blacktyde(360) took 30 damage as DOT.
    William Mooton(480) hit Baelor Blacktyde(330) 130.
    Baelor Blacktyde(200) hit William Mooton(480) 160.
    ****
    William Mooton(320) took 40 damage as DOT.
    Baelor Blacktyde(200) took 60 damage as DOT.
    William Mooton(280) hit Baelor Blacktyde(140) 130.
    Baelor Blacktyde(10) hit William Mooton(280) 160.
    ****
    William Mooton(120) took 60 damage as DOT.
    Baelor Blacktyde(10) took 90 damage as DOT.
    William Mooton(60) hit Baelor Blacktyde(-80) 130.
    Baelor Blacktyde(-210) hit William Mooton(60) 160.
    ****
    Both of them are dead. A draw.
  Duel between Mallisters(30) -WIL- and Goodbrothers(30) -WHI- has begun.
    Jason Mallister(510) hit Urragon Goodbrother(690) 155.
    Urragon Goodbrother(535) hit Jason Mallister(510) 150.
    ****
    Jason Mallister(360) took 30 damage as DOT.
    Urragon Goodbrother(535) took 25 damage as DOT.
    Jason Mallister(330) hit Urragon Goodbrother(510) 155.
    Urragon Goodbrother(355) hit Jason Mallister(330) 150.
    ****
    Jason Mallister(180) took 60 damage as DOT.
    Urragon Goodbrother(355) took 50 damage as DOT.
    Jason Mallister(120) hit Urragon Goodbrother(305) 155.
    Urragon Goodbrother(150) hit Jason Mallister(120) 150.
    ****
    Urragon Goodbrother(150) has won.
  Duel between Brackens(30) -WIL- and Merlyns(30) -WIZ- has begun.
    Jonos Bracken(560) hit Meldred Merlyn(490) 150.
    Meldred Merlyn(340) hit Jonos Bracken(560) 155.
    ****
    Jonos Bracken(405) took 20 damage as DOT.
    Meldred Merlyn(340) took 25 damage as DOT.
    Jonos Bracken(385) hit Meldred Merlyn(315) 150.
    Meldred Merlyn(165) hit Jonos Bracken(385) 155.
    ****
    Jonos Bracken(230) took 40 damage as DOT.
    Meldred Merlyn(165) took 50 damage as DOT.
    Jonos Bracken(190) hit Meldred Merlyn(115) 150.
    Meldred Merlyn(-35) hit Jonos Bracken(190) 155.
    ****
    Jonos Bracken(35) has won.
  Duel between Mootons(30) -WHI- and Goodbrothers(33) -WHI- has begun.
    William Mooton(660) hit Urragon Goodbrother(690) 130.
    Urragon Goodbrother(560) hit William Mooton(660) 153.
    ****
    William Mooton(507) took 30 damage as DOT.
    Urragon Goodbrother(560) took 30 damage as DOT.
    William Mooton(477) hit Urragon Goodbrother(530) 130.
    Urragon Goodbrother(400) hit William Mooton(477) 153.
    ****
    William Mooton(324) took 60 damage as DOT.
    Urragon Goodbrother(400) took 60 damage as DOT.
    William Mooton(264) hit Urragon Goodbrother(340) 130.
    Urragon Goodbrother(210) hit William Mooton(264) 153.
    ****
    William Mooton(111) took 90 damage as DOT.
    Urragon Goodbrother(210) took 90 damage as DOT.
    William Mooton(21) hit Urragon Goodbrother(120) 130.
    Urragon Goodbrother(-10) hit William Mooton(21) 153.
    ****
    Both of them are dead. A draw.
  Duel between Mallisters(27) -WIL- and Merlyns(27) -WIZ- has begun.
    Jason Mallister(510) hit Meldred Merlyn(490) 152.
    Meldred Merlyn(338) hit Jason Mallister(510) 152.
    ****
    Jason Mallister(358) took 20 damage as DOT.
    Meldred Merlyn(338) took 25 damage as DOT.
    Jason Mallister(338) hit Meldred Merlyn(313) 152.
    Meldred Merlyn(161) hit Jason Mallister(338) 152.
    ****
    Jason Mallister(186) took 40 damage as DOT.
    Meldred Merlyn(161) took 50 damage as DOT.
    Jason Mallister(146) hit Meldred Merlyn(111) 152.
    Meldred Merlyn(-41) hit Jason Mallister(146) 152.
    ****
    Both of them are dead. A draw.
  Duel between Brackens(33) -WIL- and Blacktydes(30) -WIZ- has begun.
    Jonos Bracken(560) hit Baelor Blacktyde(490) 153.
    Baelor Blacktyde(337) hit Jonos Bracken(560) 160.
    ****
    Jonos Bracken(400) took 20 damage as DOT.
    Baelor Blacktyde(337) took 25 damage as DOT.
    Jonos Bracken(380) hit Baelor Blacktyde(312) 153.
    Baelor Blacktyde(159) hit Jonos Bracken(380) 160.
    ****
    Jonos Bracken(220) took 40 damage as DOT.
    Baelor Blacktyde(159) took 50 damage as DOT.
    Jonos Bracken(180) hit Baelor Blacktyde(109) 153.
    Baelor Blacktyde(-44) hit Jonos Bracken(180) 160.
    ****
    Jonos Bracken(20) has won.
  Duel between Mootons(30) -WHI- and Merlyns(27) -WIZ- has begun.
    William Mooton(660) hit Meldred Merlyn(490) 130.
    Meldred Merlyn(360) hit William Mooton(660) 152.
    ****
    William Mooton(508) took 20 damage as DOT.
    Meldred Merlyn(360) took 30 damage as DOT.
    William Mooton(488) hit Meldred Merlyn(330) 130.
    Meldred Merlyn(200) hit William Mooton(488) 152.
    ****
    William Mooton(336) took 40 damage as DOT.
    Meldred Merlyn(200) took 60 damage as DOT.
    William Mooton(296) hit Meldred Merlyn(140) 130.
    Meldred Merlyn(10) hit William Mooton(296) 152.
    ****
    William Mooton(144) took 60 damage as DOT.
    Meldred Merlyn(10) took 90 damage as DOT.
    William Mooton(84) hit Meldred Merlyn(-80) 130.
    Meldred Merlyn(-210) hit William Mooton(84) 152.
    ****
    Both of them are dead. A draw.
  Duel between Mallisters(27) -WIL- and Blacktydes(27) -WIZ- has begun.
    Jason Mallister(510) hit Baelor Blacktyde(490) 152.
    Baelor Blacktyde(338) hit Jason Mallister(510) 157.
    ****
    Jason Mallister(353) took 20 damage as DOT.
    Baelor Blacktyde(338) took 25 damage as DOT.
    Jason Mallister(333) hit Baelor Blacktyde(313) 152.
    Baelor Blacktyde(161) hit Jason Mallister(333) 157.
    ****
    Jason Mallister(176) took 40 damage as DOT.
    Baelor Blacktyde(161) took 50 damage as DOT.
    Jason Mallister(136) hit Baelor Blacktyde(111) 152.
    Baelor Blacktyde(-41) hit Jason Mallister(136) 157.
    ****
    Both of them are dead. A draw.
  Duel between Brackens(36) -WIL- and Goodbrothers(33) -WHI- has begun.
    Jonos Bracken(560) hit Urragon Goodbrother(690) 156.
    Urragon Goodbrother(534) hit Jonos Bracken(560) 153.
    ****
    Jonos Bracken(407) took 30 damage as DOT.
    Urragon Goodbrother(534) took 25 damage as DOT.
    Jonos Bracken(377) hit Urragon Goodbrother(509) 156.
    Urragon Goodbrother(353) hit Jonos Bracken(377) 153.
    ****
    Jonos Bracken(224) took 60 damage as DOT.
    Urragon Goodbrother(353) took 50 damage as DOT.
    Jonos Bracken(164) hit Urragon Goodbrother(303) 156.
    Urragon Goodbrother(147) hit Jonos Bracken(164) 153.
    ****
    Jonos Bracken(11) took 90 damage as DOT.
    Urragon Goodbrother(147) took 75 damage as DOT.
    Jonos Bracken(-79) hit Urragon Goodbrother(72) 156.
    Urragon Goodbrother(-84) hit Jonos Bracken(-79) 153.
    ****
    Both of them are dead. A draw.
  Duel between House Bolton(50) -WIL- and House Greyjoy(50) -WIZ- has begun.
    Stevron Frey(510) hit Euron Greyjoy(565) 175.
    Euron Greyjoy(390) hit Stevron Frey(510) 170.
    ****
    Stevron Frey(340) took 20 damage as DOT.
    Euron Greyjoy(390) took 25 damage as DOT.
    Stevron Frey(320) hit Euron Greyjoy(365) 175.
    Euron Greyjoy(190) hit Stevron Frey(320) 170.
    ****
    Stevron Frey(150) took 40 damage as DOT.
    Euron Greyjoy(190) took 50 damage as DOT.
    Stevron Frey(110) hit Euron Greyjoy(140) 175.
    Euron Greyjoy(-35) hit Stevron Frey(110) 170.
    ****
    Both of them are dead. A draw.
  The Riverlands got 2 house points. The Iron Islands got 1 house points.

The winner is: The Riverlands with currently 2 kingdom points.
---------------
---------------
Duel 3: The North vs The Iron Islands
  Duel between Dormunds(30) -WHI- and Blacktydes(27) -WIZ- has begun.
    Marlin Dormund(625) hit Baelor Blacktyde(490) 120.
    Baelor Blacktyde(370) hit Marlin Dormund(625) 157.
    ****
    Marlin Dormund(468) took 20 damage as DOT.
    Baelor Blacktyde(370) took 30 damage as DOT.
    Marlin Dormund(448) hit Baelor Blacktyde(340) 120.
    Baelor Blacktyde(220) hit Marlin Dormund(448) 157.
    ****
    Marlin Dormund(291) took 40 damage as DOT.
    Baelor Blacktyde(220) took 60 damage as DOT.
    Marlin Dormund(251) hit Baelor Blacktyde(160) 120.
    Baelor Blacktyde(40) hit Marlin Dormund(251) 157.
    ****
    Marlin Dormund(94) took 60 damage as DOT.
    Baelor Blacktyde(40) took 90 damage as DOT.
    Marlin Dormund(34) hit Baelor Blacktyde(-50) 120.
    Baelor Blacktyde(-170) hit Marlin Dormund(34) 157.
    ****
    Both of them are dead. A draw.
  Duel between Manderlys(30) -WHI- and Goodbrothers(33) -WHI- has begun.
    Wendel Manderly(675) hit Urragon Goodbrother(690) 120.
    Urragon Goodbrother(570) hit Wendel Manderly(675) 153.
    ****
    Wendel Manderly(522) took 30 damage as DOT.
    Urragon Goodbrother(570) took 30 damage as DOT.
    Wendel Manderly(492) hit Urragon Goodbrother(540) 120.
    Urragon Goodbrother(420) hit Wendel Manderly(492) 153.
    ****
    Wendel Manderly(339) took 60 damage as DOT.
    Urragon Goodbrother(420) took 60 damage as DOT.
    Wendel Manderly(279) hit Urragon Goodbrother(360) 120.
    Urragon Goodbrother(240) hit Wendel Manderly(279) 153.
    ****
    Wendel Manderly(126) took 90 damage as DOT.
    Urragon Goodbrother(240) took 90 damage as DOT.
    Wendel Manderly(36) hit Urragon Goodbrother(150) 120.
    Urragon Goodbrother(30) hit Wendel Manderly(36) 153.
    ****
    Urragon Goodbrother(30) has won.
  Duel between Dustins(30) -WHI- and Merlyns(27) -WIZ- has begun.
    Barbrey Ryswell(600) hit Meldred Merlyn(490) 120.
    Meldred Merlyn(370) hit Barbrey Ryswell(600) 152.
    ****
    Barbrey Ryswell(448) took 20 damage as DOT.
    Meldred Merlyn(370) took 30 damage as DOT.
    Barbrey Ryswell(428) hit Meldred Merlyn(340) 120.
    Meldred Merlyn(220) hit Barbrey Ryswell(428) 152.
    ****
    Barbrey Ryswell(276) took 40 damage as DOT.
    Meldred Merlyn(220) took 60 damage as DOT.
    Barbrey Ryswell(236) hit Meldred Merlyn(160) 120.
    Meldred Merlyn(40) hit Barbrey Ryswell(236) 152.
    ****
    Barbrey Ryswell(84) took 60 damage as DOT.
    Meldred Merlyn(40) took 90 damage as DOT.
    Barbrey Ryswell(24) hit Meldred Merlyn(-50) 120.
    Meldred Merlyn(-170) hit Barbrey Ryswell(24) 152.
    ****
    Both of them are dead. A draw.
  Duel between Dormunds(30) -WHI- and Goodbrothers(36) -WHI- has begun.
    Marlin Dormund(625) hit Urragon Goodbrother(690) 120.
    Urragon Goodbrother(570) hit Marlin Dormund(625) 156.
    ****
    Marlin Dormund(469) took 30 damage as DOT.
    Urragon Goodbrother(570) took 30 damage as DOT.
    Marlin Dormund(439) hit Urragon Goodbrother(540) 120.
    Urragon Goodbrother(420) hit Marlin Dormund(439) 156.
    ****
    Marlin Dormund(283) took 60 damage as DOT.
    Urragon Goodbrother(420) took 60 damage as DOT.
    Marlin Dormund(223) hit Urragon Goodbrother(360) 120.
    Urragon Goodbrother(240) hit Marlin Dormund(223) 156.
    ****
    Marlin Dormund(67) took 90 damage as DOT.
    Urragon Goodbrother(240) took 90 damage as DOT.
    Marlin Dormund(-23) hit Urragon Goodbrother(150) 120.
    Urragon Goodbrother(30) hit Marlin Dormund(-23) 156.
    ****
    Urragon Goodbrother(30) has won.
  Duel between Manderlys(27) -WHI- and Merlyns(27) -WIZ- has begun.
    Wendel Manderly(675) hit Meldred Merlyn(490) 117.
    Meldred Merlyn(373) hit Wendel Manderly(675) 152.
    ****
    Wendel Manderly(523) took 20 damage as DOT.
    Meldred Merlyn(373) took 30 damage as DOT.
    Wendel Manderly(503) hit Meldred Merlyn(343) 117.
    Meldred Merlyn(226) hit Wendel Manderly(503) 152.
    ****
    Wendel Manderly(351) took 40 damage as DOT.
    Meldred Merlyn(226) took 60 damage as DOT.
    Wendel Manderly(311) hit Meldred Merlyn(166) 117.
    Meldred Merlyn(49) hit Wendel Manderly(311) 152.
    ****
    Wendel Manderly(159) took 60 damage as DOT.
    Meldred Merlyn(49) took 90 damage as DOT.
    Wendel Manderly(99) hit Meldred Merlyn(-41) 117.
    Meldred Merlyn(-158) hit Wendel Manderly(99) 152.
    ****
    Both of them are dead. A draw.
  Duel between Dustins(30) -WHI- and Blacktydes(27) -WIZ- has begun.
    Barbrey Ryswell(600) hit Baelor Blacktyde(490) 120.
    Baelor Blacktyde(370) hit Barbrey Ryswell(600) 157.
    ****
    Barbrey Ryswell(443) took 20 damage as DOT.
    Baelor Blacktyde(370) took 30 damage as DOT.
    Barbrey Ryswell(423) hit Baelor Blacktyde(340) 120.
    Baelor Blacktyde(220) hit Barbrey Ryswell(423) 157.
    ****
    Barbrey Ryswell(266) took 40 damage as DOT.
    Baelor Blacktyde(220) took 60 damage as DOT.
    Barbrey Ryswell(226) hit Baelor Blacktyde(160) 120.
    Baelor Blacktyde(40) hit Barbrey Ryswell(226) 157.
    ****
    Barbrey Ryswell(69) took 60 damage as DOT.
    Baelor Blacktyde(40) took 90 damage as DOT.
    Barbrey Ryswell(9) hit Baelor Blacktyde(-50) 120.
    Baelor Blacktyde(-170) hit Barbrey Ryswell(9) 157.
    ****
    Both of them are dead. A draw.
  Duel between Dormunds(27) -WHI- and Merlyns(27) -WIZ- has begun.
    Marlin Dormund(625) hit Meldred Merlyn(490) 117.
    Meldred Merlyn(373) hit Marlin Dormund(625) 152.
    ****
    Marlin Dormund(473) took 20 damage as DOT.
    Meldred Merlyn(373) took 30 damage as DOT.
    Marlin Dormund(453) hit Meldred Merlyn(343) 117.
    Meldred Merlyn(226) hit Marlin Dormund(453) 152.
    ****
    Marlin Dormund(301) took 40 damage as DOT.
    Meldred Merlyn(226) took 60 damage as DOT.
    Marlin Dormund(261) hit Meldred Merlyn(166) 117.
    Meldred Merlyn(49) hit Marlin Dormund(261) 152.
    ****
    Marlin Dormund(109) took 60 damage as DOT.
    Meldred Merlyn(49) took 90 damage as DOT.
    Marlin Dormund(49) hit Meldred Merlyn(-41) 117.
    Meldred Merlyn(-158) hit Marlin Dormund(49) 152.
    ****
    Both of them are dead. A draw.
  Duel between Manderlys(27) -WHI- and Blacktydes(27) -WIZ- has begun.
    Wendel Manderly(675) hit Baelor Blacktyde(490) 117.
    Baelor Blacktyde(373) hit Wendel Manderly(675) 157.
    ****
    Wendel Manderly(518) took 20 damage as DOT.
    Baelor Blacktyde(373) took 30 damage as DOT.
    Wendel Manderly(498) hit Baelor Blacktyde(343) 117.
    Baelor Blacktyde(226) hit Wendel Manderly(498) 157.
    ****
    Wendel Manderly(341) took 40 damage as DOT.
    Baelor Blacktyde(226) took 60 damage as DOT.
    Wendel Manderly(301) hit Baelor Blacktyde(166) 117.
    Baelor Blacktyde(49) hit Wendel Manderly(301) 157.
    ****
    Wendel Manderly(144) took 60 damage as DOT.
    Baelor Blacktyde(49) took 90 damage as DOT.
    Wendel Manderly(84) hit Baelor Blacktyde(-41) 117.
    Baelor Blacktyde(-158) hit Wendel Manderly(84) 157.
    ****
    Both of them are dead. A draw.
  Duel between Dustins(30) -WHI- and Goodbrothers(39) -WHI- has begun.
    Barbrey Ryswell(600) hit Urragon Goodbrother(690) 120.
    Urragon Goodbrother(570) hit Barbrey Ryswell(600) 159.
    ****
    Barbrey Ryswell(441) took 30 damage as DOT.
    Urragon Goodbrother(570) took 30 damage as DOT.
    Barbrey Ryswell(411) hit Urragon Goodbrother(540) 120.
    Urragon Goodbrother(420) hit Barbrey Ryswell(411) 159.
    ****
    Barbrey Ryswell(252) took 60 damage as DOT.
    Urragon Goodbrother(420) took 60 damage as DOT.
    Barbrey Ryswell(192) hit Urragon Goodbrother(360) 120.
    Urragon Goodbrother(240) hit Barbrey Ryswell(192) 159.
    ****
    Barbrey Ryswell(33) took 90 damage as DOT.
    Urragon Goodbrother(240) took 90 damage as DOT.
    Barbrey Ryswell(-57) hit Urragon Goodbrother(150) 120.
    Urragon Goodbrother(30) hit Barbrey Ryswell(-57) 159.
    ****
    Urragon Goodbrother(30) has won.
  Duel between House Stark(50) -WIL- and House Greyjoy(50) -WIZ- has begun.
    Jon Snow(475) hit Euron Greyjoy(565) 160.
    Euron Greyjoy(405) hit Jon Snow(475) 170.
    ****
    Jon Snow(305) took 20 damage as DOT.
    Euron Greyjoy(405) took 25 damage as DOT.
    Jon Snow(285) hit Euron Greyjoy(380) 160.
    Euron Greyjoy(220) hit Jon Snow(285) 170.
    ****
    Jon Snow(115) took 40 damage as DOT.
    Euron Greyjoy(220) took 50 damage as DOT.
    Jon Snow(75) hit Euron Greyjoy(170) 160.
    Euron Greyjoy(10) hit Jon Snow(75) 170.
    ****
    Euron Greyjoy(10) has won.
  The North got 0 house points. The Iron Islands got 6 house points.

The winner is: The Iron Islands with currently 1 kingdom points.
---------------
The War is over. The new owner of King's Landing is The Riverlands with a total of 2 points.

