War has started with 3 kingdoms.
---------------
Duel 1: The Westernlands vs The Crownlands
  Duel between Paynes(30) -WHI- and Rosbys(30) -WIZ- has begun.
    Ilyn Payne(685) hit Gyles Rosby(505) 130.
    Gyles Rosby(375) hit Ilyn Payne(685) 215.
    ****
    Ilyn Payne(470) took 20 damage as DOT.
    Gyles Rosby(375) took 30 damage as DOT.
    Ilyn Payne(450) hit Gyles Rosby(345) 130.
    Gyles Rosby(215) hit Ilyn Payne(450) 215.
    ****
    Ilyn Payne(235) took 40 damage as DOT.
    Gyles Rosby(215) took 60 damage as DOT.
    Ilyn Payne(195) hit Gyles Rosby(155) 130.
    Gyles Rosby(25) hit Ilyn Payne(195) 215.
    ****
    Gyles Rosby(25) has won.
  Duel between Leffords(30) -WIL- and Gaunts(30) -WHI- has begun.
    Leo Lefford(560) hit Gwayne Gaunt(630) 155.
    Gwayne Gaunt(475) hit Leo Lefford(560) 210.
    ****
    Leo Lefford(350) took 30 damage as DOT.
    Gwayne Gaunt(475) took 25 damage as DOT.
    Leo Lefford(320) hit Gwayne Gaunt(450) 155.
    Gwayne Gaunt(295) hit Leo Lefford(320) 210.
    ****
    Leo Lefford(110) took 60 damage as DOT.
    Gwayne Gaunt(295) took 50 damage as DOT.
    Leo Lefford(50) hit Gwayne Gaunt(245) 155.
    Gwayne Gaunt(90) hit Leo Lefford(50) 210.
    ****
    Gwayne Gaunt(90) has won.
  Duel between Serretts(30) -WIZ- and Thornes(30) -WIL- has begun.
    Lord Serrett(535) hit Alliser Thorne(455) 125.
    Alliser Thorne(330) hit Lord Serrett(535) 235.
    ****
    Lord Serrett(300) took 25 damage as DOT.
    Alliser Thorne(330) took 20 damage as DOT.
    Lord Serrett(275) hit Alliser Thorne(310) 125.
    Alliser Thorne(185) hit Lord Serrett(275) 235.
    ****
    Lord Serrett(40) took 50 damage as DOT.
    Alliser Thorne(185) took 40 damage as DOT.
    Lord Serrett(-10) hit Alliser Thorne(145) 125.
    Alliser Thorne(20) hit Lord Serrett(-10) 235.
    ****
    Alliser Thorne(20) has won.
  Duel between Paynes(27) -WHI- and Gaunts(33) -WHI- has begun.
    Ilyn Payne(685) hit Gwayne Gaunt(630) 127.
    Gwayne Gaunt(503) hit Ilyn Payne(685) 213.
    ****
    Ilyn Payne(472) took 30 damage as DOT.
    Gwayne Gaunt(503) took 30 damage as DOT.
    Ilyn Payne(442) hit Gwayne Gaunt(473) 127.
    Gwayne Gaunt(346) hit Ilyn Payne(442) 213.
    ****
    Ilyn Payne(229) took 60 damage as DOT.
    Gwayne Gaunt(346) took 60 damage as DOT.
    Ilyn Payne(169) hit Gwayne Gaunt(286) 127.
    Gwayne Gaunt(159) hit Ilyn Payne(169) 213.
    ****
    Gwayne Gaunt(159) has won.
  Duel between Leffords(27) -WIL- and Thornes(33) -WIL- has begun.
    Leo Lefford(560) hit Alliser Thorne(455) 152.
    Alliser Thorne(303) hit Leo Lefford(560) 238.
    ****
    Leo Lefford(322) took 25 damage as DOT.
    Alliser Thorne(303) took 25 damage as DOT.
    Leo Lefford(297) hit Alliser Thorne(278) 152.
    Alliser Thorne(126) hit Leo Lefford(297) 238.
    ****
    Leo Lefford(59) took 50 damage as DOT.
    Alliser Thorne(126) took 50 damage as DOT.
    Leo Lefford(9) hit Alliser Thorne(76) 152.
    Alliser Thorne(-76) hit Leo Lefford(9) 238.
    ****
    Both of them are dead. A draw.
  Duel between Serretts(27) -WIZ- and Rosbys(33) -WIZ- has begun.
    Lord Serrett(535) hit Gyles Rosby(505) 122.
    Gyles Rosby(383) hit Lord Serrett(535) 218.
    ****
    Lord Serrett(317) took 20 damage as DOT.
    Gyles Rosby(383) took 20 damage as DOT.
    Lord Serrett(297) hit Gyles Rosby(363) 122.
    Gyles Rosby(241) hit Lord Serrett(297) 218.
    ****
    Lord Serrett(79) took 40 damage as DOT.
    Gyles Rosby(241) took 40 damage as DOT.
    Lord Serrett(39) hit Gyles Rosby(201) 122.
    Gyles Rosby(79) hit Lord Serrett(39) 218.
    ****
    Gyles Rosby(79) has won.
  Duel between Paynes(24) -WHI- and Thornes(33) -WIL- has begun.
    Ilyn Payne(685) hit Alliser Thorne(455) 124.
    Alliser Thorne(331) hit Ilyn Payne(685) 238.
    ****
    Ilyn Payne(447) took 25 damage as DOT.
    Alliser Thorne(331) took 30 damage as DOT.
    Ilyn Payne(422) hit Alliser Thorne(301) 124.
    Alliser Thorne(177) hit Ilyn Payne(422) 238.
    ****
    Ilyn Payne(184) took 50 damage as DOT.
    Alliser Thorne(177) took 60 damage as DOT.
    Ilyn Payne(134) hit Alliser Thorne(117) 124.
    Alliser Thorne(-7) hit Ilyn Payne(134) 238.
    ****
    Both of them are dead. A draw.
  Duel between Leffords(27) -WIL- and Rosbys(36) -WIZ- has begun.
    Leo Lefford(560) hit Gyles Rosby(505) 152.
    Gyles Rosby(353) hit Leo Lefford(560) 221.
    ****
    Leo Lefford(339) took 20 damage as DOT.
    Gyles Rosby(353) took 25 damage as DOT.
    Leo Lefford(319) hit Gyles Rosby(328) 152.
    Gyles Rosby(176) hit Leo Lefford(319) 221.
    ****
    Leo Lefford(98) took 40 damage as DOT.
    Gyles Rosby(176) took 50 damage as DOT.
    Leo Lefford(58) hit Gyles Rosby(126) 152.
    Gyles Rosby(-26) hit Leo Lefford(58) 221.
    ****
    Both of them are dead. A draw.
  Duel between Serretts(24) -WIZ- and Gaunts(36) -WHI- has begun.
    Lord Serrett(535) hit Gwayne Gaunt(630) 119.
    Gwayne Gaunt(511) hit Lord Serrett(535) 216.
    ****
    Lord Serrett(319) took 30 damage as DOT.
    Gwayne Gaunt(511) took 20 damage as DOT.
    Lord Serrett(289) hit Gwayne Gaunt(491) 119.
    Gwayne Gaunt(372) hit Lord Serrett(289) 216.
    ****
    Lord Serrett(73) took 60 damage as DOT.
    Gwayne Gaunt(372) took 40 damage as DOT.
    Lord Serrett(13) hit Gwayne Gaunt(332) 119.
    Gwayne Gaunt(213) hit Lord Serrett(13) 216.
    ****
    Gwayne Gaunt(213) has won.
  Duel between House Frey(50) -WIZ- and House Baratheon(50) -WIZ- has begun.
    Kevan Lannister(510) hit Aerys II Targaryen(505) 145.
    Aerys II Targaryen(360) hit Kevan Lannister(510) 230.
    ****
    Kevan Lannister(280) took 20 damage as DOT.
    Aerys II Targaryen(360) took 20 damage as DOT.
    Kevan Lannister(260) hit Aerys II Targaryen(340) 145.
    Aerys II Targaryen(195) hit Kevan Lannister(260) 230.
    ****
    Kevan Lannister(30) took 40 damage as DOT.
    Aerys II Targaryen(195) took 40 damage as DOT.
    Kevan Lannister(-10) hit Aerys II Targaryen(155) 145.
    Aerys II Targaryen(10) hit Kevan Lannister(-10) 230.
    ****
    Aerys II Targaryen(10) has won.
  The Westernlands got 0 house points. The Crownlands got 9 house points.

The winner is: The Crownlands with currently 1 kingdom points.
---------------
---------------
Duel 2: The Crownlands vs The North
  Duel between Rosbys(36) -WIZ- and Mormonts(30) -WHI- has begun.
    Gyles Rosby(505) hit Jeor Mormont(605) 221.
    Jeor Mormont(384) hit Gyles Rosby(505) 210.
    ****
    Gyles Rosby(295) took 30 damage as DOT.
    Jeor Mormont(384) took 20 damage as DOT.
    Gyles Rosby(265) hit Jeor Mormont(364) 221.
    Jeor Mormont(143) hit Gyles Rosby(265) 210.
    ****
    Gyles Rosby(55) took 60 damage as DOT.
    Jeor Mormont(143) took 40 damage as DOT.
    Gyles Rosby(-5) hit Jeor Mormont(103) 221.
    Jeor Mormont(-118) hit Gyles Rosby(-5) 210.
    ****
    Both of them are dead. A draw.
  Duel between Gaunts(39) -WHI- and Cerwyns(30) -WIZ- has begun.
    Gwayne Gaunt(630) hit Medger Cerwyn(480) 219.
    Medger Cerwyn(261) hit Gwayne Gaunt(630) 220.
    ****
    Gwayne Gaunt(410) took 20 damage as DOT.
    Medger Cerwyn(261) took 30 damage as DOT.
    Gwayne Gaunt(390) hit Medger Cerwyn(231) 219.
    Medger Cerwyn(12) hit Gwayne Gaunt(390) 220.
    ****
    Gwayne Gaunt(170) took 40 damage as DOT.
    Medger Cerwyn(12) took 60 damage as DOT.
    Gwayne Gaunt(130) hit Medger Cerwyn(-48) 219.
    Medger Cerwyn(-267) hit Gwayne Gaunt(130) 220.
    ****
    Both of them are dead. A draw.
  Duel between Thornes(33) -WIL- and Dustins(30) -WHI- has begun.
    Alliser Thorne(455) hit Barbrey Ryswell(655) 238.
    Barbrey Ryswell(417) hit Alliser Thorne(455) 210.
    ****
    Alliser Thorne(245) took 30 damage as DOT.
    Barbrey Ryswell(417) took 25 damage as DOT.
    Alliser Thorne(215) hit Barbrey Ryswell(392) 238.
    Barbrey Ryswell(154) hit Alliser Thorne(215) 210.
    ****
    Alliser Thorne(5) took 60 damage as DOT.
    Barbrey Ryswell(154) took 50 damage as DOT.
    Alliser Thorne(-55) hit Barbrey Ryswell(104) 238.
    Barbrey Ryswell(-134) hit Alliser Thorne(-55) 210.
    ****
    Both of them are dead. A draw.
  Duel between Rosbys(36) -WIZ- and Cerwyns(30) -WIZ- has begun.
    Gyles Rosby(505) hit Medger Cerwyn(480) 221.
    Medger Cerwyn(259) hit Gyles Rosby(505) 220.
    ****
    Gyles Rosby(285) took 20 damage as DOT.
    Medger Cerwyn(259) took 20 damage as DOT.
    Gyles Rosby(265) hit Medger Cerwyn(239) 221.
    Medger Cerwyn(18) hit Gyles Rosby(265) 220.
    ****
    Gyles Rosby(45) took 40 damage as DOT.
    Medger Cerwyn(18) took 40 damage as DOT.
    Gyles Rosby(5) hit Medger Cerwyn(-22) 221.
    Medger Cerwyn(-243) hit Gyles Rosby(5) 220.
    ****
    Both of them are dead. A draw.
  Duel between Gaunts(39) -WHI- and Dustins(30) -WHI- has begun.
    Gwayne Gaunt(630) hit Barbrey Ryswell(655) 219.
    Barbrey Ryswell(436) hit Gwayne Gaunt(630) 210.
    ****
    Gwayne Gaunt(420) took 30 damage as DOT.
    Barbrey Ryswell(436) took 30 damage as DOT.
    Gwayne Gaunt(390) hit Barbrey Ryswell(406) 219.
    Barbrey Ryswell(187) hit Gwayne Gaunt(390) 210.
    ****
    Gwayne Gaunt(180) took 60 damage as DOT.
    Barbrey Ryswell(187) took 60 damage as DOT.
    Gwayne Gaunt(120) hit Barbrey Ryswell(127) 219.
    Barbrey Ryswell(-92) hit Gwayne Gaunt(120) 210.
    ****
    Both of them are dead. A draw.
  Duel between Thornes(33) -WIL- and Mormonts(30) -WHI- has begun.
    Alliser Thorne(455) hit Jeor Mormont(605) 238.
    Jeor Mormont(367) hit Alliser Thorne(455) 210.
    ****
    Alliser Thorne(245) took 30 damage as DOT.
    Jeor Mormont(367) took 25 damage as DOT.
    Alliser Thorne(215) hit Jeor Mormont(342) 238.
    Jeor Mormont(104) hit Alliser Thorne(215) 210.
    ****
    Alliser Thorne(5) took 60 damage as DOT.
    Jeor Mormont(104) took 50 damage as DOT.
    Alliser Thorne(-55) hit Jeor Mormont(54) 238.
    Jeor Mormont(-184) hit Alliser Thorne(-55) 210.
    ****
    Both of them are dead. A draw.
  Duel between Rosbys(36) -WIZ- and Dustins(30) -WHI- has begun.
    Gyles Rosby(505) hit Barbrey Ryswell(655) 221.
    Barbrey Ryswell(434) hit Gyles Rosby(505) 210.
    ****
    Gyles Rosby(295) took 30 damage as DOT.
    Barbrey Ryswell(434) took 20 damage as DOT.
    Gyles Rosby(265) hit Barbrey Ryswell(414) 221.
    Barbrey Ryswell(193) hit Gyles Rosby(265) 210.
    ****
    Gyles Rosby(55) took 60 damage as DOT.
    Barbrey Ryswell(193) took 40 damage as DOT.
    Gyles Rosby(-5) hit Barbrey Ryswell(153) 221.
    Barbrey Ryswell(-68) hit Gyles Rosby(-5) 210.
    ****
    Both of them are dead. A draw.
  Duel between Gaunts(39) -WHI- and Mormonts(30) -WHI- has begun.
    Gwayne Gaunt(630) hit Jeor Mormont(605) 219.
    Jeor Mormont(386) hit Gwayne Gaunt(630) 210.
    ****
    Gwayne Gaunt(420) took 30 damage as DOT.
    Jeor Mormont(386) took 30 damage as DOT.
    Gwayne Gaunt(390) hit Jeor Mormont(356) 219.
    Jeor Mormont(137) hit Gwayne Gaunt(390) 210.
    ****
    Gwayne Gaunt(180) took 60 damage as DOT.
    Jeor Mormont(137) took 60 damage as DOT.
    Gwayne Gaunt(120) hit Jeor Mormont(77) 219.
    Jeor Mormont(-142) hit Gwayne Gaunt(120) 210.
    ****
    Both of them are dead. A draw.
  Duel between Thornes(33) -WIL- and Cerwyns(30) -WIZ- has begun.
    Alliser Thorne(455) hit Medger Cerwyn(480) 238.
    Medger Cerwyn(242) hit Alliser Thorne(455) 220.
    ****
    Alliser Thorne(235) took 20 damage as DOT.
    Medger Cerwyn(242) took 25 damage as DOT.
    Alliser Thorne(215) hit Medger Cerwyn(217) 238.
    Medger Cerwyn(-21) hit Alliser Thorne(215) 220.
    ****
    Both of them are dead. A draw.
  Duel between House Baratheon(55) -WIZ- and House Stark(50) -WIL- has begun.
    Aerys II Targaryen(505) hit Benjen Stark(430) 235.
    Benjen Stark(195) hit Aerys II Targaryen(505) 255.
    ****
    Aerys II Targaryen(250) took 25 damage as DOT.
    Benjen Stark(195) took 20 damage as DOT.
    Aerys II Targaryen(225) hit Benjen Stark(175) 235.
    Benjen Stark(-60) hit Aerys II Targaryen(225) 255.
    ****
    Both of them are dead. A draw.
  The Crownlands got 0 house points. The North got 0 house points.

A draw.
---------------
---------------
Duel 3: The Westernlands vs The North
  Duel between Paynes(24) -WHI- and Mormonts(30) -WHI- has begun.
    Ilyn Payne(685) hit Jeor Mormont(605) 124.
    Jeor Mormont(481) hit Ilyn Payne(685) 210.
    ****
    Ilyn Payne(475) took 30 damage as DOT.
    Jeor Mormont(481) took 30 damage as DOT.
    Ilyn Payne(445) hit Jeor Mormont(451) 124.
    Jeor Mormont(327) hit Ilyn Payne(445) 210.
    ****
    Ilyn Payne(235) took 60 damage as DOT.
    Jeor Mormont(327) took 60 damage as DOT.
    Ilyn Payne(175) hit Jeor Mormont(267) 124.
    Jeor Mormont(143) hit Ilyn Payne(175) 210.
    ****
    Jeor Mormont(143) has won.
  Duel between Leffords(27) -WIL- and Cerwyns(30) -WIZ- has begun.
    Leo Lefford(560) hit Medger Cerwyn(480) 152.
    Medger Cerwyn(328) hit Leo Lefford(560) 220.
    ****
    Leo Lefford(340) took 20 damage as DOT.
    Medger Cerwyn(328) took 25 damage as DOT.
    Leo Lefford(320) hit Medger Cerwyn(303) 152.
    Medger Cerwyn(151) hit Leo Lefford(320) 220.
    ****
    Leo Lefford(100) took 40 damage as DOT.
    Medger Cerwyn(151) took 50 damage as DOT.
    Leo Lefford(60) hit Medger Cerwyn(101) 152.
    Medger Cerwyn(-51) hit Leo Lefford(60) 220.
    ****
    Both of them are dead. A draw.
  Duel between Serretts(21) -WIZ- and Dustins(30) -WHI- has begun.
    Lord Serrett(535) hit Barbrey Ryswell(655) 116.
    Barbrey Ryswell(539) hit Lord Serrett(535) 210.
    ****
    Lord Serrett(325) took 30 damage as DOT.
    Barbrey Ryswell(539) took 20 damage as DOT.
    Lord Serrett(295) hit Barbrey Ryswell(519) 116.
    Barbrey Ryswell(403) hit Lord Serrett(295) 210.
    ****
    Lord Serrett(85) took 60 damage as DOT.
    Barbrey Ryswell(403) took 40 damage as DOT.
    Lord Serrett(25) hit Barbrey Ryswell(363) 116.
    Barbrey Ryswell(247) hit Lord Serrett(25) 210.
    ****
    Barbrey Ryswell(247) has won.
  Duel between Paynes(21) -WHI- and Cerwyns(30) -WIZ- has begun.
    Ilyn Payne(685) hit Medger Cerwyn(480) 121.
    Medger Cerwyn(359) hit Ilyn Payne(685) 220.
    ****
    Ilyn Payne(465) took 20 damage as DOT.
    Medger Cerwyn(359) took 30 damage as DOT.
    Ilyn Payne(445) hit Medger Cerwyn(329) 121.
    Medger Cerwyn(208) hit Ilyn Payne(445) 220.
    ****
    Ilyn Payne(225) took 40 damage as DOT.
    Medger Cerwyn(208) took 60 damage as DOT.
    Ilyn Payne(185) hit Medger Cerwyn(148) 121.
    Medger Cerwyn(27) hit Ilyn Payne(185) 220.
    ****
    Medger Cerwyn(27) has won.
  Duel between Leffords(27) -WIL- and Dustins(33) -WHI- has begun.
    Leo Lefford(560) hit Barbrey Ryswell(655) 152.
    Barbrey Ryswell(503) hit Leo Lefford(560) 213.
    ****
    Leo Lefford(347) took 30 damage as DOT.
    Barbrey Ryswell(503) took 25 damage as DOT.
    Leo Lefford(317) hit Barbrey Ryswell(478) 152.
    Barbrey Ryswell(326) hit Leo Lefford(317) 213.
    ****
    Leo Lefford(104) took 60 damage as DOT.
    Barbrey Ryswell(326) took 50 damage as DOT.
    Leo Lefford(44) hit Barbrey Ryswell(276) 152.
    Barbrey Ryswell(124) hit Leo Lefford(44) 213.
    ****
    Barbrey Ryswell(124) has won.
  Duel between Serretts(18) -WIZ- and Mormonts(33) -WHI- has begun.
    Lord Serrett(535) hit Jeor Mormont(605) 113.
    Jeor Mormont(492) hit Lord Serrett(535) 213.
    ****
    Lord Serrett(322) took 30 damage as DOT.
    Jeor Mormont(492) took 20 damage as DOT.
    Lord Serrett(292) hit Jeor Mormont(472) 113.
    Jeor Mormont(359) hit Lord Serrett(292) 213.
    ****
    Lord Serrett(79) took 60 damage as DOT.
    Jeor Mormont(359) took 40 damage as DOT.
    Lord Serrett(19) hit Jeor Mormont(319) 113.
    Jeor Mormont(206) hit Lord Serrett(19) 213.
    ****
    Jeor Mormont(206) has won.
  Duel between Paynes(18) -WHI- and Dustins(36) -WHI- has begun.
    Ilyn Payne(685) hit Barbrey Ryswell(655) 118.
    Barbrey Ryswell(537) hit Ilyn Payne(685) 216.
    ****
    Ilyn Payne(469) took 30 damage as DOT.
    Barbrey Ryswell(537) took 30 damage as DOT.
    Ilyn Payne(439) hit Barbrey Ryswell(507) 118.
    Barbrey Ryswell(389) hit Ilyn Payne(439) 216.
    ****
    Ilyn Payne(223) took 60 damage as DOT.
    Barbrey Ryswell(389) took 60 damage as DOT.
    Ilyn Payne(163) hit Barbrey Ryswell(329) 118.
    Barbrey Ryswell(211) hit Ilyn Payne(163) 216.
    ****
    Barbrey Ryswell(211) has won.
  Duel between Leffords(24) -WIL- and Mormonts(36) -WHI- has begun.
    Leo Lefford(560) hit Jeor Mormont(605) 149.
    Jeor Mormont(456) hit Leo Lefford(560) 216.
    ****
    Leo Lefford(344) took 30 damage as DOT.
    Jeor Mormont(456) took 25 damage as DOT.
    Leo Lefford(314) hit Jeor Mormont(431) 149.
    Jeor Mormont(282) hit Leo Lefford(314) 216.
    ****
    Leo Lefford(98) took 60 damage as DOT.
    Jeor Mormont(282) took 50 damage as DOT.
    Leo Lefford(38) hit Jeor Mormont(232) 149.
    Jeor Mormont(83) hit Leo Lefford(38) 216.
    ****
    Jeor Mormont(83) has won.
  Duel between Serretts(15) -WIZ- and Cerwyns(33) -WIZ- has begun.
    Lord Serrett(535) hit Medger Cerwyn(480) 110.
    Medger Cerwyn(370) hit Lord Serrett(535) 223.
    ****
    Lord Serrett(312) took 20 damage as DOT.
    Medger Cerwyn(370) took 20 damage as DOT.
    Lord Serrett(292) hit Medger Cerwyn(350) 110.
    Medger Cerwyn(240) hit Lord Serrett(292) 223.
    ****
    Lord Serrett(69) took 40 damage as DOT.
    Medger Cerwyn(240) took 40 damage as DOT.
    Lord Serrett(29) hit Medger Cerwyn(200) 110.
    Medger Cerwyn(90) hit Lord Serrett(29) 223.
    ****
    Medger Cerwyn(90) has won.
  Duel between House Frey(45) -WIZ- and House Stark(50) -WIL- has begun.
    Kevan Lannister(510) hit Benjen Stark(430) 140.
    Benjen Stark(290) hit Kevan Lannister(510) 255.
    ****
    Kevan Lannister(255) took 25 damage as DOT.
    Benjen Stark(290) took 20 damage as DOT.
    Kevan Lannister(230) hit Benjen Stark(270) 140.
    Benjen Stark(130) hit Kevan Lannister(230) 255.
    ****
    Benjen Stark(130) has won.
  The Westernlands got 0 house points. The North got 11 house points.

The winner is: The North with currently 2 kingdom points.
---------------
The War is over. The new owners of King's Landing are The Crownlands, and The North.

