War has started with 3 kingdoms.
---------------
Duel 1: The Reach vs The Iron Islands
  Duel between Ashfords(30) -WHI- and Harlaws(30) -WIZ- has begun.
    Lord Ashford(645) hit Alannys Harlaw(565) 170.
    Alannys Harlaw(395) hit Lord Ashford(645) 150.
    ****
    Lord Ashford(495) took 20 damage as DOT.
    Alannys Harlaw(395) took 30 damage as DOT.
    Lord Ashford(475) hit Alannys Harlaw(365) 170.
    Alannys Harlaw(195) hit Lord Ashford(475) 150.
    ****
    Lord Ashford(325) took 40 damage as DOT.
    Alannys Harlaw(195) took 60 damage as DOT.
    Lord Ashford(285) hit Alannys Harlaw(135) 170.
    Alannys Harlaw(-35) hit Lord Ashford(285) 150.
    ****
    Lord Ashford(135) has won.
  Duel between Tarlys(30) -WIL- and Kennings(30) -WHI- has begun.
    Randyll Tarly(495) hit Ralf Kenning(665) 190.
    Ralf Kenning(475) hit Randyll Tarly(495) 150.
    ****
    Randyll Tarly(345) took 30 damage as DOT.
    Ralf Kenning(475) took 25 damage as DOT.
    Randyll Tarly(315) hit Ralf Kenning(450) 190.
    Ralf Kenning(260) hit Randyll Tarly(315) 150.
    ****
    Randyll Tarly(165) took 60 damage as DOT.
    Ralf Kenning(260) took 50 damage as DOT.
    Randyll Tarly(105) hit Ralf Kenning(210) 190.
    Ralf Kenning(20) hit Randyll Tarly(105) 150.
    ****
    Ralf Kenning(20) has won.
  Duel between Florents(30) -WIZ- and Botleys(30) -WIL- has begun.
    Axell Florent(470) hit Sawane Botley(490) 170.
    Sawane Botley(320) hit Axell Florent(470) 175.
    ****
    Axell Florent(295) took 25 damage as DOT.
    Sawane Botley(320) took 20 damage as DOT.
    Axell Florent(270) hit Sawane Botley(300) 170.
    Sawane Botley(130) hit Axell Florent(270) 175.
    ****
    Axell Florent(95) took 50 damage as DOT.
    Sawane Botley(130) took 40 damage as DOT.
    Axell Florent(45) hit Sawane Botley(90) 170.
    Sawane Botley(-80) hit Axell Florent(45) 175.
    ****
    Both of them are dead. A draw.
  Duel between Ashfords(33) -WHI- and Kennings(33) -WHI- has begun.
    Lord Ashford(645) hit Ralf Kenning(665) 173.
    Ralf Kenning(492) hit Lord Ashford(645) 153.
    ****
    Lord Ashford(492) took 30 damage as DOT.
    Ralf Kenning(492) took 30 damage as DOT.
    Lord Ashford(462) hit Ralf Kenning(462) 173.
    Ralf Kenning(289) hit Lord Ashford(462) 153.
    ****
    Lord Ashford(309) took 60 damage as DOT.
    Ralf Kenning(289) took 60 damage as DOT.
    Lord Ashford(249) hit Ralf Kenning(229) 173.
    Ralf Kenning(56) hit Lord Ashford(249) 153.
    ****
    Lord Ashford(96) took 90 damage as DOT.
    Ralf Kenning(56) took 90 damage as DOT.
    Lord Ashford(6) hit Ralf Kenning(-34) 173.
    Ralf Kenning(-207) hit Lord Ashford(6) 153.
    ****
    Both of them are dead. A draw.
  Duel between Tarlys(27) -WIL- and Botleys(30) -WIL- has begun.
    Randyll Tarly(495) hit Sawane Botley(490) 187.
    Sawane Botley(303) hit Randyll Tarly(495) 175.
    ****
    Randyll Tarly(320) took 25 damage as DOT.
    Sawane Botley(303) took 25 damage as DOT.
    Randyll Tarly(295) hit Sawane Botley(278) 187.
    Sawane Botley(91) hit Randyll Tarly(295) 175.
    ****
    Randyll Tarly(120) took 50 damage as DOT.
    Sawane Botley(91) took 50 damage as DOT.
    Randyll Tarly(70) hit Sawane Botley(41) 187.
    Sawane Botley(-146) hit Randyll Tarly(70) 175.
    ****
    Both of them are dead. A draw.
  Duel between Florents(30) -WIZ- and Harlaws(27) -WIZ- has begun.
    Axell Florent(470) hit Alannys Harlaw(565) 170.
    Alannys Harlaw(395) hit Axell Florent(470) 147.
    ****
    Axell Florent(323) took 20 damage as DOT.
    Alannys Harlaw(395) took 20 damage as DOT.
    Axell Florent(303) hit Alannys Harlaw(375) 170.
    Alannys Harlaw(205) hit Axell Florent(303) 147.
    ****
    Axell Florent(156) took 40 damage as DOT.
    Alannys Harlaw(205) took 40 damage as DOT.
    Axell Florent(116) hit Alannys Harlaw(165) 170.
    Alannys Harlaw(-5) hit Axell Florent(116) 147.
    ****
    Both of them are dead. A draw.
  Duel between Ashfords(33) -WHI- and Botleys(30) -WIL- has begun.
    Lord Ashford(645) hit Sawane Botley(490) 173.
    Sawane Botley(317) hit Lord Ashford(645) 175.
    ****
    Lord Ashford(470) took 25 damage as DOT.
    Sawane Botley(317) took 30 damage as DOT.
    Lord Ashford(445) hit Sawane Botley(287) 173.
    Sawane Botley(114) hit Lord Ashford(445) 175.
    ****
    Lord Ashford(270) took 50 damage as DOT.
    Sawane Botley(114) took 60 damage as DOT.
    Lord Ashford(220) hit Sawane Botley(54) 173.
    Sawane Botley(-119) hit Lord Ashford(220) 175.
    ****
    Lord Ashford(45) has won.
  Duel between Tarlys(27) -WIL- and Harlaws(27) -WIZ- has begun.
    Randyll Tarly(495) hit Alannys Harlaw(565) 187.
    Alannys Harlaw(378) hit Randyll Tarly(495) 147.
    ****
    Randyll Tarly(348) took 20 damage as DOT.
    Alannys Harlaw(378) took 25 damage as DOT.
    Randyll Tarly(328) hit Alannys Harlaw(353) 187.
    Alannys Harlaw(166) hit Randyll Tarly(328) 147.
    ****
    Randyll Tarly(181) took 40 damage as DOT.
    Alannys Harlaw(166) took 50 damage as DOT.
    Randyll Tarly(141) hit Alannys Harlaw(116) 187.
    Alannys Harlaw(-71) hit Randyll Tarly(141) 147.
    ****
    Both of them are dead. A draw.
  Duel between Florents(30) -WIZ- and Kennings(33) -WHI- has begun.
    Axell Florent(470) hit Ralf Kenning(665) 170.
    Ralf Kenning(495) hit Axell Florent(470) 153.
    ****
    Axell Florent(317) took 30 damage as DOT.
    Ralf Kenning(495) took 20 damage as DOT.
    Axell Florent(287) hit Ralf Kenning(475) 170.
    Ralf Kenning(305) hit Axell Florent(287) 153.
    ****
    Axell Florent(134) took 60 damage as DOT.
    Ralf Kenning(305) took 40 damage as DOT.
    Axell Florent(74) hit Ralf Kenning(265) 170.
    Ralf Kenning(95) hit Axell Florent(74) 153.
    ****
    Ralf Kenning(95) has won.
  Duel between House Lannister(50) -WIL- and House Greyjoy(50) -WHI- has begun.
    Luthor Tyrell(470) hit Aeron Greyjoy(690) 215.
    Aeron Greyjoy(475) hit Luthor Tyrell(470) 170.
    ****
    Luthor Tyrell(300) took 30 damage as DOT.
    Aeron Greyjoy(475) took 25 damage as DOT.
    Luthor Tyrell(270) hit Aeron Greyjoy(450) 215.
    Aeron Greyjoy(235) hit Luthor Tyrell(270) 170.
    ****
    Luthor Tyrell(100) took 60 damage as DOT.
    Aeron Greyjoy(235) took 50 damage as DOT.
    Luthor Tyrell(40) hit Aeron Greyjoy(185) 215.
    Aeron Greyjoy(-30) hit Luthor Tyrell(40) 170.
    ****
    Both of them are dead. A draw.
  The Reach got 2 house points. The Iron Islands got 2 house points.

A draw.
---------------
---------------
Duel 2: The Iron Islands vs Dorne
  Duel between Harlaws(27) -WIZ- and Jordaynes(30) -WIZ- has begun.
    Alannys Harlaw(565) hit Trebor Jordayne(585) 147.
    Trebor Jordayne(438) hit Alannys Harlaw(565) 125.
    ****
    Alannys Harlaw(440) took 20 damage as DOT.
    Trebor Jordayne(438) took 20 damage as DOT.
    Alannys Harlaw(420) hit Trebor Jordayne(418) 147.
    Trebor Jordayne(271) hit Alannys Harlaw(420) 125.
    ****
    Alannys Harlaw(295) took 40 damage as DOT.
    Trebor Jordayne(271) took 40 damage as DOT.
    Alannys Harlaw(255) hit Trebor Jordayne(231) 147.
    Trebor Jordayne(84) hit Alannys Harlaw(255) 125.
    ****
    Alannys Harlaw(130) took 60 damage as DOT.
    Trebor Jordayne(84) took 60 damage as DOT.
    Alannys Harlaw(70) hit Trebor Jordayne(24) 147.
    Trebor Jordayne(-123) hit Alannys Harlaw(70) 125.
    ****
    Both of them are dead. A draw.
  Duel between Kennings(36) -WHI- and Qorgyles(30) -WHI- has begun.
    Ralf Kenning(665) hit Quentyn Qorgyle(735) 156.
    Quentyn Qorgyle(579) hit Ralf Kenning(665) 130.
    ****
    Ralf Kenning(535) took 30 damage as DOT.
    Quentyn Qorgyle(579) took 30 damage as DOT.
    Ralf Kenning(505) hit Quentyn Qorgyle(549) 156.
    Quentyn Qorgyle(393) hit Ralf Kenning(505) 130.
    ****
    Ralf Kenning(375) took 60 damage as DOT.
    Quentyn Qorgyle(393) took 60 damage as DOT.
    Ralf Kenning(315) hit Quentyn Qorgyle(333) 156.
    Quentyn Qorgyle(177) hit Ralf Kenning(315) 130.
    ****
    Ralf Kenning(185) took 90 damage as DOT.
    Quentyn Qorgyle(177) took 90 damage as DOT.
    Ralf Kenning(95) hit Quentyn Qorgyle(87) 156.
    Quentyn Qorgyle(-69) hit Ralf Kenning(95) 130.
    ****
    Both of them are dead. A draw.
  Duel between Botleys(27) -WIL- and Yronwoods(30) -WHI- has begun.
    Sawane Botley(490) hit Edgar Yronwood(710) 172.
    Edgar Yronwood(538) hit Sawane Botley(490) 130.
    ****
    Sawane Botley(360) took 30 damage as DOT.
    Edgar Yronwood(538) took 25 damage as DOT.
    Sawane Botley(330) hit Edgar Yronwood(513) 172.
    Edgar Yronwood(341) hit Sawane Botley(330) 130.
    ****
    Sawane Botley(200) took 60 damage as DOT.
    Edgar Yronwood(341) took 50 damage as DOT.
    Sawane Botley(140) hit Edgar Yronwood(291) 172.
    Edgar Yronwood(119) hit Sawane Botley(140) 130.
    ****
    Sawane Botley(10) took 90 damage as DOT.
    Edgar Yronwood(119) took 75 damage as DOT.
    Sawane Botley(-80) hit Edgar Yronwood(44) 172.
    Edgar Yronwood(-128) hit Sawane Botley(-80) 130.
    ****
    Both of them are dead. A draw.
  Duel between Harlaws(27) -WIZ- and Qorgyles(30) -WHI- has begun.
    Alannys Harlaw(565) hit Quentyn Qorgyle(735) 147.
    Quentyn Qorgyle(588) hit Alannys Harlaw(565) 130.
    ****
    Alannys Harlaw(435) took 30 damage as DOT.
    Quentyn Qorgyle(588) took 20 damage as DOT.
    Alannys Harlaw(405) hit Quentyn Qorgyle(568) 147.
    Quentyn Qorgyle(421) hit Alannys Harlaw(405) 130.
    ****
    Alannys Harlaw(275) took 60 damage as DOT.
    Quentyn Qorgyle(421) took 40 damage as DOT.
    Alannys Harlaw(215) hit Quentyn Qorgyle(381) 147.
    Quentyn Qorgyle(234) hit Alannys Harlaw(215) 130.
    ****
    Alannys Harlaw(85) took 90 damage as DOT.
    Quentyn Qorgyle(234) took 60 damage as DOT.
    Alannys Harlaw(-5) hit Quentyn Qorgyle(174) 147.
    Quentyn Qorgyle(27) hit Alannys Harlaw(-5) 130.
    ****
    Quentyn Qorgyle(27) has won.
  Duel between Kennings(36) -WHI- and Yronwoods(30) -WHI- has begun.
    Ralf Kenning(665) hit Edgar Yronwood(710) 156.
    Edgar Yronwood(554) hit Ralf Kenning(665) 130.
    ****
    Ralf Kenning(535) took 30 damage as DOT.
    Edgar Yronwood(554) took 30 damage as DOT.
    Ralf Kenning(505) hit Edgar Yronwood(524) 156.
    Edgar Yronwood(368) hit Ralf Kenning(505) 130.
    ****
    Ralf Kenning(375) took 60 damage as DOT.
    Edgar Yronwood(368) took 60 damage as DOT.
    Ralf Kenning(315) hit Edgar Yronwood(308) 156.
    Edgar Yronwood(152) hit Ralf Kenning(315) 130.
    ****
    Ralf Kenning(185) took 90 damage as DOT.
    Edgar Yronwood(152) took 90 damage as DOT.
    Ralf Kenning(95) hit Edgar Yronwood(62) 156.
    Edgar Yronwood(-94) hit Ralf Kenning(95) 130.
    ****
    Both of them are dead. A draw.
  Duel between Botleys(27) -WIL- and Jordaynes(30) -WIZ- has begun.
    Sawane Botley(490) hit Trebor Jordayne(585) 172.
    Trebor Jordayne(413) hit Sawane Botley(490) 125.
    ****
    Sawane Botley(365) took 20 damage as DOT.
    Trebor Jordayne(413) took 25 damage as DOT.
    Sawane Botley(345) hit Trebor Jordayne(388) 172.
    Trebor Jordayne(216) hit Sawane Botley(345) 125.
    ****
    Sawane Botley(220) took 40 damage as DOT.
    Trebor Jordayne(216) took 50 damage as DOT.
    Sawane Botley(180) hit Trebor Jordayne(166) 172.
    Trebor Jordayne(-6) hit Sawane Botley(180) 125.
    ****
    Sawane Botley(55) has won.
  Duel between Harlaws(24) -WIZ- and Yronwoods(30) -WHI- has begun.
    Alannys Harlaw(565) hit Edgar Yronwood(710) 144.
    Edgar Yronwood(566) hit Alannys Harlaw(565) 130.
    ****
    Alannys Harlaw(435) took 30 damage as DOT.
    Edgar Yronwood(566) took 20 damage as DOT.
    Alannys Harlaw(405) hit Edgar Yronwood(546) 144.
    Edgar Yronwood(402) hit Alannys Harlaw(405) 130.
    ****
    Alannys Harlaw(275) took 60 damage as DOT.
    Edgar Yronwood(402) took 40 damage as DOT.
    Alannys Harlaw(215) hit Edgar Yronwood(362) 144.
    Edgar Yronwood(218) hit Alannys Harlaw(215) 130.
    ****
    Alannys Harlaw(85) took 90 damage as DOT.
    Edgar Yronwood(218) took 60 damage as DOT.
    Alannys Harlaw(-5) hit Edgar Yronwood(158) 144.
    Edgar Yronwood(14) hit Alannys Harlaw(-5) 130.
    ****
    Edgar Yronwood(14) has won.
  Duel between Kennings(36) -WHI- and Jordaynes(27) -WIZ- has begun.
    Ralf Kenning(665) hit Trebor Jordayne(585) 156.
    Trebor Jordayne(429) hit Ralf Kenning(665) 122.
    ****
    Ralf Kenning(543) took 20 damage as DOT.
    Trebor Jordayne(429) took 30 damage as DOT.
    Ralf Kenning(523) hit Trebor Jordayne(399) 156.
    Trebor Jordayne(243) hit Ralf Kenning(523) 122.
    ****
    Ralf Kenning(401) took 40 damage as DOT.
    Trebor Jordayne(243) took 60 damage as DOT.
    Ralf Kenning(361) hit Trebor Jordayne(183) 156.
    Trebor Jordayne(27) hit Ralf Kenning(361) 122.
    ****
    Ralf Kenning(239) took 60 damage as DOT.
    Trebor Jordayne(27) took 90 damage as DOT.
    Ralf Kenning(179) hit Trebor Jordayne(-63) 156.
    Trebor Jordayne(-219) hit Ralf Kenning(179) 122.
    ****
    Ralf Kenning(57) has won.
  Duel between Botleys(25) -WIL- and Qorgyles(33) -WHI- has begun.
    Sawane Botley(490) hit Quentyn Qorgyle(735) 170.
    Quentyn Qorgyle(565) hit Sawane Botley(490) 133.
    ****
    Sawane Botley(357) took 30 damage as DOT.
    Quentyn Qorgyle(565) took 25 damage as DOT.
    Sawane Botley(327) hit Quentyn Qorgyle(540) 170.
    Quentyn Qorgyle(370) hit Sawane Botley(327) 133.
    ****
    Sawane Botley(194) took 60 damage as DOT.
    Quentyn Qorgyle(370) took 50 damage as DOT.
    Sawane Botley(134) hit Quentyn Qorgyle(320) 170.
    Quentyn Qorgyle(150) hit Sawane Botley(134) 133.
    ****
    Sawane Botley(1) took 90 damage as DOT.
    Quentyn Qorgyle(150) took 75 damage as DOT.
    Sawane Botley(-89) hit Quentyn Qorgyle(75) 170.
    Quentyn Qorgyle(-95) hit Sawane Botley(-89) 133.
    ****
    Both of them are dead. A draw.
  Duel between House Greyjoy(50) -WHI- and House Martell(50) -WIZ- has begun.
    Aeron Greyjoy(690) hit Obara Sand(560) 170.
    Obara Sand(390) hit Aeron Greyjoy(690) 160.
    ****
    Aeron Greyjoy(530) took 20 damage as DOT.
    Obara Sand(390) took 30 damage as DOT.
    Aeron Greyjoy(510) hit Obara Sand(360) 170.
    Obara Sand(190) hit Aeron Greyjoy(510) 160.
    ****
    Aeron Greyjoy(350) took 40 damage as DOT.
    Obara Sand(190) took 60 damage as DOT.
    Aeron Greyjoy(310) hit Obara Sand(130) 170.
    Obara Sand(-40) hit Aeron Greyjoy(310) 160.
    ****
    Aeron Greyjoy(150) has won.
  The Iron Islands got 5 house points. Dorne got 2 house points.

The winner is: The Iron Islands with currently 2 kingdom points.
---------------
---------------
Duel 3: The Reach vs Dorne
  Duel between Ashfords(36) -WHI- and Jordaynes(24) -WIZ- has begun.
    Lord Ashford(645) hit Trebor Jordayne(585) 176.
    Trebor Jordayne(409) hit Lord Ashford(645) 119.
    ****
    Lord Ashford(526) took 20 damage as DOT.
    Trebor Jordayne(409) took 30 damage as DOT.
    Lord Ashford(506) hit Trebor Jordayne(379) 176.
    Trebor Jordayne(203) hit Lord Ashford(506) 119.
    ****
    Lord Ashford(387) took 40 damage as DOT.
    Trebor Jordayne(203) took 60 damage as DOT.
    Lord Ashford(347) hit Trebor Jordayne(143) 176.
    Trebor Jordayne(-33) hit Lord Ashford(347) 119.
    ****
    Lord Ashford(228) has won.
  Duel between Tarlys(27) -WIL- and Qorgyles(33) -WHI- has begun.
    Randyll Tarly(495) hit Quentyn Qorgyle(735) 187.
    Quentyn Qorgyle(548) hit Randyll Tarly(495) 133.
    ****
    Randyll Tarly(362) took 30 damage as DOT.
    Quentyn Qorgyle(548) took 25 damage as DOT.
    Randyll Tarly(332) hit Quentyn Qorgyle(523) 187.
    Quentyn Qorgyle(336) hit Randyll Tarly(332) 133.
    ****
    Randyll Tarly(199) took 60 damage as DOT.
    Quentyn Qorgyle(336) took 50 damage as DOT.
    Randyll Tarly(139) hit Quentyn Qorgyle(286) 187.
    Quentyn Qorgyle(99) hit Randyll Tarly(139) 133.
    ****
    Randyll Tarly(6) took 90 damage as DOT.
    Quentyn Qorgyle(99) took 75 damage as DOT.
    Randyll Tarly(-84) hit Quentyn Qorgyle(24) 187.
    Quentyn Qorgyle(-163) hit Randyll Tarly(-84) 133.
    ****
    Both of them are dead. A draw.
  Duel between Florents(27) -WIZ- and Yronwoods(33) -WHI- has begun.
    Axell Florent(470) hit Edgar Yronwood(710) 167.
    Edgar Yronwood(543) hit Axell Florent(470) 133.
    ****
    Axell Florent(337) took 30 damage as DOT.
    Edgar Yronwood(543) took 20 damage as DOT.
    Axell Florent(307) hit Edgar Yronwood(523) 167.
    Edgar Yronwood(356) hit Axell Florent(307) 133.
    ****
    Axell Florent(174) took 60 damage as DOT.
    Edgar Yronwood(356) took 40 damage as DOT.
    Axell Florent(114) hit Edgar Yronwood(316) 167.
    Edgar Yronwood(149) hit Axell Florent(114) 133.
    ****
    Edgar Yronwood(149) has won.
  Duel between Ashfords(39) -WHI- and Qorgyles(33) -WHI- has begun.
    Lord Ashford(645) hit Quentyn Qorgyle(735) 179.
    Quentyn Qorgyle(556) hit Lord Ashford(645) 133.
    ****
    Lord Ashford(512) took 30 damage as DOT.
    Quentyn Qorgyle(556) took 30 damage as DOT.
    Lord Ashford(482) hit Quentyn Qorgyle(526) 179.
    Quentyn Qorgyle(347) hit Lord Ashford(482) 133.
    ****
    Lord Ashford(349) took 60 damage as DOT.
    Quentyn Qorgyle(347) took 60 damage as DOT.
    Lord Ashford(289) hit Quentyn Qorgyle(287) 179.
    Quentyn Qorgyle(108) hit Lord Ashford(289) 133.
    ****
    Lord Ashford(156) took 90 damage as DOT.
    Quentyn Qorgyle(108) took 90 damage as DOT.
    Lord Ashford(66) hit Quentyn Qorgyle(18) 179.
    Quentyn Qorgyle(-161) hit Lord Ashford(66) 133.
    ****
    Both of them are dead. A draw.
  Duel between Tarlys(27) -WIL- and Yronwoods(36) -WHI- has begun.
    Randyll Tarly(495) hit Edgar Yronwood(710) 187.
    Edgar Yronwood(523) hit Randyll Tarly(495) 136.
    ****
    Randyll Tarly(359) took 30 damage as DOT.
    Edgar Yronwood(523) took 25 damage as DOT.
    Randyll Tarly(329) hit Edgar Yronwood(498) 187.
    Edgar Yronwood(311) hit Randyll Tarly(329) 136.
    ****
    Randyll Tarly(193) took 60 damage as DOT.
    Edgar Yronwood(311) took 50 damage as DOT.
    Randyll Tarly(133) hit Edgar Yronwood(261) 187.
    Edgar Yronwood(74) hit Randyll Tarly(133) 136.
    ****
    Edgar Yronwood(74) has won.
  Duel between Florents(24) -WIZ- and Jordaynes(21) -WIZ- has begun.
    Axell Florent(470) hit Trebor Jordayne(585) 164.
    Trebor Jordayne(421) hit Axell Florent(470) 116.
    ****
    Axell Florent(354) took 20 damage as DOT.
    Trebor Jordayne(421) took 20 damage as DOT.
    Axell Florent(334) hit Trebor Jordayne(401) 164.
    Trebor Jordayne(237) hit Axell Florent(334) 116.
    ****
    Axell Florent(218) took 40 damage as DOT.
    Trebor Jordayne(237) took 40 damage as DOT.
    Axell Florent(178) hit Trebor Jordayne(197) 164.
    Trebor Jordayne(33) hit Axell Florent(178) 116.
    ****
    Axell Florent(62) took 60 damage as DOT.
    Trebor Jordayne(33) took 60 damage as DOT.
    Axell Florent(2) hit Trebor Jordayne(-27) 164.
    Trebor Jordayne(-191) hit Axell Florent(2) 116.
    ****
    Both of them are dead. A draw.
  Duel between Ashfords(39) -WHI- and Yronwoods(39) -WHI- has begun.
    Lord Ashford(645) hit Edgar Yronwood(710) 179.
    Edgar Yronwood(531) hit Lord Ashford(645) 139.
    ****
    Lord Ashford(506) took 30 damage as DOT.
    Edgar Yronwood(531) took 30 damage as DOT.
    Lord Ashford(476) hit Edgar Yronwood(501) 179.
    Edgar Yronwood(322) hit Lord Ashford(476) 139.
    ****
    Lord Ashford(337) took 60 damage as DOT.
    Edgar Yronwood(322) took 60 damage as DOT.
    Lord Ashford(277) hit Edgar Yronwood(262) 179.
    Edgar Yronwood(83) hit Lord Ashford(277) 139.
    ****
    Lord Ashford(138) took 90 damage as DOT.
    Edgar Yronwood(83) took 90 damage as DOT.
    Lord Ashford(48) hit Edgar Yronwood(-7) 179.
    Edgar Yronwood(-186) hit Lord Ashford(48) 139.
    ****
    Both of them are dead. A draw.
  Duel between Tarlys(24) -WIL- and Jordaynes(21) -WIZ- has begun.
    Randyll Tarly(495) hit Trebor Jordayne(585) 184.
    Trebor Jordayne(401) hit Randyll Tarly(495) 116.
    ****
    Randyll Tarly(379) took 20 damage as DOT.
    Trebor Jordayne(401) took 25 damage as DOT.
    Randyll Tarly(359) hit Trebor Jordayne(376) 184.
    Trebor Jordayne(192) hit Randyll Tarly(359) 116.
    ****
    Randyll Tarly(243) took 40 damage as DOT.
    Trebor Jordayne(192) took 50 damage as DOT.
    Randyll Tarly(203) hit Trebor Jordayne(142) 184.
    Trebor Jordayne(-42) hit Randyll Tarly(203) 116.
    ****
    Randyll Tarly(87) has won.
  Duel between Florents(24) -WIZ- and Qorgyles(33) -WHI- has begun.
    Axell Florent(470) hit Quentyn Qorgyle(735) 164.
    Quentyn Qorgyle(571) hit Axell Florent(470) 133.
    ****
    Axell Florent(337) took 30 damage as DOT.
    Quentyn Qorgyle(571) took 20 damage as DOT.
    Axell Florent(307) hit Quentyn Qorgyle(551) 164.
    Quentyn Qorgyle(387) hit Axell Florent(307) 133.
    ****
    Axell Florent(174) took 60 damage as DOT.
    Quentyn Qorgyle(387) took 40 damage as DOT.
    Axell Florent(114) hit Quentyn Qorgyle(347) 164.
    Quentyn Qorgyle(183) hit Axell Florent(114) 133.
    ****
    Quentyn Qorgyle(183) has won.
  Duel between House Lannister(50) -WIL- and House Martell(45) -WIZ- has begun.
    Luthor Tyrell(470) hit Obara Sand(560) 215.
    Obara Sand(345) hit Luthor Tyrell(470) 155.
    ****
    Luthor Tyrell(315) took 20 damage as DOT.
    Obara Sand(345) took 25 damage as DOT.
    Luthor Tyrell(295) hit Obara Sand(320) 215.
    Obara Sand(105) hit Luthor Tyrell(295) 155.
    ****
    Luthor Tyrell(140) took 40 damage as DOT.
    Obara Sand(105) took 50 damage as DOT.
    Luthor Tyrell(100) hit Obara Sand(55) 215.
    Obara Sand(-160) hit Luthor Tyrell(100) 155.
    ****
    Both of them are dead. A draw.
  The Reach got 2 house points. Dorne got 3 house points.

The winner is: Dorne with currently 1 kingdom points.
---------------
The War is over. The new owner of King's Landing is The Iron Islands with a total of 2 points.

