War has started with 3 kingdoms.
---------------
Duel 1: The North vs The Westernlands
  Duel between Dustins(30) -WHI- and Sarsfields(30) -WIL- has begun.
    Barbrey Ryswell(630) hit Eldrick Sarsfield(465) 160.
    Eldrick Sarsfield(305) hit Barbrey Ryswell(630) 170.
    ****
    Barbrey Ryswell(460) took 25 damage as DOT.
    Eldrick Sarsfield(305) took 30 damage as DOT.
    Barbrey Ryswell(435) hit Eldrick Sarsfield(275) 160.
    Eldrick Sarsfield(115) hit Barbrey Ryswell(435) 170.
    ****
    Barbrey Ryswell(265) took 50 damage as DOT.
    Eldrick Sarsfield(115) took 60 damage as DOT.
    Barbrey Ryswell(215) hit Eldrick Sarsfield(55) 160.
    Eldrick Sarsfield(-105) hit Barbrey Ryswell(215) 170.
    ****
    Barbrey Ryswell(45) has won.
  Duel between Manderlys(30) -WIZ- and Marbrands(30) -WIL- has begun.
    Wendel Manderly(555) hit Damon Marbrand(515) 165.
    Damon Marbrand(350) hit Wendel Manderly(555) 175.
    ****
    Wendel Manderly(380) took 25 damage as DOT.
    Damon Marbrand(350) took 20 damage as DOT.
    Wendel Manderly(355) hit Damon Marbrand(330) 165.
    Damon Marbrand(165) hit Wendel Manderly(355) 175.
    ****
    Wendel Manderly(180) took 50 damage as DOT.
    Damon Marbrand(165) took 40 damage as DOT.
    Wendel Manderly(130) hit Damon Marbrand(125) 165.
    Damon Marbrand(-40) hit Wendel Manderly(130) 175.
    ****
    Both of them are dead. A draw.
  Duel between Karstarks(30) -WIL- and Paynes(30) -WIZ- has begun.
    Rickard Karstark(455) hit Ilyn Payne(540) 185.
    Ilyn Payne(355) hit Rickard Karstark(455) 160.
    ****
    Rickard Karstark(295) took 20 damage as DOT.
    Ilyn Payne(355) took 25 damage as DOT.
    Rickard Karstark(275) hit Ilyn Payne(330) 185.
    Ilyn Payne(145) hit Rickard Karstark(275) 160.
    ****
    Rickard Karstark(115) took 40 damage as DOT.
    Ilyn Payne(145) took 50 damage as DOT.
    Rickard Karstark(75) hit Ilyn Payne(95) 185.
    Ilyn Payne(-90) hit Rickard Karstark(75) 160.
    ****
    Both of them are dead. A draw.
  Duel between Dustins(33) -WHI- and Marbrands(30) -WIL- has begun.
    Barbrey Ryswell(630) hit Damon Marbrand(515) 163.
    Damon Marbrand(352) hit Barbrey Ryswell(630) 175.
    ****
    Barbrey Ryswell(455) took 25 damage as DOT.
    Damon Marbrand(352) took 30 damage as DOT.
    Barbrey Ryswell(430) hit Damon Marbrand(322) 163.
    Damon Marbrand(159) hit Barbrey Ryswell(430) 175.
    ****
    Barbrey Ryswell(255) took 50 damage as DOT.
    Damon Marbrand(159) took 60 damage as DOT.
    Barbrey Ryswell(205) hit Damon Marbrand(99) 163.
    Damon Marbrand(-64) hit Barbrey Ryswell(205) 175.
    ****
    Barbrey Ryswell(30) has won.
  Duel between Manderlys(30) -WIZ- and Paynes(30) -WIZ- has begun.
    Wendel Manderly(555) hit Ilyn Payne(540) 165.
    Ilyn Payne(375) hit Wendel Manderly(555) 160.
    ****
    Wendel Manderly(395) took 20 damage as DOT.
    Ilyn Payne(375) took 20 damage as DOT.
    Wendel Manderly(375) hit Ilyn Payne(355) 165.
    Ilyn Payne(190) hit Wendel Manderly(375) 160.
    ****
    Wendel Manderly(215) took 40 damage as DOT.
    Ilyn Payne(190) took 40 damage as DOT.
    Wendel Manderly(175) hit Ilyn Payne(150) 165.
    Ilyn Payne(-15) hit Wendel Manderly(175) 160.
    ****
    Wendel Manderly(15) has won.
  Duel between Karstarks(30) -WIL- and Sarsfields(27) -WIL- has begun.
    Rickard Karstark(455) hit Eldrick Sarsfield(465) 185.
    Eldrick Sarsfield(280) hit Rickard Karstark(455) 167.
    ****
    Rickard Karstark(288) took 25 damage as DOT.
    Eldrick Sarsfield(280) took 25 damage as DOT.
    Rickard Karstark(263) hit Eldrick Sarsfield(255) 185.
    Eldrick Sarsfield(70) hit Rickard Karstark(263) 167.
    ****
    Rickard Karstark(96) took 50 damage as DOT.
    Eldrick Sarsfield(70) took 50 damage as DOT.
    Rickard Karstark(46) hit Eldrick Sarsfield(20) 185.
    Eldrick Sarsfield(-165) hit Rickard Karstark(46) 167.
    ****
    Both of them are dead. A draw.
  Duel between Dustins(36) -WHI- and Paynes(27) -WIZ- has begun.
    Barbrey Ryswell(630) hit Ilyn Payne(540) 166.
    Ilyn Payne(374) hit Barbrey Ryswell(630) 157.
    ****
    Barbrey Ryswell(473) took 20 damage as DOT.
    Ilyn Payne(374) took 30 damage as DOT.
    Barbrey Ryswell(453) hit Ilyn Payne(344) 166.
    Ilyn Payne(178) hit Barbrey Ryswell(453) 157.
    ****
    Barbrey Ryswell(296) took 40 damage as DOT.
    Ilyn Payne(178) took 60 damage as DOT.
    Barbrey Ryswell(256) hit Ilyn Payne(118) 166.
    Ilyn Payne(-48) hit Barbrey Ryswell(256) 157.
    ****
    Barbrey Ryswell(99) has won.
  Duel between Manderlys(33) -WIZ- and Sarsfields(27) -WIL- has begun.
    Wendel Manderly(555) hit Eldrick Sarsfield(465) 168.
    Eldrick Sarsfield(297) hit Wendel Manderly(555) 167.
    ****
    Wendel Manderly(388) took 25 damage as DOT.
    Eldrick Sarsfield(297) took 20 damage as DOT.
    Wendel Manderly(363) hit Eldrick Sarsfield(277) 168.
    Eldrick Sarsfield(109) hit Wendel Manderly(363) 167.
    ****
    Wendel Manderly(196) took 50 damage as DOT.
    Eldrick Sarsfield(109) took 40 damage as DOT.
    Wendel Manderly(146) hit Eldrick Sarsfield(69) 168.
    Eldrick Sarsfield(-99) hit Wendel Manderly(146) 167.
    ****
    Both of them are dead. A draw.
  Duel between Karstarks(30) -WIL- and Marbrands(27) -WIL- has begun.
    Rickard Karstark(455) hit Damon Marbrand(515) 185.
    Damon Marbrand(330) hit Rickard Karstark(455) 172.
    ****
    Rickard Karstark(283) took 25 damage as DOT.
    Damon Marbrand(330) took 25 damage as DOT.
    Rickard Karstark(258) hit Damon Marbrand(305) 185.
    Damon Marbrand(120) hit Rickard Karstark(258) 172.
    ****
    Rickard Karstark(86) took 50 damage as DOT.
    Damon Marbrand(120) took 50 damage as DOT.
    Rickard Karstark(36) hit Damon Marbrand(70) 185.
    Damon Marbrand(-115) hit Rickard Karstark(36) 172.
    ****
    Both of them are dead. A draw.
  Duel between House Stark(50) -WIZ- and House Frey(50) -WIZ- has begun.
    Brandon Stark(505) hit Tyrion Lannister(565) 175.
    Tyrion Lannister(390) hit Brandon Stark(505) 175.
    ****
    Brandon Stark(330) took 20 damage as DOT.
    Tyrion Lannister(390) took 20 damage as DOT.
    Brandon Stark(310) hit Tyrion Lannister(370) 175.
    Tyrion Lannister(195) hit Brandon Stark(310) 175.
    ****
    Brandon Stark(135) took 40 damage as DOT.
    Tyrion Lannister(195) took 40 damage as DOT.
    Brandon Stark(95) hit Tyrion Lannister(155) 175.
    Tyrion Lannister(-20) hit Brandon Stark(95) 175.
    ****
    Both of them are dead. A draw.
  The North got 4 house points. The Westernlands got 0 house points.

The winner is: The North with currently 1 kingdom points.
---------------
---------------
Duel 2: The Westernlands vs Dorne
  Duel between Sarsfields(27) -WIL- and Qorgyles(30) -WHI- has begun.
    Eldrick Sarsfield(465) hit Quentyn Qorgyle(650) 167.
    Quentyn Qorgyle(483) hit Eldrick Sarsfield(465) 120.
    ****
    Eldrick Sarsfield(345) took 30 damage as DOT.
    Quentyn Qorgyle(483) took 25 damage as DOT.
    Eldrick Sarsfield(315) hit Quentyn Qorgyle(458) 167.
    Quentyn Qorgyle(291) hit Eldrick Sarsfield(315) 120.
    ****
    Eldrick Sarsfield(195) took 60 damage as DOT.
    Quentyn Qorgyle(291) took 50 damage as DOT.
    Eldrick Sarsfield(135) hit Quentyn Qorgyle(241) 167.
    Quentyn Qorgyle(74) hit Eldrick Sarsfield(135) 120.
    ****
    Eldrick Sarsfield(15) took 90 damage as DOT.
    Quentyn Qorgyle(74) took 75 damage as DOT.
    Eldrick Sarsfield(-75) hit Quentyn Qorgyle(-1) 167.
    Quentyn Qorgyle(-168) hit Eldrick Sarsfield(-75) 120.
    ****
    Both of them are dead. A draw.
  Duel between Marbrands(27) -WIL- and Allyrions(30) -WHI- has begun.
    Damon Marbrand(515) hit Daemon Sand(600) 172.
    Daemon Sand(428) hit Damon Marbrand(515) 120.
    ****
    Damon Marbrand(395) took 30 damage as DOT.
    Daemon Sand(428) took 25 damage as DOT.
    Damon Marbrand(365) hit Daemon Sand(403) 172.
    Daemon Sand(231) hit Damon Marbrand(365) 120.
    ****
    Damon Marbrand(245) took 60 damage as DOT.
    Daemon Sand(231) took 50 damage as DOT.
    Damon Marbrand(185) hit Daemon Sand(181) 172.
    Daemon Sand(9) hit Damon Marbrand(185) 120.
    ****
    Damon Marbrand(65) took 90 damage as DOT.
    Daemon Sand(9) took 75 damage as DOT.
    Damon Marbrand(-25) hit Daemon Sand(-66) 172.
    Daemon Sand(-238) hit Damon Marbrand(-25) 120.
    ****
    Both of them are dead. A draw.
  Duel between Paynes(24) -WIZ- and Gargalens(30) -WHI- has begun.
    Ilyn Payne(540) hit Lord Gargalen(600) 154.
    Lord Gargalen(446) hit Ilyn Payne(540) 120.
    ****
    Ilyn Payne(420) took 30 damage as DOT.
    Lord Gargalen(446) took 20 damage as DOT.
    Ilyn Payne(390) hit Lord Gargalen(426) 154.
    Lord Gargalen(272) hit Ilyn Payne(390) 120.
    ****
    Ilyn Payne(270) took 60 damage as DOT.
    Lord Gargalen(272) took 40 damage as DOT.
    Ilyn Payne(210) hit Lord Gargalen(232) 154.
    Lord Gargalen(78) hit Ilyn Payne(210) 120.
    ****
    Ilyn Payne(90) took 90 damage as DOT.
    Lord Gargalen(78) took 60 damage as DOT.
    Ilyn Payne(0) hit Lord Gargalen(18) 154.
    Lord Gargalen(-136) hit Ilyn Payne(0) 120.
    ****
    Both of them are dead. A draw.
  Duel between Sarsfields(27) -WIL- and Allyrions(30) -WHI- has begun.
    Eldrick Sarsfield(465) hit Daemon Sand(600) 167.
    Daemon Sand(433) hit Eldrick Sarsfield(465) 120.
    ****
    Eldrick Sarsfield(345) took 30 damage as DOT.
    Daemon Sand(433) took 25 damage as DOT.
    Eldrick Sarsfield(315) hit Daemon Sand(408) 167.
    Daemon Sand(241) hit Eldrick Sarsfield(315) 120.
    ****
    Eldrick Sarsfield(195) took 60 damage as DOT.
    Daemon Sand(241) took 50 damage as DOT.
    Eldrick Sarsfield(135) hit Daemon Sand(191) 167.
    Daemon Sand(24) hit Eldrick Sarsfield(135) 120.
    ****
    Eldrick Sarsfield(15) took 90 damage as DOT.
    Daemon Sand(24) took 75 damage as DOT.
    Eldrick Sarsfield(-75) hit Daemon Sand(-51) 167.
    Daemon Sand(-218) hit Eldrick Sarsfield(-75) 120.
    ****
    Both of them are dead. A draw.
  Duel between Marbrands(27) -WIL- and Gargalens(30) -WHI- has begun.
    Damon Marbrand(515) hit Lord Gargalen(600) 172.
    Lord Gargalen(428) hit Damon Marbrand(515) 120.
    ****
    Damon Marbrand(395) took 30 damage as DOT.
    Lord Gargalen(428) took 25 damage as DOT.
    Damon Marbrand(365) hit Lord Gargalen(403) 172.
    Lord Gargalen(231) hit Damon Marbrand(365) 120.
    ****
    Damon Marbrand(245) took 60 damage as DOT.
    Lord Gargalen(231) took 50 damage as DOT.
    Damon Marbrand(185) hit Lord Gargalen(181) 172.
    Lord Gargalen(9) hit Damon Marbrand(185) 120.
    ****
    Damon Marbrand(65) took 90 damage as DOT.
    Lord Gargalen(9) took 75 damage as DOT.
    Damon Marbrand(-25) hit Lord Gargalen(-66) 172.
    Lord Gargalen(-238) hit Damon Marbrand(-25) 120.
    ****
    Both of them are dead. A draw.
  Duel between Paynes(24) -WIZ- and Qorgyles(30) -WHI- has begun.
    Ilyn Payne(540) hit Quentyn Qorgyle(650) 154.
    Quentyn Qorgyle(496) hit Ilyn Payne(540) 120.
    ****
    Ilyn Payne(420) took 30 damage as DOT.
    Quentyn Qorgyle(496) took 20 damage as DOT.
    Ilyn Payne(390) hit Quentyn Qorgyle(476) 154.
    Quentyn Qorgyle(322) hit Ilyn Payne(390) 120.
    ****
    Ilyn Payne(270) took 60 damage as DOT.
    Quentyn Qorgyle(322) took 40 damage as DOT.
    Ilyn Payne(210) hit Quentyn Qorgyle(282) 154.
    Quentyn Qorgyle(128) hit Ilyn Payne(210) 120.
    ****
    Ilyn Payne(90) took 90 damage as DOT.
    Quentyn Qorgyle(128) took 60 damage as DOT.
    Ilyn Payne(0) hit Quentyn Qorgyle(68) 154.
    Quentyn Qorgyle(-86) hit Ilyn Payne(0) 120.
    ****
    Both of them are dead. A draw.
  Duel between Sarsfields(27) -WIL- and Gargalens(30) -WHI- has begun.
    Eldrick Sarsfield(465) hit Lord Gargalen(600) 167.
    Lord Gargalen(433) hit Eldrick Sarsfield(465) 120.
    ****
    Eldrick Sarsfield(345) took 30 damage as DOT.
    Lord Gargalen(433) took 25 damage as DOT.
    Eldrick Sarsfield(315) hit Lord Gargalen(408) 167.
    Lord Gargalen(241) hit Eldrick Sarsfield(315) 120.
    ****
    Eldrick Sarsfield(195) took 60 damage as DOT.
    Lord Gargalen(241) took 50 damage as DOT.
    Eldrick Sarsfield(135) hit Lord Gargalen(191) 167.
    Lord Gargalen(24) hit Eldrick Sarsfield(135) 120.
    ****
    Eldrick Sarsfield(15) took 90 damage as DOT.
    Lord Gargalen(24) took 75 damage as DOT.
    Eldrick Sarsfield(-75) hit Lord Gargalen(-51) 167.
    Lord Gargalen(-218) hit Eldrick Sarsfield(-75) 120.
    ****
    Both of them are dead. A draw.
  Duel between Marbrands(27) -WIL- and Qorgyles(30) -WHI- has begun.
    Damon Marbrand(515) hit Quentyn Qorgyle(650) 172.
    Quentyn Qorgyle(478) hit Damon Marbrand(515) 120.
    ****
    Damon Marbrand(395) took 30 damage as DOT.
    Quentyn Qorgyle(478) took 25 damage as DOT.
    Damon Marbrand(365) hit Quentyn Qorgyle(453) 172.
    Quentyn Qorgyle(281) hit Damon Marbrand(365) 120.
    ****
    Damon Marbrand(245) took 60 damage as DOT.
    Quentyn Qorgyle(281) took 50 damage as DOT.
    Damon Marbrand(185) hit Quentyn Qorgyle(231) 172.
    Quentyn Qorgyle(59) hit Damon Marbrand(185) 120.
    ****
    Damon Marbrand(65) took 90 damage as DOT.
    Quentyn Qorgyle(59) took 75 damage as DOT.
    Damon Marbrand(-25) hit Quentyn Qorgyle(-16) 172.
    Quentyn Qorgyle(-188) hit Damon Marbrand(-25) 120.
    ****
    Both of them are dead. A draw.
  Duel between Paynes(24) -WIZ- and Allyrions(30) -WHI- has begun.
    Ilyn Payne(540) hit Daemon Sand(600) 154.
    Daemon Sand(446) hit Ilyn Payne(540) 120.
    ****
    Ilyn Payne(420) took 30 damage as DOT.
    Daemon Sand(446) took 20 damage as DOT.
    Ilyn Payne(390) hit Daemon Sand(426) 154.
    Daemon Sand(272) hit Ilyn Payne(390) 120.
    ****
    Ilyn Payne(270) took 60 damage as DOT.
    Daemon Sand(272) took 40 damage as DOT.
    Ilyn Payne(210) hit Daemon Sand(232) 154.
    Daemon Sand(78) hit Ilyn Payne(210) 120.
    ****
    Ilyn Payne(90) took 90 damage as DOT.
    Daemon Sand(78) took 60 damage as DOT.
    Ilyn Payne(0) hit Daemon Sand(18) 154.
    Daemon Sand(-136) hit Ilyn Payne(0) 120.
    ****
    Both of them are dead. A draw.
  Duel between House Frey(50) -WIZ- and House Martell(50) -WIL- has begun.
    Tyrion Lannister(565) hit Trystane Martell(475) 175.
    Trystane Martell(300) hit Tyrion Lannister(565) 160.
    ****
    Tyrion Lannister(405) took 25 damage as DOT.
    Trystane Martell(300) took 20 damage as DOT.
    Tyrion Lannister(380) hit Trystane Martell(280) 175.
    Trystane Martell(105) hit Tyrion Lannister(380) 160.
    ****
    Tyrion Lannister(220) took 50 damage as DOT.
    Trystane Martell(105) took 40 damage as DOT.
    Tyrion Lannister(170) hit Trystane Martell(65) 175.
    Trystane Martell(-110) hit Tyrion Lannister(170) 160.
    ****
    Tyrion Lannister(10) has won.
  The Westernlands got 3 house points. Dorne got 0 house points.

The winner is: The Westernlands with currently 1 kingdom points.
---------------
---------------
Duel 3: The North vs Dorne
  Duel between Dustins(39) -WHI- and Qorgyles(30) -WHI- has begun.
    Barbrey Ryswell(630) hit Quentyn Qorgyle(650) 169.
    Quentyn Qorgyle(481) hit Barbrey Ryswell(630) 120.
    ****
    Barbrey Ryswell(510) took 30 damage as DOT.
    Quentyn Qorgyle(481) took 30 damage as DOT.
    Barbrey Ryswell(480) hit Quentyn Qorgyle(451) 169.
    Quentyn Qorgyle(282) hit Barbrey Ryswell(480) 120.
    ****
    Barbrey Ryswell(360) took 60 damage as DOT.
    Quentyn Qorgyle(282) took 60 damage as DOT.
    Barbrey Ryswell(300) hit Quentyn Qorgyle(222) 169.
    Quentyn Qorgyle(53) hit Barbrey Ryswell(300) 120.
    ****
    Barbrey Ryswell(180) took 90 damage as DOT.
    Quentyn Qorgyle(53) took 90 damage as DOT.
    Barbrey Ryswell(90) hit Quentyn Qorgyle(-37) 169.
    Quentyn Qorgyle(-206) hit Barbrey Ryswell(90) 120.
    ****
    Both of them are dead. A draw.
  Duel between Manderlys(33) -WIZ- and Allyrions(30) -WHI- has begun.
    Wendel Manderly(555) hit Daemon Sand(600) 168.
    Daemon Sand(432) hit Wendel Manderly(555) 120.
    ****
    Wendel Manderly(435) took 30 damage as DOT.
    Daemon Sand(432) took 20 damage as DOT.
    Wendel Manderly(405) hit Daemon Sand(412) 168.
    Daemon Sand(244) hit Wendel Manderly(405) 120.
    ****
    Wendel Manderly(285) took 60 damage as DOT.
    Daemon Sand(244) took 40 damage as DOT.
    Wendel Manderly(225) hit Daemon Sand(204) 168.
    Daemon Sand(36) hit Wendel Manderly(225) 120.
    ****
    Wendel Manderly(105) took 90 damage as DOT.
    Daemon Sand(36) took 60 damage as DOT.
    Wendel Manderly(15) hit Daemon Sand(-24) 168.
    Daemon Sand(-192) hit Wendel Manderly(15) 120.
    ****
    Both of them are dead. A draw.
  Duel between Karstarks(30) -WIL- and Gargalens(30) -WHI- has begun.
    Rickard Karstark(455) hit Lord Gargalen(600) 185.
    Lord Gargalen(415) hit Rickard Karstark(455) 120.
    ****
    Rickard Karstark(335) took 30 damage as DOT.
    Lord Gargalen(415) took 25 damage as DOT.
    Rickard Karstark(305) hit Lord Gargalen(390) 185.
    Lord Gargalen(205) hit Rickard Karstark(305) 120.
    ****
    Rickard Karstark(185) took 60 damage as DOT.
    Lord Gargalen(205) took 50 damage as DOT.
    Rickard Karstark(125) hit Lord Gargalen(155) 185.
    Lord Gargalen(-30) hit Rickard Karstark(125) 120.
    ****
    Rickard Karstark(5) has won.
  Duel between Dustins(39) -WHI- and Allyrions(30) -WHI- has begun.
    Barbrey Ryswell(630) hit Daemon Sand(600) 169.
    Daemon Sand(431) hit Barbrey Ryswell(630) 120.
    ****
    Barbrey Ryswell(510) took 30 damage as DOT.
    Daemon Sand(431) took 30 damage as DOT.
    Barbrey Ryswell(480) hit Daemon Sand(401) 169.
    Daemon Sand(232) hit Barbrey Ryswell(480) 120.
    ****
    Barbrey Ryswell(360) took 60 damage as DOT.
    Daemon Sand(232) took 60 damage as DOT.
    Barbrey Ryswell(300) hit Daemon Sand(172) 169.
    Daemon Sand(3) hit Barbrey Ryswell(300) 120.
    ****
    Barbrey Ryswell(180) took 90 damage as DOT.
    Daemon Sand(3) took 90 damage as DOT.
    Barbrey Ryswell(90) hit Daemon Sand(-87) 169.
    Daemon Sand(-256) hit Barbrey Ryswell(90) 120.
    ****
    Both of them are dead. A draw.
  Duel between Manderlys(33) -WIZ- and Gargalens(27) -WHI- has begun.
    Wendel Manderly(555) hit Lord Gargalen(600) 168.
    Lord Gargalen(432) hit Wendel Manderly(555) 117.
    ****
    Wendel Manderly(438) took 30 damage as DOT.
    Lord Gargalen(432) took 20 damage as DOT.
    Wendel Manderly(408) hit Lord Gargalen(412) 168.
    Lord Gargalen(244) hit Wendel Manderly(408) 117.
    ****
    Wendel Manderly(291) took 60 damage as DOT.
    Lord Gargalen(244) took 40 damage as DOT.
    Wendel Manderly(231) hit Lord Gargalen(204) 168.
    Lord Gargalen(36) hit Wendel Manderly(231) 117.
    ****
    Wendel Manderly(114) took 90 damage as DOT.
    Lord Gargalen(36) took 60 damage as DOT.
    Wendel Manderly(24) hit Lord Gargalen(-24) 168.
    Lord Gargalen(-192) hit Wendel Manderly(24) 117.
    ****
    Both of them are dead. A draw.
  Duel between Karstarks(33) -WIL- and Qorgyles(30) -WHI- has begun.
    Rickard Karstark(455) hit Quentyn Qorgyle(650) 188.
    Quentyn Qorgyle(462) hit Rickard Karstark(455) 120.
    ****
    Rickard Karstark(335) took 30 damage as DOT.
    Quentyn Qorgyle(462) took 25 damage as DOT.
    Rickard Karstark(305) hit Quentyn Qorgyle(437) 188.
    Quentyn Qorgyle(249) hit Rickard Karstark(305) 120.
    ****
    Rickard Karstark(185) took 60 damage as DOT.
    Quentyn Qorgyle(249) took 50 damage as DOT.
    Rickard Karstark(125) hit Quentyn Qorgyle(199) 188.
    Quentyn Qorgyle(11) hit Rickard Karstark(125) 120.
    ****
    Rickard Karstark(5) took 90 damage as DOT.
    Quentyn Qorgyle(11) took 75 damage as DOT.
    Rickard Karstark(-85) hit Quentyn Qorgyle(-64) 188.
    Quentyn Qorgyle(-252) hit Rickard Karstark(-85) 120.
    ****
    Both of them are dead. A draw.
  Duel between Dustins(39) -WHI- and Gargalens(27) -WHI- has begun.
    Barbrey Ryswell(630) hit Lord Gargalen(600) 169.
    Lord Gargalen(431) hit Barbrey Ryswell(630) 117.
    ****
    Barbrey Ryswell(513) took 30 damage as DOT.
    Lord Gargalen(431) took 30 damage as DOT.
    Barbrey Ryswell(483) hit Lord Gargalen(401) 169.
    Lord Gargalen(232) hit Barbrey Ryswell(483) 117.
    ****
    Barbrey Ryswell(366) took 60 damage as DOT.
    Lord Gargalen(232) took 60 damage as DOT.
    Barbrey Ryswell(306) hit Lord Gargalen(172) 169.
    Lord Gargalen(3) hit Barbrey Ryswell(306) 117.
    ****
    Barbrey Ryswell(189) took 90 damage as DOT.
    Lord Gargalen(3) took 90 damage as DOT.
    Barbrey Ryswell(99) hit Lord Gargalen(-87) 169.
    Lord Gargalen(-256) hit Barbrey Ryswell(99) 117.
    ****
    Both of them are dead. A draw.
  Duel between Manderlys(33) -WIZ- and Qorgyles(30) -WHI- has begun.
    Wendel Manderly(555) hit Quentyn Qorgyle(650) 168.
    Quentyn Qorgyle(482) hit Wendel Manderly(555) 120.
    ****
    Wendel Manderly(435) took 30 damage as DOT.
    Quentyn Qorgyle(482) took 20 damage as DOT.
    Wendel Manderly(405) hit Quentyn Qorgyle(462) 168.
    Quentyn Qorgyle(294) hit Wendel Manderly(405) 120.
    ****
    Wendel Manderly(285) took 60 damage as DOT.
    Quentyn Qorgyle(294) took 40 damage as DOT.
    Wendel Manderly(225) hit Quentyn Qorgyle(254) 168.
    Quentyn Qorgyle(86) hit Wendel Manderly(225) 120.
    ****
    Wendel Manderly(105) took 90 damage as DOT.
    Quentyn Qorgyle(86) took 60 damage as DOT.
    Wendel Manderly(15) hit Quentyn Qorgyle(26) 168.
    Quentyn Qorgyle(-142) hit Wendel Manderly(15) 120.
    ****
    Both of them are dead. A draw.
  Duel between Karstarks(33) -WIL- and Allyrions(30) -WHI- has begun.
    Rickard Karstark(455) hit Daemon Sand(600) 188.
    Daemon Sand(412) hit Rickard Karstark(455) 120.
    ****
    Rickard Karstark(335) took 30 damage as DOT.
    Daemon Sand(412) took 25 damage as DOT.
    Rickard Karstark(305) hit Daemon Sand(387) 188.
    Daemon Sand(199) hit Rickard Karstark(305) 120.
    ****
    Rickard Karstark(185) took 60 damage as DOT.
    Daemon Sand(199) took 50 damage as DOT.
    Rickard Karstark(125) hit Daemon Sand(149) 188.
    Daemon Sand(-39) hit Rickard Karstark(125) 120.
    ****
    Rickard Karstark(5) has won.
  Duel between House Stark(50) -WIZ- and House Martell(45) -WIL- has begun.
    Brandon Stark(505) hit Trystane Martell(475) 175.
    Trystane Martell(300) hit Brandon Stark(505) 155.
    ****
    Brandon Stark(350) took 25 damage as DOT.
    Trystane Martell(300) took 20 damage as DOT.
    Brandon Stark(325) hit Trystane Martell(280) 175.
    Trystane Martell(105) hit Brandon Stark(325) 155.
    ****
    Brandon Stark(170) took 50 damage as DOT.
    Trystane Martell(105) took 40 damage as DOT.
    Brandon Stark(120) hit Trystane Martell(65) 175.
    Trystane Martell(-110) hit Brandon Stark(120) 155.
    ****
    Both of them are dead. A draw.
  The North got 2 house points. Dorne got 0 house points.

The winner is: The North with currently 2 kingdom points.
---------------
The War is over. The new owner of King's Landing is The North with a total of 2 points.

