War has started with 3 kingdoms.
---------------
Duel 1: The Vale of Arryn vs The Reach
  Duel between Tolletts(30) -WIZ- and Fossoways(30) -WIZ- has begun.
    Eddison Tollett(505) hit Lord Fossoway(560) 170.
    Lord Fossoway(390) hit Eddison Tollett(505) 125.
    ****
    Eddison Tollett(380) took 20 damage as DOT.
    Lord Fossoway(390) took 20 damage as DOT.
    Eddison Tollett(360) hit Lord Fossoway(370) 170.
    Lord Fossoway(200) hit Eddison Tollett(360) 125.
    ****
    Eddison Tollett(235) took 40 damage as DOT.
    Lord Fossoway(200) took 40 damage as DOT.
    Eddison Tollett(195) hit Lord Fossoway(160) 170.
    Lord Fossoway(-10) hit Eddison Tollett(195) 125.
    ****
    Eddison Tollett(70) has won.
  Duel between Hunters(30) -WIZ- and Beesburys(30) -WIL- has begun.
    Eon Hunter(505) hit Lyman Beesbury(535) 170.
    Lyman Beesbury(365) hit Eon Hunter(505) 155.
    ****
    Eon Hunter(350) took 25 damage as DOT.
    Lyman Beesbury(365) took 20 damage as DOT.
    Eon Hunter(325) hit Lyman Beesbury(345) 170.
    Lyman Beesbury(175) hit Eon Hunter(325) 155.
    ****
    Eon Hunter(170) took 50 damage as DOT.
    Lyman Beesbury(175) took 40 damage as DOT.
    Eon Hunter(120) hit Lyman Beesbury(135) 170.
    Lyman Beesbury(-35) hit Eon Hunter(120) 155.
    ****
    Both of them are dead. A draw.
  Duel between Moores(30) -WIZ- and Leygoods(30) -WIZ- has begun.
    Mandon Moore(555) hit Lord Leygood(585) 165.
    Lord Leygood(420) hit Mandon Moore(555) 135.
    ****
    Mandon Moore(420) took 20 damage as DOT.
    Lord Leygood(420) took 20 damage as DOT.
    Mandon Moore(400) hit Lord Leygood(400) 165.
    Lord Leygood(235) hit Mandon Moore(400) 135.
    ****
    Mandon Moore(265) took 40 damage as DOT.
    Lord Leygood(235) took 40 damage as DOT.
    Mandon Moore(225) hit Lord Leygood(195) 165.
    Lord Leygood(30) hit Mandon Moore(225) 135.
    ****
    Mandon Moore(90) took 60 damage as DOT.
    Lord Leygood(30) took 60 damage as DOT.
    Mandon Moore(30) hit Lord Leygood(-30) 165.
    Lord Leygood(-195) hit Mandon Moore(30) 135.
    ****
    Both of them are dead. A draw.
  Duel between Tolletts(33) -WIZ- and Beesburys(30) -WIL- has begun.
    Eddison Tollett(505) hit Lyman Beesbury(535) 173.
    Lyman Beesbury(362) hit Eddison Tollett(505) 155.
    ****
    Eddison Tollett(350) took 25 damage as DOT.
    Lyman Beesbury(362) took 20 damage as DOT.
    Eddison Tollett(325) hit Lyman Beesbury(342) 173.
    Lyman Beesbury(169) hit Eddison Tollett(325) 155.
    ****
    Eddison Tollett(170) took 50 damage as DOT.
    Lyman Beesbury(169) took 40 damage as DOT.
    Eddison Tollett(120) hit Lyman Beesbury(129) 173.
    Lyman Beesbury(-44) hit Eddison Tollett(120) 155.
    ****
    Both of them are dead. A draw.
  Duel between Hunters(30) -WIZ- and Leygoods(30) -WIZ- has begun.
    Eon Hunter(505) hit Lord Leygood(585) 170.
    Lord Leygood(415) hit Eon Hunter(505) 135.
    ****
    Eon Hunter(370) took 20 damage as DOT.
    Lord Leygood(415) took 20 damage as DOT.
    Eon Hunter(350) hit Lord Leygood(395) 170.
    Lord Leygood(225) hit Eon Hunter(350) 135.
    ****
    Eon Hunter(215) took 40 damage as DOT.
    Lord Leygood(225) took 40 damage as DOT.
    Eon Hunter(175) hit Lord Leygood(185) 170.
    Lord Leygood(15) hit Eon Hunter(175) 135.
    ****
    Eon Hunter(40) took 60 damage as DOT.
    Lord Leygood(15) took 60 damage as DOT.
    Eon Hunter(-20) hit Lord Leygood(-45) 170.
    Lord Leygood(-215) hit Eon Hunter(-20) 135.
    ****
    Both of them are dead. A draw.
  Duel between Moores(30) -WIZ- and Fossoways(27) -WIZ- has begun.
    Mandon Moore(555) hit Lord Fossoway(560) 165.
    Lord Fossoway(395) hit Mandon Moore(555) 122.
    ****
    Mandon Moore(433) took 20 damage as DOT.
    Lord Fossoway(395) took 20 damage as DOT.
    Mandon Moore(413) hit Lord Fossoway(375) 165.
    Lord Fossoway(210) hit Mandon Moore(413) 122.
    ****
    Mandon Moore(291) took 40 damage as DOT.
    Lord Fossoway(210) took 40 damage as DOT.
    Mandon Moore(251) hit Lord Fossoway(170) 165.
    Lord Fossoway(5) hit Mandon Moore(251) 122.
    ****
    Mandon Moore(129) took 60 damage as DOT.
    Lord Fossoway(5) took 60 damage as DOT.
    Mandon Moore(69) hit Lord Fossoway(-55) 165.
    Lord Fossoway(-220) hit Mandon Moore(69) 122.
    ****
    Both of them are dead. A draw.
  Duel between Tolletts(33) -WIZ- and Leygoods(30) -WIZ- has begun.
    Eddison Tollett(505) hit Lord Leygood(585) 173.
    Lord Leygood(412) hit Eddison Tollett(505) 135.
    ****
    Eddison Tollett(370) took 20 damage as DOT.
    Lord Leygood(412) took 20 damage as DOT.
    Eddison Tollett(350) hit Lord Leygood(392) 173.
    Lord Leygood(219) hit Eddison Tollett(350) 135.
    ****
    Eddison Tollett(215) took 40 damage as DOT.
    Lord Leygood(219) took 40 damage as DOT.
    Eddison Tollett(175) hit Lord Leygood(179) 173.
    Lord Leygood(6) hit Eddison Tollett(175) 135.
    ****
    Eddison Tollett(40) took 60 damage as DOT.
    Lord Leygood(6) took 60 damage as DOT.
    Eddison Tollett(-20) hit Lord Leygood(-54) 173.
    Lord Leygood(-227) hit Eddison Tollett(-20) 135.
    ****
    Both of them are dead. A draw.
  Duel between Hunters(30) -WIZ- and Fossoways(27) -WIZ- has begun.
    Eon Hunter(505) hit Lord Fossoway(560) 170.
    Lord Fossoway(390) hit Eon Hunter(505) 122.
    ****
    Eon Hunter(383) took 20 damage as DOT.
    Lord Fossoway(390) took 20 damage as DOT.
    Eon Hunter(363) hit Lord Fossoway(370) 170.
    Lord Fossoway(200) hit Eon Hunter(363) 122.
    ****
    Eon Hunter(241) took 40 damage as DOT.
    Lord Fossoway(200) took 40 damage as DOT.
    Eon Hunter(201) hit Lord Fossoway(160) 170.
    Lord Fossoway(-10) hit Eon Hunter(201) 122.
    ****
    Eon Hunter(79) has won.
  Duel between Moores(30) -WIZ- and Beesburys(30) -WIL- has begun.
    Mandon Moore(555) hit Lyman Beesbury(535) 165.
    Lyman Beesbury(370) hit Mandon Moore(555) 155.
    ****
    Mandon Moore(400) took 25 damage as DOT.
    Lyman Beesbury(370) took 20 damage as DOT.
    Mandon Moore(375) hit Lyman Beesbury(350) 165.
    Lyman Beesbury(185) hit Mandon Moore(375) 155.
    ****
    Mandon Moore(220) took 50 damage as DOT.
    Lyman Beesbury(185) took 40 damage as DOT.
    Mandon Moore(170) hit Lyman Beesbury(145) 165.
    Lyman Beesbury(-20) hit Mandon Moore(170) 155.
    ****
    Mandon Moore(15) has won.
  Duel between House Arryn(50) -WIL- and House Lannister(50) -WHI- has begun.
    Petry Baelish(480) hit Mace Tyrell(710) 200.
    Mace Tyrell(510) hit Petry Baelish(480) 150.
    ****
    Petry Baelish(330) took 30 damage as DOT.
    Mace Tyrell(510) took 25 damage as DOT.
    Petry Baelish(300) hit Mace Tyrell(485) 200.
    Mace Tyrell(285) hit Petry Baelish(300) 150.
    ****
    Petry Baelish(150) took 60 damage as DOT.
    Mace Tyrell(285) took 50 damage as DOT.
    Petry Baelish(90) hit Mace Tyrell(235) 200.
    Mace Tyrell(35) hit Petry Baelish(90) 150.
    ****
    Mace Tyrell(35) has won.
  The Vale of Arryn got 3 house points. The Reach got 3 house points.

A draw.
---------------
---------------
Duel 2: The Reach vs The North
  Duel between Fossoways(24) -WIZ- and Hornwoods(30) -WIL- has begun.
    Lord Fossoway(560) hit Halys Hornwood(560) 119.
    Halys Hornwood(441) hit Lord Fossoway(560) 155.
    ****
    Lord Fossoway(405) took 25 damage as DOT.
    Halys Hornwood(441) took 20 damage as DOT.
    Lord Fossoway(380) hit Halys Hornwood(421) 119.
    Halys Hornwood(302) hit Lord Fossoway(380) 155.
    ****
    Lord Fossoway(225) took 50 damage as DOT.
    Halys Hornwood(302) took 40 damage as DOT.
    Lord Fossoway(175) hit Halys Hornwood(262) 119.
    Halys Hornwood(143) hit Lord Fossoway(175) 155.
    ****
    Lord Fossoway(20) took 75 damage as DOT.
    Halys Hornwood(143) took 60 damage as DOT.
    Lord Fossoway(-55) hit Halys Hornwood(83) 119.
    Halys Hornwood(-36) hit Lord Fossoway(-55) 155.
    ****
    Both of them are dead. A draw.
  Duel between Beesburys(27) -WIL- and Dustins(30) -WIZ- has begun.
    Lyman Beesbury(535) hit Barbrey Ryswell(535) 152.
    Barbrey Ryswell(383) hit Lyman Beesbury(535) 135.
    ****
    Lyman Beesbury(400) took 20 damage as DOT.
    Barbrey Ryswell(383) took 25 damage as DOT.
    Lyman Beesbury(380) hit Barbrey Ryswell(358) 152.
    Barbrey Ryswell(206) hit Lyman Beesbury(380) 135.
    ****
    Lyman Beesbury(245) took 40 damage as DOT.
    Barbrey Ryswell(206) took 50 damage as DOT.
    Lyman Beesbury(205) hit Barbrey Ryswell(156) 152.
    Barbrey Ryswell(4) hit Lyman Beesbury(205) 135.
    ****
    Lyman Beesbury(70) took 60 damage as DOT.
    Barbrey Ryswell(4) took 75 damage as DOT.
    Lyman Beesbury(10) hit Barbrey Ryswell(-71) 152.
    Barbrey Ryswell(-223) hit Lyman Beesbury(10) 135.
    ****
    Both of them are dead. A draw.
  Duel between Leygoods(30) -WIZ- and Dormunds(30) -WHI- has begun.
    Lord Leygood(585) hit Marlin Dormund(685) 135.
    Marlin Dormund(550) hit Lord Leygood(585) 130.
    ****
    Lord Leygood(455) took 30 damage as DOT.
    Marlin Dormund(550) took 20 damage as DOT.
    Lord Leygood(425) hit Marlin Dormund(530) 135.
    Marlin Dormund(395) hit Lord Leygood(425) 130.
    ****
    Lord Leygood(295) took 60 damage as DOT.
    Marlin Dormund(395) took 40 damage as DOT.
    Lord Leygood(235) hit Marlin Dormund(355) 135.
    Marlin Dormund(220) hit Lord Leygood(235) 130.
    ****
    Lord Leygood(105) took 90 damage as DOT.
    Marlin Dormund(220) took 60 damage as DOT.
    Lord Leygood(15) hit Marlin Dormund(160) 135.
    Marlin Dormund(25) hit Lord Leygood(15) 130.
    ****
    Marlin Dormund(25) has won.
  Duel between Fossoways(24) -WIZ- and Dustins(30) -WIZ- has begun.
    Lord Fossoway(560) hit Barbrey Ryswell(535) 119.
    Barbrey Ryswell(416) hit Lord Fossoway(560) 135.
    ****
    Lord Fossoway(425) took 20 damage as DOT.
    Barbrey Ryswell(416) took 20 damage as DOT.
    Lord Fossoway(405) hit Barbrey Ryswell(396) 119.
    Barbrey Ryswell(277) hit Lord Fossoway(405) 135.
    ****
    Lord Fossoway(270) took 40 damage as DOT.
    Barbrey Ryswell(277) took 40 damage as DOT.
    Lord Fossoway(230) hit Barbrey Ryswell(237) 119.
    Barbrey Ryswell(118) hit Lord Fossoway(230) 135.
    ****
    Lord Fossoway(95) took 60 damage as DOT.
    Barbrey Ryswell(118) took 60 damage as DOT.
    Lord Fossoway(35) hit Barbrey Ryswell(58) 119.
    Barbrey Ryswell(-61) hit Lord Fossoway(35) 135.
    ****
    Both of them are dead. A draw.
  Duel between Beesburys(27) -WIL- and Dormunds(33) -WHI- has begun.
    Lyman Beesbury(535) hit Marlin Dormund(685) 152.
    Marlin Dormund(533) hit Lyman Beesbury(535) 133.
    ****
    Lyman Beesbury(402) took 30 damage as DOT.
    Marlin Dormund(533) took 25 damage as DOT.
    Lyman Beesbury(372) hit Marlin Dormund(508) 152.
    Marlin Dormund(356) hit Lyman Beesbury(372) 133.
    ****
    Lyman Beesbury(239) took 60 damage as DOT.
    Marlin Dormund(356) took 50 damage as DOT.
    Lyman Beesbury(179) hit Marlin Dormund(306) 152.
    Marlin Dormund(154) hit Lyman Beesbury(179) 133.
    ****
    Lyman Beesbury(46) took 90 damage as DOT.
    Marlin Dormund(154) took 75 damage as DOT.
    Lyman Beesbury(-44) hit Marlin Dormund(79) 152.
    Marlin Dormund(-73) hit Lyman Beesbury(-44) 133.
    ****
    Both of them are dead. A draw.
  Duel between Leygoods(27) -WIZ- and Hornwoods(30) -WIL- has begun.
    Lord Leygood(585) hit Halys Hornwood(560) 132.
    Halys Hornwood(428) hit Lord Leygood(585) 155.
    ****
    Lord Leygood(430) took 25 damage as DOT.
    Halys Hornwood(428) took 20 damage as DOT.
    Lord Leygood(405) hit Halys Hornwood(408) 132.
    Halys Hornwood(276) hit Lord Leygood(405) 155.
    ****
    Lord Leygood(250) took 50 damage as DOT.
    Halys Hornwood(276) took 40 damage as DOT.
    Lord Leygood(200) hit Halys Hornwood(236) 132.
    Halys Hornwood(104) hit Lord Leygood(200) 155.
    ****
    Lord Leygood(45) took 75 damage as DOT.
    Halys Hornwood(104) took 60 damage as DOT.
    Lord Leygood(-30) hit Halys Hornwood(44) 132.
    Halys Hornwood(-88) hit Lord Leygood(-30) 155.
    ****
    Both of them are dead. A draw.
  Duel between Fossoways(24) -WIZ- and Dormunds(33) -WHI- has begun.
    Lord Fossoway(560) hit Marlin Dormund(685) 119.
    Marlin Dormund(566) hit Lord Fossoway(560) 133.
    ****
    Lord Fossoway(427) took 30 damage as DOT.
    Marlin Dormund(566) took 20 damage as DOT.
    Lord Fossoway(397) hit Marlin Dormund(546) 119.
    Marlin Dormund(427) hit Lord Fossoway(397) 133.
    ****
    Lord Fossoway(264) took 60 damage as DOT.
    Marlin Dormund(427) took 40 damage as DOT.
    Lord Fossoway(204) hit Marlin Dormund(387) 119.
    Marlin Dormund(268) hit Lord Fossoway(204) 133.
    ****
    Lord Fossoway(71) took 90 damage as DOT.
    Marlin Dormund(268) took 60 damage as DOT.
    Lord Fossoway(-19) hit Marlin Dormund(208) 119.
    Marlin Dormund(89) hit Lord Fossoway(-19) 133.
    ****
    Marlin Dormund(89) has won.
  Duel between Beesburys(27) -WIL- and Hornwoods(30) -WIL- has begun.
    Lyman Beesbury(535) hit Halys Hornwood(560) 152.
    Halys Hornwood(408) hit Lyman Beesbury(535) 155.
    ****
    Lyman Beesbury(380) took 25 damage as DOT.
    Halys Hornwood(408) took 25 damage as DOT.
    Lyman Beesbury(355) hit Halys Hornwood(383) 152.
    Halys Hornwood(231) hit Lyman Beesbury(355) 155.
    ****
    Lyman Beesbury(200) took 50 damage as DOT.
    Halys Hornwood(231) took 50 damage as DOT.
    Lyman Beesbury(150) hit Halys Hornwood(181) 152.
    Halys Hornwood(29) hit Lyman Beesbury(150) 155.
    ****
    Halys Hornwood(29) has won.
  Duel between Leygoods(27) -WIZ- and Dustins(30) -WIZ- has begun.
    Lord Leygood(585) hit Barbrey Ryswell(535) 132.
    Barbrey Ryswell(403) hit Lord Leygood(585) 135.
    ****
    Lord Leygood(450) took 20 damage as DOT.
    Barbrey Ryswell(403) took 20 damage as DOT.
    Lord Leygood(430) hit Barbrey Ryswell(383) 132.
    Barbrey Ryswell(251) hit Lord Leygood(430) 135.
    ****
    Lord Leygood(295) took 40 damage as DOT.
    Barbrey Ryswell(251) took 40 damage as DOT.
    Lord Leygood(255) hit Barbrey Ryswell(211) 132.
    Barbrey Ryswell(79) hit Lord Leygood(255) 135.
    ****
    Lord Leygood(120) took 60 damage as DOT.
    Barbrey Ryswell(79) took 60 damage as DOT.
    Lord Leygood(60) hit Barbrey Ryswell(19) 132.
    Barbrey Ryswell(-113) hit Lord Leygood(60) 135.
    ****
    Both of them are dead. A draw.
  Duel between House Lannister(55) -WHI- and House Stark(50) -WIL- has begun.
    Mace Tyrell(710) hit Ned Stark(510) 155.
    Ned Stark(355) hit Mace Tyrell(710) 175.
    ****
    Mace Tyrell(535) took 25 damage as DOT.
    Ned Stark(355) took 30 damage as DOT.
    Mace Tyrell(510) hit Ned Stark(325) 155.
    Ned Stark(170) hit Mace Tyrell(510) 175.
    ****
    Mace Tyrell(335) took 50 damage as DOT.
    Ned Stark(170) took 60 damage as DOT.
    Mace Tyrell(285) hit Ned Stark(110) 155.
    Ned Stark(-45) hit Mace Tyrell(285) 175.
    ****
    Mace Tyrell(110) has won.
  The Reach got 3 house points. The North got 3 house points.

A draw.
---------------
---------------
Duel 3: The Vale of Arryn vs The North
  Duel between Tolletts(33) -WIZ- and Hornwoods(33) -WIL- has begun.
    Eddison Tollett(505) hit Halys Hornwood(560) 173.
    Halys Hornwood(387) hit Eddison Tollett(505) 158.
    ****
    Eddison Tollett(347) took 25 damage as DOT.
    Halys Hornwood(387) took 20 damage as DOT.
    Eddison Tollett(322) hit Halys Hornwood(367) 173.
    Halys Hornwood(194) hit Eddison Tollett(322) 158.
    ****
    Eddison Tollett(164) took 50 damage as DOT.
    Halys Hornwood(194) took 40 damage as DOT.
    Eddison Tollett(114) hit Halys Hornwood(154) 173.
    Halys Hornwood(-19) hit Eddison Tollett(114) 158.
    ****
    Both of them are dead. A draw.
  Duel between Hunters(33) -WIZ- and Dustins(30) -WIZ- has begun.
    Eon Hunter(505) hit Barbrey Ryswell(535) 173.
    Barbrey Ryswell(362) hit Eon Hunter(505) 135.
    ****
    Eon Hunter(370) took 20 damage as DOT.
    Barbrey Ryswell(362) took 20 damage as DOT.
    Eon Hunter(350) hit Barbrey Ryswell(342) 173.
    Barbrey Ryswell(169) hit Eon Hunter(350) 135.
    ****
    Eon Hunter(215) took 40 damage as DOT.
    Barbrey Ryswell(169) took 40 damage as DOT.
    Eon Hunter(175) hit Barbrey Ryswell(129) 173.
    Barbrey Ryswell(-44) hit Eon Hunter(175) 135.
    ****
    Eon Hunter(40) has won.
  Duel between Moores(33) -WIZ- and Dormunds(36) -WHI- has begun.
    Mandon Moore(555) hit Marlin Dormund(685) 168.
    Marlin Dormund(517) hit Mandon Moore(555) 136.
    ****
    Mandon Moore(419) took 30 damage as DOT.
    Marlin Dormund(517) took 20 damage as DOT.
    Mandon Moore(389) hit Marlin Dormund(497) 168.
    Marlin Dormund(329) hit Mandon Moore(389) 136.
    ****
    Mandon Moore(253) took 60 damage as DOT.
    Marlin Dormund(329) took 40 damage as DOT.
    Mandon Moore(193) hit Marlin Dormund(289) 168.
    Marlin Dormund(121) hit Mandon Moore(193) 136.
    ****
    Mandon Moore(57) took 90 damage as DOT.
    Marlin Dormund(121) took 60 damage as DOT.
    Mandon Moore(-33) hit Marlin Dormund(61) 168.
    Marlin Dormund(-107) hit Mandon Moore(-33) 136.
    ****
    Both of them are dead. A draw.
  Duel between Tolletts(33) -WIZ- and Dustins(27) -WIZ- has begun.
    Eddison Tollett(505) hit Barbrey Ryswell(535) 173.
    Barbrey Ryswell(362) hit Eddison Tollett(505) 132.
    ****
    Eddison Tollett(373) took 20 damage as DOT.
    Barbrey Ryswell(362) took 20 damage as DOT.
    Eddison Tollett(353) hit Barbrey Ryswell(342) 173.
    Barbrey Ryswell(169) hit Eddison Tollett(353) 132.
    ****
    Eddison Tollett(221) took 40 damage as DOT.
    Barbrey Ryswell(169) took 40 damage as DOT.
    Eddison Tollett(181) hit Barbrey Ryswell(129) 173.
    Barbrey Ryswell(-44) hit Eddison Tollett(181) 132.
    ****
    Eddison Tollett(49) has won.
  Duel between Hunters(36) -WIZ- and Dormunds(36) -WHI- has begun.
    Eon Hunter(505) hit Marlin Dormund(685) 176.
    Marlin Dormund(509) hit Eon Hunter(505) 136.
    ****
    Eon Hunter(369) took 30 damage as DOT.
    Marlin Dormund(509) took 20 damage as DOT.
    Eon Hunter(339) hit Marlin Dormund(489) 176.
    Marlin Dormund(313) hit Eon Hunter(339) 136.
    ****
    Eon Hunter(203) took 60 damage as DOT.
    Marlin Dormund(313) took 40 damage as DOT.
    Eon Hunter(143) hit Marlin Dormund(273) 176.
    Marlin Dormund(97) hit Eon Hunter(143) 136.
    ****
    Eon Hunter(7) took 90 damage as DOT.
    Marlin Dormund(97) took 60 damage as DOT.
    Eon Hunter(-83) hit Marlin Dormund(37) 176.
    Marlin Dormund(-139) hit Eon Hunter(-83) 136.
    ****
    Both of them are dead. A draw.
  Duel between Moores(33) -WIZ- and Hornwoods(33) -WIL- has begun.
    Mandon Moore(555) hit Halys Hornwood(560) 168.
    Halys Hornwood(392) hit Mandon Moore(555) 158.
    ****
    Mandon Moore(397) took 25 damage as DOT.
    Halys Hornwood(392) took 20 damage as DOT.
    Mandon Moore(372) hit Halys Hornwood(372) 168.
    Halys Hornwood(204) hit Mandon Moore(372) 158.
    ****
    Mandon Moore(214) took 50 damage as DOT.
    Halys Hornwood(204) took 40 damage as DOT.
    Mandon Moore(164) hit Halys Hornwood(164) 168.
    Halys Hornwood(-4) hit Mandon Moore(164) 158.
    ****
    Mandon Moore(6) has won.
  Duel between Tolletts(36) -WIZ- and Dormunds(36) -WHI- has begun.
    Eddison Tollett(505) hit Marlin Dormund(685) 176.
    Marlin Dormund(509) hit Eddison Tollett(505) 136.
    ****
    Eddison Tollett(369) took 30 damage as DOT.
    Marlin Dormund(509) took 20 damage as DOT.
    Eddison Tollett(339) hit Marlin Dormund(489) 176.
    Marlin Dormund(313) hit Eddison Tollett(339) 136.
    ****
    Eddison Tollett(203) took 60 damage as DOT.
    Marlin Dormund(313) took 40 damage as DOT.
    Eddison Tollett(143) hit Marlin Dormund(273) 176.
    Marlin Dormund(97) hit Eddison Tollett(143) 136.
    ****
    Eddison Tollett(7) took 90 damage as DOT.
    Marlin Dormund(97) took 60 damage as DOT.
    Eddison Tollett(-83) hit Marlin Dormund(37) 176.
    Marlin Dormund(-139) hit Eddison Tollett(-83) 136.
    ****
    Both of them are dead. A draw.
  Duel between Hunters(36) -WIZ- and Hornwoods(30) -WIL- has begun.
    Eon Hunter(505) hit Halys Hornwood(560) 176.
    Halys Hornwood(384) hit Eon Hunter(505) 155.
    ****
    Eon Hunter(350) took 25 damage as DOT.
    Halys Hornwood(384) took 20 damage as DOT.
    Eon Hunter(325) hit Halys Hornwood(364) 176.
    Halys Hornwood(188) hit Eon Hunter(325) 155.
    ****
    Eon Hunter(170) took 50 damage as DOT.
    Halys Hornwood(188) took 40 damage as DOT.
    Eon Hunter(120) hit Halys Hornwood(148) 176.
    Halys Hornwood(-28) hit Eon Hunter(120) 155.
    ****
    Both of them are dead. A draw.
  Duel between Moores(36) -WIZ- and Dustins(24) -WIZ- has begun.
    Mandon Moore(555) hit Barbrey Ryswell(535) 171.
    Barbrey Ryswell(364) hit Mandon Moore(555) 129.
    ****
    Mandon Moore(426) took 20 damage as DOT.
    Barbrey Ryswell(364) took 20 damage as DOT.
    Mandon Moore(406) hit Barbrey Ryswell(344) 171.
    Barbrey Ryswell(173) hit Mandon Moore(406) 129.
    ****
    Mandon Moore(277) took 40 damage as DOT.
    Barbrey Ryswell(173) took 40 damage as DOT.
    Mandon Moore(237) hit Barbrey Ryswell(133) 171.
    Barbrey Ryswell(-38) hit Mandon Moore(237) 129.
    ****
    Mandon Moore(108) has won.
  Duel between House Arryn(45) -WIL- and House Stark(45) -WIL- has begun.
    Petry Baelish(480) hit Ned Stark(510) 195.
    Ned Stark(315) hit Petry Baelish(480) 170.
    ****
    Petry Baelish(310) took 25 damage as DOT.
    Ned Stark(315) took 25 damage as DOT.
    Petry Baelish(285) hit Ned Stark(290) 195.
    Ned Stark(95) hit Petry Baelish(285) 170.
    ****
    Petry Baelish(115) took 50 damage as DOT.
    Ned Stark(95) took 50 damage as DOT.
    Petry Baelish(65) hit Ned Stark(45) 195.
    Ned Stark(-150) hit Petry Baelish(65) 170.
    ****
    Both of them are dead. A draw.
  The Vale of Arryn got 4 house points. The North got 0 house points.

The winner is: The Vale of Arryn with currently 2 kingdom points.
---------------
The War is over. The new owners of King's Landing are The Vale of Arryn, and The Reach.

