War has started with 3 kingdoms.
---------------
Duel 1: The Stormlands vs The Reach
  Duel between Trants(30) -WIZ- and Ashfords(30) -WHI- has begun.
    Meryn Trant(483) hit Lord Ashford(710) 153.
    Lord Ashford(557) hit Meryn Trant(483) 130.
    ****
    Meryn Trant(353) took 30 damage as DOT.
    Lord Ashford(557) took 20 damage as DOT.
    Meryn Trant(323) hit Lord Ashford(537) 153.
    Lord Ashford(384) hit Meryn Trant(323) 130.
    ****
    Meryn Trant(193) took 60 damage as DOT.
    Lord Ashford(384) took 40 damage as DOT.
    Meryn Trant(133) hit Lord Ashford(344) 153.
    Lord Ashford(191) hit Meryn Trant(133) 130.
    ****
    Meryn Trant(3) took 90 damage as DOT.
    Lord Ashford(191) took 60 damage as DOT.
    Meryn Trant(-87) hit Lord Ashford(131) 153.
    Lord Ashford(-22) hit Meryn Trant(-87) 130.
    ****
    Both of them are dead. A draw.
  Duel between Tarths(30) -WIL- and Beesburys(30) -WHI- has begun.
    Brienne Tarth(458) hit Lyman Beesbury(710) 173.
    Lyman Beesbury(537) hit Brienne Tarth(458) 130.
    ****
    Brienne Tarth(328) took 30 damage as DOT.
    Lyman Beesbury(537) took 25 damage as DOT.
    Brienne Tarth(298) hit Lyman Beesbury(512) 173.
    Lyman Beesbury(339) hit Brienne Tarth(298) 130.
    ****
    Brienne Tarth(168) took 60 damage as DOT.
    Lyman Beesbury(339) took 50 damage as DOT.
    Brienne Tarth(108) hit Lyman Beesbury(289) 173.
    Lyman Beesbury(116) hit Brienne Tarth(108) 130.
    ****
    Lyman Beesbury(116) has won.
  Duel between Grandisons(30) -WIL- and Bulwers(30) -WIL- has begun.
    Hugh Grandison(483) hit Jack Bulwer(510) 173.
    Jack Bulwer(337) hit Hugh Grandison(483) 150.
    ****
    Hugh Grandison(333) took 25 damage as DOT.
    Jack Bulwer(337) took 25 damage as DOT.
    Hugh Grandison(308) hit Jack Bulwer(312) 173.
    Jack Bulwer(139) hit Hugh Grandison(308) 150.
    ****
    Hugh Grandison(158) took 50 damage as DOT.
    Jack Bulwer(139) took 50 damage as DOT.
    Hugh Grandison(108) hit Jack Bulwer(89) 173.
    Jack Bulwer(-84) hit Hugh Grandison(108) 150.
    ****
    Both of them are dead. A draw.
  Duel between Trants(30) -WIZ- and Beesburys(33) -WHI- has begun.
    Meryn Trant(483) hit Lyman Beesbury(710) 153.
    Lyman Beesbury(557) hit Meryn Trant(483) 133.
    ****
    Meryn Trant(350) took 30 damage as DOT.
    Lyman Beesbury(557) took 20 damage as DOT.
    Meryn Trant(320) hit Lyman Beesbury(537) 153.
    Lyman Beesbury(384) hit Meryn Trant(320) 133.
    ****
    Meryn Trant(187) took 60 damage as DOT.
    Lyman Beesbury(384) took 40 damage as DOT.
    Meryn Trant(127) hit Lyman Beesbury(344) 153.
    Lyman Beesbury(191) hit Meryn Trant(127) 133.
    ****
    Lyman Beesbury(191) has won.
  Duel between Tarths(27) -WIL- and Bulwers(30) -WIL- has begun.
    Brienne Tarth(458) hit Jack Bulwer(510) 170.
    Jack Bulwer(340) hit Brienne Tarth(458) 150.
    ****
    Brienne Tarth(308) took 25 damage as DOT.
    Jack Bulwer(340) took 25 damage as DOT.
    Brienne Tarth(283) hit Jack Bulwer(315) 170.
    Jack Bulwer(145) hit Brienne Tarth(283) 150.
    ****
    Brienne Tarth(133) took 50 damage as DOT.
    Jack Bulwer(145) took 50 damage as DOT.
    Brienne Tarth(83) hit Jack Bulwer(95) 170.
    Jack Bulwer(-75) hit Brienne Tarth(83) 150.
    ****
    Both of them are dead. A draw.
  Duel between Grandisons(30) -WIL- and Ashfords(30) -WHI- has begun.
    Hugh Grandison(483) hit Lord Ashford(710) 173.
    Lord Ashford(537) hit Hugh Grandison(483) 130.
    ****
    Hugh Grandison(353) took 30 damage as DOT.
    Lord Ashford(537) took 25 damage as DOT.
    Hugh Grandison(323) hit Lord Ashford(512) 173.
    Lord Ashford(339) hit Hugh Grandison(323) 130.
    ****
    Hugh Grandison(193) took 60 damage as DOT.
    Lord Ashford(339) took 50 damage as DOT.
    Hugh Grandison(133) hit Lord Ashford(289) 173.
    Lord Ashford(116) hit Hugh Grandison(133) 130.
    ****
    Hugh Grandison(3) took 90 damage as DOT.
    Lord Ashford(116) took 75 damage as DOT.
    Hugh Grandison(-87) hit Lord Ashford(41) 173.
    Lord Ashford(-132) hit Hugh Grandison(-87) 130.
    ****
    Both of them are dead. A draw.
  Duel between Trants(27) -WIZ- and Bulwers(30) -WIL- has begun.
    Meryn Trant(483) hit Jack Bulwer(510) 150.
    Jack Bulwer(360) hit Meryn Trant(483) 150.
    ****
    Meryn Trant(333) took 25 damage as DOT.
    Jack Bulwer(360) took 20 damage as DOT.
    Meryn Trant(308) hit Jack Bulwer(340) 150.
    Jack Bulwer(190) hit Meryn Trant(308) 150.
    ****
    Meryn Trant(158) took 50 damage as DOT.
    Jack Bulwer(190) took 40 damage as DOT.
    Meryn Trant(108) hit Jack Bulwer(150) 150.
    Jack Bulwer(0) hit Meryn Trant(108) 150.
    ****
    Both of them are dead. A draw.
  Duel between Tarths(27) -WIL- and Ashfords(30) -WHI- has begun.
    Brienne Tarth(458) hit Lord Ashford(710) 170.
    Lord Ashford(540) hit Brienne Tarth(458) 130.
    ****
    Brienne Tarth(328) took 30 damage as DOT.
    Lord Ashford(540) took 25 damage as DOT.
    Brienne Tarth(298) hit Lord Ashford(515) 170.
    Lord Ashford(345) hit Brienne Tarth(298) 130.
    ****
    Brienne Tarth(168) took 60 damage as DOT.
    Lord Ashford(345) took 50 damage as DOT.
    Brienne Tarth(108) hit Lord Ashford(295) 170.
    Lord Ashford(125) hit Brienne Tarth(108) 130.
    ****
    Lord Ashford(125) has won.
  Duel between Grandisons(30) -WIL- and Beesburys(36) -WHI- has begun.
    Hugh Grandison(483) hit Lyman Beesbury(710) 173.
    Lyman Beesbury(537) hit Hugh Grandison(483) 136.
    ****
    Hugh Grandison(347) took 30 damage as DOT.
    Lyman Beesbury(537) took 25 damage as DOT.
    Hugh Grandison(317) hit Lyman Beesbury(512) 173.
    Lyman Beesbury(339) hit Hugh Grandison(317) 136.
    ****
    Hugh Grandison(181) took 60 damage as DOT.
    Lyman Beesbury(339) took 50 damage as DOT.
    Hugh Grandison(121) hit Lyman Beesbury(289) 173.
    Lyman Beesbury(116) hit Hugh Grandison(121) 136.
    ****
    Lyman Beesbury(116) has won.
  Duel between House Tyrell(50) -WIL- and House Lannister(50) -WIL- has begun.
    Renly Baratheon(508) hit Mace Tyrell(535) 193.
    Mace Tyrell(342) hit Renly Baratheon(508) 170.
    ****
    Renly Baratheon(338) took 25 damage as DOT.
    Mace Tyrell(342) took 25 damage as DOT.
    Renly Baratheon(313) hit Mace Tyrell(317) 193.
    Mace Tyrell(124) hit Renly Baratheon(313) 170.
    ****
    Renly Baratheon(143) took 50 damage as DOT.
    Mace Tyrell(124) took 50 damage as DOT.
    Renly Baratheon(93) hit Mace Tyrell(74) 193.
    Mace Tyrell(-119) hit Renly Baratheon(93) 170.
    ****
    Both of them are dead. A draw.
  The Stormlands got 0 house points. The Reach got 4 house points.

The winner is: The Reach with currently 1 kingdom points.
---------------
---------------
Duel 2: The Reach vs The Iron Islands
  Duel between Ashfords(33) -WHI- and Blacktydes(30) -WHI- has begun.
    Lord Ashford(710) hit Baelor Blacktyde(675) 133.
    Baelor Blacktyde(542) hit Lord Ashford(710) 120.
    ****
    Lord Ashford(590) took 30 damage as DOT.
    Baelor Blacktyde(542) took 30 damage as DOT.
    Lord Ashford(560) hit Baelor Blacktyde(512) 133.
    Baelor Blacktyde(379) hit Lord Ashford(560) 120.
    ****
    Lord Ashford(440) took 60 damage as DOT.
    Baelor Blacktyde(379) took 60 damage as DOT.
    Lord Ashford(380) hit Baelor Blacktyde(319) 133.
    Baelor Blacktyde(186) hit Lord Ashford(380) 120.
    ****
    Lord Ashford(260) took 90 damage as DOT.
    Baelor Blacktyde(186) took 90 damage as DOT.
    Lord Ashford(170) hit Baelor Blacktyde(96) 133.
    Baelor Blacktyde(-37) hit Lord Ashford(170) 120.
    ****
    Lord Ashford(50) has won.
  Duel between Beesburys(39) -WHI- and Merlyns(30) -WIZ- has begun.
    Lyman Beesbury(710) hit Meldred Merlyn(475) 139.
    Meldred Merlyn(336) hit Lyman Beesbury(710) 120.
    ****
    Lyman Beesbury(590) took 20 damage as DOT.
    Meldred Merlyn(336) took 30 damage as DOT.
    Lyman Beesbury(570) hit Meldred Merlyn(306) 139.
    Meldred Merlyn(167) hit Lyman Beesbury(570) 120.
    ****
    Lyman Beesbury(450) took 40 damage as DOT.
    Meldred Merlyn(167) took 60 damage as DOT.
    Lyman Beesbury(410) hit Meldred Merlyn(107) 139.
    Meldred Merlyn(-32) hit Lyman Beesbury(410) 120.
    ****
    Lyman Beesbury(290) has won.
  Duel between Bulwers(30) -WIL- and Harlaws(30) -WIZ- has begun.
    Jack Bulwer(510) hit Alannys Harlaw(450) 150.
    Alannys Harlaw(300) hit Jack Bulwer(510) 120.
    ****
    Jack Bulwer(390) took 20 damage as DOT.
    Alannys Harlaw(300) took 25 damage as DOT.
    Jack Bulwer(370) hit Alannys Harlaw(275) 150.
    Alannys Harlaw(125) hit Jack Bulwer(370) 120.
    ****
    Jack Bulwer(250) took 40 damage as DOT.
    Alannys Harlaw(125) took 50 damage as DOT.
    Jack Bulwer(210) hit Alannys Harlaw(75) 150.
    Alannys Harlaw(-75) hit Jack Bulwer(210) 120.
    ****
    Jack Bulwer(90) has won.
  Duel between Ashfords(36) -WHI- and Merlyns(27) -WIZ- has begun.
    Lord Ashford(710) hit Meldred Merlyn(475) 136.
    Meldred Merlyn(339) hit Lord Ashford(710) 117.
    ****
    Lord Ashford(593) took 20 damage as DOT.
    Meldred Merlyn(339) took 30 damage as DOT.
    Lord Ashford(573) hit Meldred Merlyn(309) 136.
    Meldred Merlyn(173) hit Lord Ashford(573) 117.
    ****
    Lord Ashford(456) took 40 damage as DOT.
    Meldred Merlyn(173) took 60 damage as DOT.
    Lord Ashford(416) hit Meldred Merlyn(113) 136.
    Meldred Merlyn(-23) hit Lord Ashford(416) 117.
    ****
    Lord Ashford(299) has won.
  Duel between Beesburys(42) -WHI- and Harlaws(27) -WIZ- has begun.
    Lyman Beesbury(710) hit Alannys Harlaw(450) 142.
    Alannys Harlaw(308) hit Lyman Beesbury(710) 117.
    ****
    Lyman Beesbury(593) took 20 damage as DOT.
    Alannys Harlaw(308) took 30 damage as DOT.
    Lyman Beesbury(573) hit Alannys Harlaw(278) 142.
    Alannys Harlaw(136) hit Lyman Beesbury(573) 117.
    ****
    Lyman Beesbury(456) took 40 damage as DOT.
    Alannys Harlaw(136) took 60 damage as DOT.
    Lyman Beesbury(416) hit Alannys Harlaw(76) 142.
    Alannys Harlaw(-66) hit Lyman Beesbury(416) 117.
    ****
    Lyman Beesbury(299) has won.
  Duel between Bulwers(33) -WIL- and Blacktydes(27) -WHI- has begun.
    Jack Bulwer(510) hit Baelor Blacktyde(675) 153.
    Baelor Blacktyde(522) hit Jack Bulwer(510) 117.
    ****
    Jack Bulwer(393) took 30 damage as DOT.
    Baelor Blacktyde(522) took 25 damage as DOT.
    Jack Bulwer(363) hit Baelor Blacktyde(497) 153.
    Baelor Blacktyde(344) hit Jack Bulwer(363) 117.
    ****
    Jack Bulwer(246) took 60 damage as DOT.
    Baelor Blacktyde(344) took 50 damage as DOT.
    Jack Bulwer(186) hit Baelor Blacktyde(294) 153.
    Baelor Blacktyde(141) hit Jack Bulwer(186) 117.
    ****
    Jack Bulwer(69) took 90 damage as DOT.
    Baelor Blacktyde(141) took 75 damage as DOT.
    Jack Bulwer(-21) hit Baelor Blacktyde(66) 153.
    Baelor Blacktyde(-87) hit Jack Bulwer(-21) 117.
    ****
    Both of them are dead. A draw.
  Duel between Ashfords(39) -WHI- and Harlaws(24) -WIZ- has begun.
    Lord Ashford(710) hit Alannys Harlaw(450) 139.
    Alannys Harlaw(311) hit Lord Ashford(710) 114.
    ****
    Lord Ashford(596) took 20 damage as DOT.
    Alannys Harlaw(311) took 30 damage as DOT.
    Lord Ashford(576) hit Alannys Harlaw(281) 139.
    Alannys Harlaw(142) hit Lord Ashford(576) 114.
    ****
    Lord Ashford(462) took 40 damage as DOT.
    Alannys Harlaw(142) took 60 damage as DOT.
    Lord Ashford(422) hit Alannys Harlaw(82) 139.
    Alannys Harlaw(-57) hit Lord Ashford(422) 114.
    ****
    Lord Ashford(308) has won.
  Duel between Beesburys(45) -WHI- and Blacktydes(27) -WHI- has begun.
    Lyman Beesbury(710) hit Baelor Blacktyde(675) 145.
    Baelor Blacktyde(530) hit Lyman Beesbury(710) 117.
    ****
    Lyman Beesbury(593) took 30 damage as DOT.
    Baelor Blacktyde(530) took 30 damage as DOT.
    Lyman Beesbury(563) hit Baelor Blacktyde(500) 145.
    Baelor Blacktyde(355) hit Lyman Beesbury(563) 117.
    ****
    Lyman Beesbury(446) took 60 damage as DOT.
    Baelor Blacktyde(355) took 60 damage as DOT.
    Lyman Beesbury(386) hit Baelor Blacktyde(295) 145.
    Baelor Blacktyde(150) hit Lyman Beesbury(386) 117.
    ****
    Lyman Beesbury(269) took 90 damage as DOT.
    Baelor Blacktyde(150) took 90 damage as DOT.
    Lyman Beesbury(179) hit Baelor Blacktyde(60) 145.
    Baelor Blacktyde(-85) hit Lyman Beesbury(179) 117.
    ****
    Lyman Beesbury(62) has won.
  Duel between Bulwers(33) -WIL- and Merlyns(24) -WIZ- has begun.
    Jack Bulwer(510) hit Meldred Merlyn(475) 153.
    Meldred Merlyn(322) hit Jack Bulwer(510) 114.
    ****
    Jack Bulwer(396) took 20 damage as DOT.
    Meldred Merlyn(322) took 25 damage as DOT.
    Jack Bulwer(376) hit Meldred Merlyn(297) 153.
    Meldred Merlyn(144) hit Jack Bulwer(376) 114.
    ****
    Jack Bulwer(262) took 40 damage as DOT.
    Meldred Merlyn(144) took 50 damage as DOT.
    Jack Bulwer(222) hit Meldred Merlyn(94) 153.
    Meldred Merlyn(-59) hit Jack Bulwer(222) 114.
    ****
    Jack Bulwer(108) has won.
  Duel between House Lannister(50) -WIL- and House Greyjoy(50) -WHI- has begun.
    Mace Tyrell(535) hit Theon Greyjoy(675) 170.
    Theon Greyjoy(505) hit Mace Tyrell(535) 140.
    ****
    Mace Tyrell(395) took 30 damage as DOT.
    Theon Greyjoy(505) took 25 damage as DOT.
    Mace Tyrell(365) hit Theon Greyjoy(480) 170.
    Theon Greyjoy(310) hit Mace Tyrell(365) 140.
    ****
    Mace Tyrell(225) took 60 damage as DOT.
    Theon Greyjoy(310) took 50 damage as DOT.
    Mace Tyrell(165) hit Theon Greyjoy(260) 170.
    Theon Greyjoy(90) hit Mace Tyrell(165) 140.
    ****
    Mace Tyrell(25) took 90 damage as DOT.
    Theon Greyjoy(90) took 75 damage as DOT.
    Mace Tyrell(-65) hit Theon Greyjoy(15) 170.
    Theon Greyjoy(-155) hit Mace Tyrell(-65) 140.
    ****
    Both of them are dead. A draw.
  The Reach got 8 house points. The Iron Islands got 0 house points.

The winner is: The Reach with currently 2 kingdom points.
---------------
---------------
Duel 3: The Stormlands vs The Iron Islands
  Duel between Trants(27) -WIZ- and Blacktydes(24) -WHI- has begun.
    Meryn Trant(483) hit Baelor Blacktyde(675) 150.
    Baelor Blacktyde(525) hit Meryn Trant(483) 114.
    ****
    Meryn Trant(369) took 30 damage as DOT.
    Baelor Blacktyde(525) took 20 damage as DOT.
    Meryn Trant(339) hit Baelor Blacktyde(505) 150.
    Baelor Blacktyde(355) hit Meryn Trant(339) 114.
    ****
    Meryn Trant(225) took 60 damage as DOT.
    Baelor Blacktyde(355) took 40 damage as DOT.
    Meryn Trant(165) hit Baelor Blacktyde(315) 150.
    Baelor Blacktyde(165) hit Meryn Trant(165) 114.
    ****
    Meryn Trant(51) took 90 damage as DOT.
    Baelor Blacktyde(165) took 60 damage as DOT.
    Meryn Trant(-39) hit Baelor Blacktyde(105) 150.
    Baelor Blacktyde(-45) hit Meryn Trant(-39) 114.
    ****
    Both of them are dead. A draw.
  Duel between Tarths(24) -WIL- and Merlyns(21) -WIZ- has begun.
    Brienne Tarth(458) hit Meldred Merlyn(475) 167.
    Meldred Merlyn(308) hit Brienne Tarth(458) 111.
    ****
    Brienne Tarth(347) took 20 damage as DOT.
    Meldred Merlyn(308) took 25 damage as DOT.
    Brienne Tarth(327) hit Meldred Merlyn(283) 167.
    Meldred Merlyn(116) hit Brienne Tarth(327) 111.
    ****
    Brienne Tarth(216) took 40 damage as DOT.
    Meldred Merlyn(116) took 50 damage as DOT.
    Brienne Tarth(176) hit Meldred Merlyn(66) 167.
    Meldred Merlyn(-101) hit Brienne Tarth(176) 111.
    ****
    Brienne Tarth(65) has won.
  Duel between Grandisons(27) -WIL- and Harlaws(21) -WIZ- has begun.
    Hugh Grandison(483) hit Alannys Harlaw(450) 170.
    Alannys Harlaw(280) hit Hugh Grandison(483) 111.
    ****
    Hugh Grandison(372) took 20 damage as DOT.
    Alannys Harlaw(280) took 25 damage as DOT.
    Hugh Grandison(352) hit Alannys Harlaw(255) 170.
    Alannys Harlaw(85) hit Hugh Grandison(352) 111.
    ****
    Hugh Grandison(241) took 40 damage as DOT.
    Alannys Harlaw(85) took 50 damage as DOT.
    Hugh Grandison(201) hit Alannys Harlaw(35) 170.
    Alannys Harlaw(-135) hit Hugh Grandison(201) 111.
    ****
    Hugh Grandison(90) has won.
  Duel between Trants(27) -WIZ- and Merlyns(18) -WIZ- has begun.
    Meryn Trant(483) hit Meldred Merlyn(475) 150.
    Meldred Merlyn(325) hit Meryn Trant(483) 108.
    ****
    Meryn Trant(375) took 20 damage as DOT.
    Meldred Merlyn(325) took 20 damage as DOT.
    Meryn Trant(355) hit Meldred Merlyn(305) 150.
    Meldred Merlyn(155) hit Meryn Trant(355) 108.
    ****
    Meryn Trant(247) took 40 damage as DOT.
    Meldred Merlyn(155) took 40 damage as DOT.
    Meryn Trant(207) hit Meldred Merlyn(115) 150.
    Meldred Merlyn(-35) hit Meryn Trant(207) 108.
    ****
    Meryn Trant(99) has won.
  Duel between Tarths(27) -WIL- and Harlaws(18) -WIZ- has begun.
    Brienne Tarth(458) hit Alannys Harlaw(450) 170.
    Alannys Harlaw(280) hit Brienne Tarth(458) 108.
    ****
    Brienne Tarth(350) took 20 damage as DOT.
    Alannys Harlaw(280) took 25 damage as DOT.
    Brienne Tarth(330) hit Alannys Harlaw(255) 170.
    Alannys Harlaw(85) hit Brienne Tarth(330) 108.
    ****
    Brienne Tarth(222) took 40 damage as DOT.
    Alannys Harlaw(85) took 50 damage as DOT.
    Brienne Tarth(182) hit Alannys Harlaw(35) 170.
    Alannys Harlaw(-135) hit Brienne Tarth(182) 108.
    ****
    Brienne Tarth(74) has won.
  Duel between Grandisons(30) -WIL- and Blacktydes(24) -WHI- has begun.
    Hugh Grandison(483) hit Baelor Blacktyde(675) 173.
    Baelor Blacktyde(502) hit Hugh Grandison(483) 114.
    ****
    Hugh Grandison(369) took 30 damage as DOT.
    Baelor Blacktyde(502) took 25 damage as DOT.
    Hugh Grandison(339) hit Baelor Blacktyde(477) 173.
    Baelor Blacktyde(304) hit Hugh Grandison(339) 114.
    ****
    Hugh Grandison(225) took 60 damage as DOT.
    Baelor Blacktyde(304) took 50 damage as DOT.
    Hugh Grandison(165) hit Baelor Blacktyde(254) 173.
    Baelor Blacktyde(81) hit Hugh Grandison(165) 114.
    ****
    Hugh Grandison(51) took 90 damage as DOT.
    Baelor Blacktyde(81) took 75 damage as DOT.
    Hugh Grandison(-39) hit Baelor Blacktyde(6) 173.
    Baelor Blacktyde(-167) hit Hugh Grandison(-39) 114.
    ****
    Both of them are dead. A draw.
  Duel between Trants(30) -WIZ- and Harlaws(15) -WIZ- has begun.
    Meryn Trant(483) hit Alannys Harlaw(450) 153.
    Alannys Harlaw(297) hit Meryn Trant(483) 105.
    ****
    Meryn Trant(378) took 20 damage as DOT.
    Alannys Harlaw(297) took 20 damage as DOT.
    Meryn Trant(358) hit Alannys Harlaw(277) 153.
    Alannys Harlaw(124) hit Meryn Trant(358) 105.
    ****
    Meryn Trant(253) took 40 damage as DOT.
    Alannys Harlaw(124) took 40 damage as DOT.
    Meryn Trant(213) hit Alannys Harlaw(84) 153.
    Alannys Harlaw(-69) hit Meryn Trant(213) 105.
    ****
    Meryn Trant(108) has won.
  Duel between Tarths(30) -WIL- and Blacktydes(24) -WHI- has begun.
    Brienne Tarth(458) hit Baelor Blacktyde(675) 173.
    Baelor Blacktyde(502) hit Brienne Tarth(458) 114.
    ****
    Brienne Tarth(344) took 30 damage as DOT.
    Baelor Blacktyde(502) took 25 damage as DOT.
    Brienne Tarth(314) hit Baelor Blacktyde(477) 173.
    Baelor Blacktyde(304) hit Brienne Tarth(314) 114.
    ****
    Brienne Tarth(200) took 60 damage as DOT.
    Baelor Blacktyde(304) took 50 damage as DOT.
    Brienne Tarth(140) hit Baelor Blacktyde(254) 173.
    Baelor Blacktyde(81) hit Brienne Tarth(140) 114.
    ****
    Brienne Tarth(26) took 90 damage as DOT.
    Baelor Blacktyde(81) took 75 damage as DOT.
    Brienne Tarth(-64) hit Baelor Blacktyde(6) 173.
    Baelor Blacktyde(-167) hit Brienne Tarth(-64) 114.
    ****
    Both of them are dead. A draw.
  Duel between Grandisons(30) -WIL- and Merlyns(15) -WIZ- has begun.
    Hugh Grandison(483) hit Meldred Merlyn(475) 173.
    Meldred Merlyn(302) hit Hugh Grandison(483) 105.
    ****
    Hugh Grandison(378) took 20 damage as DOT.
    Meldred Merlyn(302) took 25 damage as DOT.
    Hugh Grandison(358) hit Meldred Merlyn(277) 173.
    Meldred Merlyn(104) hit Hugh Grandison(358) 105.
    ****
    Hugh Grandison(253) took 40 damage as DOT.
    Meldred Merlyn(104) took 50 damage as DOT.
    Hugh Grandison(213) hit Meldred Merlyn(54) 173.
    Meldred Merlyn(-119) hit Hugh Grandison(213) 105.
    ****
    Hugh Grandison(108) has won.
  Duel between House Tyrell(50) -WIL- and House Greyjoy(50) -WHI- has begun.
    Renly Baratheon(508) hit Theon Greyjoy(675) 193.
    Theon Greyjoy(482) hit Renly Baratheon(508) 140.
    ****
    Renly Baratheon(368) took 30 damage as DOT.
    Theon Greyjoy(482) took 25 damage as DOT.
    Renly Baratheon(338) hit Theon Greyjoy(457) 193.
    Theon Greyjoy(264) hit Renly Baratheon(338) 140.
    ****
    Renly Baratheon(198) took 60 damage as DOT.
    Theon Greyjoy(264) took 50 damage as DOT.
    Renly Baratheon(138) hit Theon Greyjoy(214) 193.
    Theon Greyjoy(21) hit Renly Baratheon(138) 140.
    ****
    Theon Greyjoy(21) has won.
  The Stormlands got 6 house points. The Iron Islands got 3 house points.

The winner is: The Stormlands with currently 1 kingdom points.
---------------
The War is over. The new owner of King's Landing is The Reach with a total of 2 points.

