War has started with 3 kingdoms.
---------------
Duel 1: Dorne vs The Vale of Arryn
  Duel between Daynes(30) -WHI- and Moores(30) -WIL- has begun.
    Beric Dayne(665) hit Mandon Moore(490) 150.
    Mandon Moore(340) hit Beric Dayne(665) 170.
    ****
    Beric Dayne(495) took 25 damage as DOT.
    Mandon Moore(340) took 30 damage as DOT.
    Beric Dayne(470) hit Mandon Moore(310) 150.
    Mandon Moore(160) hit Beric Dayne(470) 170.
    ****
    Beric Dayne(300) took 50 damage as DOT.
    Mandon Moore(160) took 60 damage as DOT.
    Beric Dayne(250) hit Mandon Moore(100) 150.
    Mandon Moore(-50) hit Beric Dayne(250) 170.
    ****
    Beric Dayne(80) has won.
  Duel between Blackmonts(30) -WIZ- and Lynderlys(30) -WIL- has begun.
    Larra Blackmont(515) hit Jon Lynderly(490) 155.
    Jon Lynderly(335) hit Larra Blackmont(515) 170.
    ****
    Larra Blackmont(345) took 25 damage as DOT.
    Jon Lynderly(335) took 20 damage as DOT.
    Larra Blackmont(320) hit Jon Lynderly(315) 155.
    Jon Lynderly(160) hit Larra Blackmont(320) 170.
    ****
    Larra Blackmont(150) took 50 damage as DOT.
    Jon Lynderly(160) took 40 damage as DOT.
    Larra Blackmont(100) hit Jon Lynderly(120) 155.
    Jon Lynderly(-35) hit Larra Blackmont(100) 170.
    ****
    Both of them are dead. A draw.
  Duel between Qorgyles(30) -WIZ- and Tolletts(30) -WIL- has begun.
    Quentyn Qorgyle(565) hit Eddison Tollett(515) 155.
    Eddison Tollett(360) hit Quentyn Qorgyle(565) 170.
    ****
    Quentyn Qorgyle(395) took 25 damage as DOT.
    Eddison Tollett(360) took 20 damage as DOT.
    Quentyn Qorgyle(370) hit Eddison Tollett(340) 155.
    Eddison Tollett(185) hit Quentyn Qorgyle(370) 170.
    ****
    Quentyn Qorgyle(200) took 50 damage as DOT.
    Eddison Tollett(185) took 40 damage as DOT.
    Quentyn Qorgyle(150) hit Eddison Tollett(145) 155.
    Eddison Tollett(-10) hit Quentyn Qorgyle(150) 170.
    ****
    Both of them are dead. A draw.
  Duel between Daynes(33) -WHI- and Lynderlys(30) -WIL- has begun.
    Beric Dayne(665) hit Jon Lynderly(490) 153.
    Jon Lynderly(337) hit Beric Dayne(665) 170.
    ****
    Beric Dayne(495) took 25 damage as DOT.
    Jon Lynderly(337) took 30 damage as DOT.
    Beric Dayne(470) hit Jon Lynderly(307) 153.
    Jon Lynderly(154) hit Beric Dayne(470) 170.
    ****
    Beric Dayne(300) took 50 damage as DOT.
    Jon Lynderly(154) took 60 damage as DOT.
    Beric Dayne(250) hit Jon Lynderly(94) 153.
    Jon Lynderly(-59) hit Beric Dayne(250) 170.
    ****
    Beric Dayne(80) has won.
  Duel between Blackmonts(30) -WIZ- and Tolletts(30) -WIL- has begun.
    Larra Blackmont(515) hit Eddison Tollett(515) 155.
    Eddison Tollett(360) hit Larra Blackmont(515) 170.
    ****
    Larra Blackmont(345) took 25 damage as DOT.
    Eddison Tollett(360) took 20 damage as DOT.
    Larra Blackmont(320) hit Eddison Tollett(340) 155.
    Eddison Tollett(185) hit Larra Blackmont(320) 170.
    ****
    Larra Blackmont(150) took 50 damage as DOT.
    Eddison Tollett(185) took 40 damage as DOT.
    Larra Blackmont(100) hit Eddison Tollett(145) 155.
    Eddison Tollett(-10) hit Larra Blackmont(100) 170.
    ****
    Both of them are dead. A draw.
  Duel between Qorgyles(30) -WIZ- and Moores(27) -WIL- has begun.
    Quentyn Qorgyle(565) hit Mandon Moore(490) 155.
    Mandon Moore(335) hit Quentyn Qorgyle(565) 167.
    ****
    Quentyn Qorgyle(398) took 25 damage as DOT.
    Mandon Moore(335) took 20 damage as DOT.
    Quentyn Qorgyle(373) hit Mandon Moore(315) 155.
    Mandon Moore(160) hit Quentyn Qorgyle(373) 167.
    ****
    Quentyn Qorgyle(206) took 50 damage as DOT.
    Mandon Moore(160) took 40 damage as DOT.
    Quentyn Qorgyle(156) hit Mandon Moore(120) 155.
    Mandon Moore(-35) hit Quentyn Qorgyle(156) 167.
    ****
    Both of them are dead. A draw.
  Duel between Daynes(36) -WHI- and Tolletts(30) -WIL- has begun.
    Beric Dayne(665) hit Eddison Tollett(515) 156.
    Eddison Tollett(359) hit Beric Dayne(665) 170.
    ****
    Beric Dayne(495) took 25 damage as DOT.
    Eddison Tollett(359) took 30 damage as DOT.
    Beric Dayne(470) hit Eddison Tollett(329) 156.
    Eddison Tollett(173) hit Beric Dayne(470) 170.
    ****
    Beric Dayne(300) took 50 damage as DOT.
    Eddison Tollett(173) took 60 damage as DOT.
    Beric Dayne(250) hit Eddison Tollett(113) 156.
    Eddison Tollett(-43) hit Beric Dayne(250) 170.
    ****
    Beric Dayne(80) has won.
  Duel between Blackmonts(30) -WIZ- and Moores(27) -WIL- has begun.
    Larra Blackmont(515) hit Mandon Moore(490) 155.
    Mandon Moore(335) hit Larra Blackmont(515) 167.
    ****
    Larra Blackmont(348) took 25 damage as DOT.
    Mandon Moore(335) took 20 damage as DOT.
    Larra Blackmont(323) hit Mandon Moore(315) 155.
    Mandon Moore(160) hit Larra Blackmont(323) 167.
    ****
    Larra Blackmont(156) took 50 damage as DOT.
    Mandon Moore(160) took 40 damage as DOT.
    Larra Blackmont(106) hit Mandon Moore(120) 155.
    Mandon Moore(-35) hit Larra Blackmont(106) 167.
    ****
    Both of them are dead. A draw.
  Duel between Qorgyles(30) -WIZ- and Lynderlys(27) -WIL- has begun.
    Quentyn Qorgyle(565) hit Jon Lynderly(490) 155.
    Jon Lynderly(335) hit Quentyn Qorgyle(565) 167.
    ****
    Quentyn Qorgyle(398) took 25 damage as DOT.
    Jon Lynderly(335) took 20 damage as DOT.
    Quentyn Qorgyle(373) hit Jon Lynderly(315) 155.
    Jon Lynderly(160) hit Quentyn Qorgyle(373) 167.
    ****
    Quentyn Qorgyle(206) took 50 damage as DOT.
    Jon Lynderly(160) took 40 damage as DOT.
    Quentyn Qorgyle(156) hit Jon Lynderly(120) 155.
    Jon Lynderly(-35) hit Quentyn Qorgyle(156) 167.
    ****
    Both of them are dead. A draw.
  Duel between House Martell(50) -WIL- and House Arryn(50) -WIZ- has begun.
    Obara Sand(540) hit Petry Baelish(490) 195.
    Petry Baelish(295) hit Obara Sand(540) 180.
    ****
    Obara Sand(360) took 20 damage as DOT.
    Petry Baelish(295) took 25 damage as DOT.
    Obara Sand(340) hit Petry Baelish(270) 195.
    Petry Baelish(75) hit Obara Sand(340) 180.
    ****
    Obara Sand(160) took 40 damage as DOT.
    Petry Baelish(75) took 50 damage as DOT.
    Obara Sand(120) hit Petry Baelish(25) 195.
    Petry Baelish(-170) hit Obara Sand(120) 180.
    ****
    Both of them are dead. A draw.
  Dorne got 3 house points. The Vale of Arryn got 0 house points.

The winner is: Dorne with currently 1 kingdom points.
---------------
---------------
Duel 2: The Vale of Arryn vs The Reach
  Duel between Moores(27) -WIL- and Redwynes(30) -WIL- has begun.
    Mandon Moore(490) hit Paxter Redwyne(475) 167.
    Paxter Redwyne(308) hit Mandon Moore(490) 215.
    ****
    Mandon Moore(275) took 25 damage as DOT.
    Paxter Redwyne(308) took 25 damage as DOT.
    Mandon Moore(250) hit Paxter Redwyne(283) 167.
    Paxter Redwyne(116) hit Mandon Moore(250) 215.
    ****
    Mandon Moore(35) took 50 damage as DOT.
    Paxter Redwyne(116) took 50 damage as DOT.
    Mandon Moore(-15) hit Paxter Redwyne(66) 167.
    Paxter Redwyne(-101) hit Mandon Moore(-15) 215.
    ****
    Both of them are dead. A draw.
  Duel between Lynderlys(27) -WIL- and Florents(30) -WHI- has begun.
    Jon Lynderly(490) hit Axell Florent(650) 167.
    Axell Florent(483) hit Jon Lynderly(490) 190.
    ****
    Jon Lynderly(300) took 30 damage as DOT.
    Axell Florent(483) took 25 damage as DOT.
    Jon Lynderly(270) hit Axell Florent(458) 167.
    Axell Florent(291) hit Jon Lynderly(270) 190.
    ****
    Jon Lynderly(80) took 60 damage as DOT.
    Axell Florent(291) took 50 damage as DOT.
    Jon Lynderly(20) hit Axell Florent(241) 167.
    Axell Florent(74) hit Jon Lynderly(20) 190.
    ****
    Axell Florent(74) has won.
  Duel between Tolletts(27) -WIL- and Ashfords(30) -WIZ- has begun.
    Eddison Tollett(515) hit Lord Ashford(450) 167.
    Lord Ashford(283) hit Eddison Tollett(515) 190.
    ****
    Eddison Tollett(325) took 20 damage as DOT.
    Lord Ashford(283) took 25 damage as DOT.
    Eddison Tollett(305) hit Lord Ashford(258) 167.
    Lord Ashford(91) hit Eddison Tollett(305) 190.
    ****
    Eddison Tollett(115) took 40 damage as DOT.
    Lord Ashford(91) took 50 damage as DOT.
    Eddison Tollett(75) hit Lord Ashford(41) 167.
    Lord Ashford(-126) hit Eddison Tollett(75) 190.
    ****
    Both of them are dead. A draw.
  Duel between Moores(27) -WIL- and Florents(33) -WHI- has begun.
    Mandon Moore(490) hit Axell Florent(650) 167.
    Axell Florent(483) hit Mandon Moore(490) 193.
    ****
    Mandon Moore(297) took 30 damage as DOT.
    Axell Florent(483) took 25 damage as DOT.
    Mandon Moore(267) hit Axell Florent(458) 167.
    Axell Florent(291) hit Mandon Moore(267) 193.
    ****
    Mandon Moore(74) took 60 damage as DOT.
    Axell Florent(291) took 50 damage as DOT.
    Mandon Moore(14) hit Axell Florent(241) 167.
    Axell Florent(74) hit Mandon Moore(14) 193.
    ****
    Axell Florent(74) has won.
  Duel between Lynderlys(24) -WIL- and Ashfords(30) -WIZ- has begun.
    Jon Lynderly(490) hit Lord Ashford(450) 164.
    Lord Ashford(286) hit Jon Lynderly(490) 190.
    ****
    Jon Lynderly(300) took 20 damage as DOT.
    Lord Ashford(286) took 25 damage as DOT.
    Jon Lynderly(280) hit Lord Ashford(261) 164.
    Lord Ashford(97) hit Jon Lynderly(280) 190.
    ****
    Jon Lynderly(90) took 40 damage as DOT.
    Lord Ashford(97) took 50 damage as DOT.
    Jon Lynderly(50) hit Lord Ashford(47) 164.
    Lord Ashford(-117) hit Jon Lynderly(50) 190.
    ****
    Both of them are dead. A draw.
  Duel between Tolletts(27) -WIL- and Redwynes(30) -WIL- has begun.
    Eddison Tollett(515) hit Paxter Redwyne(475) 167.
    Paxter Redwyne(308) hit Eddison Tollett(515) 215.
    ****
    Eddison Tollett(300) took 25 damage as DOT.
    Paxter Redwyne(308) took 25 damage as DOT.
    Eddison Tollett(275) hit Paxter Redwyne(283) 167.
    Paxter Redwyne(116) hit Eddison Tollett(275) 215.
    ****
    Eddison Tollett(60) took 50 damage as DOT.
    Paxter Redwyne(116) took 50 damage as DOT.
    Eddison Tollett(10) hit Paxter Redwyne(66) 167.
    Paxter Redwyne(-101) hit Eddison Tollett(10) 215.
    ****
    Both of them are dead. A draw.
  Duel between Moores(24) -WIL- and Ashfords(30) -WIZ- has begun.
    Mandon Moore(490) hit Lord Ashford(450) 164.
    Lord Ashford(286) hit Mandon Moore(490) 190.
    ****
    Mandon Moore(300) took 20 damage as DOT.
    Lord Ashford(286) took 25 damage as DOT.
    Mandon Moore(280) hit Lord Ashford(261) 164.
    Lord Ashford(97) hit Mandon Moore(280) 190.
    ****
    Mandon Moore(90) took 40 damage as DOT.
    Lord Ashford(97) took 50 damage as DOT.
    Mandon Moore(50) hit Lord Ashford(47) 164.
    Lord Ashford(-117) hit Mandon Moore(50) 190.
    ****
    Both of them are dead. A draw.
  Duel between Lynderlys(24) -WIL- and Redwynes(30) -WIL- has begun.
    Jon Lynderly(490) hit Paxter Redwyne(475) 164.
    Paxter Redwyne(311) hit Jon Lynderly(490) 215.
    ****
    Jon Lynderly(275) took 25 damage as DOT.
    Paxter Redwyne(311) took 25 damage as DOT.
    Jon Lynderly(250) hit Paxter Redwyne(286) 164.
    Paxter Redwyne(122) hit Jon Lynderly(250) 215.
    ****
    Jon Lynderly(35) took 50 damage as DOT.
    Paxter Redwyne(122) took 50 damage as DOT.
    Jon Lynderly(-15) hit Paxter Redwyne(72) 164.
    Paxter Redwyne(-92) hit Jon Lynderly(-15) 215.
    ****
    Both of them are dead. A draw.
  Duel between Tolletts(27) -WIL- and Florents(36) -WHI- has begun.
    Eddison Tollett(515) hit Axell Florent(650) 167.
    Axell Florent(483) hit Eddison Tollett(515) 196.
    ****
    Eddison Tollett(319) took 30 damage as DOT.
    Axell Florent(483) took 25 damage as DOT.
    Eddison Tollett(289) hit Axell Florent(458) 167.
    Axell Florent(291) hit Eddison Tollett(289) 196.
    ****
    Eddison Tollett(93) took 60 damage as DOT.
    Axell Florent(291) took 50 damage as DOT.
    Eddison Tollett(33) hit Axell Florent(241) 167.
    Axell Florent(74) hit Eddison Tollett(33) 196.
    ****
    Axell Florent(74) has won.
  Duel between House Arryn(50) -WIZ- and House Lannister(50) -WHI- has begun.
    Petry Baelish(490) hit Mace Tyrell(600) 180.
    Mace Tyrell(420) hit Petry Baelish(490) 210.
    ****
    Petry Baelish(280) took 30 damage as DOT.
    Mace Tyrell(420) took 20 damage as DOT.
    Petry Baelish(250) hit Mace Tyrell(400) 180.
    Mace Tyrell(220) hit Petry Baelish(250) 210.
    ****
    Petry Baelish(40) took 60 damage as DOT.
    Mace Tyrell(220) took 40 damage as DOT.
    Petry Baelish(-20) hit Mace Tyrell(180) 180.
    Mace Tyrell(0) hit Petry Baelish(-20) 210.
    ****
    Both of them are dead. A draw.
  The Vale of Arryn got 0 house points. The Reach got 3 house points.

The winner is: The Reach with currently 1 kingdom points.
---------------
---------------
Duel 3: Dorne vs The Reach
  Duel between Daynes(39) -WHI- and Redwynes(30) -WIL- has begun.
    Beric Dayne(665) hit Paxter Redwyne(475) 159.
    Paxter Redwyne(316) hit Beric Dayne(665) 215.
    ****
    Beric Dayne(450) took 25 damage as DOT.
    Paxter Redwyne(316) took 30 damage as DOT.
    Beric Dayne(425) hit Paxter Redwyne(286) 159.
    Paxter Redwyne(127) hit Beric Dayne(425) 215.
    ****
    Beric Dayne(210) took 50 damage as DOT.
    Paxter Redwyne(127) took 60 damage as DOT.
    Beric Dayne(160) hit Paxter Redwyne(67) 159.
    Paxter Redwyne(-92) hit Beric Dayne(160) 215.
    ****
    Both of them are dead. A draw.
  Duel between Blackmonts(30) -WIZ- and Florents(39) -WHI- has begun.
    Larra Blackmont(515) hit Axell Florent(650) 155.
    Axell Florent(495) hit Larra Blackmont(515) 199.
    ****
    Larra Blackmont(316) took 30 damage as DOT.
    Axell Florent(495) took 20 damage as DOT.
    Larra Blackmont(286) hit Axell Florent(475) 155.
    Axell Florent(320) hit Larra Blackmont(286) 199.
    ****
    Larra Blackmont(87) took 60 damage as DOT.
    Axell Florent(320) took 40 damage as DOT.
    Larra Blackmont(27) hit Axell Florent(280) 155.
    Axell Florent(125) hit Larra Blackmont(27) 199.
    ****
    Axell Florent(125) has won.
  Duel between Qorgyles(30) -WIZ- and Ashfords(30) -WIZ- has begun.
    Quentyn Qorgyle(565) hit Lord Ashford(450) 155.
    Lord Ashford(295) hit Quentyn Qorgyle(565) 190.
    ****
    Quentyn Qorgyle(375) took 20 damage as DOT.
    Lord Ashford(295) took 20 damage as DOT.
    Quentyn Qorgyle(355) hit Lord Ashford(275) 155.
    Lord Ashford(120) hit Quentyn Qorgyle(355) 190.
    ****
    Quentyn Qorgyle(165) took 40 damage as DOT.
    Lord Ashford(120) took 40 damage as DOT.
    Quentyn Qorgyle(125) hit Lord Ashford(80) 155.
    Lord Ashford(-75) hit Quentyn Qorgyle(125) 190.
    ****
    Both of them are dead. A draw.
  Duel between Daynes(39) -WHI- and Florents(42) -WHI- has begun.
    Beric Dayne(665) hit Axell Florent(650) 159.
    Axell Florent(491) hit Beric Dayne(665) 202.
    ****
    Beric Dayne(463) took 30 damage as DOT.
    Axell Florent(491) took 30 damage as DOT.
    Beric Dayne(433) hit Axell Florent(461) 159.
    Axell Florent(302) hit Beric Dayne(433) 202.
    ****
    Beric Dayne(231) took 60 damage as DOT.
    Axell Florent(302) took 60 damage as DOT.
    Beric Dayne(171) hit Axell Florent(242) 159.
    Axell Florent(83) hit Beric Dayne(171) 202.
    ****
    Axell Florent(83) has won.
  Duel between Blackmonts(27) -WIZ- and Ashfords(30) -WIZ- has begun.
    Larra Blackmont(515) hit Lord Ashford(450) 152.
    Lord Ashford(298) hit Larra Blackmont(515) 190.
    ****
    Larra Blackmont(325) took 20 damage as DOT.
    Lord Ashford(298) took 20 damage as DOT.
    Larra Blackmont(305) hit Lord Ashford(278) 152.
    Lord Ashford(126) hit Larra Blackmont(305) 190.
    ****
    Larra Blackmont(115) took 40 damage as DOT.
    Lord Ashford(126) took 40 damage as DOT.
    Larra Blackmont(75) hit Lord Ashford(86) 152.
    Lord Ashford(-66) hit Larra Blackmont(75) 190.
    ****
    Both of them are dead. A draw.
  Duel between Qorgyles(30) -WIZ- and Redwynes(30) -WIL- has begun.
    Quentyn Qorgyle(565) hit Paxter Redwyne(475) 155.
    Paxter Redwyne(320) hit Quentyn Qorgyle(565) 215.
    ****
    Quentyn Qorgyle(350) took 25 damage as DOT.
    Paxter Redwyne(320) took 20 damage as DOT.
    Quentyn Qorgyle(325) hit Paxter Redwyne(300) 155.
    Paxter Redwyne(145) hit Quentyn Qorgyle(325) 215.
    ****
    Quentyn Qorgyle(110) took 50 damage as DOT.
    Paxter Redwyne(145) took 40 damage as DOT.
    Quentyn Qorgyle(60) hit Paxter Redwyne(105) 155.
    Paxter Redwyne(-50) hit Quentyn Qorgyle(60) 215.
    ****
    Both of them are dead. A draw.
  Duel between Daynes(36) -WHI- and Ashfords(30) -WIZ- has begun.
    Beric Dayne(665) hit Lord Ashford(450) 156.
    Lord Ashford(294) hit Beric Dayne(665) 190.
    ****
    Beric Dayne(475) took 20 damage as DOT.
    Lord Ashford(294) took 30 damage as DOT.
    Beric Dayne(455) hit Lord Ashford(264) 156.
    Lord Ashford(108) hit Beric Dayne(455) 190.
    ****
    Beric Dayne(265) took 40 damage as DOT.
    Lord Ashford(108) took 60 damage as DOT.
    Beric Dayne(225) hit Lord Ashford(48) 156.
    Lord Ashford(-108) hit Beric Dayne(225) 190.
    ****
    Beric Dayne(35) has won.
  Duel between Blackmonts(27) -WIZ- and Redwynes(30) -WIL- has begun.
    Larra Blackmont(515) hit Paxter Redwyne(475) 152.
    Paxter Redwyne(323) hit Larra Blackmont(515) 215.
    ****
    Larra Blackmont(300) took 25 damage as DOT.
    Paxter Redwyne(323) took 20 damage as DOT.
    Larra Blackmont(275) hit Paxter Redwyne(303) 152.
    Paxter Redwyne(151) hit Larra Blackmont(275) 215.
    ****
    Larra Blackmont(60) took 50 damage as DOT.
    Paxter Redwyne(151) took 40 damage as DOT.
    Larra Blackmont(10) hit Paxter Redwyne(111) 152.
    Paxter Redwyne(-41) hit Larra Blackmont(10) 215.
    ****
    Both of them are dead. A draw.
  Duel between Qorgyles(30) -WIZ- and Florents(45) -WHI- has begun.
    Quentyn Qorgyle(565) hit Axell Florent(650) 155.
    Axell Florent(495) hit Quentyn Qorgyle(565) 205.
    ****
    Quentyn Qorgyle(360) took 30 damage as DOT.
    Axell Florent(495) took 20 damage as DOT.
    Quentyn Qorgyle(330) hit Axell Florent(475) 155.
    Axell Florent(320) hit Quentyn Qorgyle(330) 205.
    ****
    Quentyn Qorgyle(125) took 60 damage as DOT.
    Axell Florent(320) took 40 damage as DOT.
    Quentyn Qorgyle(65) hit Axell Florent(280) 155.
    Axell Florent(125) hit Quentyn Qorgyle(65) 205.
    ****
    Axell Florent(125) has won.
  Duel between House Martell(50) -WIL- and House Lannister(50) -WHI- has begun.
    Obara Sand(540) hit Mace Tyrell(600) 195.
    Mace Tyrell(405) hit Obara Sand(540) 210.
    ****
    Obara Sand(330) took 30 damage as DOT.
    Mace Tyrell(405) took 25 damage as DOT.
    Obara Sand(300) hit Mace Tyrell(380) 195.
    Mace Tyrell(185) hit Obara Sand(300) 210.
    ****
    Obara Sand(90) took 60 damage as DOT.
    Mace Tyrell(185) took 50 damage as DOT.
    Obara Sand(30) hit Mace Tyrell(135) 195.
    Mace Tyrell(-60) hit Obara Sand(30) 210.
    ****
    Both of them are dead. A draw.
  Dorne got 1 house points. The Reach got 3 house points.

The winner is: The Reach with currently 2 kingdom points.
---------------
The War is over. The new owner of King's Landing is The Reach with a total of 2 points.

