War has started with 4 kingdoms.
---------------
Duel 1: The Stormlands vs The Westernlands
  Duel between Musgoods(30) -WIL- and Sarsfields(30) -WIZ- has begun.
    Lord Musgood(490) hit Eldrick Sarsfield(555) 175.
    Eldrick Sarsfield(380) hit Lord Musgood(490) 165.
    ****
    Lord Musgood(325) took 20 damage as DOT.
    Eldrick Sarsfield(380) took 25 damage as DOT.
    Lord Musgood(305) hit Eldrick Sarsfield(355) 175.
    Eldrick Sarsfield(180) hit Lord Musgood(305) 165.
    ****
    Lord Musgood(140) took 40 damage as DOT.
    Eldrick Sarsfield(180) took 50 damage as DOT.
    Lord Musgood(100) hit Eldrick Sarsfield(130) 175.
    Eldrick Sarsfield(-45) hit Lord Musgood(100) 165.
    ****
    Both of them are dead. A draw.
  Duel between Estermonts(30) -WIZ- and Marbrands(30) -WHI- has begun.
    Cassana Estermont(515) hit Damon Marbrand(655) 150.
    Damon Marbrand(505) hit Cassana Estermont(515) 160.
    ****
    Cassana Estermont(355) took 30 damage as DOT.
    Damon Marbrand(505) took 20 damage as DOT.
    Cassana Estermont(325) hit Damon Marbrand(485) 150.
    Damon Marbrand(335) hit Cassana Estermont(325) 160.
    ****
    Cassana Estermont(165) took 60 damage as DOT.
    Damon Marbrand(335) took 40 damage as DOT.
    Cassana Estermont(105) hit Damon Marbrand(295) 150.
    Damon Marbrand(145) hit Cassana Estermont(105) 160.
    ****
    Damon Marbrand(145) has won.
  Duel between Tarths(30) -WHI- and Paynes(30) -WHI- has begun.
    Brienne Tarth(665) hit Ilyn Payne(705) 150.
    Ilyn Payne(555) hit Brienne Tarth(665) 160.
    ****
    Brienne Tarth(505) took 30 damage as DOT.
    Ilyn Payne(555) took 30 damage as DOT.
    Brienne Tarth(475) hit Ilyn Payne(525) 150.
    Ilyn Payne(375) hit Brienne Tarth(475) 160.
    ****
    Brienne Tarth(315) took 60 damage as DOT.
    Ilyn Payne(375) took 60 damage as DOT.
    Brienne Tarth(255) hit Ilyn Payne(315) 150.
    Ilyn Payne(165) hit Brienne Tarth(255) 160.
    ****
    Brienne Tarth(95) took 90 damage as DOT.
    Ilyn Payne(165) took 90 damage as DOT.
    Brienne Tarth(5) hit Ilyn Payne(75) 150.
    Ilyn Payne(-75) hit Brienne Tarth(5) 160.
    ****
    Both of them are dead. A draw.
  Duel between Musgoods(30) -WIL- and Marbrands(33) -WHI- has begun.
    Lord Musgood(490) hit Damon Marbrand(655) 175.
    Damon Marbrand(480) hit Lord Musgood(490) 163.
    ****
    Lord Musgood(327) took 30 damage as DOT.
    Damon Marbrand(480) took 25 damage as DOT.
    Lord Musgood(297) hit Damon Marbrand(455) 175.
    Damon Marbrand(280) hit Lord Musgood(297) 163.
    ****
    Lord Musgood(134) took 60 damage as DOT.
    Damon Marbrand(280) took 50 damage as DOT.
    Lord Musgood(74) hit Damon Marbrand(230) 175.
    Damon Marbrand(55) hit Lord Musgood(74) 163.
    ****
    Damon Marbrand(55) has won.
  Duel between Estermonts(27) -WIZ- and Paynes(30) -WHI- has begun.
    Cassana Estermont(515) hit Ilyn Payne(705) 147.
    Ilyn Payne(558) hit Cassana Estermont(515) 160.
    ****
    Cassana Estermont(355) took 30 damage as DOT.
    Ilyn Payne(558) took 20 damage as DOT.
    Cassana Estermont(325) hit Ilyn Payne(538) 147.
    Ilyn Payne(391) hit Cassana Estermont(325) 160.
    ****
    Cassana Estermont(165) took 60 damage as DOT.
    Ilyn Payne(391) took 40 damage as DOT.
    Cassana Estermont(105) hit Ilyn Payne(351) 147.
    Ilyn Payne(204) hit Cassana Estermont(105) 160.
    ****
    Ilyn Payne(204) has won.
  Duel between Tarths(30) -WHI- and Sarsfields(30) -WIZ- has begun.
    Brienne Tarth(665) hit Eldrick Sarsfield(555) 150.
    Eldrick Sarsfield(405) hit Brienne Tarth(665) 165.
    ****
    Brienne Tarth(500) took 20 damage as DOT.
    Eldrick Sarsfield(405) took 30 damage as DOT.
    Brienne Tarth(480) hit Eldrick Sarsfield(375) 150.
    Eldrick Sarsfield(225) hit Brienne Tarth(480) 165.
    ****
    Brienne Tarth(315) took 40 damage as DOT.
    Eldrick Sarsfield(225) took 60 damage as DOT.
    Brienne Tarth(275) hit Eldrick Sarsfield(165) 150.
    Eldrick Sarsfield(15) hit Brienne Tarth(275) 165.
    ****
    Brienne Tarth(110) took 60 damage as DOT.
    Eldrick Sarsfield(15) took 90 damage as DOT.
    Brienne Tarth(50) hit Eldrick Sarsfield(-75) 150.
    Eldrick Sarsfield(-225) hit Brienne Tarth(50) 165.
    ****
    Both of them are dead. A draw.
  Duel between Musgoods(27) -WIL- and Paynes(33) -WHI- has begun.
    Lord Musgood(490) hit Ilyn Payne(705) 172.
    Ilyn Payne(533) hit Lord Musgood(490) 163.
    ****
    Lord Musgood(327) took 30 damage as DOT.
    Ilyn Payne(533) took 25 damage as DOT.
    Lord Musgood(297) hit Ilyn Payne(508) 172.
    Ilyn Payne(336) hit Lord Musgood(297) 163.
    ****
    Lord Musgood(134) took 60 damage as DOT.
    Ilyn Payne(336) took 50 damage as DOT.
    Lord Musgood(74) hit Ilyn Payne(286) 172.
    Ilyn Payne(114) hit Lord Musgood(74) 163.
    ****
    Ilyn Payne(114) has won.
  Duel between Estermonts(24) -WIZ- and Sarsfields(30) -WIZ- has begun.
    Cassana Estermont(515) hit Eldrick Sarsfield(555) 144.
    Eldrick Sarsfield(411) hit Cassana Estermont(515) 165.
    ****
    Cassana Estermont(350) took 20 damage as DOT.
    Eldrick Sarsfield(411) took 20 damage as DOT.
    Cassana Estermont(330) hit Eldrick Sarsfield(391) 144.
    Eldrick Sarsfield(247) hit Cassana Estermont(330) 165.
    ****
    Cassana Estermont(165) took 40 damage as DOT.
    Eldrick Sarsfield(247) took 40 damage as DOT.
    Cassana Estermont(125) hit Eldrick Sarsfield(207) 144.
    Eldrick Sarsfield(63) hit Cassana Estermont(125) 165.
    ****
    Eldrick Sarsfield(63) has won.
  Duel between Tarths(30) -WHI- and Marbrands(36) -WHI- has begun.
    Brienne Tarth(665) hit Damon Marbrand(655) 150.
    Damon Marbrand(505) hit Brienne Tarth(665) 166.
    ****
    Brienne Tarth(499) took 30 damage as DOT.
    Damon Marbrand(505) took 30 damage as DOT.
    Brienne Tarth(469) hit Damon Marbrand(475) 150.
    Damon Marbrand(325) hit Brienne Tarth(469) 166.
    ****
    Brienne Tarth(303) took 60 damage as DOT.
    Damon Marbrand(325) took 60 damage as DOT.
    Brienne Tarth(243) hit Damon Marbrand(265) 150.
    Damon Marbrand(115) hit Brienne Tarth(243) 166.
    ****
    Brienne Tarth(77) took 90 damage as DOT.
    Damon Marbrand(115) took 90 damage as DOT.
    Brienne Tarth(-13) hit Damon Marbrand(25) 150.
    Damon Marbrand(-125) hit Brienne Tarth(-13) 166.
    ****
    Both of them are dead. A draw.
  Duel between House Tyrell(50) -WHI- and House Frey(50) -WIZ- has begun.
    Joffrey Baratheon(640) hit Kevan Lannister(530) 170.
    Kevan Lannister(360) hit Joffrey Baratheon(640) 180.
    ****
    Joffrey Baratheon(460) took 20 damage as DOT.
    Kevan Lannister(360) took 30 damage as DOT.
    Joffrey Baratheon(440) hit Kevan Lannister(330) 170.
    Kevan Lannister(160) hit Joffrey Baratheon(440) 180.
    ****
    Joffrey Baratheon(260) took 40 damage as DOT.
    Kevan Lannister(160) took 60 damage as DOT.
    Joffrey Baratheon(220) hit Kevan Lannister(100) 170.
    Kevan Lannister(-70) hit Joffrey Baratheon(220) 180.
    ****
    Joffrey Baratheon(40) has won.
  The Stormlands got 3 house points. The Westernlands got 5 house points.

The winner is: The Westernlands with currently 1 kingdom points.
---------------
---------------
Duel 2: The Westernlands vs The Iron Islands
  Duel between Sarsfields(33) -WIZ- and Kennings(30) -WIL- has begun.
    Eldrick Sarsfield(555) hit Ralf Kenning(445) 168.
    Ralf Kenning(277) hit Eldrick Sarsfield(555) 190.
    ****
    Eldrick Sarsfield(365) took 25 damage as DOT.
    Ralf Kenning(277) took 20 damage as DOT.
    Eldrick Sarsfield(340) hit Ralf Kenning(257) 168.
    Ralf Kenning(89) hit Eldrick Sarsfield(340) 190.
    ****
    Eldrick Sarsfield(150) took 50 damage as DOT.
    Ralf Kenning(89) took 40 damage as DOT.
    Eldrick Sarsfield(100) hit Ralf Kenning(49) 168.
    Ralf Kenning(-119) hit Eldrick Sarsfield(100) 190.
    ****
    Both of them are dead. A draw.
  Duel between Marbrands(36) -WHI- and Botleys(30) -WHI- has begun.
    Damon Marbrand(655) hit Sawane Botley(620) 166.
    Sawane Botley(454) hit Damon Marbrand(655) 170.
    ****
    Damon Marbrand(485) took 30 damage as DOT.
    Sawane Botley(454) took 30 damage as DOT.
    Damon Marbrand(455) hit Sawane Botley(424) 166.
    Sawane Botley(258) hit Damon Marbrand(455) 170.
    ****
    Damon Marbrand(285) took 60 damage as DOT.
    Sawane Botley(258) took 60 damage as DOT.
    Damon Marbrand(225) hit Sawane Botley(198) 166.
    Sawane Botley(32) hit Damon Marbrand(225) 170.
    ****
    Damon Marbrand(55) took 90 damage as DOT.
    Sawane Botley(32) took 90 damage as DOT.
    Damon Marbrand(-35) hit Sawane Botley(-58) 166.
    Sawane Botley(-224) hit Damon Marbrand(-35) 170.
    ****
    Both of them are dead. A draw.
  Duel between Paynes(36) -WHI- and Goodbrothers(30) -WIZ- has begun.
    Ilyn Payne(705) hit Urragon Goodbrother(470) 166.
    Urragon Goodbrother(304) hit Ilyn Payne(705) 165.
    ****
    Ilyn Payne(540) took 20 damage as DOT.
    Urragon Goodbrother(304) took 30 damage as DOT.
    Ilyn Payne(520) hit Urragon Goodbrother(274) 166.
    Urragon Goodbrother(108) hit Ilyn Payne(520) 165.
    ****
    Ilyn Payne(355) took 40 damage as DOT.
    Urragon Goodbrother(108) took 60 damage as DOT.
    Ilyn Payne(315) hit Urragon Goodbrother(48) 166.
    Urragon Goodbrother(-118) hit Ilyn Payne(315) 165.
    ****
    Ilyn Payne(150) has won.
  Duel between Sarsfields(33) -WIZ- and Botleys(30) -WHI- has begun.
    Eldrick Sarsfield(555) hit Sawane Botley(620) 168.
    Sawane Botley(452) hit Eldrick Sarsfield(555) 170.
    ****
    Eldrick Sarsfield(385) took 30 damage as DOT.
    Sawane Botley(452) took 20 damage as DOT.
    Eldrick Sarsfield(355) hit Sawane Botley(432) 168.
    Sawane Botley(264) hit Eldrick Sarsfield(355) 170.
    ****
    Eldrick Sarsfield(185) took 60 damage as DOT.
    Sawane Botley(264) took 40 damage as DOT.
    Eldrick Sarsfield(125) hit Sawane Botley(224) 168.
    Sawane Botley(56) hit Eldrick Sarsfield(125) 170.
    ****
    Sawane Botley(56) has won.
  Duel between Marbrands(36) -WHI- and Goodbrothers(27) -WIZ- has begun.
    Damon Marbrand(655) hit Urragon Goodbrother(470) 166.
    Urragon Goodbrother(304) hit Damon Marbrand(655) 162.
    ****
    Damon Marbrand(493) took 20 damage as DOT.
    Urragon Goodbrother(304) took 30 damage as DOT.
    Damon Marbrand(473) hit Urragon Goodbrother(274) 166.
    Urragon Goodbrother(108) hit Damon Marbrand(473) 162.
    ****
    Damon Marbrand(311) took 40 damage as DOT.
    Urragon Goodbrother(108) took 60 damage as DOT.
    Damon Marbrand(271) hit Urragon Goodbrother(48) 166.
    Urragon Goodbrother(-118) hit Damon Marbrand(271) 162.
    ****
    Damon Marbrand(109) has won.
  Duel between Paynes(39) -WHI- and Kennings(30) -WIL- has begun.
    Ilyn Payne(705) hit Ralf Kenning(445) 169.
    Ralf Kenning(276) hit Ilyn Payne(705) 190.
    ****
    Ilyn Payne(515) took 25 damage as DOT.
    Ralf Kenning(276) took 30 damage as DOT.
    Ilyn Payne(490) hit Ralf Kenning(246) 169.
    Ralf Kenning(77) hit Ilyn Payne(490) 190.
    ****
    Ilyn Payne(300) took 50 damage as DOT.
    Ralf Kenning(77) took 60 damage as DOT.
    Ilyn Payne(250) hit Ralf Kenning(17) 169.
    Ralf Kenning(-152) hit Ilyn Payne(250) 190.
    ****
    Ilyn Payne(60) has won.
  Duel between Sarsfields(30) -WIZ- and Goodbrothers(24) -WIZ- has begun.
    Eldrick Sarsfield(555) hit Urragon Goodbrother(470) 165.
    Urragon Goodbrother(305) hit Eldrick Sarsfield(555) 159.
    ****
    Eldrick Sarsfield(396) took 20 damage as DOT.
    Urragon Goodbrother(305) took 20 damage as DOT.
    Eldrick Sarsfield(376) hit Urragon Goodbrother(285) 165.
    Urragon Goodbrother(120) hit Eldrick Sarsfield(376) 159.
    ****
    Eldrick Sarsfield(217) took 40 damage as DOT.
    Urragon Goodbrother(120) took 40 damage as DOT.
    Eldrick Sarsfield(177) hit Urragon Goodbrother(80) 165.
    Urragon Goodbrother(-85) hit Eldrick Sarsfield(177) 159.
    ****
    Eldrick Sarsfield(18) has won.
  Duel between Marbrands(39) -WHI- and Kennings(27) -WIL- has begun.
    Damon Marbrand(655) hit Ralf Kenning(445) 169.
    Ralf Kenning(276) hit Damon Marbrand(655) 187.
    ****
    Damon Marbrand(468) took 25 damage as DOT.
    Ralf Kenning(276) took 30 damage as DOT.
    Damon Marbrand(443) hit Ralf Kenning(246) 169.
    Ralf Kenning(77) hit Damon Marbrand(443) 187.
    ****
    Damon Marbrand(256) took 50 damage as DOT.
    Ralf Kenning(77) took 60 damage as DOT.
    Damon Marbrand(206) hit Ralf Kenning(17) 169.
    Ralf Kenning(-152) hit Damon Marbrand(206) 187.
    ****
    Damon Marbrand(19) has won.
  Duel between Paynes(42) -WHI- and Botleys(27) -WHI- has begun.
    Ilyn Payne(705) hit Sawane Botley(620) 172.
    Sawane Botley(448) hit Ilyn Payne(705) 167.
    ****
    Ilyn Payne(538) took 30 damage as DOT.
    Sawane Botley(448) took 30 damage as DOT.
    Ilyn Payne(508) hit Sawane Botley(418) 172.
    Sawane Botley(246) hit Ilyn Payne(508) 167.
    ****
    Ilyn Payne(341) took 60 damage as DOT.
    Sawane Botley(246) took 60 damage as DOT.
    Ilyn Payne(281) hit Sawane Botley(186) 172.
    Sawane Botley(14) hit Ilyn Payne(281) 167.
    ****
    Ilyn Payne(114) took 90 damage as DOT.
    Sawane Botley(14) took 90 damage as DOT.
    Ilyn Payne(24) hit Sawane Botley(-76) 172.
    Sawane Botley(-248) hit Ilyn Payne(24) 167.
    ****
    Both of them are dead. A draw.
  Duel between House Frey(45) -WIZ- and House Greyjoy(50) -WIL- has begun.
    Kevan Lannister(530) hit Euron Greyjoy(495) 175.
    Euron Greyjoy(320) hit Kevan Lannister(530) 215.
    ****
    Kevan Lannister(315) took 25 damage as DOT.
    Euron Greyjoy(320) took 20 damage as DOT.
    Kevan Lannister(290) hit Euron Greyjoy(300) 175.
    Euron Greyjoy(125) hit Kevan Lannister(290) 215.
    ****
    Kevan Lannister(75) took 50 damage as DOT.
    Euron Greyjoy(125) took 40 damage as DOT.
    Kevan Lannister(25) hit Euron Greyjoy(85) 175.
    Euron Greyjoy(-90) hit Kevan Lannister(25) 215.
    ****
    Both of them are dead. A draw.
  The Westernlands got 5 house points. The Iron Islands got 1 house points.

The winner is: The Westernlands with currently 2 kingdom points.
---------------
---------------
Duel 3: The Iron Islands vs Dorne
  Duel between Kennings(24) -WIL- and Daynes(30) -WHI- has begun.
    Ralf Kenning(445) hit Beric Dayne(655) 184.
    Beric Dayne(471) hit Ralf Kenning(445) 160.
    ****
    Ralf Kenning(285) took 30 damage as DOT.
    Beric Dayne(471) took 25 damage as DOT.
    Ralf Kenning(255) hit Beric Dayne(446) 184.
    Beric Dayne(262) hit Ralf Kenning(255) 160.
    ****
    Ralf Kenning(95) took 60 damage as DOT.
    Beric Dayne(262) took 50 damage as DOT.
    Ralf Kenning(35) hit Beric Dayne(212) 184.
    Beric Dayne(28) hit Ralf Kenning(35) 160.
    ****
    Beric Dayne(28) has won.
  Duel between Botleys(27) -WHI- and Manwoodys(30) -WIZ- has begun.
    Sawane Botley(620) hit Dagos Manwoody(480) 167.
    Dagos Manwoody(313) hit Sawane Botley(620) 160.
    ****
    Sawane Botley(460) took 20 damage as DOT.
    Dagos Manwoody(313) took 30 damage as DOT.
    Sawane Botley(440) hit Dagos Manwoody(283) 167.
    Dagos Manwoody(116) hit Sawane Botley(440) 160.
    ****
    Sawane Botley(280) took 40 damage as DOT.
    Dagos Manwoody(116) took 60 damage as DOT.
    Sawane Botley(240) hit Dagos Manwoody(56) 167.
    Dagos Manwoody(-111) hit Sawane Botley(240) 160.
    ****
    Sawane Botley(80) has won.
  Duel between Goodbrothers(21) -WIZ- and Yronwoods(30) -WHI- has begun.
    Urragon Goodbrother(470) hit Edgar Yronwood(630) 156.
    Edgar Yronwood(474) hit Urragon Goodbrother(470) 160.
    ****
    Urragon Goodbrother(310) took 30 damage as DOT.
    Edgar Yronwood(474) took 20 damage as DOT.
    Urragon Goodbrother(280) hit Edgar Yronwood(454) 156.
    Edgar Yronwood(298) hit Urragon Goodbrother(280) 160.
    ****
    Urragon Goodbrother(120) took 60 damage as DOT.
    Edgar Yronwood(298) took 40 damage as DOT.
    Urragon Goodbrother(60) hit Edgar Yronwood(258) 156.
    Edgar Yronwood(102) hit Urragon Goodbrother(60) 160.
    ****
    Edgar Yronwood(102) has won.
  Duel between Kennings(21) -WIL- and Manwoodys(27) -WIZ- has begun.
    Ralf Kenning(445) hit Dagos Manwoody(480) 181.
    Dagos Manwoody(299) hit Ralf Kenning(445) 157.
    ****
    Ralf Kenning(288) took 20 damage as DOT.
    Dagos Manwoody(299) took 25 damage as DOT.
    Ralf Kenning(268) hit Dagos Manwoody(274) 181.
    Dagos Manwoody(93) hit Ralf Kenning(268) 157.
    ****
    Ralf Kenning(111) took 40 damage as DOT.
    Dagos Manwoody(93) took 50 damage as DOT.
    Ralf Kenning(71) hit Dagos Manwoody(43) 181.
    Dagos Manwoody(-138) hit Ralf Kenning(71) 157.
    ****
    Both of them are dead. A draw.
  Duel between Botleys(25) -WHI- and Yronwoods(33) -WHI- has begun.
    Sawane Botley(620) hit Edgar Yronwood(630) 165.
    Edgar Yronwood(465) hit Sawane Botley(620) 163.
    ****
    Sawane Botley(457) took 30 damage as DOT.
    Edgar Yronwood(465) took 30 damage as DOT.
    Sawane Botley(427) hit Edgar Yronwood(435) 165.
    Edgar Yronwood(270) hit Sawane Botley(427) 163.
    ****
    Sawane Botley(264) took 60 damage as DOT.
    Edgar Yronwood(270) took 60 damage as DOT.
    Sawane Botley(204) hit Edgar Yronwood(210) 165.
    Edgar Yronwood(45) hit Sawane Botley(204) 163.
    ****
    Sawane Botley(41) took 90 damage as DOT.
    Edgar Yronwood(45) took 90 damage as DOT.
    Sawane Botley(-49) hit Edgar Yronwood(-45) 165.
    Edgar Yronwood(-210) hit Sawane Botley(-49) 163.
    ****
    Both of them are dead. A draw.
  Duel between Goodbrothers(18) -WIZ- and Daynes(33) -WHI- has begun.
    Urragon Goodbrother(470) hit Beric Dayne(655) 153.
    Beric Dayne(502) hit Urragon Goodbrother(470) 163.
    ****
    Urragon Goodbrother(307) took 30 damage as DOT.
    Beric Dayne(502) took 20 damage as DOT.
    Urragon Goodbrother(277) hit Beric Dayne(482) 153.
    Beric Dayne(329) hit Urragon Goodbrother(277) 163.
    ****
    Urragon Goodbrother(114) took 60 damage as DOT.
    Beric Dayne(329) took 40 damage as DOT.
    Urragon Goodbrother(54) hit Beric Dayne(289) 153.
    Beric Dayne(136) hit Urragon Goodbrother(54) 163.
    ****
    Beric Dayne(136) has won.
  Duel between Kennings(21) -WIL- and Yronwoods(33) -WHI- has begun.
    Ralf Kenning(445) hit Edgar Yronwood(630) 181.
    Edgar Yronwood(449) hit Ralf Kenning(445) 163.
    ****
    Ralf Kenning(282) took 30 damage as DOT.
    Edgar Yronwood(449) took 25 damage as DOT.
    Ralf Kenning(252) hit Edgar Yronwood(424) 181.
    Edgar Yronwood(243) hit Ralf Kenning(252) 163.
    ****
    Ralf Kenning(89) took 60 damage as DOT.
    Edgar Yronwood(243) took 50 damage as DOT.
    Ralf Kenning(29) hit Edgar Yronwood(193) 181.
    Edgar Yronwood(12) hit Ralf Kenning(29) 163.
    ****
    Edgar Yronwood(12) has won.
  Duel between Botleys(25) -WHI- and Daynes(36) -WHI- has begun.
    Sawane Botley(620) hit Beric Dayne(655) 165.
    Beric Dayne(490) hit Sawane Botley(620) 166.
    ****
    Sawane Botley(454) took 30 damage as DOT.
    Beric Dayne(490) took 30 damage as DOT.
    Sawane Botley(424) hit Beric Dayne(460) 165.
    Beric Dayne(295) hit Sawane Botley(424) 166.
    ****
    Sawane Botley(258) took 60 damage as DOT.
    Beric Dayne(295) took 60 damage as DOT.
    Sawane Botley(198) hit Beric Dayne(235) 165.
    Beric Dayne(70) hit Sawane Botley(198) 166.
    ****
    Sawane Botley(32) took 90 damage as DOT.
    Beric Dayne(70) took 90 damage as DOT.
    Sawane Botley(-58) hit Beric Dayne(-20) 165.
    Beric Dayne(-185) hit Sawane Botley(-58) 166.
    ****
    Both of them are dead. A draw.
  Duel between Goodbrothers(15) -WIZ- and Manwoodys(27) -WIZ- has begun.
    Urragon Goodbrother(470) hit Dagos Manwoody(480) 150.
    Dagos Manwoody(330) hit Urragon Goodbrother(470) 157.
    ****
    Urragon Goodbrother(313) took 20 damage as DOT.
    Dagos Manwoody(330) took 20 damage as DOT.
    Urragon Goodbrother(293) hit Dagos Manwoody(310) 150.
    Dagos Manwoody(160) hit Urragon Goodbrother(293) 157.
    ****
    Urragon Goodbrother(136) took 40 damage as DOT.
    Dagos Manwoody(160) took 40 damage as DOT.
    Urragon Goodbrother(96) hit Dagos Manwoody(120) 150.
    Dagos Manwoody(-30) hit Urragon Goodbrother(96) 157.
    ****
    Both of them are dead. A draw.
  Duel between House Greyjoy(50) -WIL- and House Martell(50) -WIL- has begun.
    Euron Greyjoy(495) hit Doran Martell(455) 215.
    Doran Martell(240) hit Euron Greyjoy(495) 200.
    ****
    Euron Greyjoy(295) took 25 damage as DOT.
    Doran Martell(240) took 25 damage as DOT.
    Euron Greyjoy(270) hit Doran Martell(215) 215.
    Doran Martell(0) hit Euron Greyjoy(270) 200.
    ****
    Euron Greyjoy(70) has won.
  The Iron Islands got 4 house points. Dorne got 4 house points.

A draw.
---------------
---------------
Duel 4: The Stormlands vs The Iron Islands
  Duel between Musgoods(24) -WIL- and Kennings(18) -WIL- has begun.
    Lord Musgood(490) hit Ralf Kenning(445) 169.
    Ralf Kenning(276) hit Lord Musgood(490) 178.
    ****
    Lord Musgood(312) took 25 damage as DOT.
    Ralf Kenning(276) took 25 damage as DOT.
    Lord Musgood(287) hit Ralf Kenning(251) 169.
    Ralf Kenning(82) hit Lord Musgood(287) 178.
    ****
    Lord Musgood(109) took 50 damage as DOT.
    Ralf Kenning(82) took 50 damage as DOT.
    Lord Musgood(59) hit Ralf Kenning(32) 169.
    Ralf Kenning(-137) hit Lord Musgood(59) 178.
    ****
    Both of them are dead. A draw.
  Duel between Estermonts(21) -WIZ- and Botleys(25) -WHI- has begun.
    Cassana Estermont(515) hit Sawane Botley(620) 141.
    Sawane Botley(479) hit Cassana Estermont(515) 165.
    ****
    Cassana Estermont(350) took 30 damage as DOT.
    Sawane Botley(479) took 20 damage as DOT.
    Cassana Estermont(320) hit Sawane Botley(459) 141.
    Sawane Botley(318) hit Cassana Estermont(320) 165.
    ****
    Cassana Estermont(155) took 60 damage as DOT.
    Sawane Botley(318) took 40 damage as DOT.
    Cassana Estermont(95) hit Sawane Botley(278) 141.
    Sawane Botley(137) hit Cassana Estermont(95) 165.
    ****
    Sawane Botley(137) has won.
  Duel between Tarths(30) -WHI- and Goodbrothers(15) -WIZ- has begun.
    Brienne Tarth(665) hit Urragon Goodbrother(470) 150.
    Urragon Goodbrother(320) hit Brienne Tarth(665) 150.
    ****
    Brienne Tarth(515) took 20 damage as DOT.
    Urragon Goodbrother(320) took 30 damage as DOT.
    Brienne Tarth(495) hit Urragon Goodbrother(290) 150.
    Urragon Goodbrother(140) hit Brienne Tarth(495) 150.
    ****
    Brienne Tarth(345) took 40 damage as DOT.
    Urragon Goodbrother(140) took 60 damage as DOT.
    Brienne Tarth(305) hit Urragon Goodbrother(80) 150.
    Urragon Goodbrother(-70) hit Brienne Tarth(305) 150.
    ****
    Brienne Tarth(155) has won.
  Duel between Musgoods(24) -WIL- and Botleys(28) -WHI- has begun.
    Lord Musgood(490) hit Sawane Botley(620) 169.
    Sawane Botley(451) hit Lord Musgood(490) 168.
    ****
    Lord Musgood(322) took 30 damage as DOT.
    Sawane Botley(451) took 25 damage as DOT.
    Lord Musgood(292) hit Sawane Botley(426) 169.
    Sawane Botley(257) hit Lord Musgood(292) 168.
    ****
    Lord Musgood(124) took 60 damage as DOT.
    Sawane Botley(257) took 50 damage as DOT.
    Lord Musgood(64) hit Sawane Botley(207) 169.
    Sawane Botley(38) hit Lord Musgood(64) 168.
    ****
    Sawane Botley(38) has won.
  Duel between Estermonts(18) -WIZ- and Goodbrothers(12) -WIZ- has begun.
    Cassana Estermont(515) hit Urragon Goodbrother(470) 138.
    Urragon Goodbrother(332) hit Cassana Estermont(515) 147.
    ****
    Cassana Estermont(368) took 20 damage as DOT.
    Urragon Goodbrother(332) took 20 damage as DOT.
    Cassana Estermont(348) hit Urragon Goodbrother(312) 138.
    Urragon Goodbrother(174) hit Cassana Estermont(348) 147.
    ****
    Cassana Estermont(201) took 40 damage as DOT.
    Urragon Goodbrother(174) took 40 damage as DOT.
    Cassana Estermont(161) hit Urragon Goodbrother(134) 138.
    Urragon Goodbrother(-4) hit Cassana Estermont(161) 147.
    ****
    Cassana Estermont(14) has won.
  Duel between Tarths(33) -WHI- and Kennings(18) -WIL- has begun.
    Brienne Tarth(665) hit Ralf Kenning(445) 153.
    Ralf Kenning(292) hit Brienne Tarth(665) 178.
    ****
    Brienne Tarth(487) took 25 damage as DOT.
    Ralf Kenning(292) took 30 damage as DOT.
    Brienne Tarth(462) hit Ralf Kenning(262) 153.
    Ralf Kenning(109) hit Brienne Tarth(462) 178.
    ****
    Brienne Tarth(284) took 50 damage as DOT.
    Ralf Kenning(109) took 60 damage as DOT.
    Brienne Tarth(234) hit Ralf Kenning(49) 153.
    Ralf Kenning(-104) hit Brienne Tarth(234) 178.
    ****
    Brienne Tarth(56) has won.
  Duel between Musgoods(21) -WIL- and Goodbrothers(9) -WIZ- has begun.
    Lord Musgood(490) hit Urragon Goodbrother(470) 166.
    Urragon Goodbrother(304) hit Lord Musgood(490) 144.
    ****
    Lord Musgood(346) took 20 damage as DOT.
    Urragon Goodbrother(304) took 25 damage as DOT.
    Lord Musgood(326) hit Urragon Goodbrother(279) 166.
    Urragon Goodbrother(113) hit Lord Musgood(326) 144.
    ****
    Lord Musgood(182) took 40 damage as DOT.
    Urragon Goodbrother(113) took 50 damage as DOT.
    Lord Musgood(142) hit Urragon Goodbrother(63) 166.
    Urragon Goodbrother(-103) hit Lord Musgood(142) 144.
    ****
    Both of them are dead. A draw.
  Duel between Estermonts(21) -WIZ- and Kennings(15) -WIL- has begun.
    Cassana Estermont(515) hit Ralf Kenning(445) 141.
    Ralf Kenning(304) hit Cassana Estermont(515) 175.
    ****
    Cassana Estermont(340) took 25 damage as DOT.
    Ralf Kenning(304) took 20 damage as DOT.
    Cassana Estermont(315) hit Ralf Kenning(284) 141.
    Ralf Kenning(143) hit Cassana Estermont(315) 175.
    ****
    Cassana Estermont(140) took 50 damage as DOT.
    Ralf Kenning(143) took 40 damage as DOT.
    Cassana Estermont(90) hit Ralf Kenning(103) 141.
    Ralf Kenning(-38) hit Cassana Estermont(90) 175.
    ****
    Both of them are dead. A draw.
  Duel between Tarths(36) -WHI- and Botleys(31) -WHI- has begun.
    Brienne Tarth(665) hit Sawane Botley(620) 156.
    Sawane Botley(464) hit Brienne Tarth(665) 171.
    ****
    Brienne Tarth(494) took 30 damage as DOT.
    Sawane Botley(464) took 30 damage as DOT.
    Brienne Tarth(464) hit Sawane Botley(434) 156.
    Sawane Botley(278) hit Brienne Tarth(464) 171.
    ****
    Brienne Tarth(293) took 60 damage as DOT.
    Sawane Botley(278) took 60 damage as DOT.
    Brienne Tarth(233) hit Sawane Botley(218) 156.
    Sawane Botley(62) hit Brienne Tarth(233) 171.
    ****
    Brienne Tarth(62) took 90 damage as DOT.
    Sawane Botley(62) took 90 damage as DOT.
    Brienne Tarth(-28) hit Sawane Botley(-28) 156.
    Sawane Botley(-184) hit Brienne Tarth(-28) 171.
    ****
    Both of them are dead. A draw.
  Duel between House Tyrell(55) -WHI- and House Greyjoy(59) -WIL- has begun.
    Joffrey Baratheon(640) hit Euron Greyjoy(495) 175.
    Euron Greyjoy(320) hit Joffrey Baratheon(640) 224.
    ****
    Joffrey Baratheon(416) took 25 damage as DOT.
    Euron Greyjoy(320) took 30 damage as DOT.
    Joffrey Baratheon(391) hit Euron Greyjoy(290) 175.
    Euron Greyjoy(115) hit Joffrey Baratheon(391) 224.
    ****
    Joffrey Baratheon(167) took 50 damage as DOT.
    Euron Greyjoy(115) took 60 damage as DOT.
    Joffrey Baratheon(117) hit Euron Greyjoy(55) 175.
    Euron Greyjoy(-120) hit Joffrey Baratheon(117) 224.
    ****
    Both of them are dead. A draw.
  The Stormlands got 3 house points. The Iron Islands got 2 house points.

The winner is: The Stormlands with currently 1 kingdom points.
---------------
---------------
Duel 5: The Westernlands vs Dorne
  Duel between Sarsfields(33) -WIZ- and Daynes(36) -WHI- has begun.
    Eldrick Sarsfield(555) hit Beric Dayne(655) 168.
    Beric Dayne(487) hit Eldrick Sarsfield(555) 166.
    ****
    Eldrick Sarsfield(389) took 30 damage as DOT.
    Beric Dayne(487) took 20 damage as DOT.
    Eldrick Sarsfield(359) hit Beric Dayne(467) 168.
    Beric Dayne(299) hit Eldrick Sarsfield(359) 166.
    ****
    Eldrick Sarsfield(193) took 60 damage as DOT.
    Beric Dayne(299) took 40 damage as DOT.
    Eldrick Sarsfield(133) hit Beric Dayne(259) 168.
    Beric Dayne(91) hit Eldrick Sarsfield(133) 166.
    ****
    Beric Dayne(91) has won.
  Duel between Marbrands(42) -WHI- and Manwoodys(27) -WIZ- has begun.
    Damon Marbrand(655) hit Dagos Manwoody(480) 172.
    Dagos Manwoody(308) hit Damon Marbrand(655) 157.
    ****
    Damon Marbrand(498) took 20 damage as DOT.
    Dagos Manwoody(308) took 30 damage as DOT.
    Damon Marbrand(478) hit Dagos Manwoody(278) 172.
    Dagos Manwoody(106) hit Damon Marbrand(478) 157.
    ****
    Damon Marbrand(321) took 40 damage as DOT.
    Dagos Manwoody(106) took 60 damage as DOT.
    Damon Marbrand(281) hit Dagos Manwoody(46) 172.
    Dagos Manwoody(-126) hit Damon Marbrand(281) 157.
    ****
    Damon Marbrand(124) has won.
  Duel between Paynes(42) -WHI- and Yronwoods(36) -WHI- has begun.
    Ilyn Payne(705) hit Edgar Yronwood(630) 172.
    Edgar Yronwood(458) hit Ilyn Payne(705) 166.
    ****
    Ilyn Payne(539) took 30 damage as DOT.
    Edgar Yronwood(458) took 30 damage as DOT.
    Ilyn Payne(509) hit Edgar Yronwood(428) 172.
    Edgar Yronwood(256) hit Ilyn Payne(509) 166.
    ****
    Ilyn Payne(343) took 60 damage as DOT.
    Edgar Yronwood(256) took 60 damage as DOT.
    Ilyn Payne(283) hit Edgar Yronwood(196) 172.
    Edgar Yronwood(24) hit Ilyn Payne(283) 166.
    ****
    Ilyn Payne(117) took 90 damage as DOT.
    Edgar Yronwood(24) took 90 damage as DOT.
    Ilyn Payne(27) hit Edgar Yronwood(-66) 172.
    Edgar Yronwood(-238) hit Ilyn Payne(27) 166.
    ****
    Both of them are dead. A draw.
  Duel between Sarsfields(30) -WIZ- and Manwoodys(24) -WIZ- has begun.
    Eldrick Sarsfield(555) hit Dagos Manwoody(480) 165.
    Dagos Manwoody(315) hit Eldrick Sarsfield(555) 154.
    ****
    Eldrick Sarsfield(401) took 20 damage as DOT.
    Dagos Manwoody(315) took 20 damage as DOT.
    Eldrick Sarsfield(381) hit Dagos Manwoody(295) 165.
    Dagos Manwoody(130) hit Eldrick Sarsfield(381) 154.
    ****
    Eldrick Sarsfield(227) took 40 damage as DOT.
    Dagos Manwoody(130) took 40 damage as DOT.
    Eldrick Sarsfield(187) hit Dagos Manwoody(90) 165.
    Dagos Manwoody(-75) hit Eldrick Sarsfield(187) 154.
    ****
    Eldrick Sarsfield(33) has won.
  Duel between Marbrands(45) -WHI- and Yronwoods(36) -WHI- has begun.
    Damon Marbrand(655) hit Edgar Yronwood(630) 175.
    Edgar Yronwood(455) hit Damon Marbrand(655) 166.
    ****
    Damon Marbrand(489) took 30 damage as DOT.
    Edgar Yronwood(455) took 30 damage as DOT.
    Damon Marbrand(459) hit Edgar Yronwood(425) 175.
    Edgar Yronwood(250) hit Damon Marbrand(459) 166.
    ****
    Damon Marbrand(293) took 60 damage as DOT.
    Edgar Yronwood(250) took 60 damage as DOT.
    Damon Marbrand(233) hit Edgar Yronwood(190) 175.
    Edgar Yronwood(15) hit Damon Marbrand(233) 166.
    ****
    Damon Marbrand(67) took 90 damage as DOT.
    Edgar Yronwood(15) took 90 damage as DOT.
    Damon Marbrand(-23) hit Edgar Yronwood(-75) 175.
    Edgar Yronwood(-250) hit Damon Marbrand(-23) 166.
    ****
    Both of them are dead. A draw.
  Duel between Paynes(42) -WHI- and Daynes(39) -WHI- has begun.
    Ilyn Payne(705) hit Beric Dayne(655) 172.
    Beric Dayne(483) hit Ilyn Payne(705) 169.
    ****
    Ilyn Payne(536) took 30 damage as DOT.
    Beric Dayne(483) took 30 damage as DOT.
    Ilyn Payne(506) hit Beric Dayne(453) 172.
    Beric Dayne(281) hit Ilyn Payne(506) 169.
    ****
    Ilyn Payne(337) took 60 damage as DOT.
    Beric Dayne(281) took 60 damage as DOT.
    Ilyn Payne(277) hit Beric Dayne(221) 172.
    Beric Dayne(49) hit Ilyn Payne(277) 169.
    ****
    Ilyn Payne(108) took 90 damage as DOT.
    Beric Dayne(49) took 90 damage as DOT.
    Ilyn Payne(18) hit Beric Dayne(-41) 172.
    Beric Dayne(-213) hit Ilyn Payne(18) 169.
    ****
    Both of them are dead. A draw.
  Duel between Sarsfields(33) -WIZ- and Yronwoods(36) -WHI- has begun.
    Eldrick Sarsfield(555) hit Edgar Yronwood(630) 168.
    Edgar Yronwood(462) hit Eldrick Sarsfield(555) 166.
    ****
    Eldrick Sarsfield(389) took 30 damage as DOT.
    Edgar Yronwood(462) took 20 damage as DOT.
    Eldrick Sarsfield(359) hit Edgar Yronwood(442) 168.
    Edgar Yronwood(274) hit Eldrick Sarsfield(359) 166.
    ****
    Eldrick Sarsfield(193) took 60 damage as DOT.
    Edgar Yronwood(274) took 40 damage as DOT.
    Eldrick Sarsfield(133) hit Edgar Yronwood(234) 168.
    Edgar Yronwood(66) hit Eldrick Sarsfield(133) 166.
    ****
    Edgar Yronwood(66) has won.
  Duel between Marbrands(45) -WHI- and Daynes(39) -WHI- has begun.
    Damon Marbrand(655) hit Beric Dayne(655) 175.
    Beric Dayne(480) hit Damon Marbrand(655) 169.
    ****
    Damon Marbrand(486) took 30 damage as DOT.
    Beric Dayne(480) took 30 damage as DOT.
    Damon Marbrand(456) hit Beric Dayne(450) 175.
    Beric Dayne(275) hit Damon Marbrand(456) 169.
    ****
    Damon Marbrand(287) took 60 damage as DOT.
    Beric Dayne(275) took 60 damage as DOT.
    Damon Marbrand(227) hit Beric Dayne(215) 175.
    Beric Dayne(40) hit Damon Marbrand(227) 169.
    ****
    Damon Marbrand(58) took 90 damage as DOT.
    Beric Dayne(40) took 90 damage as DOT.
    Damon Marbrand(-32) hit Beric Dayne(-50) 175.
    Beric Dayne(-225) hit Damon Marbrand(-32) 169.
    ****
    Both of them are dead. A draw.
  Duel between Paynes(42) -WHI- and Manwoodys(21) -WIZ- has begun.
    Ilyn Payne(705) hit Dagos Manwoody(480) 172.
    Dagos Manwoody(308) hit Ilyn Payne(705) 151.
    ****
    Ilyn Payne(554) took 20 damage as DOT.
    Dagos Manwoody(308) took 30 damage as DOT.
    Ilyn Payne(534) hit Dagos Manwoody(278) 172.
    Dagos Manwoody(106) hit Ilyn Payne(534) 151.
    ****
    Ilyn Payne(383) took 40 damage as DOT.
    Dagos Manwoody(106) took 60 damage as DOT.
    Ilyn Payne(343) hit Dagos Manwoody(46) 172.
    Dagos Manwoody(-126) hit Ilyn Payne(343) 151.
    ****
    Ilyn Payne(192) has won.
  Duel between House Frey(45) -WIZ- and House Martell(37) -WIL- has begun.
    Kevan Lannister(530) hit Doran Martell(455) 175.
    Doran Martell(280) hit Kevan Lannister(530) 187.
    ****
    Kevan Lannister(343) took 25 damage as DOT.
    Doran Martell(280) took 20 damage as DOT.
    Kevan Lannister(318) hit Doran Martell(260) 175.
    Doran Martell(85) hit Kevan Lannister(318) 187.
    ****
    Kevan Lannister(131) took 50 damage as DOT.
    Doran Martell(85) took 40 damage as DOT.
    Kevan Lannister(81) hit Doran Martell(45) 175.
    Doran Martell(-130) hit Kevan Lannister(81) 187.
    ****
    Both of them are dead. A draw.
  The Westernlands got 3 house points. Dorne got 2 house points.

The winner is: The Westernlands with currently 3 kingdom points.
---------------
---------------
Duel 6: The Stormlands vs Dorne
  Duel between Musgoods(21) -WIL- and Daynes(39) -WHI- has begun.
    Lord Musgood(490) hit Beric Dayne(655) 166.
    Beric Dayne(489) hit Lord Musgood(490) 169.
    ****
    Lord Musgood(321) took 30 damage as DOT.
    Beric Dayne(489) took 25 damage as DOT.
    Lord Musgood(291) hit Beric Dayne(464) 166.
    Beric Dayne(298) hit Lord Musgood(291) 169.
    ****
    Lord Musgood(122) took 60 damage as DOT.
    Beric Dayne(298) took 50 damage as DOT.
    Lord Musgood(62) hit Beric Dayne(248) 166.
    Beric Dayne(82) hit Lord Musgood(62) 169.
    ****
    Beric Dayne(82) has won.
  Duel between Estermonts(21) -WIZ- and Manwoodys(18) -WIZ- has begun.
    Cassana Estermont(515) hit Dagos Manwoody(480) 141.
    Dagos Manwoody(339) hit Cassana Estermont(515) 148.
    ****
    Cassana Estermont(367) took 20 damage as DOT.
    Dagos Manwoody(339) took 20 damage as DOT.
    Cassana Estermont(347) hit Dagos Manwoody(319) 141.
    Dagos Manwoody(178) hit Cassana Estermont(347) 148.
    ****
    Cassana Estermont(199) took 40 damage as DOT.
    Dagos Manwoody(178) took 40 damage as DOT.
    Cassana Estermont(159) hit Dagos Manwoody(138) 141.
    Dagos Manwoody(-3) hit Cassana Estermont(159) 148.
    ****
    Cassana Estermont(11) has won.
  Duel between Tarths(36) -WHI- and Yronwoods(39) -WHI- has begun.
    Brienne Tarth(665) hit Edgar Yronwood(630) 156.
    Edgar Yronwood(474) hit Brienne Tarth(665) 169.
    ****
    Brienne Tarth(496) took 30 damage as DOT.
    Edgar Yronwood(474) took 30 damage as DOT.
    Brienne Tarth(466) hit Edgar Yronwood(444) 156.
    Edgar Yronwood(288) hit Brienne Tarth(466) 169.
    ****
    Brienne Tarth(297) took 60 damage as DOT.
    Edgar Yronwood(288) took 60 damage as DOT.
    Brienne Tarth(237) hit Edgar Yronwood(228) 156.
    Edgar Yronwood(72) hit Brienne Tarth(237) 169.
    ****
    Brienne Tarth(68) took 90 damage as DOT.
    Edgar Yronwood(72) took 90 damage as DOT.
    Brienne Tarth(-22) hit Edgar Yronwood(-18) 156.
    Edgar Yronwood(-174) hit Brienne Tarth(-22) 169.
    ****
    Both of them are dead. A draw.
  Duel between Musgoods(18) -WIL- and Manwoodys(15) -WIZ- has begun.
    Lord Musgood(490) hit Dagos Manwoody(480) 163.
    Dagos Manwoody(317) hit Lord Musgood(490) 145.
    ****
    Lord Musgood(345) took 20 damage as DOT.
    Dagos Manwoody(317) took 25 damage as DOT.
    Lord Musgood(325) hit Dagos Manwoody(292) 163.
    Dagos Manwoody(129) hit Lord Musgood(325) 145.
    ****
    Lord Musgood(180) took 40 damage as DOT.
    Dagos Manwoody(129) took 50 damage as DOT.
    Lord Musgood(140) hit Dagos Manwoody(79) 163.
    Dagos Manwoody(-84) hit Lord Musgood(140) 145.
    ****
    Both of them are dead. A draw.
  Duel between Estermonts(24) -WIZ- and Yronwoods(39) -WHI- has begun.
    Cassana Estermont(515) hit Edgar Yronwood(630) 144.
    Edgar Yronwood(486) hit Cassana Estermont(515) 169.
    ****
    Cassana Estermont(346) took 30 damage as DOT.
    Edgar Yronwood(486) took 20 damage as DOT.
    Cassana Estermont(316) hit Edgar Yronwood(466) 144.
    Edgar Yronwood(322) hit Cassana Estermont(316) 169.
    ****
    Cassana Estermont(147) took 60 damage as DOT.
    Edgar Yronwood(322) took 40 damage as DOT.
    Cassana Estermont(87) hit Edgar Yronwood(282) 144.
    Edgar Yronwood(138) hit Cassana Estermont(87) 169.
    ****
    Edgar Yronwood(138) has won.
  Duel between Tarths(36) -WHI- and Daynes(42) -WHI- has begun.
    Brienne Tarth(665) hit Beric Dayne(655) 156.
    Beric Dayne(499) hit Brienne Tarth(665) 172.
    ****
    Brienne Tarth(493) took 30 damage as DOT.
    Beric Dayne(499) took 30 damage as DOT.
    Brienne Tarth(463) hit Beric Dayne(469) 156.
    Beric Dayne(313) hit Brienne Tarth(463) 172.
    ****
    Brienne Tarth(291) took 60 damage as DOT.
    Beric Dayne(313) took 60 damage as DOT.
    Brienne Tarth(231) hit Beric Dayne(253) 156.
    Beric Dayne(97) hit Brienne Tarth(231) 172.
    ****
    Brienne Tarth(59) took 90 damage as DOT.
    Beric Dayne(97) took 90 damage as DOT.
    Brienne Tarth(-31) hit Beric Dayne(7) 156.
    Beric Dayne(-149) hit Brienne Tarth(-31) 172.
    ****
    Both of them are dead. A draw.
  Duel between Musgoods(18) -WIL- and Yronwoods(42) -WHI- has begun.
    Lord Musgood(490) hit Edgar Yronwood(630) 163.
    Edgar Yronwood(467) hit Lord Musgood(490) 172.
    ****
    Lord Musgood(318) took 30 damage as DOT.
    Edgar Yronwood(467) took 25 damage as DOT.
    Lord Musgood(288) hit Edgar Yronwood(442) 163.
    Edgar Yronwood(279) hit Lord Musgood(288) 172.
    ****
    Lord Musgood(116) took 60 damage as DOT.
    Edgar Yronwood(279) took 50 damage as DOT.
    Lord Musgood(56) hit Edgar Yronwood(229) 163.
    Edgar Yronwood(66) hit Lord Musgood(56) 172.
    ****
    Edgar Yronwood(66) has won.
  Duel between Estermonts(21) -WIZ- and Daynes(42) -WHI- has begun.
    Cassana Estermont(515) hit Beric Dayne(655) 141.
    Beric Dayne(514) hit Cassana Estermont(515) 172.
    ****
    Cassana Estermont(343) took 30 damage as DOT.
    Beric Dayne(514) took 20 damage as DOT.
    Cassana Estermont(313) hit Beric Dayne(494) 141.
    Beric Dayne(353) hit Cassana Estermont(313) 172.
    ****
    Cassana Estermont(141) took 60 damage as DOT.
    Beric Dayne(353) took 40 damage as DOT.
    Cassana Estermont(81) hit Beric Dayne(313) 141.
    Beric Dayne(172) hit Cassana Estermont(81) 172.
    ****
    Beric Dayne(172) has won.
  Duel between Tarths(36) -WHI- and Manwoodys(15) -WIZ- has begun.
    Brienne Tarth(665) hit Dagos Manwoody(480) 156.
    Dagos Manwoody(324) hit Brienne Tarth(665) 145.
    ****
    Brienne Tarth(520) took 20 damage as DOT.
    Dagos Manwoody(324) took 30 damage as DOT.
    Brienne Tarth(500) hit Dagos Manwoody(294) 156.
    Dagos Manwoody(138) hit Brienne Tarth(500) 145.
    ****
    Brienne Tarth(355) took 40 damage as DOT.
    Dagos Manwoody(138) took 60 damage as DOT.
    Brienne Tarth(315) hit Dagos Manwoody(78) 156.
    Dagos Manwoody(-78) hit Brienne Tarth(315) 145.
    ****
    Brienne Tarth(170) has won.
  Duel between House Tyrell(55) -WHI- and House Martell(37) -WIL- has begun.
    Joffrey Baratheon(640) hit Doran Martell(455) 175.
    Doran Martell(280) hit Joffrey Baratheon(640) 187.
    ****
    Joffrey Baratheon(453) took 25 damage as DOT.
    Doran Martell(280) took 30 damage as DOT.
    Joffrey Baratheon(428) hit Doran Martell(250) 175.
    Doran Martell(75) hit Joffrey Baratheon(428) 187.
    ****
    Joffrey Baratheon(241) took 50 damage as DOT.
    Doran Martell(75) took 60 damage as DOT.
    Joffrey Baratheon(191) hit Doran Martell(15) 175.
    Doran Martell(-160) hit Joffrey Baratheon(191) 187.
    ****
    Joffrey Baratheon(4) has won.
  The Stormlands got 5 house points. Dorne got 4 house points.

The winner is: The Stormlands with currently 2 kingdom points.
---------------
The War is over. The new owner of King's Landing is The Westernlands with a total of 3 points.

