War has started with 4 kingdoms.
---------------
Duel 1: The North vs The Crownlands
  Duel between Umbers(30) -WIZ- and Rosbys(30) -WIZ- has begun.
    Greatjon Umber(500) hit Gyles Rosby(475) 200.
    Gyles Rosby(275) hit Greatjon Umber(500) 120.
    ****
    Greatjon Umber(380) took 20 damage as DOT.
    Gyles Rosby(275) took 20 damage as DOT.
    Greatjon Umber(360) hit Gyles Rosby(255) 200.
    Gyles Rosby(55) hit Greatjon Umber(360) 120.
    ****
    Greatjon Umber(240) took 40 damage as DOT.
    Gyles Rosby(55) took 40 damage as DOT.
    Greatjon Umber(200) hit Gyles Rosby(15) 200.
    Gyles Rosby(-185) hit Greatjon Umber(200) 120.
    ****
    Greatjon Umber(80) has won.
  Duel between Dustins(30) -WIZ- and Stokeworths(30) -WHI- has begun.
    Barbrey Ryswell(475) hit Tanda Stokeworth(675) 185.
    Tanda Stokeworth(490) hit Barbrey Ryswell(475) 120.
    ****
    Barbrey Ryswell(355) took 30 damage as DOT.
    Tanda Stokeworth(490) took 20 damage as DOT.
    Barbrey Ryswell(325) hit Tanda Stokeworth(470) 185.
    Tanda Stokeworth(285) hit Barbrey Ryswell(325) 120.
    ****
    Barbrey Ryswell(205) took 60 damage as DOT.
    Tanda Stokeworth(285) took 40 damage as DOT.
    Barbrey Ryswell(145) hit Tanda Stokeworth(245) 185.
    Tanda Stokeworth(60) hit Barbrey Ryswell(145) 120.
    ****
    Barbrey Ryswell(25) took 90 damage as DOT.
    Tanda Stokeworth(60) took 60 damage as DOT.
    Barbrey Ryswell(-65) hit Tanda Stokeworth(0) 185.
    Tanda Stokeworth(-185) hit Barbrey Ryswell(-65) 120.
    ****
    Both of them are dead. A draw.
  Duel between Ryswells(30) -WHI- and Brunes(30) -WHI- has begun.
    Barbrey Ryswell(675) hit Lothor Brune(675) 190.
    Lothor Brune(485) hit Barbrey Ryswell(675) 120.
    ****
    Barbrey Ryswell(555) took 30 damage as DOT.
    Lothor Brune(485) took 30 damage as DOT.
    Barbrey Ryswell(525) hit Lothor Brune(455) 190.
    Lothor Brune(265) hit Barbrey Ryswell(525) 120.
    ****
    Barbrey Ryswell(405) took 60 damage as DOT.
    Lothor Brune(265) took 60 damage as DOT.
    Barbrey Ryswell(345) hit Lothor Brune(205) 190.
    Lothor Brune(15) hit Barbrey Ryswell(345) 120.
    ****
    Barbrey Ryswell(225) took 90 damage as DOT.
    Lothor Brune(15) took 90 damage as DOT.
    Barbrey Ryswell(135) hit Lothor Brune(-75) 190.
    Lothor Brune(-265) hit Barbrey Ryswell(135) 120.
    ****
    Barbrey Ryswell(15) has won.
  Duel between Umbers(33) -WIZ- and Stokeworths(30) -WHI- has begun.
    Greatjon Umber(500) hit Tanda Stokeworth(675) 203.
    Tanda Stokeworth(472) hit Greatjon Umber(500) 120.
    ****
    Greatjon Umber(380) took 30 damage as DOT.
    Tanda Stokeworth(472) took 20 damage as DOT.
    Greatjon Umber(350) hit Tanda Stokeworth(452) 203.
    Tanda Stokeworth(249) hit Greatjon Umber(350) 120.
    ****
    Greatjon Umber(230) took 60 damage as DOT.
    Tanda Stokeworth(249) took 40 damage as DOT.
    Greatjon Umber(170) hit Tanda Stokeworth(209) 203.
    Tanda Stokeworth(6) hit Greatjon Umber(170) 120.
    ****
    Greatjon Umber(50) took 90 damage as DOT.
    Tanda Stokeworth(6) took 60 damage as DOT.
    Greatjon Umber(-40) hit Tanda Stokeworth(-54) 203.
    Tanda Stokeworth(-257) hit Greatjon Umber(-40) 120.
    ****
    Both of them are dead. A draw.
  Duel between Dustins(30) -WIZ- and Brunes(27) -WHI- has begun.
    Barbrey Ryswell(475) hit Lothor Brune(675) 185.
    Lothor Brune(490) hit Barbrey Ryswell(475) 117.
    ****
    Barbrey Ryswell(358) took 30 damage as DOT.
    Lothor Brune(490) took 20 damage as DOT.
    Barbrey Ryswell(328) hit Lothor Brune(470) 185.
    Lothor Brune(285) hit Barbrey Ryswell(328) 117.
    ****
    Barbrey Ryswell(211) took 60 damage as DOT.
    Lothor Brune(285) took 40 damage as DOT.
    Barbrey Ryswell(151) hit Lothor Brune(245) 185.
    Lothor Brune(60) hit Barbrey Ryswell(151) 117.
    ****
    Barbrey Ryswell(34) took 90 damage as DOT.
    Lothor Brune(60) took 60 damage as DOT.
    Barbrey Ryswell(-56) hit Lothor Brune(0) 185.
    Lothor Brune(-185) hit Barbrey Ryswell(-56) 117.
    ****
    Both of them are dead. A draw.
  Duel between Ryswells(33) -WHI- and Rosbys(27) -WIZ- has begun.
    Barbrey Ryswell(675) hit Gyles Rosby(475) 193.
    Gyles Rosby(282) hit Barbrey Ryswell(675) 117.
    ****
    Barbrey Ryswell(558) took 20 damage as DOT.
    Gyles Rosby(282) took 30 damage as DOT.
    Barbrey Ryswell(538) hit Gyles Rosby(252) 193.
    Gyles Rosby(59) hit Barbrey Ryswell(538) 117.
    ****
    Barbrey Ryswell(421) took 40 damage as DOT.
    Gyles Rosby(59) took 60 damage as DOT.
    Barbrey Ryswell(381) hit Gyles Rosby(-1) 193.
    Gyles Rosby(-194) hit Barbrey Ryswell(381) 117.
    ****
    Barbrey Ryswell(264) has won.
  Duel between Umbers(33) -WIZ- and Brunes(27) -WHI- has begun.
    Greatjon Umber(500) hit Lothor Brune(675) 203.
    Lothor Brune(472) hit Greatjon Umber(500) 117.
    ****
    Greatjon Umber(383) took 30 damage as DOT.
    Lothor Brune(472) took 20 damage as DOT.
    Greatjon Umber(353) hit Lothor Brune(452) 203.
    Lothor Brune(249) hit Greatjon Umber(353) 117.
    ****
    Greatjon Umber(236) took 60 damage as DOT.
    Lothor Brune(249) took 40 damage as DOT.
    Greatjon Umber(176) hit Lothor Brune(209) 203.
    Lothor Brune(6) hit Greatjon Umber(176) 117.
    ****
    Greatjon Umber(59) took 90 damage as DOT.
    Lothor Brune(6) took 60 damage as DOT.
    Greatjon Umber(-31) hit Lothor Brune(-54) 203.
    Lothor Brune(-257) hit Greatjon Umber(-31) 117.
    ****
    Both of them are dead. A draw.
  Duel between Dustins(30) -WIZ- and Rosbys(24) -WIZ- has begun.
    Barbrey Ryswell(475) hit Gyles Rosby(475) 185.
    Gyles Rosby(290) hit Barbrey Ryswell(475) 114.
    ****
    Barbrey Ryswell(361) took 20 damage as DOT.
    Gyles Rosby(290) took 20 damage as DOT.
    Barbrey Ryswell(341) hit Gyles Rosby(270) 185.
    Gyles Rosby(85) hit Barbrey Ryswell(341) 114.
    ****
    Barbrey Ryswell(227) took 40 damage as DOT.
    Gyles Rosby(85) took 40 damage as DOT.
    Barbrey Ryswell(187) hit Gyles Rosby(45) 185.
    Gyles Rosby(-140) hit Barbrey Ryswell(187) 114.
    ****
    Barbrey Ryswell(73) has won.
  Duel between Ryswells(36) -WHI- and Stokeworths(30) -WHI- has begun.
    Barbrey Ryswell(675) hit Tanda Stokeworth(675) 196.
    Tanda Stokeworth(479) hit Barbrey Ryswell(675) 120.
    ****
    Barbrey Ryswell(555) took 30 damage as DOT.
    Tanda Stokeworth(479) took 30 damage as DOT.
    Barbrey Ryswell(525) hit Tanda Stokeworth(449) 196.
    Tanda Stokeworth(253) hit Barbrey Ryswell(525) 120.
    ****
    Barbrey Ryswell(405) took 60 damage as DOT.
    Tanda Stokeworth(253) took 60 damage as DOT.
    Barbrey Ryswell(345) hit Tanda Stokeworth(193) 196.
    Tanda Stokeworth(-3) hit Barbrey Ryswell(345) 120.
    ****
    Barbrey Ryswell(225) has won.
  Duel between House Stark(50) -WIZ- and House Baratheon(50) -WIL- has begun.
    Ned Stark(525) hit Aegon Targaryen(475) 205.
    Aegon Targaryen(270) hit Ned Stark(525) 160.
    ****
    Ned Stark(365) took 25 damage as DOT.
    Aegon Targaryen(270) took 20 damage as DOT.
    Ned Stark(340) hit Aegon Targaryen(250) 205.
    Aegon Targaryen(45) hit Ned Stark(340) 160.
    ****
    Ned Stark(180) took 50 damage as DOT.
    Aegon Targaryen(45) took 40 damage as DOT.
    Ned Stark(130) hit Aegon Targaryen(5) 205.
    Aegon Targaryen(-200) hit Ned Stark(130) 160.
    ****
    Both of them are dead. A draw.
  The North got 5 house points. The Crownlands got 0 house points.

The winner is: The North with currently 1 kingdom points.
---------------
---------------
Duel 2: The Crownlands vs The Westernlands
  Duel between Rosbys(21) -WIZ- and Lannister of Lannisports(30) -WIL- has begun.
    Gyles Rosby(475) hit Reginald Lannister(475) 111.
    Reginald Lannister(364) hit Gyles Rosby(475) 215.
    ****
    Gyles Rosby(260) took 25 damage as DOT.
    Reginald Lannister(364) took 20 damage as DOT.
    Gyles Rosby(235) hit Reginald Lannister(344) 111.
    Reginald Lannister(233) hit Gyles Rosby(235) 215.
    ****
    Gyles Rosby(20) took 50 damage as DOT.
    Reginald Lannister(233) took 40 damage as DOT.
    Gyles Rosby(-30) hit Reginald Lannister(193) 111.
    Reginald Lannister(82) hit Gyles Rosby(-30) 215.
    ****
    Reginald Lannister(82) has won.
  Duel between Stokeworths(27) -WHI- and Yarwycks(30) -WHI- has begun.
    Tanda Stokeworth(675) hit Othell Yarwyck(650) 117.
    Othell Yarwyck(533) hit Tanda Stokeworth(675) 190.
    ****
    Tanda Stokeworth(485) took 30 damage as DOT.
    Othell Yarwyck(533) took 30 damage as DOT.
    Tanda Stokeworth(455) hit Othell Yarwyck(503) 117.
    Othell Yarwyck(386) hit Tanda Stokeworth(455) 190.
    ****
    Tanda Stokeworth(265) took 60 damage as DOT.
    Othell Yarwyck(386) took 60 damage as DOT.
    Tanda Stokeworth(205) hit Othell Yarwyck(326) 117.
    Othell Yarwyck(209) hit Tanda Stokeworth(205) 190.
    ****
    Tanda Stokeworth(15) took 90 damage as DOT.
    Othell Yarwyck(209) took 90 damage as DOT.
    Tanda Stokeworth(-75) hit Othell Yarwyck(119) 117.
    Othell Yarwyck(2) hit Tanda Stokeworth(-75) 190.
    ****
    Othell Yarwyck(2) has won.
  Duel between Brunes(27) -WHI- and Serretts(30) -WIZ- has begun.
    Lothor Brune(675) hit Lord Serrett(500) 117.
    Lord Serrett(383) hit Lothor Brune(675) 195.
    ****
    Lothor Brune(480) took 20 damage as DOT.
    Lord Serrett(383) took 30 damage as DOT.
    Lothor Brune(460) hit Lord Serrett(353) 117.
    Lord Serrett(236) hit Lothor Brune(460) 195.
    ****
    Lothor Brune(265) took 40 damage as DOT.
    Lord Serrett(236) took 60 damage as DOT.
    Lothor Brune(225) hit Lord Serrett(176) 117.
    Lord Serrett(59) hit Lothor Brune(225) 195.
    ****
    Lothor Brune(30) took 60 damage as DOT.
    Lord Serrett(59) took 90 damage as DOT.
    Lothor Brune(-30) hit Lord Serrett(-31) 117.
    Lord Serrett(-148) hit Lothor Brune(-30) 195.
    ****
    Both of them are dead. A draw.
  Duel between Rosbys(18) -WIZ- and Yarwycks(33) -WHI- has begun.
    Gyles Rosby(475) hit Othell Yarwyck(650) 108.
    Othell Yarwyck(542) hit Gyles Rosby(475) 193.
    ****
    Gyles Rosby(282) took 30 damage as DOT.
    Othell Yarwyck(542) took 20 damage as DOT.
    Gyles Rosby(252) hit Othell Yarwyck(522) 108.
    Othell Yarwyck(414) hit Gyles Rosby(252) 193.
    ****
    Gyles Rosby(59) took 60 damage as DOT.
    Othell Yarwyck(414) took 40 damage as DOT.
    Gyles Rosby(-1) hit Othell Yarwyck(374) 108.
    Othell Yarwyck(266) hit Gyles Rosby(-1) 193.
    ****
    Othell Yarwyck(266) has won.
  Duel between Stokeworths(24) -WHI- and Serretts(30) -WIZ- has begun.
    Tanda Stokeworth(675) hit Lord Serrett(500) 114.
    Lord Serrett(386) hit Tanda Stokeworth(675) 195.
    ****
    Tanda Stokeworth(480) took 20 damage as DOT.
    Lord Serrett(386) took 30 damage as DOT.
    Tanda Stokeworth(460) hit Lord Serrett(356) 114.
    Lord Serrett(242) hit Tanda Stokeworth(460) 195.
    ****
    Tanda Stokeworth(265) took 40 damage as DOT.
    Lord Serrett(242) took 60 damage as DOT.
    Tanda Stokeworth(225) hit Lord Serrett(182) 114.
    Lord Serrett(68) hit Tanda Stokeworth(225) 195.
    ****
    Tanda Stokeworth(30) took 60 damage as DOT.
    Lord Serrett(68) took 90 damage as DOT.
    Tanda Stokeworth(-30) hit Lord Serrett(-22) 114.
    Lord Serrett(-136) hit Tanda Stokeworth(-30) 195.
    ****
    Both of them are dead. A draw.
  Duel between Brunes(27) -WHI- and Lannister of Lannisports(33) -WIL- has begun.
    Lothor Brune(675) hit Reginald Lannister(475) 117.
    Reginald Lannister(358) hit Lothor Brune(675) 218.
    ****
    Lothor Brune(457) took 25 damage as DOT.
    Reginald Lannister(358) took 30 damage as DOT.
    Lothor Brune(432) hit Reginald Lannister(328) 117.
    Reginald Lannister(211) hit Lothor Brune(432) 218.
    ****
    Lothor Brune(214) took 50 damage as DOT.
    Reginald Lannister(211) took 60 damage as DOT.
    Lothor Brune(164) hit Reginald Lannister(151) 117.
    Reginald Lannister(34) hit Lothor Brune(164) 218.
    ****
    Reginald Lannister(34) has won.
  Duel between Rosbys(15) -WIZ- and Serretts(30) -WIZ- has begun.
    Gyles Rosby(475) hit Lord Serrett(500) 105.
    Lord Serrett(395) hit Gyles Rosby(475) 195.
    ****
    Gyles Rosby(280) took 20 damage as DOT.
    Lord Serrett(395) took 20 damage as DOT.
    Gyles Rosby(260) hit Lord Serrett(375) 105.
    Lord Serrett(270) hit Gyles Rosby(260) 195.
    ****
    Gyles Rosby(65) took 40 damage as DOT.
    Lord Serrett(270) took 40 damage as DOT.
    Gyles Rosby(25) hit Lord Serrett(230) 105.
    Lord Serrett(125) hit Gyles Rosby(25) 195.
    ****
    Lord Serrett(125) has won.
  Duel between Stokeworths(24) -WHI- and Lannister of Lannisports(36) -WIL- has begun.
    Tanda Stokeworth(675) hit Reginald Lannister(475) 114.
    Reginald Lannister(361) hit Tanda Stokeworth(675) 221.
    ****
    Tanda Stokeworth(454) took 25 damage as DOT.
    Reginald Lannister(361) took 30 damage as DOT.
    Tanda Stokeworth(429) hit Reginald Lannister(331) 114.
    Reginald Lannister(217) hit Tanda Stokeworth(429) 221.
    ****
    Tanda Stokeworth(208) took 50 damage as DOT.
    Reginald Lannister(217) took 60 damage as DOT.
    Tanda Stokeworth(158) hit Reginald Lannister(157) 114.
    Reginald Lannister(43) hit Tanda Stokeworth(158) 221.
    ****
    Reginald Lannister(43) has won.
  Duel between Brunes(24) -WHI- and Yarwycks(36) -WHI- has begun.
    Lothor Brune(675) hit Othell Yarwyck(650) 114.
    Othell Yarwyck(536) hit Lothor Brune(675) 196.
    ****
    Lothor Brune(479) took 30 damage as DOT.
    Othell Yarwyck(536) took 30 damage as DOT.
    Lothor Brune(449) hit Othell Yarwyck(506) 114.
    Othell Yarwyck(392) hit Lothor Brune(449) 196.
    ****
    Lothor Brune(253) took 60 damage as DOT.
    Othell Yarwyck(392) took 60 damage as DOT.
    Lothor Brune(193) hit Othell Yarwyck(332) 114.
    Othell Yarwyck(218) hit Lothor Brune(193) 196.
    ****
    Othell Yarwyck(218) has won.
  Duel between House Baratheon(50) -WIL- and House Frey(50) -WIZ- has begun.
    Aegon Targaryen(475) hit Kevan Lannister(500) 160.
    Kevan Lannister(340) hit Aegon Targaryen(475) 220.
    ****
    Aegon Targaryen(255) took 20 damage as DOT.
    Kevan Lannister(340) took 25 damage as DOT.
    Aegon Targaryen(235) hit Kevan Lannister(315) 160.
    Kevan Lannister(155) hit Aegon Targaryen(235) 220.
    ****
    Aegon Targaryen(15) took 40 damage as DOT.
    Kevan Lannister(155) took 50 damage as DOT.
    Aegon Targaryen(-25) hit Kevan Lannister(105) 160.
    Kevan Lannister(-55) hit Aegon Targaryen(-25) 220.
    ****
    Both of them are dead. A draw.
  The Crownlands got 0 house points. The Westernlands got 7 house points.

The winner is: The Westernlands with currently 1 kingdom points.
---------------
---------------
Duel 3: The Westernlands vs The Stormlands
  Duel between Lannister of Lannisports(39) -WIL- and Tarths(30) -WIZ- has begun.
    Reginald Lannister(475) hit Brienne Tarth(455) 224.
    Brienne Tarth(231) hit Reginald Lannister(475) 215.
    ****
    Reginald Lannister(260) took 20 damage as DOT.
    Brienne Tarth(231) took 25 damage as DOT.
    Reginald Lannister(240) hit Brienne Tarth(206) 224.
    Brienne Tarth(-18) hit Reginald Lannister(240) 215.
    ****
    Reginald Lannister(25) has won.
  Duel between Yarwycks(39) -WHI- and Estermonts(30) -WHI- has begun.
    Othell Yarwyck(650) hit Cassana Estermont(605) 199.
    Cassana Estermont(406) hit Othell Yarwyck(650) 210.
    ****
    Othell Yarwyck(440) took 30 damage as DOT.
    Cassana Estermont(406) took 30 damage as DOT.
    Othell Yarwyck(410) hit Cassana Estermont(376) 199.
    Cassana Estermont(177) hit Othell Yarwyck(410) 210.
    ****
    Othell Yarwyck(200) took 60 damage as DOT.
    Cassana Estermont(177) took 60 damage as DOT.
    Othell Yarwyck(140) hit Cassana Estermont(117) 199.
    Cassana Estermont(-82) hit Othell Yarwyck(140) 210.
    ****
    Both of them are dead. A draw.
  Duel between Serretts(33) -WIZ- and Errols(30) -WHI- has begun.
    Lord Serrett(500) hit Lord Errol(605) 198.
    Lord Errol(407) hit Lord Serrett(500) 210.
    ****
    Lord Serrett(290) took 30 damage as DOT.
    Lord Errol(407) took 20 damage as DOT.
    Lord Serrett(260) hit Lord Errol(387) 198.
    Lord Errol(189) hit Lord Serrett(260) 210.
    ****
    Lord Serrett(50) took 60 damage as DOT.
    Lord Errol(189) took 40 damage as DOT.
    Lord Serrett(-10) hit Lord Errol(149) 198.
    Lord Errol(-49) hit Lord Serrett(-10) 210.
    ****
    Both of them are dead. A draw.
  Duel between Lannister of Lannisports(42) -WIL- and Estermonts(30) -WHI- has begun.
    Reginald Lannister(475) hit Cassana Estermont(605) 227.
    Cassana Estermont(378) hit Reginald Lannister(475) 210.
    ****
    Reginald Lannister(265) took 30 damage as DOT.
    Cassana Estermont(378) took 25 damage as DOT.
    Reginald Lannister(235) hit Cassana Estermont(353) 227.
    Cassana Estermont(126) hit Reginald Lannister(235) 210.
    ****
    Reginald Lannister(25) took 60 damage as DOT.
    Cassana Estermont(126) took 50 damage as DOT.
    Reginald Lannister(-35) hit Cassana Estermont(76) 227.
    Cassana Estermont(-151) hit Reginald Lannister(-35) 210.
    ****
    Both of them are dead. A draw.
  Duel between Yarwycks(39) -WHI- and Errols(30) -WHI- has begun.
    Othell Yarwyck(650) hit Lord Errol(605) 199.
    Lord Errol(406) hit Othell Yarwyck(650) 210.
    ****
    Othell Yarwyck(440) took 30 damage as DOT.
    Lord Errol(406) took 30 damage as DOT.
    Othell Yarwyck(410) hit Lord Errol(376) 199.
    Lord Errol(177) hit Othell Yarwyck(410) 210.
    ****
    Othell Yarwyck(200) took 60 damage as DOT.
    Lord Errol(177) took 60 damage as DOT.
    Othell Yarwyck(140) hit Lord Errol(117) 199.
    Lord Errol(-82) hit Othell Yarwyck(140) 210.
    ****
    Both of them are dead. A draw.
  Duel between Serretts(33) -WIZ- and Tarths(27) -WIZ- has begun.
    Lord Serrett(500) hit Brienne Tarth(455) 198.
    Brienne Tarth(257) hit Lord Serrett(500) 212.
    ****
    Lord Serrett(288) took 20 damage as DOT.
    Brienne Tarth(257) took 20 damage as DOT.
    Lord Serrett(268) hit Brienne Tarth(237) 198.
    Brienne Tarth(39) hit Lord Serrett(268) 212.
    ****
    Lord Serrett(56) took 40 damage as DOT.
    Brienne Tarth(39) took 40 damage as DOT.
    Lord Serrett(16) hit Brienne Tarth(-1) 198.
    Brienne Tarth(-199) hit Lord Serrett(16) 212.
    ****
    Both of them are dead. A draw.
  Duel between Lannister of Lannisports(42) -WIL- and Errols(30) -WHI- has begun.
    Reginald Lannister(475) hit Lord Errol(605) 227.
    Lord Errol(378) hit Reginald Lannister(475) 210.
    ****
    Reginald Lannister(265) took 30 damage as DOT.
    Lord Errol(378) took 25 damage as DOT.
    Reginald Lannister(235) hit Lord Errol(353) 227.
    Lord Errol(126) hit Reginald Lannister(235) 210.
    ****
    Reginald Lannister(25) took 60 damage as DOT.
    Lord Errol(126) took 50 damage as DOT.
    Reginald Lannister(-35) hit Lord Errol(76) 227.
    Lord Errol(-151) hit Reginald Lannister(-35) 210.
    ****
    Both of them are dead. A draw.
  Duel between Yarwycks(39) -WHI- and Tarths(27) -WIZ- has begun.
    Othell Yarwyck(650) hit Brienne Tarth(455) 199.
    Brienne Tarth(256) hit Othell Yarwyck(650) 212.
    ****
    Othell Yarwyck(438) took 20 damage as DOT.
    Brienne Tarth(256) took 30 damage as DOT.
    Othell Yarwyck(418) hit Brienne Tarth(226) 199.
    Brienne Tarth(27) hit Othell Yarwyck(418) 212.
    ****
    Othell Yarwyck(206) took 40 damage as DOT.
    Brienne Tarth(27) took 60 damage as DOT.
    Othell Yarwyck(166) hit Brienne Tarth(-33) 199.
    Brienne Tarth(-232) hit Othell Yarwyck(166) 212.
    ****
    Both of them are dead. A draw.
  Duel between Serretts(33) -WIZ- and Estermonts(30) -WHI- has begun.
    Lord Serrett(500) hit Cassana Estermont(605) 198.
    Cassana Estermont(407) hit Lord Serrett(500) 210.
    ****
    Lord Serrett(290) took 30 damage as DOT.
    Cassana Estermont(407) took 20 damage as DOT.
    Lord Serrett(260) hit Cassana Estermont(387) 198.
    Cassana Estermont(189) hit Lord Serrett(260) 210.
    ****
    Lord Serrett(50) took 60 damage as DOT.
    Cassana Estermont(189) took 40 damage as DOT.
    Lord Serrett(-10) hit Cassana Estermont(149) 198.
    Cassana Estermont(-49) hit Lord Serrett(-10) 210.
    ****
    Both of them are dead. A draw.
  Duel between House Frey(50) -WIZ- and House Tyrell(50) -WIZ- has begun.
    Kevan Lannister(500) hit Robert Baratheon(430) 220.
    Robert Baratheon(210) hit Kevan Lannister(500) 225.
    ****
    Kevan Lannister(275) took 20 damage as DOT.
    Robert Baratheon(210) took 20 damage as DOT.
    Kevan Lannister(255) hit Robert Baratheon(190) 220.
    Robert Baratheon(-30) hit Kevan Lannister(255) 225.
    ****
    Kevan Lannister(30) has won.
  The Westernlands got 4 house points. The Stormlands got 0 house points.

The winner is: The Westernlands with currently 2 kingdom points.
---------------
---------------
Duel 4: The North vs The Westernlands
  Duel between Umbers(33) -WIZ- and Lannister of Lannisports(42) -WIL- has begun.
    Greatjon Umber(500) hit Reginald Lannister(475) 203.
    Reginald Lannister(272) hit Greatjon Umber(500) 227.
    ****
    Greatjon Umber(273) took 25 damage as DOT.
    Reginald Lannister(272) took 20 damage as DOT.
    Greatjon Umber(248) hit Reginald Lannister(252) 203.
    Reginald Lannister(49) hit Greatjon Umber(248) 227.
    ****
    Greatjon Umber(21) took 50 damage as DOT.
    Reginald Lannister(49) took 40 damage as DOT.
    Greatjon Umber(-29) hit Reginald Lannister(9) 203.
    Reginald Lannister(-194) hit Greatjon Umber(-29) 227.
    ****
    Both of them are dead. A draw.
  Duel between Dustins(33) -WIZ- and Yarwycks(39) -WHI- has begun.
    Barbrey Ryswell(475) hit Othell Yarwyck(650) 188.
    Othell Yarwyck(462) hit Barbrey Ryswell(475) 199.
    ****
    Barbrey Ryswell(276) took 30 damage as DOT.
    Othell Yarwyck(462) took 20 damage as DOT.
    Barbrey Ryswell(246) hit Othell Yarwyck(442) 188.
    Othell Yarwyck(254) hit Barbrey Ryswell(246) 199.
    ****
    Barbrey Ryswell(47) took 60 damage as DOT.
    Othell Yarwyck(254) took 40 damage as DOT.
    Barbrey Ryswell(-13) hit Othell Yarwyck(214) 188.
    Othell Yarwyck(26) hit Barbrey Ryswell(-13) 199.
    ****
    Othell Yarwyck(26) has won.
  Duel between Ryswells(39) -WHI- and Serretts(33) -WIZ- has begun.
    Barbrey Ryswell(675) hit Lord Serrett(500) 199.
    Lord Serrett(301) hit Barbrey Ryswell(675) 198.
    ****
    Barbrey Ryswell(477) took 20 damage as DOT.
    Lord Serrett(301) took 30 damage as DOT.
    Barbrey Ryswell(457) hit Lord Serrett(271) 199.
    Lord Serrett(72) hit Barbrey Ryswell(457) 198.
    ****
    Barbrey Ryswell(259) took 40 damage as DOT.
    Lord Serrett(72) took 60 damage as DOT.
    Barbrey Ryswell(219) hit Lord Serrett(12) 199.
    Lord Serrett(-187) hit Barbrey Ryswell(219) 198.
    ****
    Barbrey Ryswell(21) has won.
  Duel between Umbers(33) -WIZ- and Yarwycks(42) -WHI- has begun.
    Greatjon Umber(500) hit Othell Yarwyck(650) 203.
    Othell Yarwyck(447) hit Greatjon Umber(500) 202.
    ****
    Greatjon Umber(298) took 30 damage as DOT.
    Othell Yarwyck(447) took 20 damage as DOT.
    Greatjon Umber(268) hit Othell Yarwyck(427) 203.
    Othell Yarwyck(224) hit Greatjon Umber(268) 202.
    ****
    Greatjon Umber(66) took 60 damage as DOT.
    Othell Yarwyck(224) took 40 damage as DOT.
    Greatjon Umber(6) hit Othell Yarwyck(184) 203.
    Othell Yarwyck(-19) hit Greatjon Umber(6) 202.
    ****
    Both of them are dead. A draw.
  Duel between Dustins(30) -WIZ- and Serretts(30) -WIZ- has begun.
    Barbrey Ryswell(475) hit Lord Serrett(500) 185.
    Lord Serrett(315) hit Barbrey Ryswell(475) 195.
    ****
    Barbrey Ryswell(280) took 20 damage as DOT.
    Lord Serrett(315) took 20 damage as DOT.
    Barbrey Ryswell(260) hit Lord Serrett(295) 185.
    Lord Serrett(110) hit Barbrey Ryswell(260) 195.
    ****
    Barbrey Ryswell(65) took 40 damage as DOT.
    Lord Serrett(110) took 40 damage as DOT.
    Barbrey Ryswell(25) hit Lord Serrett(70) 185.
    Lord Serrett(-115) hit Barbrey Ryswell(25) 195.
    ****
    Both of them are dead. A draw.
  Duel between Ryswells(42) -WHI- and Lannister of Lannisports(42) -WIL- has begun.
    Barbrey Ryswell(675) hit Reginald Lannister(475) 202.
    Reginald Lannister(273) hit Barbrey Ryswell(675) 227.
    ****
    Barbrey Ryswell(448) took 25 damage as DOT.
    Reginald Lannister(273) took 30 damage as DOT.
    Barbrey Ryswell(423) hit Reginald Lannister(243) 202.
    Reginald Lannister(41) hit Barbrey Ryswell(423) 227.
    ****
    Barbrey Ryswell(196) took 50 damage as DOT.
    Reginald Lannister(41) took 60 damage as DOT.
    Barbrey Ryswell(146) hit Reginald Lannister(-19) 202.
    Reginald Lannister(-221) hit Barbrey Ryswell(146) 227.
    ****
    Both of them are dead. A draw.
  Duel between Umbers(33) -WIZ- and Serretts(30) -WIZ- has begun.
    Greatjon Umber(500) hit Lord Serrett(500) 203.
    Lord Serrett(297) hit Greatjon Umber(500) 195.
    ****
    Greatjon Umber(305) took 20 damage as DOT.
    Lord Serrett(297) took 20 damage as DOT.
    Greatjon Umber(285) hit Lord Serrett(277) 203.
    Lord Serrett(74) hit Greatjon Umber(285) 195.
    ****
    Greatjon Umber(90) took 40 damage as DOT.
    Lord Serrett(74) took 40 damage as DOT.
    Greatjon Umber(50) hit Lord Serrett(34) 203.
    Lord Serrett(-169) hit Greatjon Umber(50) 195.
    ****
    Both of them are dead. A draw.
  Duel between Dustins(30) -WIZ- and Lannister of Lannisports(42) -WIL- has begun.
    Barbrey Ryswell(475) hit Reginald Lannister(475) 185.
    Reginald Lannister(290) hit Barbrey Ryswell(475) 227.
    ****
    Barbrey Ryswell(248) took 25 damage as DOT.
    Reginald Lannister(290) took 20 damage as DOT.
    Barbrey Ryswell(223) hit Reginald Lannister(270) 185.
    Reginald Lannister(85) hit Barbrey Ryswell(223) 227.
    ****
    Reginald Lannister(85) has won.
  Duel between Ryswells(42) -WHI- and Yarwycks(42) -WHI- has begun.
    Barbrey Ryswell(675) hit Othell Yarwyck(650) 202.
    Othell Yarwyck(448) hit Barbrey Ryswell(675) 202.
    ****
    Barbrey Ryswell(473) took 30 damage as DOT.
    Othell Yarwyck(448) took 30 damage as DOT.
    Barbrey Ryswell(443) hit Othell Yarwyck(418) 202.
    Othell Yarwyck(216) hit Barbrey Ryswell(443) 202.
    ****
    Barbrey Ryswell(241) took 60 damage as DOT.
    Othell Yarwyck(216) took 60 damage as DOT.
    Barbrey Ryswell(181) hit Othell Yarwyck(156) 202.
    Othell Yarwyck(-46) hit Barbrey Ryswell(181) 202.
    ****
    Both of them are dead. A draw.
  Duel between House Stark(50) -WIZ- and House Frey(59) -WIZ- has begun.
    Ned Stark(525) hit Kevan Lannister(500) 205.
    Kevan Lannister(295) hit Ned Stark(525) 229.
    ****
    Ned Stark(296) took 20 damage as DOT.
    Kevan Lannister(295) took 20 damage as DOT.
    Ned Stark(276) hit Kevan Lannister(275) 205.
    Kevan Lannister(70) hit Ned Stark(276) 229.
    ****
    Ned Stark(47) took 40 damage as DOT.
    Kevan Lannister(70) took 40 damage as DOT.
    Ned Stark(7) hit Kevan Lannister(30) 205.
    Kevan Lannister(-175) hit Ned Stark(7) 229.
    ****
    Both of them are dead. A draw.
  The North got 1 house points. The Westernlands got 2 house points.

The winner is: The Westernlands with currently 3 kingdom points.
---------------
---------------
Duel 5: The Crownlands vs The Stormlands
  Duel between Rosbys(12) -WIZ- and Tarths(27) -WIZ- has begun.
    Gyles Rosby(475) hit Brienne Tarth(455) 102.
    Brienne Tarth(353) hit Gyles Rosby(475) 212.
    ****
    Gyles Rosby(263) took 20 damage as DOT.
    Brienne Tarth(353) took 20 damage as DOT.
    Gyles Rosby(243) hit Brienne Tarth(333) 102.
    Brienne Tarth(231) hit Gyles Rosby(243) 212.
    ****
    Gyles Rosby(31) took 40 damage as DOT.
    Brienne Tarth(231) took 40 damage as DOT.
    Gyles Rosby(-9) hit Brienne Tarth(191) 102.
    Brienne Tarth(89) hit Gyles Rosby(-9) 212.
    ****
    Brienne Tarth(89) has won.
  Duel between Stokeworths(21) -WHI- and Estermonts(30) -WHI- has begun.
    Tanda Stokeworth(675) hit Cassana Estermont(605) 111.
    Cassana Estermont(494) hit Tanda Stokeworth(675) 210.
    ****
    Tanda Stokeworth(465) took 30 damage as DOT.
    Cassana Estermont(494) took 30 damage as DOT.
    Tanda Stokeworth(435) hit Cassana Estermont(464) 111.
    Cassana Estermont(353) hit Tanda Stokeworth(435) 210.
    ****
    Tanda Stokeworth(225) took 60 damage as DOT.
    Cassana Estermont(353) took 60 damage as DOT.
    Tanda Stokeworth(165) hit Cassana Estermont(293) 111.
    Cassana Estermont(182) hit Tanda Stokeworth(165) 210.
    ****
    Cassana Estermont(182) has won.
  Duel between Brunes(21) -WHI- and Errols(30) -WHI- has begun.
    Lothor Brune(675) hit Lord Errol(605) 111.
    Lord Errol(494) hit Lothor Brune(675) 210.
    ****
    Lothor Brune(465) took 30 damage as DOT.
    Lord Errol(494) took 30 damage as DOT.
    Lothor Brune(435) hit Lord Errol(464) 111.
    Lord Errol(353) hit Lothor Brune(435) 210.
    ****
    Lothor Brune(225) took 60 damage as DOT.
    Lord Errol(353) took 60 damage as DOT.
    Lothor Brune(165) hit Lord Errol(293) 111.
    Lord Errol(182) hit Lothor Brune(165) 210.
    ****
    Lord Errol(182) has won.
  Duel between Rosbys(9) -WIZ- and Estermonts(33) -WHI- has begun.
    Gyles Rosby(475) hit Cassana Estermont(605) 99.
    Cassana Estermont(506) hit Gyles Rosby(475) 213.
    ****
    Gyles Rosby(262) took 30 damage as DOT.
    Cassana Estermont(506) took 20 damage as DOT.
    Gyles Rosby(232) hit Cassana Estermont(486) 99.
    Cassana Estermont(387) hit Gyles Rosby(232) 213.
    ****
    Gyles Rosby(19) took 60 damage as DOT.
    Cassana Estermont(387) took 40 damage as DOT.
    Gyles Rosby(-41) hit Cassana Estermont(347) 99.
    Cassana Estermont(248) hit Gyles Rosby(-41) 213.
    ****
    Cassana Estermont(248) has won.
  Duel between Stokeworths(18) -WHI- and Errols(33) -WHI- has begun.
    Tanda Stokeworth(675) hit Lord Errol(605) 108.
    Lord Errol(497) hit Tanda Stokeworth(675) 213.
    ****
    Tanda Stokeworth(462) took 30 damage as DOT.
    Lord Errol(497) took 30 damage as DOT.
    Tanda Stokeworth(432) hit Lord Errol(467) 108.
    Lord Errol(359) hit Tanda Stokeworth(432) 213.
    ****
    Tanda Stokeworth(219) took 60 damage as DOT.
    Lord Errol(359) took 60 damage as DOT.
    Tanda Stokeworth(159) hit Lord Errol(299) 108.
    Lord Errol(191) hit Tanda Stokeworth(159) 213.
    ****
    Lord Errol(191) has won.
  Duel between Brunes(18) -WHI- and Tarths(30) -WIZ- has begun.
    Lothor Brune(675) hit Brienne Tarth(455) 108.
    Brienne Tarth(347) hit Lothor Brune(675) 215.
    ****
    Lothor Brune(460) took 20 damage as DOT.
    Brienne Tarth(347) took 30 damage as DOT.
    Lothor Brune(440) hit Brienne Tarth(317) 108.
    Brienne Tarth(209) hit Lothor Brune(440) 215.
    ****
    Lothor Brune(225) took 40 damage as DOT.
    Brienne Tarth(209) took 60 damage as DOT.
    Lothor Brune(185) hit Brienne Tarth(149) 108.
    Brienne Tarth(41) hit Lothor Brune(185) 215.
    ****
    Brienne Tarth(41) has won.
  Duel between Rosbys(6) -WIZ- and Errols(36) -WHI- has begun.
    Gyles Rosby(475) hit Lord Errol(605) 96.
    Lord Errol(509) hit Gyles Rosby(475) 216.
    ****
    Gyles Rosby(259) took 30 damage as DOT.
    Lord Errol(509) took 20 damage as DOT.
    Gyles Rosby(229) hit Lord Errol(489) 96.
    Lord Errol(393) hit Gyles Rosby(229) 216.
    ****
    Gyles Rosby(13) took 60 damage as DOT.
    Lord Errol(393) took 40 damage as DOT.
    Gyles Rosby(-47) hit Lord Errol(353) 96.
    Lord Errol(257) hit Gyles Rosby(-47) 216.
    ****
    Lord Errol(257) has won.
  Duel between Stokeworths(15) -WHI- and Tarths(33) -WIZ- has begun.
    Tanda Stokeworth(675) hit Brienne Tarth(455) 105.
    Brienne Tarth(350) hit Tanda Stokeworth(675) 218.
    ****
    Tanda Stokeworth(457) took 20 damage as DOT.
    Brienne Tarth(350) took 30 damage as DOT.
    Tanda Stokeworth(437) hit Brienne Tarth(320) 105.
    Brienne Tarth(215) hit Tanda Stokeworth(437) 218.
    ****
    Tanda Stokeworth(219) took 40 damage as DOT.
    Brienne Tarth(215) took 60 damage as DOT.
    Tanda Stokeworth(179) hit Brienne Tarth(155) 105.
    Brienne Tarth(50) hit Tanda Stokeworth(179) 218.
    ****
    Brienne Tarth(50) has won.
  Duel between Brunes(15) -WHI- and Estermonts(36) -WHI- has begun.
    Lothor Brune(675) hit Cassana Estermont(605) 105.
    Cassana Estermont(500) hit Lothor Brune(675) 216.
    ****
    Lothor Brune(459) took 30 damage as DOT.
    Cassana Estermont(500) took 30 damage as DOT.
    Lothor Brune(429) hit Cassana Estermont(470) 105.
    Cassana Estermont(365) hit Lothor Brune(429) 216.
    ****
    Lothor Brune(213) took 60 damage as DOT.
    Cassana Estermont(365) took 60 damage as DOT.
    Lothor Brune(153) hit Cassana Estermont(305) 105.
    Cassana Estermont(200) hit Lothor Brune(153) 216.
    ****
    Cassana Estermont(200) has won.
  Duel between House Baratheon(50) -WIL- and House Tyrell(37) -WIZ- has begun.
    Aegon Targaryen(475) hit Robert Baratheon(430) 160.
    Robert Baratheon(270) hit Aegon Targaryen(475) 212.
    ****
    Aegon Targaryen(263) took 20 damage as DOT.
    Robert Baratheon(270) took 25 damage as DOT.
    Aegon Targaryen(243) hit Robert Baratheon(245) 160.
    Robert Baratheon(85) hit Aegon Targaryen(243) 212.
    ****
    Aegon Targaryen(31) took 40 damage as DOT.
    Robert Baratheon(85) took 50 damage as DOT.
    Aegon Targaryen(-9) hit Robert Baratheon(35) 160.
    Robert Baratheon(-125) hit Aegon Targaryen(-9) 212.
    ****
    Both of them are dead. A draw.
  The Crownlands got 0 house points. The Stormlands got 9 house points.

The winner is: The Stormlands with currently 1 kingdom points.
---------------
---------------
Duel 6: The North vs The Stormlands
  Duel between Umbers(33) -WIZ- and Tarths(36) -WIZ- has begun.
    Greatjon Umber(500) hit Brienne Tarth(455) 203.
    Brienne Tarth(252) hit Greatjon Umber(500) 221.
    ****
    Greatjon Umber(279) took 20 damage as DOT.
    Brienne Tarth(252) took 20 damage as DOT.
    Greatjon Umber(259) hit Brienne Tarth(232) 203.
    Brienne Tarth(29) hit Greatjon Umber(259) 221.
    ****
    Greatjon Umber(38) took 40 damage as DOT.
    Brienne Tarth(29) took 40 damage as DOT.
    Greatjon Umber(-2) hit Brienne Tarth(-11) 203.
    Brienne Tarth(-214) hit Greatjon Umber(-2) 221.
    ****
    Both of them are dead. A draw.
  Duel between Dustins(27) -WIZ- and Estermonts(39) -WHI- has begun.
    Barbrey Ryswell(475) hit Cassana Estermont(605) 182.
    Cassana Estermont(423) hit Barbrey Ryswell(475) 219.
    ****
    Barbrey Ryswell(256) took 30 damage as DOT.
    Cassana Estermont(423) took 20 damage as DOT.
    Barbrey Ryswell(226) hit Cassana Estermont(403) 182.
    Cassana Estermont(221) hit Barbrey Ryswell(226) 219.
    ****
    Barbrey Ryswell(7) took 60 damage as DOT.
    Cassana Estermont(221) took 40 damage as DOT.
    Barbrey Ryswell(-53) hit Cassana Estermont(181) 182.
    Cassana Estermont(-1) hit Barbrey Ryswell(-53) 219.
    ****
    Both of them are dead. A draw.
  Duel between Ryswells(42) -WHI- and Errols(39) -WHI- has begun.
    Barbrey Ryswell(675) hit Lord Errol(605) 202.
    Lord Errol(403) hit Barbrey Ryswell(675) 219.
    ****
    Barbrey Ryswell(456) took 30 damage as DOT.
    Lord Errol(403) took 30 damage as DOT.
    Barbrey Ryswell(426) hit Lord Errol(373) 202.
    Lord Errol(171) hit Barbrey Ryswell(426) 219.
    ****
    Barbrey Ryswell(207) took 60 damage as DOT.
    Lord Errol(171) took 60 damage as DOT.
    Barbrey Ryswell(147) hit Lord Errol(111) 202.
    Lord Errol(-91) hit Barbrey Ryswell(147) 219.
    ****
    Both of them are dead. A draw.
  Duel between Umbers(33) -WIZ- and Estermonts(39) -WHI- has begun.
    Greatjon Umber(500) hit Cassana Estermont(605) 203.
    Cassana Estermont(402) hit Greatjon Umber(500) 219.
    ****
    Greatjon Umber(281) took 30 damage as DOT.
    Cassana Estermont(402) took 20 damage as DOT.
    Greatjon Umber(251) hit Cassana Estermont(382) 203.
    Cassana Estermont(179) hit Greatjon Umber(251) 219.
    ****
    Greatjon Umber(32) took 60 damage as DOT.
    Cassana Estermont(179) took 40 damage as DOT.
    Greatjon Umber(-28) hit Cassana Estermont(139) 203.
    Cassana Estermont(-64) hit Greatjon Umber(-28) 219.
    ****
    Both of them are dead. A draw.
  Duel between Dustins(27) -WIZ- and Errols(39) -WHI- has begun.
    Barbrey Ryswell(475) hit Lord Errol(605) 182.
    Lord Errol(423) hit Barbrey Ryswell(475) 219.
    ****
    Barbrey Ryswell(256) took 30 damage as DOT.
    Lord Errol(423) took 20 damage as DOT.
    Barbrey Ryswell(226) hit Lord Errol(403) 182.
    Lord Errol(221) hit Barbrey Ryswell(226) 219.
    ****
    Barbrey Ryswell(7) took 60 damage as DOT.
    Lord Errol(221) took 40 damage as DOT.
    Barbrey Ryswell(-53) hit Lord Errol(181) 182.
    Lord Errol(-1) hit Barbrey Ryswell(-53) 219.
    ****
    Both of them are dead. A draw.
  Duel between Ryswells(42) -WHI- and Tarths(36) -WIZ- has begun.
    Barbrey Ryswell(675) hit Brienne Tarth(455) 202.
    Brienne Tarth(253) hit Barbrey Ryswell(675) 221.
    ****
    Barbrey Ryswell(454) took 20 damage as DOT.
    Brienne Tarth(253) took 30 damage as DOT.
    Barbrey Ryswell(434) hit Brienne Tarth(223) 202.
    Brienne Tarth(21) hit Barbrey Ryswell(434) 221.
    ****
    Barbrey Ryswell(213) took 40 damage as DOT.
    Brienne Tarth(21) took 60 damage as DOT.
    Barbrey Ryswell(173) hit Brienne Tarth(-39) 202.
    Brienne Tarth(-241) hit Barbrey Ryswell(173) 221.
    ****
    Both of them are dead. A draw.
  Duel between Umbers(33) -WIZ- and Errols(39) -WHI- has begun.
    Greatjon Umber(500) hit Lord Errol(605) 203.
    Lord Errol(402) hit Greatjon Umber(500) 219.
    ****
    Greatjon Umber(281) took 30 damage as DOT.
    Lord Errol(402) took 20 damage as DOT.
    Greatjon Umber(251) hit Lord Errol(382) 203.
    Lord Errol(179) hit Greatjon Umber(251) 219.
    ****
    Greatjon Umber(32) took 60 damage as DOT.
    Lord Errol(179) took 40 damage as DOT.
    Greatjon Umber(-28) hit Lord Errol(139) 203.
    Lord Errol(-64) hit Greatjon Umber(-28) 219.
    ****
    Both of them are dead. A draw.
  Duel between Dustins(27) -WIZ- and Tarths(36) -WIZ- has begun.
    Barbrey Ryswell(475) hit Brienne Tarth(455) 182.
    Brienne Tarth(273) hit Barbrey Ryswell(475) 221.
    ****
    Barbrey Ryswell(254) took 20 damage as DOT.
    Brienne Tarth(273) took 20 damage as DOT.
    Barbrey Ryswell(234) hit Brienne Tarth(253) 182.
    Brienne Tarth(71) hit Barbrey Ryswell(234) 221.
    ****
    Barbrey Ryswell(13) took 40 damage as DOT.
    Brienne Tarth(71) took 40 damage as DOT.
    Barbrey Ryswell(-27) hit Brienne Tarth(31) 182.
    Brienne Tarth(-151) hit Barbrey Ryswell(-27) 221.
    ****
    Both of them are dead. A draw.
  Duel between Ryswells(42) -WHI- and Estermonts(39) -WHI- has begun.
    Barbrey Ryswell(675) hit Cassana Estermont(605) 202.
    Cassana Estermont(403) hit Barbrey Ryswell(675) 219.
    ****
    Barbrey Ryswell(456) took 30 damage as DOT.
    Cassana Estermont(403) took 30 damage as DOT.
    Barbrey Ryswell(426) hit Cassana Estermont(373) 202.
    Cassana Estermont(171) hit Barbrey Ryswell(426) 219.
    ****
    Barbrey Ryswell(207) took 60 damage as DOT.
    Cassana Estermont(171) took 60 damage as DOT.
    Barbrey Ryswell(147) hit Cassana Estermont(111) 202.
    Cassana Estermont(-91) hit Barbrey Ryswell(147) 219.
    ****
    Both of them are dead. A draw.
  Duel between House Stark(50) -WIZ- and House Tyrell(37) -WIZ- has begun.
    Ned Stark(525) hit Robert Baratheon(430) 205.
    Robert Baratheon(225) hit Ned Stark(525) 212.
    ****
    Ned Stark(313) took 20 damage as DOT.
    Robert Baratheon(225) took 20 damage as DOT.
    Ned Stark(293) hit Robert Baratheon(205) 205.
    Robert Baratheon(0) hit Ned Stark(293) 212.
    ****
    Ned Stark(81) has won.
  The North got 3 house points. The Stormlands got 0 house points.

The winner is: The North with currently 2 kingdom points.
---------------
The War is over. The new owner of King's Landing is The Westernlands with a total of 3 points.

