War has started with 4 kingdoms.
---------------
Duel 1: The Crownlands vs Dorne
  Duel between Slynts(30) -WIZ- and Qorgyles(30) -WIL- has begun.
    Janos Slynt(430) hit Quentyn Qorgyle(455) 220.
    Quentyn Qorgyle(235) hit Janos Slynt(430) 235.
    ****
    Janos Slynt(195) took 25 damage as DOT.
    Quentyn Qorgyle(235) took 20 damage as DOT.
    Janos Slynt(170) hit Quentyn Qorgyle(215) 220.
    Quentyn Qorgyle(-5) hit Janos Slynt(170) 235.
    ****
    Both of them are dead. A draw.
  Duel between Gaunts(30) -WIL- and Yronwoods(30) -WHI- has begun.
    Gwayne Gaunt(405) hit Edgar Yronwood(655) 230.
    Edgar Yronwood(425) hit Gwayne Gaunt(405) 210.
    ****
    Gwayne Gaunt(195) took 30 damage as DOT.
    Edgar Yronwood(425) took 25 damage as DOT.
    Gwayne Gaunt(165) hit Edgar Yronwood(400) 230.
    Edgar Yronwood(170) hit Gwayne Gaunt(165) 210.
    ****
    Edgar Yronwood(170) has won.
  Duel between Thornes(30) -WHI- and Blackmonts(30) -WIZ- has begun.
    Alliser Thorne(655) hit Larra Blackmont(480) 210.
    Larra Blackmont(270) hit Alliser Thorne(655) 220.
    ****
    Alliser Thorne(435) took 20 damage as DOT.
    Larra Blackmont(270) took 30 damage as DOT.
    Alliser Thorne(415) hit Larra Blackmont(240) 210.
    Larra Blackmont(30) hit Alliser Thorne(415) 220.
    ****
    Alliser Thorne(195) took 40 damage as DOT.
    Larra Blackmont(30) took 60 damage as DOT.
    Alliser Thorne(155) hit Larra Blackmont(-30) 210.
    Larra Blackmont(-240) hit Alliser Thorne(155) 220.
    ****
    Both of them are dead. A draw.
  Duel between Slynts(30) -WIZ- and Yronwoods(33) -WHI- has begun.
    Janos Slynt(430) hit Edgar Yronwood(655) 220.
    Edgar Yronwood(435) hit Janos Slynt(430) 213.
    ****
    Janos Slynt(217) took 30 damage as DOT.
    Edgar Yronwood(435) took 20 damage as DOT.
    Janos Slynt(187) hit Edgar Yronwood(415) 220.
    Edgar Yronwood(195) hit Janos Slynt(187) 213.
    ****
    Edgar Yronwood(195) has won.
  Duel between Gaunts(27) -WIL- and Blackmonts(30) -WIZ- has begun.
    Gwayne Gaunt(405) hit Larra Blackmont(480) 227.
    Larra Blackmont(253) hit Gwayne Gaunt(405) 220.
    ****
    Gwayne Gaunt(185) took 20 damage as DOT.
    Larra Blackmont(253) took 25 damage as DOT.
    Gwayne Gaunt(165) hit Larra Blackmont(228) 227.
    Larra Blackmont(1) hit Gwayne Gaunt(165) 220.
    ****
    Larra Blackmont(1) has won.
  Duel between Thornes(30) -WHI- and Qorgyles(30) -WIL- has begun.
    Alliser Thorne(655) hit Quentyn Qorgyle(455) 210.
    Quentyn Qorgyle(245) hit Alliser Thorne(655) 235.
    ****
    Alliser Thorne(420) took 25 damage as DOT.
    Quentyn Qorgyle(245) took 30 damage as DOT.
    Alliser Thorne(395) hit Quentyn Qorgyle(215) 210.
    Quentyn Qorgyle(5) hit Alliser Thorne(395) 235.
    ****
    Alliser Thorne(160) took 50 damage as DOT.
    Quentyn Qorgyle(5) took 60 damage as DOT.
    Alliser Thorne(110) hit Quentyn Qorgyle(-55) 210.
    Quentyn Qorgyle(-265) hit Alliser Thorne(110) 235.
    ****
    Both of them are dead. A draw.
  Duel between Slynts(27) -WIZ- and Blackmonts(33) -WIZ- has begun.
    Janos Slynt(430) hit Larra Blackmont(480) 217.
    Larra Blackmont(263) hit Janos Slynt(430) 223.
    ****
    Janos Slynt(207) took 20 damage as DOT.
    Larra Blackmont(263) took 20 damage as DOT.
    Janos Slynt(187) hit Larra Blackmont(243) 217.
    Larra Blackmont(26) hit Janos Slynt(187) 223.
    ****
    Larra Blackmont(26) has won.
  Duel between Gaunts(24) -WIL- and Qorgyles(30) -WIL- has begun.
    Gwayne Gaunt(405) hit Quentyn Qorgyle(455) 224.
    Quentyn Qorgyle(231) hit Gwayne Gaunt(405) 235.
    ****
    Gwayne Gaunt(170) took 25 damage as DOT.
    Quentyn Qorgyle(231) took 25 damage as DOT.
    Gwayne Gaunt(145) hit Quentyn Qorgyle(206) 224.
    Quentyn Qorgyle(-18) hit Gwayne Gaunt(145) 235.
    ****
    Both of them are dead. A draw.
  Duel between Thornes(30) -WHI- and Yronwoods(36) -WHI- has begun.
    Alliser Thorne(655) hit Edgar Yronwood(655) 210.
    Edgar Yronwood(445) hit Alliser Thorne(655) 216.
    ****
    Alliser Thorne(439) took 30 damage as DOT.
    Edgar Yronwood(445) took 30 damage as DOT.
    Alliser Thorne(409) hit Edgar Yronwood(415) 210.
    Edgar Yronwood(205) hit Alliser Thorne(409) 216.
    ****
    Alliser Thorne(193) took 60 damage as DOT.
    Edgar Yronwood(205) took 60 damage as DOT.
    Alliser Thorne(133) hit Edgar Yronwood(145) 210.
    Edgar Yronwood(-65) hit Alliser Thorne(133) 216.
    ****
    Both of them are dead. A draw.
  Duel between House Baratheon(50) -WHI- and House Martell(50) -WIZ- has begun.
    Aerys II Targaryen(605) hit Obara Sand(455) 230.
    Obara Sand(225) hit Aerys II Targaryen(605) 225.
    ****
    Aerys II Targaryen(380) took 20 damage as DOT.
    Obara Sand(225) took 30 damage as DOT.
    Aerys II Targaryen(360) hit Obara Sand(195) 230.
    Obara Sand(-35) hit Aerys II Targaryen(360) 225.
    ****
    Aerys II Targaryen(135) has won.
  The Crownlands got 3 house points. Dorne got 4 house points.

The winner is: Dorne with currently 1 kingdom points.
---------------
---------------
Duel 2: Dorne vs The Reach
  Duel between Qorgyles(30) -WIL- and Oakhearts(30) -WIZ- has begun.
    Quentyn Qorgyle(455) hit Arys Oakheart(555) 235.
    Arys Oakheart(320) hit Quentyn Qorgyle(455) 170.
    ****
    Quentyn Qorgyle(285) took 20 damage as DOT.
    Arys Oakheart(320) took 25 damage as DOT.
    Quentyn Qorgyle(265) hit Arys Oakheart(295) 235.
    Arys Oakheart(60) hit Quentyn Qorgyle(265) 170.
    ****
    Quentyn Qorgyle(95) took 40 damage as DOT.
    Arys Oakheart(60) took 50 damage as DOT.
    Quentyn Qorgyle(55) hit Arys Oakheart(10) 235.
    Arys Oakheart(-225) hit Quentyn Qorgyle(55) 170.
    ****
    Both of them are dead. A draw.
  Duel between Yronwoods(36) -WHI- and Ashfords(30) -WIZ- has begun.
    Edgar Yronwood(655) hit Lord Ashford(505) 216.
    Lord Ashford(289) hit Edgar Yronwood(655) 165.
    ****
    Edgar Yronwood(490) took 20 damage as DOT.
    Lord Ashford(289) took 30 damage as DOT.
    Edgar Yronwood(470) hit Lord Ashford(259) 216.
    Lord Ashford(43) hit Edgar Yronwood(470) 165.
    ****
    Edgar Yronwood(305) took 40 damage as DOT.
    Lord Ashford(43) took 60 damage as DOT.
    Edgar Yronwood(265) hit Lord Ashford(-17) 216.
    Lord Ashford(-233) hit Edgar Yronwood(265) 165.
    ****
    Edgar Yronwood(100) has won.
  Duel between Blackmonts(36) -WIZ- and Redwynes(30) -WIL- has begun.
    Larra Blackmont(480) hit Paxter Redwyne(455) 226.
    Paxter Redwyne(229) hit Larra Blackmont(480) 180.
    ****
    Larra Blackmont(300) took 25 damage as DOT.
    Paxter Redwyne(229) took 20 damage as DOT.
    Larra Blackmont(275) hit Paxter Redwyne(209) 226.
    Paxter Redwyne(-17) hit Larra Blackmont(275) 180.
    ****
    Larra Blackmont(95) has won.
  Duel between Qorgyles(30) -WIL- and Ashfords(27) -WIZ- has begun.
    Quentyn Qorgyle(455) hit Lord Ashford(505) 235.
    Lord Ashford(270) hit Quentyn Qorgyle(455) 162.
    ****
    Quentyn Qorgyle(293) took 20 damage as DOT.
    Lord Ashford(270) took 25 damage as DOT.
    Quentyn Qorgyle(273) hit Lord Ashford(245) 235.
    Lord Ashford(10) hit Quentyn Qorgyle(273) 162.
    ****
    Quentyn Qorgyle(111) took 40 damage as DOT.
    Lord Ashford(10) took 50 damage as DOT.
    Quentyn Qorgyle(71) hit Lord Ashford(-40) 235.
    Lord Ashford(-275) hit Quentyn Qorgyle(71) 162.
    ****
    Both of them are dead. A draw.
  Duel between Yronwoods(39) -WHI- and Redwynes(27) -WIL- has begun.
    Edgar Yronwood(655) hit Paxter Redwyne(455) 219.
    Paxter Redwyne(236) hit Edgar Yronwood(655) 177.
    ****
    Edgar Yronwood(478) took 25 damage as DOT.
    Paxter Redwyne(236) took 30 damage as DOT.
    Edgar Yronwood(453) hit Paxter Redwyne(206) 219.
    Paxter Redwyne(-13) hit Edgar Yronwood(453) 177.
    ****
    Edgar Yronwood(276) has won.
  Duel between Blackmonts(39) -WIZ- and Oakhearts(30) -WIZ- has begun.
    Larra Blackmont(480) hit Arys Oakheart(555) 229.
    Arys Oakheart(326) hit Larra Blackmont(480) 170.
    ****
    Larra Blackmont(310) took 20 damage as DOT.
    Arys Oakheart(326) took 20 damage as DOT.
    Larra Blackmont(290) hit Arys Oakheart(306) 229.
    Arys Oakheart(77) hit Larra Blackmont(290) 170.
    ****
    Larra Blackmont(120) took 40 damage as DOT.
    Arys Oakheart(77) took 40 damage as DOT.
    Larra Blackmont(80) hit Arys Oakheart(37) 229.
    Arys Oakheart(-192) hit Larra Blackmont(80) 170.
    ****
    Both of them are dead. A draw.
  Duel between Qorgyles(30) -WIL- and Redwynes(24) -WIL- has begun.
    Quentyn Qorgyle(455) hit Paxter Redwyne(455) 235.
    Paxter Redwyne(220) hit Quentyn Qorgyle(455) 174.
    ****
    Quentyn Qorgyle(281) took 25 damage as DOT.
    Paxter Redwyne(220) took 25 damage as DOT.
    Quentyn Qorgyle(256) hit Paxter Redwyne(195) 235.
    Paxter Redwyne(-40) hit Quentyn Qorgyle(256) 174.
    ****
    Quentyn Qorgyle(82) has won.
  Duel between Yronwoods(42) -WHI- and Oakhearts(30) -WIZ- has begun.
    Edgar Yronwood(655) hit Arys Oakheart(555) 222.
    Arys Oakheart(333) hit Edgar Yronwood(655) 170.
    ****
    Edgar Yronwood(485) took 20 damage as DOT.
    Arys Oakheart(333) took 30 damage as DOT.
    Edgar Yronwood(465) hit Arys Oakheart(303) 222.
    Arys Oakheart(81) hit Edgar Yronwood(465) 170.
    ****
    Edgar Yronwood(295) took 40 damage as DOT.
    Arys Oakheart(81) took 60 damage as DOT.
    Edgar Yronwood(255) hit Arys Oakheart(21) 222.
    Arys Oakheart(-201) hit Edgar Yronwood(255) 170.
    ****
    Edgar Yronwood(85) has won.
  Duel between Blackmonts(39) -WIZ- and Ashfords(27) -WIZ- has begun.
    Larra Blackmont(480) hit Lord Ashford(505) 229.
    Lord Ashford(276) hit Larra Blackmont(480) 162.
    ****
    Larra Blackmont(318) took 20 damage as DOT.
    Lord Ashford(276) took 20 damage as DOT.
    Larra Blackmont(298) hit Lord Ashford(256) 229.
    Lord Ashford(27) hit Larra Blackmont(298) 162.
    ****
    Larra Blackmont(136) took 40 damage as DOT.
    Lord Ashford(27) took 40 damage as DOT.
    Larra Blackmont(96) hit Lord Ashford(-13) 229.
    Lord Ashford(-242) hit Larra Blackmont(96) 162.
    ****
    Both of them are dead. A draw.
  Duel between House Martell(37) -WIZ- and House Lannister(50) -WHI- has begun.
    Obara Sand(455) hit Mace Tyrell(705) 212.
    Mace Tyrell(493) hit Obara Sand(455) 180.
    ****
    Obara Sand(275) took 30 damage as DOT.
    Mace Tyrell(493) took 20 damage as DOT.
    Obara Sand(245) hit Mace Tyrell(473) 212.
    Mace Tyrell(261) hit Obara Sand(245) 180.
    ****
    Obara Sand(65) took 60 damage as DOT.
    Mace Tyrell(261) took 40 damage as DOT.
    Obara Sand(5) hit Mace Tyrell(221) 212.
    Mace Tyrell(9) hit Obara Sand(5) 180.
    ****
    Mace Tyrell(9) has won.
  Dorne got 5 house points. The Reach got 3 house points.

The winner is: Dorne with currently 2 kingdom points.
---------------
---------------
Duel 3: The Reach vs The North
  Duel between Oakhearts(27) -WIZ- and Ryswells(30) -WIZ- has begun.
    Arys Oakheart(555) hit Barbrey Ryswell(535) 167.
    Barbrey Ryswell(368) hit Arys Oakheart(555) 130.
    ****
    Arys Oakheart(425) took 20 damage as DOT.
    Barbrey Ryswell(368) took 20 damage as DOT.
    Arys Oakheart(405) hit Barbrey Ryswell(348) 167.
    Barbrey Ryswell(181) hit Arys Oakheart(405) 130.
    ****
    Arys Oakheart(275) took 40 damage as DOT.
    Barbrey Ryswell(181) took 40 damage as DOT.
    Arys Oakheart(235) hit Barbrey Ryswell(141) 167.
    Barbrey Ryswell(-26) hit Arys Oakheart(235) 130.
    ****
    Arys Oakheart(105) has won.
  Duel between Ashfords(27) -WIZ- and Cerwyns(30) -WIZ- has begun.
    Lord Ashford(505) hit Medger Cerwyn(585) 162.
    Medger Cerwyn(423) hit Lord Ashford(505) 130.
    ****
    Lord Ashford(375) took 20 damage as DOT.
    Medger Cerwyn(423) took 20 damage as DOT.
    Lord Ashford(355) hit Medger Cerwyn(403) 162.
    Medger Cerwyn(241) hit Lord Ashford(355) 130.
    ****
    Lord Ashford(225) took 40 damage as DOT.
    Medger Cerwyn(241) took 40 damage as DOT.
    Lord Ashford(185) hit Medger Cerwyn(201) 162.
    Medger Cerwyn(39) hit Lord Ashford(185) 130.
    ****
    Lord Ashford(55) took 60 damage as DOT.
    Medger Cerwyn(39) took 60 damage as DOT.
    Lord Ashford(-5) hit Medger Cerwyn(-21) 162.
    Medger Cerwyn(-183) hit Lord Ashford(-5) 130.
    ****
    Both of them are dead. A draw.
  Duel between Redwynes(21) -WIL- and Dustins(30) -WIZ- has begun.
    Paxter Redwyne(455) hit Barbrey Ryswell(585) 171.
    Barbrey Ryswell(414) hit Paxter Redwyne(455) 130.
    ****
    Paxter Redwyne(325) took 20 damage as DOT.
    Barbrey Ryswell(414) took 25 damage as DOT.
    Paxter Redwyne(305) hit Barbrey Ryswell(389) 171.
    Barbrey Ryswell(218) hit Paxter Redwyne(305) 130.
    ****
    Paxter Redwyne(175) took 40 damage as DOT.
    Barbrey Ryswell(218) took 50 damage as DOT.
    Paxter Redwyne(135) hit Barbrey Ryswell(168) 171.
    Barbrey Ryswell(-3) hit Paxter Redwyne(135) 130.
    ****
    Paxter Redwyne(5) has won.
  Duel between Oakhearts(25) -WIZ- and Cerwyns(30) -WIZ- has begun.
    Arys Oakheart(555) hit Medger Cerwyn(585) 165.
    Medger Cerwyn(420) hit Arys Oakheart(555) 130.
    ****
    Arys Oakheart(425) took 20 damage as DOT.
    Medger Cerwyn(420) took 20 damage as DOT.
    Arys Oakheart(405) hit Medger Cerwyn(400) 165.
    Medger Cerwyn(235) hit Arys Oakheart(405) 130.
    ****
    Arys Oakheart(275) took 40 damage as DOT.
    Medger Cerwyn(235) took 40 damage as DOT.
    Arys Oakheart(235) hit Medger Cerwyn(195) 165.
    Medger Cerwyn(30) hit Arys Oakheart(235) 130.
    ****
    Arys Oakheart(105) took 60 damage as DOT.
    Medger Cerwyn(30) took 60 damage as DOT.
    Arys Oakheart(45) hit Medger Cerwyn(-30) 165.
    Medger Cerwyn(-195) hit Arys Oakheart(45) 130.
    ****
    Both of them are dead. A draw.
  Duel between Ashfords(27) -WIZ- and Dustins(27) -WIZ- has begun.
    Lord Ashford(505) hit Barbrey Ryswell(585) 162.
    Barbrey Ryswell(423) hit Lord Ashford(505) 127.
    ****
    Lord Ashford(378) took 20 damage as DOT.
    Barbrey Ryswell(423) took 20 damage as DOT.
    Lord Ashford(358) hit Barbrey Ryswell(403) 162.
    Barbrey Ryswell(241) hit Lord Ashford(358) 127.
    ****
    Lord Ashford(231) took 40 damage as DOT.
    Barbrey Ryswell(241) took 40 damage as DOT.
    Lord Ashford(191) hit Barbrey Ryswell(201) 162.
    Barbrey Ryswell(39) hit Lord Ashford(191) 127.
    ****
    Lord Ashford(64) took 60 damage as DOT.
    Barbrey Ryswell(39) took 60 damage as DOT.
    Lord Ashford(4) hit Barbrey Ryswell(-21) 162.
    Barbrey Ryswell(-183) hit Lord Ashford(4) 127.
    ****
    Both of them are dead. A draw.
  Duel between Redwynes(20) -WIL- and Ryswells(27) -WIZ- has begun.
    Paxter Redwyne(455) hit Barbrey Ryswell(535) 170.
    Barbrey Ryswell(365) hit Paxter Redwyne(455) 127.
    ****
    Paxter Redwyne(328) took 20 damage as DOT.
    Barbrey Ryswell(365) took 25 damage as DOT.
    Paxter Redwyne(308) hit Barbrey Ryswell(340) 170.
    Barbrey Ryswell(170) hit Paxter Redwyne(308) 127.
    ****
    Paxter Redwyne(181) took 40 damage as DOT.
    Barbrey Ryswell(170) took 50 damage as DOT.
    Paxter Redwyne(141) hit Barbrey Ryswell(120) 170.
    Barbrey Ryswell(-50) hit Paxter Redwyne(141) 127.
    ****
    Paxter Redwyne(14) has won.
  Duel between Oakhearts(25) -WIZ- and Dustins(27) -WIZ- has begun.
    Arys Oakheart(555) hit Barbrey Ryswell(585) 165.
    Barbrey Ryswell(420) hit Arys Oakheart(555) 127.
    ****
    Arys Oakheart(428) took 20 damage as DOT.
    Barbrey Ryswell(420) took 20 damage as DOT.
    Arys Oakheart(408) hit Barbrey Ryswell(400) 165.
    Barbrey Ryswell(235) hit Arys Oakheart(408) 127.
    ****
    Arys Oakheart(281) took 40 damage as DOT.
    Barbrey Ryswell(235) took 40 damage as DOT.
    Arys Oakheart(241) hit Barbrey Ryswell(195) 165.
    Barbrey Ryswell(30) hit Arys Oakheart(241) 127.
    ****
    Arys Oakheart(114) took 60 damage as DOT.
    Barbrey Ryswell(30) took 60 damage as DOT.
    Arys Oakheart(54) hit Barbrey Ryswell(-30) 165.
    Barbrey Ryswell(-195) hit Arys Oakheart(54) 127.
    ****
    Both of them are dead. A draw.
  Duel between Ashfords(27) -WIZ- and Ryswells(24) -WIZ- has begun.
    Lord Ashford(505) hit Barbrey Ryswell(535) 162.
    Barbrey Ryswell(373) hit Lord Ashford(505) 124.
    ****
    Lord Ashford(381) took 20 damage as DOT.
    Barbrey Ryswell(373) took 20 damage as DOT.
    Lord Ashford(361) hit Barbrey Ryswell(353) 162.
    Barbrey Ryswell(191) hit Lord Ashford(361) 124.
    ****
    Lord Ashford(237) took 40 damage as DOT.
    Barbrey Ryswell(191) took 40 damage as DOT.
    Lord Ashford(197) hit Barbrey Ryswell(151) 162.
    Barbrey Ryswell(-11) hit Lord Ashford(197) 124.
    ****
    Lord Ashford(73) has won.
  Duel between Redwynes(19) -WIL- and Cerwyns(30) -WIZ- has begun.
    Paxter Redwyne(455) hit Medger Cerwyn(585) 169.
    Medger Cerwyn(416) hit Paxter Redwyne(455) 130.
    ****
    Paxter Redwyne(325) took 20 damage as DOT.
    Medger Cerwyn(416) took 25 damage as DOT.
    Paxter Redwyne(305) hit Medger Cerwyn(391) 169.
    Medger Cerwyn(222) hit Paxter Redwyne(305) 130.
    ****
    Paxter Redwyne(175) took 40 damage as DOT.
    Medger Cerwyn(222) took 50 damage as DOT.
    Paxter Redwyne(135) hit Medger Cerwyn(172) 169.
    Medger Cerwyn(3) hit Paxter Redwyne(135) 130.
    ****
    Paxter Redwyne(5) took 60 damage as DOT.
    Medger Cerwyn(3) took 75 damage as DOT.
    Paxter Redwyne(-55) hit Medger Cerwyn(-72) 169.
    Medger Cerwyn(-241) hit Paxter Redwyne(-55) 130.
    ****
    Both of them are dead. A draw.
  Duel between House Lannister(55) -WHI- and House Stark(50) -WIL- has begun.
    Mace Tyrell(705) hit Robb Stark(510) 185.
    Robb Stark(325) hit Mace Tyrell(705) 175.
    ****
    Mace Tyrell(530) took 25 damage as DOT.
    Robb Stark(325) took 30 damage as DOT.
    Mace Tyrell(505) hit Robb Stark(295) 185.
    Robb Stark(110) hit Mace Tyrell(505) 175.
    ****
    Mace Tyrell(330) took 50 damage as DOT.
    Robb Stark(110) took 60 damage as DOT.
    Mace Tyrell(280) hit Robb Stark(50) 185.
    Robb Stark(-135) hit Mace Tyrell(280) 175.
    ****
    Mace Tyrell(105) has won.
  The Reach got 7 house points. The North got 0 house points.

The winner is: The Reach with currently 1 kingdom points.
---------------
---------------
Duel 4: The Crownlands vs The Reach
  Duel between Slynts(24) -WIZ- and Oakhearts(25) -WIZ- has begun.
    Janos Slynt(430) hit Arys Oakheart(555) 214.
    Arys Oakheart(341) hit Janos Slynt(430) 165.
    ****
    Janos Slynt(265) took 20 damage as DOT.
    Arys Oakheart(341) took 20 damage as DOT.
    Janos Slynt(245) hit Arys Oakheart(321) 214.
    Arys Oakheart(107) hit Janos Slynt(245) 165.
    ****
    Janos Slynt(80) took 40 damage as DOT.
    Arys Oakheart(107) took 40 damage as DOT.
    Janos Slynt(40) hit Arys Oakheart(67) 214.
    Arys Oakheart(-147) hit Janos Slynt(40) 165.
    ****
    Both of them are dead. A draw.
  Duel between Gaunts(24) -WIL- and Ashfords(30) -WIZ- has begun.
    Gwayne Gaunt(405) hit Lord Ashford(505) 224.
    Lord Ashford(281) hit Gwayne Gaunt(405) 165.
    ****
    Gwayne Gaunt(240) took 20 damage as DOT.
    Lord Ashford(281) took 25 damage as DOT.
    Gwayne Gaunt(220) hit Lord Ashford(256) 224.
    Lord Ashford(32) hit Gwayne Gaunt(220) 165.
    ****
    Gwayne Gaunt(55) took 40 damage as DOT.
    Lord Ashford(32) took 50 damage as DOT.
    Gwayne Gaunt(15) hit Lord Ashford(-18) 224.
    Lord Ashford(-242) hit Gwayne Gaunt(15) 165.
    ****
    Both of them are dead. A draw.
  Duel between Thornes(30) -WHI- and Redwynes(19) -WIL- has begun.
    Alliser Thorne(655) hit Paxter Redwyne(455) 210.
    Paxter Redwyne(245) hit Alliser Thorne(655) 169.
    ****
    Alliser Thorne(486) took 25 damage as DOT.
    Paxter Redwyne(245) took 30 damage as DOT.
    Alliser Thorne(461) hit Paxter Redwyne(215) 210.
    Paxter Redwyne(5) hit Alliser Thorne(461) 169.
    ****
    Alliser Thorne(292) took 50 damage as DOT.
    Paxter Redwyne(5) took 60 damage as DOT.
    Alliser Thorne(242) hit Paxter Redwyne(-55) 210.
    Paxter Redwyne(-265) hit Alliser Thorne(242) 169.
    ****
    Alliser Thorne(73) has won.
  Duel between Slynts(24) -WIZ- and Ashfords(30) -WIZ- has begun.
    Janos Slynt(430) hit Lord Ashford(505) 214.
    Lord Ashford(291) hit Janos Slynt(430) 165.
    ****
    Janos Slynt(265) took 20 damage as DOT.
    Lord Ashford(291) took 20 damage as DOT.
    Janos Slynt(245) hit Lord Ashford(271) 214.
    Lord Ashford(57) hit Janos Slynt(245) 165.
    ****
    Janos Slynt(80) took 40 damage as DOT.
    Lord Ashford(57) took 40 damage as DOT.
    Janos Slynt(40) hit Lord Ashford(17) 214.
    Lord Ashford(-197) hit Janos Slynt(40) 165.
    ****
    Both of them are dead. A draw.
  Duel between Gaunts(24) -WIL- and Redwynes(16) -WIL- has begun.
    Gwayne Gaunt(405) hit Paxter Redwyne(455) 224.
    Paxter Redwyne(231) hit Gwayne Gaunt(405) 166.
    ****
    Gwayne Gaunt(239) took 25 damage as DOT.
    Paxter Redwyne(231) took 25 damage as DOT.
    Gwayne Gaunt(214) hit Paxter Redwyne(206) 224.
    Paxter Redwyne(-18) hit Gwayne Gaunt(214) 166.
    ****
    Gwayne Gaunt(48) has won.
  Duel between Thornes(33) -WHI- and Oakhearts(25) -WIZ- has begun.
    Alliser Thorne(655) hit Arys Oakheart(555) 213.
    Arys Oakheart(342) hit Alliser Thorne(655) 165.
    ****
    Alliser Thorne(490) took 20 damage as DOT.
    Arys Oakheart(342) took 30 damage as DOT.
    Alliser Thorne(470) hit Arys Oakheart(312) 213.
    Arys Oakheart(99) hit Alliser Thorne(470) 165.
    ****
    Alliser Thorne(305) took 40 damage as DOT.
    Arys Oakheart(99) took 60 damage as DOT.
    Alliser Thorne(265) hit Arys Oakheart(39) 213.
    Arys Oakheart(-174) hit Alliser Thorne(265) 165.
    ****
    Alliser Thorne(100) has won.
  Duel between Slynts(24) -WIZ- and Redwynes(13) -WIL- has begun.
    Janos Slynt(430) hit Paxter Redwyne(455) 214.
    Paxter Redwyne(241) hit Janos Slynt(430) 163.
    ****
    Janos Slynt(267) took 25 damage as DOT.
    Paxter Redwyne(241) took 20 damage as DOT.
    Janos Slynt(242) hit Paxter Redwyne(221) 214.
    Paxter Redwyne(7) hit Janos Slynt(242) 163.
    ****
    Janos Slynt(79) took 50 damage as DOT.
    Paxter Redwyne(7) took 40 damage as DOT.
    Janos Slynt(29) hit Paxter Redwyne(-33) 214.
    Paxter Redwyne(-247) hit Janos Slynt(29) 163.
    ****
    Both of them are dead. A draw.
  Duel between Gaunts(27) -WIL- and Oakhearts(22) -WIZ- has begun.
    Gwayne Gaunt(405) hit Arys Oakheart(555) 227.
    Arys Oakheart(328) hit Gwayne Gaunt(405) 162.
    ****
    Gwayne Gaunt(243) took 20 damage as DOT.
    Arys Oakheart(328) took 25 damage as DOT.
    Gwayne Gaunt(223) hit Arys Oakheart(303) 227.
    Arys Oakheart(76) hit Gwayne Gaunt(223) 162.
    ****
    Gwayne Gaunt(61) took 40 damage as DOT.
    Arys Oakheart(76) took 50 damage as DOT.
    Gwayne Gaunt(21) hit Arys Oakheart(26) 227.
    Arys Oakheart(-201) hit Gwayne Gaunt(21) 162.
    ****
    Both of them are dead. A draw.
  Duel between Thornes(36) -WHI- and Ashfords(30) -WIZ- has begun.
    Alliser Thorne(655) hit Lord Ashford(505) 216.
    Lord Ashford(289) hit Alliser Thorne(655) 165.
    ****
    Alliser Thorne(490) took 20 damage as DOT.
    Lord Ashford(289) took 30 damage as DOT.
    Alliser Thorne(470) hit Lord Ashford(259) 216.
    Lord Ashford(43) hit Alliser Thorne(470) 165.
    ****
    Alliser Thorne(305) took 40 damage as DOT.
    Lord Ashford(43) took 60 damage as DOT.
    Alliser Thorne(265) hit Lord Ashford(-17) 216.
    Lord Ashford(-233) hit Alliser Thorne(265) 165.
    ****
    Alliser Thorne(100) has won.
  Duel between House Baratheon(59) -WHI- and House Lannister(60) -WHI- has begun.
    Aerys II Targaryen(605) hit Mace Tyrell(705) 239.
    Mace Tyrell(466) hit Aerys II Targaryen(605) 190.
    ****
    Aerys II Targaryen(415) took 30 damage as DOT.
    Mace Tyrell(466) took 30 damage as DOT.
    Aerys II Targaryen(385) hit Mace Tyrell(436) 239.
    Mace Tyrell(197) hit Aerys II Targaryen(385) 190.
    ****
    Aerys II Targaryen(195) took 60 damage as DOT.
    Mace Tyrell(197) took 60 damage as DOT.
    Aerys II Targaryen(135) hit Mace Tyrell(137) 239.
    Mace Tyrell(-102) hit Aerys II Targaryen(135) 190.
    ****
    Both of them are dead. A draw.
  The Crownlands got 4 house points. The Reach got 0 house points.

The winner is: The Crownlands with currently 1 kingdom points.
---------------
---------------
Duel 5: Dorne vs The North
  Duel between Qorgyles(33) -WIL- and Ryswells(21) -WIZ- has begun.
    Quentyn Qorgyle(455) hit Barbrey Ryswell(535) 238.
    Barbrey Ryswell(297) hit Quentyn Qorgyle(455) 121.
    ****
    Quentyn Qorgyle(334) took 20 damage as DOT.
    Barbrey Ryswell(297) took 25 damage as DOT.
    Quentyn Qorgyle(314) hit Barbrey Ryswell(272) 238.
    Barbrey Ryswell(34) hit Quentyn Qorgyle(314) 121.
    ****
    Quentyn Qorgyle(193) took 40 damage as DOT.
    Barbrey Ryswell(34) took 50 damage as DOT.
    Quentyn Qorgyle(153) hit Barbrey Ryswell(-16) 238.
    Barbrey Ryswell(-254) hit Quentyn Qorgyle(153) 121.
    ****
    Quentyn Qorgyle(32) has won.
  Duel between Yronwoods(45) -WHI- and Cerwyns(30) -WIZ- has begun.
    Edgar Yronwood(655) hit Medger Cerwyn(585) 225.
    Medger Cerwyn(360) hit Edgar Yronwood(655) 130.
    ****
    Edgar Yronwood(525) took 20 damage as DOT.
    Medger Cerwyn(360) took 30 damage as DOT.
    Edgar Yronwood(505) hit Medger Cerwyn(330) 225.
    Medger Cerwyn(105) hit Edgar Yronwood(505) 130.
    ****
    Edgar Yronwood(375) took 40 damage as DOT.
    Medger Cerwyn(105) took 60 damage as DOT.
    Edgar Yronwood(335) hit Medger Cerwyn(45) 225.
    Medger Cerwyn(-180) hit Edgar Yronwood(335) 130.
    ****
    Edgar Yronwood(205) has won.
  Duel between Blackmonts(39) -WIZ- and Dustins(27) -WIZ- has begun.
    Larra Blackmont(480) hit Barbrey Ryswell(585) 229.
    Barbrey Ryswell(356) hit Larra Blackmont(480) 127.
    ****
    Larra Blackmont(353) took 20 damage as DOT.
    Barbrey Ryswell(356) took 20 damage as DOT.
    Larra Blackmont(333) hit Barbrey Ryswell(336) 229.
    Barbrey Ryswell(107) hit Larra Blackmont(333) 127.
    ****
    Larra Blackmont(206) took 40 damage as DOT.
    Barbrey Ryswell(107) took 40 damage as DOT.
    Larra Blackmont(166) hit Barbrey Ryswell(67) 229.
    Barbrey Ryswell(-162) hit Larra Blackmont(166) 127.
    ****
    Larra Blackmont(39) has won.
  Duel between Qorgyles(36) -WIL- and Cerwyns(27) -WIZ- has begun.
    Quentyn Qorgyle(455) hit Medger Cerwyn(585) 241.
    Medger Cerwyn(344) hit Quentyn Qorgyle(455) 127.
    ****
    Quentyn Qorgyle(328) took 20 damage as DOT.
    Medger Cerwyn(344) took 25 damage as DOT.
    Quentyn Qorgyle(308) hit Medger Cerwyn(319) 241.
    Medger Cerwyn(78) hit Quentyn Qorgyle(308) 127.
    ****
    Quentyn Qorgyle(181) took 40 damage as DOT.
    Medger Cerwyn(78) took 50 damage as DOT.
    Quentyn Qorgyle(141) hit Medger Cerwyn(28) 241.
    Medger Cerwyn(-213) hit Quentyn Qorgyle(141) 127.
    ****
    Quentyn Qorgyle(14) has won.
  Duel between Yronwoods(48) -WHI- and Dustins(24) -WIZ- has begun.
    Edgar Yronwood(655) hit Barbrey Ryswell(585) 228.
    Barbrey Ryswell(357) hit Edgar Yronwood(655) 124.
    ****
    Edgar Yronwood(531) took 20 damage as DOT.
    Barbrey Ryswell(357) took 30 damage as DOT.
    Edgar Yronwood(511) hit Barbrey Ryswell(327) 228.
    Barbrey Ryswell(99) hit Edgar Yronwood(511) 124.
    ****
    Edgar Yronwood(387) took 40 damage as DOT.
    Barbrey Ryswell(99) took 60 damage as DOT.
    Edgar Yronwood(347) hit Barbrey Ryswell(39) 228.
    Barbrey Ryswell(-189) hit Edgar Yronwood(347) 124.
    ****
    Edgar Yronwood(223) has won.
  Duel between Blackmonts(42) -WIZ- and Ryswells(18) -WIZ- has begun.
    Larra Blackmont(480) hit Barbrey Ryswell(535) 232.
    Barbrey Ryswell(303) hit Larra Blackmont(480) 118.
    ****
    Larra Blackmont(362) took 20 damage as DOT.
    Barbrey Ryswell(303) took 20 damage as DOT.
    Larra Blackmont(342) hit Barbrey Ryswell(283) 232.
    Barbrey Ryswell(51) hit Larra Blackmont(342) 118.
    ****
    Larra Blackmont(224) took 40 damage as DOT.
    Barbrey Ryswell(51) took 40 damage as DOT.
    Larra Blackmont(184) hit Barbrey Ryswell(11) 232.
    Barbrey Ryswell(-221) hit Larra Blackmont(184) 118.
    ****
    Larra Blackmont(66) has won.
  Duel between Qorgyles(39) -WIL- and Dustins(21) -WIZ- has begun.
    Quentyn Qorgyle(455) hit Barbrey Ryswell(585) 244.
    Barbrey Ryswell(341) hit Quentyn Qorgyle(455) 121.
    ****
    Quentyn Qorgyle(334) took 20 damage as DOT.
    Barbrey Ryswell(341) took 25 damage as DOT.
    Quentyn Qorgyle(314) hit Barbrey Ryswell(316) 244.
    Barbrey Ryswell(72) hit Quentyn Qorgyle(314) 121.
    ****
    Quentyn Qorgyle(193) took 40 damage as DOT.
    Barbrey Ryswell(72) took 50 damage as DOT.
    Quentyn Qorgyle(153) hit Barbrey Ryswell(22) 244.
    Barbrey Ryswell(-222) hit Quentyn Qorgyle(153) 121.
    ****
    Quentyn Qorgyle(32) has won.
  Duel between Yronwoods(51) -WHI- and Ryswells(15) -WIZ- has begun.
    Edgar Yronwood(655) hit Barbrey Ryswell(535) 231.
    Barbrey Ryswell(304) hit Edgar Yronwood(655) 115.
    ****
    Edgar Yronwood(540) took 20 damage as DOT.
    Barbrey Ryswell(304) took 30 damage as DOT.
    Edgar Yronwood(520) hit Barbrey Ryswell(274) 231.
    Barbrey Ryswell(43) hit Edgar Yronwood(520) 115.
    ****
    Edgar Yronwood(405) took 40 damage as DOT.
    Barbrey Ryswell(43) took 60 damage as DOT.
    Edgar Yronwood(365) hit Barbrey Ryswell(-17) 231.
    Barbrey Ryswell(-248) hit Edgar Yronwood(365) 115.
    ****
    Edgar Yronwood(250) has won.
  Duel between Blackmonts(45) -WIZ- and Cerwyns(24) -WIZ- has begun.
    Larra Blackmont(480) hit Medger Cerwyn(585) 235.
    Medger Cerwyn(350) hit Larra Blackmont(480) 124.
    ****
    Larra Blackmont(356) took 20 damage as DOT.
    Medger Cerwyn(350) took 20 damage as DOT.
    Larra Blackmont(336) hit Medger Cerwyn(330) 235.
    Medger Cerwyn(95) hit Larra Blackmont(336) 124.
    ****
    Larra Blackmont(212) took 40 damage as DOT.
    Medger Cerwyn(95) took 40 damage as DOT.
    Larra Blackmont(172) hit Medger Cerwyn(55) 235.
    Medger Cerwyn(-180) hit Larra Blackmont(172) 124.
    ****
    Larra Blackmont(48) has won.
  Duel between House Martell(32) -WIZ- and House Stark(45) -WIL- has begun.
    Obara Sand(455) hit Robb Stark(510) 207.
    Robb Stark(303) hit Obara Sand(455) 170.
    ****
    Obara Sand(285) took 25 damage as DOT.
    Robb Stark(303) took 20 damage as DOT.
    Obara Sand(260) hit Robb Stark(283) 207.
    Robb Stark(76) hit Obara Sand(260) 170.
    ****
    Obara Sand(90) took 50 damage as DOT.
    Robb Stark(76) took 40 damage as DOT.
    Obara Sand(40) hit Robb Stark(36) 207.
    Robb Stark(-171) hit Obara Sand(40) 170.
    ****
    Both of them are dead. A draw.
  Dorne got 9 house points. The North got 0 house points.

The winner is: Dorne with currently 3 kingdom points.
---------------
---------------
Duel 6: The Crownlands vs The North
  Duel between Slynts(24) -WIZ- and Ryswells(12) -WIZ- has begun.
    Janos Slynt(430) hit Barbrey Ryswell(535) 214.
    Barbrey Ryswell(321) hit Janos Slynt(430) 112.
    ****
    Janos Slynt(318) took 20 damage as DOT.
    Barbrey Ryswell(321) took 20 damage as DOT.
    Janos Slynt(298) hit Barbrey Ryswell(301) 214.
    Barbrey Ryswell(87) hit Janos Slynt(298) 112.
    ****
    Janos Slynt(186) took 40 damage as DOT.
    Barbrey Ryswell(87) took 40 damage as DOT.
    Janos Slynt(146) hit Barbrey Ryswell(47) 214.
    Barbrey Ryswell(-167) hit Janos Slynt(146) 112.
    ****
    Janos Slynt(34) has won.
  Duel between Gaunts(27) -WIL- and Cerwyns(21) -WIZ- has begun.
    Gwayne Gaunt(405) hit Medger Cerwyn(585) 227.
    Medger Cerwyn(358) hit Gwayne Gaunt(405) 121.
    ****
    Gwayne Gaunt(284) took 20 damage as DOT.
    Medger Cerwyn(358) took 25 damage as DOT.
    Gwayne Gaunt(264) hit Medger Cerwyn(333) 227.
    Medger Cerwyn(106) hit Gwayne Gaunt(264) 121.
    ****
    Gwayne Gaunt(143) took 40 damage as DOT.
    Medger Cerwyn(106) took 50 damage as DOT.
    Gwayne Gaunt(103) hit Medger Cerwyn(56) 227.
    Medger Cerwyn(-171) hit Gwayne Gaunt(103) 121.
    ****
    Both of them are dead. A draw.
  Duel between Thornes(39) -WHI- and Dustins(18) -WIZ- has begun.
    Alliser Thorne(655) hit Barbrey Ryswell(585) 219.
    Barbrey Ryswell(366) hit Alliser Thorne(655) 118.
    ****
    Alliser Thorne(537) took 20 damage as DOT.
    Barbrey Ryswell(366) took 30 damage as DOT.
    Alliser Thorne(517) hit Barbrey Ryswell(336) 219.
    Barbrey Ryswell(117) hit Alliser Thorne(517) 118.
    ****
    Alliser Thorne(399) took 40 damage as DOT.
    Barbrey Ryswell(117) took 60 damage as DOT.
    Alliser Thorne(359) hit Barbrey Ryswell(57) 219.
    Barbrey Ryswell(-162) hit Alliser Thorne(359) 118.
    ****
    Alliser Thorne(241) has won.
  Duel between Slynts(27) -WIZ- and Cerwyns(21) -WIZ- has begun.
    Janos Slynt(430) hit Medger Cerwyn(585) 217.
    Medger Cerwyn(368) hit Janos Slynt(430) 121.
    ****
    Janos Slynt(309) took 20 damage as DOT.
    Medger Cerwyn(368) took 20 damage as DOT.
    Janos Slynt(289) hit Medger Cerwyn(348) 217.
    Medger Cerwyn(131) hit Janos Slynt(289) 121.
    ****
    Janos Slynt(168) took 40 damage as DOT.
    Medger Cerwyn(131) took 40 damage as DOT.
    Janos Slynt(128) hit Medger Cerwyn(91) 217.
    Medger Cerwyn(-126) hit Janos Slynt(128) 121.
    ****
    Janos Slynt(7) has won.
  Duel between Gaunts(27) -WIL- and Dustins(15) -WIZ- has begun.
    Gwayne Gaunt(405) hit Barbrey Ryswell(585) 227.
    Barbrey Ryswell(358) hit Gwayne Gaunt(405) 115.
    ****
    Gwayne Gaunt(290) took 20 damage as DOT.
    Barbrey Ryswell(358) took 25 damage as DOT.
    Gwayne Gaunt(270) hit Barbrey Ryswell(333) 227.
    Barbrey Ryswell(106) hit Gwayne Gaunt(270) 115.
    ****
    Gwayne Gaunt(155) took 40 damage as DOT.
    Barbrey Ryswell(106) took 50 damage as DOT.
    Gwayne Gaunt(115) hit Barbrey Ryswell(56) 227.
    Barbrey Ryswell(-171) hit Gwayne Gaunt(115) 115.
    ****
    Both of them are dead. A draw.
  Duel between Thornes(42) -WHI- and Ryswells(9) -WIZ- has begun.
    Alliser Thorne(655) hit Barbrey Ryswell(535) 222.
    Barbrey Ryswell(313) hit Alliser Thorne(655) 109.
    ****
    Alliser Thorne(546) took 20 damage as DOT.
    Barbrey Ryswell(313) took 30 damage as DOT.
    Alliser Thorne(526) hit Barbrey Ryswell(283) 222.
    Barbrey Ryswell(61) hit Alliser Thorne(526) 109.
    ****
    Alliser Thorne(417) took 40 damage as DOT.
    Barbrey Ryswell(61) took 60 damage as DOT.
    Alliser Thorne(377) hit Barbrey Ryswell(1) 222.
    Barbrey Ryswell(-221) hit Alliser Thorne(377) 109.
    ****
    Alliser Thorne(268) has won.
  Duel between Slynts(30) -WIZ- and Dustins(15) -WIZ- has begun.
    Janos Slynt(430) hit Barbrey Ryswell(585) 220.
    Barbrey Ryswell(365) hit Janos Slynt(430) 115.
    ****
    Janos Slynt(315) took 20 damage as DOT.
    Barbrey Ryswell(365) took 20 damage as DOT.
    Janos Slynt(295) hit Barbrey Ryswell(345) 220.
    Barbrey Ryswell(125) hit Janos Slynt(295) 115.
    ****
    Janos Slynt(180) took 40 damage as DOT.
    Barbrey Ryswell(125) took 40 damage as DOT.
    Janos Slynt(140) hit Barbrey Ryswell(85) 220.
    Barbrey Ryswell(-135) hit Janos Slynt(140) 115.
    ****
    Janos Slynt(25) has won.
  Duel between Gaunts(27) -WIL- and Ryswells(6) -WIZ- has begun.
    Gwayne Gaunt(405) hit Barbrey Ryswell(535) 227.
    Barbrey Ryswell(308) hit Gwayne Gaunt(405) 106.
    ****
    Gwayne Gaunt(299) took 20 damage as DOT.
    Barbrey Ryswell(308) took 25 damage as DOT.
    Gwayne Gaunt(279) hit Barbrey Ryswell(283) 227.
    Barbrey Ryswell(56) hit Gwayne Gaunt(279) 106.
    ****
    Gwayne Gaunt(173) took 40 damage as DOT.
    Barbrey Ryswell(56) took 50 damage as DOT.
    Gwayne Gaunt(133) hit Barbrey Ryswell(6) 227.
    Barbrey Ryswell(-221) hit Gwayne Gaunt(133) 106.
    ****
    Gwayne Gaunt(27) has won.
  Duel between Thornes(45) -WHI- and Cerwyns(18) -WIZ- has begun.
    Alliser Thorne(655) hit Medger Cerwyn(585) 225.
    Medger Cerwyn(360) hit Alliser Thorne(655) 118.
    ****
    Alliser Thorne(537) took 20 damage as DOT.
    Medger Cerwyn(360) took 30 damage as DOT.
    Alliser Thorne(517) hit Medger Cerwyn(330) 225.
    Medger Cerwyn(105) hit Alliser Thorne(517) 118.
    ****
    Alliser Thorne(399) took 40 damage as DOT.
    Medger Cerwyn(105) took 60 damage as DOT.
    Alliser Thorne(359) hit Medger Cerwyn(45) 225.
    Medger Cerwyn(-180) hit Alliser Thorne(359) 118.
    ****
    Alliser Thorne(241) has won.
  Duel between House Baratheon(59) -WHI- and House Stark(45) -WIL- has begun.
    Aerys II Targaryen(605) hit Robb Stark(510) 239.
    Robb Stark(271) hit Aerys II Targaryen(605) 170.
    ****
    Aerys II Targaryen(435) took 25 damage as DOT.
    Robb Stark(271) took 30 damage as DOT.
    Aerys II Targaryen(410) hit Robb Stark(241) 239.
    Robb Stark(2) hit Aerys II Targaryen(410) 170.
    ****
    Aerys II Targaryen(240) took 50 damage as DOT.
    Robb Stark(2) took 60 damage as DOT.
    Aerys II Targaryen(190) hit Robb Stark(-58) 239.
    Robb Stark(-297) hit Aerys II Targaryen(190) 170.
    ****
    Aerys II Targaryen(20) has won.
  The Crownlands got 10 house points. The North got 0 house points.

The winner is: The Crownlands with currently 2 kingdom points.
---------------
The War is over. The new owner of King's Landing is Dorne with a total of 3 points.

