War has started with 4 kingdoms.
---------------
Duel 1: The Reach vs The Westernlands
  Duel between Bulwers(30) -WHI- and Serretts(30) -WIL- has begun.
    Jack Bulwer(683) hit Lord Serrett(475) 153.
    Lord Serrett(322) hit Jack Bulwer(683) 210.
    ****
    Jack Bulwer(473) took 25 damage as DOT.
    Lord Serrett(322) took 30 damage as DOT.
    Jack Bulwer(448) hit Lord Serrett(292) 153.
    Lord Serrett(139) hit Jack Bulwer(448) 210.
    ****
    Jack Bulwer(238) took 50 damage as DOT.
    Lord Serrett(139) took 60 damage as DOT.
    Jack Bulwer(188) hit Lord Serrett(79) 153.
    Lord Serrett(-74) hit Jack Bulwer(188) 210.
    ****
    Both of them are dead. A draw.
  Duel between Redwynes(30) -WIL- and Westerlings(30) -WIL- has begun.
    Paxter Redwyne(458) hit Gawen Westerling(500) 173.
    Gawen Westerling(327) hit Paxter Redwyne(458) 215.
    ****
    Paxter Redwyne(243) took 25 damage as DOT.
    Gawen Westerling(327) took 25 damage as DOT.
    Paxter Redwyne(218) hit Gawen Westerling(302) 173.
    Gawen Westerling(129) hit Paxter Redwyne(218) 215.
    ****
    Paxter Redwyne(3) took 50 damage as DOT.
    Gawen Westerling(129) took 50 damage as DOT.
    Paxter Redwyne(-47) hit Gawen Westerling(79) 173.
    Gawen Westerling(-94) hit Paxter Redwyne(-47) 215.
    ****
    Both of them are dead. A draw.
  Duel between Cuys(30) -WIL- and Leffords(30) -WHI- has begun.
    Emmon Cuy(533) hit Leo Lefford(625) 178.
    Leo Lefford(447) hit Emmon Cuy(533) 190.
    ****
    Emmon Cuy(343) took 30 damage as DOT.
    Leo Lefford(447) took 25 damage as DOT.
    Emmon Cuy(313) hit Leo Lefford(422) 178.
    Leo Lefford(244) hit Emmon Cuy(313) 190.
    ****
    Emmon Cuy(123) took 60 damage as DOT.
    Leo Lefford(244) took 50 damage as DOT.
    Emmon Cuy(63) hit Leo Lefford(194) 178.
    Leo Lefford(16) hit Emmon Cuy(63) 190.
    ****
    Leo Lefford(16) has won.
  Duel between Bulwers(30) -WHI- and Westerlings(30) -WIL- has begun.
    Jack Bulwer(683) hit Gawen Westerling(500) 153.
    Gawen Westerling(347) hit Jack Bulwer(683) 215.
    ****
    Jack Bulwer(468) took 25 damage as DOT.
    Gawen Westerling(347) took 30 damage as DOT.
    Jack Bulwer(443) hit Gawen Westerling(317) 153.
    Gawen Westerling(164) hit Jack Bulwer(443) 215.
    ****
    Jack Bulwer(228) took 50 damage as DOT.
    Gawen Westerling(164) took 60 damage as DOT.
    Jack Bulwer(178) hit Gawen Westerling(104) 153.
    Gawen Westerling(-49) hit Jack Bulwer(178) 215.
    ****
    Both of them are dead. A draw.
  Duel between Redwynes(30) -WIL- and Leffords(33) -WHI- has begun.
    Paxter Redwyne(458) hit Leo Lefford(625) 173.
    Leo Lefford(452) hit Paxter Redwyne(458) 193.
    ****
    Paxter Redwyne(265) took 30 damage as DOT.
    Leo Lefford(452) took 25 damage as DOT.
    Paxter Redwyne(235) hit Leo Lefford(427) 173.
    Leo Lefford(254) hit Paxter Redwyne(235) 193.
    ****
    Paxter Redwyne(42) took 60 damage as DOT.
    Leo Lefford(254) took 50 damage as DOT.
    Paxter Redwyne(-18) hit Leo Lefford(204) 173.
    Leo Lefford(31) hit Paxter Redwyne(-18) 193.
    ****
    Leo Lefford(31) has won.
  Duel between Cuys(27) -WIL- and Serretts(30) -WIL- has begun.
    Emmon Cuy(533) hit Lord Serrett(475) 175.
    Lord Serrett(300) hit Emmon Cuy(533) 210.
    ****
    Emmon Cuy(323) took 25 damage as DOT.
    Lord Serrett(300) took 25 damage as DOT.
    Emmon Cuy(298) hit Lord Serrett(275) 175.
    Lord Serrett(100) hit Emmon Cuy(298) 210.
    ****
    Emmon Cuy(88) took 50 damage as DOT.
    Lord Serrett(100) took 50 damage as DOT.
    Emmon Cuy(38) hit Lord Serrett(50) 175.
    Lord Serrett(-125) hit Emmon Cuy(38) 210.
    ****
    Both of them are dead. A draw.
  Duel between Bulwers(30) -WHI- and Leffords(36) -WHI- has begun.
    Jack Bulwer(683) hit Leo Lefford(625) 153.
    Leo Lefford(472) hit Jack Bulwer(683) 196.
    ****
    Jack Bulwer(487) took 30 damage as DOT.
    Leo Lefford(472) took 30 damage as DOT.
    Jack Bulwer(457) hit Leo Lefford(442) 153.
    Leo Lefford(289) hit Jack Bulwer(457) 196.
    ****
    Jack Bulwer(261) took 60 damage as DOT.
    Leo Lefford(289) took 60 damage as DOT.
    Jack Bulwer(201) hit Leo Lefford(229) 153.
    Leo Lefford(76) hit Jack Bulwer(201) 196.
    ****
    Jack Bulwer(5) took 90 damage as DOT.
    Leo Lefford(76) took 90 damage as DOT.
    Jack Bulwer(-85) hit Leo Lefford(-14) 153.
    Leo Lefford(-167) hit Jack Bulwer(-85) 196.
    ****
    Both of them are dead. A draw.
  Duel between Redwynes(27) -WIL- and Serretts(30) -WIL- has begun.
    Paxter Redwyne(458) hit Lord Serrett(475) 170.
    Lord Serrett(305) hit Paxter Redwyne(458) 210.
    ****
    Paxter Redwyne(248) took 25 damage as DOT.
    Lord Serrett(305) took 25 damage as DOT.
    Paxter Redwyne(223) hit Lord Serrett(280) 170.
    Lord Serrett(110) hit Paxter Redwyne(223) 210.
    ****
    Paxter Redwyne(13) took 50 damage as DOT.
    Lord Serrett(110) took 50 damage as DOT.
    Paxter Redwyne(-37) hit Lord Serrett(60) 170.
    Lord Serrett(-110) hit Paxter Redwyne(-37) 210.
    ****
    Both of them are dead. A draw.
  Duel between Cuys(27) -WIL- and Westerlings(30) -WIL- has begun.
    Emmon Cuy(533) hit Gawen Westerling(500) 175.
    Gawen Westerling(325) hit Emmon Cuy(533) 215.
    ****
    Emmon Cuy(318) took 25 damage as DOT.
    Gawen Westerling(325) took 25 damage as DOT.
    Emmon Cuy(293) hit Gawen Westerling(300) 175.
    Gawen Westerling(125) hit Emmon Cuy(293) 215.
    ****
    Emmon Cuy(78) took 50 damage as DOT.
    Gawen Westerling(125) took 50 damage as DOT.
    Emmon Cuy(28) hit Gawen Westerling(75) 175.
    Gawen Westerling(-100) hit Emmon Cuy(28) 215.
    ****
    Both of them are dead. A draw.
  Duel between House Lannister(50) -WIL- and House Frey(50) -WHI- has begun.
    Mace Tyrell(483) hit Kevan Lannister(675) 198.
    Kevan Lannister(477) hit Mace Tyrell(483) 210.
    ****
    Mace Tyrell(273) took 30 damage as DOT.
    Kevan Lannister(477) took 25 damage as DOT.
    Mace Tyrell(243) hit Kevan Lannister(452) 198.
    Kevan Lannister(254) hit Mace Tyrell(243) 210.
    ****
    Mace Tyrell(33) took 60 damage as DOT.
    Kevan Lannister(254) took 50 damage as DOT.
    Mace Tyrell(-27) hit Kevan Lannister(204) 198.
    Kevan Lannister(6) hit Mace Tyrell(-27) 210.
    ****
    Kevan Lannister(6) has won.
  The Reach got 0 house points. The Westernlands got 5 house points.

The winner is: The Westernlands with currently 1 kingdom points.
---------------
---------------
Duel 2: The Westernlands vs Dorne
  Duel between Serretts(30) -WIL- and Ullers(30) -WIZ- has begun.
    Lord Serrett(475) hit Mantral Uller(490) 210.
    Mantral Uller(280) hit Lord Serrett(475) 150.
    ****
    Lord Serrett(325) took 20 damage as DOT.
    Mantral Uller(280) took 25 damage as DOT.
    Lord Serrett(305) hit Mantral Uller(255) 210.
    Mantral Uller(45) hit Lord Serrett(305) 150.
    ****
    Lord Serrett(155) took 40 damage as DOT.
    Mantral Uller(45) took 50 damage as DOT.
    Lord Serrett(115) hit Mantral Uller(-5) 210.
    Mantral Uller(-215) hit Lord Serrett(115) 150.
    ****
    Both of them are dead. A draw.
  Duel between Westerlings(30) -WIL- and Manwoodys(30) -WIL- has begun.
    Gawen Westerling(500) hit Dagos Manwoody(465) 215.
    Dagos Manwoody(250) hit Gawen Westerling(500) 170.
    ****
    Gawen Westerling(330) took 25 damage as DOT.
    Dagos Manwoody(250) took 25 damage as DOT.
    Gawen Westerling(305) hit Dagos Manwoody(225) 215.
    Dagos Manwoody(10) hit Gawen Westerling(305) 170.
    ****
    Gawen Westerling(135) took 50 damage as DOT.
    Dagos Manwoody(10) took 50 damage as DOT.
    Gawen Westerling(85) hit Dagos Manwoody(-40) 215.
    Dagos Manwoody(-255) hit Gawen Westerling(85) 170.
    ****
    Both of them are dead. A draw.
  Duel between Leffords(36) -WHI- and Daynes(30) -WHI- has begun.
    Leo Lefford(625) hit Beric Dayne(640) 196.
    Beric Dayne(444) hit Leo Lefford(625) 150.
    ****
    Leo Lefford(475) took 30 damage as DOT.
    Beric Dayne(444) took 30 damage as DOT.
    Leo Lefford(445) hit Beric Dayne(414) 196.
    Beric Dayne(218) hit Leo Lefford(445) 150.
    ****
    Leo Lefford(295) took 60 damage as DOT.
    Beric Dayne(218) took 60 damage as DOT.
    Leo Lefford(235) hit Beric Dayne(158) 196.
    Beric Dayne(-38) hit Leo Lefford(235) 150.
    ****
    Leo Lefford(85) has won.
  Duel between Serretts(30) -WIL- and Manwoodys(30) -WIL- has begun.
    Lord Serrett(475) hit Dagos Manwoody(465) 210.
    Dagos Manwoody(255) hit Lord Serrett(475) 170.
    ****
    Lord Serrett(305) took 25 damage as DOT.
    Dagos Manwoody(255) took 25 damage as DOT.
    Lord Serrett(280) hit Dagos Manwoody(230) 210.
    Dagos Manwoody(20) hit Lord Serrett(280) 170.
    ****
    Lord Serrett(110) took 50 damage as DOT.
    Dagos Manwoody(20) took 50 damage as DOT.
    Lord Serrett(60) hit Dagos Manwoody(-30) 210.
    Dagos Manwoody(-240) hit Lord Serrett(60) 170.
    ****
    Both of them are dead. A draw.
  Duel between Westerlings(30) -WIL- and Daynes(27) -WHI- has begun.
    Gawen Westerling(500) hit Beric Dayne(640) 215.
    Beric Dayne(425) hit Gawen Westerling(500) 147.
    ****
    Gawen Westerling(353) took 30 damage as DOT.
    Beric Dayne(425) took 25 damage as DOT.
    Gawen Westerling(323) hit Beric Dayne(400) 215.
    Beric Dayne(185) hit Gawen Westerling(323) 147.
    ****
    Gawen Westerling(176) took 60 damage as DOT.
    Beric Dayne(185) took 50 damage as DOT.
    Gawen Westerling(116) hit Beric Dayne(135) 215.
    Beric Dayne(-80) hit Gawen Westerling(116) 147.
    ****
    Both of them are dead. A draw.
  Duel between Leffords(39) -WHI- and Ullers(30) -WIZ- has begun.
    Leo Lefford(625) hit Mantral Uller(490) 199.
    Mantral Uller(291) hit Leo Lefford(625) 150.
    ****
    Leo Lefford(475) took 20 damage as DOT.
    Mantral Uller(291) took 30 damage as DOT.
    Leo Lefford(455) hit Mantral Uller(261) 199.
    Mantral Uller(62) hit Leo Lefford(455) 150.
    ****
    Leo Lefford(305) took 40 damage as DOT.
    Mantral Uller(62) took 60 damage as DOT.
    Leo Lefford(265) hit Mantral Uller(2) 199.
    Mantral Uller(-197) hit Leo Lefford(265) 150.
    ****
    Leo Lefford(115) has won.
  Duel between Serretts(30) -WIL- and Daynes(27) -WHI- has begun.
    Lord Serrett(475) hit Beric Dayne(640) 210.
    Beric Dayne(430) hit Lord Serrett(475) 147.
    ****
    Lord Serrett(328) took 30 damage as DOT.
    Beric Dayne(430) took 25 damage as DOT.
    Lord Serrett(298) hit Beric Dayne(405) 210.
    Beric Dayne(195) hit Lord Serrett(298) 147.
    ****
    Lord Serrett(151) took 60 damage as DOT.
    Beric Dayne(195) took 50 damage as DOT.
    Lord Serrett(91) hit Beric Dayne(145) 210.
    Beric Dayne(-65) hit Lord Serrett(91) 147.
    ****
    Both of them are dead. A draw.
  Duel between Westerlings(30) -WIL- and Ullers(27) -WIZ- has begun.
    Gawen Westerling(500) hit Mantral Uller(490) 215.
    Mantral Uller(275) hit Gawen Westerling(500) 147.
    ****
    Gawen Westerling(353) took 20 damage as DOT.
    Mantral Uller(275) took 25 damage as DOT.
    Gawen Westerling(333) hit Mantral Uller(250) 215.
    Mantral Uller(35) hit Gawen Westerling(333) 147.
    ****
    Gawen Westerling(186) took 40 damage as DOT.
    Mantral Uller(35) took 50 damage as DOT.
    Gawen Westerling(146) hit Mantral Uller(-15) 215.
    Mantral Uller(-230) hit Gawen Westerling(146) 147.
    ****
    Both of them are dead. A draw.
  Duel between Leffords(42) -WHI- and Manwoodys(30) -WIL- has begun.
    Leo Lefford(625) hit Dagos Manwoody(465) 202.
    Dagos Manwoody(263) hit Leo Lefford(625) 170.
    ****
    Leo Lefford(455) took 25 damage as DOT.
    Dagos Manwoody(263) took 30 damage as DOT.
    Leo Lefford(430) hit Dagos Manwoody(233) 202.
    Dagos Manwoody(31) hit Leo Lefford(430) 170.
    ****
    Leo Lefford(260) took 50 damage as DOT.
    Dagos Manwoody(31) took 60 damage as DOT.
    Leo Lefford(210) hit Dagos Manwoody(-29) 202.
    Dagos Manwoody(-231) hit Leo Lefford(210) 170.
    ****
    Leo Lefford(40) has won.
  Duel between House Frey(55) -WHI- and House Martell(50) -WIL- has begun.
    Kevan Lannister(675) hit Doran Martell(490) 215.
    Doran Martell(275) hit Kevan Lannister(675) 195.
    ****
    Kevan Lannister(480) took 25 damage as DOT.
    Doran Martell(275) took 30 damage as DOT.
    Kevan Lannister(455) hit Doran Martell(245) 215.
    Doran Martell(30) hit Kevan Lannister(455) 195.
    ****
    Kevan Lannister(260) took 50 damage as DOT.
    Doran Martell(30) took 60 damage as DOT.
    Kevan Lannister(210) hit Doran Martell(-30) 215.
    Doran Martell(-245) hit Kevan Lannister(210) 195.
    ****
    Kevan Lannister(15) has won.
  The Westernlands got 6 house points. Dorne got 0 house points.

The winner is: The Westernlands with currently 2 kingdom points.
---------------
---------------
Duel 3: Dorne vs The Riverlands
  Duel between Ullers(27) -WIZ- and Mallisters(30) -WIZ- has begun.
    Mantral Uller(490) hit Jason Mallister(495) 147.
    Jason Mallister(348) hit Mantral Uller(490) 180.
    ****
    Mantral Uller(310) took 20 damage as DOT.
    Jason Mallister(348) took 20 damage as DOT.
    Mantral Uller(290) hit Jason Mallister(328) 147.
    Jason Mallister(181) hit Mantral Uller(290) 180.
    ****
    Mantral Uller(110) took 40 damage as DOT.
    Jason Mallister(181) took 40 damage as DOT.
    Mantral Uller(70) hit Jason Mallister(141) 147.
    Jason Mallister(-6) hit Mantral Uller(70) 180.
    ****
    Both of them are dead. A draw.
  Duel between Manwoodys(27) -WIL- and Brackens(30) -WHI- has begun.
    Dagos Manwoody(465) hit Jonos Bracken(670) 167.
    Jonos Bracken(503) hit Dagos Manwoody(465) 170.
    ****
    Dagos Manwoody(295) took 30 damage as DOT.
    Jonos Bracken(503) took 25 damage as DOT.
    Dagos Manwoody(265) hit Jonos Bracken(478) 167.
    Jonos Bracken(311) hit Dagos Manwoody(265) 170.
    ****
    Dagos Manwoody(95) took 60 damage as DOT.
    Jonos Bracken(311) took 50 damage as DOT.
    Dagos Manwoody(35) hit Jonos Bracken(261) 167.
    Jonos Bracken(94) hit Dagos Manwoody(35) 170.
    ****
    Jonos Bracken(94) has won.
  Duel between Daynes(27) -WHI- and Mootons(30) -WHI- has begun.
    Beric Dayne(640) hit William Mooton(620) 147.
    William Mooton(473) hit Beric Dayne(640) 170.
    ****
    Beric Dayne(470) took 30 damage as DOT.
    William Mooton(473) took 30 damage as DOT.
    Beric Dayne(440) hit William Mooton(443) 147.
    William Mooton(296) hit Beric Dayne(440) 170.
    ****
    Beric Dayne(270) took 60 damage as DOT.
    William Mooton(296) took 60 damage as DOT.
    Beric Dayne(210) hit William Mooton(236) 147.
    William Mooton(89) hit Beric Dayne(210) 170.
    ****
    Beric Dayne(40) took 90 damage as DOT.
    William Mooton(89) took 90 damage as DOT.
    Beric Dayne(-50) hit William Mooton(-1) 147.
    William Mooton(-148) hit Beric Dayne(-50) 170.
    ****
    Both of them are dead. A draw.
  Duel between Ullers(27) -WIZ- and Brackens(33) -WHI- has begun.
    Mantral Uller(490) hit Jonos Bracken(670) 147.
    Jonos Bracken(523) hit Mantral Uller(490) 173.
    ****
    Mantral Uller(317) took 30 damage as DOT.
    Jonos Bracken(523) took 20 damage as DOT.
    Mantral Uller(287) hit Jonos Bracken(503) 147.
    Jonos Bracken(356) hit Mantral Uller(287) 173.
    ****
    Mantral Uller(114) took 60 damage as DOT.
    Jonos Bracken(356) took 40 damage as DOT.
    Mantral Uller(54) hit Jonos Bracken(316) 147.
    Jonos Bracken(169) hit Mantral Uller(54) 173.
    ****
    Jonos Bracken(169) has won.
  Duel between Manwoodys(24) -WIL- and Mootons(30) -WHI- has begun.
    Dagos Manwoody(465) hit William Mooton(620) 164.
    William Mooton(456) hit Dagos Manwoody(465) 170.
    ****
    Dagos Manwoody(295) took 30 damage as DOT.
    William Mooton(456) took 25 damage as DOT.
    Dagos Manwoody(265) hit William Mooton(431) 164.
    William Mooton(267) hit Dagos Manwoody(265) 170.
    ****
    Dagos Manwoody(95) took 60 damage as DOT.
    William Mooton(267) took 50 damage as DOT.
    Dagos Manwoody(35) hit William Mooton(217) 164.
    William Mooton(53) hit Dagos Manwoody(35) 170.
    ****
    William Mooton(53) has won.
  Duel between Daynes(27) -WHI- and Mallisters(30) -WIZ- has begun.
    Beric Dayne(640) hit Jason Mallister(495) 147.
    Jason Mallister(348) hit Beric Dayne(640) 180.
    ****
    Beric Dayne(460) took 20 damage as DOT.
    Jason Mallister(348) took 30 damage as DOT.
    Beric Dayne(440) hit Jason Mallister(318) 147.
    Jason Mallister(171) hit Beric Dayne(440) 180.
    ****
    Beric Dayne(260) took 40 damage as DOT.
    Jason Mallister(171) took 60 damage as DOT.
    Beric Dayne(220) hit Jason Mallister(111) 147.
    Jason Mallister(-36) hit Beric Dayne(220) 180.
    ****
    Beric Dayne(40) has won.
  Duel between Ullers(24) -WIZ- and Mootons(33) -WHI- has begun.
    Mantral Uller(490) hit William Mooton(620) 144.
    William Mooton(476) hit Mantral Uller(490) 173.
    ****
    Mantral Uller(317) took 30 damage as DOT.
    William Mooton(476) took 20 damage as DOT.
    Mantral Uller(287) hit William Mooton(456) 144.
    William Mooton(312) hit Mantral Uller(287) 173.
    ****
    Mantral Uller(114) took 60 damage as DOT.
    William Mooton(312) took 40 damage as DOT.
    Mantral Uller(54) hit William Mooton(272) 144.
    William Mooton(128) hit Mantral Uller(54) 173.
    ****
    William Mooton(128) has won.
  Duel between Manwoodys(21) -WIL- and Mallisters(27) -WIZ- has begun.
    Dagos Manwoody(465) hit Jason Mallister(495) 161.
    Jason Mallister(334) hit Dagos Manwoody(465) 177.
    ****
    Dagos Manwoody(288) took 20 damage as DOT.
    Jason Mallister(334) took 25 damage as DOT.
    Dagos Manwoody(268) hit Jason Mallister(309) 161.
    Jason Mallister(148) hit Dagos Manwoody(268) 177.
    ****
    Dagos Manwoody(91) took 40 damage as DOT.
    Jason Mallister(148) took 50 damage as DOT.
    Dagos Manwoody(51) hit Jason Mallister(98) 161.
    Jason Mallister(-63) hit Dagos Manwoody(51) 177.
    ****
    Both of them are dead. A draw.
  Duel between Daynes(25) -WHI- and Brackens(36) -WHI- has begun.
    Beric Dayne(640) hit Jonos Bracken(670) 145.
    Jonos Bracken(525) hit Beric Dayne(640) 176.
    ****
    Beric Dayne(464) took 30 damage as DOT.
    Jonos Bracken(525) took 30 damage as DOT.
    Beric Dayne(434) hit Jonos Bracken(495) 145.
    Jonos Bracken(350) hit Beric Dayne(434) 176.
    ****
    Beric Dayne(258) took 60 damage as DOT.
    Jonos Bracken(350) took 60 damage as DOT.
    Beric Dayne(198) hit Jonos Bracken(290) 145.
    Jonos Bracken(145) hit Beric Dayne(198) 176.
    ****
    Beric Dayne(22) took 90 damage as DOT.
    Jonos Bracken(145) took 90 damage as DOT.
    Beric Dayne(-68) hit Jonos Bracken(55) 145.
    Jonos Bracken(-90) hit Beric Dayne(-68) 176.
    ****
    Both of them are dead. A draw.
  Duel between House Martell(45) -WIL- and House Bolton(50) -WIL- has begun.
    Doran Martell(490) hit Stevron Frey(445) 190.
    Stevron Frey(255) hit Doran Martell(490) 215.
    ****
    Doran Martell(275) took 25 damage as DOT.
    Stevron Frey(255) took 25 damage as DOT.
    Doran Martell(250) hit Stevron Frey(230) 190.
    Stevron Frey(40) hit Doran Martell(250) 215.
    ****
    Doran Martell(35) took 50 damage as DOT.
    Stevron Frey(40) took 50 damage as DOT.
    Doran Martell(-15) hit Stevron Frey(-10) 190.
    Stevron Frey(-200) hit Doran Martell(-15) 215.
    ****
    Both of them are dead. A draw.
  Dorne got 1 house points. The Riverlands got 4 house points.

The winner is: The Riverlands with currently 1 kingdom points.
---------------
---------------
Duel 4: The Reach vs Dorne
  Duel between Bulwers(30) -WHI- and Ullers(21) -WIZ- has begun.
    Jack Bulwer(683) hit Mantral Uller(490) 153.
    Mantral Uller(337) hit Jack Bulwer(683) 141.
    ****
    Jack Bulwer(542) took 20 damage as DOT.
    Mantral Uller(337) took 30 damage as DOT.
    Jack Bulwer(522) hit Mantral Uller(307) 153.
    Mantral Uller(154) hit Jack Bulwer(522) 141.
    ****
    Jack Bulwer(381) took 40 damage as DOT.
    Mantral Uller(154) took 60 damage as DOT.
    Jack Bulwer(341) hit Mantral Uller(94) 153.
    Mantral Uller(-59) hit Jack Bulwer(341) 141.
    ****
    Jack Bulwer(200) has won.
  Duel between Redwynes(27) -WIL- and Manwoodys(21) -WIL- has begun.
    Paxter Redwyne(458) hit Dagos Manwoody(465) 170.
    Dagos Manwoody(295) hit Paxter Redwyne(458) 161.
    ****
    Paxter Redwyne(297) took 25 damage as DOT.
    Dagos Manwoody(295) took 25 damage as DOT.
    Paxter Redwyne(272) hit Dagos Manwoody(270) 170.
    Dagos Manwoody(100) hit Paxter Redwyne(272) 161.
    ****
    Paxter Redwyne(111) took 50 damage as DOT.
    Dagos Manwoody(100) took 50 damage as DOT.
    Paxter Redwyne(61) hit Dagos Manwoody(50) 170.
    Dagos Manwoody(-120) hit Paxter Redwyne(61) 161.
    ****
    Both of them are dead. A draw.
  Duel between Cuys(27) -WIL- and Daynes(25) -WHI- has begun.
    Emmon Cuy(533) hit Beric Dayne(640) 175.
    Beric Dayne(465) hit Emmon Cuy(533) 145.
    ****
    Emmon Cuy(388) took 30 damage as DOT.
    Beric Dayne(465) took 25 damage as DOT.
    Emmon Cuy(358) hit Beric Dayne(440) 175.
    Beric Dayne(265) hit Emmon Cuy(358) 145.
    ****
    Emmon Cuy(213) took 60 damage as DOT.
    Beric Dayne(265) took 50 damage as DOT.
    Emmon Cuy(153) hit Beric Dayne(215) 175.
    Beric Dayne(40) hit Emmon Cuy(153) 145.
    ****
    Emmon Cuy(8) took 90 damage as DOT.
    Beric Dayne(40) took 75 damage as DOT.
    Emmon Cuy(-82) hit Beric Dayne(-35) 175.
    Beric Dayne(-210) hit Emmon Cuy(-82) 145.
    ****
    Both of them are dead. A draw.
  Duel between Bulwers(33) -WHI- and Manwoodys(21) -WIL- has begun.
    Jack Bulwer(683) hit Dagos Manwoody(465) 156.
    Dagos Manwoody(309) hit Jack Bulwer(683) 161.
    ****
    Jack Bulwer(522) took 25 damage as DOT.
    Dagos Manwoody(309) took 30 damage as DOT.
    Jack Bulwer(497) hit Dagos Manwoody(279) 156.
    Dagos Manwoody(123) hit Jack Bulwer(497) 161.
    ****
    Jack Bulwer(336) took 50 damage as DOT.
    Dagos Manwoody(123) took 60 damage as DOT.
    Jack Bulwer(286) hit Dagos Manwoody(63) 156.
    Dagos Manwoody(-93) hit Jack Bulwer(286) 161.
    ****
    Jack Bulwer(125) has won.
  Duel between Redwynes(27) -WIL- and Daynes(25) -WHI- has begun.
    Paxter Redwyne(458) hit Beric Dayne(640) 170.
    Beric Dayne(470) hit Paxter Redwyne(458) 145.
    ****
    Paxter Redwyne(313) took 30 damage as DOT.
    Beric Dayne(470) took 25 damage as DOT.
    Paxter Redwyne(283) hit Beric Dayne(445) 170.
    Beric Dayne(275) hit Paxter Redwyne(283) 145.
    ****
    Paxter Redwyne(138) took 60 damage as DOT.
    Beric Dayne(275) took 50 damage as DOT.
    Paxter Redwyne(78) hit Beric Dayne(225) 170.
    Beric Dayne(55) hit Paxter Redwyne(78) 145.
    ****
    Beric Dayne(55) has won.
  Duel between Cuys(27) -WIL- and Ullers(18) -WIZ- has begun.
    Emmon Cuy(533) hit Mantral Uller(490) 175.
    Mantral Uller(315) hit Emmon Cuy(533) 138.
    ****
    Emmon Cuy(395) took 20 damage as DOT.
    Mantral Uller(315) took 25 damage as DOT.
    Emmon Cuy(375) hit Mantral Uller(290) 175.
    Mantral Uller(115) hit Emmon Cuy(375) 138.
    ****
    Emmon Cuy(237) took 40 damage as DOT.
    Mantral Uller(115) took 50 damage as DOT.
    Emmon Cuy(197) hit Mantral Uller(65) 175.
    Mantral Uller(-110) hit Emmon Cuy(197) 138.
    ****
    Emmon Cuy(59) has won.
  Duel between Bulwers(36) -WHI- and Daynes(23) -WHI- has begun.
    Jack Bulwer(683) hit Beric Dayne(640) 159.
    Beric Dayne(481) hit Jack Bulwer(683) 143.
    ****
    Jack Bulwer(540) took 30 damage as DOT.
    Beric Dayne(481) took 30 damage as DOT.
    Jack Bulwer(510) hit Beric Dayne(451) 159.
    Beric Dayne(292) hit Jack Bulwer(510) 143.
    ****
    Jack Bulwer(367) took 60 damage as DOT.
    Beric Dayne(292) took 60 damage as DOT.
    Jack Bulwer(307) hit Beric Dayne(232) 159.
    Beric Dayne(73) hit Jack Bulwer(307) 143.
    ****
    Jack Bulwer(164) took 90 damage as DOT.
    Beric Dayne(73) took 90 damage as DOT.
    Jack Bulwer(74) hit Beric Dayne(-17) 159.
    Beric Dayne(-176) hit Jack Bulwer(74) 143.
    ****
    Both of them are dead. A draw.
  Duel between Redwynes(24) -WIL- and Ullers(15) -WIZ- has begun.
    Paxter Redwyne(458) hit Mantral Uller(490) 167.
    Mantral Uller(323) hit Paxter Redwyne(458) 135.
    ****
    Paxter Redwyne(323) took 20 damage as DOT.
    Mantral Uller(323) took 25 damage as DOT.
    Paxter Redwyne(303) hit Mantral Uller(298) 167.
    Mantral Uller(131) hit Paxter Redwyne(303) 135.
    ****
    Paxter Redwyne(168) took 40 damage as DOT.
    Mantral Uller(131) took 50 damage as DOT.
    Paxter Redwyne(128) hit Mantral Uller(81) 167.
    Mantral Uller(-86) hit Paxter Redwyne(128) 135.
    ****
    Both of them are dead. A draw.
  Duel between Cuys(30) -WIL- and Manwoodys(18) -WIL- has begun.
    Emmon Cuy(533) hit Dagos Manwoody(465) 178.
    Dagos Manwoody(287) hit Emmon Cuy(533) 158.
    ****
    Emmon Cuy(375) took 25 damage as DOT.
    Dagos Manwoody(287) took 25 damage as DOT.
    Emmon Cuy(350) hit Dagos Manwoody(262) 178.
    Dagos Manwoody(84) hit Emmon Cuy(350) 158.
    ****
    Emmon Cuy(192) took 50 damage as DOT.
    Dagos Manwoody(84) took 50 damage as DOT.
    Emmon Cuy(142) hit Dagos Manwoody(34) 178.
    Dagos Manwoody(-144) hit Emmon Cuy(142) 158.
    ****
    Both of them are dead. A draw.
  Duel between House Lannister(45) -WIL- and House Martell(45) -WIL- has begun.
    Mace Tyrell(483) hit Doran Martell(490) 193.
    Doran Martell(297) hit Mace Tyrell(483) 190.
    ****
    Mace Tyrell(293) took 25 damage as DOT.
    Doran Martell(297) took 25 damage as DOT.
    Mace Tyrell(268) hit Doran Martell(272) 193.
    Doran Martell(79) hit Mace Tyrell(268) 190.
    ****
    Mace Tyrell(78) took 50 damage as DOT.
    Doran Martell(79) took 50 damage as DOT.
    Mace Tyrell(28) hit Doran Martell(29) 193.
    Doran Martell(-164) hit Mace Tyrell(28) 190.
    ****
    Both of them are dead. A draw.
  The Reach got 3 house points. Dorne got 1 house points.

The winner is: The Reach with currently 1 kingdom points.
---------------
---------------
Duel 5: The Westernlands vs The Riverlands
  Duel between Serretts(30) -WIL- and Mallisters(27) -WIZ- has begun.
    Lord Serrett(475) hit Jason Mallister(495) 210.
    Jason Mallister(285) hit Lord Serrett(475) 177.
    ****
    Lord Serrett(298) took 20 damage as DOT.
    Jason Mallister(285) took 25 damage as DOT.
    Lord Serrett(278) hit Jason Mallister(260) 210.
    Jason Mallister(50) hit Lord Serrett(278) 177.
    ****
    Lord Serrett(101) took 40 damage as DOT.
    Jason Mallister(50) took 50 damage as DOT.
    Lord Serrett(61) hit Jason Mallister(0) 210.
    Jason Mallister(-210) hit Lord Serrett(61) 177.
    ****
    Both of them are dead. A draw.
  Duel between Westerlings(30) -WIL- and Brackens(36) -WHI- has begun.
    Gawen Westerling(500) hit Jonos Bracken(670) 215.
    Jonos Bracken(455) hit Gawen Westerling(500) 176.
    ****
    Gawen Westerling(324) took 30 damage as DOT.
    Jonos Bracken(455) took 25 damage as DOT.
    Gawen Westerling(294) hit Jonos Bracken(430) 215.
    Jonos Bracken(215) hit Gawen Westerling(294) 176.
    ****
    Gawen Westerling(118) took 60 damage as DOT.
    Jonos Bracken(215) took 50 damage as DOT.
    Gawen Westerling(58) hit Jonos Bracken(165) 215.
    Jonos Bracken(-50) hit Gawen Westerling(58) 176.
    ****
    Both of them are dead. A draw.
  Duel between Leffords(45) -WHI- and Mootons(36) -WHI- has begun.
    Leo Lefford(625) hit William Mooton(620) 205.
    William Mooton(415) hit Leo Lefford(625) 176.
    ****
    Leo Lefford(449) took 30 damage as DOT.
    William Mooton(415) took 30 damage as DOT.
    Leo Lefford(419) hit William Mooton(385) 205.
    William Mooton(180) hit Leo Lefford(419) 176.
    ****
    Leo Lefford(243) took 60 damage as DOT.
    William Mooton(180) took 60 damage as DOT.
    Leo Lefford(183) hit William Mooton(120) 205.
    William Mooton(-85) hit Leo Lefford(183) 176.
    ****
    Leo Lefford(7) has won.
  Duel between Serretts(30) -WIL- and Brackens(36) -WHI- has begun.
    Lord Serrett(475) hit Jonos Bracken(670) 210.
    Jonos Bracken(460) hit Lord Serrett(475) 176.
    ****
    Lord Serrett(299) took 30 damage as DOT.
    Jonos Bracken(460) took 25 damage as DOT.
    Lord Serrett(269) hit Jonos Bracken(435) 210.
    Jonos Bracken(225) hit Lord Serrett(269) 176.
    ****
    Lord Serrett(93) took 60 damage as DOT.
    Jonos Bracken(225) took 50 damage as DOT.
    Lord Serrett(33) hit Jonos Bracken(175) 210.
    Jonos Bracken(-35) hit Lord Serrett(33) 176.
    ****
    Both of them are dead. A draw.
  Duel between Westerlings(30) -WIL- and Mootons(33) -WHI- has begun.
    Gawen Westerling(500) hit William Mooton(620) 215.
    William Mooton(405) hit Gawen Westerling(500) 173.
    ****
    Gawen Westerling(327) took 30 damage as DOT.
    William Mooton(405) took 25 damage as DOT.
    Gawen Westerling(297) hit William Mooton(380) 215.
    William Mooton(165) hit Gawen Westerling(297) 173.
    ****
    Gawen Westerling(124) took 60 damage as DOT.
    William Mooton(165) took 50 damage as DOT.
    Gawen Westerling(64) hit William Mooton(115) 215.
    William Mooton(-100) hit Gawen Westerling(64) 173.
    ****
    Both of them are dead. A draw.
  Duel between Leffords(48) -WHI- and Mallisters(27) -WIZ- has begun.
    Leo Lefford(625) hit Jason Mallister(495) 208.
    Jason Mallister(287) hit Leo Lefford(625) 177.
    ****
    Leo Lefford(448) took 20 damage as DOT.
    Jason Mallister(287) took 30 damage as DOT.
    Leo Lefford(428) hit Jason Mallister(257) 208.
    Jason Mallister(49) hit Leo Lefford(428) 177.
    ****
    Leo Lefford(251) took 40 damage as DOT.
    Jason Mallister(49) took 60 damage as DOT.
    Leo Lefford(211) hit Jason Mallister(-11) 208.
    Jason Mallister(-219) hit Leo Lefford(211) 177.
    ****
    Leo Lefford(34) has won.
  Duel between Serretts(30) -WIL- and Mootons(33) -WHI- has begun.
    Lord Serrett(475) hit William Mooton(620) 210.
    William Mooton(410) hit Lord Serrett(475) 173.
    ****
    Lord Serrett(302) took 30 damage as DOT.
    William Mooton(410) took 25 damage as DOT.
    Lord Serrett(272) hit William Mooton(385) 210.
    William Mooton(175) hit Lord Serrett(272) 173.
    ****
    Lord Serrett(99) took 60 damage as DOT.
    William Mooton(175) took 50 damage as DOT.
    Lord Serrett(39) hit William Mooton(125) 210.
    William Mooton(-85) hit Lord Serrett(39) 173.
    ****
    Both of them are dead. A draw.
  Duel between Westerlings(30) -WIL- and Mallisters(24) -WIZ- has begun.
    Gawen Westerling(500) hit Jason Mallister(495) 215.
    Jason Mallister(280) hit Gawen Westerling(500) 174.
    ****
    Gawen Westerling(326) took 20 damage as DOT.
    Jason Mallister(280) took 25 damage as DOT.
    Gawen Westerling(306) hit Jason Mallister(255) 215.
    Jason Mallister(40) hit Gawen Westerling(306) 174.
    ****
    Gawen Westerling(132) took 40 damage as DOT.
    Jason Mallister(40) took 50 damage as DOT.
    Gawen Westerling(92) hit Jason Mallister(-10) 215.
    Jason Mallister(-225) hit Gawen Westerling(92) 174.
    ****
    Both of them are dead. A draw.
  Duel between Leffords(51) -WHI- and Brackens(36) -WHI- has begun.
    Leo Lefford(625) hit Jonos Bracken(670) 211.
    Jonos Bracken(459) hit Leo Lefford(625) 176.
    ****
    Leo Lefford(449) took 30 damage as DOT.
    Jonos Bracken(459) took 30 damage as DOT.
    Leo Lefford(419) hit Jonos Bracken(429) 211.
    Jonos Bracken(218) hit Leo Lefford(419) 176.
    ****
    Leo Lefford(243) took 60 damage as DOT.
    Jonos Bracken(218) took 60 damage as DOT.
    Leo Lefford(183) hit Jonos Bracken(158) 211.
    Jonos Bracken(-53) hit Leo Lefford(183) 176.
    ****
    Leo Lefford(7) has won.
  Duel between House Frey(60) -WHI- and House Bolton(50) -WIL- has begun.
    Kevan Lannister(675) hit Stevron Frey(445) 220.
    Stevron Frey(225) hit Kevan Lannister(675) 215.
    ****
    Kevan Lannister(460) took 25 damage as DOT.
    Stevron Frey(225) took 30 damage as DOT.
    Kevan Lannister(435) hit Stevron Frey(195) 220.
    Stevron Frey(-25) hit Kevan Lannister(435) 215.
    ****
    Kevan Lannister(220) has won.
  The Westernlands got 6 house points. The Riverlands got 0 house points.

The winner is: The Westernlands with currently 3 kingdom points.
---------------
---------------
Duel 6: The Reach vs The Riverlands
  Duel between Bulwers(36) -WHI- and Mallisters(24) -WIZ- has begun.
    Jack Bulwer(683) hit Jason Mallister(495) 159.
    Jason Mallister(336) hit Jack Bulwer(683) 174.
    ****
    Jack Bulwer(509) took 20 damage as DOT.
    Jason Mallister(336) took 30 damage as DOT.
    Jack Bulwer(489) hit Jason Mallister(306) 159.
    Jason Mallister(147) hit Jack Bulwer(489) 174.
    ****
    Jack Bulwer(315) took 40 damage as DOT.
    Jason Mallister(147) took 60 damage as DOT.
    Jack Bulwer(275) hit Jason Mallister(87) 159.
    Jason Mallister(-72) hit Jack Bulwer(275) 174.
    ****
    Jack Bulwer(101) has won.
  Duel between Redwynes(24) -WIL- and Brackens(33) -WHI- has begun.
    Paxter Redwyne(458) hit Jonos Bracken(670) 167.
    Jonos Bracken(503) hit Paxter Redwyne(458) 173.
    ****
    Paxter Redwyne(285) took 30 damage as DOT.
    Jonos Bracken(503) took 25 damage as DOT.
    Paxter Redwyne(255) hit Jonos Bracken(478) 167.
    Jonos Bracken(311) hit Paxter Redwyne(255) 173.
    ****
    Paxter Redwyne(82) took 60 damage as DOT.
    Jonos Bracken(311) took 50 damage as DOT.
    Paxter Redwyne(22) hit Jonos Bracken(261) 167.
    Jonos Bracken(94) hit Paxter Redwyne(22) 173.
    ****
    Jonos Bracken(94) has won.
  Duel between Cuys(30) -WIL- and Mootons(33) -WHI- has begun.
    Emmon Cuy(533) hit William Mooton(620) 178.
    William Mooton(442) hit Emmon Cuy(533) 173.
    ****
    Emmon Cuy(360) took 30 damage as DOT.
    William Mooton(442) took 25 damage as DOT.
    Emmon Cuy(330) hit William Mooton(417) 178.
    William Mooton(239) hit Emmon Cuy(330) 173.
    ****
    Emmon Cuy(157) took 60 damage as DOT.
    William Mooton(239) took 50 damage as DOT.
    Emmon Cuy(97) hit William Mooton(189) 178.
    William Mooton(11) hit Emmon Cuy(97) 173.
    ****
    William Mooton(11) has won.
  Duel between Bulwers(39) -WHI- and Brackens(36) -WHI- has begun.
    Jack Bulwer(683) hit Jonos Bracken(670) 162.
    Jonos Bracken(508) hit Jack Bulwer(683) 176.
    ****
    Jack Bulwer(507) took 30 damage as DOT.
    Jonos Bracken(508) took 30 damage as DOT.
    Jack Bulwer(477) hit Jonos Bracken(478) 162.
    Jonos Bracken(316) hit Jack Bulwer(477) 176.
    ****
    Jack Bulwer(301) took 60 damage as DOT.
    Jonos Bracken(316) took 60 damage as DOT.
    Jack Bulwer(241) hit Jonos Bracken(256) 162.
    Jonos Bracken(94) hit Jack Bulwer(241) 176.
    ****
    Jack Bulwer(65) took 90 damage as DOT.
    Jonos Bracken(94) took 90 damage as DOT.
    Jack Bulwer(-25) hit Jonos Bracken(4) 162.
    Jonos Bracken(-158) hit Jack Bulwer(-25) 176.
    ****
    Both of them are dead. A draw.
  Duel between Redwynes(21) -WIL- and Mootons(36) -WHI- has begun.
    Paxter Redwyne(458) hit William Mooton(620) 164.
    William Mooton(456) hit Paxter Redwyne(458) 176.
    ****
    Paxter Redwyne(282) took 30 damage as DOT.
    William Mooton(456) took 25 damage as DOT.
    Paxter Redwyne(252) hit William Mooton(431) 164.
    William Mooton(267) hit Paxter Redwyne(252) 176.
    ****
    Paxter Redwyne(76) took 60 damage as DOT.
    William Mooton(267) took 50 damage as DOT.
    Paxter Redwyne(16) hit William Mooton(217) 164.
    William Mooton(53) hit Paxter Redwyne(16) 176.
    ****
    William Mooton(53) has won.
  Duel between Cuys(27) -WIL- and Mallisters(21) -WIZ- has begun.
    Emmon Cuy(533) hit Jason Mallister(495) 175.
    Jason Mallister(320) hit Emmon Cuy(533) 171.
    ****
    Emmon Cuy(362) took 20 damage as DOT.
    Jason Mallister(320) took 25 damage as DOT.
    Emmon Cuy(342) hit Jason Mallister(295) 175.
    Jason Mallister(120) hit Emmon Cuy(342) 171.
    ****
    Emmon Cuy(171) took 40 damage as DOT.
    Jason Mallister(120) took 50 damage as DOT.
    Emmon Cuy(131) hit Jason Mallister(70) 175.
    Jason Mallister(-105) hit Emmon Cuy(131) 171.
    ****
    Both of them are dead. A draw.
  Duel between Bulwers(39) -WHI- and Mootons(39) -WHI- has begun.
    Jack Bulwer(683) hit William Mooton(620) 162.
    William Mooton(458) hit Jack Bulwer(683) 179.
    ****
    Jack Bulwer(504) took 30 damage as DOT.
    William Mooton(458) took 30 damage as DOT.
    Jack Bulwer(474) hit William Mooton(428) 162.
    William Mooton(266) hit Jack Bulwer(474) 179.
    ****
    Jack Bulwer(295) took 60 damage as DOT.
    William Mooton(266) took 60 damage as DOT.
    Jack Bulwer(235) hit William Mooton(206) 162.
    William Mooton(44) hit Jack Bulwer(235) 179.
    ****
    Jack Bulwer(56) took 90 damage as DOT.
    William Mooton(44) took 90 damage as DOT.
    Jack Bulwer(-34) hit William Mooton(-46) 162.
    William Mooton(-208) hit Jack Bulwer(-34) 179.
    ****
    Both of them are dead. A draw.
  Duel between Redwynes(18) -WIL- and Mallisters(21) -WIZ- has begun.
    Paxter Redwyne(458) hit Jason Mallister(495) 161.
    Jason Mallister(334) hit Paxter Redwyne(458) 171.
    ****
    Paxter Redwyne(287) took 20 damage as DOT.
    Jason Mallister(334) took 25 damage as DOT.
    Paxter Redwyne(267) hit Jason Mallister(309) 161.
    Jason Mallister(148) hit Paxter Redwyne(267) 171.
    ****
    Paxter Redwyne(96) took 40 damage as DOT.
    Jason Mallister(148) took 50 damage as DOT.
    Paxter Redwyne(56) hit Jason Mallister(98) 161.
    Jason Mallister(-63) hit Paxter Redwyne(56) 171.
    ****
    Both of them are dead. A draw.
  Duel between Cuys(27) -WIL- and Brackens(36) -WHI- has begun.
    Emmon Cuy(533) hit Jonos Bracken(670) 175.
    Jonos Bracken(495) hit Emmon Cuy(533) 176.
    ****
    Emmon Cuy(357) took 30 damage as DOT.
    Jonos Bracken(495) took 25 damage as DOT.
    Emmon Cuy(327) hit Jonos Bracken(470) 175.
    Jonos Bracken(295) hit Emmon Cuy(327) 176.
    ****
    Emmon Cuy(151) took 60 damage as DOT.
    Jonos Bracken(295) took 50 damage as DOT.
    Emmon Cuy(91) hit Jonos Bracken(245) 175.
    Jonos Bracken(70) hit Emmon Cuy(91) 176.
    ****
    Jonos Bracken(70) has won.
  Duel between House Lannister(45) -WIL- and House Bolton(37) -WIL- has begun.
    Mace Tyrell(483) hit Stevron Frey(445) 193.
    Stevron Frey(252) hit Mace Tyrell(483) 202.
    ****
    Mace Tyrell(281) took 25 damage as DOT.
    Stevron Frey(252) took 25 damage as DOT.
    Mace Tyrell(256) hit Stevron Frey(227) 193.
    Stevron Frey(34) hit Mace Tyrell(256) 202.
    ****
    Mace Tyrell(54) took 50 damage as DOT.
    Stevron Frey(34) took 50 damage as DOT.
    Mace Tyrell(4) hit Stevron Frey(-16) 193.
    Stevron Frey(-209) hit Mace Tyrell(4) 202.
    ****
    Both of them are dead. A draw.
  The Reach got 1 house points. The Riverlands got 4 house points.

The winner is: The Riverlands with currently 2 kingdom points.
---------------
The War is over. The new owner of King's Landing is The Westernlands with a total of 3 points.

