War has started with 4 kingdoms.
---------------
Duel 1: The Crownlands vs The North
  Duel between Gaunts(30) -WIZ- and Karstarks(30) -WIL- has begun.
    Gwayne Gaunt(510) hit Rickard Karstark(430) 125.
    Rickard Karstark(305) hit Gwayne Gaunt(510) 235.
    ****
    Gwayne Gaunt(275) took 25 damage as DOT.
    Rickard Karstark(305) took 20 damage as DOT.
    Gwayne Gaunt(250) hit Rickard Karstark(285) 125.
    Rickard Karstark(160) hit Gwayne Gaunt(250) 235.
    ****
    Gwayne Gaunt(15) took 50 damage as DOT.
    Rickard Karstark(160) took 40 damage as DOT.
    Gwayne Gaunt(-35) hit Rickard Karstark(120) 125.
    Rickard Karstark(-5) hit Gwayne Gaunt(-35) 235.
    ****
    Both of them are dead. A draw.
  Duel between Rykkers(30) -WHI- and Hornwoods(30) -WIZ- has begun.
    Jaremy Rykker(660) hit Halys Hornwood(505) 130.
    Halys Hornwood(375) hit Jaremy Rykker(660) 215.
    ****
    Jaremy Rykker(445) took 20 damage as DOT.
    Halys Hornwood(375) took 30 damage as DOT.
    Jaremy Rykker(425) hit Halys Hornwood(345) 130.
    Halys Hornwood(215) hit Jaremy Rykker(425) 215.
    ****
    Jaremy Rykker(210) took 40 damage as DOT.
    Halys Hornwood(215) took 60 damage as DOT.
    Jaremy Rykker(170) hit Halys Hornwood(155) 130.
    Halys Hornwood(25) hit Jaremy Rykker(170) 215.
    ****
    Halys Hornwood(25) has won.
  Duel between Brunes(30) -WHI- and Mormonts(30) -WHI- has begun.
    Lothor Brune(685) hit Jeor Mormont(580) 130.
    Jeor Mormont(450) hit Lothor Brune(685) 210.
    ****
    Lothor Brune(475) took 30 damage as DOT.
    Jeor Mormont(450) took 30 damage as DOT.
    Lothor Brune(445) hit Jeor Mormont(420) 130.
    Jeor Mormont(290) hit Lothor Brune(445) 210.
    ****
    Lothor Brune(235) took 60 damage as DOT.
    Jeor Mormont(290) took 60 damage as DOT.
    Lothor Brune(175) hit Jeor Mormont(230) 130.
    Jeor Mormont(100) hit Lothor Brune(175) 210.
    ****
    Jeor Mormont(100) has won.
  Duel between Gaunts(30) -WIZ- and Hornwoods(33) -WIZ- has begun.
    Gwayne Gaunt(510) hit Halys Hornwood(505) 125.
    Halys Hornwood(380) hit Gwayne Gaunt(510) 218.
    ****
    Gwayne Gaunt(292) took 20 damage as DOT.
    Halys Hornwood(380) took 20 damage as DOT.
    Gwayne Gaunt(272) hit Halys Hornwood(360) 125.
    Halys Hornwood(235) hit Gwayne Gaunt(272) 218.
    ****
    Gwayne Gaunt(54) took 40 damage as DOT.
    Halys Hornwood(235) took 40 damage as DOT.
    Gwayne Gaunt(14) hit Halys Hornwood(195) 125.
    Halys Hornwood(70) hit Gwayne Gaunt(14) 218.
    ****
    Halys Hornwood(70) has won.
  Duel between Rykkers(27) -WHI- and Mormonts(33) -WHI- has begun.
    Jaremy Rykker(660) hit Jeor Mormont(580) 127.
    Jeor Mormont(453) hit Jaremy Rykker(660) 213.
    ****
    Jaremy Rykker(447) took 30 damage as DOT.
    Jeor Mormont(453) took 30 damage as DOT.
    Jaremy Rykker(417) hit Jeor Mormont(423) 127.
    Jeor Mormont(296) hit Jaremy Rykker(417) 213.
    ****
    Jaremy Rykker(204) took 60 damage as DOT.
    Jeor Mormont(296) took 60 damage as DOT.
    Jaremy Rykker(144) hit Jeor Mormont(236) 127.
    Jeor Mormont(109) hit Jaremy Rykker(144) 213.
    ****
    Jeor Mormont(109) has won.
  Duel between Brunes(27) -WHI- and Karstarks(30) -WIL- has begun.
    Lothor Brune(685) hit Rickard Karstark(430) 127.
    Rickard Karstark(303) hit Lothor Brune(685) 235.
    ****
    Lothor Brune(450) took 25 damage as DOT.
    Rickard Karstark(303) took 30 damage as DOT.
    Lothor Brune(425) hit Rickard Karstark(273) 127.
    Rickard Karstark(146) hit Lothor Brune(425) 235.
    ****
    Lothor Brune(190) took 50 damage as DOT.
    Rickard Karstark(146) took 60 damage as DOT.
    Lothor Brune(140) hit Rickard Karstark(86) 127.
    Rickard Karstark(-41) hit Lothor Brune(140) 235.
    ****
    Both of them are dead. A draw.
  Duel between Gaunts(27) -WIZ- and Mormonts(36) -WHI- has begun.
    Gwayne Gaunt(510) hit Jeor Mormont(580) 122.
    Jeor Mormont(458) hit Gwayne Gaunt(510) 216.
    ****
    Gwayne Gaunt(294) took 30 damage as DOT.
    Jeor Mormont(458) took 20 damage as DOT.
    Gwayne Gaunt(264) hit Jeor Mormont(438) 122.
    Jeor Mormont(316) hit Gwayne Gaunt(264) 216.
    ****
    Gwayne Gaunt(48) took 60 damage as DOT.
    Jeor Mormont(316) took 40 damage as DOT.
    Gwayne Gaunt(-12) hit Jeor Mormont(276) 122.
    Jeor Mormont(154) hit Gwayne Gaunt(-12) 216.
    ****
    Jeor Mormont(154) has won.
  Duel between Rykkers(24) -WHI- and Karstarks(30) -WIL- has begun.
    Jaremy Rykker(660) hit Rickard Karstark(430) 124.
    Rickard Karstark(306) hit Jaremy Rykker(660) 235.
    ****
    Jaremy Rykker(425) took 25 damage as DOT.
    Rickard Karstark(306) took 30 damage as DOT.
    Jaremy Rykker(400) hit Rickard Karstark(276) 124.
    Rickard Karstark(152) hit Jaremy Rykker(400) 235.
    ****
    Jaremy Rykker(165) took 50 damage as DOT.
    Rickard Karstark(152) took 60 damage as DOT.
    Jaremy Rykker(115) hit Rickard Karstark(92) 124.
    Rickard Karstark(-32) hit Jaremy Rykker(115) 235.
    ****
    Both of them are dead. A draw.
  Duel between Brunes(27) -WHI- and Hornwoods(36) -WIZ- has begun.
    Lothor Brune(685) hit Halys Hornwood(505) 127.
    Halys Hornwood(378) hit Lothor Brune(685) 221.
    ****
    Lothor Brune(464) took 20 damage as DOT.
    Halys Hornwood(378) took 30 damage as DOT.
    Lothor Brune(444) hit Halys Hornwood(348) 127.
    Halys Hornwood(221) hit Lothor Brune(444) 221.
    ****
    Lothor Brune(223) took 40 damage as DOT.
    Halys Hornwood(221) took 60 damage as DOT.
    Lothor Brune(183) hit Halys Hornwood(161) 127.
    Halys Hornwood(34) hit Lothor Brune(183) 221.
    ****
    Halys Hornwood(34) has won.
  Duel between House Baratheon(50) -WHI- and House Stark(50) -WHI- has begun.
    Aegon Targaryen(710) hit Arya Stark(630) 150.
    Arya Stark(480) hit Aegon Targaryen(710) 230.
    ****
    Aegon Targaryen(480) took 30 damage as DOT.
    Arya Stark(480) took 30 damage as DOT.
    Aegon Targaryen(450) hit Arya Stark(450) 150.
    Arya Stark(300) hit Aegon Targaryen(450) 230.
    ****
    Aegon Targaryen(220) took 60 damage as DOT.
    Arya Stark(300) took 60 damage as DOT.
    Aegon Targaryen(160) hit Arya Stark(240) 150.
    Arya Stark(90) hit Aegon Targaryen(160) 230.
    ****
    Arya Stark(90) has won.
  The Crownlands got 0 house points. The North got 9 house points.

The winner is: The North with currently 1 kingdom points.
---------------
---------------
Duel 2: The North vs The Vale of Arryn
  Duel between Karstarks(30) -WIL- and Moores(30) -WHI- has begun.
    Rickard Karstark(430) hit Mandon Moore(655) 235.
    Mandon Moore(420) hit Rickard Karstark(430) 160.
    ****
    Rickard Karstark(270) took 30 damage as DOT.
    Mandon Moore(420) took 25 damage as DOT.
    Rickard Karstark(240) hit Mandon Moore(395) 235.
    Mandon Moore(160) hit Rickard Karstark(240) 160.
    ****
    Rickard Karstark(80) took 60 damage as DOT.
    Mandon Moore(160) took 50 damage as DOT.
    Rickard Karstark(20) hit Mandon Moore(110) 235.
    Mandon Moore(-125) hit Rickard Karstark(20) 160.
    ****
    Both of them are dead. A draw.
  Duel between Hornwoods(39) -WIZ- and Tolletts(30) -WIZ- has begun.
    Halys Hornwood(505) hit Eddison Tollett(530) 224.
    Eddison Tollett(306) hit Halys Hornwood(505) 155.
    ****
    Halys Hornwood(350) took 20 damage as DOT.
    Eddison Tollett(306) took 20 damage as DOT.
    Halys Hornwood(330) hit Eddison Tollett(286) 224.
    Eddison Tollett(62) hit Halys Hornwood(330) 155.
    ****
    Halys Hornwood(175) took 40 damage as DOT.
    Eddison Tollett(62) took 40 damage as DOT.
    Halys Hornwood(135) hit Eddison Tollett(22) 224.
    Eddison Tollett(-202) hit Halys Hornwood(135) 155.
    ****
    Both of them are dead. A draw.
  Duel between Mormonts(39) -WHI- and Waynwoods(30) -WIL- has begun.
    Jeor Mormont(580) hit Anya Waynwood(505) 219.
    Anya Waynwood(286) hit Jeor Mormont(580) 185.
    ****
    Jeor Mormont(395) took 25 damage as DOT.
    Anya Waynwood(286) took 30 damage as DOT.
    Jeor Mormont(370) hit Anya Waynwood(256) 219.
    Anya Waynwood(37) hit Jeor Mormont(370) 185.
    ****
    Jeor Mormont(185) took 50 damage as DOT.
    Anya Waynwood(37) took 60 damage as DOT.
    Jeor Mormont(135) hit Anya Waynwood(-23) 219.
    Anya Waynwood(-242) hit Jeor Mormont(135) 185.
    ****
    Both of them are dead. A draw.
  Duel between Karstarks(30) -WIL- and Tolletts(30) -WIZ- has begun.
    Rickard Karstark(430) hit Eddison Tollett(530) 235.
    Eddison Tollett(295) hit Rickard Karstark(430) 155.
    ****
    Rickard Karstark(275) took 20 damage as DOT.
    Eddison Tollett(295) took 25 damage as DOT.
    Rickard Karstark(255) hit Eddison Tollett(270) 235.
    Eddison Tollett(35) hit Rickard Karstark(255) 155.
    ****
    Rickard Karstark(100) took 40 damage as DOT.
    Eddison Tollett(35) took 50 damage as DOT.
    Rickard Karstark(60) hit Eddison Tollett(-15) 235.
    Eddison Tollett(-250) hit Rickard Karstark(60) 155.
    ****
    Both of them are dead. A draw.
  Duel between Hornwoods(39) -WIZ- and Waynwoods(30) -WIL- has begun.
    Halys Hornwood(505) hit Anya Waynwood(505) 224.
    Anya Waynwood(281) hit Halys Hornwood(505) 185.
    ****
    Halys Hornwood(320) took 25 damage as DOT.
    Anya Waynwood(281) took 20 damage as DOT.
    Halys Hornwood(295) hit Anya Waynwood(261) 224.
    Anya Waynwood(37) hit Halys Hornwood(295) 185.
    ****
    Halys Hornwood(110) took 50 damage as DOT.
    Anya Waynwood(37) took 40 damage as DOT.
    Halys Hornwood(60) hit Anya Waynwood(-3) 224.
    Anya Waynwood(-227) hit Halys Hornwood(60) 185.
    ****
    Both of them are dead. A draw.
  Duel between Mormonts(39) -WHI- and Moores(30) -WHI- has begun.
    Jeor Mormont(580) hit Mandon Moore(655) 219.
    Mandon Moore(436) hit Jeor Mormont(580) 160.
    ****
    Jeor Mormont(420) took 30 damage as DOT.
    Mandon Moore(436) took 30 damage as DOT.
    Jeor Mormont(390) hit Mandon Moore(406) 219.
    Mandon Moore(187) hit Jeor Mormont(390) 160.
    ****
    Jeor Mormont(230) took 60 damage as DOT.
    Mandon Moore(187) took 60 damage as DOT.
    Jeor Mormont(170) hit Mandon Moore(127) 219.
    Mandon Moore(-92) hit Jeor Mormont(170) 160.
    ****
    Jeor Mormont(10) has won.
  Duel between Karstarks(30) -WIL- and Waynwoods(30) -WIL- has begun.
    Rickard Karstark(430) hit Anya Waynwood(505) 235.
    Anya Waynwood(270) hit Rickard Karstark(430) 185.
    ****
    Rickard Karstark(245) took 25 damage as DOT.
    Anya Waynwood(270) took 25 damage as DOT.
    Rickard Karstark(220) hit Anya Waynwood(245) 235.
    Anya Waynwood(10) hit Rickard Karstark(220) 185.
    ****
    Rickard Karstark(35) took 50 damage as DOT.
    Anya Waynwood(10) took 50 damage as DOT.
    Rickard Karstark(-15) hit Anya Waynwood(-40) 235.
    Anya Waynwood(-275) hit Rickard Karstark(-15) 185.
    ****
    Both of them are dead. A draw.
  Duel between Hornwoods(39) -WIZ- and Moores(27) -WHI- has begun.
    Halys Hornwood(505) hit Mandon Moore(655) 224.
    Mandon Moore(431) hit Halys Hornwood(505) 157.
    ****
    Halys Hornwood(348) took 30 damage as DOT.
    Mandon Moore(431) took 20 damage as DOT.
    Halys Hornwood(318) hit Mandon Moore(411) 224.
    Mandon Moore(187) hit Halys Hornwood(318) 157.
    ****
    Halys Hornwood(161) took 60 damage as DOT.
    Mandon Moore(187) took 40 damage as DOT.
    Halys Hornwood(101) hit Mandon Moore(147) 224.
    Mandon Moore(-77) hit Halys Hornwood(101) 157.
    ****
    Both of them are dead. A draw.
  Duel between Mormonts(42) -WHI- and Tolletts(30) -WIZ- has begun.
    Jeor Mormont(580) hit Eddison Tollett(530) 222.
    Eddison Tollett(308) hit Jeor Mormont(580) 155.
    ****
    Jeor Mormont(425) took 20 damage as DOT.
    Eddison Tollett(308) took 30 damage as DOT.
    Jeor Mormont(405) hit Eddison Tollett(278) 222.
    Eddison Tollett(56) hit Jeor Mormont(405) 155.
    ****
    Jeor Mormont(250) took 40 damage as DOT.
    Eddison Tollett(56) took 60 damage as DOT.
    Jeor Mormont(210) hit Eddison Tollett(-4) 222.
    Eddison Tollett(-226) hit Jeor Mormont(210) 155.
    ****
    Jeor Mormont(55) has won.
  Duel between House Stark(55) -WHI- and House Arryn(50) -WIL- has begun.
    Arya Stark(630) hit Petry Baelish(455) 235.
    Petry Baelish(220) hit Arya Stark(630) 200.
    ****
    Arya Stark(430) took 25 damage as DOT.
    Petry Baelish(220) took 30 damage as DOT.
    Arya Stark(405) hit Petry Baelish(190) 235.
    Petry Baelish(-45) hit Arya Stark(405) 200.
    ****
    Arya Stark(205) has won.
  The North got 5 house points. The Vale of Arryn got 0 house points.

The winner is: The North with currently 2 kingdom points.
---------------
---------------
Duel 3: The Vale of Arryn vs The Iron Islands
  Duel between Moores(27) -WHI- and Harlaws(30) -WHI- has begun.
    Mandon Moore(655) hit Alannys Harlaw(633) 157.
    Alannys Harlaw(476) hit Mandon Moore(655) 153.
    ****
    Mandon Moore(502) took 30 damage as DOT.
    Alannys Harlaw(476) took 30 damage as DOT.
    Mandon Moore(472) hit Alannys Harlaw(446) 157.
    Alannys Harlaw(289) hit Mandon Moore(472) 153.
    ****
    Mandon Moore(319) took 60 damage as DOT.
    Alannys Harlaw(289) took 60 damage as DOT.
    Mandon Moore(259) hit Alannys Harlaw(229) 157.
    Alannys Harlaw(72) hit Mandon Moore(259) 153.
    ****
    Mandon Moore(106) took 90 damage as DOT.
    Alannys Harlaw(72) took 90 damage as DOT.
    Mandon Moore(16) hit Alannys Harlaw(-18) 157.
    Alannys Harlaw(-175) hit Mandon Moore(16) 153.
    ****
    Both of them are dead. A draw.
  Duel between Tolletts(27) -WIZ- and Goodbrothers(30) -WIL- has begun.
    Eddison Tollett(530) hit Urragon Goodbrother(483) 152.
    Urragon Goodbrother(331) hit Eddison Tollett(530) 178.
    ****
    Eddison Tollett(352) took 25 damage as DOT.
    Urragon Goodbrother(331) took 20 damage as DOT.
    Eddison Tollett(327) hit Urragon Goodbrother(311) 152.
    Urragon Goodbrother(159) hit Eddison Tollett(327) 178.
    ****
    Eddison Tollett(149) took 50 damage as DOT.
    Urragon Goodbrother(159) took 40 damage as DOT.
    Eddison Tollett(99) hit Urragon Goodbrother(119) 152.
    Urragon Goodbrother(-33) hit Eddison Tollett(99) 178.
    ****
    Both of them are dead. A draw.
  Duel between Waynwoods(30) -WIL- and Merlyns(30) -WIL- has begun.
    Anya Waynwood(505) hit Meldred Merlyn(508) 185.
    Meldred Merlyn(323) hit Anya Waynwood(505) 173.
    ****
    Anya Waynwood(332) took 25 damage as DOT.
    Meldred Merlyn(323) took 25 damage as DOT.
    Anya Waynwood(307) hit Meldred Merlyn(298) 185.
    Meldred Merlyn(113) hit Anya Waynwood(307) 173.
    ****
    Anya Waynwood(134) took 50 damage as DOT.
    Meldred Merlyn(113) took 50 damage as DOT.
    Anya Waynwood(84) hit Meldred Merlyn(63) 185.
    Meldred Merlyn(-122) hit Anya Waynwood(84) 173.
    ****
    Both of them are dead. A draw.
  Duel between Moores(27) -WHI- and Goodbrothers(30) -WIL- has begun.
    Mandon Moore(655) hit Urragon Goodbrother(483) 157.
    Urragon Goodbrother(326) hit Mandon Moore(655) 178.
    ****
    Mandon Moore(477) took 25 damage as DOT.
    Urragon Goodbrother(326) took 30 damage as DOT.
    Mandon Moore(452) hit Urragon Goodbrother(296) 157.
    Urragon Goodbrother(139) hit Mandon Moore(452) 178.
    ****
    Mandon Moore(274) took 50 damage as DOT.
    Urragon Goodbrother(139) took 60 damage as DOT.
    Mandon Moore(224) hit Urragon Goodbrother(79) 157.
    Urragon Goodbrother(-78) hit Mandon Moore(224) 178.
    ****
    Mandon Moore(46) has won.
  Duel between Tolletts(27) -WIZ- and Merlyns(30) -WIL- has begun.
    Eddison Tollett(530) hit Meldred Merlyn(508) 152.
    Meldred Merlyn(356) hit Eddison Tollett(530) 173.
    ****
    Eddison Tollett(357) took 25 damage as DOT.
    Meldred Merlyn(356) took 20 damage as DOT.
    Eddison Tollett(332) hit Meldred Merlyn(336) 152.
    Meldred Merlyn(184) hit Eddison Tollett(332) 173.
    ****
    Eddison Tollett(159) took 50 damage as DOT.
    Meldred Merlyn(184) took 40 damage as DOT.
    Eddison Tollett(109) hit Meldred Merlyn(144) 152.
    Meldred Merlyn(-8) hit Eddison Tollett(109) 173.
    ****
    Both of them are dead. A draw.
  Duel between Waynwoods(30) -WIL- and Harlaws(30) -WHI- has begun.
    Anya Waynwood(505) hit Alannys Harlaw(633) 185.
    Alannys Harlaw(448) hit Anya Waynwood(505) 153.
    ****
    Anya Waynwood(352) took 30 damage as DOT.
    Alannys Harlaw(448) took 25 damage as DOT.
    Anya Waynwood(322) hit Alannys Harlaw(423) 185.
    Alannys Harlaw(238) hit Anya Waynwood(322) 153.
    ****
    Anya Waynwood(169) took 60 damage as DOT.
    Alannys Harlaw(238) took 50 damage as DOT.
    Anya Waynwood(109) hit Alannys Harlaw(188) 185.
    Alannys Harlaw(3) hit Anya Waynwood(109) 153.
    ****
    Alannys Harlaw(3) has won.
  Duel between Moores(25) -WHI- and Merlyns(30) -WIL- has begun.
    Mandon Moore(655) hit Meldred Merlyn(508) 155.
    Meldred Merlyn(353) hit Mandon Moore(655) 173.
    ****
    Mandon Moore(482) took 25 damage as DOT.
    Meldred Merlyn(353) took 30 damage as DOT.
    Mandon Moore(457) hit Meldred Merlyn(323) 155.
    Meldred Merlyn(168) hit Mandon Moore(457) 173.
    ****
    Mandon Moore(284) took 50 damage as DOT.
    Meldred Merlyn(168) took 60 damage as DOT.
    Mandon Moore(234) hit Meldred Merlyn(108) 155.
    Meldred Merlyn(-47) hit Mandon Moore(234) 173.
    ****
    Mandon Moore(61) has won.
  Duel between Tolletts(27) -WIZ- and Harlaws(33) -WHI- has begun.
    Eddison Tollett(530) hit Alannys Harlaw(633) 152.
    Alannys Harlaw(481) hit Eddison Tollett(530) 156.
    ****
    Eddison Tollett(374) took 30 damage as DOT.
    Alannys Harlaw(481) took 20 damage as DOT.
    Eddison Tollett(344) hit Alannys Harlaw(461) 152.
    Alannys Harlaw(309) hit Eddison Tollett(344) 156.
    ****
    Eddison Tollett(188) took 60 damage as DOT.
    Alannys Harlaw(309) took 40 damage as DOT.
    Eddison Tollett(128) hit Alannys Harlaw(269) 152.
    Alannys Harlaw(117) hit Eddison Tollett(128) 156.
    ****
    Alannys Harlaw(117) has won.
  Duel between Waynwoods(27) -WIL- and Goodbrothers(27) -WIL- has begun.
    Anya Waynwood(505) hit Urragon Goodbrother(483) 182.
    Urragon Goodbrother(301) hit Anya Waynwood(505) 175.
    ****
    Anya Waynwood(330) took 25 damage as DOT.
    Urragon Goodbrother(301) took 25 damage as DOT.
    Anya Waynwood(305) hit Urragon Goodbrother(276) 182.
    Urragon Goodbrother(94) hit Anya Waynwood(305) 175.
    ****
    Anya Waynwood(130) took 50 damage as DOT.
    Urragon Goodbrother(94) took 50 damage as DOT.
    Anya Waynwood(80) hit Urragon Goodbrother(44) 182.
    Urragon Goodbrother(-138) hit Anya Waynwood(80) 175.
    ****
    Both of them are dead. A draw.
  Duel between House Arryn(37) -WIL- and House Greyjoy(50) -WHI- has begun.
    Petry Baelish(455) hit Aeron Greyjoy(633) 187.
    Aeron Greyjoy(446) hit Petry Baelish(455) 173.
    ****
    Petry Baelish(282) took 30 damage as DOT.
    Aeron Greyjoy(446) took 25 damage as DOT.
    Petry Baelish(252) hit Aeron Greyjoy(421) 187.
    Aeron Greyjoy(234) hit Petry Baelish(252) 173.
    ****
    Petry Baelish(79) took 60 damage as DOT.
    Aeron Greyjoy(234) took 50 damage as DOT.
    Petry Baelish(19) hit Aeron Greyjoy(184) 187.
    Aeron Greyjoy(-3) hit Petry Baelish(19) 173.
    ****
    Both of them are dead. A draw.
  The Vale of Arryn got 2 house points. The Iron Islands got 2 house points.

A draw.
---------------
---------------
Duel 4: The Crownlands vs The Vale of Arryn
  Duel between Gaunts(24) -WIZ- and Moores(23) -WHI- has begun.
    Gwayne Gaunt(510) hit Mandon Moore(655) 119.
    Mandon Moore(536) hit Gwayne Gaunt(510) 153.
    ****
    Gwayne Gaunt(357) took 30 damage as DOT.
    Mandon Moore(536) took 20 damage as DOT.
    Gwayne Gaunt(327) hit Mandon Moore(516) 119.
    Mandon Moore(397) hit Gwayne Gaunt(327) 153.
    ****
    Gwayne Gaunt(174) took 60 damage as DOT.
    Mandon Moore(397) took 40 damage as DOT.
    Gwayne Gaunt(114) hit Mandon Moore(357) 119.
    Mandon Moore(238) hit Gwayne Gaunt(114) 153.
    ****
    Mandon Moore(238) has won.
  Duel between Rykkers(24) -WHI- and Tolletts(24) -WIZ- has begun.
    Jaremy Rykker(660) hit Eddison Tollett(530) 124.
    Eddison Tollett(406) hit Jaremy Rykker(660) 149.
    ****
    Jaremy Rykker(511) took 20 damage as DOT.
    Eddison Tollett(406) took 30 damage as DOT.
    Jaremy Rykker(491) hit Eddison Tollett(376) 124.
    Eddison Tollett(252) hit Jaremy Rykker(491) 149.
    ****
    Jaremy Rykker(342) took 40 damage as DOT.
    Eddison Tollett(252) took 60 damage as DOT.
    Jaremy Rykker(302) hit Eddison Tollett(192) 124.
    Eddison Tollett(68) hit Jaremy Rykker(302) 149.
    ****
    Jaremy Rykker(153) took 60 damage as DOT.
    Eddison Tollett(68) took 90 damage as DOT.
    Jaremy Rykker(93) hit Eddison Tollett(-22) 124.
    Eddison Tollett(-146) hit Jaremy Rykker(93) 149.
    ****
    Both of them are dead. A draw.
  Duel between Brunes(24) -WHI- and Waynwoods(27) -WIL- has begun.
    Lothor Brune(685) hit Anya Waynwood(505) 124.
    Anya Waynwood(381) hit Lothor Brune(685) 182.
    ****
    Lothor Brune(503) took 25 damage as DOT.
    Anya Waynwood(381) took 30 damage as DOT.
    Lothor Brune(478) hit Anya Waynwood(351) 124.
    Anya Waynwood(227) hit Lothor Brune(478) 182.
    ****
    Lothor Brune(296) took 50 damage as DOT.
    Anya Waynwood(227) took 60 damage as DOT.
    Lothor Brune(246) hit Anya Waynwood(167) 124.
    Anya Waynwood(43) hit Lothor Brune(246) 182.
    ****
    Lothor Brune(64) took 75 damage as DOT.
    Anya Waynwood(43) took 90 damage as DOT.
    Lothor Brune(-11) hit Anya Waynwood(-47) 124.
    Anya Waynwood(-171) hit Lothor Brune(-11) 182.
    ****
    Both of them are dead. A draw.
  Duel between Gaunts(21) -WIZ- and Tolletts(24) -WIZ- has begun.
    Gwayne Gaunt(510) hit Eddison Tollett(530) 116.
    Eddison Tollett(414) hit Gwayne Gaunt(510) 149.
    ****
    Gwayne Gaunt(361) took 20 damage as DOT.
    Eddison Tollett(414) took 20 damage as DOT.
    Gwayne Gaunt(341) hit Eddison Tollett(394) 116.
    Eddison Tollett(278) hit Gwayne Gaunt(341) 149.
    ****
    Gwayne Gaunt(192) took 40 damage as DOT.
    Eddison Tollett(278) took 40 damage as DOT.
    Gwayne Gaunt(152) hit Eddison Tollett(238) 116.
    Eddison Tollett(122) hit Gwayne Gaunt(152) 149.
    ****
    Gwayne Gaunt(3) took 60 damage as DOT.
    Eddison Tollett(122) took 60 damage as DOT.
    Gwayne Gaunt(-57) hit Eddison Tollett(62) 116.
    Eddison Tollett(-54) hit Gwayne Gaunt(-57) 149.
    ****
    Both of them are dead. A draw.
  Duel between Rykkers(24) -WHI- and Waynwoods(27) -WIL- has begun.
    Jaremy Rykker(660) hit Anya Waynwood(505) 124.
    Anya Waynwood(381) hit Jaremy Rykker(660) 182.
    ****
    Jaremy Rykker(478) took 25 damage as DOT.
    Anya Waynwood(381) took 30 damage as DOT.
    Jaremy Rykker(453) hit Anya Waynwood(351) 124.
    Anya Waynwood(227) hit Jaremy Rykker(453) 182.
    ****
    Jaremy Rykker(271) took 50 damage as DOT.
    Anya Waynwood(227) took 60 damage as DOT.
    Jaremy Rykker(221) hit Anya Waynwood(167) 124.
    Anya Waynwood(43) hit Jaremy Rykker(221) 182.
    ****
    Jaremy Rykker(39) took 75 damage as DOT.
    Anya Waynwood(43) took 90 damage as DOT.
    Jaremy Rykker(-36) hit Anya Waynwood(-47) 124.
    Anya Waynwood(-171) hit Jaremy Rykker(-36) 182.
    ****
    Both of them are dead. A draw.
  Duel between Brunes(24) -WHI- and Moores(22) -WHI- has begun.
    Lothor Brune(685) hit Mandon Moore(655) 124.
    Mandon Moore(531) hit Lothor Brune(685) 152.
    ****
    Lothor Brune(533) took 30 damage as DOT.
    Mandon Moore(531) took 30 damage as DOT.
    Lothor Brune(503) hit Mandon Moore(501) 124.
    Mandon Moore(377) hit Lothor Brune(503) 152.
    ****
    Lothor Brune(351) took 60 damage as DOT.
    Mandon Moore(377) took 60 damage as DOT.
    Lothor Brune(291) hit Mandon Moore(317) 124.
    Mandon Moore(193) hit Lothor Brune(291) 152.
    ****
    Lothor Brune(139) took 90 damage as DOT.
    Mandon Moore(193) took 90 damage as DOT.
    Lothor Brune(49) hit Mandon Moore(103) 124.
    Mandon Moore(-21) hit Lothor Brune(49) 152.
    ****
    Both of them are dead. A draw.
  Duel between Gaunts(21) -WIZ- and Waynwoods(27) -WIL- has begun.
    Gwayne Gaunt(510) hit Anya Waynwood(505) 116.
    Anya Waynwood(389) hit Gwayne Gaunt(510) 182.
    ****
    Gwayne Gaunt(328) took 25 damage as DOT.
    Anya Waynwood(389) took 20 damage as DOT.
    Gwayne Gaunt(303) hit Anya Waynwood(369) 116.
    Anya Waynwood(253) hit Gwayne Gaunt(303) 182.
    ****
    Gwayne Gaunt(121) took 50 damage as DOT.
    Anya Waynwood(253) took 40 damage as DOT.
    Gwayne Gaunt(71) hit Anya Waynwood(213) 116.
    Anya Waynwood(97) hit Gwayne Gaunt(71) 182.
    ****
    Anya Waynwood(97) has won.
  Duel between Rykkers(24) -WHI- and Moores(22) -WHI- has begun.
    Jaremy Rykker(660) hit Mandon Moore(655) 124.
    Mandon Moore(531) hit Jaremy Rykker(660) 152.
    ****
    Jaremy Rykker(508) took 30 damage as DOT.
    Mandon Moore(531) took 30 damage as DOT.
    Jaremy Rykker(478) hit Mandon Moore(501) 124.
    Mandon Moore(377) hit Jaremy Rykker(478) 152.
    ****
    Jaremy Rykker(326) took 60 damage as DOT.
    Mandon Moore(377) took 60 damage as DOT.
    Jaremy Rykker(266) hit Mandon Moore(317) 124.
    Mandon Moore(193) hit Jaremy Rykker(266) 152.
    ****
    Jaremy Rykker(114) took 90 damage as DOT.
    Mandon Moore(193) took 90 damage as DOT.
    Jaremy Rykker(24) hit Mandon Moore(103) 124.
    Mandon Moore(-21) hit Jaremy Rykker(24) 152.
    ****
    Both of them are dead. A draw.
  Duel between Brunes(24) -WHI- and Tolletts(24) -WIZ- has begun.
    Lothor Brune(685) hit Eddison Tollett(530) 124.
    Eddison Tollett(406) hit Lothor Brune(685) 149.
    ****
    Lothor Brune(536) took 20 damage as DOT.
    Eddison Tollett(406) took 30 damage as DOT.
    Lothor Brune(516) hit Eddison Tollett(376) 124.
    Eddison Tollett(252) hit Lothor Brune(516) 149.
    ****
    Lothor Brune(367) took 40 damage as DOT.
    Eddison Tollett(252) took 60 damage as DOT.
    Lothor Brune(327) hit Eddison Tollett(192) 124.
    Eddison Tollett(68) hit Lothor Brune(327) 149.
    ****
    Lothor Brune(178) took 60 damage as DOT.
    Eddison Tollett(68) took 90 damage as DOT.
    Lothor Brune(118) hit Eddison Tollett(-22) 124.
    Eddison Tollett(-146) hit Lothor Brune(118) 149.
    ****
    Both of them are dead. A draw.
  Duel between House Baratheon(45) -WHI- and House Arryn(37) -WIL- has begun.
    Aegon Targaryen(710) hit Petry Baelish(455) 145.
    Petry Baelish(310) hit Aegon Targaryen(710) 187.
    ****
    Aegon Targaryen(523) took 25 damage as DOT.
    Petry Baelish(310) took 30 damage as DOT.
    Aegon Targaryen(498) hit Petry Baelish(280) 145.
    Petry Baelish(135) hit Aegon Targaryen(498) 187.
    ****
    Aegon Targaryen(311) took 50 damage as DOT.
    Petry Baelish(135) took 60 damage as DOT.
    Aegon Targaryen(261) hit Petry Baelish(75) 145.
    Petry Baelish(-70) hit Aegon Targaryen(261) 187.
    ****
    Aegon Targaryen(74) has won.
  The Crownlands got 3 house points. The Vale of Arryn got 2 house points.

The winner is: The Crownlands with currently 1 kingdom points.
---------------
---------------
Duel 5: The North vs The Iron Islands
  Duel between Karstarks(30) -WIL- and Harlaws(36) -WHI- has begun.
    Rickard Karstark(430) hit Alannys Harlaw(633) 235.
    Alannys Harlaw(398) hit Rickard Karstark(430) 159.
    ****
    Rickard Karstark(271) took 30 damage as DOT.
    Alannys Harlaw(398) took 25 damage as DOT.
    Rickard Karstark(241) hit Alannys Harlaw(373) 235.
    Alannys Harlaw(138) hit Rickard Karstark(241) 159.
    ****
    Rickard Karstark(82) took 60 damage as DOT.
    Alannys Harlaw(138) took 50 damage as DOT.
    Rickard Karstark(22) hit Alannys Harlaw(88) 235.
    Alannys Harlaw(-147) hit Rickard Karstark(22) 159.
    ****
    Both of them are dead. A draw.
  Duel between Hornwoods(39) -WIZ- and Goodbrothers(27) -WIL- has begun.
    Halys Hornwood(505) hit Urragon Goodbrother(483) 224.
    Urragon Goodbrother(259) hit Halys Hornwood(505) 175.
    ****
    Halys Hornwood(330) took 25 damage as DOT.
    Urragon Goodbrother(259) took 20 damage as DOT.
    Halys Hornwood(305) hit Urragon Goodbrother(239) 224.
    Urragon Goodbrother(15) hit Halys Hornwood(305) 175.
    ****
    Halys Hornwood(130) took 50 damage as DOT.
    Urragon Goodbrother(15) took 40 damage as DOT.
    Halys Hornwood(80) hit Urragon Goodbrother(-25) 224.
    Urragon Goodbrother(-249) hit Halys Hornwood(80) 175.
    ****
    Both of them are dead. A draw.
  Duel between Mormonts(45) -WHI- and Merlyns(27) -WIL- has begun.
    Jeor Mormont(580) hit Meldred Merlyn(508) 225.
    Meldred Merlyn(283) hit Jeor Mormont(580) 170.
    ****
    Jeor Mormont(410) took 25 damage as DOT.
    Meldred Merlyn(283) took 30 damage as DOT.
    Jeor Mormont(385) hit Meldred Merlyn(253) 225.
    Meldred Merlyn(28) hit Jeor Mormont(385) 170.
    ****
    Jeor Mormont(215) took 50 damage as DOT.
    Meldred Merlyn(28) took 60 damage as DOT.
    Jeor Mormont(165) hit Meldred Merlyn(-32) 225.
    Meldred Merlyn(-257) hit Jeor Mormont(165) 170.
    ****
    Both of them are dead. A draw.
  Duel between Karstarks(30) -WIL- and Goodbrothers(27) -WIL- has begun.
    Rickard Karstark(430) hit Urragon Goodbrother(483) 235.
    Urragon Goodbrother(248) hit Rickard Karstark(430) 175.
    ****
    Rickard Karstark(255) took 25 damage as DOT.
    Urragon Goodbrother(248) took 25 damage as DOT.
    Rickard Karstark(230) hit Urragon Goodbrother(223) 235.
    Urragon Goodbrother(-12) hit Rickard Karstark(230) 175.
    ****
    Rickard Karstark(55) has won.
  Duel between Hornwoods(39) -WIZ- and Merlyns(27) -WIL- has begun.
    Halys Hornwood(505) hit Meldred Merlyn(508) 224.
    Meldred Merlyn(284) hit Halys Hornwood(505) 170.
    ****
    Halys Hornwood(335) took 25 damage as DOT.
    Meldred Merlyn(284) took 20 damage as DOT.
    Halys Hornwood(310) hit Meldred Merlyn(264) 224.
    Meldred Merlyn(40) hit Halys Hornwood(310) 170.
    ****
    Halys Hornwood(140) took 50 damage as DOT.
    Meldred Merlyn(40) took 40 damage as DOT.
    Halys Hornwood(90) hit Meldred Merlyn(0) 224.
    Meldred Merlyn(-224) hit Halys Hornwood(90) 170.
    ****
    Both of them are dead. A draw.
  Duel between Mormonts(45) -WHI- and Harlaws(36) -WHI- has begun.
    Jeor Mormont(580) hit Alannys Harlaw(633) 225.
    Alannys Harlaw(408) hit Jeor Mormont(580) 159.
    ****
    Jeor Mormont(421) took 30 damage as DOT.
    Alannys Harlaw(408) took 30 damage as DOT.
    Jeor Mormont(391) hit Alannys Harlaw(378) 225.
    Alannys Harlaw(153) hit Jeor Mormont(391) 159.
    ****
    Jeor Mormont(232) took 60 damage as DOT.
    Alannys Harlaw(153) took 60 damage as DOT.
    Jeor Mormont(172) hit Alannys Harlaw(93) 225.
    Alannys Harlaw(-132) hit Jeor Mormont(172) 159.
    ****
    Jeor Mormont(13) has won.
  Duel between Karstarks(33) -WIL- and Merlyns(27) -WIL- has begun.
    Rickard Karstark(430) hit Meldred Merlyn(508) 238.
    Meldred Merlyn(270) hit Rickard Karstark(430) 170.
    ****
    Rickard Karstark(260) took 25 damage as DOT.
    Meldred Merlyn(270) took 25 damage as DOT.
    Rickard Karstark(235) hit Meldred Merlyn(245) 238.
    Meldred Merlyn(7) hit Rickard Karstark(235) 170.
    ****
    Rickard Karstark(65) took 50 damage as DOT.
    Meldred Merlyn(7) took 50 damage as DOT.
    Rickard Karstark(15) hit Meldred Merlyn(-43) 238.
    Meldred Merlyn(-281) hit Rickard Karstark(15) 170.
    ****
    Both of them are dead. A draw.
  Duel between Hornwoods(39) -WIZ- and Harlaws(33) -WHI- has begun.
    Halys Hornwood(505) hit Alannys Harlaw(633) 224.
    Alannys Harlaw(409) hit Halys Hornwood(505) 156.
    ****
    Halys Hornwood(349) took 30 damage as DOT.
    Alannys Harlaw(409) took 20 damage as DOT.
    Halys Hornwood(319) hit Alannys Harlaw(389) 224.
    Alannys Harlaw(165) hit Halys Hornwood(319) 156.
    ****
    Halys Hornwood(163) took 60 damage as DOT.
    Alannys Harlaw(165) took 40 damage as DOT.
    Halys Hornwood(103) hit Alannys Harlaw(125) 224.
    Alannys Harlaw(-99) hit Halys Hornwood(103) 156.
    ****
    Both of them are dead. A draw.
  Duel between Mormonts(48) -WHI- and Goodbrothers(24) -WIL- has begun.
    Jeor Mormont(580) hit Urragon Goodbrother(483) 228.
    Urragon Goodbrother(255) hit Jeor Mormont(580) 172.
    ****
    Jeor Mormont(408) took 25 damage as DOT.
    Urragon Goodbrother(255) took 30 damage as DOT.
    Jeor Mormont(383) hit Urragon Goodbrother(225) 228.
    Urragon Goodbrother(-3) hit Jeor Mormont(383) 172.
    ****
    Jeor Mormont(211) has won.
  Duel between House Stark(64) -WHI- and House Greyjoy(50) -WHI- has begun.
    Arya Stark(630) hit Aeron Greyjoy(633) 244.
    Aeron Greyjoy(389) hit Arya Stark(630) 173.
    ****
    Arya Stark(457) took 30 damage as DOT.
    Aeron Greyjoy(389) took 30 damage as DOT.
    Arya Stark(427) hit Aeron Greyjoy(359) 244.
    Aeron Greyjoy(115) hit Arya Stark(427) 173.
    ****
    Arya Stark(254) took 60 damage as DOT.
    Aeron Greyjoy(115) took 60 damage as DOT.
    Arya Stark(194) hit Aeron Greyjoy(55) 244.
    Aeron Greyjoy(-189) hit Arya Stark(194) 173.
    ****
    Arya Stark(21) has won.
  The North got 6 house points. The Iron Islands got 0 house points.

The winner is: The North with currently 3 kingdom points.
---------------
---------------
Duel 6: The Crownlands vs The Iron Islands
  Duel between Gaunts(18) -WIZ- and Harlaws(33) -WHI- has begun.
    Gwayne Gaunt(510) hit Alannys Harlaw(633) 113.
    Alannys Harlaw(520) hit Gwayne Gaunt(510) 156.
    ****
    Gwayne Gaunt(354) took 30 damage as DOT.
    Alannys Harlaw(520) took 20 damage as DOT.
    Gwayne Gaunt(324) hit Alannys Harlaw(500) 113.
    Alannys Harlaw(387) hit Gwayne Gaunt(324) 156.
    ****
    Gwayne Gaunt(168) took 60 damage as DOT.
    Alannys Harlaw(387) took 40 damage as DOT.
    Gwayne Gaunt(108) hit Alannys Harlaw(347) 113.
    Alannys Harlaw(234) hit Gwayne Gaunt(108) 156.
    ****
    Alannys Harlaw(234) has won.
  Duel between Rykkers(24) -WHI- and Goodbrothers(21) -WIL- has begun.
    Jaremy Rykker(660) hit Urragon Goodbrother(483) 124.
    Urragon Goodbrother(359) hit Jaremy Rykker(660) 169.
    ****
    Jaremy Rykker(491) took 25 damage as DOT.
    Urragon Goodbrother(359) took 30 damage as DOT.
    Jaremy Rykker(466) hit Urragon Goodbrother(329) 124.
    Urragon Goodbrother(205) hit Jaremy Rykker(466) 169.
    ****
    Jaremy Rykker(297) took 50 damage as DOT.
    Urragon Goodbrother(205) took 60 damage as DOT.
    Jaremy Rykker(247) hit Urragon Goodbrother(145) 124.
    Urragon Goodbrother(21) hit Jaremy Rykker(247) 169.
    ****
    Jaremy Rykker(78) took 75 damage as DOT.
    Urragon Goodbrother(21) took 90 damage as DOT.
    Jaremy Rykker(3) hit Urragon Goodbrother(-69) 124.
    Urragon Goodbrother(-193) hit Jaremy Rykker(3) 169.
    ****
    Both of them are dead. A draw.
  Duel between Brunes(24) -WHI- and Merlyns(27) -WIL- has begun.
    Lothor Brune(685) hit Meldred Merlyn(508) 124.
    Meldred Merlyn(384) hit Lothor Brune(685) 170.
    ****
    Lothor Brune(515) took 25 damage as DOT.
    Meldred Merlyn(384) took 30 damage as DOT.
    Lothor Brune(490) hit Meldred Merlyn(354) 124.
    Meldred Merlyn(230) hit Lothor Brune(490) 170.
    ****
    Lothor Brune(320) took 50 damage as DOT.
    Meldred Merlyn(230) took 60 damage as DOT.
    Lothor Brune(270) hit Meldred Merlyn(170) 124.
    Meldred Merlyn(46) hit Lothor Brune(270) 170.
    ****
    Lothor Brune(100) took 75 damage as DOT.
    Meldred Merlyn(46) took 90 damage as DOT.
    Lothor Brune(25) hit Meldred Merlyn(-44) 124.
    Meldred Merlyn(-168) hit Lothor Brune(25) 170.
    ****
    Both of them are dead. A draw.
  Duel between Gaunts(15) -WIZ- and Goodbrothers(21) -WIL- has begun.
    Gwayne Gaunt(510) hit Urragon Goodbrother(483) 110.
    Urragon Goodbrother(373) hit Gwayne Gaunt(510) 169.
    ****
    Gwayne Gaunt(341) took 25 damage as DOT.
    Urragon Goodbrother(373) took 20 damage as DOT.
    Gwayne Gaunt(316) hit Urragon Goodbrother(353) 110.
    Urragon Goodbrother(243) hit Gwayne Gaunt(316) 169.
    ****
    Gwayne Gaunt(147) took 50 damage as DOT.
    Urragon Goodbrother(243) took 40 damage as DOT.
    Gwayne Gaunt(97) hit Urragon Goodbrother(203) 110.
    Urragon Goodbrother(93) hit Gwayne Gaunt(97) 169.
    ****
    Urragon Goodbrother(93) has won.
  Duel between Rykkers(24) -WHI- and Merlyns(27) -WIL- has begun.
    Jaremy Rykker(660) hit Meldred Merlyn(508) 124.
    Meldred Merlyn(384) hit Jaremy Rykker(660) 170.
    ****
    Jaremy Rykker(490) took 25 damage as DOT.
    Meldred Merlyn(384) took 30 damage as DOT.
    Jaremy Rykker(465) hit Meldred Merlyn(354) 124.
    Meldred Merlyn(230) hit Jaremy Rykker(465) 170.
    ****
    Jaremy Rykker(295) took 50 damage as DOT.
    Meldred Merlyn(230) took 60 damage as DOT.
    Jaremy Rykker(245) hit Meldred Merlyn(170) 124.
    Meldred Merlyn(46) hit Jaremy Rykker(245) 170.
    ****
    Jaremy Rykker(75) took 75 damage as DOT.
    Meldred Merlyn(46) took 90 damage as DOT.
    Jaremy Rykker(0) hit Meldred Merlyn(-44) 124.
    Meldred Merlyn(-168) hit Jaremy Rykker(0) 170.
    ****
    Both of them are dead. A draw.
  Duel between Brunes(24) -WHI- and Harlaws(36) -WHI- has begun.
    Lothor Brune(685) hit Alannys Harlaw(633) 124.
    Alannys Harlaw(509) hit Lothor Brune(685) 159.
    ****
    Lothor Brune(526) took 30 damage as DOT.
    Alannys Harlaw(509) took 30 damage as DOT.
    Lothor Brune(496) hit Alannys Harlaw(479) 124.
    Alannys Harlaw(355) hit Lothor Brune(496) 159.
    ****
    Lothor Brune(337) took 60 damage as DOT.
    Alannys Harlaw(355) took 60 damage as DOT.
    Lothor Brune(277) hit Alannys Harlaw(295) 124.
    Alannys Harlaw(171) hit Lothor Brune(277) 159.
    ****
    Lothor Brune(118) took 90 damage as DOT.
    Alannys Harlaw(171) took 90 damage as DOT.
    Lothor Brune(28) hit Alannys Harlaw(81) 124.
    Alannys Harlaw(-43) hit Lothor Brune(28) 159.
    ****
    Both of them are dead. A draw.
  Duel between Gaunts(12) -WIZ- and Merlyns(27) -WIL- has begun.
    Gwayne Gaunt(510) hit Meldred Merlyn(508) 107.
    Meldred Merlyn(401) hit Gwayne Gaunt(510) 170.
    ****
    Gwayne Gaunt(340) took 25 damage as DOT.
    Meldred Merlyn(401) took 20 damage as DOT.
    Gwayne Gaunt(315) hit Meldred Merlyn(381) 107.
    Meldred Merlyn(274) hit Gwayne Gaunt(315) 170.
    ****
    Gwayne Gaunt(145) took 50 damage as DOT.
    Meldred Merlyn(274) took 40 damage as DOT.
    Gwayne Gaunt(95) hit Meldred Merlyn(234) 107.
    Meldred Merlyn(127) hit Gwayne Gaunt(95) 170.
    ****
    Meldred Merlyn(127) has won.
  Duel between Rykkers(24) -WHI- and Harlaws(36) -WHI- has begun.
    Jaremy Rykker(660) hit Alannys Harlaw(633) 124.
    Alannys Harlaw(509) hit Jaremy Rykker(660) 159.
    ****
    Jaremy Rykker(501) took 30 damage as DOT.
    Alannys Harlaw(509) took 30 damage as DOT.
    Jaremy Rykker(471) hit Alannys Harlaw(479) 124.
    Alannys Harlaw(355) hit Jaremy Rykker(471) 159.
    ****
    Jaremy Rykker(312) took 60 damage as DOT.
    Alannys Harlaw(355) took 60 damage as DOT.
    Jaremy Rykker(252) hit Alannys Harlaw(295) 124.
    Alannys Harlaw(171) hit Jaremy Rykker(252) 159.
    ****
    Jaremy Rykker(93) took 90 damage as DOT.
    Alannys Harlaw(171) took 90 damage as DOT.
    Jaremy Rykker(3) hit Alannys Harlaw(81) 124.
    Alannys Harlaw(-43) hit Jaremy Rykker(3) 159.
    ****
    Both of them are dead. A draw.
  Duel between Brunes(24) -WHI- and Goodbrothers(24) -WIL- has begun.
    Lothor Brune(685) hit Urragon Goodbrother(483) 124.
    Urragon Goodbrother(359) hit Lothor Brune(685) 172.
    ****
    Lothor Brune(513) took 25 damage as DOT.
    Urragon Goodbrother(359) took 30 damage as DOT.
    Lothor Brune(488) hit Urragon Goodbrother(329) 124.
    Urragon Goodbrother(205) hit Lothor Brune(488) 172.
    ****
    Lothor Brune(316) took 50 damage as DOT.
    Urragon Goodbrother(205) took 60 damage as DOT.
    Lothor Brune(266) hit Urragon Goodbrother(145) 124.
    Urragon Goodbrother(21) hit Lothor Brune(266) 172.
    ****
    Lothor Brune(94) took 75 damage as DOT.
    Urragon Goodbrother(21) took 90 damage as DOT.
    Lothor Brune(19) hit Urragon Goodbrother(-69) 124.
    Urragon Goodbrother(-193) hit Lothor Brune(19) 172.
    ****
    Both of them are dead. A draw.
  Duel between House Baratheon(50) -WHI- and House Greyjoy(45) -WHI- has begun.
    Aegon Targaryen(710) hit Aeron Greyjoy(633) 150.
    Aeron Greyjoy(483) hit Aegon Targaryen(710) 168.
    ****
    Aegon Targaryen(542) took 30 damage as DOT.
    Aeron Greyjoy(483) took 30 damage as DOT.
    Aegon Targaryen(512) hit Aeron Greyjoy(453) 150.
    Aeron Greyjoy(303) hit Aegon Targaryen(512) 168.
    ****
    Aegon Targaryen(344) took 60 damage as DOT.
    Aeron Greyjoy(303) took 60 damage as DOT.
    Aegon Targaryen(284) hit Aeron Greyjoy(243) 150.
    Aeron Greyjoy(93) hit Aegon Targaryen(284) 168.
    ****
    Aegon Targaryen(116) took 90 damage as DOT.
    Aeron Greyjoy(93) took 90 damage as DOT.
    Aegon Targaryen(26) hit Aeron Greyjoy(3) 150.
    Aeron Greyjoy(-147) hit Aegon Targaryen(26) 168.
    ****
    Both of them are dead. A draw.
  The Crownlands got 0 house points. The Iron Islands got 3 house points.

The winner is: The Iron Islands with currently 2 kingdom points.
---------------
The War is over. The new owner of King's Landing is The North with a total of 3 points.

