War has started with 4 kingdoms.
---------------
Duel 1: The Crownlands vs The Westernlands
  Duel between Rykkers(30) -WHI- and Paynes(30) -WIL- has begun.
    Jaremy Rykker(580) hit Ilyn Payne(520) 210.
    Ilyn Payne(310) hit Jaremy Rykker(580) 195.
    ****
    Jaremy Rykker(385) took 25 damage as DOT.
    Ilyn Payne(310) took 30 damage as DOT.
    Jaremy Rykker(360) hit Ilyn Payne(280) 210.
    Ilyn Payne(70) hit Jaremy Rykker(360) 195.
    ****
    Jaremy Rykker(165) took 50 damage as DOT.
    Ilyn Payne(70) took 60 damage as DOT.
    Jaremy Rykker(115) hit Ilyn Payne(10) 210.
    Ilyn Payne(-200) hit Jaremy Rykker(115) 195.
    ****
    Both of them are dead. A draw.
  Duel between Blounts(30) -WHI- and Lannister of Lannisports(30) -WIZ- has begun.
    Boros Blount(655) hit Reginald Lannister(545) 210.
    Reginald Lannister(335) hit Boros Blount(655) 170.
    ****
    Boros Blount(485) took 20 damage as DOT.
    Reginald Lannister(335) took 30 damage as DOT.
    Boros Blount(465) hit Reginald Lannister(305) 210.
    Reginald Lannister(95) hit Boros Blount(465) 170.
    ****
    Boros Blount(295) took 40 damage as DOT.
    Reginald Lannister(95) took 60 damage as DOT.
    Boros Blount(255) hit Reginald Lannister(35) 210.
    Reginald Lannister(-175) hit Boros Blount(255) 170.
    ****
    Boros Blount(85) has won.
  Duel between Gaunts(30) -WHI- and Westerlings(30) -WIZ- has begun.
    Gwayne Gaunt(580) hit Gawen Westerling(520) 210.
    Gawen Westerling(310) hit Gwayne Gaunt(580) 165.
    ****
    Gwayne Gaunt(415) took 20 damage as DOT.
    Gawen Westerling(310) took 30 damage as DOT.
    Gwayne Gaunt(395) hit Gawen Westerling(280) 210.
    Gawen Westerling(70) hit Gwayne Gaunt(395) 165.
    ****
    Gwayne Gaunt(230) took 40 damage as DOT.
    Gawen Westerling(70) took 60 damage as DOT.
    Gwayne Gaunt(190) hit Gawen Westerling(10) 210.
    Gawen Westerling(-200) hit Gwayne Gaunt(190) 165.
    ****
    Gwayne Gaunt(25) has won.
  Duel between Rykkers(30) -WHI- and Lannister of Lannisports(27) -WIZ- has begun.
    Jaremy Rykker(580) hit Reginald Lannister(545) 210.
    Reginald Lannister(335) hit Jaremy Rykker(580) 167.
    ****
    Jaremy Rykker(413) took 20 damage as DOT.
    Reginald Lannister(335) took 30 damage as DOT.
    Jaremy Rykker(393) hit Reginald Lannister(305) 210.
    Reginald Lannister(95) hit Jaremy Rykker(393) 167.
    ****
    Jaremy Rykker(226) took 40 damage as DOT.
    Reginald Lannister(95) took 60 damage as DOT.
    Jaremy Rykker(186) hit Reginald Lannister(35) 210.
    Reginald Lannister(-175) hit Jaremy Rykker(186) 167.
    ****
    Jaremy Rykker(19) has won.
  Duel between Blounts(33) -WHI- and Westerlings(27) -WIZ- has begun.
    Boros Blount(655) hit Gawen Westerling(520) 213.
    Gawen Westerling(307) hit Boros Blount(655) 162.
    ****
    Boros Blount(493) took 20 damage as DOT.
    Gawen Westerling(307) took 30 damage as DOT.
    Boros Blount(473) hit Gawen Westerling(277) 213.
    Gawen Westerling(64) hit Boros Blount(473) 162.
    ****
    Boros Blount(311) took 40 damage as DOT.
    Gawen Westerling(64) took 60 damage as DOT.
    Boros Blount(271) hit Gawen Westerling(4) 213.
    Gawen Westerling(-209) hit Boros Blount(271) 162.
    ****
    Boros Blount(109) has won.
  Duel between Gaunts(33) -WHI- and Paynes(30) -WIL- has begun.
    Gwayne Gaunt(580) hit Ilyn Payne(520) 213.
    Ilyn Payne(307) hit Gwayne Gaunt(580) 195.
    ****
    Gwayne Gaunt(385) took 25 damage as DOT.
    Ilyn Payne(307) took 30 damage as DOT.
    Gwayne Gaunt(360) hit Ilyn Payne(277) 213.
    Ilyn Payne(64) hit Gwayne Gaunt(360) 195.
    ****
    Gwayne Gaunt(165) took 50 damage as DOT.
    Ilyn Payne(64) took 60 damage as DOT.
    Gwayne Gaunt(115) hit Ilyn Payne(4) 213.
    Ilyn Payne(-209) hit Gwayne Gaunt(115) 195.
    ****
    Both of them are dead. A draw.
  Duel between Rykkers(33) -WHI- and Westerlings(24) -WIZ- has begun.
    Jaremy Rykker(580) hit Gawen Westerling(520) 213.
    Gawen Westerling(307) hit Jaremy Rykker(580) 159.
    ****
    Jaremy Rykker(421) took 20 damage as DOT.
    Gawen Westerling(307) took 30 damage as DOT.
    Jaremy Rykker(401) hit Gawen Westerling(277) 213.
    Gawen Westerling(64) hit Jaremy Rykker(401) 159.
    ****
    Jaremy Rykker(242) took 40 damage as DOT.
    Gawen Westerling(64) took 60 damage as DOT.
    Jaremy Rykker(202) hit Gawen Westerling(4) 213.
    Gawen Westerling(-209) hit Jaremy Rykker(202) 159.
    ****
    Jaremy Rykker(43) has won.
  Duel between Blounts(36) -WHI- and Paynes(30) -WIL- has begun.
    Boros Blount(655) hit Ilyn Payne(520) 216.
    Ilyn Payne(304) hit Boros Blount(655) 195.
    ****
    Boros Blount(460) took 25 damage as DOT.
    Ilyn Payne(304) took 30 damage as DOT.
    Boros Blount(435) hit Ilyn Payne(274) 216.
    Ilyn Payne(58) hit Boros Blount(435) 195.
    ****
    Boros Blount(240) took 50 damage as DOT.
    Ilyn Payne(58) took 60 damage as DOT.
    Boros Blount(190) hit Ilyn Payne(-2) 216.
    Ilyn Payne(-218) hit Boros Blount(190) 195.
    ****
    Both of them are dead. A draw.
  Duel between Gaunts(33) -WHI- and Lannister of Lannisports(24) -WIZ- has begun.
    Gwayne Gaunt(580) hit Reginald Lannister(545) 213.
    Reginald Lannister(332) hit Gwayne Gaunt(580) 164.
    ****
    Gwayne Gaunt(416) took 20 damage as DOT.
    Reginald Lannister(332) took 30 damage as DOT.
    Gwayne Gaunt(396) hit Reginald Lannister(302) 213.
    Reginald Lannister(89) hit Gwayne Gaunt(396) 164.
    ****
    Gwayne Gaunt(232) took 40 damage as DOT.
    Reginald Lannister(89) took 60 damage as DOT.
    Gwayne Gaunt(192) hit Reginald Lannister(29) 213.
    Reginald Lannister(-184) hit Gwayne Gaunt(192) 164.
    ****
    Gwayne Gaunt(28) has won.
  Duel between House Baratheon(50) -WIZ- and House Frey(50) -WIL- has begun.
    Aegon Targaryen(455) hit Kevan Lannister(520) 235.
    Kevan Lannister(285) hit Aegon Targaryen(455) 210.
    ****
    Aegon Targaryen(245) took 25 damage as DOT.
    Kevan Lannister(285) took 20 damage as DOT.
    Aegon Targaryen(220) hit Kevan Lannister(265) 235.
    Kevan Lannister(30) hit Aegon Targaryen(220) 210.
    ****
    Aegon Targaryen(10) took 50 damage as DOT.
    Kevan Lannister(30) took 40 damage as DOT.
    Aegon Targaryen(-40) hit Kevan Lannister(-10) 235.
    Kevan Lannister(-245) hit Aegon Targaryen(-40) 210.
    ****
    Both of them are dead. A draw.
  The Crownlands got 6 house points. The Westernlands got 0 house points.

The winner is: The Crownlands with currently 1 kingdom points.
---------------
---------------
Duel 2: The Westernlands vs The Riverlands
  Duel between Paynes(30) -WIL- and Mootons(30) -WIL- has begun.
    Ilyn Payne(520) hit William Mooton(458) 195.
    William Mooton(263) hit Ilyn Payne(520) 173.
    ****
    Ilyn Payne(347) took 25 damage as DOT.
    William Mooton(263) took 25 damage as DOT.
    Ilyn Payne(322) hit William Mooton(238) 195.
    William Mooton(43) hit Ilyn Payne(322) 173.
    ****
    Ilyn Payne(149) took 50 damage as DOT.
    William Mooton(43) took 50 damage as DOT.
    Ilyn Payne(99) hit William Mooton(-7) 195.
    William Mooton(-202) hit Ilyn Payne(99) 173.
    ****
    Both of them are dead. A draw.
  Duel between Lannister of Lannisports(21) -WIZ- and Smallwoods(30) -WHI- has begun.
    Reginald Lannister(545) hit Theomar Smallwood(708) 161.
    Theomar Smallwood(547) hit Reginald Lannister(545) 153.
    ****
    Reginald Lannister(392) took 30 damage as DOT.
    Theomar Smallwood(547) took 20 damage as DOT.
    Reginald Lannister(362) hit Theomar Smallwood(527) 161.
    Theomar Smallwood(366) hit Reginald Lannister(362) 153.
    ****
    Reginald Lannister(209) took 60 damage as DOT.
    Theomar Smallwood(366) took 40 damage as DOT.
    Reginald Lannister(149) hit Theomar Smallwood(326) 161.
    Theomar Smallwood(165) hit Reginald Lannister(149) 153.
    ****
    Theomar Smallwood(165) has won.
  Duel between Westerlings(21) -WIZ- and Brackens(30) -WIZ- has begun.
    Gawen Westerling(520) hit Jonos Bracken(533) 156.
    Jonos Bracken(377) hit Gawen Westerling(520) 158.
    ****
    Gawen Westerling(362) took 20 damage as DOT.
    Jonos Bracken(377) took 20 damage as DOT.
    Gawen Westerling(342) hit Jonos Bracken(357) 156.
    Jonos Bracken(201) hit Gawen Westerling(342) 158.
    ****
    Gawen Westerling(184) took 40 damage as DOT.
    Jonos Bracken(201) took 40 damage as DOT.
    Gawen Westerling(144) hit Jonos Bracken(161) 156.
    Jonos Bracken(5) hit Gawen Westerling(144) 158.
    ****
    Jonos Bracken(5) has won.
  Duel between Paynes(30) -WIL- and Smallwoods(33) -WHI- has begun.
    Ilyn Payne(520) hit Theomar Smallwood(708) 195.
    Theomar Smallwood(513) hit Ilyn Payne(520) 156.
    ****
    Ilyn Payne(364) took 30 damage as DOT.
    Theomar Smallwood(513) took 25 damage as DOT.
    Ilyn Payne(334) hit Theomar Smallwood(488) 195.
    Theomar Smallwood(293) hit Ilyn Payne(334) 156.
    ****
    Ilyn Payne(178) took 60 damage as DOT.
    Theomar Smallwood(293) took 50 damage as DOT.
    Ilyn Payne(118) hit Theomar Smallwood(243) 195.
    Theomar Smallwood(48) hit Ilyn Payne(118) 156.
    ****
    Theomar Smallwood(48) has won.
  Duel between Lannister of Lannisports(18) -WIZ- and Brackens(33) -WIZ- has begun.
    Reginald Lannister(545) hit Jonos Bracken(533) 158.
    Jonos Bracken(375) hit Reginald Lannister(545) 161.
    ****
    Reginald Lannister(384) took 20 damage as DOT.
    Jonos Bracken(375) took 20 damage as DOT.
    Reginald Lannister(364) hit Jonos Bracken(355) 158.
    Jonos Bracken(197) hit Reginald Lannister(364) 161.
    ****
    Reginald Lannister(203) took 40 damage as DOT.
    Jonos Bracken(197) took 40 damage as DOT.
    Reginald Lannister(163) hit Jonos Bracken(157) 158.
    Jonos Bracken(-1) hit Reginald Lannister(163) 161.
    ****
    Reginald Lannister(2) has won.
  Duel between Westerlings(18) -WIZ- and Mootons(30) -WIL- has begun.
    Gawen Westerling(520) hit William Mooton(458) 153.
    William Mooton(305) hit Gawen Westerling(520) 173.
    ****
    Gawen Westerling(347) took 25 damage as DOT.
    William Mooton(305) took 20 damage as DOT.
    Gawen Westerling(322) hit William Mooton(285) 153.
    William Mooton(132) hit Gawen Westerling(322) 173.
    ****
    Gawen Westerling(149) took 50 damage as DOT.
    William Mooton(132) took 40 damage as DOT.
    Gawen Westerling(99) hit William Mooton(92) 153.
    William Mooton(-61) hit Gawen Westerling(99) 173.
    ****
    Both of them are dead. A draw.
  Duel between Paynes(27) -WIL- and Brackens(30) -WIZ- has begun.
    Ilyn Payne(520) hit Jonos Bracken(533) 192.
    Jonos Bracken(341) hit Ilyn Payne(520) 158.
    ****
    Ilyn Payne(362) took 20 damage as DOT.
    Jonos Bracken(341) took 25 damage as DOT.
    Ilyn Payne(342) hit Jonos Bracken(316) 192.
    Jonos Bracken(124) hit Ilyn Payne(342) 158.
    ****
    Ilyn Payne(184) took 40 damage as DOT.
    Jonos Bracken(124) took 50 damage as DOT.
    Ilyn Payne(144) hit Jonos Bracken(74) 192.
    Jonos Bracken(-118) hit Ilyn Payne(144) 158.
    ****
    Both of them are dead. A draw.
  Duel between Lannister of Lannisports(18) -WIZ- and Mootons(30) -WIL- has begun.
    Reginald Lannister(545) hit William Mooton(458) 158.
    William Mooton(300) hit Reginald Lannister(545) 173.
    ****
    Reginald Lannister(372) took 25 damage as DOT.
    William Mooton(300) took 20 damage as DOT.
    Reginald Lannister(347) hit William Mooton(280) 158.
    William Mooton(122) hit Reginald Lannister(347) 173.
    ****
    Reginald Lannister(174) took 50 damage as DOT.
    William Mooton(122) took 40 damage as DOT.
    Reginald Lannister(124) hit William Mooton(82) 158.
    William Mooton(-76) hit Reginald Lannister(124) 173.
    ****
    Both of them are dead. A draw.
  Duel between Westerlings(18) -WIZ- and Smallwoods(36) -WHI- has begun.
    Gawen Westerling(520) hit Theomar Smallwood(708) 153.
    Theomar Smallwood(555) hit Gawen Westerling(520) 159.
    ****
    Gawen Westerling(361) took 30 damage as DOT.
    Theomar Smallwood(555) took 20 damage as DOT.
    Gawen Westerling(331) hit Theomar Smallwood(535) 153.
    Theomar Smallwood(382) hit Gawen Westerling(331) 159.
    ****
    Gawen Westerling(172) took 60 damage as DOT.
    Theomar Smallwood(382) took 40 damage as DOT.
    Gawen Westerling(112) hit Theomar Smallwood(342) 153.
    Theomar Smallwood(189) hit Gawen Westerling(112) 159.
    ****
    Theomar Smallwood(189) has won.
  Duel between House Frey(50) -WIL- and House Bolton(50) -WIL- has begun.
    Kevan Lannister(520) hit Stevron Frey(483) 210.
    Stevron Frey(273) hit Kevan Lannister(520) 198.
    ****
    Kevan Lannister(322) took 25 damage as DOT.
    Stevron Frey(273) took 25 damage as DOT.
    Kevan Lannister(297) hit Stevron Frey(248) 210.
    Stevron Frey(38) hit Kevan Lannister(297) 198.
    ****
    Kevan Lannister(99) took 50 damage as DOT.
    Stevron Frey(38) took 50 damage as DOT.
    Kevan Lannister(49) hit Stevron Frey(-12) 210.
    Stevron Frey(-222) hit Kevan Lannister(49) 198.
    ****
    Both of them are dead. A draw.
  The Westernlands got 1 house points. The Riverlands got 4 house points.

The winner is: The Riverlands with currently 1 kingdom points.
---------------
---------------
Duel 3: The Riverlands vs The Stormlands
  Duel between Mootons(30) -WIL- and Musgoods(30) -WHI- has begun.
    William Mooton(458) hit Lord Musgood(715) 173.
    Lord Musgood(542) hit William Mooton(458) 150.
    ****
    William Mooton(308) took 30 damage as DOT.
    Lord Musgood(542) took 25 damage as DOT.
    William Mooton(278) hit Lord Musgood(517) 173.
    Lord Musgood(344) hit William Mooton(278) 150.
    ****
    William Mooton(128) took 60 damage as DOT.
    Lord Musgood(344) took 50 damage as DOT.
    William Mooton(68) hit Lord Musgood(294) 173.
    Lord Musgood(121) hit William Mooton(68) 150.
    ****
    Lord Musgood(121) has won.
  Duel between Smallwoods(39) -WHI- and Estermonts(30) -WIZ- has begun.
    Theomar Smallwood(708) hit Cassana Estermont(540) 162.
    Cassana Estermont(378) hit Theomar Smallwood(708) 145.
    ****
    Theomar Smallwood(563) took 20 damage as DOT.
    Cassana Estermont(378) took 30 damage as DOT.
    Theomar Smallwood(543) hit Cassana Estermont(348) 162.
    Cassana Estermont(186) hit Theomar Smallwood(543) 145.
    ****
    Theomar Smallwood(398) took 40 damage as DOT.
    Cassana Estermont(186) took 60 damage as DOT.
    Theomar Smallwood(358) hit Cassana Estermont(126) 162.
    Cassana Estermont(-36) hit Theomar Smallwood(358) 145.
    ****
    Theomar Smallwood(213) has won.
  Duel between Brackens(30) -WIZ- and Morrigens(30) -WHI- has begun.
    Jonos Bracken(533) hit Damon Morrigen(640) 158.
    Damon Morrigen(482) hit Jonos Bracken(533) 150.
    ****
    Jonos Bracken(383) took 30 damage as DOT.
    Damon Morrigen(482) took 20 damage as DOT.
    Jonos Bracken(353) hit Damon Morrigen(462) 158.
    Damon Morrigen(304) hit Jonos Bracken(353) 150.
    ****
    Jonos Bracken(203) took 60 damage as DOT.
    Damon Morrigen(304) took 40 damage as DOT.
    Jonos Bracken(143) hit Damon Morrigen(264) 158.
    Damon Morrigen(106) hit Jonos Bracken(143) 150.
    ****
    Damon Morrigen(106) has won.
  Duel between Mootons(27) -WIL- and Estermonts(27) -WIZ- has begun.
    William Mooton(458) hit Cassana Estermont(540) 170.
    Cassana Estermont(370) hit William Mooton(458) 142.
    ****
    William Mooton(316) took 20 damage as DOT.
    Cassana Estermont(370) took 25 damage as DOT.
    William Mooton(296) hit Cassana Estermont(345) 170.
    Cassana Estermont(175) hit William Mooton(296) 142.
    ****
    William Mooton(154) took 40 damage as DOT.
    Cassana Estermont(175) took 50 damage as DOT.
    William Mooton(114) hit Cassana Estermont(125) 170.
    Cassana Estermont(-45) hit William Mooton(114) 142.
    ****
    Both of them are dead. A draw.
  Duel between Smallwoods(42) -WHI- and Morrigens(33) -WHI- has begun.
    Theomar Smallwood(708) hit Damon Morrigen(640) 165.
    Damon Morrigen(475) hit Theomar Smallwood(708) 153.
    ****
    Theomar Smallwood(555) took 30 damage as DOT.
    Damon Morrigen(475) took 30 damage as DOT.
    Theomar Smallwood(525) hit Damon Morrigen(445) 165.
    Damon Morrigen(280) hit Theomar Smallwood(525) 153.
    ****
    Theomar Smallwood(372) took 60 damage as DOT.
    Damon Morrigen(280) took 60 damage as DOT.
    Theomar Smallwood(312) hit Damon Morrigen(220) 165.
    Damon Morrigen(55) hit Theomar Smallwood(312) 153.
    ****
    Theomar Smallwood(159) took 90 damage as DOT.
    Damon Morrigen(55) took 90 damage as DOT.
    Theomar Smallwood(69) hit Damon Morrigen(-35) 165.
    Damon Morrigen(-200) hit Theomar Smallwood(69) 153.
    ****
    Both of them are dead. A draw.
  Duel between Brackens(27) -WIZ- and Musgoods(33) -WHI- has begun.
    Jonos Bracken(533) hit Lord Musgood(715) 155.
    Lord Musgood(560) hit Jonos Bracken(533) 153.
    ****
    Jonos Bracken(380) took 30 damage as DOT.
    Lord Musgood(560) took 20 damage as DOT.
    Jonos Bracken(350) hit Lord Musgood(540) 155.
    Lord Musgood(385) hit Jonos Bracken(350) 153.
    ****
    Jonos Bracken(197) took 60 damage as DOT.
    Lord Musgood(385) took 40 damage as DOT.
    Jonos Bracken(137) hit Lord Musgood(345) 155.
    Lord Musgood(190) hit Jonos Bracken(137) 153.
    ****
    Lord Musgood(190) has won.
  Duel between Mootons(27) -WIL- and Morrigens(33) -WHI- has begun.
    William Mooton(458) hit Damon Morrigen(640) 170.
    Damon Morrigen(470) hit William Mooton(458) 153.
    ****
    William Mooton(305) took 30 damage as DOT.
    Damon Morrigen(470) took 25 damage as DOT.
    William Mooton(275) hit Damon Morrigen(445) 170.
    Damon Morrigen(275) hit William Mooton(275) 153.
    ****
    William Mooton(122) took 60 damage as DOT.
    Damon Morrigen(275) took 50 damage as DOT.
    William Mooton(62) hit Damon Morrigen(225) 170.
    Damon Morrigen(55) hit William Mooton(62) 153.
    ****
    Damon Morrigen(55) has won.
  Duel between Smallwoods(42) -WHI- and Musgoods(36) -WHI- has begun.
    Theomar Smallwood(708) hit Lord Musgood(715) 165.
    Lord Musgood(550) hit Theomar Smallwood(708) 156.
    ****
    Theomar Smallwood(552) took 30 damage as DOT.
    Lord Musgood(550) took 30 damage as DOT.
    Theomar Smallwood(522) hit Lord Musgood(520) 165.
    Lord Musgood(355) hit Theomar Smallwood(522) 156.
    ****
    Theomar Smallwood(366) took 60 damage as DOT.
    Lord Musgood(355) took 60 damage as DOT.
    Theomar Smallwood(306) hit Lord Musgood(295) 165.
    Lord Musgood(130) hit Theomar Smallwood(306) 156.
    ****
    Theomar Smallwood(150) took 90 damage as DOT.
    Lord Musgood(130) took 90 damage as DOT.
    Theomar Smallwood(60) hit Lord Musgood(40) 165.
    Lord Musgood(-125) hit Theomar Smallwood(60) 156.
    ****
    Both of them are dead. A draw.
  Duel between Brackens(24) -WIZ- and Estermonts(27) -WIZ- has begun.
    Jonos Bracken(533) hit Cassana Estermont(540) 152.
    Cassana Estermont(388) hit Jonos Bracken(533) 142.
    ****
    Jonos Bracken(391) took 20 damage as DOT.
    Cassana Estermont(388) took 20 damage as DOT.
    Jonos Bracken(371) hit Cassana Estermont(368) 152.
    Cassana Estermont(216) hit Jonos Bracken(371) 142.
    ****
    Jonos Bracken(229) took 40 damage as DOT.
    Cassana Estermont(216) took 40 damage as DOT.
    Jonos Bracken(189) hit Cassana Estermont(176) 152.
    Cassana Estermont(24) hit Jonos Bracken(189) 142.
    ****
    Jonos Bracken(47) took 60 damage as DOT.
    Cassana Estermont(24) took 60 damage as DOT.
    Jonos Bracken(-13) hit Cassana Estermont(-36) 152.
    Cassana Estermont(-188) hit Jonos Bracken(-13) 142.
    ****
    Both of them are dead. A draw.
  Duel between House Bolton(50) -WIL- and House Tyrell(50) -WIL- has begun.
    Stevron Frey(483) hit Robert Baratheon(515) 198.
    Robert Baratheon(317) hit Stevron Frey(483) 190.
    ****
    Stevron Frey(293) took 25 damage as DOT.
    Robert Baratheon(317) took 25 damage as DOT.
    Stevron Frey(268) hit Robert Baratheon(292) 198.
    Robert Baratheon(94) hit Stevron Frey(268) 190.
    ****
    Stevron Frey(78) took 50 damage as DOT.
    Robert Baratheon(94) took 50 damage as DOT.
    Stevron Frey(28) hit Robert Baratheon(44) 198.
    Robert Baratheon(-154) hit Stevron Frey(28) 190.
    ****
    Both of them are dead. A draw.
  The Riverlands got 1 house points. The Stormlands got 4 house points.

The winner is: The Stormlands with currently 1 kingdom points.
---------------
---------------
Duel 4: The Crownlands vs The Riverlands
  Duel between Rykkers(36) -WHI- and Mootons(24) -WIL- has begun.
    Jaremy Rykker(580) hit William Mooton(458) 216.
    William Mooton(242) hit Jaremy Rykker(580) 167.
    ****
    Jaremy Rykker(413) took 25 damage as DOT.
    William Mooton(242) took 30 damage as DOT.
    Jaremy Rykker(388) hit William Mooton(212) 216.
    William Mooton(-4) hit Jaremy Rykker(388) 167.
    ****
    Jaremy Rykker(221) has won.
  Duel between Blounts(36) -WHI- and Smallwoods(42) -WHI- has begun.
    Boros Blount(655) hit Theomar Smallwood(708) 216.
    Theomar Smallwood(492) hit Boros Blount(655) 165.
    ****
    Boros Blount(490) took 30 damage as DOT.
    Theomar Smallwood(492) took 30 damage as DOT.
    Boros Blount(460) hit Theomar Smallwood(462) 216.
    Theomar Smallwood(246) hit Boros Blount(460) 165.
    ****
    Boros Blount(295) took 60 damage as DOT.
    Theomar Smallwood(246) took 60 damage as DOT.
    Boros Blount(235) hit Theomar Smallwood(186) 216.
    Theomar Smallwood(-30) hit Boros Blount(235) 165.
    ****
    Boros Blount(70) has won.
  Duel between Gaunts(36) -WHI- and Brackens(24) -WIZ- has begun.
    Gwayne Gaunt(580) hit Jonos Bracken(533) 216.
    Jonos Bracken(317) hit Gwayne Gaunt(580) 152.
    ****
    Gwayne Gaunt(428) took 20 damage as DOT.
    Jonos Bracken(317) took 30 damage as DOT.
    Gwayne Gaunt(408) hit Jonos Bracken(287) 216.
    Jonos Bracken(71) hit Gwayne Gaunt(408) 152.
    ****
    Gwayne Gaunt(256) took 40 damage as DOT.
    Jonos Bracken(71) took 60 damage as DOT.
    Gwayne Gaunt(216) hit Jonos Bracken(11) 216.
    Jonos Bracken(-205) hit Gwayne Gaunt(216) 152.
    ****
    Gwayne Gaunt(64) has won.
  Duel between Rykkers(39) -WHI- and Smallwoods(39) -WHI- has begun.
    Jaremy Rykker(580) hit Theomar Smallwood(708) 219.
    Theomar Smallwood(489) hit Jaremy Rykker(580) 162.
    ****
    Jaremy Rykker(418) took 30 damage as DOT.
    Theomar Smallwood(489) took 30 damage as DOT.
    Jaremy Rykker(388) hit Theomar Smallwood(459) 219.
    Theomar Smallwood(240) hit Jaremy Rykker(388) 162.
    ****
    Jaremy Rykker(226) took 60 damage as DOT.
    Theomar Smallwood(240) took 60 damage as DOT.
    Jaremy Rykker(166) hit Theomar Smallwood(180) 219.
    Theomar Smallwood(-39) hit Jaremy Rykker(166) 162.
    ****
    Jaremy Rykker(4) has won.
  Duel between Blounts(32) -WHI- and Brackens(21) -WIZ- has begun.
    Boros Blount(655) hit Jonos Bracken(533) 212.
    Jonos Bracken(321) hit Boros Blount(655) 149.
    ****
    Boros Blount(506) took 20 damage as DOT.
    Jonos Bracken(321) took 30 damage as DOT.
    Boros Blount(486) hit Jonos Bracken(291) 212.
    Jonos Bracken(79) hit Boros Blount(486) 149.
    ****
    Boros Blount(337) took 40 damage as DOT.
    Jonos Bracken(79) took 60 damage as DOT.
    Boros Blount(297) hit Jonos Bracken(19) 212.
    Jonos Bracken(-193) hit Boros Blount(297) 149.
    ****
    Boros Blount(148) has won.
  Duel between Gaunts(39) -WHI- and Mootons(21) -WIL- has begun.
    Gwayne Gaunt(580) hit William Mooton(458) 219.
    William Mooton(239) hit Gwayne Gaunt(580) 164.
    ****
    Gwayne Gaunt(416) took 25 damage as DOT.
    William Mooton(239) took 30 damage as DOT.
    Gwayne Gaunt(391) hit William Mooton(209) 219.
    William Mooton(-10) hit Gwayne Gaunt(391) 164.
    ****
    Gwayne Gaunt(227) has won.
  Duel between Rykkers(42) -WHI- and Brackens(18) -WIZ- has begun.
    Jaremy Rykker(580) hit Jonos Bracken(533) 222.
    Jonos Bracken(311) hit Jaremy Rykker(580) 146.
    ****
    Jaremy Rykker(434) took 20 damage as DOT.
    Jonos Bracken(311) took 30 damage as DOT.
    Jaremy Rykker(414) hit Jonos Bracken(281) 222.
    Jonos Bracken(59) hit Jaremy Rykker(414) 146.
    ****
    Jaremy Rykker(268) took 40 damage as DOT.
    Jonos Bracken(59) took 60 damage as DOT.
    Jaremy Rykker(228) hit Jonos Bracken(-1) 222.
    Jonos Bracken(-223) hit Jaremy Rykker(228) 146.
    ****
    Jaremy Rykker(82) has won.
  Duel between Blounts(35) -WHI- and Mootons(18) -WIL- has begun.
    Boros Blount(655) hit William Mooton(458) 215.
    William Mooton(243) hit Boros Blount(655) 161.
    ****
    Boros Blount(494) took 25 damage as DOT.
    William Mooton(243) took 30 damage as DOT.
    Boros Blount(469) hit William Mooton(213) 215.
    William Mooton(-2) hit Boros Blount(469) 161.
    ****
    Boros Blount(308) has won.
  Duel between Gaunts(42) -WHI- and Smallwoods(36) -WHI- has begun.
    Gwayne Gaunt(580) hit Theomar Smallwood(708) 222.
    Theomar Smallwood(486) hit Gwayne Gaunt(580) 159.
    ****
    Gwayne Gaunt(421) took 30 damage as DOT.
    Theomar Smallwood(486) took 30 damage as DOT.
    Gwayne Gaunt(391) hit Theomar Smallwood(456) 222.
    Theomar Smallwood(234) hit Gwayne Gaunt(391) 159.
    ****
    Gwayne Gaunt(232) took 60 damage as DOT.
    Theomar Smallwood(234) took 60 damage as DOT.
    Gwayne Gaunt(172) hit Theomar Smallwood(174) 222.
    Theomar Smallwood(-48) hit Gwayne Gaunt(172) 159.
    ****
    Gwayne Gaunt(13) has won.
  Duel between House Baratheon(50) -WIZ- and House Bolton(50) -WIL- has begun.
    Aegon Targaryen(455) hit Stevron Frey(483) 235.
    Stevron Frey(248) hit Aegon Targaryen(455) 198.
    ****
    Aegon Targaryen(257) took 25 damage as DOT.
    Stevron Frey(248) took 20 damage as DOT.
    Aegon Targaryen(232) hit Stevron Frey(228) 235.
    Stevron Frey(-7) hit Aegon Targaryen(232) 198.
    ****
    Aegon Targaryen(34) has won.
  The Crownlands got 12 house points. The Riverlands got 0 house points.

The winner is: The Crownlands with currently 2 kingdom points.
---------------
---------------
Duel 5: The Westernlands vs The Stormlands
  Duel between Paynes(27) -WIL- and Musgoods(36) -WHI- has begun.
    Ilyn Payne(520) hit Lord Musgood(715) 192.
    Lord Musgood(523) hit Ilyn Payne(520) 156.
    ****
    Ilyn Payne(364) took 30 damage as DOT.
    Lord Musgood(523) took 25 damage as DOT.
    Ilyn Payne(334) hit Lord Musgood(498) 192.
    Lord Musgood(306) hit Ilyn Payne(334) 156.
    ****
    Ilyn Payne(178) took 60 damage as DOT.
    Lord Musgood(306) took 50 damage as DOT.
    Ilyn Payne(118) hit Lord Musgood(256) 192.
    Lord Musgood(64) hit Ilyn Payne(118) 156.
    ****
    Lord Musgood(64) has won.
  Duel between Lannister of Lannisports(18) -WIZ- and Estermonts(27) -WIZ- has begun.
    Reginald Lannister(545) hit Cassana Estermont(540) 158.
    Cassana Estermont(382) hit Reginald Lannister(545) 142.
    ****
    Reginald Lannister(403) took 20 damage as DOT.
    Cassana Estermont(382) took 20 damage as DOT.
    Reginald Lannister(383) hit Cassana Estermont(362) 158.
    Cassana Estermont(204) hit Reginald Lannister(383) 142.
    ****
    Reginald Lannister(241) took 40 damage as DOT.
    Cassana Estermont(204) took 40 damage as DOT.
    Reginald Lannister(201) hit Cassana Estermont(164) 158.
    Cassana Estermont(6) hit Reginald Lannister(201) 142.
    ****
    Reginald Lannister(59) took 60 damage as DOT.
    Cassana Estermont(6) took 60 damage as DOT.
    Reginald Lannister(-1) hit Cassana Estermont(-54) 158.
    Cassana Estermont(-212) hit Reginald Lannister(-1) 142.
    ****
    Both of them are dead. A draw.
  Duel between Westerlings(15) -WIZ- and Morrigens(36) -WHI- has begun.
    Gawen Westerling(520) hit Damon Morrigen(640) 150.
    Damon Morrigen(490) hit Gawen Westerling(520) 156.
    ****
    Gawen Westerling(364) took 30 damage as DOT.
    Damon Morrigen(490) took 20 damage as DOT.
    Gawen Westerling(334) hit Damon Morrigen(470) 150.
    Damon Morrigen(320) hit Gawen Westerling(334) 156.
    ****
    Gawen Westerling(178) took 60 damage as DOT.
    Damon Morrigen(320) took 40 damage as DOT.
    Gawen Westerling(118) hit Damon Morrigen(280) 150.
    Damon Morrigen(130) hit Gawen Westerling(118) 156.
    ****
    Damon Morrigen(130) has won.
  Duel between Paynes(24) -WIL- and Estermonts(27) -WIZ- has begun.
    Ilyn Payne(520) hit Cassana Estermont(540) 189.
    Cassana Estermont(351) hit Ilyn Payne(520) 142.
    ****
    Ilyn Payne(378) took 20 damage as DOT.
    Cassana Estermont(351) took 25 damage as DOT.
    Ilyn Payne(358) hit Cassana Estermont(326) 189.
    Cassana Estermont(137) hit Ilyn Payne(358) 142.
    ****
    Ilyn Payne(216) took 40 damage as DOT.
    Cassana Estermont(137) took 50 damage as DOT.
    Ilyn Payne(176) hit Cassana Estermont(87) 189.
    Cassana Estermont(-102) hit Ilyn Payne(176) 142.
    ****
    Ilyn Payne(34) has won.
  Duel between Lannister of Lannisports(18) -WIZ- and Morrigens(39) -WHI- has begun.
    Reginald Lannister(545) hit Damon Morrigen(640) 158.
    Damon Morrigen(482) hit Reginald Lannister(545) 159.
    ****
    Reginald Lannister(386) took 30 damage as DOT.
    Damon Morrigen(482) took 20 damage as DOT.
    Reginald Lannister(356) hit Damon Morrigen(462) 158.
    Damon Morrigen(304) hit Reginald Lannister(356) 159.
    ****
    Reginald Lannister(197) took 60 damage as DOT.
    Damon Morrigen(304) took 40 damage as DOT.
    Reginald Lannister(137) hit Damon Morrigen(264) 158.
    Damon Morrigen(106) hit Reginald Lannister(137) 159.
    ****
    Damon Morrigen(106) has won.
  Duel between Westerlings(12) -WIZ- and Musgoods(39) -WHI- has begun.
    Gawen Westerling(520) hit Lord Musgood(715) 147.
    Lord Musgood(568) hit Gawen Westerling(520) 159.
    ****
    Gawen Westerling(361) took 30 damage as DOT.
    Lord Musgood(568) took 20 damage as DOT.
    Gawen Westerling(331) hit Lord Musgood(548) 147.
    Lord Musgood(401) hit Gawen Westerling(331) 159.
    ****
    Gawen Westerling(172) took 60 damage as DOT.
    Lord Musgood(401) took 40 damage as DOT.
    Gawen Westerling(112) hit Lord Musgood(361) 147.
    Lord Musgood(214) hit Gawen Westerling(112) 159.
    ****
    Lord Musgood(214) has won.
  Duel between Paynes(23) -WIL- and Morrigens(42) -WHI- has begun.
    Ilyn Payne(520) hit Damon Morrigen(640) 188.
    Damon Morrigen(452) hit Ilyn Payne(520) 162.
    ****
    Ilyn Payne(358) took 30 damage as DOT.
    Damon Morrigen(452) took 25 damage as DOT.
    Ilyn Payne(328) hit Damon Morrigen(427) 188.
    Damon Morrigen(239) hit Ilyn Payne(328) 162.
    ****
    Ilyn Payne(166) took 60 damage as DOT.
    Damon Morrigen(239) took 50 damage as DOT.
    Ilyn Payne(106) hit Damon Morrigen(189) 188.
    Damon Morrigen(1) hit Ilyn Payne(106) 162.
    ****
    Damon Morrigen(1) has won.
  Duel between Lannister of Lannisports(15) -WIZ- and Musgoods(42) -WHI- has begun.
    Reginald Lannister(545) hit Lord Musgood(715) 155.
    Lord Musgood(560) hit Reginald Lannister(545) 162.
    ****
    Reginald Lannister(383) took 30 damage as DOT.
    Lord Musgood(560) took 20 damage as DOT.
    Reginald Lannister(353) hit Lord Musgood(540) 155.
    Lord Musgood(385) hit Reginald Lannister(353) 162.
    ****
    Reginald Lannister(191) took 60 damage as DOT.
    Lord Musgood(385) took 40 damage as DOT.
    Reginald Lannister(131) hit Lord Musgood(345) 155.
    Lord Musgood(190) hit Reginald Lannister(131) 162.
    ****
    Lord Musgood(190) has won.
  Duel between Westerlings(9) -WIZ- and Estermonts(24) -WIZ- has begun.
    Gawen Westerling(520) hit Cassana Estermont(540) 144.
    Cassana Estermont(396) hit Gawen Westerling(520) 139.
    ****
    Gawen Westerling(381) took 20 damage as DOT.
    Cassana Estermont(396) took 20 damage as DOT.
    Gawen Westerling(361) hit Cassana Estermont(376) 144.
    Cassana Estermont(232) hit Gawen Westerling(361) 139.
    ****
    Gawen Westerling(222) took 40 damage as DOT.
    Cassana Estermont(232) took 40 damage as DOT.
    Gawen Westerling(182) hit Cassana Estermont(192) 144.
    Cassana Estermont(48) hit Gawen Westerling(182) 139.
    ****
    Gawen Westerling(43) took 60 damage as DOT.
    Cassana Estermont(48) took 60 damage as DOT.
    Gawen Westerling(-17) hit Cassana Estermont(-12) 144.
    Cassana Estermont(-156) hit Gawen Westerling(-17) 139.
    ****
    Both of them are dead. A draw.
  Duel between House Frey(50) -WIL- and House Tyrell(50) -WIL- has begun.
    Kevan Lannister(520) hit Robert Baratheon(515) 210.
    Robert Baratheon(305) hit Kevan Lannister(520) 190.
    ****
    Kevan Lannister(330) took 25 damage as DOT.
    Robert Baratheon(305) took 25 damage as DOT.
    Kevan Lannister(305) hit Robert Baratheon(280) 210.
    Robert Baratheon(70) hit Kevan Lannister(305) 190.
    ****
    Kevan Lannister(115) took 50 damage as DOT.
    Robert Baratheon(70) took 50 damage as DOT.
    Kevan Lannister(65) hit Robert Baratheon(20) 210.
    Robert Baratheon(-190) hit Kevan Lannister(65) 190.
    ****
    Both of them are dead. A draw.
  The Westernlands got 1 house points. The Stormlands got 6 house points.

The winner is: The Stormlands with currently 2 kingdom points.
---------------
---------------
Duel 6: The Crownlands vs The Stormlands
  Duel between Rykkers(45) -WHI- and Musgoods(45) -WHI- has begun.
    Jaremy Rykker(580) hit Lord Musgood(715) 225.
    Lord Musgood(490) hit Jaremy Rykker(580) 165.
    ****
    Jaremy Rykker(415) took 30 damage as DOT.
    Lord Musgood(490) took 30 damage as DOT.
    Jaremy Rykker(385) hit Lord Musgood(460) 225.
    Lord Musgood(235) hit Jaremy Rykker(385) 165.
    ****
    Jaremy Rykker(220) took 60 damage as DOT.
    Lord Musgood(235) took 60 damage as DOT.
    Jaremy Rykker(160) hit Lord Musgood(175) 225.
    Lord Musgood(-50) hit Jaremy Rykker(160) 165.
    ****
    Both of them are dead. A draw.
  Duel between Blounts(38) -WHI- and Estermonts(24) -WIZ- has begun.
    Boros Blount(655) hit Cassana Estermont(540) 218.
    Cassana Estermont(322) hit Boros Blount(655) 139.
    ****
    Boros Blount(516) took 20 damage as DOT.
    Cassana Estermont(322) took 30 damage as DOT.
    Boros Blount(496) hit Cassana Estermont(292) 218.
    Cassana Estermont(74) hit Boros Blount(496) 139.
    ****
    Boros Blount(357) took 40 damage as DOT.
    Cassana Estermont(74) took 60 damage as DOT.
    Boros Blount(317) hit Cassana Estermont(14) 218.
    Cassana Estermont(-204) hit Boros Blount(317) 139.
    ****
    Boros Blount(178) has won.
  Duel between Gaunts(45) -WHI- and Morrigens(45) -WHI- has begun.
    Gwayne Gaunt(580) hit Damon Morrigen(640) 225.
    Damon Morrigen(415) hit Gwayne Gaunt(580) 165.
    ****
    Gwayne Gaunt(415) took 30 damage as DOT.
    Damon Morrigen(415) took 30 damage as DOT.
    Gwayne Gaunt(385) hit Damon Morrigen(385) 225.
    Damon Morrigen(160) hit Gwayne Gaunt(385) 165.
    ****
    Gwayne Gaunt(220) took 60 damage as DOT.
    Damon Morrigen(160) took 60 damage as DOT.
    Gwayne Gaunt(160) hit Damon Morrigen(100) 225.
    Damon Morrigen(-125) hit Gwayne Gaunt(160) 165.
    ****
    Both of them are dead. A draw.
  Duel between Rykkers(45) -WHI- and Estermonts(21) -WIZ- has begun.
    Jaremy Rykker(580) hit Cassana Estermont(540) 225.
    Cassana Estermont(315) hit Jaremy Rykker(580) 136.
    ****
    Jaremy Rykker(444) took 20 damage as DOT.
    Cassana Estermont(315) took 30 damage as DOT.
    Jaremy Rykker(424) hit Cassana Estermont(285) 225.
    Cassana Estermont(60) hit Jaremy Rykker(424) 136.
    ****
    Jaremy Rykker(288) took 40 damage as DOT.
    Cassana Estermont(60) took 60 damage as DOT.
    Jaremy Rykker(248) hit Cassana Estermont(0) 225.
    Cassana Estermont(-225) hit Jaremy Rykker(248) 136.
    ****
    Jaremy Rykker(112) has won.
  Duel between Blounts(41) -WHI- and Morrigens(45) -WHI- has begun.
    Boros Blount(655) hit Damon Morrigen(640) 221.
    Damon Morrigen(419) hit Boros Blount(655) 165.
    ****
    Boros Blount(490) took 30 damage as DOT.
    Damon Morrigen(419) took 30 damage as DOT.
    Boros Blount(460) hit Damon Morrigen(389) 221.
    Damon Morrigen(168) hit Boros Blount(460) 165.
    ****
    Boros Blount(295) took 60 damage as DOT.
    Damon Morrigen(168) took 60 damage as DOT.
    Boros Blount(235) hit Damon Morrigen(108) 221.
    Damon Morrigen(-113) hit Boros Blount(235) 165.
    ****
    Boros Blount(70) has won.
  Duel between Gaunts(45) -WHI- and Musgoods(45) -WHI- has begun.
    Gwayne Gaunt(580) hit Lord Musgood(715) 225.
    Lord Musgood(490) hit Gwayne Gaunt(580) 165.
    ****
    Gwayne Gaunt(415) took 30 damage as DOT.
    Lord Musgood(490) took 30 damage as DOT.
    Gwayne Gaunt(385) hit Lord Musgood(460) 225.
    Lord Musgood(235) hit Gwayne Gaunt(385) 165.
    ****
    Gwayne Gaunt(220) took 60 damage as DOT.
    Lord Musgood(235) took 60 damage as DOT.
    Gwayne Gaunt(160) hit Lord Musgood(175) 225.
    Lord Musgood(-50) hit Gwayne Gaunt(160) 165.
    ****
    Both of them are dead. A draw.
  Duel between Rykkers(48) -WHI- and Morrigens(42) -WHI- has begun.
    Jaremy Rykker(580) hit Damon Morrigen(640) 228.
    Damon Morrigen(412) hit Jaremy Rykker(580) 162.
    ****
    Jaremy Rykker(418) took 30 damage as DOT.
    Damon Morrigen(412) took 30 damage as DOT.
    Jaremy Rykker(388) hit Damon Morrigen(382) 228.
    Damon Morrigen(154) hit Jaremy Rykker(388) 162.
    ****
    Jaremy Rykker(226) took 60 damage as DOT.
    Damon Morrigen(154) took 60 damage as DOT.
    Jaremy Rykker(166) hit Damon Morrigen(94) 228.
    Damon Morrigen(-134) hit Jaremy Rykker(166) 162.
    ****
    Jaremy Rykker(4) has won.
  Duel between Blounts(36) -WHI- and Musgoods(45) -WHI- has begun.
    Boros Blount(655) hit Lord Musgood(715) 216.
    Lord Musgood(499) hit Boros Blount(655) 165.
    ****
    Boros Blount(490) took 30 damage as DOT.
    Lord Musgood(499) took 30 damage as DOT.
    Boros Blount(460) hit Lord Musgood(469) 216.
    Lord Musgood(253) hit Boros Blount(460) 165.
    ****
    Boros Blount(295) took 60 damage as DOT.
    Lord Musgood(253) took 60 damage as DOT.
    Boros Blount(235) hit Lord Musgood(193) 216.
    Lord Musgood(-23) hit Boros Blount(235) 165.
    ****
    Boros Blount(70) has won.
  Duel between Gaunts(45) -WHI- and Estermonts(18) -WIZ- has begun.
    Gwayne Gaunt(580) hit Cassana Estermont(540) 225.
    Cassana Estermont(315) hit Gwayne Gaunt(580) 133.
    ****
    Gwayne Gaunt(447) took 20 damage as DOT.
    Cassana Estermont(315) took 30 damage as DOT.
    Gwayne Gaunt(427) hit Cassana Estermont(285) 225.
    Cassana Estermont(60) hit Gwayne Gaunt(427) 133.
    ****
    Gwayne Gaunt(294) took 40 damage as DOT.
    Cassana Estermont(60) took 60 damage as DOT.
    Gwayne Gaunt(254) hit Cassana Estermont(0) 225.
    Cassana Estermont(-225) hit Gwayne Gaunt(254) 133.
    ****
    Gwayne Gaunt(121) has won.
  Duel between House Baratheon(59) -WIZ- and House Tyrell(50) -WIL- has begun.
    Aegon Targaryen(455) hit Robert Baratheon(515) 244.
    Robert Baratheon(271) hit Aegon Targaryen(455) 190.
    ****
    Aegon Targaryen(265) took 25 damage as DOT.
    Robert Baratheon(271) took 20 damage as DOT.
    Aegon Targaryen(240) hit Robert Baratheon(251) 244.
    Robert Baratheon(7) hit Aegon Targaryen(240) 190.
    ****
    Aegon Targaryen(50) took 50 damage as DOT.
    Robert Baratheon(7) took 40 damage as DOT.
    Aegon Targaryen(0) hit Robert Baratheon(-33) 244.
    Robert Baratheon(-277) hit Aegon Targaryen(0) 190.
    ****
    Both of them are dead. A draw.
  The Crownlands got 6 house points. The Stormlands got 0 house points.

The winner is: The Crownlands with currently 3 kingdom points.
---------------
The War is over. The new owner of King's Landing is The Crownlands with a total of 3 points.

