War has started with 4 kingdoms.
---------------
Duel 1: The Reach vs Dorne
  Duel between Bulwers(30) -WIL- and Daynes(30) -WIZ- has begun.
    Jack Bulwer(560) hit Beric Dayne(555) 150.
    Beric Dayne(405) hit Jack Bulwer(560) 165.
    ****
    Jack Bulwer(395) took 20 damage as DOT.
    Beric Dayne(405) took 25 damage as DOT.
    Jack Bulwer(375) hit Beric Dayne(380) 150.
    Beric Dayne(230) hit Jack Bulwer(375) 165.
    ****
    Jack Bulwer(210) took 40 damage as DOT.
    Beric Dayne(230) took 50 damage as DOT.
    Jack Bulwer(170) hit Beric Dayne(180) 150.
    Beric Dayne(30) hit Jack Bulwer(170) 165.
    ****
    Jack Bulwer(5) took 60 damage as DOT.
    Beric Dayne(30) took 75 damage as DOT.
    Jack Bulwer(-55) hit Beric Dayne(-45) 150.
    Beric Dayne(-195) hit Jack Bulwer(-55) 165.
    ****
    Both of them are dead. A draw.
  Duel between Leygoods(30) -WIL- and Blackmonts(30) -WIL- has begun.
    Lord Leygood(485) hit Larra Blackmont(455) 155.
    Larra Blackmont(300) hit Lord Leygood(485) 180.
    ****
    Lord Leygood(305) took 25 damage as DOT.
    Larra Blackmont(300) took 25 damage as DOT.
    Lord Leygood(280) hit Larra Blackmont(275) 155.
    Larra Blackmont(120) hit Lord Leygood(280) 180.
    ****
    Lord Leygood(100) took 50 damage as DOT.
    Larra Blackmont(120) took 50 damage as DOT.
    Lord Leygood(50) hit Larra Blackmont(70) 155.
    Larra Blackmont(-85) hit Lord Leygood(50) 180.
    ****
    Both of them are dead. A draw.
  Duel between Fossoways(30) -WHI- and Qorgyles(30) -WIL- has begun.
    Lord Fossoway(710) hit Quentyn Qorgyle(530) 130.
    Quentyn Qorgyle(400) hit Lord Fossoway(710) 180.
    ****
    Lord Fossoway(530) took 25 damage as DOT.
    Quentyn Qorgyle(400) took 30 damage as DOT.
    Lord Fossoway(505) hit Quentyn Qorgyle(370) 130.
    Quentyn Qorgyle(240) hit Lord Fossoway(505) 180.
    ****
    Lord Fossoway(325) took 50 damage as DOT.
    Quentyn Qorgyle(240) took 60 damage as DOT.
    Lord Fossoway(275) hit Quentyn Qorgyle(180) 130.
    Quentyn Qorgyle(50) hit Lord Fossoway(275) 180.
    ****
    Lord Fossoway(95) took 75 damage as DOT.
    Quentyn Qorgyle(50) took 90 damage as DOT.
    Lord Fossoway(20) hit Quentyn Qorgyle(-40) 130.
    Quentyn Qorgyle(-170) hit Lord Fossoway(20) 180.
    ****
    Both of them are dead. A draw.
  Duel between Bulwers(30) -WIL- and Blackmonts(30) -WIL- has begun.
    Jack Bulwer(560) hit Larra Blackmont(455) 150.
    Larra Blackmont(305) hit Jack Bulwer(560) 180.
    ****
    Jack Bulwer(380) took 25 damage as DOT.
    Larra Blackmont(305) took 25 damage as DOT.
    Jack Bulwer(355) hit Larra Blackmont(280) 150.
    Larra Blackmont(130) hit Jack Bulwer(355) 180.
    ****
    Jack Bulwer(175) took 50 damage as DOT.
    Larra Blackmont(130) took 50 damage as DOT.
    Jack Bulwer(125) hit Larra Blackmont(80) 150.
    Larra Blackmont(-70) hit Jack Bulwer(125) 180.
    ****
    Both of them are dead. A draw.
  Duel between Leygoods(30) -WIL- and Qorgyles(30) -WIL- has begun.
    Lord Leygood(485) hit Quentyn Qorgyle(530) 155.
    Quentyn Qorgyle(375) hit Lord Leygood(485) 180.
    ****
    Lord Leygood(305) took 25 damage as DOT.
    Quentyn Qorgyle(375) took 25 damage as DOT.
    Lord Leygood(280) hit Quentyn Qorgyle(350) 155.
    Quentyn Qorgyle(195) hit Lord Leygood(280) 180.
    ****
    Lord Leygood(100) took 50 damage as DOT.
    Quentyn Qorgyle(195) took 50 damage as DOT.
    Lord Leygood(50) hit Quentyn Qorgyle(145) 155.
    Quentyn Qorgyle(-10) hit Lord Leygood(50) 180.
    ****
    Both of them are dead. A draw.
  Duel between Fossoways(30) -WHI- and Daynes(30) -WIZ- has begun.
    Lord Fossoway(710) hit Beric Dayne(555) 130.
    Beric Dayne(425) hit Lord Fossoway(710) 165.
    ****
    Lord Fossoway(545) took 20 damage as DOT.
    Beric Dayne(425) took 30 damage as DOT.
    Lord Fossoway(525) hit Beric Dayne(395) 130.
    Beric Dayne(265) hit Lord Fossoway(525) 165.
    ****
    Lord Fossoway(360) took 40 damage as DOT.
    Beric Dayne(265) took 60 damage as DOT.
    Lord Fossoway(320) hit Beric Dayne(205) 130.
    Beric Dayne(75) hit Lord Fossoway(320) 165.
    ****
    Lord Fossoway(155) took 60 damage as DOT.
    Beric Dayne(75) took 90 damage as DOT.
    Lord Fossoway(95) hit Beric Dayne(-15) 130.
    Beric Dayne(-145) hit Lord Fossoway(95) 165.
    ****
    Both of them are dead. A draw.
  Duel between Bulwers(30) -WIL- and Qorgyles(30) -WIL- has begun.
    Jack Bulwer(560) hit Quentyn Qorgyle(530) 150.
    Quentyn Qorgyle(380) hit Jack Bulwer(560) 180.
    ****
    Jack Bulwer(380) took 25 damage as DOT.
    Quentyn Qorgyle(380) took 25 damage as DOT.
    Jack Bulwer(355) hit Quentyn Qorgyle(355) 150.
    Quentyn Qorgyle(205) hit Jack Bulwer(355) 180.
    ****
    Jack Bulwer(175) took 50 damage as DOT.
    Quentyn Qorgyle(205) took 50 damage as DOT.
    Jack Bulwer(125) hit Quentyn Qorgyle(155) 150.
    Quentyn Qorgyle(5) hit Jack Bulwer(125) 180.
    ****
    Quentyn Qorgyle(5) has won.
  Duel between Leygoods(30) -WIL- and Daynes(30) -WIZ- has begun.
    Lord Leygood(485) hit Beric Dayne(555) 155.
    Beric Dayne(400) hit Lord Leygood(485) 165.
    ****
    Lord Leygood(320) took 20 damage as DOT.
    Beric Dayne(400) took 25 damage as DOT.
    Lord Leygood(300) hit Beric Dayne(375) 155.
    Beric Dayne(220) hit Lord Leygood(300) 165.
    ****
    Lord Leygood(135) took 40 damage as DOT.
    Beric Dayne(220) took 50 damage as DOT.
    Lord Leygood(95) hit Beric Dayne(170) 155.
    Beric Dayne(15) hit Lord Leygood(95) 165.
    ****
    Beric Dayne(15) has won.
  Duel between Fossoways(30) -WHI- and Blackmonts(30) -WIL- has begun.
    Lord Fossoway(710) hit Larra Blackmont(455) 130.
    Larra Blackmont(325) hit Lord Fossoway(710) 180.
    ****
    Lord Fossoway(530) took 25 damage as DOT.
    Larra Blackmont(325) took 30 damage as DOT.
    Lord Fossoway(505) hit Larra Blackmont(295) 130.
    Larra Blackmont(165) hit Lord Fossoway(505) 180.
    ****
    Lord Fossoway(325) took 50 damage as DOT.
    Larra Blackmont(165) took 60 damage as DOT.
    Lord Fossoway(275) hit Larra Blackmont(105) 130.
    Larra Blackmont(-25) hit Lord Fossoway(275) 180.
    ****
    Lord Fossoway(95) has won.
  Duel between House Lannister(50) -WIL- and House Martell(50) -WHI- has begun.
    Loras Tyrell(535) hit Oberyn Martell(655) 170.
    Oberyn Martell(485) hit Loras Tyrell(535) 180.
    ****
    Loras Tyrell(355) took 30 damage as DOT.
    Oberyn Martell(485) took 25 damage as DOT.
    Loras Tyrell(325) hit Oberyn Martell(460) 170.
    Oberyn Martell(290) hit Loras Tyrell(325) 180.
    ****
    Loras Tyrell(145) took 60 damage as DOT.
    Oberyn Martell(290) took 50 damage as DOT.
    Loras Tyrell(85) hit Oberyn Martell(240) 170.
    Oberyn Martell(70) hit Loras Tyrell(85) 180.
    ****
    Oberyn Martell(70) has won.
  The Reach got 1 house points. Dorne got 5 house points.

The winner is: Dorne with currently 1 kingdom points.
---------------
---------------
Duel 2: Dorne vs The Iron Islands
  Duel between Daynes(33) -WIZ- and Blacktydes(30) -WIL- has begun.
    Beric Dayne(555) hit Baelor Blacktyde(490) 168.
    Baelor Blacktyde(322) hit Beric Dayne(555) 175.
    ****
    Beric Dayne(380) took 25 damage as DOT.
    Baelor Blacktyde(322) took 20 damage as DOT.
    Beric Dayne(355) hit Baelor Blacktyde(302) 168.
    Baelor Blacktyde(134) hit Beric Dayne(355) 175.
    ****
    Beric Dayne(180) took 50 damage as DOT.
    Baelor Blacktyde(134) took 40 damage as DOT.
    Beric Dayne(130) hit Baelor Blacktyde(94) 168.
    Baelor Blacktyde(-74) hit Beric Dayne(130) 175.
    ****
    Both of them are dead. A draw.
  Duel between Blackmonts(27) -WIL- and Goodbrothers(30) -WHI- has begun.
    Larra Blackmont(455) hit Urragon Goodbrother(665) 177.
    Urragon Goodbrother(488) hit Larra Blackmont(455) 150.
    ****
    Larra Blackmont(305) took 30 damage as DOT.
    Urragon Goodbrother(488) took 25 damage as DOT.
    Larra Blackmont(275) hit Urragon Goodbrother(463) 177.
    Urragon Goodbrother(286) hit Larra Blackmont(275) 150.
    ****
    Larra Blackmont(125) took 60 damage as DOT.
    Urragon Goodbrother(286) took 50 damage as DOT.
    Larra Blackmont(65) hit Urragon Goodbrother(236) 177.
    Urragon Goodbrother(59) hit Larra Blackmont(65) 150.
    ****
    Urragon Goodbrother(59) has won.
  Duel between Qorgyles(33) -WIL- and Harlaws(30) -WIL- has begun.
    Quentyn Qorgyle(530) hit Alannys Harlaw(465) 183.
    Alannys Harlaw(282) hit Quentyn Qorgyle(530) 170.
    ****
    Quentyn Qorgyle(360) took 25 damage as DOT.
    Alannys Harlaw(282) took 25 damage as DOT.
    Quentyn Qorgyle(335) hit Alannys Harlaw(257) 183.
    Alannys Harlaw(74) hit Quentyn Qorgyle(335) 170.
    ****
    Quentyn Qorgyle(165) took 50 damage as DOT.
    Alannys Harlaw(74) took 50 damage as DOT.
    Quentyn Qorgyle(115) hit Alannys Harlaw(24) 183.
    Alannys Harlaw(-159) hit Quentyn Qorgyle(115) 170.
    ****
    Both of them are dead. A draw.
  Duel between Daynes(33) -WIZ- and Goodbrothers(33) -WHI- has begun.
    Beric Dayne(555) hit Urragon Goodbrother(665) 168.
    Urragon Goodbrother(497) hit Beric Dayne(555) 153.
    ****
    Beric Dayne(402) took 30 damage as DOT.
    Urragon Goodbrother(497) took 20 damage as DOT.
    Beric Dayne(372) hit Urragon Goodbrother(477) 168.
    Urragon Goodbrother(309) hit Beric Dayne(372) 153.
    ****
    Beric Dayne(219) took 60 damage as DOT.
    Urragon Goodbrother(309) took 40 damage as DOT.
    Beric Dayne(159) hit Urragon Goodbrother(269) 168.
    Urragon Goodbrother(101) hit Beric Dayne(159) 153.
    ****
    Beric Dayne(6) took 90 damage as DOT.
    Urragon Goodbrother(101) took 60 damage as DOT.
    Beric Dayne(-84) hit Urragon Goodbrother(41) 168.
    Urragon Goodbrother(-127) hit Beric Dayne(-84) 153.
    ****
    Both of them are dead. A draw.
  Duel between Blackmonts(24) -WIL- and Harlaws(30) -WIL- has begun.
    Larra Blackmont(455) hit Alannys Harlaw(465) 174.
    Alannys Harlaw(291) hit Larra Blackmont(455) 170.
    ****
    Larra Blackmont(285) took 25 damage as DOT.
    Alannys Harlaw(291) took 25 damage as DOT.
    Larra Blackmont(260) hit Alannys Harlaw(266) 174.
    Alannys Harlaw(92) hit Larra Blackmont(260) 170.
    ****
    Larra Blackmont(90) took 50 damage as DOT.
    Alannys Harlaw(92) took 50 damage as DOT.
    Larra Blackmont(40) hit Alannys Harlaw(42) 174.
    Alannys Harlaw(-132) hit Larra Blackmont(40) 170.
    ****
    Both of them are dead. A draw.
  Duel between Qorgyles(33) -WIL- and Blacktydes(30) -WIL- has begun.
    Quentyn Qorgyle(530) hit Baelor Blacktyde(490) 183.
    Baelor Blacktyde(307) hit Quentyn Qorgyle(530) 175.
    ****
    Quentyn Qorgyle(355) took 25 damage as DOT.
    Baelor Blacktyde(307) took 25 damage as DOT.
    Quentyn Qorgyle(330) hit Baelor Blacktyde(282) 183.
    Baelor Blacktyde(99) hit Quentyn Qorgyle(330) 175.
    ****
    Quentyn Qorgyle(155) took 50 damage as DOT.
    Baelor Blacktyde(99) took 50 damage as DOT.
    Quentyn Qorgyle(105) hit Baelor Blacktyde(49) 183.
    Baelor Blacktyde(-134) hit Quentyn Qorgyle(105) 175.
    ****
    Both of them are dead. A draw.
  Duel between Daynes(33) -WIZ- and Harlaws(30) -WIL- has begun.
    Beric Dayne(555) hit Alannys Harlaw(465) 168.
    Alannys Harlaw(297) hit Beric Dayne(555) 170.
    ****
    Beric Dayne(385) took 25 damage as DOT.
    Alannys Harlaw(297) took 20 damage as DOT.
    Beric Dayne(360) hit Alannys Harlaw(277) 168.
    Alannys Harlaw(109) hit Beric Dayne(360) 170.
    ****
    Beric Dayne(190) took 50 damage as DOT.
    Alannys Harlaw(109) took 40 damage as DOT.
    Beric Dayne(140) hit Alannys Harlaw(69) 168.
    Alannys Harlaw(-99) hit Beric Dayne(140) 170.
    ****
    Both of them are dead. A draw.
  Duel between Blackmonts(24) -WIL- and Blacktydes(30) -WIL- has begun.
    Larra Blackmont(455) hit Baelor Blacktyde(490) 174.
    Baelor Blacktyde(316) hit Larra Blackmont(455) 175.
    ****
    Larra Blackmont(280) took 25 damage as DOT.
    Baelor Blacktyde(316) took 25 damage as DOT.
    Larra Blackmont(255) hit Baelor Blacktyde(291) 174.
    Baelor Blacktyde(117) hit Larra Blackmont(255) 175.
    ****
    Larra Blackmont(80) took 50 damage as DOT.
    Baelor Blacktyde(117) took 50 damage as DOT.
    Larra Blackmont(30) hit Baelor Blacktyde(67) 174.
    Baelor Blacktyde(-107) hit Larra Blackmont(30) 175.
    ****
    Both of them are dead. A draw.
  Duel between Qorgyles(33) -WIL- and Goodbrothers(33) -WHI- has begun.
    Quentyn Qorgyle(530) hit Urragon Goodbrother(665) 183.
    Urragon Goodbrother(482) hit Quentyn Qorgyle(530) 153.
    ****
    Quentyn Qorgyle(377) took 30 damage as DOT.
    Urragon Goodbrother(482) took 25 damage as DOT.
    Quentyn Qorgyle(347) hit Urragon Goodbrother(457) 183.
    Urragon Goodbrother(274) hit Quentyn Qorgyle(347) 153.
    ****
    Quentyn Qorgyle(194) took 60 damage as DOT.
    Urragon Goodbrother(274) took 50 damage as DOT.
    Quentyn Qorgyle(134) hit Urragon Goodbrother(224) 183.
    Urragon Goodbrother(41) hit Quentyn Qorgyle(134) 153.
    ****
    Urragon Goodbrother(41) has won.
  Duel between House Martell(55) -WHI- and House Greyjoy(50) -WIL- has begun.
    Oberyn Martell(655) hit Euron Greyjoy(540) 185.
    Euron Greyjoy(355) hit Oberyn Martell(655) 195.
    ****
    Oberyn Martell(460) took 25 damage as DOT.
    Euron Greyjoy(355) took 30 damage as DOT.
    Oberyn Martell(435) hit Euron Greyjoy(325) 185.
    Euron Greyjoy(140) hit Oberyn Martell(435) 195.
    ****
    Oberyn Martell(240) took 50 damage as DOT.
    Euron Greyjoy(140) took 60 damage as DOT.
    Oberyn Martell(190) hit Euron Greyjoy(80) 185.
    Euron Greyjoy(-105) hit Oberyn Martell(190) 195.
    ****
    Both of them are dead. A draw.
  Dorne got 0 house points. The Iron Islands got 2 house points.

The winner is: The Iron Islands with currently 1 kingdom points.
---------------
---------------
Duel 3: The Iron Islands vs The Riverlands
  Duel between Blacktydes(30) -WIL- and Mallisters(30) -WIZ- has begun.
    Baelor Blacktyde(490) hit Jason Mallister(508) 175.
    Jason Mallister(333) hit Baelor Blacktyde(490) 148.
    ****
    Baelor Blacktyde(342) took 20 damage as DOT.
    Jason Mallister(333) took 25 damage as DOT.
    Baelor Blacktyde(322) hit Jason Mallister(308) 175.
    Jason Mallister(133) hit Baelor Blacktyde(322) 148.
    ****
    Baelor Blacktyde(174) took 40 damage as DOT.
    Jason Mallister(133) took 50 damage as DOT.
    Baelor Blacktyde(134) hit Jason Mallister(83) 175.
    Jason Mallister(-92) hit Baelor Blacktyde(134) 148.
    ****
    Both of them are dead. A draw.
  Duel between Goodbrothers(36) -WHI- and Blackwoods(30) -WIL- has begun.
    Urragon Goodbrother(665) hit Tytos Blackwood(533) 156.
    Tytos Blackwood(377) hit Urragon Goodbrother(665) 173.
    ****
    Urragon Goodbrother(492) took 25 damage as DOT.
    Tytos Blackwood(377) took 30 damage as DOT.
    Urragon Goodbrother(467) hit Tytos Blackwood(347) 156.
    Tytos Blackwood(191) hit Urragon Goodbrother(467) 173.
    ****
    Urragon Goodbrother(294) took 50 damage as DOT.
    Tytos Blackwood(191) took 60 damage as DOT.
    Urragon Goodbrother(244) hit Tytos Blackwood(131) 156.
    Tytos Blackwood(-25) hit Urragon Goodbrother(244) 173.
    ****
    Urragon Goodbrother(71) has won.
  Duel between Harlaws(30) -WIL- and Brackens(30) -WHI- has begun.
    Alannys Harlaw(465) hit Jonos Bracken(658) 170.
    Jonos Bracken(488) hit Alannys Harlaw(465) 153.
    ****
    Alannys Harlaw(312) took 30 damage as DOT.
    Jonos Bracken(488) took 25 damage as DOT.
    Alannys Harlaw(282) hit Jonos Bracken(463) 170.
    Jonos Bracken(293) hit Alannys Harlaw(282) 153.
    ****
    Alannys Harlaw(129) took 60 damage as DOT.
    Jonos Bracken(293) took 50 damage as DOT.
    Alannys Harlaw(69) hit Jonos Bracken(243) 170.
    Jonos Bracken(73) hit Alannys Harlaw(69) 153.
    ****
    Jonos Bracken(73) has won.
  Duel between Blacktydes(30) -WIL- and Blackwoods(27) -WIL- has begun.
    Baelor Blacktyde(490) hit Tytos Blackwood(533) 175.
    Tytos Blackwood(358) hit Baelor Blacktyde(490) 170.
    ****
    Baelor Blacktyde(320) took 25 damage as DOT.
    Tytos Blackwood(358) took 25 damage as DOT.
    Baelor Blacktyde(295) hit Tytos Blackwood(333) 175.
    Tytos Blackwood(158) hit Baelor Blacktyde(295) 170.
    ****
    Baelor Blacktyde(125) took 50 damage as DOT.
    Tytos Blackwood(158) took 50 damage as DOT.
    Baelor Blacktyde(75) hit Tytos Blackwood(108) 175.
    Tytos Blackwood(-67) hit Baelor Blacktyde(75) 170.
    ****
    Both of them are dead. A draw.
  Duel between Goodbrothers(39) -WHI- and Brackens(33) -WHI- has begun.
    Urragon Goodbrother(665) hit Jonos Bracken(658) 159.
    Jonos Bracken(499) hit Urragon Goodbrother(665) 156.
    ****
    Urragon Goodbrother(509) took 30 damage as DOT.
    Jonos Bracken(499) took 30 damage as DOT.
    Urragon Goodbrother(479) hit Jonos Bracken(469) 159.
    Jonos Bracken(310) hit Urragon Goodbrother(479) 156.
    ****
    Urragon Goodbrother(323) took 60 damage as DOT.
    Jonos Bracken(310) took 60 damage as DOT.
    Urragon Goodbrother(263) hit Jonos Bracken(250) 159.
    Jonos Bracken(91) hit Urragon Goodbrother(263) 156.
    ****
    Urragon Goodbrother(107) took 90 damage as DOT.
    Jonos Bracken(91) took 90 damage as DOT.
    Urragon Goodbrother(17) hit Jonos Bracken(1) 159.
    Jonos Bracken(-158) hit Urragon Goodbrother(17) 156.
    ****
    Both of them are dead. A draw.
  Duel between Harlaws(27) -WIL- and Mallisters(30) -WIZ- has begun.
    Alannys Harlaw(465) hit Jason Mallister(508) 167.
    Jason Mallister(341) hit Alannys Harlaw(465) 148.
    ****
    Alannys Harlaw(317) took 20 damage as DOT.
    Jason Mallister(341) took 25 damage as DOT.
    Alannys Harlaw(297) hit Jason Mallister(316) 167.
    Jason Mallister(149) hit Alannys Harlaw(297) 148.
    ****
    Alannys Harlaw(149) took 40 damage as DOT.
    Jason Mallister(149) took 50 damage as DOT.
    Alannys Harlaw(109) hit Jason Mallister(99) 167.
    Jason Mallister(-68) hit Alannys Harlaw(109) 148.
    ****
    Both of them are dead. A draw.
  Duel between Blacktydes(30) -WIL- and Brackens(33) -WHI- has begun.
    Baelor Blacktyde(490) hit Jonos Bracken(658) 175.
    Jonos Bracken(483) hit Baelor Blacktyde(490) 156.
    ****
    Baelor Blacktyde(334) took 30 damage as DOT.
    Jonos Bracken(483) took 25 damage as DOT.
    Baelor Blacktyde(304) hit Jonos Bracken(458) 175.
    Jonos Bracken(283) hit Baelor Blacktyde(304) 156.
    ****
    Baelor Blacktyde(148) took 60 damage as DOT.
    Jonos Bracken(283) took 50 damage as DOT.
    Baelor Blacktyde(88) hit Jonos Bracken(233) 175.
    Jonos Bracken(58) hit Baelor Blacktyde(88) 156.
    ****
    Jonos Bracken(58) has won.
  Duel between Goodbrothers(39) -WHI- and Mallisters(30) -WIZ- has begun.
    Urragon Goodbrother(665) hit Jason Mallister(508) 159.
    Jason Mallister(349) hit Urragon Goodbrother(665) 148.
    ****
    Urragon Goodbrother(517) took 20 damage as DOT.
    Jason Mallister(349) took 30 damage as DOT.
    Urragon Goodbrother(497) hit Jason Mallister(319) 159.
    Jason Mallister(160) hit Urragon Goodbrother(497) 148.
    ****
    Urragon Goodbrother(349) took 40 damage as DOT.
    Jason Mallister(160) took 60 damage as DOT.
    Urragon Goodbrother(309) hit Jason Mallister(100) 159.
    Jason Mallister(-59) hit Urragon Goodbrother(309) 148.
    ****
    Urragon Goodbrother(161) has won.
  Duel between Harlaws(27) -WIL- and Blackwoods(27) -WIL- has begun.
    Alannys Harlaw(465) hit Tytos Blackwood(533) 167.
    Tytos Blackwood(366) hit Alannys Harlaw(465) 170.
    ****
    Alannys Harlaw(295) took 25 damage as DOT.
    Tytos Blackwood(366) took 25 damage as DOT.
    Alannys Harlaw(270) hit Tytos Blackwood(341) 167.
    Tytos Blackwood(174) hit Alannys Harlaw(270) 170.
    ****
    Alannys Harlaw(100) took 50 damage as DOT.
    Tytos Blackwood(174) took 50 damage as DOT.
    Alannys Harlaw(50) hit Tytos Blackwood(124) 167.
    Tytos Blackwood(-43) hit Alannys Harlaw(50) 170.
    ****
    Both of them are dead. A draw.
  Duel between House Greyjoy(50) -WIL- and House Bolton(50) -WIL- has begun.
    Euron Greyjoy(540) hit Stevron Frey(533) 195.
    Stevron Frey(338) hit Euron Greyjoy(540) 193.
    ****
    Euron Greyjoy(347) took 25 damage as DOT.
    Stevron Frey(338) took 25 damage as DOT.
    Euron Greyjoy(322) hit Stevron Frey(313) 195.
    Stevron Frey(118) hit Euron Greyjoy(322) 193.
    ****
    Euron Greyjoy(129) took 50 damage as DOT.
    Stevron Frey(118) took 50 damage as DOT.
    Euron Greyjoy(79) hit Stevron Frey(68) 195.
    Stevron Frey(-127) hit Euron Greyjoy(79) 193.
    ****
    Both of them are dead. A draw.
  The Iron Islands got 2 house points. The Riverlands got 2 house points.

A draw.
---------------
---------------
Duel 4: The Reach vs The Iron Islands
  Duel between Bulwers(27) -WIL- and Blacktydes(27) -WIL- has begun.
    Jack Bulwer(560) hit Baelor Blacktyde(490) 147.
    Baelor Blacktyde(343) hit Jack Bulwer(560) 172.
    ****
    Jack Bulwer(388) took 25 damage as DOT.
    Baelor Blacktyde(343) took 25 damage as DOT.
    Jack Bulwer(363) hit Baelor Blacktyde(318) 147.
    Baelor Blacktyde(171) hit Jack Bulwer(363) 172.
    ****
    Jack Bulwer(191) took 50 damage as DOT.
    Baelor Blacktyde(171) took 50 damage as DOT.
    Jack Bulwer(141) hit Baelor Blacktyde(121) 147.
    Baelor Blacktyde(-26) hit Jack Bulwer(141) 172.
    ****
    Both of them are dead. A draw.
  Duel between Leygoods(27) -WIL- and Goodbrothers(42) -WHI- has begun.
    Lord Leygood(485) hit Urragon Goodbrother(665) 152.
    Urragon Goodbrother(513) hit Lord Leygood(485) 162.
    ****
    Lord Leygood(323) took 30 damage as DOT.
    Urragon Goodbrother(513) took 25 damage as DOT.
    Lord Leygood(293) hit Urragon Goodbrother(488) 152.
    Urragon Goodbrother(336) hit Lord Leygood(293) 162.
    ****
    Lord Leygood(131) took 60 damage as DOT.
    Urragon Goodbrother(336) took 50 damage as DOT.
    Lord Leygood(71) hit Urragon Goodbrother(286) 152.
    Urragon Goodbrother(134) hit Lord Leygood(71) 162.
    ****
    Urragon Goodbrother(134) has won.
  Duel between Fossoways(33) -WHI- and Harlaws(27) -WIL- has begun.
    Lord Fossoway(710) hit Alannys Harlaw(465) 133.
    Alannys Harlaw(332) hit Lord Fossoway(710) 167.
    ****
    Lord Fossoway(543) took 25 damage as DOT.
    Alannys Harlaw(332) took 30 damage as DOT.
    Lord Fossoway(518) hit Alannys Harlaw(302) 133.
    Alannys Harlaw(169) hit Lord Fossoway(518) 167.
    ****
    Lord Fossoway(351) took 50 damage as DOT.
    Alannys Harlaw(169) took 60 damage as DOT.
    Lord Fossoway(301) hit Alannys Harlaw(109) 133.
    Alannys Harlaw(-24) hit Lord Fossoway(301) 167.
    ****
    Lord Fossoway(134) has won.
  Duel between Bulwers(27) -WIL- and Goodbrothers(45) -WHI- has begun.
    Jack Bulwer(560) hit Urragon Goodbrother(665) 147.
    Urragon Goodbrother(518) hit Jack Bulwer(560) 165.
    ****
    Jack Bulwer(395) took 30 damage as DOT.
    Urragon Goodbrother(518) took 25 damage as DOT.
    Jack Bulwer(365) hit Urragon Goodbrother(493) 147.
    Urragon Goodbrother(346) hit Jack Bulwer(365) 165.
    ****
    Jack Bulwer(200) took 60 damage as DOT.
    Urragon Goodbrother(346) took 50 damage as DOT.
    Jack Bulwer(140) hit Urragon Goodbrother(296) 147.
    Urragon Goodbrother(149) hit Jack Bulwer(140) 165.
    ****
    Urragon Goodbrother(149) has won.
  Duel between Leygoods(24) -WIL- and Harlaws(24) -WIL- has begun.
    Lord Leygood(485) hit Alannys Harlaw(465) 149.
    Alannys Harlaw(316) hit Lord Leygood(485) 164.
    ****
    Lord Leygood(321) took 25 damage as DOT.
    Alannys Harlaw(316) took 25 damage as DOT.
    Lord Leygood(296) hit Alannys Harlaw(291) 149.
    Alannys Harlaw(142) hit Lord Leygood(296) 164.
    ****
    Lord Leygood(132) took 50 damage as DOT.
    Alannys Harlaw(142) took 50 damage as DOT.
    Lord Leygood(82) hit Alannys Harlaw(92) 149.
    Alannys Harlaw(-57) hit Lord Leygood(82) 164.
    ****
    Both of them are dead. A draw.
  Duel between Fossoways(36) -WHI- and Blacktydes(27) -WIL- has begun.
    Lord Fossoway(710) hit Baelor Blacktyde(490) 136.
    Baelor Blacktyde(354) hit Lord Fossoway(710) 172.
    ****
    Lord Fossoway(538) took 25 damage as DOT.
    Baelor Blacktyde(354) took 30 damage as DOT.
    Lord Fossoway(513) hit Baelor Blacktyde(324) 136.
    Baelor Blacktyde(188) hit Lord Fossoway(513) 172.
    ****
    Lord Fossoway(341) took 50 damage as DOT.
    Baelor Blacktyde(188) took 60 damage as DOT.
    Lord Fossoway(291) hit Baelor Blacktyde(128) 136.
    Baelor Blacktyde(-8) hit Lord Fossoway(291) 172.
    ****
    Lord Fossoway(119) has won.
  Duel between Bulwers(24) -WIL- and Harlaws(24) -WIL- has begun.
    Jack Bulwer(560) hit Alannys Harlaw(465) 144.
    Alannys Harlaw(321) hit Jack Bulwer(560) 164.
    ****
    Jack Bulwer(396) took 25 damage as DOT.
    Alannys Harlaw(321) took 25 damage as DOT.
    Jack Bulwer(371) hit Alannys Harlaw(296) 144.
    Alannys Harlaw(152) hit Jack Bulwer(371) 164.
    ****
    Jack Bulwer(207) took 50 damage as DOT.
    Alannys Harlaw(152) took 50 damage as DOT.
    Jack Bulwer(157) hit Alannys Harlaw(102) 144.
    Alannys Harlaw(-42) hit Jack Bulwer(157) 164.
    ****
    Both of them are dead. A draw.
  Duel between Leygoods(24) -WIL- and Blacktydes(24) -WIL- has begun.
    Lord Leygood(485) hit Baelor Blacktyde(490) 149.
    Baelor Blacktyde(341) hit Lord Leygood(485) 169.
    ****
    Lord Leygood(316) took 25 damage as DOT.
    Baelor Blacktyde(341) took 25 damage as DOT.
    Lord Leygood(291) hit Baelor Blacktyde(316) 149.
    Baelor Blacktyde(167) hit Lord Leygood(291) 169.
    ****
    Lord Leygood(122) took 50 damage as DOT.
    Baelor Blacktyde(167) took 50 damage as DOT.
    Lord Leygood(72) hit Baelor Blacktyde(117) 149.
    Baelor Blacktyde(-32) hit Lord Leygood(72) 169.
    ****
    Both of them are dead. A draw.
  Duel between Fossoways(39) -WHI- and Goodbrothers(48) -WHI- has begun.
    Lord Fossoway(710) hit Urragon Goodbrother(665) 139.
    Urragon Goodbrother(526) hit Lord Fossoway(710) 168.
    ****
    Lord Fossoway(542) took 30 damage as DOT.
    Urragon Goodbrother(526) took 30 damage as DOT.
    Lord Fossoway(512) hit Urragon Goodbrother(496) 139.
    Urragon Goodbrother(357) hit Lord Fossoway(512) 168.
    ****
    Lord Fossoway(344) took 60 damage as DOT.
    Urragon Goodbrother(357) took 60 damage as DOT.
    Lord Fossoway(284) hit Urragon Goodbrother(297) 139.
    Urragon Goodbrother(158) hit Lord Fossoway(284) 168.
    ****
    Lord Fossoway(116) took 90 damage as DOT.
    Urragon Goodbrother(158) took 90 damage as DOT.
    Lord Fossoway(26) hit Urragon Goodbrother(68) 139.
    Urragon Goodbrother(-71) hit Lord Fossoway(26) 168.
    ****
    Both of them are dead. A draw.
  Duel between House Lannister(45) -WIL- and House Greyjoy(50) -WIL- has begun.
    Loras Tyrell(535) hit Euron Greyjoy(540) 165.
    Euron Greyjoy(375) hit Loras Tyrell(535) 195.
    ****
    Loras Tyrell(340) took 25 damage as DOT.
    Euron Greyjoy(375) took 25 damage as DOT.
    Loras Tyrell(315) hit Euron Greyjoy(350) 165.
    Euron Greyjoy(185) hit Loras Tyrell(315) 195.
    ****
    Loras Tyrell(120) took 50 damage as DOT.
    Euron Greyjoy(185) took 50 damage as DOT.
    Loras Tyrell(70) hit Euron Greyjoy(135) 165.
    Euron Greyjoy(-30) hit Loras Tyrell(70) 195.
    ****
    Both of them are dead. A draw.
  The Reach got 2 house points. The Iron Islands got 2 house points.

A draw.
---------------
---------------
Duel 5: Dorne vs The Riverlands
  Duel between Daynes(33) -WIZ- and Mallisters(27) -WIZ- has begun.
    Beric Dayne(555) hit Jason Mallister(508) 168.
    Jason Mallister(340) hit Beric Dayne(555) 145.
    ****
    Beric Dayne(410) took 20 damage as DOT.
    Jason Mallister(340) took 20 damage as DOT.
    Beric Dayne(390) hit Jason Mallister(320) 168.
    Jason Mallister(152) hit Beric Dayne(390) 145.
    ****
    Beric Dayne(245) took 40 damage as DOT.
    Jason Mallister(152) took 40 damage as DOT.
    Beric Dayne(205) hit Jason Mallister(112) 168.
    Jason Mallister(-56) hit Beric Dayne(205) 145.
    ****
    Beric Dayne(60) has won.
  Duel between Blackmonts(24) -WIL- and Blackwoods(27) -WIL- has begun.
    Larra Blackmont(455) hit Tytos Blackwood(533) 174.
    Tytos Blackwood(359) hit Larra Blackmont(455) 170.
    ****
    Larra Blackmont(285) took 25 damage as DOT.
    Tytos Blackwood(359) took 25 damage as DOT.
    Larra Blackmont(260) hit Tytos Blackwood(334) 174.
    Tytos Blackwood(160) hit Larra Blackmont(260) 170.
    ****
    Larra Blackmont(90) took 50 damage as DOT.
    Tytos Blackwood(160) took 50 damage as DOT.
    Larra Blackmont(40) hit Tytos Blackwood(110) 174.
    Tytos Blackwood(-64) hit Larra Blackmont(40) 170.
    ****
    Both of them are dead. A draw.
  Duel between Qorgyles(30) -WIL- and Brackens(36) -WHI- has begun.
    Quentyn Qorgyle(530) hit Jonos Bracken(658) 180.
    Jonos Bracken(478) hit Quentyn Qorgyle(530) 159.
    ****
    Quentyn Qorgyle(371) took 30 damage as DOT.
    Jonos Bracken(478) took 25 damage as DOT.
    Quentyn Qorgyle(341) hit Jonos Bracken(453) 180.
    Jonos Bracken(273) hit Quentyn Qorgyle(341) 159.
    ****
    Quentyn Qorgyle(182) took 60 damage as DOT.
    Jonos Bracken(273) took 50 damage as DOT.
    Quentyn Qorgyle(122) hit Jonos Bracken(223) 180.
    Jonos Bracken(43) hit Quentyn Qorgyle(122) 159.
    ****
    Jonos Bracken(43) has won.
  Duel between Daynes(36) -WIZ- and Blackwoods(27) -WIL- has begun.
    Beric Dayne(555) hit Tytos Blackwood(533) 171.
    Tytos Blackwood(362) hit Beric Dayne(555) 170.
    ****
    Beric Dayne(385) took 25 damage as DOT.
    Tytos Blackwood(362) took 20 damage as DOT.
    Beric Dayne(360) hit Tytos Blackwood(342) 171.
    Tytos Blackwood(171) hit Beric Dayne(360) 170.
    ****
    Beric Dayne(190) took 50 damage as DOT.
    Tytos Blackwood(171) took 40 damage as DOT.
    Beric Dayne(140) hit Tytos Blackwood(131) 171.
    Tytos Blackwood(-40) hit Beric Dayne(140) 170.
    ****
    Both of them are dead. A draw.
  Duel between Blackmonts(24) -WIL- and Brackens(39) -WHI- has begun.
    Larra Blackmont(455) hit Jonos Bracken(658) 174.
    Jonos Bracken(484) hit Larra Blackmont(455) 162.
    ****
    Larra Blackmont(293) took 30 damage as DOT.
    Jonos Bracken(484) took 25 damage as DOT.
    Larra Blackmont(263) hit Jonos Bracken(459) 174.
    Jonos Bracken(285) hit Larra Blackmont(263) 162.
    ****
    Larra Blackmont(101) took 60 damage as DOT.
    Jonos Bracken(285) took 50 damage as DOT.
    Larra Blackmont(41) hit Jonos Bracken(235) 174.
    Jonos Bracken(61) hit Larra Blackmont(41) 162.
    ****
    Jonos Bracken(61) has won.
  Duel between Qorgyles(27) -WIL- and Mallisters(24) -WIZ- has begun.
    Quentyn Qorgyle(530) hit Jason Mallister(508) 177.
    Jason Mallister(331) hit Quentyn Qorgyle(530) 142.
    ****
    Quentyn Qorgyle(388) took 20 damage as DOT.
    Jason Mallister(331) took 25 damage as DOT.
    Quentyn Qorgyle(368) hit Jason Mallister(306) 177.
    Jason Mallister(129) hit Quentyn Qorgyle(368) 142.
    ****
    Quentyn Qorgyle(226) took 40 damage as DOT.
    Jason Mallister(129) took 50 damage as DOT.
    Quentyn Qorgyle(186) hit Jason Mallister(79) 177.
    Jason Mallister(-98) hit Quentyn Qorgyle(186) 142.
    ****
    Quentyn Qorgyle(44) has won.
  Duel between Daynes(36) -WIZ- and Brackens(42) -WHI- has begun.
    Beric Dayne(555) hit Jonos Bracken(658) 171.
    Jonos Bracken(487) hit Beric Dayne(555) 165.
    ****
    Beric Dayne(390) took 30 damage as DOT.
    Jonos Bracken(487) took 20 damage as DOT.
    Beric Dayne(360) hit Jonos Bracken(467) 171.
    Jonos Bracken(296) hit Beric Dayne(360) 165.
    ****
    Beric Dayne(195) took 60 damage as DOT.
    Jonos Bracken(296) took 40 damage as DOT.
    Beric Dayne(135) hit Jonos Bracken(256) 171.
    Jonos Bracken(85) hit Beric Dayne(135) 165.
    ****
    Jonos Bracken(85) has won.
  Duel between Blackmonts(21) -WIL- and Mallisters(21) -WIZ- has begun.
    Larra Blackmont(455) hit Jason Mallister(508) 171.
    Jason Mallister(337) hit Larra Blackmont(455) 139.
    ****
    Larra Blackmont(316) took 20 damage as DOT.
    Jason Mallister(337) took 25 damage as DOT.
    Larra Blackmont(296) hit Jason Mallister(312) 171.
    Jason Mallister(141) hit Larra Blackmont(296) 139.
    ****
    Larra Blackmont(157) took 40 damage as DOT.
    Jason Mallister(141) took 50 damage as DOT.
    Larra Blackmont(117) hit Jason Mallister(91) 171.
    Jason Mallister(-80) hit Larra Blackmont(117) 139.
    ****
    Both of them are dead. A draw.
  Duel between Qorgyles(30) -WIL- and Blackwoods(27) -WIL- has begun.
    Quentyn Qorgyle(530) hit Tytos Blackwood(533) 180.
    Tytos Blackwood(353) hit Quentyn Qorgyle(530) 170.
    ****
    Quentyn Qorgyle(360) took 25 damage as DOT.
    Tytos Blackwood(353) took 25 damage as DOT.
    Quentyn Qorgyle(335) hit Tytos Blackwood(328) 180.
    Tytos Blackwood(148) hit Quentyn Qorgyle(335) 170.
    ****
    Quentyn Qorgyle(165) took 50 damage as DOT.
    Tytos Blackwood(148) took 50 damage as DOT.
    Quentyn Qorgyle(115) hit Tytos Blackwood(98) 180.
    Tytos Blackwood(-82) hit Quentyn Qorgyle(115) 170.
    ****
    Both of them are dead. A draw.
  Duel between House Martell(55) -WHI- and House Bolton(50) -WIL- has begun.
    Oberyn Martell(655) hit Stevron Frey(533) 185.
    Stevron Frey(348) hit Oberyn Martell(655) 193.
    ****
    Oberyn Martell(462) took 25 damage as DOT.
    Stevron Frey(348) took 30 damage as DOT.
    Oberyn Martell(437) hit Stevron Frey(318) 185.
    Stevron Frey(133) hit Oberyn Martell(437) 193.
    ****
    Oberyn Martell(244) took 50 damage as DOT.
    Stevron Frey(133) took 60 damage as DOT.
    Oberyn Martell(194) hit Stevron Frey(73) 185.
    Stevron Frey(-112) hit Oberyn Martell(194) 193.
    ****
    Oberyn Martell(1) has won.
  Dorne got 5 house points. The Riverlands got 3 house points.

The winner is: Dorne with currently 2 kingdom points.
---------------
---------------
Duel 6: The Reach vs The Riverlands
  Duel between Bulwers(24) -WIL- and Mallisters(21) -WIZ- has begun.
    Jack Bulwer(560) hit Jason Mallister(508) 144.
    Jason Mallister(364) hit Jack Bulwer(560) 139.
    ****
    Jack Bulwer(421) took 20 damage as DOT.
    Jason Mallister(364) took 25 damage as DOT.
    Jack Bulwer(401) hit Jason Mallister(339) 144.
    Jason Mallister(195) hit Jack Bulwer(401) 139.
    ****
    Jack Bulwer(262) took 40 damage as DOT.
    Jason Mallister(195) took 50 damage as DOT.
    Jack Bulwer(222) hit Jason Mallister(145) 144.
    Jason Mallister(1) hit Jack Bulwer(222) 139.
    ****
    Jack Bulwer(83) took 60 damage as DOT.
    Jason Mallister(1) took 75 damage as DOT.
    Jack Bulwer(23) hit Jason Mallister(-74) 144.
    Jason Mallister(-218) hit Jack Bulwer(23) 139.
    ****
    Both of them are dead. A draw.
  Duel between Leygoods(24) -WIL- and Blackwoods(27) -WIL- has begun.
    Lord Leygood(485) hit Tytos Blackwood(533) 149.
    Tytos Blackwood(384) hit Lord Leygood(485) 170.
    ****
    Lord Leygood(315) took 25 damage as DOT.
    Tytos Blackwood(384) took 25 damage as DOT.
    Lord Leygood(290) hit Tytos Blackwood(359) 149.
    Tytos Blackwood(210) hit Lord Leygood(290) 170.
    ****
    Lord Leygood(120) took 50 damage as DOT.
    Tytos Blackwood(210) took 50 damage as DOT.
    Lord Leygood(70) hit Tytos Blackwood(160) 149.
    Tytos Blackwood(11) hit Lord Leygood(70) 170.
    ****
    Tytos Blackwood(11) has won.
  Duel between Fossoways(39) -WHI- and Brackens(45) -WHI- has begun.
    Lord Fossoway(710) hit Jonos Bracken(658) 139.
    Jonos Bracken(519) hit Lord Fossoway(710) 168.
    ****
    Lord Fossoway(542) took 30 damage as DOT.
    Jonos Bracken(519) took 30 damage as DOT.
    Lord Fossoway(512) hit Jonos Bracken(489) 139.
    Jonos Bracken(350) hit Lord Fossoway(512) 168.
    ****
    Lord Fossoway(344) took 60 damage as DOT.
    Jonos Bracken(350) took 60 damage as DOT.
    Lord Fossoway(284) hit Jonos Bracken(290) 139.
    Jonos Bracken(151) hit Lord Fossoway(284) 168.
    ****
    Lord Fossoway(116) took 90 damage as DOT.
    Jonos Bracken(151) took 90 damage as DOT.
    Lord Fossoway(26) hit Jonos Bracken(61) 139.
    Jonos Bracken(-78) hit Lord Fossoway(26) 168.
    ****
    Both of them are dead. A draw.
  Duel between Bulwers(24) -WIL- and Blackwoods(30) -WIL- has begun.
    Jack Bulwer(560) hit Tytos Blackwood(533) 144.
    Tytos Blackwood(389) hit Jack Bulwer(560) 173.
    ****
    Jack Bulwer(387) took 25 damage as DOT.
    Tytos Blackwood(389) took 25 damage as DOT.
    Jack Bulwer(362) hit Tytos Blackwood(364) 144.
    Tytos Blackwood(220) hit Jack Bulwer(362) 173.
    ****
    Jack Bulwer(189) took 50 damage as DOT.
    Tytos Blackwood(220) took 50 damage as DOT.
    Jack Bulwer(139) hit Tytos Blackwood(170) 144.
    Tytos Blackwood(26) hit Jack Bulwer(139) 173.
    ****
    Tytos Blackwood(26) has won.
  Duel between Leygoods(21) -WIL- and Brackens(45) -WHI- has begun.
    Lord Leygood(485) hit Jonos Bracken(658) 146.
    Jonos Bracken(512) hit Lord Leygood(485) 168.
    ****
    Lord Leygood(317) took 30 damage as DOT.
    Jonos Bracken(512) took 25 damage as DOT.
    Lord Leygood(287) hit Jonos Bracken(487) 146.
    Jonos Bracken(341) hit Lord Leygood(287) 168.
    ****
    Lord Leygood(119) took 60 damage as DOT.
    Jonos Bracken(341) took 50 damage as DOT.
    Lord Leygood(59) hit Jonos Bracken(291) 146.
    Jonos Bracken(145) hit Lord Leygood(59) 168.
    ****
    Jonos Bracken(145) has won.
  Duel between Fossoways(39) -WHI- and Mallisters(21) -WIZ- has begun.
    Lord Fossoway(710) hit Jason Mallister(508) 139.
    Jason Mallister(369) hit Lord Fossoway(710) 139.
    ****
    Lord Fossoway(571) took 20 damage as DOT.
    Jason Mallister(369) took 30 damage as DOT.
    Lord Fossoway(551) hit Jason Mallister(339) 139.
    Jason Mallister(200) hit Lord Fossoway(551) 139.
    ****
    Lord Fossoway(412) took 40 damage as DOT.
    Jason Mallister(200) took 60 damage as DOT.
    Lord Fossoway(372) hit Jason Mallister(140) 139.
    Jason Mallister(1) hit Lord Fossoway(372) 139.
    ****
    Lord Fossoway(233) took 60 damage as DOT.
    Jason Mallister(1) took 90 damage as DOT.
    Lord Fossoway(173) hit Jason Mallister(-89) 139.
    Jason Mallister(-228) hit Lord Fossoway(173) 139.
    ****
    Lord Fossoway(34) has won.
  Duel between Bulwers(21) -WIL- and Brackens(48) -WHI- has begun.
    Jack Bulwer(560) hit Jonos Bracken(658) 141.
    Jonos Bracken(517) hit Jack Bulwer(560) 171.
    ****
    Jack Bulwer(389) took 30 damage as DOT.
    Jonos Bracken(517) took 25 damage as DOT.
    Jack Bulwer(359) hit Jonos Bracken(492) 141.
    Jonos Bracken(351) hit Jack Bulwer(359) 171.
    ****
    Jack Bulwer(188) took 60 damage as DOT.
    Jonos Bracken(351) took 50 damage as DOT.
    Jack Bulwer(128) hit Jonos Bracken(301) 141.
    Jonos Bracken(160) hit Jack Bulwer(128) 171.
    ****
    Jonos Bracken(160) has won.
  Duel between Leygoods(18) -WIL- and Mallisters(18) -WIZ- has begun.
    Lord Leygood(485) hit Jason Mallister(508) 143.
    Jason Mallister(365) hit Lord Leygood(485) 136.
    ****
    Lord Leygood(349) took 20 damage as DOT.
    Jason Mallister(365) took 25 damage as DOT.
    Lord Leygood(329) hit Jason Mallister(340) 143.
    Jason Mallister(197) hit Lord Leygood(329) 136.
    ****
    Lord Leygood(193) took 40 damage as DOT.
    Jason Mallister(197) took 50 damage as DOT.
    Lord Leygood(153) hit Jason Mallister(147) 143.
    Jason Mallister(4) hit Lord Leygood(153) 136.
    ****
    Lord Leygood(17) took 60 damage as DOT.
    Jason Mallister(4) took 75 damage as DOT.
    Lord Leygood(-43) hit Jason Mallister(-71) 143.
    Jason Mallister(-214) hit Lord Leygood(-43) 136.
    ****
    Both of them are dead. A draw.
  Duel between Fossoways(42) -WHI- and Blackwoods(33) -WIL- has begun.
    Lord Fossoway(710) hit Tytos Blackwood(533) 142.
    Tytos Blackwood(391) hit Lord Fossoway(710) 176.
    ****
    Lord Fossoway(534) took 25 damage as DOT.
    Tytos Blackwood(391) took 30 damage as DOT.
    Lord Fossoway(509) hit Tytos Blackwood(361) 142.
    Tytos Blackwood(219) hit Lord Fossoway(509) 176.
    ****
    Lord Fossoway(333) took 50 damage as DOT.
    Tytos Blackwood(219) took 60 damage as DOT.
    Lord Fossoway(283) hit Tytos Blackwood(159) 142.
    Tytos Blackwood(17) hit Lord Fossoway(283) 176.
    ****
    Lord Fossoway(107) took 75 damage as DOT.
    Tytos Blackwood(17) took 90 damage as DOT.
    Lord Fossoway(32) hit Tytos Blackwood(-73) 142.
    Tytos Blackwood(-215) hit Lord Fossoway(32) 176.
    ****
    Both of them are dead. A draw.
  Duel between House Lannister(45) -WIL- and House Bolton(45) -WIL- has begun.
    Loras Tyrell(535) hit Stevron Frey(533) 165.
    Stevron Frey(368) hit Loras Tyrell(535) 188.
    ****
    Loras Tyrell(347) took 25 damage as DOT.
    Stevron Frey(368) took 25 damage as DOT.
    Loras Tyrell(322) hit Stevron Frey(343) 165.
    Stevron Frey(178) hit Loras Tyrell(322) 188.
    ****
    Loras Tyrell(134) took 50 damage as DOT.
    Stevron Frey(178) took 50 damage as DOT.
    Loras Tyrell(84) hit Stevron Frey(128) 165.
    Stevron Frey(-37) hit Loras Tyrell(84) 188.
    ****
    Both of them are dead. A draw.
  The Reach got 1 house points. The Riverlands got 4 house points.

The winner is: The Riverlands with currently 2 kingdom points.
---------------
The War is over. The new owner of King's Landing is The Iron Islands with a total of 3 points.

