War has started with 2 kingdoms.
---------------
Duel 1: The Westernlands vs The Crownlands
  Duel between Leffords(30) -WIL- and Blounts(30) -WIZ- has begun.
    Leo Lefford(480) hit Boros Blount(540) 230.
    Boros Blount(310) hit Leo Lefford(480) 150.
    ****
    Leo Lefford(330) took 20 damage as DOT.
    Boros Blount(310) took 25 damage as DOT.
    Leo Lefford(310) hit Boros Blount(285) 230.
    Boros Blount(55) hit Leo Lefford(310) 150.
    ****
    Leo Lefford(160) took 40 damage as DOT.
    Boros Blount(55) took 50 damage as DOT.
    Leo Lefford(120) hit Boros Blount(5) 230.
    Boros Blount(-225) hit Leo Lefford(120) 150.
    ****
    Both of them are dead. A draw.
  Duel between Serretts(30) -WIL- and Gaunts(30) -WHI- has begun.
    Lord Serrett(405) hit Gwayne Gaunt(690) 235.
    Gwayne Gaunt(455) hit Lord Serrett(405) 150.
    ****
    Lord Serrett(255) took 30 damage as DOT.
    Gwayne Gaunt(455) took 25 damage as DOT.
    Lord Serrett(225) hit Gwayne Gaunt(430) 235.
    Gwayne Gaunt(195) hit Lord Serrett(225) 150.
    ****
    Lord Serrett(75) took 60 damage as DOT.
    Gwayne Gaunt(195) took 50 damage as DOT.
    Lord Serrett(15) hit Gwayne Gaunt(145) 235.
    Gwayne Gaunt(-90) hit Lord Serrett(15) 150.
    ****
    Both of them are dead. A draw.
  Duel between Marbrands(30) -WIL- and Rykkers(30) -WHI- has begun.
    Damon Marbrand(430) hit Jaremy Rykker(640) 235.
    Jaremy Rykker(405) hit Damon Marbrand(430) 150.
    ****
    Damon Marbrand(280) took 30 damage as DOT.
    Jaremy Rykker(405) took 25 damage as DOT.
    Damon Marbrand(250) hit Jaremy Rykker(380) 235.
    Jaremy Rykker(145) hit Damon Marbrand(250) 150.
    ****
    Damon Marbrand(100) took 60 damage as DOT.
    Jaremy Rykker(145) took 50 damage as DOT.
    Damon Marbrand(40) hit Jaremy Rykker(95) 235.
    Jaremy Rykker(-140) hit Damon Marbrand(40) 150.
    ****
    Both of them are dead. A draw.
  Duel between Leffords(30) -WIL- and Gaunts(30) -WHI- has begun.
    Leo Lefford(480) hit Gwayne Gaunt(690) 230.
    Gwayne Gaunt(460) hit Leo Lefford(480) 150.
    ****
    Leo Lefford(330) took 30 damage as DOT.
    Gwayne Gaunt(460) took 25 damage as DOT.
    Leo Lefford(300) hit Gwayne Gaunt(435) 230.
    Gwayne Gaunt(205) hit Leo Lefford(300) 150.
    ****
    Leo Lefford(150) took 60 damage as DOT.
    Gwayne Gaunt(205) took 50 damage as DOT.
    Leo Lefford(90) hit Gwayne Gaunt(155) 230.
    Gwayne Gaunt(-75) hit Leo Lefford(90) 150.
    ****
    Both of them are dead. A draw.
  Duel between Serretts(30) -WIL- and Rykkers(30) -WHI- has begun.
    Lord Serrett(405) hit Jaremy Rykker(640) 235.
    Jaremy Rykker(405) hit Lord Serrett(405) 150.
    ****
    Lord Serrett(255) took 30 damage as DOT.
    Jaremy Rykker(405) took 25 damage as DOT.
    Lord Serrett(225) hit Jaremy Rykker(380) 235.
    Jaremy Rykker(145) hit Lord Serrett(225) 150.
    ****
    Lord Serrett(75) took 60 damage as DOT.
    Jaremy Rykker(145) took 50 damage as DOT.
    Lord Serrett(15) hit Jaremy Rykker(95) 235.
    Jaremy Rykker(-140) hit Lord Serrett(15) 150.
    ****
    Both of them are dead. A draw.
  Duel between Marbrands(30) -WIL- and Blounts(30) -WIZ- has begun.
    Damon Marbrand(430) hit Boros Blount(540) 235.
    Boros Blount(305) hit Damon Marbrand(430) 150.
    ****
    Damon Marbrand(280) took 20 damage as DOT.
    Boros Blount(305) took 25 damage as DOT.
    Damon Marbrand(260) hit Boros Blount(280) 235.
    Boros Blount(45) hit Damon Marbrand(260) 150.
    ****
    Damon Marbrand(110) took 40 damage as DOT.
    Boros Blount(45) took 50 damage as DOT.
    Damon Marbrand(70) hit Boros Blount(-5) 235.
    Boros Blount(-240) hit Damon Marbrand(70) 150.
    ****
    Both of them are dead. A draw.
  Duel between Leffords(30) -WIL- and Rykkers(30) -WHI- has begun.
    Leo Lefford(480) hit Jaremy Rykker(640) 230.
    Jaremy Rykker(410) hit Leo Lefford(480) 150.
    ****
    Leo Lefford(330) took 30 damage as DOT.
    Jaremy Rykker(410) took 25 damage as DOT.
    Leo Lefford(300) hit Jaremy Rykker(385) 230.
    Jaremy Rykker(155) hit Leo Lefford(300) 150.
    ****
    Leo Lefford(150) took 60 damage as DOT.
    Jaremy Rykker(155) took 50 damage as DOT.
    Leo Lefford(90) hit Jaremy Rykker(105) 230.
    Jaremy Rykker(-125) hit Leo Lefford(90) 150.
    ****
    Both of them are dead. A draw.
  Duel between Serretts(30) -WIL- and Blounts(30) -WIZ- has begun.
    Lord Serrett(405) hit Boros Blount(540) 235.
    Boros Blount(305) hit Lord Serrett(405) 150.
    ****
    Lord Serrett(255) took 20 damage as DOT.
    Boros Blount(305) took 25 damage as DOT.
    Lord Serrett(235) hit Boros Blount(280) 235.
    Boros Blount(45) hit Lord Serrett(235) 150.
    ****
    Lord Serrett(85) took 40 damage as DOT.
    Boros Blount(45) took 50 damage as DOT.
    Lord Serrett(45) hit Boros Blount(-5) 235.
    Boros Blount(-240) hit Lord Serrett(45) 150.
    ****
    Both of them are dead. A draw.
  Duel between Marbrands(30) -WIL- and Gaunts(30) -WHI- has begun.
    Damon Marbrand(430) hit Gwayne Gaunt(690) 235.
    Gwayne Gaunt(455) hit Damon Marbrand(430) 150.
    ****
    Damon Marbrand(280) took 30 damage as DOT.
    Gwayne Gaunt(455) took 25 damage as DOT.
    Damon Marbrand(250) hit Gwayne Gaunt(430) 235.
    Gwayne Gaunt(195) hit Damon Marbrand(250) 150.
    ****
    Damon Marbrand(100) took 60 damage as DOT.
    Gwayne Gaunt(195) took 50 damage as DOT.
    Damon Marbrand(40) hit Gwayne Gaunt(145) 235.
    Gwayne Gaunt(-90) hit Damon Marbrand(40) 150.
    ****
    Both of them are dead. A draw.
  Duel between House Frey(50) -WHI- and House Baratheon(50) -WIZ- has begun.
    Tywin Lannister(630) hit Viserys Targaryen(565) 230.
    Viserys Targaryen(335) hit Tywin Lannister(630) 175.
    ****
    Tywin Lannister(455) took 20 damage as DOT.
    Viserys Targaryen(335) took 30 damage as DOT.
    Tywin Lannister(435) hit Viserys Targaryen(305) 230.
    Viserys Targaryen(75) hit Tywin Lannister(435) 175.
    ****
    Tywin Lannister(260) took 40 damage as DOT.
    Viserys Targaryen(75) took 60 damage as DOT.
    Tywin Lannister(220) hit Viserys Targaryen(15) 230.
    Viserys Targaryen(-215) hit Tywin Lannister(220) 175.
    ****
    Tywin Lannister(45) has won.
  The Westernlands got 3 house points. The Crownlands got 0 house points.

The winner is: The Westernlands with currently 1 kingdom points.
---------------
The War is over. The new owner of King's Landing is The Westernlands with a total of 1 points.

