War has started with 5 kingdoms.
---------------
Duel 1: The Iron Islands vs The Reach
  Duel between Goodbrothers(30) -WIZ- and Tarlys(30) -WHI- has begun.
    Urragon Goodbrother(475) hit Randyll Tarly(633) 115.
    Randyll Tarly(518) hit Urragon Goodbrother(475) 153.
    ****
    Urragon Goodbrother(322) took 30 damage as DOT.
    Randyll Tarly(518) took 20 damage as DOT.
    Urragon Goodbrother(292) hit Randyll Tarly(498) 115.
    Randyll Tarly(383) hit Urragon Goodbrother(292) 153.
    ****
    Urragon Goodbrother(139) took 60 damage as DOT.
    Randyll Tarly(383) took 40 damage as DOT.
    Urragon Goodbrother(79) hit Randyll Tarly(343) 115.
    Randyll Tarly(228) hit Urragon Goodbrother(79) 153.
    ****
    Randyll Tarly(228) has won.
  Duel between Harlaws(30) -WIZ- and Ashfords(30) -WHI- has begun.
    Alannys Harlaw(525) hit Lord Ashford(708) 130.
    Lord Ashford(578) hit Alannys Harlaw(525) 153.
    ****
    Alannys Harlaw(372) took 30 damage as DOT.
    Lord Ashford(578) took 20 damage as DOT.
    Alannys Harlaw(342) hit Lord Ashford(558) 130.
    Lord Ashford(428) hit Alannys Harlaw(342) 153.
    ****
    Alannys Harlaw(189) took 60 damage as DOT.
    Lord Ashford(428) took 40 damage as DOT.
    Alannys Harlaw(129) hit Lord Ashford(388) 130.
    Lord Ashford(258) hit Alannys Harlaw(129) 153.
    ****
    Lord Ashford(258) has won.
  Duel between Merlyns(30) -WIL- and Hightowers(30) -WIL- has begun.
    Meldred Merlyn(425) hit Leyton Hightower(508) 140.
    Leyton Hightower(368) hit Meldred Merlyn(425) 178.
    ****
    Meldred Merlyn(247) took 25 damage as DOT.
    Leyton Hightower(368) took 25 damage as DOT.
    Meldred Merlyn(222) hit Leyton Hightower(343) 140.
    Leyton Hightower(203) hit Meldred Merlyn(222) 178.
    ****
    Meldred Merlyn(44) took 50 damage as DOT.
    Leyton Hightower(203) took 50 damage as DOT.
    Meldred Merlyn(-6) hit Leyton Hightower(153) 140.
    Leyton Hightower(13) hit Meldred Merlyn(-6) 178.
    ****
    Leyton Hightower(13) has won.
  Duel between Goodbrothers(27) -WIZ- and Ashfords(33) -WHI- has begun.
    Urragon Goodbrother(475) hit Lord Ashford(708) 112.
    Lord Ashford(596) hit Urragon Goodbrother(475) 156.
    ****
    Urragon Goodbrother(319) took 30 damage as DOT.
    Lord Ashford(596) took 20 damage as DOT.
    Urragon Goodbrother(289) hit Lord Ashford(576) 112.
    Lord Ashford(464) hit Urragon Goodbrother(289) 156.
    ****
    Urragon Goodbrother(133) took 60 damage as DOT.
    Lord Ashford(464) took 40 damage as DOT.
    Urragon Goodbrother(73) hit Lord Ashford(424) 112.
    Lord Ashford(312) hit Urragon Goodbrother(73) 156.
    ****
    Lord Ashford(312) has won.
  Duel between Harlaws(27) -WIZ- and Hightowers(33) -WIL- has begun.
    Alannys Harlaw(525) hit Leyton Hightower(508) 127.
    Leyton Hightower(381) hit Alannys Harlaw(525) 181.
    ****
    Alannys Harlaw(344) took 25 damage as DOT.
    Leyton Hightower(381) took 20 damage as DOT.
    Alannys Harlaw(319) hit Leyton Hightower(361) 127.
    Leyton Hightower(234) hit Alannys Harlaw(319) 181.
    ****
    Alannys Harlaw(138) took 50 damage as DOT.
    Leyton Hightower(234) took 40 damage as DOT.
    Alannys Harlaw(88) hit Leyton Hightower(194) 127.
    Leyton Hightower(67) hit Alannys Harlaw(88) 181.
    ****
    Leyton Hightower(67) has won.
  Duel between Merlyns(27) -WIL- and Tarlys(33) -WHI- has begun.
    Meldred Merlyn(425) hit Randyll Tarly(633) 137.
    Randyll Tarly(496) hit Meldred Merlyn(425) 156.
    ****
    Meldred Merlyn(269) took 30 damage as DOT.
    Randyll Tarly(496) took 25 damage as DOT.
    Meldred Merlyn(239) hit Randyll Tarly(471) 137.
    Randyll Tarly(334) hit Meldred Merlyn(239) 156.
    ****
    Meldred Merlyn(83) took 60 damage as DOT.
    Randyll Tarly(334) took 50 damage as DOT.
    Meldred Merlyn(23) hit Randyll Tarly(284) 137.
    Randyll Tarly(147) hit Meldred Merlyn(23) 156.
    ****
    Randyll Tarly(147) has won.
  Duel between Goodbrothers(24) -WIZ- and Hightowers(36) -WIL- has begun.
    Urragon Goodbrother(475) hit Leyton Hightower(508) 109.
    Leyton Hightower(399) hit Urragon Goodbrother(475) 184.
    ****
    Urragon Goodbrother(291) took 25 damage as DOT.
    Leyton Hightower(399) took 20 damage as DOT.
    Urragon Goodbrother(266) hit Leyton Hightower(379) 109.
    Leyton Hightower(270) hit Urragon Goodbrother(266) 184.
    ****
    Urragon Goodbrother(82) took 50 damage as DOT.
    Leyton Hightower(270) took 40 damage as DOT.
    Urragon Goodbrother(32) hit Leyton Hightower(230) 109.
    Leyton Hightower(121) hit Urragon Goodbrother(32) 184.
    ****
    Leyton Hightower(121) has won.
  Duel between Harlaws(24) -WIZ- and Tarlys(36) -WHI- has begun.
    Alannys Harlaw(525) hit Randyll Tarly(633) 124.
    Randyll Tarly(509) hit Alannys Harlaw(525) 159.
    ****
    Alannys Harlaw(366) took 30 damage as DOT.
    Randyll Tarly(509) took 20 damage as DOT.
    Alannys Harlaw(336) hit Randyll Tarly(489) 124.
    Randyll Tarly(365) hit Alannys Harlaw(336) 159.
    ****
    Alannys Harlaw(177) took 60 damage as DOT.
    Randyll Tarly(365) took 40 damage as DOT.
    Alannys Harlaw(117) hit Randyll Tarly(325) 124.
    Randyll Tarly(201) hit Alannys Harlaw(117) 159.
    ****
    Randyll Tarly(201) has won.
  Duel between Merlyns(24) -WIL- and Ashfords(36) -WHI- has begun.
    Meldred Merlyn(425) hit Lord Ashford(708) 134.
    Lord Ashford(574) hit Meldred Merlyn(425) 159.
    ****
    Meldred Merlyn(266) took 30 damage as DOT.
    Lord Ashford(574) took 25 damage as DOT.
    Meldred Merlyn(236) hit Lord Ashford(549) 134.
    Lord Ashford(415) hit Meldred Merlyn(236) 159.
    ****
    Meldred Merlyn(77) took 60 damage as DOT.
    Lord Ashford(415) took 50 damage as DOT.
    Meldred Merlyn(17) hit Lord Ashford(365) 134.
    Lord Ashford(231) hit Meldred Merlyn(17) 159.
    ****
    Lord Ashford(231) has won.
  Duel between House Greyjoy(50) -WHI- and House Lannister(50) -WHI- has begun.
    Theon Greyjoy(675) hit Luthor Tyrell(658) 140.
    Luthor Tyrell(518) hit Theon Greyjoy(675) 173.
    ****
    Theon Greyjoy(502) took 30 damage as DOT.
    Luthor Tyrell(518) took 30 damage as DOT.
    Theon Greyjoy(472) hit Luthor Tyrell(488) 140.
    Luthor Tyrell(348) hit Theon Greyjoy(472) 173.
    ****
    Theon Greyjoy(299) took 60 damage as DOT.
    Luthor Tyrell(348) took 60 damage as DOT.
    Theon Greyjoy(239) hit Luthor Tyrell(288) 140.
    Luthor Tyrell(148) hit Theon Greyjoy(239) 173.
    ****
    Theon Greyjoy(66) took 90 damage as DOT.
    Luthor Tyrell(148) took 90 damage as DOT.
    Theon Greyjoy(-24) hit Luthor Tyrell(58) 140.
    Luthor Tyrell(-82) hit Theon Greyjoy(-24) 173.
    ****
    Both of them are dead. A draw.
  The Iron Islands got 0 house points. The Reach got 9 house points.

The winner is: The Reach with currently 1 kingdom points.
---------------
---------------
Duel 2: The Reach vs The North
  Duel between Tarlys(39) -WHI- and Mormonts(30) -WIZ- has begun.
    Randyll Tarly(633) hit Jeor Mormont(455) 162.
    Jeor Mormont(293) hit Randyll Tarly(633) 205.
    ****
    Randyll Tarly(428) took 20 damage as DOT.
    Jeor Mormont(293) took 30 damage as DOT.
    Randyll Tarly(408) hit Jeor Mormont(263) 162.
    Jeor Mormont(101) hit Randyll Tarly(408) 205.
    ****
    Randyll Tarly(203) took 40 damage as DOT.
    Jeor Mormont(101) took 60 damage as DOT.
    Randyll Tarly(163) hit Jeor Mormont(41) 162.
    Jeor Mormont(-121) hit Randyll Tarly(163) 205.
    ****
    Both of them are dead. A draw.
  Duel between Ashfords(39) -WHI- and Karstarks(30) -WIL- has begun.
    Lord Ashford(708) hit Rickard Karstark(480) 162.
    Rickard Karstark(318) hit Lord Ashford(708) 235.
    ****
    Lord Ashford(473) took 25 damage as DOT.
    Rickard Karstark(318) took 30 damage as DOT.
    Lord Ashford(448) hit Rickard Karstark(288) 162.
    Rickard Karstark(126) hit Lord Ashford(448) 235.
    ****
    Lord Ashford(213) took 50 damage as DOT.
    Rickard Karstark(126) took 60 damage as DOT.
    Lord Ashford(163) hit Rickard Karstark(66) 162.
    Rickard Karstark(-96) hit Lord Ashford(163) 235.
    ****
    Both of them are dead. A draw.
  Duel between Hightowers(39) -WIL- and Dormunds(30) -WHI- has begun.
    Leyton Hightower(508) hit Marlin Dormund(580) 187.
    Marlin Dormund(393) hit Leyton Hightower(508) 210.
    ****
    Leyton Hightower(298) took 30 damage as DOT.
    Marlin Dormund(393) took 25 damage as DOT.
    Leyton Hightower(268) hit Marlin Dormund(368) 187.
    Marlin Dormund(181) hit Leyton Hightower(268) 210.
    ****
    Leyton Hightower(58) took 60 damage as DOT.
    Marlin Dormund(181) took 50 damage as DOT.
    Leyton Hightower(-2) hit Marlin Dormund(131) 187.
    Marlin Dormund(-56) hit Leyton Hightower(-2) 210.
    ****
    Both of them are dead. A draw.
  Duel between Tarlys(39) -WHI- and Karstarks(30) -WIL- has begun.
    Randyll Tarly(633) hit Rickard Karstark(480) 162.
    Rickard Karstark(318) hit Randyll Tarly(633) 235.
    ****
    Randyll Tarly(398) took 25 damage as DOT.
    Rickard Karstark(318) took 30 damage as DOT.
    Randyll Tarly(373) hit Rickard Karstark(288) 162.
    Rickard Karstark(126) hit Randyll Tarly(373) 235.
    ****
    Randyll Tarly(138) took 50 damage as DOT.
    Rickard Karstark(126) took 60 damage as DOT.
    Randyll Tarly(88) hit Rickard Karstark(66) 162.
    Rickard Karstark(-96) hit Randyll Tarly(88) 235.
    ****
    Both of them are dead. A draw.
  Duel between Ashfords(39) -WHI- and Dormunds(30) -WHI- has begun.
    Lord Ashford(708) hit Marlin Dormund(580) 162.
    Marlin Dormund(418) hit Lord Ashford(708) 210.
    ****
    Lord Ashford(498) took 30 damage as DOT.
    Marlin Dormund(418) took 30 damage as DOT.
    Lord Ashford(468) hit Marlin Dormund(388) 162.
    Marlin Dormund(226) hit Lord Ashford(468) 210.
    ****
    Lord Ashford(258) took 60 damage as DOT.
    Marlin Dormund(226) took 60 damage as DOT.
    Lord Ashford(198) hit Marlin Dormund(166) 162.
    Marlin Dormund(4) hit Lord Ashford(198) 210.
    ****
    Marlin Dormund(4) has won.
  Duel between Hightowers(39) -WIL- and Mormonts(30) -WIZ- has begun.
    Leyton Hightower(508) hit Jeor Mormont(455) 187.
    Jeor Mormont(268) hit Leyton Hightower(508) 205.
    ****
    Leyton Hightower(303) took 20 damage as DOT.
    Jeor Mormont(268) took 25 damage as DOT.
    Leyton Hightower(283) hit Jeor Mormont(243) 187.
    Jeor Mormont(56) hit Leyton Hightower(283) 205.
    ****
    Leyton Hightower(78) took 40 damage as DOT.
    Jeor Mormont(56) took 50 damage as DOT.
    Leyton Hightower(38) hit Jeor Mormont(6) 187.
    Jeor Mormont(-181) hit Leyton Hightower(38) 205.
    ****
    Both of them are dead. A draw.
  Duel between Tarlys(39) -WHI- and Dormunds(27) -WHI- has begun.
    Randyll Tarly(633) hit Marlin Dormund(580) 162.
    Marlin Dormund(418) hit Randyll Tarly(633) 207.
    ****
    Randyll Tarly(426) took 30 damage as DOT.
    Marlin Dormund(418) took 30 damage as DOT.
    Randyll Tarly(396) hit Marlin Dormund(388) 162.
    Marlin Dormund(226) hit Randyll Tarly(396) 207.
    ****
    Randyll Tarly(189) took 60 damage as DOT.
    Marlin Dormund(226) took 60 damage as DOT.
    Randyll Tarly(129) hit Marlin Dormund(166) 162.
    Marlin Dormund(4) hit Randyll Tarly(129) 207.
    ****
    Marlin Dormund(4) has won.
  Duel between Ashfords(36) -WHI- and Mormonts(30) -WIZ- has begun.
    Lord Ashford(708) hit Jeor Mormont(455) 159.
    Jeor Mormont(296) hit Lord Ashford(708) 205.
    ****
    Lord Ashford(503) took 20 damage as DOT.
    Jeor Mormont(296) took 30 damage as DOT.
    Lord Ashford(483) hit Jeor Mormont(266) 159.
    Jeor Mormont(107) hit Lord Ashford(483) 205.
    ****
    Lord Ashford(278) took 40 damage as DOT.
    Jeor Mormont(107) took 60 damage as DOT.
    Lord Ashford(238) hit Jeor Mormont(47) 159.
    Jeor Mormont(-112) hit Lord Ashford(238) 205.
    ****
    Lord Ashford(33) has won.
  Duel between Hightowers(39) -WIL- and Karstarks(30) -WIL- has begun.
    Leyton Hightower(508) hit Rickard Karstark(480) 187.
    Rickard Karstark(293) hit Leyton Hightower(508) 235.
    ****
    Leyton Hightower(273) took 25 damage as DOT.
    Rickard Karstark(293) took 25 damage as DOT.
    Leyton Hightower(248) hit Rickard Karstark(268) 187.
    Rickard Karstark(81) hit Leyton Hightower(248) 235.
    ****
    Leyton Hightower(13) took 50 damage as DOT.
    Rickard Karstark(81) took 50 damage as DOT.
    Leyton Hightower(-37) hit Rickard Karstark(31) 187.
    Rickard Karstark(-156) hit Leyton Hightower(-37) 235.
    ****
    Both of them are dead. A draw.
  Duel between House Lannister(50) -WHI- and House Stark(50) -WIZ- has begun.
    Luthor Tyrell(658) hit Ramsay Bolton(480) 173.
    Ramsay Bolton(307) hit Luthor Tyrell(658) 235.
    ****
    Luthor Tyrell(423) took 20 damage as DOT.
    Ramsay Bolton(307) took 30 damage as DOT.
    Luthor Tyrell(403) hit Ramsay Bolton(277) 173.
    Ramsay Bolton(104) hit Luthor Tyrell(403) 235.
    ****
    Luthor Tyrell(168) took 40 damage as DOT.
    Ramsay Bolton(104) took 60 damage as DOT.
    Luthor Tyrell(128) hit Ramsay Bolton(44) 173.
    Ramsay Bolton(-129) hit Luthor Tyrell(128) 235.
    ****
    Both of them are dead. A draw.
  The Reach got 1 house points. The North got 2 house points.

The winner is: The North with currently 1 kingdom points.
---------------
---------------
Duel 3: The North vs The Vale of Arryn
  Duel between Mormonts(27) -WIZ- and Lynderlys(30) -WIZ- has begun.
    Jeor Mormont(455) hit Jon Lynderly(490) 202.
    Jon Lynderly(288) hit Jeor Mormont(455) 145.
    ****
    Jeor Mormont(310) took 20 damage as DOT.
    Jon Lynderly(288) took 20 damage as DOT.
    Jeor Mormont(290) hit Jon Lynderly(268) 202.
    Jon Lynderly(66) hit Jeor Mormont(290) 145.
    ****
    Jeor Mormont(145) took 40 damage as DOT.
    Jon Lynderly(66) took 40 damage as DOT.
    Jeor Mormont(105) hit Jon Lynderly(26) 202.
    Jon Lynderly(-176) hit Jeor Mormont(105) 145.
    ****
    Both of them are dead. A draw.
  Duel between Karstarks(30) -WIL- and Corbrays(30) -WIZ- has begun.
    Rickard Karstark(480) hit Vance Corbray(565) 235.
    Vance Corbray(330) hit Rickard Karstark(480) 145.
    ****
    Rickard Karstark(335) took 20 damage as DOT.
    Vance Corbray(330) took 25 damage as DOT.
    Rickard Karstark(315) hit Vance Corbray(305) 235.
    Vance Corbray(70) hit Rickard Karstark(315) 145.
    ****
    Rickard Karstark(170) took 40 damage as DOT.
    Vance Corbray(70) took 50 damage as DOT.
    Rickard Karstark(130) hit Vance Corbray(20) 235.
    Vance Corbray(-215) hit Rickard Karstark(130) 145.
    ****
    Both of them are dead. A draw.
  Duel between Dormunds(25) -WHI- and Tolletts(30) -WIL- has begun.
    Marlin Dormund(580) hit Eddison Tollett(465) 205.
    Eddison Tollett(260) hit Marlin Dormund(580) 175.
    ****
    Marlin Dormund(405) took 25 damage as DOT.
    Eddison Tollett(260) took 30 damage as DOT.
    Marlin Dormund(380) hit Eddison Tollett(230) 205.
    Eddison Tollett(25) hit Marlin Dormund(380) 175.
    ****
    Marlin Dormund(205) took 50 damage as DOT.
    Eddison Tollett(25) took 60 damage as DOT.
    Marlin Dormund(155) hit Eddison Tollett(-35) 205.
    Eddison Tollett(-240) hit Marlin Dormund(155) 175.
    ****
    Both of them are dead. A draw.
  Duel between Mormonts(27) -WIZ- and Corbrays(30) -WIZ- has begun.
    Jeor Mormont(455) hit Vance Corbray(565) 202.
    Vance Corbray(363) hit Jeor Mormont(455) 145.
    ****
    Jeor Mormont(310) took 20 damage as DOT.
    Vance Corbray(363) took 20 damage as DOT.
    Jeor Mormont(290) hit Vance Corbray(343) 202.
    Vance Corbray(141) hit Jeor Mormont(290) 145.
    ****
    Jeor Mormont(145) took 40 damage as DOT.
    Vance Corbray(141) took 40 damage as DOT.
    Jeor Mormont(105) hit Vance Corbray(101) 202.
    Vance Corbray(-101) hit Jeor Mormont(105) 145.
    ****
    Both of them are dead. A draw.
  Duel between Karstarks(30) -WIL- and Tolletts(30) -WIL- has begun.
    Rickard Karstark(480) hit Eddison Tollett(465) 235.
    Eddison Tollett(230) hit Rickard Karstark(480) 175.
    ****
    Rickard Karstark(305) took 25 damage as DOT.
    Eddison Tollett(230) took 25 damage as DOT.
    Rickard Karstark(280) hit Eddison Tollett(205) 235.
    Eddison Tollett(-30) hit Rickard Karstark(280) 175.
    ****
    Rickard Karstark(105) has won.
  Duel between Dormunds(25) -WHI- and Lynderlys(30) -WIZ- has begun.
    Marlin Dormund(580) hit Jon Lynderly(490) 205.
    Jon Lynderly(285) hit Marlin Dormund(580) 145.
    ****
    Marlin Dormund(435) took 20 damage as DOT.
    Jon Lynderly(285) took 30 damage as DOT.
    Marlin Dormund(415) hit Jon Lynderly(255) 205.
    Jon Lynderly(50) hit Marlin Dormund(415) 145.
    ****
    Marlin Dormund(270) took 40 damage as DOT.
    Jon Lynderly(50) took 60 damage as DOT.
    Marlin Dormund(230) hit Jon Lynderly(-10) 205.
    Jon Lynderly(-215) hit Marlin Dormund(230) 145.
    ****
    Marlin Dormund(85) has won.
  Duel between Mormonts(27) -WIZ- and Tolletts(27) -WIL- has begun.
    Jeor Mormont(455) hit Eddison Tollett(465) 202.
    Eddison Tollett(263) hit Jeor Mormont(455) 172.
    ****
    Jeor Mormont(283) took 25 damage as DOT.
    Eddison Tollett(263) took 20 damage as DOT.
    Jeor Mormont(258) hit Eddison Tollett(243) 202.
    Eddison Tollett(41) hit Jeor Mormont(258) 172.
    ****
    Jeor Mormont(86) took 50 damage as DOT.
    Eddison Tollett(41) took 40 damage as DOT.
    Jeor Mormont(36) hit Eddison Tollett(1) 202.
    Eddison Tollett(-201) hit Jeor Mormont(36) 172.
    ****
    Both of them are dead. A draw.
  Duel between Karstarks(33) -WIL- and Lynderlys(27) -WIZ- has begun.
    Rickard Karstark(480) hit Jon Lynderly(490) 238.
    Jon Lynderly(252) hit Rickard Karstark(480) 142.
    ****
    Rickard Karstark(338) took 20 damage as DOT.
    Jon Lynderly(252) took 25 damage as DOT.
    Rickard Karstark(318) hit Jon Lynderly(227) 238.
    Jon Lynderly(-11) hit Rickard Karstark(318) 142.
    ****
    Rickard Karstark(176) has won.
  Duel between Dormunds(23) -WHI- and Corbrays(30) -WIZ- has begun.
    Marlin Dormund(580) hit Vance Corbray(565) 203.
    Vance Corbray(362) hit Marlin Dormund(580) 145.
    ****
    Marlin Dormund(435) took 20 damage as DOT.
    Vance Corbray(362) took 30 damage as DOT.
    Marlin Dormund(415) hit Vance Corbray(332) 203.
    Vance Corbray(129) hit Marlin Dormund(415) 145.
    ****
    Marlin Dormund(270) took 40 damage as DOT.
    Vance Corbray(129) took 60 damage as DOT.
    Marlin Dormund(230) hit Vance Corbray(69) 203.
    Vance Corbray(-134) hit Marlin Dormund(230) 145.
    ****
    Marlin Dormund(85) has won.
  Duel between House Stark(50) -WIZ- and House Arryn(50) -WIZ- has begun.
    Ramsay Bolton(480) hit Robin Arryn(540) 235.
    Robin Arryn(305) hit Ramsay Bolton(480) 180.
    ****
    Ramsay Bolton(300) took 20 damage as DOT.
    Robin Arryn(305) took 20 damage as DOT.
    Ramsay Bolton(280) hit Robin Arryn(285) 235.
    Robin Arryn(50) hit Ramsay Bolton(280) 180.
    ****
    Ramsay Bolton(100) took 40 damage as DOT.
    Robin Arryn(50) took 40 damage as DOT.
    Ramsay Bolton(60) hit Robin Arryn(10) 235.
    Robin Arryn(-225) hit Ramsay Bolton(60) 180.
    ****
    Both of them are dead. A draw.
  The North got 4 house points. The Vale of Arryn got 0 house points.

The winner is: The North with currently 2 kingdom points.
---------------
---------------
Duel 4: The Vale of Arryn vs The Westernlands
  Duel between Lynderlys(24) -WIZ- and Paynes(30) -WIL- has begun.
    Jon Lynderly(490) hit Ilyn Payne(495) 139.
    Ilyn Payne(356) hit Jon Lynderly(490) 190.
    ****
    Jon Lynderly(300) took 25 damage as DOT.
    Ilyn Payne(356) took 20 damage as DOT.
    Jon Lynderly(275) hit Ilyn Payne(336) 139.
    Ilyn Payne(197) hit Jon Lynderly(275) 190.
    ****
    Jon Lynderly(85) took 50 damage as DOT.
    Ilyn Payne(197) took 40 damage as DOT.
    Jon Lynderly(35) hit Ilyn Payne(157) 139.
    Ilyn Payne(18) hit Jon Lynderly(35) 190.
    ****
    Ilyn Payne(18) has won.
  Duel between Corbrays(27) -WIZ- and Yarwycks(30) -WIL- has begun.
    Vance Corbray(565) hit Othell Yarwyck(470) 142.
    Othell Yarwyck(328) hit Vance Corbray(565) 195.
    ****
    Vance Corbray(370) took 25 damage as DOT.
    Othell Yarwyck(328) took 20 damage as DOT.
    Vance Corbray(345) hit Othell Yarwyck(308) 142.
    Othell Yarwyck(166) hit Vance Corbray(345) 195.
    ****
    Vance Corbray(150) took 50 damage as DOT.
    Othell Yarwyck(166) took 40 damage as DOT.
    Vance Corbray(100) hit Othell Yarwyck(126) 142.
    Othell Yarwyck(-16) hit Vance Corbray(100) 195.
    ****
    Both of them are dead. A draw.
  Duel between Tolletts(27) -WIL- and Lannister of Lannisports(30) -WIL- has begun.
    Eddison Tollett(465) hit Reginald Lannister(445) 172.
    Reginald Lannister(273) hit Eddison Tollett(465) 195.
    ****
    Eddison Tollett(270) took 25 damage as DOT.
    Reginald Lannister(273) took 25 damage as DOT.
    Eddison Tollett(245) hit Reginald Lannister(248) 172.
    Reginald Lannister(76) hit Eddison Tollett(245) 195.
    ****
    Eddison Tollett(50) took 50 damage as DOT.
    Reginald Lannister(76) took 50 damage as DOT.
    Eddison Tollett(0) hit Reginald Lannister(26) 172.
    Reginald Lannister(-146) hit Eddison Tollett(0) 195.
    ****
    Both of them are dead. A draw.
  Duel between Lynderlys(21) -WIZ- and Yarwycks(30) -WIL- has begun.
    Jon Lynderly(490) hit Othell Yarwyck(470) 136.
    Othell Yarwyck(334) hit Jon Lynderly(490) 195.
    ****
    Jon Lynderly(295) took 25 damage as DOT.
    Othell Yarwyck(334) took 20 damage as DOT.
    Jon Lynderly(270) hit Othell Yarwyck(314) 136.
    Othell Yarwyck(178) hit Jon Lynderly(270) 195.
    ****
    Jon Lynderly(75) took 50 damage as DOT.
    Othell Yarwyck(178) took 40 damage as DOT.
    Jon Lynderly(25) hit Othell Yarwyck(138) 136.
    Othell Yarwyck(2) hit Jon Lynderly(25) 195.
    ****
    Othell Yarwyck(2) has won.
  Duel between Corbrays(27) -WIZ- and Lannister of Lannisports(30) -WIL- has begun.
    Vance Corbray(565) hit Reginald Lannister(445) 142.
    Reginald Lannister(303) hit Vance Corbray(565) 195.
    ****
    Vance Corbray(370) took 25 damage as DOT.
    Reginald Lannister(303) took 20 damage as DOT.
    Vance Corbray(345) hit Reginald Lannister(283) 142.
    Reginald Lannister(141) hit Vance Corbray(345) 195.
    ****
    Vance Corbray(150) took 50 damage as DOT.
    Reginald Lannister(141) took 40 damage as DOT.
    Vance Corbray(100) hit Reginald Lannister(101) 142.
    Reginald Lannister(-41) hit Vance Corbray(100) 195.
    ****
    Both of them are dead. A draw.
  Duel between Tolletts(27) -WIL- and Paynes(33) -WIL- has begun.
    Eddison Tollett(465) hit Ilyn Payne(495) 172.
    Ilyn Payne(323) hit Eddison Tollett(465) 193.
    ****
    Eddison Tollett(272) took 25 damage as DOT.
    Ilyn Payne(323) took 25 damage as DOT.
    Eddison Tollett(247) hit Ilyn Payne(298) 172.
    Ilyn Payne(126) hit Eddison Tollett(247) 193.
    ****
    Eddison Tollett(54) took 50 damage as DOT.
    Ilyn Payne(126) took 50 damage as DOT.
    Eddison Tollett(4) hit Ilyn Payne(76) 172.
    Ilyn Payne(-96) hit Eddison Tollett(4) 193.
    ****
    Both of them are dead. A draw.
  Duel between Lynderlys(18) -WIZ- and Lannister of Lannisports(30) -WIL- has begun.
    Jon Lynderly(490) hit Reginald Lannister(445) 133.
    Reginald Lannister(312) hit Jon Lynderly(490) 195.
    ****
    Jon Lynderly(295) took 25 damage as DOT.
    Reginald Lannister(312) took 20 damage as DOT.
    Jon Lynderly(270) hit Reginald Lannister(292) 133.
    Reginald Lannister(159) hit Jon Lynderly(270) 195.
    ****
    Jon Lynderly(75) took 50 damage as DOT.
    Reginald Lannister(159) took 40 damage as DOT.
    Jon Lynderly(25) hit Reginald Lannister(119) 133.
    Reginald Lannister(-14) hit Jon Lynderly(25) 195.
    ****
    Both of them are dead. A draw.
  Duel between Corbrays(27) -WIZ- and Paynes(33) -WIL- has begun.
    Vance Corbray(565) hit Ilyn Payne(495) 142.
    Ilyn Payne(353) hit Vance Corbray(565) 193.
    ****
    Vance Corbray(372) took 25 damage as DOT.
    Ilyn Payne(353) took 20 damage as DOT.
    Vance Corbray(347) hit Ilyn Payne(333) 142.
    Ilyn Payne(191) hit Vance Corbray(347) 193.
    ****
    Vance Corbray(154) took 50 damage as DOT.
    Ilyn Payne(191) took 40 damage as DOT.
    Vance Corbray(104) hit Ilyn Payne(151) 142.
    Ilyn Payne(9) hit Vance Corbray(104) 193.
    ****
    Ilyn Payne(9) has won.
  Duel between Tolletts(27) -WIL- and Yarwycks(33) -WIL- has begun.
    Eddison Tollett(465) hit Othell Yarwyck(470) 172.
    Othell Yarwyck(298) hit Eddison Tollett(465) 198.
    ****
    Eddison Tollett(267) took 25 damage as DOT.
    Othell Yarwyck(298) took 25 damage as DOT.
    Eddison Tollett(242) hit Othell Yarwyck(273) 172.
    Othell Yarwyck(101) hit Eddison Tollett(242) 198.
    ****
    Eddison Tollett(44) took 50 damage as DOT.
    Othell Yarwyck(101) took 50 damage as DOT.
    Eddison Tollett(-6) hit Othell Yarwyck(51) 172.
    Othell Yarwyck(-121) hit Eddison Tollett(-6) 198.
    ****
    Both of them are dead. A draw.
  Duel between House Arryn(50) -WIZ- and House Frey(50) -WIZ- has begun.
    Robin Arryn(540) hit Lancel Lannister(470) 180.
    Lancel Lannister(290) hit Robin Arryn(540) 185.
    ****
    Robin Arryn(355) took 20 damage as DOT.
    Lancel Lannister(290) took 20 damage as DOT.
    Robin Arryn(335) hit Lancel Lannister(270) 180.
    Lancel Lannister(90) hit Robin Arryn(335) 185.
    ****
    Robin Arryn(150) took 40 damage as DOT.
    Lancel Lannister(90) took 40 damage as DOT.
    Robin Arryn(110) hit Lancel Lannister(50) 180.
    Lancel Lannister(-130) hit Robin Arryn(110) 185.
    ****
    Both of them are dead. A draw.
  The Vale of Arryn got 0 house points. The Westernlands got 3 house points.

The winner is: The Westernlands with currently 1 kingdom points.
---------------
---------------
Duel 5: The Iron Islands vs The North
  Duel between Goodbrothers(21) -WIZ- and Mormonts(27) -WIZ- has begun.
    Urragon Goodbrother(475) hit Jeor Mormont(455) 106.
    Jeor Mormont(349) hit Urragon Goodbrother(475) 202.
    ****
    Urragon Goodbrother(273) took 20 damage as DOT.
    Jeor Mormont(349) took 20 damage as DOT.
    Urragon Goodbrother(253) hit Jeor Mormont(329) 106.
    Jeor Mormont(223) hit Urragon Goodbrother(253) 202.
    ****
    Urragon Goodbrother(51) took 40 damage as DOT.
    Jeor Mormont(223) took 40 damage as DOT.
    Urragon Goodbrother(11) hit Jeor Mormont(183) 106.
    Jeor Mormont(77) hit Urragon Goodbrother(11) 202.
    ****
    Jeor Mormont(77) has won.
  Duel between Harlaws(21) -WIZ- and Karstarks(36) -WIL- has begun.
    Alannys Harlaw(525) hit Rickard Karstark(480) 121.
    Rickard Karstark(359) hit Alannys Harlaw(525) 241.
    ****
    Alannys Harlaw(284) took 25 damage as DOT.
    Rickard Karstark(359) took 20 damage as DOT.
    Alannys Harlaw(259) hit Rickard Karstark(339) 121.
    Rickard Karstark(218) hit Alannys Harlaw(259) 241.
    ****
    Alannys Harlaw(18) took 50 damage as DOT.
    Rickard Karstark(218) took 40 damage as DOT.
    Alannys Harlaw(-32) hit Rickard Karstark(178) 121.
    Rickard Karstark(57) hit Alannys Harlaw(-32) 241.
    ****
    Rickard Karstark(57) has won.
  Duel between Merlyns(21) -WIL- and Dormunds(22) -WHI- has begun.
    Meldred Merlyn(425) hit Marlin Dormund(580) 131.
    Marlin Dormund(449) hit Meldred Merlyn(425) 202.
    ****
    Meldred Merlyn(223) took 30 damage as DOT.
    Marlin Dormund(449) took 25 damage as DOT.
    Meldred Merlyn(193) hit Marlin Dormund(424) 131.
    Marlin Dormund(293) hit Meldred Merlyn(193) 202.
    ****
    Marlin Dormund(293) has won.
  Duel between Goodbrothers(18) -WIZ- and Karstarks(39) -WIL- has begun.
    Urragon Goodbrother(475) hit Rickard Karstark(480) 103.
    Rickard Karstark(377) hit Urragon Goodbrother(475) 244.
    ****
    Urragon Goodbrother(231) took 25 damage as DOT.
    Rickard Karstark(377) took 20 damage as DOT.
    Urragon Goodbrother(206) hit Rickard Karstark(357) 103.
    Rickard Karstark(254) hit Urragon Goodbrother(206) 244.
    ****
    Rickard Karstark(254) has won.
  Duel between Harlaws(18) -WIZ- and Dormunds(25) -WHI- has begun.
    Alannys Harlaw(525) hit Marlin Dormund(580) 118.
    Marlin Dormund(462) hit Alannys Harlaw(525) 205.
    ****
    Alannys Harlaw(320) took 30 damage as DOT.
    Marlin Dormund(462) took 20 damage as DOT.
    Alannys Harlaw(290) hit Marlin Dormund(442) 118.
    Marlin Dormund(324) hit Alannys Harlaw(290) 205.
    ****
    Alannys Harlaw(85) took 60 damage as DOT.
    Marlin Dormund(324) took 40 damage as DOT.
    Alannys Harlaw(25) hit Marlin Dormund(284) 118.
    Marlin Dormund(166) hit Alannys Harlaw(25) 205.
    ****
    Marlin Dormund(166) has won.
  Duel between Merlyns(18) -WIL- and Mormonts(30) -WIZ- has begun.
    Meldred Merlyn(425) hit Jeor Mormont(455) 128.
    Jeor Mormont(327) hit Meldred Merlyn(425) 205.
    ****
    Meldred Merlyn(220) took 20 damage as DOT.
    Jeor Mormont(327) took 25 damage as DOT.
    Meldred Merlyn(200) hit Jeor Mormont(302) 128.
    Jeor Mormont(174) hit Meldred Merlyn(200) 205.
    ****
    Jeor Mormont(174) has won.
  Duel between Goodbrothers(15) -WIZ- and Dormunds(28) -WHI- has begun.
    Urragon Goodbrother(475) hit Marlin Dormund(580) 100.
    Marlin Dormund(480) hit Urragon Goodbrother(475) 208.
    ****
    Urragon Goodbrother(267) took 30 damage as DOT.
    Marlin Dormund(480) took 20 damage as DOT.
    Urragon Goodbrother(237) hit Marlin Dormund(460) 100.
    Marlin Dormund(360) hit Urragon Goodbrother(237) 208.
    ****
    Urragon Goodbrother(29) took 60 damage as DOT.
    Marlin Dormund(360) took 40 damage as DOT.
    Urragon Goodbrother(-31) hit Marlin Dormund(320) 100.
    Marlin Dormund(220) hit Urragon Goodbrother(-31) 208.
    ****
    Marlin Dormund(220) has won.
  Duel between Harlaws(15) -WIZ- and Mormonts(33) -WIZ- has begun.
    Alannys Harlaw(525) hit Jeor Mormont(455) 115.
    Jeor Mormont(340) hit Alannys Harlaw(525) 208.
    ****
    Alannys Harlaw(317) took 20 damage as DOT.
    Jeor Mormont(340) took 20 damage as DOT.
    Alannys Harlaw(297) hit Jeor Mormont(320) 115.
    Jeor Mormont(205) hit Alannys Harlaw(297) 208.
    ****
    Alannys Harlaw(89) took 40 damage as DOT.
    Jeor Mormont(205) took 40 damage as DOT.
    Alannys Harlaw(49) hit Jeor Mormont(165) 115.
    Jeor Mormont(50) hit Alannys Harlaw(49) 208.
    ****
    Jeor Mormont(50) has won.
  Duel between Merlyns(15) -WIL- and Karstarks(42) -WIL- has begun.
    Meldred Merlyn(425) hit Rickard Karstark(480) 125.
    Rickard Karstark(355) hit Meldred Merlyn(425) 247.
    ****
    Meldred Merlyn(178) took 25 damage as DOT.
    Rickard Karstark(355) took 25 damage as DOT.
    Meldred Merlyn(153) hit Rickard Karstark(330) 125.
    Rickard Karstark(205) hit Meldred Merlyn(153) 247.
    ****
    Rickard Karstark(205) has won.
  Duel between House Greyjoy(50) -WHI- and House Stark(50) -WIZ- has begun.
    Theon Greyjoy(675) hit Ramsay Bolton(480) 140.
    Ramsay Bolton(340) hit Theon Greyjoy(675) 235.
    ****
    Theon Greyjoy(440) took 20 damage as DOT.
    Ramsay Bolton(340) took 30 damage as DOT.
    Theon Greyjoy(420) hit Ramsay Bolton(310) 140.
    Ramsay Bolton(170) hit Theon Greyjoy(420) 235.
    ****
    Theon Greyjoy(185) took 40 damage as DOT.
    Ramsay Bolton(170) took 60 damage as DOT.
    Theon Greyjoy(145) hit Ramsay Bolton(110) 140.
    Ramsay Bolton(-30) hit Theon Greyjoy(145) 235.
    ****
    Both of them are dead. A draw.
  The Iron Islands got 0 house points. The North got 9 house points.

The winner is: The North with currently 3 kingdom points.
---------------
---------------
Duel 6: The Reach vs The Vale of Arryn
  Duel between Tarlys(36) -WHI- and Lynderlys(18) -WIZ- has begun.
    Randyll Tarly(633) hit Jon Lynderly(490) 159.
    Jon Lynderly(331) hit Randyll Tarly(633) 133.
    ****
    Randyll Tarly(500) took 20 damage as DOT.
    Jon Lynderly(331) took 30 damage as DOT.
    Randyll Tarly(480) hit Jon Lynderly(301) 159.
    Jon Lynderly(142) hit Randyll Tarly(480) 133.
    ****
    Randyll Tarly(347) took 40 damage as DOT.
    Jon Lynderly(142) took 60 damage as DOT.
    Randyll Tarly(307) hit Jon Lynderly(82) 159.
    Jon Lynderly(-77) hit Randyll Tarly(307) 133.
    ****
    Randyll Tarly(174) has won.
  Duel between Ashfords(39) -WHI- and Corbrays(24) -WIZ- has begun.
    Lord Ashford(708) hit Vance Corbray(565) 162.
    Vance Corbray(403) hit Lord Ashford(708) 139.
    ****
    Lord Ashford(569) took 20 damage as DOT.
    Vance Corbray(403) took 30 damage as DOT.
    Lord Ashford(549) hit Vance Corbray(373) 162.
    Vance Corbray(211) hit Lord Ashford(549) 139.
    ****
    Lord Ashford(410) took 40 damage as DOT.
    Vance Corbray(211) took 60 damage as DOT.
    Lord Ashford(370) hit Vance Corbray(151) 162.
    Vance Corbray(-11) hit Lord Ashford(370) 139.
    ****
    Lord Ashford(231) has won.
  Duel between Hightowers(39) -WIL- and Tolletts(27) -WIL- has begun.
    Leyton Hightower(508) hit Eddison Tollett(465) 187.
    Eddison Tollett(278) hit Leyton Hightower(508) 172.
    ****
    Leyton Hightower(336) took 25 damage as DOT.
    Eddison Tollett(278) took 25 damage as DOT.
    Leyton Hightower(311) hit Eddison Tollett(253) 187.
    Eddison Tollett(66) hit Leyton Hightower(311) 172.
    ****
    Leyton Hightower(139) took 50 damage as DOT.
    Eddison Tollett(66) took 50 damage as DOT.
    Leyton Hightower(89) hit Eddison Tollett(16) 187.
    Eddison Tollett(-171) hit Leyton Hightower(89) 172.
    ****
    Both of them are dead. A draw.
  Duel between Tarlys(39) -WHI- and Corbrays(21) -WIZ- has begun.
    Randyll Tarly(633) hit Vance Corbray(565) 162.
    Vance Corbray(403) hit Randyll Tarly(633) 136.
    ****
    Randyll Tarly(497) took 20 damage as DOT.
    Vance Corbray(403) took 30 damage as DOT.
    Randyll Tarly(477) hit Vance Corbray(373) 162.
    Vance Corbray(211) hit Randyll Tarly(477) 136.
    ****
    Randyll Tarly(341) took 40 damage as DOT.
    Vance Corbray(211) took 60 damage as DOT.
    Randyll Tarly(301) hit Vance Corbray(151) 162.
    Vance Corbray(-11) hit Randyll Tarly(301) 136.
    ****
    Randyll Tarly(165) has won.
  Duel between Ashfords(42) -WHI- and Tolletts(27) -WIL- has begun.
    Lord Ashford(708) hit Eddison Tollett(465) 165.
    Eddison Tollett(300) hit Lord Ashford(708) 172.
    ****
    Lord Ashford(536) took 25 damage as DOT.
    Eddison Tollett(300) took 30 damage as DOT.
    Lord Ashford(511) hit Eddison Tollett(270) 165.
    Eddison Tollett(105) hit Lord Ashford(511) 172.
    ****
    Lord Ashford(339) took 50 damage as DOT.
    Eddison Tollett(105) took 60 damage as DOT.
    Lord Ashford(289) hit Eddison Tollett(45) 165.
    Eddison Tollett(-120) hit Lord Ashford(289) 172.
    ****
    Lord Ashford(117) has won.
  Duel between Hightowers(39) -WIL- and Lynderlys(15) -WIZ- has begun.
    Leyton Hightower(508) hit Jon Lynderly(490) 187.
    Jon Lynderly(303) hit Leyton Hightower(508) 130.
    ****
    Leyton Hightower(378) took 20 damage as DOT.
    Jon Lynderly(303) took 25 damage as DOT.
    Leyton Hightower(358) hit Jon Lynderly(278) 187.
    Jon Lynderly(91) hit Leyton Hightower(358) 130.
    ****
    Leyton Hightower(228) took 40 damage as DOT.
    Jon Lynderly(91) took 50 damage as DOT.
    Leyton Hightower(188) hit Jon Lynderly(41) 187.
    Jon Lynderly(-146) hit Leyton Hightower(188) 130.
    ****
    Leyton Hightower(58) has won.
  Duel between Tarlys(42) -WHI- and Tolletts(24) -WIL- has begun.
    Randyll Tarly(633) hit Eddison Tollett(465) 165.
    Eddison Tollett(300) hit Randyll Tarly(633) 169.
    ****
    Randyll Tarly(464) took 25 damage as DOT.
    Eddison Tollett(300) took 30 damage as DOT.
    Randyll Tarly(439) hit Eddison Tollett(270) 165.
    Eddison Tollett(105) hit Randyll Tarly(439) 169.
    ****
    Randyll Tarly(270) took 50 damage as DOT.
    Eddison Tollett(105) took 60 damage as DOT.
    Randyll Tarly(220) hit Eddison Tollett(45) 165.
    Eddison Tollett(-120) hit Randyll Tarly(220) 169.
    ****
    Randyll Tarly(51) has won.
  Duel between Ashfords(45) -WHI- and Lynderlys(12) -WIZ- has begun.
    Lord Ashford(708) hit Jon Lynderly(490) 168.
    Jon Lynderly(322) hit Lord Ashford(708) 127.
    ****
    Lord Ashford(581) took 20 damage as DOT.
    Jon Lynderly(322) took 30 damage as DOT.
    Lord Ashford(561) hit Jon Lynderly(292) 168.
    Jon Lynderly(124) hit Lord Ashford(561) 127.
    ****
    Lord Ashford(434) took 40 damage as DOT.
    Jon Lynderly(124) took 60 damage as DOT.
    Lord Ashford(394) hit Jon Lynderly(64) 168.
    Jon Lynderly(-104) hit Lord Ashford(394) 127.
    ****
    Lord Ashford(267) has won.
  Duel between Hightowers(42) -WIL- and Corbrays(18) -WIZ- has begun.
    Leyton Hightower(508) hit Vance Corbray(565) 190.
    Vance Corbray(375) hit Leyton Hightower(508) 133.
    ****
    Leyton Hightower(375) took 20 damage as DOT.
    Vance Corbray(375) took 25 damage as DOT.
    Leyton Hightower(355) hit Vance Corbray(350) 190.
    Vance Corbray(160) hit Leyton Hightower(355) 133.
    ****
    Leyton Hightower(222) took 40 damage as DOT.
    Vance Corbray(160) took 50 damage as DOT.
    Leyton Hightower(182) hit Vance Corbray(110) 190.
    Vance Corbray(-80) hit Leyton Hightower(182) 133.
    ****
    Leyton Hightower(49) has won.
  Duel between House Lannister(50) -WHI- and House Arryn(50) -WIZ- has begun.
    Luthor Tyrell(658) hit Robin Arryn(540) 173.
    Robin Arryn(367) hit Luthor Tyrell(658) 180.
    ****
    Luthor Tyrell(478) took 20 damage as DOT.
    Robin Arryn(367) took 30 damage as DOT.
    Luthor Tyrell(458) hit Robin Arryn(337) 173.
    Robin Arryn(164) hit Luthor Tyrell(458) 180.
    ****
    Luthor Tyrell(278) took 40 damage as DOT.
    Robin Arryn(164) took 60 damage as DOT.
    Luthor Tyrell(238) hit Robin Arryn(104) 173.
    Robin Arryn(-69) hit Luthor Tyrell(238) 180.
    ****
    Luthor Tyrell(58) has won.
  The Reach got 11 house points. The Vale of Arryn got 0 house points.

The winner is: The Reach with currently 2 kingdom points.
---------------
---------------
Duel 7: The North vs The Westernlands
  Duel between Mormonts(36) -WIZ- and Paynes(36) -WIL- has begun.
    Jeor Mormont(455) hit Ilyn Payne(495) 211.
    Ilyn Payne(284) hit Jeor Mormont(455) 196.
    ****
    Jeor Mormont(259) took 25 damage as DOT.
    Ilyn Payne(284) took 20 damage as DOT.
    Jeor Mormont(234) hit Ilyn Payne(264) 211.
    Ilyn Payne(53) hit Jeor Mormont(234) 196.
    ****
    Jeor Mormont(38) took 50 damage as DOT.
    Ilyn Payne(53) took 40 damage as DOT.
    Jeor Mormont(-12) hit Ilyn Payne(13) 211.
    Ilyn Payne(-198) hit Jeor Mormont(-12) 196.
    ****
    Both of them are dead. A draw.
  Duel between Karstarks(45) -WIL- and Yarwycks(33) -WIL- has begun.
    Rickard Karstark(480) hit Othell Yarwyck(470) 250.
    Othell Yarwyck(220) hit Rickard Karstark(480) 198.
    ****
    Rickard Karstark(282) took 25 damage as DOT.
    Othell Yarwyck(220) took 25 damage as DOT.
    Rickard Karstark(257) hit Othell Yarwyck(195) 250.
    Othell Yarwyck(-55) hit Rickard Karstark(257) 198.
    ****
    Rickard Karstark(59) has won.
  Duel between Dormunds(31) -WHI- and Lannister of Lannisports(30) -WIL- has begun.
    Marlin Dormund(580) hit Reginald Lannister(445) 211.
    Reginald Lannister(234) hit Marlin Dormund(580) 195.
    ****
    Marlin Dormund(385) took 25 damage as DOT.
    Reginald Lannister(234) took 30 damage as DOT.
    Marlin Dormund(360) hit Reginald Lannister(204) 211.
    Reginald Lannister(-7) hit Marlin Dormund(360) 195.
    ****
    Marlin Dormund(165) has won.
  Duel between Mormonts(36) -WIZ- and Yarwycks(30) -WIL- has begun.
    Jeor Mormont(455) hit Othell Yarwyck(470) 211.
    Othell Yarwyck(259) hit Jeor Mormont(455) 195.
    ****
    Jeor Mormont(260) took 25 damage as DOT.
    Othell Yarwyck(259) took 20 damage as DOT.
    Jeor Mormont(235) hit Othell Yarwyck(239) 211.
    Othell Yarwyck(28) hit Jeor Mormont(235) 195.
    ****
    Jeor Mormont(40) took 50 damage as DOT.
    Othell Yarwyck(28) took 40 damage as DOT.
    Jeor Mormont(-10) hit Othell Yarwyck(-12) 211.
    Othell Yarwyck(-223) hit Jeor Mormont(-10) 195.
    ****
    Both of them are dead. A draw.
  Duel between Karstarks(48) -WIL- and Lannister of Lannisports(27) -WIL- has begun.
    Rickard Karstark(480) hit Reginald Lannister(445) 253.
    Reginald Lannister(192) hit Rickard Karstark(480) 192.
    ****
    Rickard Karstark(288) took 25 damage as DOT.
    Reginald Lannister(192) took 25 damage as DOT.
    Rickard Karstark(263) hit Reginald Lannister(167) 253.
    Reginald Lannister(-86) hit Rickard Karstark(263) 192.
    ****
    Rickard Karstark(71) has won.
  Duel between Dormunds(34) -WHI- and Paynes(36) -WIL- has begun.
    Marlin Dormund(580) hit Ilyn Payne(495) 214.
    Ilyn Payne(281) hit Marlin Dormund(580) 196.
    ****
    Marlin Dormund(384) took 25 damage as DOT.
    Ilyn Payne(281) took 30 damage as DOT.
    Marlin Dormund(359) hit Ilyn Payne(251) 214.
    Ilyn Payne(37) hit Marlin Dormund(359) 196.
    ****
    Marlin Dormund(163) took 50 damage as DOT.
    Ilyn Payne(37) took 60 damage as DOT.
    Marlin Dormund(113) hit Ilyn Payne(-23) 214.
    Ilyn Payne(-237) hit Marlin Dormund(113) 196.
    ****
    Both of them are dead. A draw.
  Duel between Mormonts(36) -WIZ- and Lannister of Lannisports(24) -WIL- has begun.
    Jeor Mormont(455) hit Reginald Lannister(445) 211.
    Reginald Lannister(234) hit Jeor Mormont(455) 189.
    ****
    Jeor Mormont(266) took 25 damage as DOT.
    Reginald Lannister(234) took 20 damage as DOT.
    Jeor Mormont(241) hit Reginald Lannister(214) 211.
    Reginald Lannister(3) hit Jeor Mormont(241) 189.
    ****
    Jeor Mormont(52) took 50 damage as DOT.
    Reginald Lannister(3) took 40 damage as DOT.
    Jeor Mormont(2) hit Reginald Lannister(-37) 211.
    Reginald Lannister(-248) hit Jeor Mormont(2) 189.
    ****
    Both of them are dead. A draw.
  Duel between Karstarks(51) -WIL- and Paynes(36) -WIL- has begun.
    Rickard Karstark(480) hit Ilyn Payne(495) 256.
    Ilyn Payne(239) hit Rickard Karstark(480) 196.
    ****
    Rickard Karstark(284) took 25 damage as DOT.
    Ilyn Payne(239) took 25 damage as DOT.
    Rickard Karstark(259) hit Ilyn Payne(214) 256.
    Ilyn Payne(-42) hit Rickard Karstark(259) 196.
    ****
    Rickard Karstark(63) has won.
  Duel between Dormunds(34) -WHI- and Yarwycks(30) -WIL- has begun.
    Marlin Dormund(580) hit Othell Yarwyck(470) 214.
    Othell Yarwyck(256) hit Marlin Dormund(580) 195.
    ****
    Marlin Dormund(385) took 25 damage as DOT.
    Othell Yarwyck(256) took 30 damage as DOT.
    Marlin Dormund(360) hit Othell Yarwyck(226) 214.
    Othell Yarwyck(12) hit Marlin Dormund(360) 195.
    ****
    Marlin Dormund(165) took 50 damage as DOT.
    Othell Yarwyck(12) took 60 damage as DOT.
    Marlin Dormund(115) hit Othell Yarwyck(-48) 214.
    Othell Yarwyck(-262) hit Marlin Dormund(115) 195.
    ****
    Both of them are dead. A draw.
  Duel between House Stark(50) -WIZ- and House Frey(50) -WIZ- has begun.
    Ramsay Bolton(480) hit Lancel Lannister(470) 235.
    Lancel Lannister(235) hit Ramsay Bolton(480) 185.
    ****
    Ramsay Bolton(295) took 20 damage as DOT.
    Lancel Lannister(235) took 20 damage as DOT.
    Ramsay Bolton(275) hit Lancel Lannister(215) 235.
    Lancel Lannister(-20) hit Ramsay Bolton(275) 185.
    ****
    Ramsay Bolton(90) has won.
  The North got 7 house points. The Westernlands got 0 house points.

The winner is: The North with currently 4 kingdom points.
---------------
---------------
Duel 8: The Iron Islands vs The Vale of Arryn
  Duel between Goodbrothers(12) -WIZ- and Lynderlys(9) -WIZ- has begun.
    Urragon Goodbrother(475) hit Jon Lynderly(490) 97.
    Jon Lynderly(393) hit Urragon Goodbrother(475) 124.
    ****
    Urragon Goodbrother(351) took 20 damage as DOT.
    Jon Lynderly(393) took 20 damage as DOT.
    Urragon Goodbrother(331) hit Jon Lynderly(373) 97.
    Jon Lynderly(276) hit Urragon Goodbrother(331) 124.
    ****
    Urragon Goodbrother(207) took 40 damage as DOT.
    Jon Lynderly(276) took 40 damage as DOT.
    Urragon Goodbrother(167) hit Jon Lynderly(236) 97.
    Jon Lynderly(139) hit Urragon Goodbrother(167) 124.
    ****
    Urragon Goodbrother(43) took 60 damage as DOT.
    Jon Lynderly(139) took 60 damage as DOT.
    Urragon Goodbrother(-17) hit Jon Lynderly(79) 97.
    Jon Lynderly(-18) hit Urragon Goodbrother(-17) 124.
    ****
    Both of them are dead. A draw.
  Duel between Harlaws(12) -WIZ- and Corbrays(15) -WIZ- has begun.
    Alannys Harlaw(525) hit Vance Corbray(565) 112.
    Vance Corbray(453) hit Alannys Harlaw(525) 130.
    ****
    Alannys Harlaw(395) took 20 damage as DOT.
    Vance Corbray(453) took 20 damage as DOT.
    Alannys Harlaw(375) hit Vance Corbray(433) 112.
    Vance Corbray(321) hit Alannys Harlaw(375) 130.
    ****
    Alannys Harlaw(245) took 40 damage as DOT.
    Vance Corbray(321) took 40 damage as DOT.
    Alannys Harlaw(205) hit Vance Corbray(281) 112.
    Vance Corbray(169) hit Alannys Harlaw(205) 130.
    ****
    Alannys Harlaw(75) took 60 damage as DOT.
    Vance Corbray(169) took 60 damage as DOT.
    Alannys Harlaw(15) hit Vance Corbray(109) 112.
    Vance Corbray(-3) hit Alannys Harlaw(15) 130.
    ****
    Both of them are dead. A draw.
  Duel between Merlyns(12) -WIL- and Tolletts(21) -WIL- has begun.
    Meldred Merlyn(425) hit Eddison Tollett(465) 122.
    Eddison Tollett(343) hit Meldred Merlyn(425) 166.
    ****
    Meldred Merlyn(259) took 25 damage as DOT.
    Eddison Tollett(343) took 25 damage as DOT.
    Meldred Merlyn(234) hit Eddison Tollett(318) 122.
    Eddison Tollett(196) hit Meldred Merlyn(234) 166.
    ****
    Meldred Merlyn(68) took 50 damage as DOT.
    Eddison Tollett(196) took 50 damage as DOT.
    Meldred Merlyn(18) hit Eddison Tollett(146) 122.
    Eddison Tollett(24) hit Meldred Merlyn(18) 166.
    ****
    Eddison Tollett(24) has won.
  Duel between Goodbrothers(12) -WIZ- and Corbrays(15) -WIZ- has begun.
    Urragon Goodbrother(475) hit Vance Corbray(565) 97.
    Vance Corbray(468) hit Urragon Goodbrother(475) 130.
    ****
    Urragon Goodbrother(345) took 20 damage as DOT.
    Vance Corbray(468) took 20 damage as DOT.
    Urragon Goodbrother(325) hit Vance Corbray(448) 97.
    Vance Corbray(351) hit Urragon Goodbrother(325) 130.
    ****
    Urragon Goodbrother(195) took 40 damage as DOT.
    Vance Corbray(351) took 40 damage as DOT.
    Urragon Goodbrother(155) hit Vance Corbray(311) 97.
    Vance Corbray(214) hit Urragon Goodbrother(155) 130.
    ****
    Urragon Goodbrother(25) took 60 damage as DOT.
    Vance Corbray(214) took 60 damage as DOT.
    Urragon Goodbrother(-35) hit Vance Corbray(154) 97.
    Vance Corbray(57) hit Urragon Goodbrother(-35) 130.
    ****
    Vance Corbray(57) has won.
  Duel between Harlaws(12) -WIZ- and Tolletts(24) -WIL- has begun.
    Alannys Harlaw(525) hit Eddison Tollett(465) 112.
    Eddison Tollett(353) hit Alannys Harlaw(525) 169.
    ****
    Alannys Harlaw(356) took 25 damage as DOT.
    Eddison Tollett(353) took 20 damage as DOT.
    Alannys Harlaw(331) hit Eddison Tollett(333) 112.
    Eddison Tollett(221) hit Alannys Harlaw(331) 169.
    ****
    Alannys Harlaw(162) took 50 damage as DOT.
    Eddison Tollett(221) took 40 damage as DOT.
    Alannys Harlaw(112) hit Eddison Tollett(181) 112.
    Eddison Tollett(69) hit Alannys Harlaw(112) 169.
    ****
    Eddison Tollett(69) has won.
  Duel between Merlyns(9) -WIL- and Lynderlys(9) -WIZ- has begun.
    Meldred Merlyn(425) hit Jon Lynderly(490) 119.
    Jon Lynderly(371) hit Meldred Merlyn(425) 124.
    ****
    Meldred Merlyn(301) took 20 damage as DOT.
    Jon Lynderly(371) took 25 damage as DOT.
    Meldred Merlyn(281) hit Jon Lynderly(346) 119.
    Jon Lynderly(227) hit Meldred Merlyn(281) 124.
    ****
    Meldred Merlyn(157) took 40 damage as DOT.
    Jon Lynderly(227) took 50 damage as DOT.
    Meldred Merlyn(117) hit Jon Lynderly(177) 119.
    Jon Lynderly(58) hit Meldred Merlyn(117) 124.
    ****
    Jon Lynderly(58) has won.
  Duel between Goodbrothers(9) -WIZ- and Tolletts(27) -WIL- has begun.
    Urragon Goodbrother(475) hit Eddison Tollett(465) 94.
    Eddison Tollett(371) hit Urragon Goodbrother(475) 172.
    ****
    Urragon Goodbrother(303) took 25 damage as DOT.
    Eddison Tollett(371) took 20 damage as DOT.
    Urragon Goodbrother(278) hit Eddison Tollett(351) 94.
    Eddison Tollett(257) hit Urragon Goodbrother(278) 172.
    ****
    Urragon Goodbrother(106) took 50 damage as DOT.
    Eddison Tollett(257) took 40 damage as DOT.
    Urragon Goodbrother(56) hit Eddison Tollett(217) 94.
    Eddison Tollett(123) hit Urragon Goodbrother(56) 172.
    ****
    Eddison Tollett(123) has won.
  Duel between Harlaws(9) -WIZ- and Lynderlys(12) -WIZ- has begun.
    Alannys Harlaw(525) hit Jon Lynderly(490) 109.
    Jon Lynderly(381) hit Alannys Harlaw(525) 127.
    ****
    Alannys Harlaw(398) took 20 damage as DOT.
    Jon Lynderly(381) took 20 damage as DOT.
    Alannys Harlaw(378) hit Jon Lynderly(361) 109.
    Jon Lynderly(252) hit Alannys Harlaw(378) 127.
    ****
    Alannys Harlaw(251) took 40 damage as DOT.
    Jon Lynderly(252) took 40 damage as DOT.
    Alannys Harlaw(211) hit Jon Lynderly(212) 109.
    Jon Lynderly(103) hit Alannys Harlaw(211) 127.
    ****
    Alannys Harlaw(84) took 60 damage as DOT.
    Jon Lynderly(103) took 60 damage as DOT.
    Alannys Harlaw(24) hit Jon Lynderly(43) 109.
    Jon Lynderly(-66) hit Alannys Harlaw(24) 127.
    ****
    Both of them are dead. A draw.
  Duel between Merlyns(6) -WIL- and Corbrays(18) -WIZ- has begun.
    Meldred Merlyn(425) hit Vance Corbray(565) 116.
    Vance Corbray(449) hit Meldred Merlyn(425) 133.
    ****
    Meldred Merlyn(292) took 20 damage as DOT.
    Vance Corbray(449) took 25 damage as DOT.
    Meldred Merlyn(272) hit Vance Corbray(424) 116.
    Vance Corbray(308) hit Meldred Merlyn(272) 133.
    ****
    Meldred Merlyn(139) took 40 damage as DOT.
    Vance Corbray(308) took 50 damage as DOT.
    Meldred Merlyn(99) hit Vance Corbray(258) 116.
    Vance Corbray(142) hit Meldred Merlyn(99) 133.
    ****
    Vance Corbray(142) has won.
  Duel between House Greyjoy(50) -WHI- and House Arryn(45) -WIZ- has begun.
    Theon Greyjoy(675) hit Robin Arryn(540) 140.
    Robin Arryn(400) hit Theon Greyjoy(675) 175.
    ****
    Theon Greyjoy(500) took 20 damage as DOT.
    Robin Arryn(400) took 30 damage as DOT.
    Theon Greyjoy(480) hit Robin Arryn(370) 140.
    Robin Arryn(230) hit Theon Greyjoy(480) 175.
    ****
    Theon Greyjoy(305) took 40 damage as DOT.
    Robin Arryn(230) took 60 damage as DOT.
    Theon Greyjoy(265) hit Robin Arryn(170) 140.
    Robin Arryn(30) hit Theon Greyjoy(265) 175.
    ****
    Theon Greyjoy(90) took 60 damage as DOT.
    Robin Arryn(30) took 90 damage as DOT.
    Theon Greyjoy(30) hit Robin Arryn(-60) 140.
    Robin Arryn(-200) hit Theon Greyjoy(30) 175.
    ****
    Both of them are dead. A draw.
  The Iron Islands got 0 house points. The Vale of Arryn got 6 house points.

The winner is: The Vale of Arryn with currently 1 kingdom points.
---------------
---------------
Duel 9: The Reach vs The Westernlands
  Duel between Tarlys(45) -WHI- and Paynes(33) -WIL- has begun.
    Randyll Tarly(633) hit Ilyn Payne(495) 168.
    Ilyn Payne(327) hit Randyll Tarly(633) 193.
    ****
    Randyll Tarly(440) took 25 damage as DOT.
    Ilyn Payne(327) took 30 damage as DOT.
    Randyll Tarly(415) hit Ilyn Payne(297) 168.
    Ilyn Payne(129) hit Randyll Tarly(415) 193.
    ****
    Randyll Tarly(222) took 50 damage as DOT.
    Ilyn Payne(129) took 60 damage as DOT.
    Randyll Tarly(172) hit Ilyn Payne(69) 168.
    Ilyn Payne(-99) hit Randyll Tarly(172) 193.
    ****
    Both of them are dead. A draw.
  Duel between Ashfords(48) -WHI- and Yarwycks(30) -WIL- has begun.
    Lord Ashford(708) hit Othell Yarwyck(470) 171.
    Othell Yarwyck(299) hit Lord Ashford(708) 195.
    ****
    Lord Ashford(513) took 25 damage as DOT.
    Othell Yarwyck(299) took 30 damage as DOT.
    Lord Ashford(488) hit Othell Yarwyck(269) 171.
    Othell Yarwyck(98) hit Lord Ashford(488) 195.
    ****
    Lord Ashford(293) took 50 damage as DOT.
    Othell Yarwyck(98) took 60 damage as DOT.
    Lord Ashford(243) hit Othell Yarwyck(38) 171.
    Othell Yarwyck(-133) hit Lord Ashford(243) 195.
    ****
    Lord Ashford(48) has won.
  Duel between Hightowers(45) -WIL- and Lannister of Lannisports(24) -WIL- has begun.
    Leyton Hightower(508) hit Reginald Lannister(445) 193.
    Reginald Lannister(252) hit Leyton Hightower(508) 189.
    ****
    Leyton Hightower(319) took 25 damage as DOT.
    Reginald Lannister(252) took 25 damage as DOT.
    Leyton Hightower(294) hit Reginald Lannister(227) 193.
    Reginald Lannister(34) hit Leyton Hightower(294) 189.
    ****
    Leyton Hightower(105) took 50 damage as DOT.
    Reginald Lannister(34) took 50 damage as DOT.
    Leyton Hightower(55) hit Reginald Lannister(-16) 193.
    Reginald Lannister(-209) hit Leyton Hightower(55) 189.
    ****
    Both of them are dead. A draw.
  Duel between Tarlys(45) -WHI- and Yarwycks(27) -WIL- has begun.
    Randyll Tarly(633) hit Othell Yarwyck(470) 168.
    Othell Yarwyck(302) hit Randyll Tarly(633) 192.
    ****
    Randyll Tarly(441) took 25 damage as DOT.
    Othell Yarwyck(302) took 30 damage as DOT.
    Randyll Tarly(416) hit Othell Yarwyck(272) 168.
    Othell Yarwyck(104) hit Randyll Tarly(416) 192.
    ****
    Randyll Tarly(224) took 50 damage as DOT.
    Othell Yarwyck(104) took 60 damage as DOT.
    Randyll Tarly(174) hit Othell Yarwyck(44) 168.
    Othell Yarwyck(-124) hit Randyll Tarly(174) 192.
    ****
    Both of them are dead. A draw.
  Duel between Ashfords(51) -WHI- and Lannister of Lannisports(24) -WIL- has begun.
    Lord Ashford(708) hit Reginald Lannister(445) 174.
    Reginald Lannister(271) hit Lord Ashford(708) 189.
    ****
    Lord Ashford(519) took 25 damage as DOT.
    Reginald Lannister(271) took 30 damage as DOT.
    Lord Ashford(494) hit Reginald Lannister(241) 174.
    Reginald Lannister(67) hit Lord Ashford(494) 189.
    ****
    Lord Ashford(305) took 50 damage as DOT.
    Reginald Lannister(67) took 60 damage as DOT.
    Lord Ashford(255) hit Reginald Lannister(7) 174.
    Reginald Lannister(-167) hit Lord Ashford(255) 189.
    ****
    Lord Ashford(66) has won.
  Duel between Hightowers(45) -WIL- and Paynes(33) -WIL- has begun.
    Leyton Hightower(508) hit Ilyn Payne(495) 193.
    Ilyn Payne(302) hit Leyton Hightower(508) 193.
    ****
    Leyton Hightower(315) took 25 damage as DOT.
    Ilyn Payne(302) took 25 damage as DOT.
    Leyton Hightower(290) hit Ilyn Payne(277) 193.
    Ilyn Payne(84) hit Leyton Hightower(290) 193.
    ****
    Leyton Hightower(97) took 50 damage as DOT.
    Ilyn Payne(84) took 50 damage as DOT.
    Leyton Hightower(47) hit Ilyn Payne(34) 193.
    Ilyn Payne(-159) hit Leyton Hightower(47) 193.
    ****
    Both of them are dead. A draw.
  Duel between Tarlys(45) -WHI- and Lannister of Lannisports(21) -WIL- has begun.
    Randyll Tarly(633) hit Reginald Lannister(445) 168.
    Reginald Lannister(277) hit Randyll Tarly(633) 186.
    ****
    Randyll Tarly(447) took 25 damage as DOT.
    Reginald Lannister(277) took 30 damage as DOT.
    Randyll Tarly(422) hit Reginald Lannister(247) 168.
    Reginald Lannister(79) hit Randyll Tarly(422) 186.
    ****
    Randyll Tarly(236) took 50 damage as DOT.
    Reginald Lannister(79) took 60 damage as DOT.
    Randyll Tarly(186) hit Reginald Lannister(19) 168.
    Reginald Lannister(-149) hit Randyll Tarly(186) 186.
    ****
    Both of them are dead. A draw.
  Duel between Ashfords(54) -WHI- and Paynes(33) -WIL- has begun.
    Lord Ashford(708) hit Ilyn Payne(495) 177.
    Ilyn Payne(318) hit Lord Ashford(708) 193.
    ****
    Lord Ashford(515) took 25 damage as DOT.
    Ilyn Payne(318) took 30 damage as DOT.
    Lord Ashford(490) hit Ilyn Payne(288) 177.
    Ilyn Payne(111) hit Lord Ashford(490) 193.
    ****
    Lord Ashford(297) took 50 damage as DOT.
    Ilyn Payne(111) took 60 damage as DOT.
    Lord Ashford(247) hit Ilyn Payne(51) 177.
    Ilyn Payne(-126) hit Lord Ashford(247) 193.
    ****
    Lord Ashford(54) has won.
  Duel between Hightowers(45) -WIL- and Yarwycks(27) -WIL- has begun.
    Leyton Hightower(508) hit Othell Yarwyck(470) 193.
    Othell Yarwyck(277) hit Leyton Hightower(508) 192.
    ****
    Leyton Hightower(316) took 25 damage as DOT.
    Othell Yarwyck(277) took 25 damage as DOT.
    Leyton Hightower(291) hit Othell Yarwyck(252) 193.
    Othell Yarwyck(59) hit Leyton Hightower(291) 192.
    ****
    Leyton Hightower(99) took 50 damage as DOT.
    Othell Yarwyck(59) took 50 damage as DOT.
    Leyton Hightower(49) hit Othell Yarwyck(9) 193.
    Othell Yarwyck(-184) hit Leyton Hightower(49) 192.
    ****
    Both of them are dead. A draw.
  Duel between House Lannister(55) -WHI- and House Frey(37) -WIZ- has begun.
    Luthor Tyrell(658) hit Lancel Lannister(470) 178.
    Lancel Lannister(292) hit Luthor Tyrell(658) 172.
    ****
    Luthor Tyrell(486) took 20 damage as DOT.
    Lancel Lannister(292) took 30 damage as DOT.
    Luthor Tyrell(466) hit Lancel Lannister(262) 178.
    Lancel Lannister(84) hit Luthor Tyrell(466) 172.
    ****
    Luthor Tyrell(294) took 40 damage as DOT.
    Lancel Lannister(84) took 60 damage as DOT.
    Luthor Tyrell(254) hit Lancel Lannister(24) 178.
    Lancel Lannister(-154) hit Luthor Tyrell(254) 172.
    ****
    Luthor Tyrell(82) has won.
  The Reach got 6 house points. The Westernlands got 0 house points.

The winner is: The Reach with currently 3 kingdom points.
---------------
---------------
Duel 10: The Iron Islands vs The Westernlands
  Duel between Goodbrothers(6) -WIZ- and Paynes(30) -WIL- has begun.
    Urragon Goodbrother(475) hit Ilyn Payne(495) 91.
    Ilyn Payne(404) hit Urragon Goodbrother(475) 190.
    ****
    Urragon Goodbrother(285) took 25 damage as DOT.
    Ilyn Payne(404) took 20 damage as DOT.
    Urragon Goodbrother(260) hit Ilyn Payne(384) 91.
    Ilyn Payne(293) hit Urragon Goodbrother(260) 190.
    ****
    Urragon Goodbrother(70) took 50 damage as DOT.
    Ilyn Payne(293) took 40 damage as DOT.
    Urragon Goodbrother(20) hit Ilyn Payne(253) 91.
    Ilyn Payne(162) hit Urragon Goodbrother(20) 190.
    ****
    Ilyn Payne(162) has won.
  Duel between Harlaws(9) -WIZ- and Yarwycks(27) -WIL- has begun.
    Alannys Harlaw(525) hit Othell Yarwyck(470) 109.
    Othell Yarwyck(361) hit Alannys Harlaw(525) 192.
    ****
    Alannys Harlaw(333) took 25 damage as DOT.
    Othell Yarwyck(361) took 20 damage as DOT.
    Alannys Harlaw(308) hit Othell Yarwyck(341) 109.
    Othell Yarwyck(232) hit Alannys Harlaw(308) 192.
    ****
    Alannys Harlaw(116) took 50 damage as DOT.
    Othell Yarwyck(232) took 40 damage as DOT.
    Alannys Harlaw(66) hit Othell Yarwyck(192) 109.
    Othell Yarwyck(83) hit Alannys Harlaw(66) 192.
    ****
    Othell Yarwyck(83) has won.
  Duel between Merlyns(3) -WIL- and Lannister of Lannisports(21) -WIL- has begun.
    Meldred Merlyn(425) hit Reginald Lannister(445) 113.
    Reginald Lannister(332) hit Meldred Merlyn(425) 186.
    ****
    Meldred Merlyn(239) took 25 damage as DOT.
    Reginald Lannister(332) took 25 damage as DOT.
    Meldred Merlyn(214) hit Reginald Lannister(307) 113.
    Reginald Lannister(194) hit Meldred Merlyn(214) 186.
    ****
    Meldred Merlyn(28) took 50 damage as DOT.
    Reginald Lannister(194) took 50 damage as DOT.
    Meldred Merlyn(-22) hit Reginald Lannister(144) 113.
    Reginald Lannister(31) hit Meldred Merlyn(-22) 186.
    ****
    Reginald Lannister(31) has won.
  Duel between Goodbrothers(3) -WIZ- and Yarwycks(30) -WIL- has begun.
    Urragon Goodbrother(475) hit Othell Yarwyck(470) 88.
    Othell Yarwyck(382) hit Urragon Goodbrother(475) 195.
    ****
    Urragon Goodbrother(280) took 25 damage as DOT.
    Othell Yarwyck(382) took 20 damage as DOT.
    Urragon Goodbrother(255) hit Othell Yarwyck(362) 88.
    Othell Yarwyck(274) hit Urragon Goodbrother(255) 195.
    ****
    Urragon Goodbrother(60) took 50 damage as DOT.
    Othell Yarwyck(274) took 40 damage as DOT.
    Urragon Goodbrother(10) hit Othell Yarwyck(234) 88.
    Othell Yarwyck(146) hit Urragon Goodbrother(10) 195.
    ****
    Othell Yarwyck(146) has won.
  Duel between Harlaws(6) -WIZ- and Lannister of Lannisports(24) -WIL- has begun.
    Alannys Harlaw(525) hit Reginald Lannister(445) 106.
    Reginald Lannister(339) hit Alannys Harlaw(525) 189.
    ****
    Alannys Harlaw(336) took 25 damage as DOT.
    Reginald Lannister(339) took 20 damage as DOT.
    Alannys Harlaw(311) hit Reginald Lannister(319) 106.
    Reginald Lannister(213) hit Alannys Harlaw(311) 189.
    ****
    Alannys Harlaw(122) took 50 damage as DOT.
    Reginald Lannister(213) took 40 damage as DOT.
    Alannys Harlaw(72) hit Reginald Lannister(173) 106.
    Reginald Lannister(67) hit Alannys Harlaw(72) 189.
    ****
    Reginald Lannister(67) has won.
  Duel between Merlyns(0) -WIL- and Paynes(33) -WIL- has begun.
    Meldred Merlyn(425) hit Ilyn Payne(495) 110.
    Ilyn Payne(385) hit Meldred Merlyn(425) 193.
    ****
    Meldred Merlyn(232) took 25 damage as DOT.
    Ilyn Payne(385) took 25 damage as DOT.
    Meldred Merlyn(207) hit Ilyn Payne(360) 110.
    Ilyn Payne(250) hit Meldred Merlyn(207) 193.
    ****
    Meldred Merlyn(14) took 50 damage as DOT.
    Ilyn Payne(250) took 50 damage as DOT.
    Meldred Merlyn(-36) hit Ilyn Payne(200) 110.
    Ilyn Payne(90) hit Meldred Merlyn(-36) 193.
    ****
    Ilyn Payne(90) has won.
  Duel between Goodbrothers(0) -WIZ- and Lannister of Lannisports(27) -WIL- has begun.
    Urragon Goodbrother(475) hit Reginald Lannister(445) 85.
    Reginald Lannister(360) hit Urragon Goodbrother(475) 192.
    ****
    Urragon Goodbrother(283) took 25 damage as DOT.
    Reginald Lannister(360) took 20 damage as DOT.
    Urragon Goodbrother(258) hit Reginald Lannister(340) 85.
    Reginald Lannister(255) hit Urragon Goodbrother(258) 192.
    ****
    Urragon Goodbrother(66) took 50 damage as DOT.
    Reginald Lannister(255) took 40 damage as DOT.
    Urragon Goodbrother(16) hit Reginald Lannister(215) 85.
    Reginald Lannister(130) hit Urragon Goodbrother(16) 192.
    ****
    Reginald Lannister(130) has won.
  Duel between Harlaws(3) -WIZ- and Paynes(36) -WIL- has begun.
    Alannys Harlaw(525) hit Ilyn Payne(495) 103.
    Ilyn Payne(392) hit Alannys Harlaw(525) 196.
    ****
    Alannys Harlaw(329) took 25 damage as DOT.
    Ilyn Payne(392) took 20 damage as DOT.
    Alannys Harlaw(304) hit Ilyn Payne(372) 103.
    Ilyn Payne(269) hit Alannys Harlaw(304) 196.
    ****
    Alannys Harlaw(108) took 50 damage as DOT.
    Ilyn Payne(269) took 40 damage as DOT.
    Alannys Harlaw(58) hit Ilyn Payne(229) 103.
    Ilyn Payne(126) hit Alannys Harlaw(58) 196.
    ****
    Ilyn Payne(126) has won.
  Duel between Merlyns(0) -WIL- and Yarwycks(33) -WIL- has begun.
    Meldred Merlyn(425) hit Othell Yarwyck(470) 110.
    Othell Yarwyck(360) hit Meldred Merlyn(425) 198.
    ****
    Meldred Merlyn(227) took 25 damage as DOT.
    Othell Yarwyck(360) took 25 damage as DOT.
    Meldred Merlyn(202) hit Othell Yarwyck(335) 110.
    Othell Yarwyck(225) hit Meldred Merlyn(202) 198.
    ****
    Meldred Merlyn(4) took 50 damage as DOT.
    Othell Yarwyck(225) took 50 damage as DOT.
    Meldred Merlyn(-46) hit Othell Yarwyck(175) 110.
    Othell Yarwyck(65) hit Meldred Merlyn(-46) 198.
    ****
    Othell Yarwyck(65) has won.
  Duel between House Greyjoy(50) -WHI- and House Frey(32) -WIZ- has begun.
    Theon Greyjoy(675) hit Lancel Lannister(470) 140.
    Lancel Lannister(330) hit Theon Greyjoy(675) 167.
    ****
    Theon Greyjoy(508) took 20 damage as DOT.
    Lancel Lannister(330) took 30 damage as DOT.
    Theon Greyjoy(488) hit Lancel Lannister(300) 140.
    Lancel Lannister(160) hit Theon Greyjoy(488) 167.
    ****
    Theon Greyjoy(321) took 40 damage as DOT.
    Lancel Lannister(160) took 60 damage as DOT.
    Theon Greyjoy(281) hit Lancel Lannister(100) 140.
    Lancel Lannister(-40) hit Theon Greyjoy(281) 167.
    ****
    Theon Greyjoy(114) has won.
  The Iron Islands got 3 house points. The Westernlands got 9 house points.

The winner is: The Westernlands with currently 2 kingdom points.
---------------
The War is over. The new owner of King's Landing is The North with a total of 4 points.

