War has started with 5 kingdoms.
---------------
Duel 1: The North vs The Riverlands
  Duel between Manderlys(30) -WHI- and Brackens(30) -WIL- has begun.
    Wendel Manderly(650) hit Jonos Bracken(490) 190.
    Jonos Bracken(300) hit Wendel Manderly(650) 175.
    ****
    Wendel Manderly(475) took 25 damage as DOT.
    Jonos Bracken(300) took 30 damage as DOT.
    Wendel Manderly(450) hit Jonos Bracken(270) 190.
    Jonos Bracken(80) hit Wendel Manderly(450) 175.
    ****
    Wendel Manderly(275) took 50 damage as DOT.
    Jonos Bracken(80) took 60 damage as DOT.
    Wendel Manderly(225) hit Jonos Bracken(20) 190.
    Jonos Bracken(-170) hit Wendel Manderly(225) 175.
    ****
    Wendel Manderly(50) has won.
  Duel between Umbers(30) -WHI- and Smallwoods(30) -WIL- has begun.
    Greatjon Umber(625) hit Theomar Smallwood(515) 190.
    Theomar Smallwood(325) hit Greatjon Umber(625) 175.
    ****
    Greatjon Umber(450) took 25 damage as DOT.
    Theomar Smallwood(325) took 30 damage as DOT.
    Greatjon Umber(425) hit Theomar Smallwood(295) 190.
    Theomar Smallwood(105) hit Greatjon Umber(425) 175.
    ****
    Greatjon Umber(250) took 50 damage as DOT.
    Theomar Smallwood(105) took 60 damage as DOT.
    Greatjon Umber(200) hit Theomar Smallwood(45) 190.
    Theomar Smallwood(-145) hit Greatjon Umber(200) 175.
    ****
    Greatjon Umber(25) has won.
  Duel between Mormonts(30) -WIZ- and Mootons(30) -WHI- has begun.
    Jeor Mormont(450) hit William Mooton(665) 200.
    William Mooton(465) hit Jeor Mormont(450) 150.
    ****
    Jeor Mormont(300) took 30 damage as DOT.
    William Mooton(465) took 20 damage as DOT.
    Jeor Mormont(270) hit William Mooton(445) 200.
    William Mooton(245) hit Jeor Mormont(270) 150.
    ****
    Jeor Mormont(120) took 60 damage as DOT.
    William Mooton(245) took 40 damage as DOT.
    Jeor Mormont(60) hit William Mooton(205) 200.
    William Mooton(5) hit Jeor Mormont(60) 150.
    ****
    William Mooton(5) has won.
  Duel between Manderlys(33) -WHI- and Smallwoods(27) -WIL- has begun.
    Wendel Manderly(650) hit Theomar Smallwood(515) 193.
    Theomar Smallwood(322) hit Wendel Manderly(650) 172.
    ****
    Wendel Manderly(478) took 25 damage as DOT.
    Theomar Smallwood(322) took 30 damage as DOT.
    Wendel Manderly(453) hit Theomar Smallwood(292) 193.
    Theomar Smallwood(99) hit Wendel Manderly(453) 172.
    ****
    Wendel Manderly(281) took 50 damage as DOT.
    Theomar Smallwood(99) took 60 damage as DOT.
    Wendel Manderly(231) hit Theomar Smallwood(39) 193.
    Theomar Smallwood(-154) hit Wendel Manderly(231) 172.
    ****
    Wendel Manderly(59) has won.
  Duel between Umbers(33) -WHI- and Mootons(33) -WHI- has begun.
    Greatjon Umber(625) hit William Mooton(665) 193.
    William Mooton(472) hit Greatjon Umber(625) 153.
    ****
    Greatjon Umber(472) took 30 damage as DOT.
    William Mooton(472) took 30 damage as DOT.
    Greatjon Umber(442) hit William Mooton(442) 193.
    William Mooton(249) hit Greatjon Umber(442) 153.
    ****
    Greatjon Umber(289) took 60 damage as DOT.
    William Mooton(249) took 60 damage as DOT.
    Greatjon Umber(229) hit William Mooton(189) 193.
    William Mooton(-4) hit Greatjon Umber(229) 153.
    ****
    Greatjon Umber(76) has won.
  Duel between Mormonts(27) -WIZ- and Brackens(27) -WIL- has begun.
    Jeor Mormont(450) hit Jonos Bracken(490) 197.
    Jonos Bracken(293) hit Jeor Mormont(450) 172.
    ****
    Jeor Mormont(278) took 25 damage as DOT.
    Jonos Bracken(293) took 20 damage as DOT.
    Jeor Mormont(253) hit Jonos Bracken(273) 197.
    Jonos Bracken(76) hit Jeor Mormont(253) 172.
    ****
    Jeor Mormont(81) took 50 damage as DOT.
    Jonos Bracken(76) took 40 damage as DOT.
    Jeor Mormont(31) hit Jonos Bracken(36) 197.
    Jonos Bracken(-161) hit Jeor Mormont(31) 172.
    ****
    Both of them are dead. A draw.
  Duel between Manderlys(36) -WHI- and Mootons(30) -WHI- has begun.
    Wendel Manderly(650) hit William Mooton(665) 196.
    William Mooton(469) hit Wendel Manderly(650) 150.
    ****
    Wendel Manderly(500) took 30 damage as DOT.
    William Mooton(469) took 30 damage as DOT.
    Wendel Manderly(470) hit William Mooton(439) 196.
    William Mooton(243) hit Wendel Manderly(470) 150.
    ****
    Wendel Manderly(320) took 60 damage as DOT.
    William Mooton(243) took 60 damage as DOT.
    Wendel Manderly(260) hit William Mooton(183) 196.
    William Mooton(-13) hit Wendel Manderly(260) 150.
    ****
    Wendel Manderly(110) has won.
  Duel between Umbers(36) -WHI- and Brackens(27) -WIL- has begun.
    Greatjon Umber(625) hit Jonos Bracken(490) 196.
    Jonos Bracken(294) hit Greatjon Umber(625) 172.
    ****
    Greatjon Umber(453) took 25 damage as DOT.
    Jonos Bracken(294) took 30 damage as DOT.
    Greatjon Umber(428) hit Jonos Bracken(264) 196.
    Jonos Bracken(68) hit Greatjon Umber(428) 172.
    ****
    Greatjon Umber(256) took 50 damage as DOT.
    Jonos Bracken(68) took 60 damage as DOT.
    Greatjon Umber(206) hit Jonos Bracken(8) 196.
    Jonos Bracken(-188) hit Greatjon Umber(206) 172.
    ****
    Greatjon Umber(34) has won.
  Duel between Mormonts(27) -WIZ- and Smallwoods(24) -WIL- has begun.
    Jeor Mormont(450) hit Theomar Smallwood(515) 197.
    Theomar Smallwood(318) hit Jeor Mormont(450) 169.
    ****
    Jeor Mormont(281) took 25 damage as DOT.
    Theomar Smallwood(318) took 20 damage as DOT.
    Jeor Mormont(256) hit Theomar Smallwood(298) 197.
    Theomar Smallwood(101) hit Jeor Mormont(256) 169.
    ****
    Jeor Mormont(87) took 50 damage as DOT.
    Theomar Smallwood(101) took 40 damage as DOT.
    Jeor Mormont(37) hit Theomar Smallwood(61) 197.
    Theomar Smallwood(-136) hit Jeor Mormont(37) 169.
    ****
    Both of them are dead. A draw.
  Duel between House Stark(50) -WIL- and House Bolton(50) -WIZ- has begun.
    Benjen Stark(475) hit Walder Frey(540) 230.
    Walder Frey(310) hit Benjen Stark(475) 170.
    ****
    Benjen Stark(305) took 20 damage as DOT.
    Walder Frey(310) took 25 damage as DOT.
    Benjen Stark(285) hit Walder Frey(285) 230.
    Walder Frey(55) hit Benjen Stark(285) 170.
    ****
    Benjen Stark(115) took 40 damage as DOT.
    Walder Frey(55) took 50 damage as DOT.
    Benjen Stark(75) hit Walder Frey(5) 230.
    Walder Frey(-225) hit Benjen Stark(75) 170.
    ****
    Both of them are dead. A draw.
  The North got 6 house points. The Riverlands got 1 house points.

The winner is: The North with currently 1 kingdom points.
---------------
---------------
Duel 2: The Riverlands vs The Crownlands
  Duel between Brackens(24) -WIL- and Slynts(30) -WIZ- has begun.
    Jonos Bracken(490) hit Janos Slynt(533) 169.
    Janos Slynt(364) hit Jonos Bracken(490) 158.
    ****
    Jonos Bracken(332) took 20 damage as DOT.
    Janos Slynt(364) took 25 damage as DOT.
    Jonos Bracken(312) hit Janos Slynt(339) 169.
    Janos Slynt(170) hit Jonos Bracken(312) 158.
    ****
    Jonos Bracken(154) took 40 damage as DOT.
    Janos Slynt(170) took 50 damage as DOT.
    Jonos Bracken(114) hit Janos Slynt(120) 169.
    Janos Slynt(-49) hit Jonos Bracken(114) 158.
    ****
    Both of them are dead. A draw.
  Duel between Smallwoods(24) -WIL- and Blounts(30) -WIL- has begun.
    Theomar Smallwood(515) hit Boros Blount(483) 169.
    Boros Blount(314) hit Theomar Smallwood(515) 178.
    ****
    Theomar Smallwood(337) took 25 damage as DOT.
    Boros Blount(314) took 25 damage as DOT.
    Theomar Smallwood(312) hit Boros Blount(289) 169.
    Boros Blount(120) hit Theomar Smallwood(312) 178.
    ****
    Theomar Smallwood(134) took 50 damage as DOT.
    Boros Blount(120) took 50 damage as DOT.
    Theomar Smallwood(84) hit Boros Blount(70) 169.
    Boros Blount(-99) hit Theomar Smallwood(84) 178.
    ****
    Both of them are dead. A draw.
  Duel between Mootons(27) -WHI- and Stokeworths(30) -WHI- has begun.
    William Mooton(665) hit Tanda Stokeworth(633) 147.
    Tanda Stokeworth(486) hit William Mooton(665) 153.
    ****
    William Mooton(512) took 30 damage as DOT.
    Tanda Stokeworth(486) took 30 damage as DOT.
    William Mooton(482) hit Tanda Stokeworth(456) 147.
    Tanda Stokeworth(309) hit William Mooton(482) 153.
    ****
    William Mooton(329) took 60 damage as DOT.
    Tanda Stokeworth(309) took 60 damage as DOT.
    William Mooton(269) hit Tanda Stokeworth(249) 147.
    Tanda Stokeworth(102) hit William Mooton(269) 153.
    ****
    William Mooton(116) took 90 damage as DOT.
    Tanda Stokeworth(102) took 90 damage as DOT.
    William Mooton(26) hit Tanda Stokeworth(12) 147.
    Tanda Stokeworth(-135) hit William Mooton(26) 153.
    ****
    Both of them are dead. A draw.
  Duel between Brackens(24) -WIL- and Blounts(30) -WIL- has begun.
    Jonos Bracken(490) hit Boros Blount(483) 169.
    Boros Blount(314) hit Jonos Bracken(490) 178.
    ****
    Jonos Bracken(312) took 25 damage as DOT.
    Boros Blount(314) took 25 damage as DOT.
    Jonos Bracken(287) hit Boros Blount(289) 169.
    Boros Blount(120) hit Jonos Bracken(287) 178.
    ****
    Jonos Bracken(109) took 50 damage as DOT.
    Boros Blount(120) took 50 damage as DOT.
    Jonos Bracken(59) hit Boros Blount(70) 169.
    Boros Blount(-99) hit Jonos Bracken(59) 178.
    ****
    Both of them are dead. A draw.
  Duel between Smallwoods(24) -WIL- and Stokeworths(30) -WHI- has begun.
    Theomar Smallwood(515) hit Tanda Stokeworth(633) 169.
    Tanda Stokeworth(464) hit Theomar Smallwood(515) 153.
    ****
    Theomar Smallwood(362) took 30 damage as DOT.
    Tanda Stokeworth(464) took 25 damage as DOT.
    Theomar Smallwood(332) hit Tanda Stokeworth(439) 169.
    Tanda Stokeworth(270) hit Theomar Smallwood(332) 153.
    ****
    Theomar Smallwood(179) took 60 damage as DOT.
    Tanda Stokeworth(270) took 50 damage as DOT.
    Theomar Smallwood(119) hit Tanda Stokeworth(220) 169.
    Tanda Stokeworth(51) hit Theomar Smallwood(119) 153.
    ****
    Tanda Stokeworth(51) has won.
  Duel between Mootons(27) -WHI- and Slynts(30) -WIZ- has begun.
    William Mooton(665) hit Janos Slynt(533) 147.
    Janos Slynt(386) hit William Mooton(665) 158.
    ****
    William Mooton(507) took 20 damage as DOT.
    Janos Slynt(386) took 30 damage as DOT.
    William Mooton(487) hit Janos Slynt(356) 147.
    Janos Slynt(209) hit William Mooton(487) 158.
    ****
    William Mooton(329) took 40 damage as DOT.
    Janos Slynt(209) took 60 damage as DOT.
    William Mooton(289) hit Janos Slynt(149) 147.
    Janos Slynt(2) hit William Mooton(289) 158.
    ****
    William Mooton(131) took 60 damage as DOT.
    Janos Slynt(2) took 90 damage as DOT.
    William Mooton(71) hit Janos Slynt(-88) 147.
    Janos Slynt(-235) hit William Mooton(71) 158.
    ****
    Both of them are dead. A draw.
  Duel between Brackens(24) -WIL- and Stokeworths(33) -WHI- has begun.
    Jonos Bracken(490) hit Tanda Stokeworth(633) 169.
    Tanda Stokeworth(464) hit Jonos Bracken(490) 156.
    ****
    Jonos Bracken(334) took 30 damage as DOT.
    Tanda Stokeworth(464) took 25 damage as DOT.
    Jonos Bracken(304) hit Tanda Stokeworth(439) 169.
    Tanda Stokeworth(270) hit Jonos Bracken(304) 156.
    ****
    Jonos Bracken(148) took 60 damage as DOT.
    Tanda Stokeworth(270) took 50 damage as DOT.
    Jonos Bracken(88) hit Tanda Stokeworth(220) 169.
    Tanda Stokeworth(51) hit Jonos Bracken(88) 156.
    ****
    Tanda Stokeworth(51) has won.
  Duel between Smallwoods(21) -WIL- and Slynts(30) -WIZ- has begun.
    Theomar Smallwood(515) hit Janos Slynt(533) 166.
    Janos Slynt(367) hit Theomar Smallwood(515) 158.
    ****
    Theomar Smallwood(357) took 20 damage as DOT.
    Janos Slynt(367) took 25 damage as DOT.
    Theomar Smallwood(337) hit Janos Slynt(342) 166.
    Janos Slynt(176) hit Theomar Smallwood(337) 158.
    ****
    Theomar Smallwood(179) took 40 damage as DOT.
    Janos Slynt(176) took 50 damage as DOT.
    Theomar Smallwood(139) hit Janos Slynt(126) 166.
    Janos Slynt(-40) hit Theomar Smallwood(139) 158.
    ****
    Both of them are dead. A draw.
  Duel between Mootons(27) -WHI- and Blounts(30) -WIL- has begun.
    William Mooton(665) hit Boros Blount(483) 147.
    Boros Blount(336) hit William Mooton(665) 178.
    ****
    William Mooton(487) took 25 damage as DOT.
    Boros Blount(336) took 30 damage as DOT.
    William Mooton(462) hit Boros Blount(306) 147.
    Boros Blount(159) hit William Mooton(462) 178.
    ****
    William Mooton(284) took 50 damage as DOT.
    Boros Blount(159) took 60 damage as DOT.
    William Mooton(234) hit Boros Blount(99) 147.
    Boros Blount(-48) hit William Mooton(234) 178.
    ****
    William Mooton(56) has won.
  Duel between House Bolton(50) -WIZ- and House Baratheon(50) -WIL- has begun.
    Walder Frey(540) hit Aerys II Targaryen(508) 170.
    Aerys II Targaryen(338) hit Walder Frey(540) 198.
    ****
    Walder Frey(342) took 25 damage as DOT.
    Aerys II Targaryen(338) took 20 damage as DOT.
    Walder Frey(317) hit Aerys II Targaryen(318) 170.
    Aerys II Targaryen(148) hit Walder Frey(317) 198.
    ****
    Walder Frey(119) took 50 damage as DOT.
    Aerys II Targaryen(148) took 40 damage as DOT.
    Walder Frey(69) hit Aerys II Targaryen(108) 170.
    Aerys II Targaryen(-62) hit Walder Frey(69) 198.
    ****
    Both of them are dead. A draw.
  The Riverlands got 1 house points. The Crownlands got 2 house points.

The winner is: The Crownlands with currently 1 kingdom points.
---------------
---------------
Duel 3: The Crownlands vs The Iron Islands
  Duel between Slynts(30) -WIZ- and Sparrs(30) -WIL- has begun.
    Janos Slynt(533) hit Lord Sparr(470) 158.
    Lord Sparr(312) hit Janos Slynt(533) 190.
    ****
    Janos Slynt(343) took 25 damage as DOT.
    Lord Sparr(312) took 20 damage as DOT.
    Janos Slynt(318) hit Lord Sparr(292) 158.
    Lord Sparr(134) hit Janos Slynt(318) 190.
    ****
    Janos Slynt(128) took 50 damage as DOT.
    Lord Sparr(134) took 40 damage as DOT.
    Janos Slynt(78) hit Lord Sparr(94) 158.
    Lord Sparr(-64) hit Janos Slynt(78) 190.
    ****
    Both of them are dead. A draw.
  Duel between Blounts(27) -WIL- and Kennings(30) -WHI- has begun.
    Boros Blount(483) hit Ralf Kenning(670) 175.
    Ralf Kenning(495) hit Boros Blount(483) 170.
    ****
    Boros Blount(313) took 30 damage as DOT.
    Ralf Kenning(495) took 25 damage as DOT.
    Boros Blount(283) hit Ralf Kenning(470) 175.
    Ralf Kenning(295) hit Boros Blount(283) 170.
    ****
    Boros Blount(113) took 60 damage as DOT.
    Ralf Kenning(295) took 50 damage as DOT.
    Boros Blount(53) hit Ralf Kenning(245) 175.
    Ralf Kenning(70) hit Boros Blount(53) 170.
    ****
    Ralf Kenning(70) has won.
  Duel between Stokeworths(36) -WHI- and Goodbrothers(30) -WIZ- has begun.
    Tanda Stokeworth(633) hit Urragon Goodbrother(545) 159.
    Urragon Goodbrother(386) hit Tanda Stokeworth(633) 175.
    ****
    Tanda Stokeworth(458) took 20 damage as DOT.
    Urragon Goodbrother(386) took 30 damage as DOT.
    Tanda Stokeworth(438) hit Urragon Goodbrother(356) 159.
    Urragon Goodbrother(197) hit Tanda Stokeworth(438) 175.
    ****
    Tanda Stokeworth(263) took 40 damage as DOT.
    Urragon Goodbrother(197) took 60 damage as DOT.
    Tanda Stokeworth(223) hit Urragon Goodbrother(137) 159.
    Urragon Goodbrother(-22) hit Tanda Stokeworth(223) 175.
    ****
    Tanda Stokeworth(48) has won.
  Duel between Slynts(30) -WIZ- and Kennings(33) -WHI- has begun.
    Janos Slynt(533) hit Ralf Kenning(670) 158.
    Ralf Kenning(512) hit Janos Slynt(533) 173.
    ****
    Janos Slynt(360) took 30 damage as DOT.
    Ralf Kenning(512) took 20 damage as DOT.
    Janos Slynt(330) hit Ralf Kenning(492) 158.
    Ralf Kenning(334) hit Janos Slynt(330) 173.
    ****
    Janos Slynt(157) took 60 damage as DOT.
    Ralf Kenning(334) took 40 damage as DOT.
    Janos Slynt(97) hit Ralf Kenning(294) 158.
    Ralf Kenning(136) hit Janos Slynt(97) 173.
    ****
    Ralf Kenning(136) has won.
  Duel between Blounts(24) -WIL- and Goodbrothers(27) -WIZ- has begun.
    Boros Blount(483) hit Urragon Goodbrother(545) 172.
    Urragon Goodbrother(373) hit Boros Blount(483) 172.
    ****
    Boros Blount(311) took 20 damage as DOT.
    Urragon Goodbrother(373) took 25 damage as DOT.
    Boros Blount(291) hit Urragon Goodbrother(348) 172.
    Urragon Goodbrother(176) hit Boros Blount(291) 172.
    ****
    Boros Blount(119) took 40 damage as DOT.
    Urragon Goodbrother(176) took 50 damage as DOT.
    Boros Blount(79) hit Urragon Goodbrother(126) 172.
    Urragon Goodbrother(-46) hit Boros Blount(79) 172.
    ****
    Both of them are dead. A draw.
  Duel between Stokeworths(39) -WHI- and Sparrs(30) -WIL- has begun.
    Tanda Stokeworth(633) hit Lord Sparr(470) 162.
    Lord Sparr(308) hit Tanda Stokeworth(633) 190.
    ****
    Tanda Stokeworth(443) took 25 damage as DOT.
    Lord Sparr(308) took 30 damage as DOT.
    Tanda Stokeworth(418) hit Lord Sparr(278) 162.
    Lord Sparr(116) hit Tanda Stokeworth(418) 190.
    ****
    Tanda Stokeworth(228) took 50 damage as DOT.
    Lord Sparr(116) took 60 damage as DOT.
    Tanda Stokeworth(178) hit Lord Sparr(56) 162.
    Lord Sparr(-106) hit Tanda Stokeworth(178) 190.
    ****
    Both of them are dead. A draw.
  Duel between Slynts(27) -WIZ- and Goodbrothers(27) -WIZ- has begun.
    Janos Slynt(533) hit Urragon Goodbrother(545) 155.
    Urragon Goodbrother(390) hit Janos Slynt(533) 172.
    ****
    Janos Slynt(361) took 20 damage as DOT.
    Urragon Goodbrother(390) took 20 damage as DOT.
    Janos Slynt(341) hit Urragon Goodbrother(370) 155.
    Urragon Goodbrother(215) hit Janos Slynt(341) 172.
    ****
    Janos Slynt(169) took 40 damage as DOT.
    Urragon Goodbrother(215) took 40 damage as DOT.
    Janos Slynt(129) hit Urragon Goodbrother(175) 155.
    Urragon Goodbrother(20) hit Janos Slynt(129) 172.
    ****
    Urragon Goodbrother(20) has won.
  Duel between Blounts(24) -WIL- and Sparrs(30) -WIL- has begun.
    Boros Blount(483) hit Lord Sparr(470) 172.
    Lord Sparr(298) hit Boros Blount(483) 190.
    ****
    Boros Blount(293) took 25 damage as DOT.
    Lord Sparr(298) took 25 damage as DOT.
    Boros Blount(268) hit Lord Sparr(273) 172.
    Lord Sparr(101) hit Boros Blount(268) 190.
    ****
    Boros Blount(78) took 50 damage as DOT.
    Lord Sparr(101) took 50 damage as DOT.
    Boros Blount(28) hit Lord Sparr(51) 172.
    Lord Sparr(-121) hit Boros Blount(28) 190.
    ****
    Both of them are dead. A draw.
  Duel between Stokeworths(39) -WHI- and Kennings(36) -WHI- has begun.
    Tanda Stokeworth(633) hit Ralf Kenning(670) 162.
    Ralf Kenning(508) hit Tanda Stokeworth(633) 176.
    ****
    Tanda Stokeworth(457) took 30 damage as DOT.
    Ralf Kenning(508) took 30 damage as DOT.
    Tanda Stokeworth(427) hit Ralf Kenning(478) 162.
    Ralf Kenning(316) hit Tanda Stokeworth(427) 176.
    ****
    Tanda Stokeworth(251) took 60 damage as DOT.
    Ralf Kenning(316) took 60 damage as DOT.
    Tanda Stokeworth(191) hit Ralf Kenning(256) 162.
    Ralf Kenning(94) hit Tanda Stokeworth(191) 176.
    ****
    Tanda Stokeworth(15) took 90 damage as DOT.
    Ralf Kenning(94) took 90 damage as DOT.
    Tanda Stokeworth(-75) hit Ralf Kenning(4) 162.
    Ralf Kenning(-158) hit Tanda Stokeworth(-75) 176.
    ****
    Both of them are dead. A draw.
  Duel between House Baratheon(50) -WIL- and House Greyjoy(50) -WHI- has begun.
    Aerys II Targaryen(508) hit Balon Greyjoy(620) 198.
    Balon Greyjoy(422) hit Aerys II Targaryen(508) 190.
    ****
    Aerys II Targaryen(318) took 30 damage as DOT.
    Balon Greyjoy(422) took 25 damage as DOT.
    Aerys II Targaryen(288) hit Balon Greyjoy(397) 198.
    Balon Greyjoy(199) hit Aerys II Targaryen(288) 190.
    ****
    Aerys II Targaryen(98) took 60 damage as DOT.
    Balon Greyjoy(199) took 50 damage as DOT.
    Aerys II Targaryen(38) hit Balon Greyjoy(149) 198.
    Balon Greyjoy(-49) hit Aerys II Targaryen(38) 190.
    ****
    Both of them are dead. A draw.
  The Crownlands got 1 house points. The Iron Islands got 3 house points.

The winner is: The Iron Islands with currently 1 kingdom points.
---------------
---------------
Duel 4: The Iron Islands vs The Reach
  Duel between Sparrs(30) -WIL- and Beesburys(30) -WIL- has begun.
    Lord Sparr(470) hit Lyman Beesbury(405) 190.
    Lyman Beesbury(215) hit Lord Sparr(470) 235.
    ****
    Lord Sparr(235) took 25 damage as DOT.
    Lyman Beesbury(215) took 25 damage as DOT.
    Lord Sparr(210) hit Lyman Beesbury(190) 190.
    Lyman Beesbury(0) hit Lord Sparr(210) 235.
    ****
    Both of them are dead. A draw.
  Duel between Kennings(36) -WHI- and Bulwers(30) -WHI- has begun.
    Ralf Kenning(670) hit Jack Bulwer(655) 176.
    Jack Bulwer(479) hit Ralf Kenning(670) 210.
    ****
    Ralf Kenning(460) took 30 damage as DOT.
    Jack Bulwer(479) took 30 damage as DOT.
    Ralf Kenning(430) hit Jack Bulwer(449) 176.
    Jack Bulwer(273) hit Ralf Kenning(430) 210.
    ****
    Ralf Kenning(220) took 60 damage as DOT.
    Jack Bulwer(273) took 60 damage as DOT.
    Ralf Kenning(160) hit Jack Bulwer(213) 176.
    Jack Bulwer(37) hit Ralf Kenning(160) 210.
    ****
    Jack Bulwer(37) has won.
  Duel between Goodbrothers(30) -WIZ- and Fossoways(30) -WIL- has begun.
    Urragon Goodbrother(545) hit Lord Fossoway(455) 175.
    Lord Fossoway(280) hit Urragon Goodbrother(545) 230.
    ****
    Urragon Goodbrother(315) took 25 damage as DOT.
    Lord Fossoway(280) took 20 damage as DOT.
    Urragon Goodbrother(290) hit Lord Fossoway(260) 175.
    Lord Fossoway(85) hit Urragon Goodbrother(290) 230.
    ****
    Urragon Goodbrother(60) took 50 damage as DOT.
    Lord Fossoway(85) took 40 damage as DOT.
    Urragon Goodbrother(10) hit Lord Fossoway(45) 175.
    Lord Fossoway(-130) hit Urragon Goodbrother(10) 230.
    ****
    Both of them are dead. A draw.
  Duel between Sparrs(30) -WIL- and Bulwers(27) -WHI- has begun.
    Lord Sparr(470) hit Jack Bulwer(655) 190.
    Jack Bulwer(465) hit Lord Sparr(470) 207.
    ****
    Lord Sparr(263) took 30 damage as DOT.
    Jack Bulwer(465) took 25 damage as DOT.
    Lord Sparr(233) hit Jack Bulwer(440) 190.
    Jack Bulwer(250) hit Lord Sparr(233) 207.
    ****
    Lord Sparr(26) took 60 damage as DOT.
    Jack Bulwer(250) took 50 damage as DOT.
    Lord Sparr(-34) hit Jack Bulwer(200) 190.
    Jack Bulwer(10) hit Lord Sparr(-34) 207.
    ****
    Jack Bulwer(10) has won.
  Duel between Kennings(33) -WHI- and Fossoways(30) -WIL- has begun.
    Ralf Kenning(670) hit Lord Fossoway(455) 173.
    Lord Fossoway(282) hit Ralf Kenning(670) 230.
    ****
    Ralf Kenning(440) took 25 damage as DOT.
    Lord Fossoway(282) took 30 damage as DOT.
    Ralf Kenning(415) hit Lord Fossoway(252) 173.
    Lord Fossoway(79) hit Ralf Kenning(415) 230.
    ****
    Ralf Kenning(185) took 50 damage as DOT.
    Lord Fossoway(79) took 60 damage as DOT.
    Ralf Kenning(135) hit Lord Fossoway(19) 173.
    Lord Fossoway(-154) hit Ralf Kenning(135) 230.
    ****
    Both of them are dead. A draw.
  Duel between Goodbrothers(30) -WIZ- and Beesburys(30) -WIL- has begun.
    Urragon Goodbrother(545) hit Lyman Beesbury(405) 175.
    Lyman Beesbury(230) hit Urragon Goodbrother(545) 235.
    ****
    Urragon Goodbrother(310) took 25 damage as DOT.
    Lyman Beesbury(230) took 20 damage as DOT.
    Urragon Goodbrother(285) hit Lyman Beesbury(210) 175.
    Lyman Beesbury(35) hit Urragon Goodbrother(285) 235.
    ****
    Urragon Goodbrother(50) took 50 damage as DOT.
    Lyman Beesbury(35) took 40 damage as DOT.
    Urragon Goodbrother(0) hit Lyman Beesbury(-5) 175.
    Lyman Beesbury(-180) hit Urragon Goodbrother(0) 235.
    ****
    Both of them are dead. A draw.
  Duel between Sparrs(27) -WIL- and Fossoways(30) -WIL- has begun.
    Lord Sparr(470) hit Lord Fossoway(455) 187.
    Lord Fossoway(268) hit Lord Sparr(470) 230.
    ****
    Lord Sparr(240) took 25 damage as DOT.
    Lord Fossoway(268) took 25 damage as DOT.
    Lord Sparr(215) hit Lord Fossoway(243) 187.
    Lord Fossoway(56) hit Lord Sparr(215) 230.
    ****
    Lord Fossoway(56) has won.
  Duel between Kennings(33) -WHI- and Beesburys(30) -WIL- has begun.
    Ralf Kenning(670) hit Lyman Beesbury(405) 173.
    Lyman Beesbury(232) hit Ralf Kenning(670) 235.
    ****
    Ralf Kenning(435) took 25 damage as DOT.
    Lyman Beesbury(232) took 30 damage as DOT.
    Ralf Kenning(410) hit Lyman Beesbury(202) 173.
    Lyman Beesbury(29) hit Ralf Kenning(410) 235.
    ****
    Ralf Kenning(175) took 50 damage as DOT.
    Lyman Beesbury(29) took 60 damage as DOT.
    Ralf Kenning(125) hit Lyman Beesbury(-31) 173.
    Lyman Beesbury(-204) hit Ralf Kenning(125) 235.
    ****
    Both of them are dead. A draw.
  Duel between Goodbrothers(30) -WIZ- and Bulwers(25) -WHI- has begun.
    Urragon Goodbrother(545) hit Jack Bulwer(655) 175.
    Jack Bulwer(480) hit Urragon Goodbrother(545) 205.
    ****
    Urragon Goodbrother(340) took 30 damage as DOT.
    Jack Bulwer(480) took 20 damage as DOT.
    Urragon Goodbrother(310) hit Jack Bulwer(460) 175.
    Jack Bulwer(285) hit Urragon Goodbrother(310) 205.
    ****
    Urragon Goodbrother(105) took 60 damage as DOT.
    Jack Bulwer(285) took 40 damage as DOT.
    Urragon Goodbrother(45) hit Jack Bulwer(245) 175.
    Jack Bulwer(70) hit Urragon Goodbrother(45) 205.
    ****
    Jack Bulwer(70) has won.
  Duel between House Greyjoy(50) -WHI- and House Lannister(50) -WHI- has begun.
    Balon Greyjoy(620) hit Loras Tyrell(605) 190.
    Loras Tyrell(415) hit Balon Greyjoy(620) 230.
    ****
    Balon Greyjoy(390) took 30 damage as DOT.
    Loras Tyrell(415) took 30 damage as DOT.
    Balon Greyjoy(360) hit Loras Tyrell(385) 190.
    Loras Tyrell(195) hit Balon Greyjoy(360) 230.
    ****
    Balon Greyjoy(130) took 60 damage as DOT.
    Loras Tyrell(195) took 60 damage as DOT.
    Balon Greyjoy(70) hit Loras Tyrell(135) 190.
    Loras Tyrell(-55) hit Balon Greyjoy(70) 230.
    ****
    Both of them are dead. A draw.
  The Iron Islands got 0 house points. The Reach got 4 house points.

The winner is: The Reach with currently 1 kingdom points.
---------------
---------------
Duel 5: The North vs The Crownlands
  Duel between Manderlys(39) -WHI- and Slynts(24) -WIZ- has begun.
    Wendel Manderly(650) hit Janos Slynt(533) 199.
    Janos Slynt(334) hit Wendel Manderly(650) 152.
    ****
    Wendel Manderly(498) took 20 damage as DOT.
    Janos Slynt(334) took 30 damage as DOT.
    Wendel Manderly(478) hit Janos Slynt(304) 199.
    Janos Slynt(105) hit Wendel Manderly(478) 152.
    ****
    Wendel Manderly(326) took 40 damage as DOT.
    Janos Slynt(105) took 60 damage as DOT.
    Wendel Manderly(286) hit Janos Slynt(45) 199.
    Janos Slynt(-154) hit Wendel Manderly(286) 152.
    ****
    Wendel Manderly(134) has won.
  Duel between Umbers(39) -WHI- and Blounts(24) -WIL- has begun.
    Greatjon Umber(625) hit Boros Blount(483) 199.
    Boros Blount(284) hit Greatjon Umber(625) 172.
    ****
    Greatjon Umber(453) took 25 damage as DOT.
    Boros Blount(284) took 30 damage as DOT.
    Greatjon Umber(428) hit Boros Blount(254) 199.
    Boros Blount(55) hit Greatjon Umber(428) 172.
    ****
    Greatjon Umber(256) took 50 damage as DOT.
    Boros Blount(55) took 60 damage as DOT.
    Greatjon Umber(206) hit Boros Blount(-5) 199.
    Boros Blount(-204) hit Greatjon Umber(206) 172.
    ****
    Greatjon Umber(34) has won.
  Duel between Mormonts(27) -WIZ- and Stokeworths(39) -WHI- has begun.
    Jeor Mormont(450) hit Tanda Stokeworth(633) 197.
    Tanda Stokeworth(436) hit Jeor Mormont(450) 162.
    ****
    Jeor Mormont(288) took 30 damage as DOT.
    Tanda Stokeworth(436) took 20 damage as DOT.
    Jeor Mormont(258) hit Tanda Stokeworth(416) 197.
    Tanda Stokeworth(219) hit Jeor Mormont(258) 162.
    ****
    Jeor Mormont(96) took 60 damage as DOT.
    Tanda Stokeworth(219) took 40 damage as DOT.
    Jeor Mormont(36) hit Tanda Stokeworth(179) 197.
    Tanda Stokeworth(-18) hit Jeor Mormont(36) 162.
    ****
    Both of them are dead. A draw.
  Duel between Manderlys(42) -WHI- and Blounts(21) -WIL- has begun.
    Wendel Manderly(650) hit Boros Blount(483) 202.
    Boros Blount(281) hit Wendel Manderly(650) 169.
    ****
    Wendel Manderly(481) took 25 damage as DOT.
    Boros Blount(281) took 30 damage as DOT.
    Wendel Manderly(456) hit Boros Blount(251) 202.
    Boros Blount(49) hit Wendel Manderly(456) 169.
    ****
    Wendel Manderly(287) took 50 damage as DOT.
    Boros Blount(49) took 60 damage as DOT.
    Wendel Manderly(237) hit Boros Blount(-11) 202.
    Boros Blount(-213) hit Wendel Manderly(237) 169.
    ****
    Wendel Manderly(68) has won.
  Duel between Umbers(42) -WHI- and Stokeworths(39) -WHI- has begun.
    Greatjon Umber(625) hit Tanda Stokeworth(633) 202.
    Tanda Stokeworth(431) hit Greatjon Umber(625) 162.
    ****
    Greatjon Umber(463) took 30 damage as DOT.
    Tanda Stokeworth(431) took 30 damage as DOT.
    Greatjon Umber(433) hit Tanda Stokeworth(401) 202.
    Tanda Stokeworth(199) hit Greatjon Umber(433) 162.
    ****
    Greatjon Umber(271) took 60 damage as DOT.
    Tanda Stokeworth(199) took 60 damage as DOT.
    Greatjon Umber(211) hit Tanda Stokeworth(139) 202.
    Tanda Stokeworth(-63) hit Greatjon Umber(211) 162.
    ****
    Greatjon Umber(49) has won.
  Duel between Mormonts(27) -WIZ- and Slynts(21) -WIZ- has begun.
    Jeor Mormont(450) hit Janos Slynt(533) 197.
    Janos Slynt(336) hit Jeor Mormont(450) 149.
    ****
    Jeor Mormont(301) took 20 damage as DOT.
    Janos Slynt(336) took 20 damage as DOT.
    Jeor Mormont(281) hit Janos Slynt(316) 197.
    Janos Slynt(119) hit Jeor Mormont(281) 149.
    ****
    Jeor Mormont(132) took 40 damage as DOT.
    Janos Slynt(119) took 40 damage as DOT.
    Jeor Mormont(92) hit Janos Slynt(79) 197.
    Janos Slynt(-118) hit Jeor Mormont(92) 149.
    ****
    Both of them are dead. A draw.
  Duel between Manderlys(45) -WHI- and Stokeworths(36) -WHI- has begun.
    Wendel Manderly(650) hit Tanda Stokeworth(633) 205.
    Tanda Stokeworth(428) hit Wendel Manderly(650) 159.
    ****
    Wendel Manderly(491) took 30 damage as DOT.
    Tanda Stokeworth(428) took 30 damage as DOT.
    Wendel Manderly(461) hit Tanda Stokeworth(398) 205.
    Tanda Stokeworth(193) hit Wendel Manderly(461) 159.
    ****
    Wendel Manderly(302) took 60 damage as DOT.
    Tanda Stokeworth(193) took 60 damage as DOT.
    Wendel Manderly(242) hit Tanda Stokeworth(133) 205.
    Tanda Stokeworth(-72) hit Wendel Manderly(242) 159.
    ****
    Wendel Manderly(83) has won.
  Duel between Umbers(45) -WHI- and Slynts(21) -WIZ- has begun.
    Greatjon Umber(625) hit Janos Slynt(533) 205.
    Janos Slynt(328) hit Greatjon Umber(625) 149.
    ****
    Greatjon Umber(476) took 20 damage as DOT.
    Janos Slynt(328) took 30 damage as DOT.
    Greatjon Umber(456) hit Janos Slynt(298) 205.
    Janos Slynt(93) hit Greatjon Umber(456) 149.
    ****
    Greatjon Umber(307) took 40 damage as DOT.
    Janos Slynt(93) took 60 damage as DOT.
    Greatjon Umber(267) hit Janos Slynt(33) 205.
    Janos Slynt(-172) hit Greatjon Umber(267) 149.
    ****
    Greatjon Umber(118) has won.
  Duel between Mormonts(27) -WIZ- and Blounts(18) -WIL- has begun.
    Jeor Mormont(450) hit Boros Blount(483) 197.
    Boros Blount(286) hit Jeor Mormont(450) 166.
    ****
    Jeor Mormont(284) took 25 damage as DOT.
    Boros Blount(286) took 20 damage as DOT.
    Jeor Mormont(259) hit Boros Blount(266) 197.
    Boros Blount(69) hit Jeor Mormont(259) 166.
    ****
    Jeor Mormont(93) took 50 damage as DOT.
    Boros Blount(69) took 40 damage as DOT.
    Jeor Mormont(43) hit Boros Blount(29) 197.
    Boros Blount(-168) hit Jeor Mormont(43) 166.
    ****
    Both of them are dead. A draw.
  Duel between House Stark(50) -WIL- and House Baratheon(50) -WIL- has begun.
    Benjen Stark(475) hit Aerys II Targaryen(508) 230.
    Aerys II Targaryen(278) hit Benjen Stark(475) 198.
    ****
    Benjen Stark(277) took 25 damage as DOT.
    Aerys II Targaryen(278) took 25 damage as DOT.
    Benjen Stark(252) hit Aerys II Targaryen(253) 230.
    Aerys II Targaryen(23) hit Benjen Stark(252) 198.
    ****
    Benjen Stark(54) took 50 damage as DOT.
    Aerys II Targaryen(23) took 50 damage as DOT.
    Benjen Stark(4) hit Aerys II Targaryen(-27) 230.
    Aerys II Targaryen(-257) hit Benjen Stark(4) 198.
    ****
    Both of them are dead. A draw.
  The North got 6 house points. The Crownlands got 0 house points.

The winner is: The North with currently 2 kingdom points.
---------------
---------------
Duel 6: The Riverlands vs The Iron Islands
  Duel between Brackens(21) -WIL- and Sparrs(24) -WIL- has begun.
    Jonos Bracken(490) hit Lord Sparr(470) 166.
    Lord Sparr(304) hit Jonos Bracken(490) 184.
    ****
    Jonos Bracken(306) took 25 damage as DOT.
    Lord Sparr(304) took 25 damage as DOT.
    Jonos Bracken(281) hit Lord Sparr(279) 166.
    Lord Sparr(113) hit Jonos Bracken(281) 184.
    ****
    Jonos Bracken(97) took 50 damage as DOT.
    Lord Sparr(113) took 50 damage as DOT.
    Jonos Bracken(47) hit Lord Sparr(63) 166.
    Lord Sparr(-103) hit Jonos Bracken(47) 184.
    ****
    Both of them are dead. A draw.
  Duel between Smallwoods(21) -WIL- and Kennings(33) -WHI- has begun.
    Theomar Smallwood(515) hit Ralf Kenning(670) 166.
    Ralf Kenning(504) hit Theomar Smallwood(515) 173.
    ****
    Theomar Smallwood(342) took 30 damage as DOT.
    Ralf Kenning(504) took 25 damage as DOT.
    Theomar Smallwood(312) hit Ralf Kenning(479) 166.
    Ralf Kenning(313) hit Theomar Smallwood(312) 173.
    ****
    Theomar Smallwood(139) took 60 damage as DOT.
    Ralf Kenning(313) took 50 damage as DOT.
    Theomar Smallwood(79) hit Ralf Kenning(263) 166.
    Ralf Kenning(97) hit Theomar Smallwood(79) 173.
    ****
    Ralf Kenning(97) has won.
  Duel between Mootons(25) -WHI- and Goodbrothers(27) -WIZ- has begun.
    William Mooton(665) hit Urragon Goodbrother(545) 145.
    Urragon Goodbrother(400) hit William Mooton(665) 172.
    ****
    William Mooton(493) took 20 damage as DOT.
    Urragon Goodbrother(400) took 30 damage as DOT.
    William Mooton(473) hit Urragon Goodbrother(370) 145.
    Urragon Goodbrother(225) hit William Mooton(473) 172.
    ****
    William Mooton(301) took 40 damage as DOT.
    Urragon Goodbrother(225) took 60 damage as DOT.
    William Mooton(261) hit Urragon Goodbrother(165) 145.
    Urragon Goodbrother(20) hit William Mooton(261) 172.
    ****
    William Mooton(89) took 60 damage as DOT.
    Urragon Goodbrother(20) took 90 damage as DOT.
    William Mooton(29) hit Urragon Goodbrother(-70) 145.
    Urragon Goodbrother(-215) hit William Mooton(29) 172.
    ****
    Both of them are dead. A draw.
  Duel between Brackens(21) -WIL- and Kennings(36) -WHI- has begun.
    Jonos Bracken(490) hit Ralf Kenning(670) 166.
    Ralf Kenning(504) hit Jonos Bracken(490) 176.
    ****
    Jonos Bracken(314) took 30 damage as DOT.
    Ralf Kenning(504) took 25 damage as DOT.
    Jonos Bracken(284) hit Ralf Kenning(479) 166.
    Ralf Kenning(313) hit Jonos Bracken(284) 176.
    ****
    Jonos Bracken(108) took 60 damage as DOT.
    Ralf Kenning(313) took 50 damage as DOT.
    Jonos Bracken(48) hit Ralf Kenning(263) 166.
    Ralf Kenning(97) hit Jonos Bracken(48) 176.
    ****
    Ralf Kenning(97) has won.
  Duel between Smallwoods(18) -WIL- and Goodbrothers(27) -WIZ- has begun.
    Theomar Smallwood(515) hit Urragon Goodbrother(545) 163.
    Urragon Goodbrother(382) hit Theomar Smallwood(515) 172.
    ****
    Theomar Smallwood(343) took 20 damage as DOT.
    Urragon Goodbrother(382) took 25 damage as DOT.
    Theomar Smallwood(323) hit Urragon Goodbrother(357) 163.
    Urragon Goodbrother(194) hit Theomar Smallwood(323) 172.
    ****
    Theomar Smallwood(151) took 40 damage as DOT.
    Urragon Goodbrother(194) took 50 damage as DOT.
    Theomar Smallwood(111) hit Urragon Goodbrother(144) 163.
    Urragon Goodbrother(-19) hit Theomar Smallwood(111) 172.
    ****
    Both of them are dead. A draw.
  Duel between Mootons(25) -WHI- and Sparrs(24) -WIL- has begun.
    William Mooton(665) hit Lord Sparr(470) 145.
    Lord Sparr(325) hit William Mooton(665) 184.
    ****
    William Mooton(481) took 25 damage as DOT.
    Lord Sparr(325) took 30 damage as DOT.
    William Mooton(456) hit Lord Sparr(295) 145.
    Lord Sparr(150) hit William Mooton(456) 184.
    ****
    William Mooton(272) took 50 damage as DOT.
    Lord Sparr(150) took 60 damage as DOT.
    William Mooton(222) hit Lord Sparr(90) 145.
    Lord Sparr(-55) hit William Mooton(222) 184.
    ****
    William Mooton(38) has won.
  Duel between Brackens(18) -WIL- and Goodbrothers(27) -WIZ- has begun.
    Jonos Bracken(490) hit Urragon Goodbrother(545) 163.
    Urragon Goodbrother(382) hit Jonos Bracken(490) 172.
    ****
    Jonos Bracken(318) took 20 damage as DOT.
    Urragon Goodbrother(382) took 25 damage as DOT.
    Jonos Bracken(298) hit Urragon Goodbrother(357) 163.
    Urragon Goodbrother(194) hit Jonos Bracken(298) 172.
    ****
    Jonos Bracken(126) took 40 damage as DOT.
    Urragon Goodbrother(194) took 50 damage as DOT.
    Jonos Bracken(86) hit Urragon Goodbrother(144) 163.
    Urragon Goodbrother(-19) hit Jonos Bracken(86) 172.
    ****
    Both of them are dead. A draw.
  Duel between Smallwoods(18) -WIL- and Sparrs(21) -WIL- has begun.
    Theomar Smallwood(515) hit Lord Sparr(470) 163.
    Lord Sparr(307) hit Theomar Smallwood(515) 181.
    ****
    Theomar Smallwood(334) took 25 damage as DOT.
    Lord Sparr(307) took 25 damage as DOT.
    Theomar Smallwood(309) hit Lord Sparr(282) 163.
    Lord Sparr(119) hit Theomar Smallwood(309) 181.
    ****
    Theomar Smallwood(128) took 50 damage as DOT.
    Lord Sparr(119) took 50 damage as DOT.
    Theomar Smallwood(78) hit Lord Sparr(69) 163.
    Lord Sparr(-94) hit Theomar Smallwood(78) 181.
    ****
    Both of them are dead. A draw.
  Duel between Mootons(28) -WHI- and Kennings(39) -WHI- has begun.
    William Mooton(665) hit Ralf Kenning(670) 148.
    Ralf Kenning(522) hit William Mooton(665) 179.
    ****
    William Mooton(486) took 30 damage as DOT.
    Ralf Kenning(522) took 30 damage as DOT.
    William Mooton(456) hit Ralf Kenning(492) 148.
    Ralf Kenning(344) hit William Mooton(456) 179.
    ****
    William Mooton(277) took 60 damage as DOT.
    Ralf Kenning(344) took 60 damage as DOT.
    William Mooton(217) hit Ralf Kenning(284) 148.
    Ralf Kenning(136) hit William Mooton(217) 179.
    ****
    William Mooton(38) took 90 damage as DOT.
    Ralf Kenning(136) took 90 damage as DOT.
    William Mooton(-52) hit Ralf Kenning(46) 148.
    Ralf Kenning(-102) hit William Mooton(-52) 179.
    ****
    Both of them are dead. A draw.
  Duel between House Bolton(50) -WIZ- and House Greyjoy(50) -WHI- has begun.
    Walder Frey(540) hit Balon Greyjoy(620) 170.
    Balon Greyjoy(450) hit Walder Frey(540) 190.
    ****
    Walder Frey(350) took 30 damage as DOT.
    Balon Greyjoy(450) took 20 damage as DOT.
    Walder Frey(320) hit Balon Greyjoy(430) 170.
    Balon Greyjoy(260) hit Walder Frey(320) 190.
    ****
    Walder Frey(130) took 60 damage as DOT.
    Balon Greyjoy(260) took 40 damage as DOT.
    Walder Frey(70) hit Balon Greyjoy(220) 170.
    Balon Greyjoy(50) hit Walder Frey(70) 190.
    ****
    Balon Greyjoy(50) has won.
  The Riverlands got 1 house points. The Iron Islands got 5 house points.

The winner is: The Iron Islands with currently 2 kingdom points.
---------------
---------------
Duel 7: The Crownlands vs The Reach
  Duel between Slynts(18) -WIZ- and Beesburys(30) -WIL- has begun.
    Janos Slynt(533) hit Lyman Beesbury(405) 146.
    Lyman Beesbury(259) hit Janos Slynt(533) 235.
    ****
    Janos Slynt(298) took 25 damage as DOT.
    Lyman Beesbury(259) took 20 damage as DOT.
    Janos Slynt(273) hit Lyman Beesbury(239) 146.
    Lyman Beesbury(93) hit Janos Slynt(273) 235.
    ****
    Janos Slynt(38) took 50 damage as DOT.
    Lyman Beesbury(93) took 40 damage as DOT.
    Janos Slynt(-12) hit Lyman Beesbury(53) 146.
    Lyman Beesbury(-93) hit Janos Slynt(-12) 235.
    ****
    Both of them are dead. A draw.
  Duel between Blounts(18) -WIL- and Bulwers(23) -WHI- has begun.
    Boros Blount(483) hit Jack Bulwer(655) 166.
    Jack Bulwer(489) hit Boros Blount(483) 203.
    ****
    Boros Blount(280) took 30 damage as DOT.
    Jack Bulwer(489) took 25 damage as DOT.
    Boros Blount(250) hit Jack Bulwer(464) 166.
    Jack Bulwer(298) hit Boros Blount(250) 203.
    ****
    Boros Blount(47) took 60 damage as DOT.
    Jack Bulwer(298) took 50 damage as DOT.
    Boros Blount(-13) hit Jack Bulwer(248) 166.
    Jack Bulwer(82) hit Boros Blount(-13) 203.
    ****
    Jack Bulwer(82) has won.
  Duel between Stokeworths(33) -WHI- and Fossoways(33) -WIL- has begun.
    Tanda Stokeworth(633) hit Lord Fossoway(455) 156.
    Lord Fossoway(299) hit Tanda Stokeworth(633) 233.
    ****
    Tanda Stokeworth(400) took 25 damage as DOT.
    Lord Fossoway(299) took 30 damage as DOT.
    Tanda Stokeworth(375) hit Lord Fossoway(269) 156.
    Lord Fossoway(113) hit Tanda Stokeworth(375) 233.
    ****
    Tanda Stokeworth(142) took 50 damage as DOT.
    Lord Fossoway(113) took 60 damage as DOT.
    Tanda Stokeworth(92) hit Lord Fossoway(53) 156.
    Lord Fossoway(-103) hit Tanda Stokeworth(92) 233.
    ****
    Both of them are dead. A draw.
  Duel between Slynts(18) -WIZ- and Bulwers(26) -WHI- has begun.
    Janos Slynt(533) hit Jack Bulwer(655) 146.
    Jack Bulwer(509) hit Janos Slynt(533) 206.
    ****
    Janos Slynt(327) took 30 damage as DOT.
    Jack Bulwer(509) took 20 damage as DOT.
    Janos Slynt(297) hit Jack Bulwer(489) 146.
    Jack Bulwer(343) hit Janos Slynt(297) 206.
    ****
    Janos Slynt(91) took 60 damage as DOT.
    Jack Bulwer(343) took 40 damage as DOT.
    Janos Slynt(31) hit Jack Bulwer(303) 146.
    Jack Bulwer(157) hit Janos Slynt(31) 206.
    ****
    Jack Bulwer(157) has won.
  Duel between Blounts(15) -WIL- and Fossoways(33) -WIL- has begun.
    Boros Blount(483) hit Lord Fossoway(455) 163.
    Lord Fossoway(292) hit Boros Blount(483) 233.
    ****
    Boros Blount(250) took 25 damage as DOT.
    Lord Fossoway(292) took 25 damage as DOT.
    Boros Blount(225) hit Lord Fossoway(267) 163.
    Lord Fossoway(104) hit Boros Blount(225) 233.
    ****
    Lord Fossoway(104) has won.
  Duel between Stokeworths(33) -WHI- and Beesburys(30) -WIL- has begun.
    Tanda Stokeworth(633) hit Lyman Beesbury(405) 156.
    Lyman Beesbury(249) hit Tanda Stokeworth(633) 235.
    ****
    Tanda Stokeworth(398) took 25 damage as DOT.
    Lyman Beesbury(249) took 30 damage as DOT.
    Tanda Stokeworth(373) hit Lyman Beesbury(219) 156.
    Lyman Beesbury(63) hit Tanda Stokeworth(373) 235.
    ****
    Tanda Stokeworth(138) took 50 damage as DOT.
    Lyman Beesbury(63) took 60 damage as DOT.
    Tanda Stokeworth(88) hit Lyman Beesbury(3) 156.
    Lyman Beesbury(-153) hit Tanda Stokeworth(88) 235.
    ****
    Both of them are dead. A draw.
  Duel between Slynts(15) -WIZ- and Fossoways(36) -WIL- has begun.
    Janos Slynt(533) hit Lord Fossoway(455) 143.
    Lord Fossoway(312) hit Janos Slynt(533) 236.
    ****
    Janos Slynt(297) took 25 damage as DOT.
    Lord Fossoway(312) took 20 damage as DOT.
    Janos Slynt(272) hit Lord Fossoway(292) 143.
    Lord Fossoway(149) hit Janos Slynt(272) 236.
    ****
    Janos Slynt(36) took 50 damage as DOT.
    Lord Fossoway(149) took 40 damage as DOT.
    Janos Slynt(-14) hit Lord Fossoway(109) 143.
    Lord Fossoway(-34) hit Janos Slynt(-14) 236.
    ****
    Both of them are dead. A draw.
  Duel between Blounts(12) -WIL- and Beesburys(30) -WIL- has begun.
    Boros Blount(483) hit Lyman Beesbury(405) 160.
    Lyman Beesbury(245) hit Boros Blount(483) 235.
    ****
    Boros Blount(248) took 25 damage as DOT.
    Lyman Beesbury(245) took 25 damage as DOT.
    Boros Blount(223) hit Lyman Beesbury(220) 160.
    Lyman Beesbury(60) hit Boros Blount(223) 235.
    ****
    Lyman Beesbury(60) has won.
  Duel between Stokeworths(33) -WHI- and Bulwers(29) -WHI- has begun.
    Tanda Stokeworth(633) hit Jack Bulwer(655) 156.
    Jack Bulwer(499) hit Tanda Stokeworth(633) 209.
    ****
    Tanda Stokeworth(424) took 30 damage as DOT.
    Jack Bulwer(499) took 30 damage as DOT.
    Tanda Stokeworth(394) hit Jack Bulwer(469) 156.
    Jack Bulwer(313) hit Tanda Stokeworth(394) 209.
    ****
    Tanda Stokeworth(185) took 60 damage as DOT.
    Jack Bulwer(313) took 60 damage as DOT.
    Tanda Stokeworth(125) hit Jack Bulwer(253) 156.
    Jack Bulwer(97) hit Tanda Stokeworth(125) 209.
    ****
    Jack Bulwer(97) has won.
  Duel between House Baratheon(50) -WIL- and House Lannister(50) -WHI- has begun.
    Aerys II Targaryen(508) hit Loras Tyrell(605) 198.
    Loras Tyrell(407) hit Aerys II Targaryen(508) 230.
    ****
    Aerys II Targaryen(278) took 30 damage as DOT.
    Loras Tyrell(407) took 25 damage as DOT.
    Aerys II Targaryen(248) hit Loras Tyrell(382) 198.
    Loras Tyrell(184) hit Aerys II Targaryen(248) 230.
    ****
    Aerys II Targaryen(18) took 60 damage as DOT.
    Loras Tyrell(184) took 50 damage as DOT.
    Aerys II Targaryen(-42) hit Loras Tyrell(134) 198.
    Loras Tyrell(-64) hit Aerys II Targaryen(-42) 230.
    ****
    Both of them are dead. A draw.
  The Crownlands got 0 house points. The Reach got 5 house points.

The winner is: The Reach with currently 2 kingdom points.
---------------
---------------
Duel 8: The North vs The Iron Islands
  Duel between Manderlys(48) -WHI- and Sparrs(21) -WIL- has begun.
    Wendel Manderly(650) hit Lord Sparr(470) 208.
    Lord Sparr(262) hit Wendel Manderly(650) 181.
    ****
    Wendel Manderly(469) took 25 damage as DOT.
    Lord Sparr(262) took 30 damage as DOT.
    Wendel Manderly(444) hit Lord Sparr(232) 208.
    Lord Sparr(24) hit Wendel Manderly(444) 181.
    ****
    Wendel Manderly(263) took 50 damage as DOT.
    Lord Sparr(24) took 60 damage as DOT.
    Wendel Manderly(213) hit Lord Sparr(-36) 208.
    Lord Sparr(-244) hit Wendel Manderly(213) 181.
    ****
    Wendel Manderly(32) has won.
  Duel between Umbers(48) -WHI- and Kennings(39) -WHI- has begun.
    Greatjon Umber(625) hit Ralf Kenning(670) 208.
    Ralf Kenning(462) hit Greatjon Umber(625) 179.
    ****
    Greatjon Umber(446) took 30 damage as DOT.
    Ralf Kenning(462) took 30 damage as DOT.
    Greatjon Umber(416) hit Ralf Kenning(432) 208.
    Ralf Kenning(224) hit Greatjon Umber(416) 179.
    ****
    Greatjon Umber(237) took 60 damage as DOT.
    Ralf Kenning(224) took 60 damage as DOT.
    Greatjon Umber(177) hit Ralf Kenning(164) 208.
    Ralf Kenning(-44) hit Greatjon Umber(177) 179.
    ****
    Both of them are dead. A draw.
  Duel between Mormonts(27) -WIZ- and Goodbrothers(27) -WIZ- has begun.
    Jeor Mormont(450) hit Urragon Goodbrother(545) 197.
    Urragon Goodbrother(348) hit Jeor Mormont(450) 172.
    ****
    Jeor Mormont(278) took 20 damage as DOT.
    Urragon Goodbrother(348) took 20 damage as DOT.
    Jeor Mormont(258) hit Urragon Goodbrother(328) 197.
    Urragon Goodbrother(131) hit Jeor Mormont(258) 172.
    ****
    Jeor Mormont(86) took 40 damage as DOT.
    Urragon Goodbrother(131) took 40 damage as DOT.
    Jeor Mormont(46) hit Urragon Goodbrother(91) 197.
    Urragon Goodbrother(-106) hit Jeor Mormont(46) 172.
    ****
    Both of them are dead. A draw.
  Duel between Manderlys(51) -WHI- and Kennings(39) -WHI- has begun.
    Wendel Manderly(650) hit Ralf Kenning(670) 211.
    Ralf Kenning(459) hit Wendel Manderly(650) 179.
    ****
    Wendel Manderly(471) took 30 damage as DOT.
    Ralf Kenning(459) took 30 damage as DOT.
    Wendel Manderly(441) hit Ralf Kenning(429) 211.
    Ralf Kenning(218) hit Wendel Manderly(441) 179.
    ****
    Wendel Manderly(262) took 60 damage as DOT.
    Ralf Kenning(218) took 60 damage as DOT.
    Wendel Manderly(202) hit Ralf Kenning(158) 211.
    Ralf Kenning(-53) hit Wendel Manderly(202) 179.
    ****
    Wendel Manderly(23) has won.
  Duel between Umbers(48) -WHI- and Goodbrothers(27) -WIZ- has begun.
    Greatjon Umber(625) hit Urragon Goodbrother(545) 208.
    Urragon Goodbrother(337) hit Greatjon Umber(625) 172.
    ****
    Greatjon Umber(453) took 20 damage as DOT.
    Urragon Goodbrother(337) took 30 damage as DOT.
    Greatjon Umber(433) hit Urragon Goodbrother(307) 208.
    Urragon Goodbrother(99) hit Greatjon Umber(433) 172.
    ****
    Greatjon Umber(261) took 40 damage as DOT.
    Urragon Goodbrother(99) took 60 damage as DOT.
    Greatjon Umber(221) hit Urragon Goodbrother(39) 208.
    Urragon Goodbrother(-169) hit Greatjon Umber(221) 172.
    ****
    Greatjon Umber(49) has won.
  Duel between Mormonts(27) -WIZ- and Sparrs(18) -WIL- has begun.
    Jeor Mormont(450) hit Lord Sparr(470) 197.
    Lord Sparr(273) hit Jeor Mormont(450) 178.
    ****
    Jeor Mormont(272) took 25 damage as DOT.
    Lord Sparr(273) took 20 damage as DOT.
    Jeor Mormont(247) hit Lord Sparr(253) 197.
    Lord Sparr(56) hit Jeor Mormont(247) 178.
    ****
    Jeor Mormont(69) took 50 damage as DOT.
    Lord Sparr(56) took 40 damage as DOT.
    Jeor Mormont(19) hit Lord Sparr(16) 197.
    Lord Sparr(-181) hit Jeor Mormont(19) 178.
    ****
    Both of them are dead. A draw.
  Duel between Manderlys(54) -WHI- and Goodbrothers(24) -WIZ- has begun.
    Wendel Manderly(650) hit Urragon Goodbrother(545) 214.
    Urragon Goodbrother(331) hit Wendel Manderly(650) 169.
    ****
    Wendel Manderly(481) took 20 damage as DOT.
    Urragon Goodbrother(331) took 30 damage as DOT.
    Wendel Manderly(461) hit Urragon Goodbrother(301) 214.
    Urragon Goodbrother(87) hit Wendel Manderly(461) 169.
    ****
    Wendel Manderly(292) took 40 damage as DOT.
    Urragon Goodbrother(87) took 60 damage as DOT.
    Wendel Manderly(252) hit Urragon Goodbrother(27) 214.
    Urragon Goodbrother(-187) hit Wendel Manderly(252) 169.
    ****
    Wendel Manderly(83) has won.
  Duel between Umbers(51) -WHI- and Sparrs(18) -WIL- has begun.
    Greatjon Umber(625) hit Lord Sparr(470) 211.
    Lord Sparr(259) hit Greatjon Umber(625) 178.
    ****
    Greatjon Umber(447) took 25 damage as DOT.
    Lord Sparr(259) took 30 damage as DOT.
    Greatjon Umber(422) hit Lord Sparr(229) 211.
    Lord Sparr(18) hit Greatjon Umber(422) 178.
    ****
    Greatjon Umber(244) took 50 damage as DOT.
    Lord Sparr(18) took 60 damage as DOT.
    Greatjon Umber(194) hit Lord Sparr(-42) 211.
    Lord Sparr(-253) hit Greatjon Umber(194) 178.
    ****
    Greatjon Umber(16) has won.
  Duel between Mormonts(27) -WIZ- and Kennings(36) -WHI- has begun.
    Jeor Mormont(450) hit Ralf Kenning(670) 197.
    Ralf Kenning(473) hit Jeor Mormont(450) 176.
    ****
    Jeor Mormont(274) took 30 damage as DOT.
    Ralf Kenning(473) took 20 damage as DOT.
    Jeor Mormont(244) hit Ralf Kenning(453) 197.
    Ralf Kenning(256) hit Jeor Mormont(244) 176.
    ****
    Jeor Mormont(68) took 60 damage as DOT.
    Ralf Kenning(256) took 40 damage as DOT.
    Jeor Mormont(8) hit Ralf Kenning(216) 197.
    Ralf Kenning(19) hit Jeor Mormont(8) 176.
    ****
    Ralf Kenning(19) has won.
  Duel between House Stark(50) -WIL- and House Greyjoy(55) -WHI- has begun.
    Benjen Stark(475) hit Balon Greyjoy(620) 230.
    Balon Greyjoy(390) hit Benjen Stark(475) 195.
    ****
    Benjen Stark(280) took 30 damage as DOT.
    Balon Greyjoy(390) took 25 damage as DOT.
    Benjen Stark(250) hit Balon Greyjoy(365) 230.
    Balon Greyjoy(135) hit Benjen Stark(250) 195.
    ****
    Benjen Stark(55) took 60 damage as DOT.
    Balon Greyjoy(135) took 50 damage as DOT.
    Benjen Stark(-5) hit Balon Greyjoy(85) 230.
    Balon Greyjoy(-145) hit Benjen Stark(-5) 195.
    ****
    Both of them are dead. A draw.
  The North got 5 house points. The Iron Islands got 1 house points.

The winner is: The North with currently 3 kingdom points.
---------------
---------------
Duel 9: The Riverlands vs The Reach
  Duel between Brackens(18) -WIL- and Beesburys(33) -WIL- has begun.
    Jonos Bracken(490) hit Lyman Beesbury(405) 163.
    Lyman Beesbury(242) hit Jonos Bracken(490) 238.
    ****
    Jonos Bracken(252) took 25 damage as DOT.
    Lyman Beesbury(242) took 25 damage as DOT.
    Jonos Bracken(227) hit Lyman Beesbury(217) 163.
    Lyman Beesbury(54) hit Jonos Bracken(227) 238.
    ****
    Lyman Beesbury(54) has won.
  Duel between Smallwoods(18) -WIL- and Bulwers(27) -WHI- has begun.
    Theomar Smallwood(515) hit Jack Bulwer(655) 163.
    Jack Bulwer(492) hit Theomar Smallwood(515) 207.
    ****
    Theomar Smallwood(308) took 30 damage as DOT.
    Jack Bulwer(492) took 25 damage as DOT.
    Theomar Smallwood(278) hit Jack Bulwer(467) 163.
    Jack Bulwer(304) hit Theomar Smallwood(278) 207.
    ****
    Theomar Smallwood(71) took 60 damage as DOT.
    Jack Bulwer(304) took 50 damage as DOT.
    Theomar Smallwood(11) hit Jack Bulwer(254) 163.
    Jack Bulwer(91) hit Theomar Smallwood(11) 207.
    ****
    Jack Bulwer(91) has won.
  Duel between Mootons(28) -WHI- and Fossoways(36) -WIL- has begun.
    William Mooton(665) hit Lord Fossoway(455) 148.
    Lord Fossoway(307) hit William Mooton(665) 236.
    ****
    William Mooton(429) took 25 damage as DOT.
    Lord Fossoway(307) took 30 damage as DOT.
    William Mooton(404) hit Lord Fossoway(277) 148.
    Lord Fossoway(129) hit William Mooton(404) 236.
    ****
    William Mooton(168) took 50 damage as DOT.
    Lord Fossoway(129) took 60 damage as DOT.
    William Mooton(118) hit Lord Fossoway(69) 148.
    Lord Fossoway(-79) hit William Mooton(118) 236.
    ****
    Both of them are dead. A draw.
  Duel between Brackens(15) -WIL- and Bulwers(30) -WHI- has begun.
    Jonos Bracken(490) hit Jack Bulwer(655) 160.
    Jack Bulwer(495) hit Jonos Bracken(490) 210.
    ****
    Jonos Bracken(280) took 30 damage as DOT.
    Jack Bulwer(495) took 25 damage as DOT.
    Jonos Bracken(250) hit Jack Bulwer(470) 160.
    Jack Bulwer(310) hit Jonos Bracken(250) 210.
    ****
    Jonos Bracken(40) took 60 damage as DOT.
    Jack Bulwer(310) took 50 damage as DOT.
    Jonos Bracken(-20) hit Jack Bulwer(260) 160.
    Jack Bulwer(100) hit Jonos Bracken(-20) 210.
    ****
    Jack Bulwer(100) has won.
  Duel between Smallwoods(15) -WIL- and Fossoways(36) -WIL- has begun.
    Theomar Smallwood(515) hit Lord Fossoway(455) 160.
    Lord Fossoway(295) hit Theomar Smallwood(515) 236.
    ****
    Theomar Smallwood(279) took 25 damage as DOT.
    Lord Fossoway(295) took 25 damage as DOT.
    Theomar Smallwood(254) hit Lord Fossoway(270) 160.
    Lord Fossoway(110) hit Theomar Smallwood(254) 236.
    ****
    Theomar Smallwood(18) took 50 damage as DOT.
    Lord Fossoway(110) took 50 damage as DOT.
    Theomar Smallwood(-32) hit Lord Fossoway(60) 160.
    Lord Fossoway(-100) hit Theomar Smallwood(-32) 236.
    ****
    Both of them are dead. A draw.
  Duel between Mootons(28) -WHI- and Beesburys(36) -WIL- has begun.
    William Mooton(665) hit Lyman Beesbury(405) 148.
    Lyman Beesbury(257) hit William Mooton(665) 241.
    ****
    William Mooton(424) took 25 damage as DOT.
    Lyman Beesbury(257) took 30 damage as DOT.
    William Mooton(399) hit Lyman Beesbury(227) 148.
    Lyman Beesbury(79) hit William Mooton(399) 241.
    ****
    William Mooton(158) took 50 damage as DOT.
    Lyman Beesbury(79) took 60 damage as DOT.
    William Mooton(108) hit Lyman Beesbury(19) 148.
    Lyman Beesbury(-129) hit William Mooton(108) 241.
    ****
    Both of them are dead. A draw.
  Duel between Brackens(12) -WIL- and Fossoways(36) -WIL- has begun.
    Jonos Bracken(490) hit Lord Fossoway(455) 157.
    Lord Fossoway(298) hit Jonos Bracken(490) 236.
    ****
    Jonos Bracken(254) took 25 damage as DOT.
    Lord Fossoway(298) took 25 damage as DOT.
    Jonos Bracken(229) hit Lord Fossoway(273) 157.
    Lord Fossoway(116) hit Jonos Bracken(229) 236.
    ****
    Lord Fossoway(116) has won.
  Duel between Smallwoods(15) -WIL- and Beesburys(36) -WIL- has begun.
    Theomar Smallwood(515) hit Lyman Beesbury(405) 160.
    Lyman Beesbury(245) hit Theomar Smallwood(515) 241.
    ****
    Theomar Smallwood(274) took 25 damage as DOT.
    Lyman Beesbury(245) took 25 damage as DOT.
    Theomar Smallwood(249) hit Lyman Beesbury(220) 160.
    Lyman Beesbury(60) hit Theomar Smallwood(249) 241.
    ****
    Theomar Smallwood(8) took 50 damage as DOT.
    Lyman Beesbury(60) took 50 damage as DOT.
    Theomar Smallwood(-42) hit Lyman Beesbury(10) 160.
    Lyman Beesbury(-150) hit Theomar Smallwood(-42) 241.
    ****
    Both of them are dead. A draw.
  Duel between Mootons(28) -WHI- and Bulwers(33) -WHI- has begun.
    William Mooton(665) hit Jack Bulwer(655) 148.
    Jack Bulwer(507) hit William Mooton(665) 213.
    ****
    William Mooton(452) took 30 damage as DOT.
    Jack Bulwer(507) took 30 damage as DOT.
    William Mooton(422) hit Jack Bulwer(477) 148.
    Jack Bulwer(329) hit William Mooton(422) 213.
    ****
    William Mooton(209) took 60 damage as DOT.
    Jack Bulwer(329) took 60 damage as DOT.
    William Mooton(149) hit Jack Bulwer(269) 148.
    Jack Bulwer(121) hit William Mooton(149) 213.
    ****
    Jack Bulwer(121) has won.
  Duel between House Bolton(45) -WIZ- and House Lannister(50) -WHI- has begun.
    Walder Frey(540) hit Loras Tyrell(605) 165.
    Loras Tyrell(440) hit Walder Frey(540) 230.
    ****
    Walder Frey(310) took 30 damage as DOT.
    Loras Tyrell(440) took 20 damage as DOT.
    Walder Frey(280) hit Loras Tyrell(420) 165.
    Loras Tyrell(255) hit Walder Frey(280) 230.
    ****
    Walder Frey(50) took 60 damage as DOT.
    Loras Tyrell(255) took 40 damage as DOT.
    Walder Frey(-10) hit Loras Tyrell(215) 165.
    Loras Tyrell(50) hit Walder Frey(-10) 230.
    ****
    Loras Tyrell(50) has won.
  The Riverlands got 0 house points. The Reach got 8 house points.

The winner is: The Reach with currently 3 kingdom points.
---------------
---------------
Duel 10: The North vs The Reach
  Duel between Manderlys(57) -WHI- and Beesburys(36) -WIL- has begun.
    Wendel Manderly(650) hit Lyman Beesbury(405) 217.
    Lyman Beesbury(188) hit Wendel Manderly(650) 241.
    ****
    Wendel Manderly(409) took 25 damage as DOT.
    Lyman Beesbury(188) took 30 damage as DOT.
    Wendel Manderly(384) hit Lyman Beesbury(158) 217.
    Lyman Beesbury(-59) hit Wendel Manderly(384) 241.
    ****
    Wendel Manderly(143) has won.
  Duel between Umbers(54) -WHI- and Bulwers(36) -WHI- has begun.
    Greatjon Umber(625) hit Jack Bulwer(655) 214.
    Jack Bulwer(441) hit Greatjon Umber(625) 216.
    ****
    Greatjon Umber(409) took 30 damage as DOT.
    Jack Bulwer(441) took 30 damage as DOT.
    Greatjon Umber(379) hit Jack Bulwer(411) 214.
    Jack Bulwer(197) hit Greatjon Umber(379) 216.
    ****
    Greatjon Umber(163) took 60 damage as DOT.
    Jack Bulwer(197) took 60 damage as DOT.
    Greatjon Umber(103) hit Jack Bulwer(137) 214.
    Jack Bulwer(-77) hit Greatjon Umber(103) 216.
    ****
    Both of them are dead. A draw.
  Duel between Mormonts(24) -WIZ- and Fossoways(39) -WIL- has begun.
    Jeor Mormont(450) hit Lord Fossoway(455) 194.
    Lord Fossoway(261) hit Jeor Mormont(450) 239.
    ****
    Jeor Mormont(211) took 25 damage as DOT.
    Lord Fossoway(261) took 20 damage as DOT.
    Jeor Mormont(186) hit Lord Fossoway(241) 194.
    Lord Fossoway(47) hit Jeor Mormont(186) 239.
    ****
    Lord Fossoway(47) has won.
  Duel between Manderlys(60) -WHI- and Bulwers(36) -WHI- has begun.
    Wendel Manderly(650) hit Jack Bulwer(655) 220.
    Jack Bulwer(435) hit Wendel Manderly(650) 216.
    ****
    Wendel Manderly(434) took 30 damage as DOT.
    Jack Bulwer(435) took 30 damage as DOT.
    Wendel Manderly(404) hit Jack Bulwer(405) 220.
    Jack Bulwer(185) hit Wendel Manderly(404) 216.
    ****
    Wendel Manderly(188) took 60 damage as DOT.
    Jack Bulwer(185) took 60 damage as DOT.
    Wendel Manderly(128) hit Jack Bulwer(125) 220.
    Jack Bulwer(-95) hit Wendel Manderly(128) 216.
    ****
    Both of them are dead. A draw.
  Duel between Umbers(54) -WHI- and Fossoways(42) -WIL- has begun.
    Greatjon Umber(625) hit Lord Fossoway(455) 214.
    Lord Fossoway(241) hit Greatjon Umber(625) 242.
    ****
    Greatjon Umber(383) took 25 damage as DOT.
    Lord Fossoway(241) took 30 damage as DOT.
    Greatjon Umber(358) hit Lord Fossoway(211) 214.
    Lord Fossoway(-3) hit Greatjon Umber(358) 242.
    ****
    Greatjon Umber(116) has won.
  Duel between Mormonts(21) -WIZ- and Beesburys(33) -WIL- has begun.
    Jeor Mormont(450) hit Lyman Beesbury(405) 191.
    Lyman Beesbury(214) hit Jeor Mormont(450) 238.
    ****
    Jeor Mormont(212) took 25 damage as DOT.
    Lyman Beesbury(214) took 20 damage as DOT.
    Jeor Mormont(187) hit Lyman Beesbury(194) 191.
    Lyman Beesbury(3) hit Jeor Mormont(187) 238.
    ****
    Lyman Beesbury(3) has won.
  Duel between Manderlys(60) -WHI- and Fossoways(39) -WIL- has begun.
    Wendel Manderly(650) hit Lord Fossoway(455) 220.
    Lord Fossoway(235) hit Wendel Manderly(650) 239.
    ****
    Wendel Manderly(411) took 25 damage as DOT.
    Lord Fossoway(235) took 30 damage as DOT.
    Wendel Manderly(386) hit Lord Fossoway(205) 220.
    Lord Fossoway(-15) hit Wendel Manderly(386) 239.
    ****
    Wendel Manderly(147) has won.
  Duel between Umbers(57) -WHI- and Beesburys(36) -WIL- has begun.
    Greatjon Umber(625) hit Lyman Beesbury(405) 217.
    Lyman Beesbury(188) hit Greatjon Umber(625) 241.
    ****
    Greatjon Umber(384) took 25 damage as DOT.
    Lyman Beesbury(188) took 30 damage as DOT.
    Greatjon Umber(359) hit Lyman Beesbury(158) 217.
    Lyman Beesbury(-59) hit Greatjon Umber(359) 241.
    ****
    Greatjon Umber(118) has won.
  Duel between Mormonts(18) -WIZ- and Bulwers(36) -WHI- has begun.
    Jeor Mormont(450) hit Jack Bulwer(655) 188.
    Jack Bulwer(467) hit Jeor Mormont(450) 216.
    ****
    Jeor Mormont(234) took 30 damage as DOT.
    Jack Bulwer(467) took 20 damage as DOT.
    Jeor Mormont(204) hit Jack Bulwer(447) 188.
    Jack Bulwer(259) hit Jeor Mormont(204) 216.
    ****
    Jack Bulwer(259) has won.
  Duel between House Stark(50) -WIL- and House Lannister(55) -WHI- has begun.
    Benjen Stark(475) hit Loras Tyrell(605) 230.
    Loras Tyrell(375) hit Benjen Stark(475) 235.
    ****
    Benjen Stark(240) took 30 damage as DOT.
    Loras Tyrell(375) took 25 damage as DOT.
    Benjen Stark(210) hit Loras Tyrell(350) 230.
    Loras Tyrell(120) hit Benjen Stark(210) 235.
    ****
    Loras Tyrell(120) has won.
  The North got 4 house points. The Reach got 6 house points.

The winner is: The Reach with currently 4 kingdom points.
---------------
The War is over. The new owner of King's Landing is The Reach with a total of 4 points.

