War has started with 5 kingdoms.
---------------
Duel 1: The Reach vs The Riverlands
  Duel between Hightowers(30) -WIZ- and Blackwoods(30) -WIL- has begun.
    Leyton Hightower(525) hit Tytos Blackwood(450) 190.
    Tytos Blackwood(260) hit Leyton Hightower(525) 215.
    ****
    Leyton Hightower(310) took 25 damage as DOT.
    Tytos Blackwood(260) took 20 damage as DOT.
    Leyton Hightower(285) hit Tytos Blackwood(240) 190.
    Tytos Blackwood(50) hit Leyton Hightower(285) 215.
    ****
    Leyton Hightower(70) took 50 damage as DOT.
    Tytos Blackwood(50) took 40 damage as DOT.
    Leyton Hightower(20) hit Tytos Blackwood(10) 190.
    Tytos Blackwood(-180) hit Leyton Hightower(20) 215.
    ****
    Both of them are dead. A draw.
  Duel between Oakhearts(30) -WIL- and Mallisters(30) -WIL- has begun.
    Arys Oakheart(425) hit Jason Mallister(425) 210.
    Jason Mallister(215) hit Arys Oakheart(425) 215.
    ****
    Arys Oakheart(210) took 25 damage as DOT.
    Jason Mallister(215) took 25 damage as DOT.
    Arys Oakheart(185) hit Jason Mallister(190) 210.
    Jason Mallister(-20) hit Arys Oakheart(185) 215.
    ****
    Both of them are dead. A draw.
  Duel between Cuys(30) -WHI- and Smallwoods(30) -WIZ- has begun.
    Emmon Cuy(625) hit Theomar Smallwood(500) 190.
    Theomar Smallwood(310) hit Emmon Cuy(625) 195.
    ****
    Emmon Cuy(430) took 20 damage as DOT.
    Theomar Smallwood(310) took 30 damage as DOT.
    Emmon Cuy(410) hit Theomar Smallwood(280) 190.
    Theomar Smallwood(90) hit Emmon Cuy(410) 195.
    ****
    Emmon Cuy(215) took 40 damage as DOT.
    Theomar Smallwood(90) took 60 damage as DOT.
    Emmon Cuy(175) hit Theomar Smallwood(30) 190.
    Theomar Smallwood(-160) hit Emmon Cuy(175) 195.
    ****
    Both of them are dead. A draw.
  Duel between Hightowers(30) -WIZ- and Mallisters(30) -WIL- has begun.
    Leyton Hightower(525) hit Jason Mallister(425) 190.
    Jason Mallister(235) hit Leyton Hightower(525) 215.
    ****
    Leyton Hightower(310) took 25 damage as DOT.
    Jason Mallister(235) took 20 damage as DOT.
    Leyton Hightower(285) hit Jason Mallister(215) 190.
    Jason Mallister(25) hit Leyton Hightower(285) 215.
    ****
    Leyton Hightower(70) took 50 damage as DOT.
    Jason Mallister(25) took 40 damage as DOT.
    Leyton Hightower(20) hit Jason Mallister(-15) 190.
    Jason Mallister(-205) hit Leyton Hightower(20) 215.
    ****
    Both of them are dead. A draw.
  Duel between Oakhearts(30) -WIL- and Smallwoods(30) -WIZ- has begun.
    Arys Oakheart(425) hit Theomar Smallwood(500) 210.
    Theomar Smallwood(290) hit Arys Oakheart(425) 195.
    ****
    Arys Oakheart(230) took 20 damage as DOT.
    Theomar Smallwood(290) took 25 damage as DOT.
    Arys Oakheart(210) hit Theomar Smallwood(265) 210.
    Theomar Smallwood(55) hit Arys Oakheart(210) 195.
    ****
    Arys Oakheart(15) took 40 damage as DOT.
    Theomar Smallwood(55) took 50 damage as DOT.
    Arys Oakheart(-25) hit Theomar Smallwood(5) 210.
    Theomar Smallwood(-205) hit Arys Oakheart(-25) 195.
    ****
    Both of them are dead. A draw.
  Duel between Cuys(30) -WHI- and Blackwoods(30) -WIL- has begun.
    Emmon Cuy(625) hit Tytos Blackwood(450) 190.
    Tytos Blackwood(260) hit Emmon Cuy(625) 215.
    ****
    Emmon Cuy(410) took 25 damage as DOT.
    Tytos Blackwood(260) took 30 damage as DOT.
    Emmon Cuy(385) hit Tytos Blackwood(230) 190.
    Tytos Blackwood(40) hit Emmon Cuy(385) 215.
    ****
    Emmon Cuy(170) took 50 damage as DOT.
    Tytos Blackwood(40) took 60 damage as DOT.
    Emmon Cuy(120) hit Tytos Blackwood(-20) 190.
    Tytos Blackwood(-210) hit Emmon Cuy(120) 215.
    ****
    Both of them are dead. A draw.
  Duel between Hightowers(30) -WIZ- and Smallwoods(30) -WIZ- has begun.
    Leyton Hightower(525) hit Theomar Smallwood(500) 190.
    Theomar Smallwood(310) hit Leyton Hightower(525) 195.
    ****
    Leyton Hightower(330) took 20 damage as DOT.
    Theomar Smallwood(310) took 20 damage as DOT.
    Leyton Hightower(310) hit Theomar Smallwood(290) 190.
    Theomar Smallwood(100) hit Leyton Hightower(310) 195.
    ****
    Leyton Hightower(115) took 40 damage as DOT.
    Theomar Smallwood(100) took 40 damage as DOT.
    Leyton Hightower(75) hit Theomar Smallwood(60) 190.
    Theomar Smallwood(-130) hit Leyton Hightower(75) 195.
    ****
    Both of them are dead. A draw.
  Duel between Oakhearts(30) -WIL- and Blackwoods(30) -WIL- has begun.
    Arys Oakheart(425) hit Tytos Blackwood(450) 210.
    Tytos Blackwood(240) hit Arys Oakheart(425) 215.
    ****
    Arys Oakheart(210) took 25 damage as DOT.
    Tytos Blackwood(240) took 25 damage as DOT.
    Arys Oakheart(185) hit Tytos Blackwood(215) 210.
    Tytos Blackwood(5) hit Arys Oakheart(185) 215.
    ****
    Tytos Blackwood(5) has won.
  Duel between Cuys(30) -WHI- and Mallisters(30) -WIL- has begun.
    Emmon Cuy(625) hit Jason Mallister(425) 190.
    Jason Mallister(235) hit Emmon Cuy(625) 215.
    ****
    Emmon Cuy(410) took 25 damage as DOT.
    Jason Mallister(235) took 30 damage as DOT.
    Emmon Cuy(385) hit Jason Mallister(205) 190.
    Jason Mallister(15) hit Emmon Cuy(385) 215.
    ****
    Emmon Cuy(170) took 50 damage as DOT.
    Jason Mallister(15) took 60 damage as DOT.
    Emmon Cuy(120) hit Jason Mallister(-45) 190.
    Jason Mallister(-235) hit Emmon Cuy(120) 215.
    ****
    Both of them are dead. A draw.
  Duel between House Lannister(50) -WIZ- and House Bolton(50) -WHI- has begun.
    Mace Tyrell(525) hit Stevron Frey(625) 220.
    Stevron Frey(405) hit Mace Tyrell(525) 210.
    ****
    Mace Tyrell(315) took 30 damage as DOT.
    Stevron Frey(405) took 20 damage as DOT.
    Mace Tyrell(285) hit Stevron Frey(385) 220.
    Stevron Frey(165) hit Mace Tyrell(285) 210.
    ****
    Mace Tyrell(75) took 60 damage as DOT.
    Stevron Frey(165) took 40 damage as DOT.
    Mace Tyrell(15) hit Stevron Frey(125) 220.
    Stevron Frey(-95) hit Mace Tyrell(15) 210.
    ****
    Both of them are dead. A draw.
  The Reach got 0 house points. The Riverlands got 1 house points.

The winner is: The Riverlands with currently 1 kingdom points.
---------------
---------------
Duel 2: The Riverlands vs The Vale of Arryn
  Duel between Blackwoods(33) -WIL- and Egens(30) -WIL- has begun.
    Tytos Blackwood(450) hit Vardis Egen(455) 218.
    Vardis Egen(237) hit Tytos Blackwood(450) 230.
    ****
    Tytos Blackwood(220) took 25 damage as DOT.
    Vardis Egen(237) took 25 damage as DOT.
    Tytos Blackwood(195) hit Vardis Egen(212) 218.
    Vardis Egen(-6) hit Tytos Blackwood(195) 230.
    ****
    Both of them are dead. A draw.
  Duel between Mallisters(30) -WIL- and Tolletts(30) -WHI- has begun.
    Jason Mallister(425) hit Eddison Tollett(630) 215.
    Eddison Tollett(415) hit Jason Mallister(425) 210.
    ****
    Jason Mallister(215) took 30 damage as DOT.
    Eddison Tollett(415) took 25 damage as DOT.
    Jason Mallister(185) hit Eddison Tollett(390) 215.
    Eddison Tollett(175) hit Jason Mallister(185) 210.
    ****
    Eddison Tollett(175) has won.
  Duel between Smallwoods(30) -WIZ- and Corbrays(30) -WIL- has begun.
    Theomar Smallwood(500) hit Vance Corbray(455) 195.
    Vance Corbray(260) hit Theomar Smallwood(500) 230.
    ****
    Theomar Smallwood(270) took 25 damage as DOT.
    Vance Corbray(260) took 20 damage as DOT.
    Theomar Smallwood(245) hit Vance Corbray(240) 195.
    Vance Corbray(45) hit Theomar Smallwood(245) 230.
    ****
    Theomar Smallwood(15) took 50 damage as DOT.
    Vance Corbray(45) took 40 damage as DOT.
    Theomar Smallwood(-35) hit Vance Corbray(5) 195.
    Vance Corbray(-190) hit Theomar Smallwood(-35) 230.
    ****
    Both of them are dead. A draw.
  Duel between Blackwoods(33) -WIL- and Tolletts(33) -WHI- has begun.
    Tytos Blackwood(450) hit Eddison Tollett(630) 218.
    Eddison Tollett(412) hit Tytos Blackwood(450) 213.
    ****
    Tytos Blackwood(237) took 30 damage as DOT.
    Eddison Tollett(412) took 25 damage as DOT.
    Tytos Blackwood(207) hit Eddison Tollett(387) 218.
    Eddison Tollett(169) hit Tytos Blackwood(207) 213.
    ****
    Eddison Tollett(169) has won.
  Duel between Mallisters(27) -WIL- and Corbrays(30) -WIL- has begun.
    Jason Mallister(425) hit Vance Corbray(455) 212.
    Vance Corbray(243) hit Jason Mallister(425) 230.
    ****
    Jason Mallister(195) took 25 damage as DOT.
    Vance Corbray(243) took 25 damage as DOT.
    Jason Mallister(170) hit Vance Corbray(218) 212.
    Vance Corbray(6) hit Jason Mallister(170) 230.
    ****
    Vance Corbray(6) has won.
  Duel between Smallwoods(30) -WIZ- and Egens(30) -WIL- has begun.
    Theomar Smallwood(500) hit Vardis Egen(455) 195.
    Vardis Egen(260) hit Theomar Smallwood(500) 230.
    ****
    Theomar Smallwood(270) took 25 damage as DOT.
    Vardis Egen(260) took 20 damage as DOT.
    Theomar Smallwood(245) hit Vardis Egen(240) 195.
    Vardis Egen(45) hit Theomar Smallwood(245) 230.
    ****
    Theomar Smallwood(15) took 50 damage as DOT.
    Vardis Egen(45) took 40 damage as DOT.
    Theomar Smallwood(-35) hit Vardis Egen(5) 195.
    Vardis Egen(-190) hit Theomar Smallwood(-35) 230.
    ****
    Both of them are dead. A draw.
  Duel between Blackwoods(30) -WIL- and Corbrays(33) -WIL- has begun.
    Tytos Blackwood(450) hit Vance Corbray(455) 215.
    Vance Corbray(240) hit Tytos Blackwood(450) 233.
    ****
    Tytos Blackwood(217) took 25 damage as DOT.
    Vance Corbray(240) took 25 damage as DOT.
    Tytos Blackwood(192) hit Vance Corbray(215) 215.
    Vance Corbray(0) hit Tytos Blackwood(192) 233.
    ****
    Both of them are dead. A draw.
  Duel between Mallisters(24) -WIL- and Egens(30) -WIL- has begun.
    Jason Mallister(425) hit Vardis Egen(455) 209.
    Vardis Egen(246) hit Jason Mallister(425) 230.
    ****
    Jason Mallister(195) took 25 damage as DOT.
    Vardis Egen(246) took 25 damage as DOT.
    Jason Mallister(170) hit Vardis Egen(221) 209.
    Vardis Egen(12) hit Jason Mallister(170) 230.
    ****
    Vardis Egen(12) has won.
  Duel between Smallwoods(30) -WIZ- and Tolletts(36) -WHI- has begun.
    Theomar Smallwood(500) hit Eddison Tollett(630) 195.
    Eddison Tollett(435) hit Theomar Smallwood(500) 216.
    ****
    Theomar Smallwood(284) took 30 damage as DOT.
    Eddison Tollett(435) took 20 damage as DOT.
    Theomar Smallwood(254) hit Eddison Tollett(415) 195.
    Eddison Tollett(220) hit Theomar Smallwood(254) 216.
    ****
    Theomar Smallwood(38) took 60 damage as DOT.
    Eddison Tollett(220) took 40 damage as DOT.
    Theomar Smallwood(-22) hit Eddison Tollett(180) 195.
    Eddison Tollett(-15) hit Theomar Smallwood(-22) 216.
    ****
    Both of them are dead. A draw.
  Duel between House Bolton(50) -WHI- and House Arryn(50) -WHI- has begun.
    Stevron Frey(625) hit Jon Arryn(655) 210.
    Jon Arryn(445) hit Stevron Frey(625) 230.
    ****
    Stevron Frey(395) took 30 damage as DOT.
    Jon Arryn(445) took 30 damage as DOT.
    Stevron Frey(365) hit Jon Arryn(415) 210.
    Jon Arryn(205) hit Stevron Frey(365) 230.
    ****
    Stevron Frey(135) took 60 damage as DOT.
    Jon Arryn(205) took 60 damage as DOT.
    Stevron Frey(75) hit Jon Arryn(145) 210.
    Jon Arryn(-65) hit Stevron Frey(75) 230.
    ****
    Both of them are dead. A draw.
  The Riverlands got 0 house points. The Vale of Arryn got 4 house points.

The winner is: The Vale of Arryn with currently 1 kingdom points.
---------------
---------------
Duel 3: The Vale of Arryn vs The Stormlands
  Duel between Egens(33) -WIL- and Trants(30) -WHI- has begun.
    Vardis Egen(455) hit Meryn Trant(655) 233.
    Meryn Trant(422) hit Vardis Egen(455) 160.
    ****
    Vardis Egen(295) took 30 damage as DOT.
    Meryn Trant(422) took 25 damage as DOT.
    Vardis Egen(265) hit Meryn Trant(397) 233.
    Meryn Trant(164) hit Vardis Egen(265) 160.
    ****
    Vardis Egen(105) took 60 damage as DOT.
    Meryn Trant(164) took 50 damage as DOT.
    Vardis Egen(45) hit Meryn Trant(114) 233.
    Meryn Trant(-119) hit Vardis Egen(45) 160.
    ****
    Both of them are dead. A draw.
  Duel between Tolletts(36) -WHI- and Musgoods(30) -WIL- has begun.
    Eddison Tollett(630) hit Lord Musgood(480) 216.
    Lord Musgood(264) hit Eddison Tollett(630) 180.
    ****
    Eddison Tollett(450) took 25 damage as DOT.
    Lord Musgood(264) took 30 damage as DOT.
    Eddison Tollett(425) hit Lord Musgood(234) 216.
    Lord Musgood(18) hit Eddison Tollett(425) 180.
    ****
    Eddison Tollett(245) took 50 damage as DOT.
    Lord Musgood(18) took 60 damage as DOT.
    Eddison Tollett(195) hit Lord Musgood(-42) 216.
    Lord Musgood(-258) hit Eddison Tollett(195) 180.
    ****
    Eddison Tollett(15) has won.
  Duel between Corbrays(33) -WIL- and Errols(30) -WIL- has begun.
    Vance Corbray(455) hit Lord Errol(455) 233.
    Lord Errol(222) hit Vance Corbray(455) 185.
    ****
    Vance Corbray(270) took 25 damage as DOT.
    Lord Errol(222) took 25 damage as DOT.
    Vance Corbray(245) hit Lord Errol(197) 233.
    Lord Errol(-36) hit Vance Corbray(245) 185.
    ****
    Vance Corbray(60) has won.
  Duel between Egens(33) -WIL- and Musgoods(27) -WIL- has begun.
    Vardis Egen(455) hit Lord Musgood(480) 233.
    Lord Musgood(247) hit Vardis Egen(455) 177.
    ****
    Vardis Egen(278) took 25 damage as DOT.
    Lord Musgood(247) took 25 damage as DOT.
    Vardis Egen(253) hit Lord Musgood(222) 233.
    Lord Musgood(-11) hit Vardis Egen(253) 177.
    ****
    Vardis Egen(76) has won.
  Duel between Tolletts(39) -WHI- and Errols(27) -WIL- has begun.
    Eddison Tollett(630) hit Lord Errol(455) 219.
    Lord Errol(236) hit Eddison Tollett(630) 182.
    ****
    Eddison Tollett(448) took 25 damage as DOT.
    Lord Errol(236) took 30 damage as DOT.
    Eddison Tollett(423) hit Lord Errol(206) 219.
    Lord Errol(-13) hit Eddison Tollett(423) 182.
    ****
    Eddison Tollett(241) has won.
  Duel between Corbrays(36) -WIL- and Trants(30) -WHI- has begun.
    Vance Corbray(455) hit Meryn Trant(655) 236.
    Meryn Trant(419) hit Vance Corbray(455) 160.
    ****
    Vance Corbray(295) took 30 damage as DOT.
    Meryn Trant(419) took 25 damage as DOT.
    Vance Corbray(265) hit Meryn Trant(394) 236.
    Meryn Trant(158) hit Vance Corbray(265) 160.
    ****
    Vance Corbray(105) took 60 damage as DOT.
    Meryn Trant(158) took 50 damage as DOT.
    Vance Corbray(45) hit Meryn Trant(108) 236.
    Meryn Trant(-128) hit Vance Corbray(45) 160.
    ****
    Both of them are dead. A draw.
  Duel between Egens(36) -WIL- and Errols(24) -WIL- has begun.
    Vardis Egen(455) hit Lord Errol(455) 236.
    Lord Errol(219) hit Vardis Egen(455) 179.
    ****
    Vardis Egen(276) took 25 damage as DOT.
    Lord Errol(219) took 25 damage as DOT.
    Vardis Egen(251) hit Lord Errol(194) 236.
    Lord Errol(-42) hit Vardis Egen(251) 179.
    ****
    Vardis Egen(72) has won.
  Duel between Tolletts(42) -WHI- and Trants(30) -WHI- has begun.
    Eddison Tollett(630) hit Meryn Trant(655) 222.
    Meryn Trant(433) hit Eddison Tollett(630) 160.
    ****
    Eddison Tollett(470) took 30 damage as DOT.
    Meryn Trant(433) took 30 damage as DOT.
    Eddison Tollett(440) hit Meryn Trant(403) 222.
    Meryn Trant(181) hit Eddison Tollett(440) 160.
    ****
    Eddison Tollett(280) took 60 damage as DOT.
    Meryn Trant(181) took 60 damage as DOT.
    Eddison Tollett(220) hit Meryn Trant(121) 222.
    Meryn Trant(-101) hit Eddison Tollett(220) 160.
    ****
    Eddison Tollett(60) has won.
  Duel between Corbrays(36) -WIL- and Musgoods(24) -WIL- has begun.
    Vance Corbray(455) hit Lord Musgood(480) 236.
    Lord Musgood(244) hit Vance Corbray(455) 174.
    ****
    Vance Corbray(281) took 25 damage as DOT.
    Lord Musgood(244) took 25 damage as DOT.
    Vance Corbray(256) hit Lord Musgood(219) 236.
    Lord Musgood(-17) hit Vance Corbray(256) 174.
    ****
    Vance Corbray(82) has won.
  Duel between House Arryn(50) -WHI- and House Tyrell(50) -WIL- has begun.
    Jon Arryn(655) hit Stannis Baratheon(530) 230.
    Stannis Baratheon(300) hit Jon Arryn(655) 205.
    ****
    Jon Arryn(450) took 25 damage as DOT.
    Stannis Baratheon(300) took 30 damage as DOT.
    Jon Arryn(425) hit Stannis Baratheon(270) 230.
    Stannis Baratheon(40) hit Jon Arryn(425) 205.
    ****
    Jon Arryn(220) took 50 damage as DOT.
    Stannis Baratheon(40) took 60 damage as DOT.
    Jon Arryn(170) hit Stannis Baratheon(-20) 230.
    Stannis Baratheon(-250) hit Jon Arryn(170) 205.
    ****
    Both of them are dead. A draw.
  The Vale of Arryn got 7 house points. The Stormlands got 0 house points.

The winner is: The Vale of Arryn with currently 2 kingdom points.
---------------
---------------
Duel 4: The Stormlands vs Dorne
  Duel between Trants(27) -WHI- and Manwoodys(30) -WIL- has begun.
    Meryn Trant(655) hit Dagos Manwoody(483) 157.
    Dagos Manwoody(326) hit Meryn Trant(655) 173.
    ****
    Meryn Trant(482) took 25 damage as DOT.
    Dagos Manwoody(326) took 30 damage as DOT.
    Meryn Trant(457) hit Dagos Manwoody(296) 157.
    Dagos Manwoody(139) hit Meryn Trant(457) 173.
    ****
    Meryn Trant(284) took 50 damage as DOT.
    Dagos Manwoody(139) took 60 damage as DOT.
    Meryn Trant(234) hit Dagos Manwoody(79) 157.
    Dagos Manwoody(-78) hit Meryn Trant(234) 173.
    ****
    Meryn Trant(61) has won.
  Duel between Musgoods(21) -WIL- and Daynes(30) -WIL- has begun.
    Lord Musgood(480) hit Beric Dayne(458) 171.
    Beric Dayne(287) hit Lord Musgood(480) 178.
    ****
    Lord Musgood(302) took 25 damage as DOT.
    Beric Dayne(287) took 25 damage as DOT.
    Lord Musgood(277) hit Beric Dayne(262) 171.
    Beric Dayne(91) hit Lord Musgood(277) 178.
    ****
    Lord Musgood(99) took 50 damage as DOT.
    Beric Dayne(91) took 50 damage as DOT.
    Lord Musgood(49) hit Beric Dayne(41) 171.
    Beric Dayne(-130) hit Lord Musgood(49) 178.
    ****
    Both of them are dead. A draw.
  Duel between Errols(21) -WIL- and Blackmonts(30) -WHI- has begun.
    Lord Errol(455) hit Larra Blackmont(708) 176.
    Larra Blackmont(532) hit Lord Errol(455) 153.
    ****
    Lord Errol(302) took 30 damage as DOT.
    Larra Blackmont(532) took 25 damage as DOT.
    Lord Errol(272) hit Larra Blackmont(507) 176.
    Larra Blackmont(331) hit Lord Errol(272) 153.
    ****
    Lord Errol(119) took 60 damage as DOT.
    Larra Blackmont(331) took 50 damage as DOT.
    Lord Errol(59) hit Larra Blackmont(281) 176.
    Larra Blackmont(105) hit Lord Errol(59) 153.
    ****
    Larra Blackmont(105) has won.
  Duel between Trants(25) -WHI- and Daynes(30) -WIL- has begun.
    Meryn Trant(655) hit Beric Dayne(458) 155.
    Beric Dayne(303) hit Meryn Trant(655) 178.
    ****
    Meryn Trant(477) took 25 damage as DOT.
    Beric Dayne(303) took 30 damage as DOT.
    Meryn Trant(452) hit Beric Dayne(273) 155.
    Beric Dayne(118) hit Meryn Trant(452) 178.
    ****
    Meryn Trant(274) took 50 damage as DOT.
    Beric Dayne(118) took 60 damage as DOT.
    Meryn Trant(224) hit Beric Dayne(58) 155.
    Beric Dayne(-97) hit Meryn Trant(224) 178.
    ****
    Meryn Trant(46) has won.
  Duel between Musgoods(21) -WIL- and Blackmonts(33) -WHI- has begun.
    Lord Musgood(480) hit Larra Blackmont(708) 171.
    Larra Blackmont(537) hit Lord Musgood(480) 156.
    ****
    Lord Musgood(324) took 30 damage as DOT.
    Larra Blackmont(537) took 25 damage as DOT.
    Lord Musgood(294) hit Larra Blackmont(512) 171.
    Larra Blackmont(341) hit Lord Musgood(294) 156.
    ****
    Lord Musgood(138) took 60 damage as DOT.
    Larra Blackmont(341) took 50 damage as DOT.
    Lord Musgood(78) hit Larra Blackmont(291) 171.
    Larra Blackmont(120) hit Lord Musgood(78) 156.
    ****
    Larra Blackmont(120) has won.
  Duel between Errols(18) -WIL- and Manwoodys(27) -WIL- has begun.
    Lord Errol(455) hit Dagos Manwoody(483) 173.
    Dagos Manwoody(310) hit Lord Errol(455) 170.
    ****
    Lord Errol(285) took 25 damage as DOT.
    Dagos Manwoody(310) took 25 damage as DOT.
    Lord Errol(260) hit Dagos Manwoody(285) 173.
    Dagos Manwoody(112) hit Lord Errol(260) 170.
    ****
    Lord Errol(90) took 50 damage as DOT.
    Dagos Manwoody(112) took 50 damage as DOT.
    Lord Errol(40) hit Dagos Manwoody(62) 173.
    Dagos Manwoody(-111) hit Lord Errol(40) 170.
    ****
    Both of them are dead. A draw.
  Duel between Trants(23) -WHI- and Blackmonts(36) -WHI- has begun.
    Meryn Trant(655) hit Larra Blackmont(708) 153.
    Larra Blackmont(555) hit Meryn Trant(655) 159.
    ****
    Meryn Trant(496) took 30 damage as DOT.
    Larra Blackmont(555) took 30 damage as DOT.
    Meryn Trant(466) hit Larra Blackmont(525) 153.
    Larra Blackmont(372) hit Meryn Trant(466) 159.
    ****
    Meryn Trant(307) took 60 damage as DOT.
    Larra Blackmont(372) took 60 damage as DOT.
    Meryn Trant(247) hit Larra Blackmont(312) 153.
    Larra Blackmont(159) hit Meryn Trant(247) 159.
    ****
    Meryn Trant(88) took 90 damage as DOT.
    Larra Blackmont(159) took 90 damage as DOT.
    Meryn Trant(-2) hit Larra Blackmont(69) 153.
    Larra Blackmont(-84) hit Meryn Trant(-2) 159.
    ****
    Both of them are dead. A draw.
  Duel between Musgoods(18) -WIL- and Manwoodys(27) -WIL- has begun.
    Lord Musgood(480) hit Dagos Manwoody(483) 168.
    Dagos Manwoody(315) hit Lord Musgood(480) 170.
    ****
    Lord Musgood(310) took 25 damage as DOT.
    Dagos Manwoody(315) took 25 damage as DOT.
    Lord Musgood(285) hit Dagos Manwoody(290) 168.
    Dagos Manwoody(122) hit Lord Musgood(285) 170.
    ****
    Lord Musgood(115) took 50 damage as DOT.
    Dagos Manwoody(122) took 50 damage as DOT.
    Lord Musgood(65) hit Dagos Manwoody(72) 168.
    Dagos Manwoody(-96) hit Lord Musgood(65) 170.
    ****
    Both of them are dead. A draw.
  Duel between Errols(18) -WIL- and Daynes(27) -WIL- has begun.
    Lord Errol(455) hit Beric Dayne(458) 173.
    Beric Dayne(285) hit Lord Errol(455) 175.
    ****
    Lord Errol(280) took 25 damage as DOT.
    Beric Dayne(285) took 25 damage as DOT.
    Lord Errol(255) hit Beric Dayne(260) 173.
    Beric Dayne(87) hit Lord Errol(255) 175.
    ****
    Lord Errol(80) took 50 damage as DOT.
    Beric Dayne(87) took 50 damage as DOT.
    Lord Errol(30) hit Beric Dayne(37) 173.
    Beric Dayne(-136) hit Lord Errol(30) 175.
    ****
    Both of them are dead. A draw.
  Duel between House Tyrell(50) -WIL- and House Martell(50) -WIZ- has begun.
    Stannis Baratheon(530) hit Obara Sand(508) 205.
    Obara Sand(303) hit Stannis Baratheon(530) 168.
    ****
    Stannis Baratheon(362) took 20 damage as DOT.
    Obara Sand(303) took 25 damage as DOT.
    Stannis Baratheon(342) hit Obara Sand(278) 205.
    Obara Sand(73) hit Stannis Baratheon(342) 168.
    ****
    Stannis Baratheon(174) took 40 damage as DOT.
    Obara Sand(73) took 50 damage as DOT.
    Stannis Baratheon(134) hit Obara Sand(23) 205.
    Obara Sand(-182) hit Stannis Baratheon(134) 168.
    ****
    Both of them are dead. A draw.
  The Stormlands got 2 house points. Dorne got 2 house points.

A draw.
---------------
---------------
Duel 5: The Reach vs The Vale of Arryn
  Duel between Hightowers(30) -WIZ- and Egens(39) -WIL- has begun.
    Leyton Hightower(525) hit Vardis Egen(455) 190.
    Vardis Egen(265) hit Leyton Hightower(525) 239.
    ****
    Leyton Hightower(286) took 25 damage as DOT.
    Vardis Egen(265) took 20 damage as DOT.
    Leyton Hightower(261) hit Vardis Egen(245) 190.
    Vardis Egen(55) hit Leyton Hightower(261) 239.
    ****
    Leyton Hightower(22) took 50 damage as DOT.
    Vardis Egen(55) took 40 damage as DOT.
    Leyton Hightower(-28) hit Vardis Egen(15) 190.
    Vardis Egen(-175) hit Leyton Hightower(-28) 239.
    ****
    Both of them are dead. A draw.
  Duel between Oakhearts(27) -WIL- and Tolletts(45) -WHI- has begun.
    Arys Oakheart(425) hit Eddison Tollett(630) 207.
    Eddison Tollett(423) hit Arys Oakheart(425) 225.
    ****
    Arys Oakheart(200) took 30 damage as DOT.
    Eddison Tollett(423) took 25 damage as DOT.
    Arys Oakheart(170) hit Eddison Tollett(398) 207.
    Eddison Tollett(191) hit Arys Oakheart(170) 225.
    ****
    Eddison Tollett(191) has won.
  Duel between Cuys(30) -WHI- and Corbrays(39) -WIL- has begun.
    Emmon Cuy(625) hit Vance Corbray(455) 190.
    Vance Corbray(265) hit Emmon Cuy(625) 239.
    ****
    Emmon Cuy(386) took 25 damage as DOT.
    Vance Corbray(265) took 30 damage as DOT.
    Emmon Cuy(361) hit Vance Corbray(235) 190.
    Vance Corbray(45) hit Emmon Cuy(361) 239.
    ****
    Emmon Cuy(122) took 50 damage as DOT.
    Vance Corbray(45) took 60 damage as DOT.
    Emmon Cuy(72) hit Vance Corbray(-15) 190.
    Vance Corbray(-205) hit Emmon Cuy(72) 239.
    ****
    Both of them are dead. A draw.
  Duel between Hightowers(30) -WIZ- and Tolletts(48) -WHI- has begun.
    Leyton Hightower(525) hit Eddison Tollett(630) 190.
    Eddison Tollett(440) hit Leyton Hightower(525) 228.
    ****
    Leyton Hightower(297) took 30 damage as DOT.
    Eddison Tollett(440) took 20 damage as DOT.
    Leyton Hightower(267) hit Eddison Tollett(420) 190.
    Eddison Tollett(230) hit Leyton Hightower(267) 228.
    ****
    Leyton Hightower(39) took 60 damage as DOT.
    Eddison Tollett(230) took 40 damage as DOT.
    Leyton Hightower(-21) hit Eddison Tollett(190) 190.
    Eddison Tollett(0) hit Leyton Hightower(-21) 228.
    ****
    Both of them are dead. A draw.
  Duel between Oakhearts(24) -WIL- and Corbrays(39) -WIL- has begun.
    Arys Oakheart(425) hit Vance Corbray(455) 204.
    Vance Corbray(251) hit Arys Oakheart(425) 239.
    ****
    Arys Oakheart(186) took 25 damage as DOT.
    Vance Corbray(251) took 25 damage as DOT.
    Arys Oakheart(161) hit Vance Corbray(226) 204.
    Vance Corbray(22) hit Arys Oakheart(161) 239.
    ****
    Vance Corbray(22) has won.
  Duel between Cuys(30) -WHI- and Egens(39) -WIL- has begun.
    Emmon Cuy(625) hit Vardis Egen(455) 190.
    Vardis Egen(265) hit Emmon Cuy(625) 239.
    ****
    Emmon Cuy(386) took 25 damage as DOT.
    Vardis Egen(265) took 30 damage as DOT.
    Emmon Cuy(361) hit Vardis Egen(235) 190.
    Vardis Egen(45) hit Emmon Cuy(361) 239.
    ****
    Emmon Cuy(122) took 50 damage as DOT.
    Vardis Egen(45) took 60 damage as DOT.
    Emmon Cuy(72) hit Vardis Egen(-15) 190.
    Vardis Egen(-205) hit Emmon Cuy(72) 239.
    ****
    Both of them are dead. A draw.
  Duel between Hightowers(30) -WIZ- and Corbrays(42) -WIL- has begun.
    Leyton Hightower(525) hit Vance Corbray(455) 190.
    Vance Corbray(265) hit Leyton Hightower(525) 242.
    ****
    Leyton Hightower(283) took 25 damage as DOT.
    Vance Corbray(265) took 20 damage as DOT.
    Leyton Hightower(258) hit Vance Corbray(245) 190.
    Vance Corbray(55) hit Leyton Hightower(258) 242.
    ****
    Leyton Hightower(16) took 50 damage as DOT.
    Vance Corbray(55) took 40 damage as DOT.
    Leyton Hightower(-34) hit Vance Corbray(15) 190.
    Vance Corbray(-175) hit Leyton Hightower(-34) 242.
    ****
    Both of them are dead. A draw.
  Duel between Oakhearts(21) -WIL- and Egens(39) -WIL- has begun.
    Arys Oakheart(425) hit Vardis Egen(455) 201.
    Vardis Egen(254) hit Arys Oakheart(425) 239.
    ****
    Arys Oakheart(186) took 25 damage as DOT.
    Vardis Egen(254) took 25 damage as DOT.
    Arys Oakheart(161) hit Vardis Egen(229) 201.
    Vardis Egen(28) hit Arys Oakheart(161) 239.
    ****
    Vardis Egen(28) has won.
  Duel between Cuys(30) -WHI- and Tolletts(48) -WHI- has begun.
    Emmon Cuy(625) hit Eddison Tollett(630) 190.
    Eddison Tollett(440) hit Emmon Cuy(625) 228.
    ****
    Emmon Cuy(397) took 30 damage as DOT.
    Eddison Tollett(440) took 30 damage as DOT.
    Emmon Cuy(367) hit Eddison Tollett(410) 190.
    Eddison Tollett(220) hit Emmon Cuy(367) 228.
    ****
    Emmon Cuy(139) took 60 damage as DOT.
    Eddison Tollett(220) took 60 damage as DOT.
    Emmon Cuy(79) hit Eddison Tollett(160) 190.
    Eddison Tollett(-30) hit Emmon Cuy(79) 228.
    ****
    Both of them are dead. A draw.
  Duel between House Lannister(50) -WIZ- and House Arryn(50) -WHI- has begun.
    Mace Tyrell(525) hit Jon Arryn(655) 220.
    Jon Arryn(435) hit Mace Tyrell(525) 230.
    ****
    Mace Tyrell(295) took 30 damage as DOT.
    Jon Arryn(435) took 20 damage as DOT.
    Mace Tyrell(265) hit Jon Arryn(415) 220.
    Jon Arryn(195) hit Mace Tyrell(265) 230.
    ****
    Mace Tyrell(35) took 60 damage as DOT.
    Jon Arryn(195) took 40 damage as DOT.
    Mace Tyrell(-25) hit Jon Arryn(155) 220.
    Jon Arryn(-65) hit Mace Tyrell(-25) 230.
    ****
    Both of them are dead. A draw.
  The Reach got 0 house points. The Vale of Arryn got 3 house points.

The winner is: The Vale of Arryn with currently 3 kingdom points.
---------------
---------------
Duel 6: The Riverlands vs The Stormlands
  Duel between Blackwoods(30) -WIL- and Trants(23) -WHI- has begun.
    Tytos Blackwood(450) hit Meryn Trant(655) 215.
    Meryn Trant(440) hit Tytos Blackwood(450) 153.
    ****
    Tytos Blackwood(297) took 30 damage as DOT.
    Meryn Trant(440) took 25 damage as DOT.
    Tytos Blackwood(267) hit Meryn Trant(415) 215.
    Meryn Trant(200) hit Tytos Blackwood(267) 153.
    ****
    Tytos Blackwood(114) took 60 damage as DOT.
    Meryn Trant(200) took 50 damage as DOT.
    Tytos Blackwood(54) hit Meryn Trant(150) 215.
    Meryn Trant(-65) hit Tytos Blackwood(54) 153.
    ****
    Both of them are dead. A draw.
  Duel between Mallisters(21) -WIL- and Musgoods(18) -WIL- has begun.
    Jason Mallister(425) hit Lord Musgood(480) 206.
    Lord Musgood(274) hit Jason Mallister(425) 168.
    ****
    Jason Mallister(257) took 25 damage as DOT.
    Lord Musgood(274) took 25 damage as DOT.
    Jason Mallister(232) hit Lord Musgood(249) 206.
    Lord Musgood(43) hit Jason Mallister(232) 168.
    ****
    Jason Mallister(64) took 50 damage as DOT.
    Lord Musgood(43) took 50 damage as DOT.
    Jason Mallister(14) hit Lord Musgood(-7) 206.
    Lord Musgood(-213) hit Jason Mallister(14) 168.
    ****
    Both of them are dead. A draw.
  Duel between Smallwoods(30) -WIZ- and Errols(18) -WIL- has begun.
    Theomar Smallwood(500) hit Lord Errol(455) 195.
    Lord Errol(260) hit Theomar Smallwood(500) 173.
    ****
    Theomar Smallwood(327) took 25 damage as DOT.
    Lord Errol(260) took 20 damage as DOT.
    Theomar Smallwood(302) hit Lord Errol(240) 195.
    Lord Errol(45) hit Theomar Smallwood(302) 173.
    ****
    Theomar Smallwood(129) took 50 damage as DOT.
    Lord Errol(45) took 40 damage as DOT.
    Theomar Smallwood(79) hit Lord Errol(5) 195.
    Lord Errol(-190) hit Theomar Smallwood(79) 173.
    ****
    Both of them are dead. A draw.
  Duel between Blackwoods(30) -WIL- and Musgoods(18) -WIL- has begun.
    Tytos Blackwood(450) hit Lord Musgood(480) 215.
    Lord Musgood(265) hit Tytos Blackwood(450) 168.
    ****
    Tytos Blackwood(282) took 25 damage as DOT.
    Lord Musgood(265) took 25 damage as DOT.
    Tytos Blackwood(257) hit Lord Musgood(240) 215.
    Lord Musgood(25) hit Tytos Blackwood(257) 168.
    ****
    Tytos Blackwood(89) took 50 damage as DOT.
    Lord Musgood(25) took 50 damage as DOT.
    Tytos Blackwood(39) hit Lord Musgood(-25) 215.
    Lord Musgood(-240) hit Tytos Blackwood(39) 168.
    ****
    Both of them are dead. A draw.
  Duel between Mallisters(21) -WIL- and Errols(18) -WIL- has begun.
    Jason Mallister(425) hit Lord Errol(455) 206.
    Lord Errol(249) hit Jason Mallister(425) 173.
    ****
    Jason Mallister(252) took 25 damage as DOT.
    Lord Errol(249) took 25 damage as DOT.
    Jason Mallister(227) hit Lord Errol(224) 206.
    Lord Errol(18) hit Jason Mallister(227) 173.
    ****
    Jason Mallister(54) took 50 damage as DOT.
    Lord Errol(18) took 50 damage as DOT.
    Jason Mallister(4) hit Lord Errol(-32) 206.
    Lord Errol(-238) hit Jason Mallister(4) 173.
    ****
    Both of them are dead. A draw.
  Duel between Smallwoods(30) -WIZ- and Trants(23) -WHI- has begun.
    Theomar Smallwood(500) hit Meryn Trant(655) 195.
    Meryn Trant(460) hit Theomar Smallwood(500) 153.
    ****
    Theomar Smallwood(347) took 30 damage as DOT.
    Meryn Trant(460) took 20 damage as DOT.
    Theomar Smallwood(317) hit Meryn Trant(440) 195.
    Meryn Trant(245) hit Theomar Smallwood(317) 153.
    ****
    Theomar Smallwood(164) took 60 damage as DOT.
    Meryn Trant(245) took 40 damage as DOT.
    Theomar Smallwood(104) hit Meryn Trant(205) 195.
    Meryn Trant(10) hit Theomar Smallwood(104) 153.
    ****
    Meryn Trant(10) has won.
  Duel between Blackwoods(30) -WIL- and Errols(18) -WIL- has begun.
    Tytos Blackwood(450) hit Lord Errol(455) 215.
    Lord Errol(240) hit Tytos Blackwood(450) 173.
    ****
    Tytos Blackwood(277) took 25 damage as DOT.
    Lord Errol(240) took 25 damage as DOT.
    Tytos Blackwood(252) hit Lord Errol(215) 215.
    Lord Errol(0) hit Tytos Blackwood(252) 173.
    ****
    Tytos Blackwood(79) has won.
  Duel between Mallisters(21) -WIL- and Trants(22) -WHI- has begun.
    Jason Mallister(425) hit Meryn Trant(655) 206.
    Meryn Trant(449) hit Jason Mallister(425) 152.
    ****
    Jason Mallister(273) took 30 damage as DOT.
    Meryn Trant(449) took 25 damage as DOT.
    Jason Mallister(243) hit Meryn Trant(424) 206.
    Meryn Trant(218) hit Jason Mallister(243) 152.
    ****
    Jason Mallister(91) took 60 damage as DOT.
    Meryn Trant(218) took 50 damage as DOT.
    Jason Mallister(31) hit Meryn Trant(168) 206.
    Meryn Trant(-38) hit Jason Mallister(31) 152.
    ****
    Both of them are dead. A draw.
  Duel between Smallwoods(27) -WIZ- and Musgoods(18) -WIL- has begun.
    Theomar Smallwood(500) hit Lord Musgood(480) 192.
    Lord Musgood(288) hit Theomar Smallwood(500) 168.
    ****
    Theomar Smallwood(332) took 25 damage as DOT.
    Lord Musgood(288) took 20 damage as DOT.
    Theomar Smallwood(307) hit Lord Musgood(268) 192.
    Lord Musgood(76) hit Theomar Smallwood(307) 168.
    ****
    Theomar Smallwood(139) took 50 damage as DOT.
    Lord Musgood(76) took 40 damage as DOT.
    Theomar Smallwood(89) hit Lord Musgood(36) 192.
    Lord Musgood(-156) hit Theomar Smallwood(89) 168.
    ****
    Both of them are dead. A draw.
  Duel between House Bolton(50) -WHI- and House Tyrell(50) -WIL- has begun.
    Stevron Frey(625) hit Stannis Baratheon(530) 210.
    Stannis Baratheon(320) hit Stevron Frey(625) 205.
    ****
    Stevron Frey(420) took 25 damage as DOT.
    Stannis Baratheon(320) took 30 damage as DOT.
    Stevron Frey(395) hit Stannis Baratheon(290) 210.
    Stannis Baratheon(80) hit Stevron Frey(395) 205.
    ****
    Stevron Frey(190) took 50 damage as DOT.
    Stannis Baratheon(80) took 60 damage as DOT.
    Stevron Frey(140) hit Stannis Baratheon(20) 210.
    Stannis Baratheon(-190) hit Stevron Frey(140) 205.
    ****
    Both of them are dead. A draw.
  The Riverlands got 1 house points. The Stormlands got 1 house points.

A draw.
---------------
---------------
Duel 7: The Vale of Arryn vs Dorne
  Duel between Egens(42) -WIL- and Manwoodys(27) -WIL- has begun.
    Vardis Egen(455) hit Dagos Manwoody(483) 242.
    Dagos Manwoody(241) hit Vardis Egen(455) 170.
    ****
    Vardis Egen(285) took 25 damage as DOT.
    Dagos Manwoody(241) took 25 damage as DOT.
    Vardis Egen(260) hit Dagos Manwoody(216) 242.
    Dagos Manwoody(-26) hit Vardis Egen(260) 170.
    ****
    Vardis Egen(90) has won.
  Duel between Tolletts(48) -WHI- and Daynes(27) -WIL- has begun.
    Eddison Tollett(630) hit Beric Dayne(458) 228.
    Beric Dayne(230) hit Eddison Tollett(630) 175.
    ****
    Eddison Tollett(455) took 25 damage as DOT.
    Beric Dayne(230) took 30 damage as DOT.
    Eddison Tollett(430) hit Beric Dayne(200) 228.
    Beric Dayne(-28) hit Eddison Tollett(430) 175.
    ****
    Eddison Tollett(255) has won.
  Duel between Corbrays(42) -WIL- and Blackmonts(36) -WHI- has begun.
    Vance Corbray(455) hit Larra Blackmont(708) 242.
    Larra Blackmont(466) hit Vance Corbray(455) 159.
    ****
    Vance Corbray(296) took 30 damage as DOT.
    Larra Blackmont(466) took 25 damage as DOT.
    Vance Corbray(266) hit Larra Blackmont(441) 242.
    Larra Blackmont(199) hit Vance Corbray(266) 159.
    ****
    Vance Corbray(107) took 60 damage as DOT.
    Larra Blackmont(199) took 50 damage as DOT.
    Vance Corbray(47) hit Larra Blackmont(149) 242.
    Larra Blackmont(-93) hit Vance Corbray(47) 159.
    ****
    Both of them are dead. A draw.
  Duel between Egens(45) -WIL- and Daynes(24) -WIL- has begun.
    Vardis Egen(455) hit Beric Dayne(458) 245.
    Beric Dayne(213) hit Vardis Egen(455) 172.
    ****
    Vardis Egen(283) took 25 damage as DOT.
    Beric Dayne(213) took 25 damage as DOT.
    Vardis Egen(258) hit Beric Dayne(188) 245.
    Beric Dayne(-57) hit Vardis Egen(258) 172.
    ****
    Vardis Egen(86) has won.
  Duel between Tolletts(51) -WHI- and Blackmonts(36) -WHI- has begun.
    Eddison Tollett(630) hit Larra Blackmont(708) 231.
    Larra Blackmont(477) hit Eddison Tollett(630) 159.
    ****
    Eddison Tollett(471) took 30 damage as DOT.
    Larra Blackmont(477) took 30 damage as DOT.
    Eddison Tollett(441) hit Larra Blackmont(447) 231.
    Larra Blackmont(216) hit Eddison Tollett(441) 159.
    ****
    Eddison Tollett(282) took 60 damage as DOT.
    Larra Blackmont(216) took 60 damage as DOT.
    Eddison Tollett(222) hit Larra Blackmont(156) 231.
    Larra Blackmont(-75) hit Eddison Tollett(222) 159.
    ****
    Eddison Tollett(63) has won.
  Duel between Corbrays(42) -WIL- and Manwoodys(24) -WIL- has begun.
    Vance Corbray(455) hit Dagos Manwoody(483) 242.
    Dagos Manwoody(241) hit Vance Corbray(455) 167.
    ****
    Vance Corbray(288) took 25 damage as DOT.
    Dagos Manwoody(241) took 25 damage as DOT.
    Vance Corbray(263) hit Dagos Manwoody(216) 242.
    Dagos Manwoody(-26) hit Vance Corbray(263) 167.
    ****
    Vance Corbray(96) has won.
  Duel between Egens(48) -WIL- and Blackmonts(33) -WHI- has begun.
    Vardis Egen(455) hit Larra Blackmont(708) 248.
    Larra Blackmont(460) hit Vardis Egen(455) 156.
    ****
    Vardis Egen(299) took 30 damage as DOT.
    Larra Blackmont(460) took 25 damage as DOT.
    Vardis Egen(269) hit Larra Blackmont(435) 248.
    Larra Blackmont(187) hit Vardis Egen(269) 156.
    ****
    Vardis Egen(113) took 60 damage as DOT.
    Larra Blackmont(187) took 50 damage as DOT.
    Vardis Egen(53) hit Larra Blackmont(137) 248.
    Larra Blackmont(-111) hit Vardis Egen(53) 156.
    ****
    Both of them are dead. A draw.
  Duel between Tolletts(54) -WHI- and Manwoodys(21) -WIL- has begun.
    Eddison Tollett(630) hit Dagos Manwoody(483) 234.
    Dagos Manwoody(249) hit Eddison Tollett(630) 164.
    ****
    Eddison Tollett(466) took 25 damage as DOT.
    Dagos Manwoody(249) took 30 damage as DOT.
    Eddison Tollett(441) hit Dagos Manwoody(219) 234.
    Dagos Manwoody(-15) hit Eddison Tollett(441) 164.
    ****
    Eddison Tollett(277) has won.
  Duel between Corbrays(45) -WIL- and Daynes(21) -WIL- has begun.
    Vance Corbray(455) hit Beric Dayne(458) 245.
    Beric Dayne(213) hit Vance Corbray(455) 169.
    ****
    Vance Corbray(286) took 25 damage as DOT.
    Beric Dayne(213) took 25 damage as DOT.
    Vance Corbray(261) hit Beric Dayne(188) 245.
    Beric Dayne(-57) hit Vance Corbray(261) 169.
    ****
    Vance Corbray(92) has won.
  Duel between House Arryn(50) -WHI- and House Martell(50) -WIZ- has begun.
    Jon Arryn(655) hit Obara Sand(508) 230.
    Obara Sand(278) hit Jon Arryn(655) 168.
    ****
    Jon Arryn(487) took 20 damage as DOT.
    Obara Sand(278) took 30 damage as DOT.
    Jon Arryn(467) hit Obara Sand(248) 230.
    Obara Sand(18) hit Jon Arryn(467) 168.
    ****
    Jon Arryn(299) took 40 damage as DOT.
    Obara Sand(18) took 60 damage as DOT.
    Jon Arryn(259) hit Obara Sand(-42) 230.
    Obara Sand(-272) hit Jon Arryn(259) 168.
    ****
    Jon Arryn(91) has won.
  The Vale of Arryn got 10 house points. Dorne got 0 house points.

The winner is: The Vale of Arryn with currently 4 kingdom points.
---------------
---------------
Duel 8: The Reach vs The Stormlands
  Duel between Hightowers(30) -WIZ- and Trants(22) -WHI- has begun.
    Leyton Hightower(525) hit Meryn Trant(655) 190.
    Meryn Trant(465) hit Leyton Hightower(525) 152.
    ****
    Leyton Hightower(373) took 30 damage as DOT.
    Meryn Trant(465) took 20 damage as DOT.
    Leyton Hightower(343) hit Meryn Trant(445) 190.
    Meryn Trant(255) hit Leyton Hightower(343) 152.
    ****
    Leyton Hightower(191) took 60 damage as DOT.
    Meryn Trant(255) took 40 damage as DOT.
    Leyton Hightower(131) hit Meryn Trant(215) 190.
    Meryn Trant(25) hit Leyton Hightower(131) 152.
    ****
    Meryn Trant(25) has won.
  Duel between Oakhearts(18) -WIL- and Musgoods(18) -WIL- has begun.
    Arys Oakheart(425) hit Lord Musgood(480) 198.
    Lord Musgood(282) hit Arys Oakheart(425) 168.
    ****
    Arys Oakheart(257) took 25 damage as DOT.
    Lord Musgood(282) took 25 damage as DOT.
    Arys Oakheart(232) hit Lord Musgood(257) 198.
    Lord Musgood(59) hit Arys Oakheart(232) 168.
    ****
    Arys Oakheart(64) took 50 damage as DOT.
    Lord Musgood(59) took 50 damage as DOT.
    Arys Oakheart(14) hit Lord Musgood(9) 198.
    Lord Musgood(-189) hit Arys Oakheart(14) 168.
    ****
    Both of them are dead. A draw.
  Duel between Cuys(30) -WHI- and Errols(15) -WIL- has begun.
    Emmon Cuy(625) hit Lord Errol(455) 190.
    Lord Errol(265) hit Emmon Cuy(625) 170.
    ****
    Emmon Cuy(455) took 25 damage as DOT.
    Lord Errol(265) took 30 damage as DOT.
    Emmon Cuy(430) hit Lord Errol(235) 190.
    Lord Errol(45) hit Emmon Cuy(430) 170.
    ****
    Emmon Cuy(260) took 50 damage as DOT.
    Lord Errol(45) took 60 damage as DOT.
    Emmon Cuy(210) hit Lord Errol(-15) 190.
    Lord Errol(-205) hit Emmon Cuy(210) 170.
    ****
    Emmon Cuy(40) has won.
  Duel between Hightowers(27) -WIZ- and Musgoods(18) -WIL- has begun.
    Leyton Hightower(525) hit Lord Musgood(480) 187.
    Lord Musgood(293) hit Leyton Hightower(525) 168.
    ****
    Leyton Hightower(357) took 25 damage as DOT.
    Lord Musgood(293) took 20 damage as DOT.
    Leyton Hightower(332) hit Lord Musgood(273) 187.
    Lord Musgood(86) hit Leyton Hightower(332) 168.
    ****
    Leyton Hightower(164) took 50 damage as DOT.
    Lord Musgood(86) took 40 damage as DOT.
    Leyton Hightower(114) hit Lord Musgood(46) 187.
    Lord Musgood(-141) hit Leyton Hightower(114) 168.
    ****
    Both of them are dead. A draw.
  Duel between Oakhearts(18) -WIL- and Errols(12) -WIL- has begun.
    Arys Oakheart(425) hit Lord Errol(455) 198.
    Lord Errol(257) hit Arys Oakheart(425) 167.
    ****
    Arys Oakheart(258) took 25 damage as DOT.
    Lord Errol(257) took 25 damage as DOT.
    Arys Oakheart(233) hit Lord Errol(232) 198.
    Lord Errol(34) hit Arys Oakheart(233) 167.
    ****
    Arys Oakheart(66) took 50 damage as DOT.
    Lord Errol(34) took 50 damage as DOT.
    Arys Oakheart(16) hit Lord Errol(-16) 198.
    Lord Errol(-214) hit Arys Oakheart(16) 167.
    ****
    Both of them are dead. A draw.
  Duel between Cuys(33) -WHI- and Trants(21) -WHI- has begun.
    Emmon Cuy(625) hit Meryn Trant(655) 193.
    Meryn Trant(462) hit Emmon Cuy(625) 151.
    ****
    Emmon Cuy(474) took 30 damage as DOT.
    Meryn Trant(462) took 30 damage as DOT.
    Emmon Cuy(444) hit Meryn Trant(432) 193.
    Meryn Trant(239) hit Emmon Cuy(444) 151.
    ****
    Emmon Cuy(293) took 60 damage as DOT.
    Meryn Trant(239) took 60 damage as DOT.
    Emmon Cuy(233) hit Meryn Trant(179) 193.
    Meryn Trant(-14) hit Emmon Cuy(233) 151.
    ****
    Emmon Cuy(82) has won.
  Duel between Hightowers(27) -WIZ- and Errols(12) -WIL- has begun.
    Leyton Hightower(525) hit Lord Errol(455) 187.
    Lord Errol(268) hit Leyton Hightower(525) 167.
    ****
    Leyton Hightower(358) took 25 damage as DOT.
    Lord Errol(268) took 20 damage as DOT.
    Leyton Hightower(333) hit Lord Errol(248) 187.
    Lord Errol(61) hit Leyton Hightower(333) 167.
    ****
    Leyton Hightower(166) took 50 damage as DOT.
    Lord Errol(61) took 40 damage as DOT.
    Leyton Hightower(116) hit Lord Errol(21) 187.
    Lord Errol(-166) hit Leyton Hightower(116) 167.
    ****
    Both of them are dead. A draw.
  Duel between Oakhearts(18) -WIL- and Trants(18) -WHI- has begun.
    Arys Oakheart(425) hit Meryn Trant(655) 198.
    Meryn Trant(457) hit Arys Oakheart(425) 148.
    ****
    Arys Oakheart(277) took 30 damage as DOT.
    Meryn Trant(457) took 25 damage as DOT.
    Arys Oakheart(247) hit Meryn Trant(432) 198.
    Meryn Trant(234) hit Arys Oakheart(247) 148.
    ****
    Arys Oakheart(99) took 60 damage as DOT.
    Meryn Trant(234) took 50 damage as DOT.
    Arys Oakheart(39) hit Meryn Trant(184) 198.
    Meryn Trant(-14) hit Arys Oakheart(39) 148.
    ****
    Both of them are dead. A draw.
  Duel between Cuys(36) -WHI- and Musgoods(18) -WIL- has begun.
    Emmon Cuy(625) hit Lord Musgood(480) 196.
    Lord Musgood(284) hit Emmon Cuy(625) 168.
    ****
    Emmon Cuy(457) took 25 damage as DOT.
    Lord Musgood(284) took 30 damage as DOT.
    Emmon Cuy(432) hit Lord Musgood(254) 196.
    Lord Musgood(58) hit Emmon Cuy(432) 168.
    ****
    Emmon Cuy(264) took 50 damage as DOT.
    Lord Musgood(58) took 60 damage as DOT.
    Emmon Cuy(214) hit Lord Musgood(-2) 196.
    Lord Musgood(-198) hit Emmon Cuy(214) 168.
    ****
    Emmon Cuy(46) has won.
  Duel between House Lannister(50) -WIZ- and House Tyrell(50) -WIL- has begun.
    Mace Tyrell(525) hit Stannis Baratheon(530) 220.
    Stannis Baratheon(310) hit Mace Tyrell(525) 205.
    ****
    Mace Tyrell(320) took 25 damage as DOT.
    Stannis Baratheon(310) took 20 damage as DOT.
    Mace Tyrell(295) hit Stannis Baratheon(290) 220.
    Stannis Baratheon(70) hit Mace Tyrell(295) 205.
    ****
    Mace Tyrell(90) took 50 damage as DOT.
    Stannis Baratheon(70) took 40 damage as DOT.
    Mace Tyrell(40) hit Stannis Baratheon(30) 220.
    Stannis Baratheon(-190) hit Mace Tyrell(40) 205.
    ****
    Both of them are dead. A draw.
  The Reach got 3 house points. The Stormlands got 1 house points.

The winner is: The Reach with currently 1 kingdom points.
---------------
---------------
Duel 9: The Riverlands vs Dorne
  Duel between Blackwoods(33) -WIL- and Manwoodys(18) -WIL- has begun.
    Tytos Blackwood(450) hit Dagos Manwoody(483) 218.
    Dagos Manwoody(265) hit Tytos Blackwood(450) 161.
    ****
    Tytos Blackwood(289) took 25 damage as DOT.
    Dagos Manwoody(265) took 25 damage as DOT.
    Tytos Blackwood(264) hit Dagos Manwoody(240) 218.
    Dagos Manwoody(22) hit Tytos Blackwood(264) 161.
    ****
    Tytos Blackwood(103) took 50 damage as DOT.
    Dagos Manwoody(22) took 50 damage as DOT.
    Tytos Blackwood(53) hit Dagos Manwoody(-28) 218.
    Dagos Manwoody(-246) hit Tytos Blackwood(53) 161.
    ****
    Both of them are dead. A draw.
  Duel between Mallisters(21) -WIL- and Daynes(18) -WIL- has begun.
    Jason Mallister(425) hit Beric Dayne(458) 206.
    Beric Dayne(252) hit Jason Mallister(425) 166.
    ****
    Jason Mallister(259) took 25 damage as DOT.
    Beric Dayne(252) took 25 damage as DOT.
    Jason Mallister(234) hit Beric Dayne(227) 206.
    Beric Dayne(21) hit Jason Mallister(234) 166.
    ****
    Jason Mallister(68) took 50 damage as DOT.
    Beric Dayne(21) took 50 damage as DOT.
    Jason Mallister(18) hit Beric Dayne(-29) 206.
    Beric Dayne(-235) hit Jason Mallister(18) 166.
    ****
    Both of them are dead. A draw.
  Duel between Smallwoods(27) -WIZ- and Blackmonts(33) -WHI- has begun.
    Theomar Smallwood(500) hit Larra Blackmont(708) 192.
    Larra Blackmont(516) hit Theomar Smallwood(500) 156.
    ****
    Theomar Smallwood(344) took 30 damage as DOT.
    Larra Blackmont(516) took 20 damage as DOT.
    Theomar Smallwood(314) hit Larra Blackmont(496) 192.
    Larra Blackmont(304) hit Theomar Smallwood(314) 156.
    ****
    Theomar Smallwood(158) took 60 damage as DOT.
    Larra Blackmont(304) took 40 damage as DOT.
    Theomar Smallwood(98) hit Larra Blackmont(264) 192.
    Larra Blackmont(72) hit Theomar Smallwood(98) 156.
    ****
    Larra Blackmont(72) has won.
  Duel between Blackwoods(33) -WIL- and Daynes(18) -WIL- has begun.
    Tytos Blackwood(450) hit Beric Dayne(458) 218.
    Beric Dayne(240) hit Tytos Blackwood(450) 166.
    ****
    Tytos Blackwood(284) took 25 damage as DOT.
    Beric Dayne(240) took 25 damage as DOT.
    Tytos Blackwood(259) hit Beric Dayne(215) 218.
    Beric Dayne(-3) hit Tytos Blackwood(259) 166.
    ****
    Tytos Blackwood(93) has won.
  Duel between Mallisters(21) -WIL- and Blackmonts(36) -WHI- has begun.
    Jason Mallister(425) hit Larra Blackmont(708) 206.
    Larra Blackmont(502) hit Jason Mallister(425) 159.
    ****
    Jason Mallister(266) took 30 damage as DOT.
    Larra Blackmont(502) took 25 damage as DOT.
    Jason Mallister(236) hit Larra Blackmont(477) 206.
    Larra Blackmont(271) hit Jason Mallister(236) 159.
    ****
    Jason Mallister(77) took 60 damage as DOT.
    Larra Blackmont(271) took 50 damage as DOT.
    Jason Mallister(17) hit Larra Blackmont(221) 206.
    Larra Blackmont(15) hit Jason Mallister(17) 159.
    ****
    Larra Blackmont(15) has won.
  Duel between Smallwoods(24) -WIZ- and Manwoodys(18) -WIL- has begun.
    Theomar Smallwood(500) hit Dagos Manwoody(483) 189.
    Dagos Manwoody(294) hit Theomar Smallwood(500) 161.
    ****
    Theomar Smallwood(339) took 25 damage as DOT.
    Dagos Manwoody(294) took 20 damage as DOT.
    Theomar Smallwood(314) hit Dagos Manwoody(274) 189.
    Dagos Manwoody(85) hit Theomar Smallwood(314) 161.
    ****
    Theomar Smallwood(153) took 50 damage as DOT.
    Dagos Manwoody(85) took 40 damage as DOT.
    Theomar Smallwood(103) hit Dagos Manwoody(45) 189.
    Dagos Manwoody(-144) hit Theomar Smallwood(103) 161.
    ****
    Both of them are dead. A draw.
  Duel between Blackwoods(36) -WIL- and Blackmonts(39) -WHI- has begun.
    Tytos Blackwood(450) hit Larra Blackmont(708) 221.
    Larra Blackmont(487) hit Tytos Blackwood(450) 162.
    ****
    Tytos Blackwood(288) took 30 damage as DOT.
    Larra Blackmont(487) took 25 damage as DOT.
    Tytos Blackwood(258) hit Larra Blackmont(462) 221.
    Larra Blackmont(241) hit Tytos Blackwood(258) 162.
    ****
    Tytos Blackwood(96) took 60 damage as DOT.
    Larra Blackmont(241) took 50 damage as DOT.
    Tytos Blackwood(36) hit Larra Blackmont(191) 221.
    Larra Blackmont(-30) hit Tytos Blackwood(36) 162.
    ****
    Both of them are dead. A draw.
  Duel between Mallisters(18) -WIL- and Manwoodys(18) -WIL- has begun.
    Jason Mallister(425) hit Dagos Manwoody(483) 203.
    Dagos Manwoody(280) hit Jason Mallister(425) 161.
    ****
    Jason Mallister(264) took 25 damage as DOT.
    Dagos Manwoody(280) took 25 damage as DOT.
    Jason Mallister(239) hit Dagos Manwoody(255) 203.
    Dagos Manwoody(52) hit Jason Mallister(239) 161.
    ****
    Jason Mallister(78) took 50 damage as DOT.
    Dagos Manwoody(52) took 50 damage as DOT.
    Jason Mallister(28) hit Dagos Manwoody(2) 203.
    Dagos Manwoody(-201) hit Jason Mallister(28) 161.
    ****
    Both of them are dead. A draw.
  Duel between Smallwoods(24) -WIZ- and Daynes(15) -WIL- has begun.
    Theomar Smallwood(500) hit Beric Dayne(458) 189.
    Beric Dayne(269) hit Theomar Smallwood(500) 163.
    ****
    Theomar Smallwood(337) took 25 damage as DOT.
    Beric Dayne(269) took 20 damage as DOT.
    Theomar Smallwood(312) hit Beric Dayne(249) 189.
    Beric Dayne(60) hit Theomar Smallwood(312) 163.
    ****
    Theomar Smallwood(149) took 50 damage as DOT.
    Beric Dayne(60) took 40 damage as DOT.
    Theomar Smallwood(99) hit Beric Dayne(20) 189.
    Beric Dayne(-169) hit Theomar Smallwood(99) 163.
    ****
    Both of them are dead. A draw.
  Duel between House Bolton(50) -WHI- and House Martell(45) -WIZ- has begun.
    Stevron Frey(625) hit Obara Sand(508) 210.
    Obara Sand(298) hit Stevron Frey(625) 163.
    ****
    Stevron Frey(462) took 20 damage as DOT.
    Obara Sand(298) took 30 damage as DOT.
    Stevron Frey(442) hit Obara Sand(268) 210.
    Obara Sand(58) hit Stevron Frey(442) 163.
    ****
    Stevron Frey(279) took 40 damage as DOT.
    Obara Sand(58) took 60 damage as DOT.
    Stevron Frey(239) hit Obara Sand(-2) 210.
    Obara Sand(-212) hit Stevron Frey(239) 163.
    ****
    Stevron Frey(76) has won.
  The Riverlands got 4 house points. Dorne got 2 house points.

The winner is: The Riverlands with currently 3 kingdom points.
---------------
---------------
Duel 10: The Reach vs Dorne
  Duel between Hightowers(27) -WIZ- and Manwoodys(18) -WIL- has begun.
    Leyton Hightower(525) hit Dagos Manwoody(483) 187.
    Dagos Manwoody(296) hit Leyton Hightower(525) 161.
    ****
    Leyton Hightower(364) took 25 damage as DOT.
    Dagos Manwoody(296) took 20 damage as DOT.
    Leyton Hightower(339) hit Dagos Manwoody(276) 187.
    Dagos Manwoody(89) hit Leyton Hightower(339) 161.
    ****
    Leyton Hightower(178) took 50 damage as DOT.
    Dagos Manwoody(89) took 40 damage as DOT.
    Leyton Hightower(128) hit Dagos Manwoody(49) 187.
    Dagos Manwoody(-138) hit Leyton Hightower(128) 161.
    ****
    Both of them are dead. A draw.
  Duel between Oakhearts(18) -WIL- and Daynes(15) -WIL- has begun.
    Arys Oakheart(425) hit Beric Dayne(458) 198.
    Beric Dayne(260) hit Arys Oakheart(425) 163.
    ****
    Arys Oakheart(262) took 25 damage as DOT.
    Beric Dayne(260) took 25 damage as DOT.
    Arys Oakheart(237) hit Beric Dayne(235) 198.
    Beric Dayne(37) hit Arys Oakheart(237) 163.
    ****
    Arys Oakheart(74) took 50 damage as DOT.
    Beric Dayne(37) took 50 damage as DOT.
    Arys Oakheart(24) hit Beric Dayne(-13) 198.
    Beric Dayne(-211) hit Arys Oakheart(24) 163.
    ****
    Both of them are dead. A draw.
  Duel between Cuys(39) -WHI- and Blackmonts(39) -WHI- has begun.
    Emmon Cuy(625) hit Larra Blackmont(708) 199.
    Larra Blackmont(509) hit Emmon Cuy(625) 162.
    ****
    Emmon Cuy(463) took 30 damage as DOT.
    Larra Blackmont(509) took 30 damage as DOT.
    Emmon Cuy(433) hit Larra Blackmont(479) 199.
    Larra Blackmont(280) hit Emmon Cuy(433) 162.
    ****
    Emmon Cuy(271) took 60 damage as DOT.
    Larra Blackmont(280) took 60 damage as DOT.
    Emmon Cuy(211) hit Larra Blackmont(220) 199.
    Larra Blackmont(21) hit Emmon Cuy(211) 162.
    ****
    Emmon Cuy(49) took 90 damage as DOT.
    Larra Blackmont(21) took 90 damage as DOT.
    Emmon Cuy(-41) hit Larra Blackmont(-69) 199.
    Larra Blackmont(-268) hit Emmon Cuy(-41) 162.
    ****
    Both of them are dead. A draw.
  Duel between Hightowers(27) -WIZ- and Daynes(15) -WIL- has begun.
    Leyton Hightower(525) hit Beric Dayne(458) 187.
    Beric Dayne(271) hit Leyton Hightower(525) 163.
    ****
    Leyton Hightower(362) took 25 damage as DOT.
    Beric Dayne(271) took 20 damage as DOT.
    Leyton Hightower(337) hit Beric Dayne(251) 187.
    Beric Dayne(64) hit Leyton Hightower(337) 163.
    ****
    Leyton Hightower(174) took 50 damage as DOT.
    Beric Dayne(64) took 40 damage as DOT.
    Leyton Hightower(124) hit Beric Dayne(24) 187.
    Beric Dayne(-163) hit Leyton Hightower(124) 163.
    ****
    Both of them are dead. A draw.
  Duel between Oakhearts(18) -WIL- and Blackmonts(39) -WHI- has begun.
    Arys Oakheart(425) hit Larra Blackmont(708) 198.
    Larra Blackmont(510) hit Arys Oakheart(425) 162.
    ****
    Arys Oakheart(263) took 30 damage as DOT.
    Larra Blackmont(510) took 25 damage as DOT.
    Arys Oakheart(233) hit Larra Blackmont(485) 198.
    Larra Blackmont(287) hit Arys Oakheart(233) 162.
    ****
    Arys Oakheart(71) took 60 damage as DOT.
    Larra Blackmont(287) took 50 damage as DOT.
    Arys Oakheart(11) hit Larra Blackmont(237) 198.
    Larra Blackmont(39) hit Arys Oakheart(11) 162.
    ****
    Larra Blackmont(39) has won.
  Duel between Cuys(39) -WHI- and Manwoodys(18) -WIL- has begun.
    Emmon Cuy(625) hit Dagos Manwoody(483) 199.
    Dagos Manwoody(284) hit Emmon Cuy(625) 161.
    ****
    Emmon Cuy(464) took 25 damage as DOT.
    Dagos Manwoody(284) took 30 damage as DOT.
    Emmon Cuy(439) hit Dagos Manwoody(254) 199.
    Dagos Manwoody(55) hit Emmon Cuy(439) 161.
    ****
    Emmon Cuy(278) took 50 damage as DOT.
    Dagos Manwoody(55) took 60 damage as DOT.
    Emmon Cuy(228) hit Dagos Manwoody(-5) 199.
    Dagos Manwoody(-204) hit Emmon Cuy(228) 161.
    ****
    Emmon Cuy(67) has won.
  Duel between Hightowers(27) -WIZ- and Blackmonts(42) -WHI- has begun.
    Leyton Hightower(525) hit Larra Blackmont(708) 187.
    Larra Blackmont(521) hit Leyton Hightower(525) 165.
    ****
    Leyton Hightower(360) took 30 damage as DOT.
    Larra Blackmont(521) took 20 damage as DOT.
    Leyton Hightower(330) hit Larra Blackmont(501) 187.
    Larra Blackmont(314) hit Leyton Hightower(330) 165.
    ****
    Leyton Hightower(165) took 60 damage as DOT.
    Larra Blackmont(314) took 40 damage as DOT.
    Leyton Hightower(105) hit Larra Blackmont(274) 187.
    Larra Blackmont(87) hit Leyton Hightower(105) 165.
    ****
    Larra Blackmont(87) has won.
  Duel between Oakhearts(15) -WIL- and Manwoodys(15) -WIL- has begun.
    Arys Oakheart(425) hit Dagos Manwoody(483) 195.
    Dagos Manwoody(288) hit Arys Oakheart(425) 158.
    ****
    Arys Oakheart(267) took 25 damage as DOT.
    Dagos Manwoody(288) took 25 damage as DOT.
    Arys Oakheart(242) hit Dagos Manwoody(263) 195.
    Dagos Manwoody(68) hit Arys Oakheart(242) 158.
    ****
    Arys Oakheart(84) took 50 damage as DOT.
    Dagos Manwoody(68) took 50 damage as DOT.
    Arys Oakheart(34) hit Dagos Manwoody(18) 195.
    Dagos Manwoody(-177) hit Arys Oakheart(34) 158.
    ****
    Both of them are dead. A draw.
  Duel between Cuys(42) -WHI- and Daynes(15) -WIL- has begun.
    Emmon Cuy(625) hit Beric Dayne(458) 202.
    Beric Dayne(256) hit Emmon Cuy(625) 163.
    ****
    Emmon Cuy(462) took 25 damage as DOT.
    Beric Dayne(256) took 30 damage as DOT.
    Emmon Cuy(437) hit Beric Dayne(226) 202.
    Beric Dayne(24) hit Emmon Cuy(437) 163.
    ****
    Emmon Cuy(274) took 50 damage as DOT.
    Beric Dayne(24) took 60 damage as DOT.
    Emmon Cuy(224) hit Beric Dayne(-36) 202.
    Beric Dayne(-238) hit Emmon Cuy(224) 163.
    ****
    Emmon Cuy(61) has won.
  Duel between House Lannister(50) -WIZ- and House Martell(40) -WIZ- has begun.
    Mace Tyrell(525) hit Obara Sand(508) 220.
    Obara Sand(288) hit Mace Tyrell(525) 158.
    ****
    Mace Tyrell(367) took 20 damage as DOT.
    Obara Sand(288) took 20 damage as DOT.
    Mace Tyrell(347) hit Obara Sand(268) 220.
    Obara Sand(48) hit Mace Tyrell(347) 158.
    ****
    Mace Tyrell(189) took 40 damage as DOT.
    Obara Sand(48) took 40 damage as DOT.
    Mace Tyrell(149) hit Obara Sand(8) 220.
    Obara Sand(-212) hit Mace Tyrell(149) 158.
    ****
    Both of them are dead. A draw.
  The Reach got 2 house points. Dorne got 2 house points.

A draw.
---------------
The War is over. The new owner of King's Landing is The Vale of Arryn with a total of 4 points.

