War has started with 5 kingdoms.
---------------
Duel 1: The Crownlands vs The Vale of Arryn
  Duel between Stokeworths(30) -WHI- and Royces(30) -WIL- has begun.
    Tanda Stokeworth(630) hit Yohn Royce(425) 210.
    Yohn Royce(215) hit Tanda Stokeworth(630) 140.
    ****
    Tanda Stokeworth(490) took 25 damage as DOT.
    Yohn Royce(215) took 30 damage as DOT.
    Tanda Stokeworth(465) hit Yohn Royce(185) 210.
    Yohn Royce(-25) hit Tanda Stokeworth(465) 140.
    ****
    Tanda Stokeworth(325) has won.
  Duel between Slynts(30) -WIZ- and Hunters(30) -WIZ- has begun.
    Janos Slynt(455) hit Eon Hunter(450) 205.
    Eon Hunter(245) hit Janos Slynt(455) 115.
    ****
    Janos Slynt(340) took 20 damage as DOT.
    Eon Hunter(245) took 20 damage as DOT.
    Janos Slynt(320) hit Eon Hunter(225) 205.
    Eon Hunter(20) hit Janos Slynt(320) 115.
    ****
    Janos Slynt(205) took 40 damage as DOT.
    Eon Hunter(20) took 40 damage as DOT.
    Janos Slynt(165) hit Eon Hunter(-20) 205.
    Eon Hunter(-225) hit Janos Slynt(165) 115.
    ****
    Janos Slynt(50) has won.
  Duel between Gaunts(30) -WIZ- and Egens(30) -WIZ- has begun.
    Gwayne Gaunt(505) hit Vardis Egen(500) 220.
    Vardis Egen(280) hit Gwayne Gaunt(505) 130.
    ****
    Gwayne Gaunt(375) took 20 damage as DOT.
    Vardis Egen(280) took 20 damage as DOT.
    Gwayne Gaunt(355) hit Vardis Egen(260) 220.
    Vardis Egen(40) hit Gwayne Gaunt(355) 130.
    ****
    Gwayne Gaunt(225) took 40 damage as DOT.
    Vardis Egen(40) took 40 damage as DOT.
    Gwayne Gaunt(185) hit Vardis Egen(0) 220.
    Vardis Egen(-220) hit Gwayne Gaunt(185) 130.
    ****
    Gwayne Gaunt(55) has won.
  Duel between Stokeworths(33) -WHI- and Hunters(27) -WIZ- has begun.
    Tanda Stokeworth(630) hit Eon Hunter(450) 213.
    Eon Hunter(237) hit Tanda Stokeworth(630) 112.
    ****
    Tanda Stokeworth(518) took 20 damage as DOT.
    Eon Hunter(237) took 30 damage as DOT.
    Tanda Stokeworth(498) hit Eon Hunter(207) 213.
    Eon Hunter(-6) hit Tanda Stokeworth(498) 112.
    ****
    Tanda Stokeworth(386) has won.
  Duel between Slynts(33) -WIZ- and Egens(27) -WIZ- has begun.
    Janos Slynt(455) hit Vardis Egen(500) 208.
    Vardis Egen(292) hit Janos Slynt(455) 127.
    ****
    Janos Slynt(328) took 20 damage as DOT.
    Vardis Egen(292) took 20 damage as DOT.
    Janos Slynt(308) hit Vardis Egen(272) 208.
    Vardis Egen(64) hit Janos Slynt(308) 127.
    ****
    Janos Slynt(181) took 40 damage as DOT.
    Vardis Egen(64) took 40 damage as DOT.
    Janos Slynt(141) hit Vardis Egen(24) 208.
    Vardis Egen(-184) hit Janos Slynt(141) 127.
    ****
    Janos Slynt(14) has won.
  Duel between Gaunts(33) -WIZ- and Royces(27) -WIL- has begun.
    Gwayne Gaunt(505) hit Yohn Royce(425) 223.
    Yohn Royce(202) hit Gwayne Gaunt(505) 137.
    ****
    Gwayne Gaunt(368) took 25 damage as DOT.
    Yohn Royce(202) took 20 damage as DOT.
    Gwayne Gaunt(343) hit Yohn Royce(182) 223.
    Yohn Royce(-41) hit Gwayne Gaunt(343) 137.
    ****
    Gwayne Gaunt(206) has won.
  Duel between Stokeworths(36) -WHI- and Egens(24) -WIZ- has begun.
    Tanda Stokeworth(630) hit Vardis Egen(500) 216.
    Vardis Egen(284) hit Tanda Stokeworth(630) 124.
    ****
    Tanda Stokeworth(506) took 20 damage as DOT.
    Vardis Egen(284) took 30 damage as DOT.
    Tanda Stokeworth(486) hit Vardis Egen(254) 216.
    Vardis Egen(38) hit Tanda Stokeworth(486) 124.
    ****
    Tanda Stokeworth(362) took 40 damage as DOT.
    Vardis Egen(38) took 60 damage as DOT.
    Tanda Stokeworth(322) hit Vardis Egen(-22) 216.
    Vardis Egen(-238) hit Tanda Stokeworth(322) 124.
    ****
    Tanda Stokeworth(198) has won.
  Duel between Slynts(36) -WIZ- and Royces(24) -WIL- has begun.
    Janos Slynt(455) hit Yohn Royce(425) 211.
    Yohn Royce(214) hit Janos Slynt(455) 134.
    ****
    Janos Slynt(321) took 25 damage as DOT.
    Yohn Royce(214) took 20 damage as DOT.
    Janos Slynt(296) hit Yohn Royce(194) 211.
    Yohn Royce(-17) hit Janos Slynt(296) 134.
    ****
    Janos Slynt(162) has won.
  Duel between Gaunts(36) -WIZ- and Hunters(24) -WIZ- has begun.
    Gwayne Gaunt(505) hit Eon Hunter(450) 226.
    Eon Hunter(224) hit Gwayne Gaunt(505) 109.
    ****
    Gwayne Gaunt(396) took 20 damage as DOT.
    Eon Hunter(224) took 20 damage as DOT.
    Gwayne Gaunt(376) hit Eon Hunter(204) 226.
    Eon Hunter(-22) hit Gwayne Gaunt(376) 109.
    ****
    Gwayne Gaunt(267) has won.
  Duel between House Baratheon(50) -WHI- and House Arryn(50) -WIL- has begun.
    Rhaegar Targaryen(605) hit Robin Arryn(425) 230.
    Robin Arryn(195) hit Rhaegar Targaryen(605) 160.
    ****
    Rhaegar Targaryen(445) took 25 damage as DOT.
    Robin Arryn(195) took 30 damage as DOT.
    Rhaegar Targaryen(420) hit Robin Arryn(165) 230.
    Robin Arryn(-65) hit Rhaegar Targaryen(420) 160.
    ****
    Rhaegar Targaryen(260) has won.
  The Crownlands got 12 house points. The Vale of Arryn got 0 house points.

The winner is: The Crownlands with currently 1 kingdom points.
---------------
---------------
Duel 2: The Vale of Arryn vs The Westernlands
  Duel between Royces(21) -WIL- and Westerlings(30) -WIZ- has begun.
    Yohn Royce(425) hit Gawen Westerling(508) 131.
    Gawen Westerling(377) hit Yohn Royce(425) 148.
    ****
    Yohn Royce(277) took 20 damage as DOT.
    Gawen Westerling(377) took 25 damage as DOT.
    Yohn Royce(257) hit Gawen Westerling(352) 131.
    Gawen Westerling(221) hit Yohn Royce(257) 148.
    ****
    Yohn Royce(109) took 40 damage as DOT.
    Gawen Westerling(221) took 50 damage as DOT.
    Yohn Royce(69) hit Gawen Westerling(171) 131.
    Gawen Westerling(40) hit Yohn Royce(69) 148.
    ****
    Gawen Westerling(40) has won.
  Duel between Hunters(21) -WIZ- and Leffords(30) -WHI- has begun.
    Eon Hunter(450) hit Leo Lefford(658) 106.
    Leo Lefford(552) hit Eon Hunter(450) 153.
    ****
    Eon Hunter(297) took 30 damage as DOT.
    Leo Lefford(552) took 20 damage as DOT.
    Eon Hunter(267) hit Leo Lefford(532) 106.
    Leo Lefford(426) hit Eon Hunter(267) 153.
    ****
    Eon Hunter(114) took 60 damage as DOT.
    Leo Lefford(426) took 40 damage as DOT.
    Eon Hunter(54) hit Leo Lefford(386) 106.
    Leo Lefford(280) hit Eon Hunter(54) 153.
    ****
    Leo Lefford(280) has won.
  Duel between Egens(21) -WIZ- and Sarsfields(30) -WIL- has begun.
    Vardis Egen(500) hit Eldrick Sarsfield(458) 121.
    Eldrick Sarsfield(337) hit Vardis Egen(500) 178.
    ****
    Vardis Egen(322) took 25 damage as DOT.
    Eldrick Sarsfield(337) took 20 damage as DOT.
    Vardis Egen(297) hit Eldrick Sarsfield(317) 121.
    Eldrick Sarsfield(196) hit Vardis Egen(297) 178.
    ****
    Vardis Egen(119) took 50 damage as DOT.
    Eldrick Sarsfield(196) took 40 damage as DOT.
    Vardis Egen(69) hit Eldrick Sarsfield(156) 121.
    Eldrick Sarsfield(35) hit Vardis Egen(69) 178.
    ****
    Eldrick Sarsfield(35) has won.
  Duel between Royces(18) -WIL- and Leffords(33) -WHI- has begun.
    Yohn Royce(425) hit Leo Lefford(658) 128.
    Leo Lefford(530) hit Yohn Royce(425) 156.
    ****
    Yohn Royce(269) took 30 damage as DOT.
    Leo Lefford(530) took 25 damage as DOT.
    Yohn Royce(239) hit Leo Lefford(505) 128.
    Leo Lefford(377) hit Yohn Royce(239) 156.
    ****
    Yohn Royce(83) took 60 damage as DOT.
    Leo Lefford(377) took 50 damage as DOT.
    Yohn Royce(23) hit Leo Lefford(327) 128.
    Leo Lefford(199) hit Yohn Royce(23) 156.
    ****
    Leo Lefford(199) has won.
  Duel between Hunters(18) -WIZ- and Sarsfields(33) -WIL- has begun.
    Eon Hunter(450) hit Eldrick Sarsfield(458) 103.
    Eldrick Sarsfield(355) hit Eon Hunter(450) 181.
    ****
    Eon Hunter(269) took 25 damage as DOT.
    Eldrick Sarsfield(355) took 20 damage as DOT.
    Eon Hunter(244) hit Eldrick Sarsfield(335) 103.
    Eldrick Sarsfield(232) hit Eon Hunter(244) 181.
    ****
    Eon Hunter(63) took 50 damage as DOT.
    Eldrick Sarsfield(232) took 40 damage as DOT.
    Eon Hunter(13) hit Eldrick Sarsfield(192) 103.
    Eldrick Sarsfield(89) hit Eon Hunter(13) 181.
    ****
    Eldrick Sarsfield(89) has won.
  Duel between Egens(18) -WIZ- and Westerlings(33) -WIZ- has begun.
    Vardis Egen(500) hit Gawen Westerling(508) 118.
    Gawen Westerling(390) hit Vardis Egen(500) 151.
    ****
    Vardis Egen(349) took 20 damage as DOT.
    Gawen Westerling(390) took 20 damage as DOT.
    Vardis Egen(329) hit Gawen Westerling(370) 118.
    Gawen Westerling(252) hit Vardis Egen(329) 151.
    ****
    Vardis Egen(178) took 40 damage as DOT.
    Gawen Westerling(252) took 40 damage as DOT.
    Vardis Egen(138) hit Gawen Westerling(212) 118.
    Gawen Westerling(94) hit Vardis Egen(138) 151.
    ****
    Gawen Westerling(94) has won.
  Duel between Royces(15) -WIL- and Sarsfields(36) -WIL- has begun.
    Yohn Royce(425) hit Eldrick Sarsfield(458) 125.
    Eldrick Sarsfield(333) hit Yohn Royce(425) 184.
    ****
    Yohn Royce(241) took 25 damage as DOT.
    Eldrick Sarsfield(333) took 25 damage as DOT.
    Yohn Royce(216) hit Eldrick Sarsfield(308) 125.
    Eldrick Sarsfield(183) hit Yohn Royce(216) 184.
    ****
    Yohn Royce(32) took 50 damage as DOT.
    Eldrick Sarsfield(183) took 50 damage as DOT.
    Yohn Royce(-18) hit Eldrick Sarsfield(133) 125.
    Eldrick Sarsfield(8) hit Yohn Royce(-18) 184.
    ****
    Eldrick Sarsfield(8) has won.
  Duel between Hunters(15) -WIZ- and Westerlings(36) -WIZ- has begun.
    Eon Hunter(450) hit Gawen Westerling(508) 100.
    Gawen Westerling(408) hit Eon Hunter(450) 154.
    ****
    Eon Hunter(296) took 20 damage as DOT.
    Gawen Westerling(408) took 20 damage as DOT.
    Eon Hunter(276) hit Gawen Westerling(388) 100.
    Gawen Westerling(288) hit Eon Hunter(276) 154.
    ****
    Eon Hunter(122) took 40 damage as DOT.
    Gawen Westerling(288) took 40 damage as DOT.
    Eon Hunter(82) hit Gawen Westerling(248) 100.
    Gawen Westerling(148) hit Eon Hunter(82) 154.
    ****
    Gawen Westerling(148) has won.
  Duel between Egens(15) -WIZ- and Leffords(36) -WHI- has begun.
    Vardis Egen(500) hit Leo Lefford(658) 115.
    Leo Lefford(543) hit Vardis Egen(500) 159.
    ****
    Vardis Egen(341) took 30 damage as DOT.
    Leo Lefford(543) took 20 damage as DOT.
    Vardis Egen(311) hit Leo Lefford(523) 115.
    Leo Lefford(408) hit Vardis Egen(311) 159.
    ****
    Vardis Egen(152) took 60 damage as DOT.
    Leo Lefford(408) took 40 damage as DOT.
    Vardis Egen(92) hit Leo Lefford(368) 115.
    Leo Lefford(253) hit Vardis Egen(92) 159.
    ****
    Leo Lefford(253) has won.
  Duel between House Arryn(37) -WIL- and House Frey(50) -WHI- has begun.
    Robin Arryn(425) hit Tyrion Lannister(683) 147.
    Tyrion Lannister(536) hit Robin Arryn(425) 173.
    ****
    Robin Arryn(252) took 30 damage as DOT.
    Tyrion Lannister(536) took 25 damage as DOT.
    Robin Arryn(222) hit Tyrion Lannister(511) 147.
    Tyrion Lannister(364) hit Robin Arryn(222) 173.
    ****
    Robin Arryn(49) took 60 damage as DOT.
    Tyrion Lannister(364) took 50 damage as DOT.
    Robin Arryn(-11) hit Tyrion Lannister(314) 147.
    Tyrion Lannister(167) hit Robin Arryn(-11) 173.
    ****
    Tyrion Lannister(167) has won.
  The Vale of Arryn got 0 house points. The Westernlands got 12 house points.

The winner is: The Westernlands with currently 1 kingdom points.
---------------
---------------
Duel 3: The Westernlands vs The Riverlands
  Duel between Westerlings(39) -WIZ- and Smallwoods(30) -WIZ- has begun.
    Gawen Westerling(508) hit Theomar Smallwood(585) 157.
    Theomar Smallwood(428) hit Gawen Westerling(508) 135.
    ****
    Gawen Westerling(373) took 20 damage as DOT.
    Theomar Smallwood(428) took 20 damage as DOT.
    Gawen Westerling(353) hit Theomar Smallwood(408) 157.
    Theomar Smallwood(251) hit Gawen Westerling(353) 135.
    ****
    Gawen Westerling(218) took 40 damage as DOT.
    Theomar Smallwood(251) took 40 damage as DOT.
    Gawen Westerling(178) hit Theomar Smallwood(211) 157.
    Theomar Smallwood(54) hit Gawen Westerling(178) 135.
    ****
    Gawen Westerling(43) took 60 damage as DOT.
    Theomar Smallwood(54) took 60 damage as DOT.
    Gawen Westerling(-17) hit Theomar Smallwood(-6) 157.
    Theomar Smallwood(-163) hit Gawen Westerling(-17) 135.
    ****
    Both of them are dead. A draw.
  Duel between Leffords(39) -WHI- and Blackwoods(30) -WIZ- has begun.
    Leo Lefford(658) hit Tytos Blackwood(535) 162.
    Tytos Blackwood(373) hit Leo Lefford(658) 125.
    ****
    Leo Lefford(533) took 20 damage as DOT.
    Tytos Blackwood(373) took 30 damage as DOT.
    Leo Lefford(513) hit Tytos Blackwood(343) 162.
    Tytos Blackwood(181) hit Leo Lefford(513) 125.
    ****
    Leo Lefford(388) took 40 damage as DOT.
    Tytos Blackwood(181) took 60 damage as DOT.
    Leo Lefford(348) hit Tytos Blackwood(121) 162.
    Tytos Blackwood(-41) hit Leo Lefford(348) 125.
    ****
    Leo Lefford(223) has won.
  Duel between Sarsfields(39) -WIL- and Mallisters(30) -WHI- has begun.
    Eldrick Sarsfield(458) hit Jason Mallister(660) 187.
    Jason Mallister(473) hit Eldrick Sarsfield(458) 130.
    ****
    Eldrick Sarsfield(328) took 30 damage as DOT.
    Jason Mallister(473) took 25 damage as DOT.
    Eldrick Sarsfield(298) hit Jason Mallister(448) 187.
    Jason Mallister(261) hit Eldrick Sarsfield(298) 130.
    ****
    Eldrick Sarsfield(168) took 60 damage as DOT.
    Jason Mallister(261) took 50 damage as DOT.
    Eldrick Sarsfield(108) hit Jason Mallister(211) 187.
    Jason Mallister(24) hit Eldrick Sarsfield(108) 130.
    ****
    Jason Mallister(24) has won.
  Duel between Westerlings(39) -WIZ- and Blackwoods(27) -WIZ- has begun.
    Gawen Westerling(508) hit Tytos Blackwood(535) 157.
    Tytos Blackwood(378) hit Gawen Westerling(508) 122.
    ****
    Gawen Westerling(386) took 20 damage as DOT.
    Tytos Blackwood(378) took 20 damage as DOT.
    Gawen Westerling(366) hit Tytos Blackwood(358) 157.
    Tytos Blackwood(201) hit Gawen Westerling(366) 122.
    ****
    Gawen Westerling(244) took 40 damage as DOT.
    Tytos Blackwood(201) took 40 damage as DOT.
    Gawen Westerling(204) hit Tytos Blackwood(161) 157.
    Tytos Blackwood(4) hit Gawen Westerling(204) 122.
    ****
    Gawen Westerling(82) took 60 damage as DOT.
    Tytos Blackwood(4) took 60 damage as DOT.
    Gawen Westerling(22) hit Tytos Blackwood(-56) 157.
    Tytos Blackwood(-213) hit Gawen Westerling(22) 122.
    ****
    Both of them are dead. A draw.
  Duel between Leffords(42) -WHI- and Mallisters(27) -WHI- has begun.
    Leo Lefford(658) hit Jason Mallister(660) 165.
    Jason Mallister(495) hit Leo Lefford(658) 127.
    ****
    Leo Lefford(531) took 30 damage as DOT.
    Jason Mallister(495) took 30 damage as DOT.
    Leo Lefford(501) hit Jason Mallister(465) 165.
    Jason Mallister(300) hit Leo Lefford(501) 127.
    ****
    Leo Lefford(374) took 60 damage as DOT.
    Jason Mallister(300) took 60 damage as DOT.
    Leo Lefford(314) hit Jason Mallister(240) 165.
    Jason Mallister(75) hit Leo Lefford(314) 127.
    ****
    Leo Lefford(187) took 90 damage as DOT.
    Jason Mallister(75) took 90 damage as DOT.
    Leo Lefford(97) hit Jason Mallister(-15) 165.
    Jason Mallister(-180) hit Leo Lefford(97) 127.
    ****
    Both of them are dead. A draw.
  Duel between Sarsfields(36) -WIL- and Smallwoods(30) -WIZ- has begun.
    Eldrick Sarsfield(458) hit Theomar Smallwood(585) 184.
    Theomar Smallwood(401) hit Eldrick Sarsfield(458) 135.
    ****
    Eldrick Sarsfield(323) took 20 damage as DOT.
    Theomar Smallwood(401) took 25 damage as DOT.
    Eldrick Sarsfield(303) hit Theomar Smallwood(376) 184.
    Theomar Smallwood(192) hit Eldrick Sarsfield(303) 135.
    ****
    Eldrick Sarsfield(168) took 40 damage as DOT.
    Theomar Smallwood(192) took 50 damage as DOT.
    Eldrick Sarsfield(128) hit Theomar Smallwood(142) 184.
    Theomar Smallwood(-42) hit Eldrick Sarsfield(128) 135.
    ****
    Both of them are dead. A draw.
  Duel between Westerlings(39) -WIZ- and Mallisters(27) -WHI- has begun.
    Gawen Westerling(508) hit Jason Mallister(660) 157.
    Jason Mallister(503) hit Gawen Westerling(508) 127.
    ****
    Gawen Westerling(381) took 30 damage as DOT.
    Jason Mallister(503) took 20 damage as DOT.
    Gawen Westerling(351) hit Jason Mallister(483) 157.
    Jason Mallister(326) hit Gawen Westerling(351) 127.
    ****
    Gawen Westerling(224) took 60 damage as DOT.
    Jason Mallister(326) took 40 damage as DOT.
    Gawen Westerling(164) hit Jason Mallister(286) 157.
    Jason Mallister(129) hit Gawen Westerling(164) 127.
    ****
    Gawen Westerling(37) took 90 damage as DOT.
    Jason Mallister(129) took 60 damage as DOT.
    Gawen Westerling(-53) hit Jason Mallister(69) 157.
    Jason Mallister(-88) hit Gawen Westerling(-53) 127.
    ****
    Both of them are dead. A draw.
  Duel between Leffords(42) -WHI- and Smallwoods(30) -WIZ- has begun.
    Leo Lefford(658) hit Theomar Smallwood(585) 165.
    Theomar Smallwood(420) hit Leo Lefford(658) 135.
    ****
    Leo Lefford(523) took 20 damage as DOT.
    Theomar Smallwood(420) took 30 damage as DOT.
    Leo Lefford(503) hit Theomar Smallwood(390) 165.
    Theomar Smallwood(225) hit Leo Lefford(503) 135.
    ****
    Leo Lefford(368) took 40 damage as DOT.
    Theomar Smallwood(225) took 60 damage as DOT.
    Leo Lefford(328) hit Theomar Smallwood(165) 165.
    Theomar Smallwood(0) hit Leo Lefford(328) 135.
    ****
    Leo Lefford(193) has won.
  Duel between Sarsfields(36) -WIL- and Blackwoods(27) -WIZ- has begun.
    Eldrick Sarsfield(458) hit Tytos Blackwood(535) 184.
    Tytos Blackwood(351) hit Eldrick Sarsfield(458) 122.
    ****
    Eldrick Sarsfield(336) took 20 damage as DOT.
    Tytos Blackwood(351) took 25 damage as DOT.
    Eldrick Sarsfield(316) hit Tytos Blackwood(326) 184.
    Tytos Blackwood(142) hit Eldrick Sarsfield(316) 122.
    ****
    Eldrick Sarsfield(194) took 40 damage as DOT.
    Tytos Blackwood(142) took 50 damage as DOT.
    Eldrick Sarsfield(154) hit Tytos Blackwood(92) 184.
    Tytos Blackwood(-92) hit Eldrick Sarsfield(154) 122.
    ****
    Eldrick Sarsfield(32) has won.
  Duel between House Frey(55) -WHI- and House Bolton(50) -WIL- has begun.
    Tyrion Lannister(683) hit Lothar Frey(560) 178.
    Lothar Frey(382) hit Tyrion Lannister(683) 170.
    ****
    Tyrion Lannister(513) took 25 damage as DOT.
    Lothar Frey(382) took 30 damage as DOT.
    Tyrion Lannister(488) hit Lothar Frey(352) 178.
    Lothar Frey(174) hit Tyrion Lannister(488) 170.
    ****
    Tyrion Lannister(318) took 50 damage as DOT.
    Lothar Frey(174) took 60 damage as DOT.
    Tyrion Lannister(268) hit Lothar Frey(114) 178.
    Lothar Frey(-64) hit Tyrion Lannister(268) 170.
    ****
    Tyrion Lannister(98) has won.
  The Westernlands got 6 house points. The Riverlands got 1 house points.

The winner is: The Westernlands with currently 2 kingdom points.
---------------
---------------
Duel 4: The Riverlands vs Dorne
  Duel between Smallwoods(27) -WIZ- and Jordaynes(30) -WIL- has begun.
    Theomar Smallwood(585) hit Trebor Jordayne(425) 132.
    Trebor Jordayne(293) hit Theomar Smallwood(585) 145.
    ****
    Theomar Smallwood(440) took 25 damage as DOT.
    Trebor Jordayne(293) took 20 damage as DOT.
    Theomar Smallwood(415) hit Trebor Jordayne(273) 132.
    Trebor Jordayne(141) hit Theomar Smallwood(415) 145.
    ****
    Theomar Smallwood(270) took 50 damage as DOT.
    Trebor Jordayne(141) took 40 damage as DOT.
    Theomar Smallwood(220) hit Trebor Jordayne(101) 132.
    Trebor Jordayne(-31) hit Theomar Smallwood(220) 145.
    ****
    Theomar Smallwood(75) has won.
  Duel between Blackwoods(24) -WIZ- and Ullers(30) -WIL- has begun.
    Tytos Blackwood(535) hit Mantral Uller(425) 119.
    Mantral Uller(306) hit Tytos Blackwood(535) 145.
    ****
    Tytos Blackwood(390) took 25 damage as DOT.
    Mantral Uller(306) took 20 damage as DOT.
    Tytos Blackwood(365) hit Mantral Uller(286) 119.
    Mantral Uller(167) hit Tytos Blackwood(365) 145.
    ****
    Tytos Blackwood(220) took 50 damage as DOT.
    Mantral Uller(167) took 40 damage as DOT.
    Tytos Blackwood(170) hit Mantral Uller(127) 119.
    Mantral Uller(8) hit Tytos Blackwood(170) 145.
    ****
    Tytos Blackwood(25) took 75 damage as DOT.
    Mantral Uller(8) took 60 damage as DOT.
    Tytos Blackwood(-50) hit Mantral Uller(-52) 119.
    Mantral Uller(-171) hit Tytos Blackwood(-50) 145.
    ****
    Both of them are dead. A draw.
  Duel between Mallisters(27) -WHI- and Qorgyles(30) -WIZ- has begun.
    Jason Mallister(660) hit Quentyn Qorgyle(450) 127.
    Quentyn Qorgyle(323) hit Jason Mallister(660) 125.
    ****
    Jason Mallister(535) took 20 damage as DOT.
    Quentyn Qorgyle(323) took 30 damage as DOT.
    Jason Mallister(515) hit Quentyn Qorgyle(293) 127.
    Quentyn Qorgyle(166) hit Jason Mallister(515) 125.
    ****
    Jason Mallister(390) took 40 damage as DOT.
    Quentyn Qorgyle(166) took 60 damage as DOT.
    Jason Mallister(350) hit Quentyn Qorgyle(106) 127.
    Quentyn Qorgyle(-21) hit Jason Mallister(350) 125.
    ****
    Jason Mallister(225) has won.
  Duel between Smallwoods(25) -WIZ- and Ullers(30) -WIL- has begun.
    Theomar Smallwood(585) hit Mantral Uller(425) 130.
    Mantral Uller(295) hit Theomar Smallwood(585) 145.
    ****
    Theomar Smallwood(440) took 25 damage as DOT.
    Mantral Uller(295) took 20 damage as DOT.
    Theomar Smallwood(415) hit Mantral Uller(275) 130.
    Mantral Uller(145) hit Theomar Smallwood(415) 145.
    ****
    Theomar Smallwood(270) took 50 damage as DOT.
    Mantral Uller(145) took 40 damage as DOT.
    Theomar Smallwood(220) hit Mantral Uller(105) 130.
    Mantral Uller(-25) hit Theomar Smallwood(220) 145.
    ****
    Theomar Smallwood(75) has won.
  Duel between Blackwoods(24) -WIZ- and Qorgyles(27) -WIZ- has begun.
    Tytos Blackwood(535) hit Quentyn Qorgyle(450) 119.
    Quentyn Qorgyle(331) hit Tytos Blackwood(535) 122.
    ****
    Tytos Blackwood(413) took 20 damage as DOT.
    Quentyn Qorgyle(331) took 20 damage as DOT.
    Tytos Blackwood(393) hit Quentyn Qorgyle(311) 119.
    Quentyn Qorgyle(192) hit Tytos Blackwood(393) 122.
    ****
    Tytos Blackwood(271) took 40 damage as DOT.
    Quentyn Qorgyle(192) took 40 damage as DOT.
    Tytos Blackwood(231) hit Quentyn Qorgyle(152) 119.
    Quentyn Qorgyle(33) hit Tytos Blackwood(231) 122.
    ****
    Tytos Blackwood(109) took 60 damage as DOT.
    Quentyn Qorgyle(33) took 60 damage as DOT.
    Tytos Blackwood(49) hit Quentyn Qorgyle(-27) 119.
    Quentyn Qorgyle(-146) hit Tytos Blackwood(49) 122.
    ****
    Both of them are dead. A draw.
  Duel between Mallisters(25) -WHI- and Jordaynes(27) -WIL- has begun.
    Jason Mallister(660) hit Trebor Jordayne(425) 125.
    Trebor Jordayne(300) hit Jason Mallister(660) 142.
    ****
    Jason Mallister(518) took 25 damage as DOT.
    Trebor Jordayne(300) took 30 damage as DOT.
    Jason Mallister(493) hit Trebor Jordayne(270) 125.
    Trebor Jordayne(145) hit Jason Mallister(493) 142.
    ****
    Jason Mallister(351) took 50 damage as DOT.
    Trebor Jordayne(145) took 60 damage as DOT.
    Jason Mallister(301) hit Trebor Jordayne(85) 125.
    Trebor Jordayne(-40) hit Jason Mallister(301) 142.
    ****
    Jason Mallister(159) has won.
  Duel between Smallwoods(23) -WIZ- and Qorgyles(27) -WIZ- has begun.
    Theomar Smallwood(585) hit Quentyn Qorgyle(450) 128.
    Quentyn Qorgyle(322) hit Theomar Smallwood(585) 122.
    ****
    Theomar Smallwood(463) took 20 damage as DOT.
    Quentyn Qorgyle(322) took 20 damage as DOT.
    Theomar Smallwood(443) hit Quentyn Qorgyle(302) 128.
    Quentyn Qorgyle(174) hit Theomar Smallwood(443) 122.
    ****
    Theomar Smallwood(321) took 40 damage as DOT.
    Quentyn Qorgyle(174) took 40 damage as DOT.
    Theomar Smallwood(281) hit Quentyn Qorgyle(134) 128.
    Quentyn Qorgyle(6) hit Theomar Smallwood(281) 122.
    ****
    Theomar Smallwood(159) took 60 damage as DOT.
    Quentyn Qorgyle(6) took 60 damage as DOT.
    Theomar Smallwood(99) hit Quentyn Qorgyle(-54) 128.
    Quentyn Qorgyle(-182) hit Theomar Smallwood(99) 122.
    ****
    Both of them are dead. A draw.
  Duel between Blackwoods(24) -WIZ- and Jordaynes(24) -WIL- has begun.
    Tytos Blackwood(535) hit Trebor Jordayne(425) 119.
    Trebor Jordayne(306) hit Tytos Blackwood(535) 139.
    ****
    Tytos Blackwood(396) took 25 damage as DOT.
    Trebor Jordayne(306) took 20 damage as DOT.
    Tytos Blackwood(371) hit Trebor Jordayne(286) 119.
    Trebor Jordayne(167) hit Tytos Blackwood(371) 139.
    ****
    Tytos Blackwood(232) took 50 damage as DOT.
    Trebor Jordayne(167) took 40 damage as DOT.
    Tytos Blackwood(182) hit Trebor Jordayne(127) 119.
    Trebor Jordayne(8) hit Tytos Blackwood(182) 139.
    ****
    Tytos Blackwood(43) took 75 damage as DOT.
    Trebor Jordayne(8) took 60 damage as DOT.
    Tytos Blackwood(-32) hit Trebor Jordayne(-52) 119.
    Trebor Jordayne(-171) hit Tytos Blackwood(-32) 139.
    ****
    Both of them are dead. A draw.
  Duel between Mallisters(23) -WHI- and Ullers(27) -WIL- has begun.
    Jason Mallister(660) hit Mantral Uller(425) 123.
    Mantral Uller(302) hit Jason Mallister(660) 142.
    ****
    Jason Mallister(518) took 25 damage as DOT.
    Mantral Uller(302) took 30 damage as DOT.
    Jason Mallister(493) hit Mantral Uller(272) 123.
    Mantral Uller(149) hit Jason Mallister(493) 142.
    ****
    Jason Mallister(351) took 50 damage as DOT.
    Mantral Uller(149) took 60 damage as DOT.
    Jason Mallister(301) hit Mantral Uller(89) 123.
    Mantral Uller(-34) hit Jason Mallister(301) 142.
    ****
    Jason Mallister(159) has won.
  Duel between House Bolton(45) -WIL- and House Martell(50) -WIL- has begun.
    Lothar Frey(560) hit Elia Sand(425) 165.
    Elia Sand(260) hit Lothar Frey(560) 165.
    ****
    Lothar Frey(395) took 25 damage as DOT.
    Elia Sand(260) took 25 damage as DOT.
    Lothar Frey(370) hit Elia Sand(235) 165.
    Elia Sand(70) hit Lothar Frey(370) 165.
    ****
    Lothar Frey(205) took 50 damage as DOT.
    Elia Sand(70) took 50 damage as DOT.
    Lothar Frey(155) hit Elia Sand(20) 165.
    Elia Sand(-145) hit Lothar Frey(155) 165.
    ****
    Both of them are dead. A draw.
  The Riverlands got 5 house points. Dorne got 0 house points.

The winner is: The Riverlands with currently 1 kingdom points.
---------------
---------------
Duel 5: The Crownlands vs The Westernlands
  Duel between Stokeworths(39) -WHI- and Westerlings(39) -WIZ- has begun.
    Tanda Stokeworth(630) hit Gawen Westerling(508) 219.
    Gawen Westerling(289) hit Tanda Stokeworth(630) 157.
    ****
    Tanda Stokeworth(473) took 20 damage as DOT.
    Gawen Westerling(289) took 30 damage as DOT.
    Tanda Stokeworth(453) hit Gawen Westerling(259) 219.
    Gawen Westerling(40) hit Tanda Stokeworth(453) 157.
    ****
    Tanda Stokeworth(296) took 40 damage as DOT.
    Gawen Westerling(40) took 60 damage as DOT.
    Tanda Stokeworth(256) hit Gawen Westerling(-20) 219.
    Gawen Westerling(-239) hit Tanda Stokeworth(256) 157.
    ****
    Tanda Stokeworth(99) has won.
  Duel between Slynts(39) -WIZ- and Leffords(45) -WHI- has begun.
    Janos Slynt(455) hit Leo Lefford(658) 214.
    Leo Lefford(444) hit Janos Slynt(455) 168.
    ****
    Janos Slynt(287) took 30 damage as DOT.
    Leo Lefford(444) took 20 damage as DOT.
    Janos Slynt(257) hit Leo Lefford(424) 214.
    Leo Lefford(210) hit Janos Slynt(257) 168.
    ****
    Janos Slynt(89) took 60 damage as DOT.
    Leo Lefford(210) took 40 damage as DOT.
    Janos Slynt(29) hit Leo Lefford(170) 214.
    Leo Lefford(-44) hit Janos Slynt(29) 168.
    ****
    Both of them are dead. A draw.
  Duel between Gaunts(39) -WIZ- and Sarsfields(39) -WIL- has begun.
    Gwayne Gaunt(505) hit Eldrick Sarsfield(458) 229.
    Eldrick Sarsfield(229) hit Gwayne Gaunt(505) 187.
    ****
    Gwayne Gaunt(318) took 25 damage as DOT.
    Eldrick Sarsfield(229) took 20 damage as DOT.
    Gwayne Gaunt(293) hit Eldrick Sarsfield(209) 229.
    Eldrick Sarsfield(-20) hit Gwayne Gaunt(293) 187.
    ****
    Gwayne Gaunt(106) has won.
  Duel between Stokeworths(42) -WHI- and Leffords(45) -WHI- has begun.
    Tanda Stokeworth(630) hit Leo Lefford(658) 222.
    Leo Lefford(436) hit Tanda Stokeworth(630) 168.
    ****
    Tanda Stokeworth(462) took 30 damage as DOT.
    Leo Lefford(436) took 30 damage as DOT.
    Tanda Stokeworth(432) hit Leo Lefford(406) 222.
    Leo Lefford(184) hit Tanda Stokeworth(432) 168.
    ****
    Tanda Stokeworth(264) took 60 damage as DOT.
    Leo Lefford(184) took 60 damage as DOT.
    Tanda Stokeworth(204) hit Leo Lefford(124) 222.
    Leo Lefford(-98) hit Tanda Stokeworth(204) 168.
    ****
    Tanda Stokeworth(36) has won.
  Duel between Slynts(39) -WIZ- and Sarsfields(36) -WIL- has begun.
    Janos Slynt(455) hit Eldrick Sarsfield(458) 214.
    Eldrick Sarsfield(244) hit Janos Slynt(455) 184.
    ****
    Janos Slynt(271) took 25 damage as DOT.
    Eldrick Sarsfield(244) took 20 damage as DOT.
    Janos Slynt(246) hit Eldrick Sarsfield(224) 214.
    Eldrick Sarsfield(10) hit Janos Slynt(246) 184.
    ****
    Janos Slynt(62) took 50 damage as DOT.
    Eldrick Sarsfield(10) took 40 damage as DOT.
    Janos Slynt(12) hit Eldrick Sarsfield(-30) 214.
    Eldrick Sarsfield(-244) hit Janos Slynt(12) 184.
    ****
    Both of them are dead. A draw.
  Duel between Gaunts(42) -WIZ- and Westerlings(36) -WIZ- has begun.
    Gwayne Gaunt(505) hit Gawen Westerling(508) 232.
    Gawen Westerling(276) hit Gwayne Gaunt(505) 154.
    ****
    Gwayne Gaunt(351) took 20 damage as DOT.
    Gawen Westerling(276) took 20 damage as DOT.
    Gwayne Gaunt(331) hit Gawen Westerling(256) 232.
    Gawen Westerling(24) hit Gwayne Gaunt(331) 154.
    ****
    Gwayne Gaunt(177) took 40 damage as DOT.
    Gawen Westerling(24) took 40 damage as DOT.
    Gwayne Gaunt(137) hit Gawen Westerling(-16) 232.
    Gawen Westerling(-248) hit Gwayne Gaunt(137) 154.
    ****
    Both of them are dead. A draw.
  Duel between Stokeworths(37) -WHI- and Sarsfields(36) -WIL- has begun.
    Tanda Stokeworth(630) hit Eldrick Sarsfield(458) 217.
    Eldrick Sarsfield(241) hit Tanda Stokeworth(630) 184.
    ****
    Tanda Stokeworth(446) took 25 damage as DOT.
    Eldrick Sarsfield(241) took 30 damage as DOT.
    Tanda Stokeworth(421) hit Eldrick Sarsfield(211) 217.
    Eldrick Sarsfield(-6) hit Tanda Stokeworth(421) 184.
    ****
    Tanda Stokeworth(237) has won.
  Duel between Slynts(39) -WIZ- and Westerlings(36) -WIZ- has begun.
    Janos Slynt(455) hit Gawen Westerling(508) 214.
    Gawen Westerling(294) hit Janos Slynt(455) 154.
    ****
    Janos Slynt(301) took 20 damage as DOT.
    Gawen Westerling(294) took 20 damage as DOT.
    Janos Slynt(281) hit Gawen Westerling(274) 214.
    Gawen Westerling(60) hit Janos Slynt(281) 154.
    ****
    Janos Slynt(127) took 40 damage as DOT.
    Gawen Westerling(60) took 40 damage as DOT.
    Janos Slynt(87) hit Gawen Westerling(20) 214.
    Gawen Westerling(-194) hit Janos Slynt(87) 154.
    ****
    Both of them are dead. A draw.
  Duel between Gaunts(42) -WIZ- and Leffords(42) -WHI- has begun.
    Gwayne Gaunt(505) hit Leo Lefford(658) 232.
    Leo Lefford(426) hit Gwayne Gaunt(505) 165.
    ****
    Gwayne Gaunt(340) took 30 damage as DOT.
    Leo Lefford(426) took 20 damage as DOT.
    Gwayne Gaunt(310) hit Leo Lefford(406) 232.
    Leo Lefford(174) hit Gwayne Gaunt(310) 165.
    ****
    Gwayne Gaunt(145) took 60 damage as DOT.
    Leo Lefford(174) took 40 damage as DOT.
    Gwayne Gaunt(85) hit Leo Lefford(134) 232.
    Leo Lefford(-98) hit Gwayne Gaunt(85) 165.
    ****
    Both of them are dead. A draw.
  Duel between House Baratheon(59) -WHI- and House Frey(60) -WHI- has begun.
    Rhaegar Targaryen(605) hit Tyrion Lannister(683) 239.
    Tyrion Lannister(444) hit Rhaegar Targaryen(605) 183.
    ****
    Rhaegar Targaryen(422) took 30 damage as DOT.
    Tyrion Lannister(444) took 30 damage as DOT.
    Rhaegar Targaryen(392) hit Tyrion Lannister(414) 239.
    Tyrion Lannister(175) hit Rhaegar Targaryen(392) 183.
    ****
    Rhaegar Targaryen(209) took 60 damage as DOT.
    Tyrion Lannister(175) took 60 damage as DOT.
    Rhaegar Targaryen(149) hit Tyrion Lannister(115) 239.
    Tyrion Lannister(-124) hit Rhaegar Targaryen(149) 183.
    ****
    Both of them are dead. A draw.
  The Crownlands got 4 house points. The Westernlands got 0 house points.

The winner is: The Crownlands with currently 2 kingdom points.
---------------
---------------
Duel 6: The Vale of Arryn vs The Riverlands
  Duel between Royces(12) -WIL- and Smallwoods(23) -WIZ- has begun.
    Yohn Royce(425) hit Theomar Smallwood(585) 122.
    Theomar Smallwood(463) hit Yohn Royce(425) 128.
    ****
    Yohn Royce(297) took 20 damage as DOT.
    Theomar Smallwood(463) took 25 damage as DOT.
    Yohn Royce(277) hit Theomar Smallwood(438) 122.
    Theomar Smallwood(316) hit Yohn Royce(277) 128.
    ****
    Yohn Royce(149) took 40 damage as DOT.
    Theomar Smallwood(316) took 50 damage as DOT.
    Yohn Royce(109) hit Theomar Smallwood(266) 122.
    Theomar Smallwood(144) hit Yohn Royce(109) 128.
    ****
    Theomar Smallwood(144) has won.
  Duel between Hunters(12) -WIZ- and Blackwoods(24) -WIZ- has begun.
    Eon Hunter(450) hit Tytos Blackwood(535) 97.
    Tytos Blackwood(438) hit Eon Hunter(450) 119.
    ****
    Eon Hunter(331) took 20 damage as DOT.
    Tytos Blackwood(438) took 20 damage as DOT.
    Eon Hunter(311) hit Tytos Blackwood(418) 97.
    Tytos Blackwood(321) hit Eon Hunter(311) 119.
    ****
    Eon Hunter(192) took 40 damage as DOT.
    Tytos Blackwood(321) took 40 damage as DOT.
    Eon Hunter(152) hit Tytos Blackwood(281) 97.
    Tytos Blackwood(184) hit Eon Hunter(152) 119.
    ****
    Eon Hunter(33) took 60 damage as DOT.
    Tytos Blackwood(184) took 60 damage as DOT.
    Eon Hunter(-27) hit Tytos Blackwood(124) 97.
    Tytos Blackwood(27) hit Eon Hunter(-27) 119.
    ****
    Tytos Blackwood(27) has won.
  Duel between Egens(12) -WIZ- and Mallisters(22) -WHI- has begun.
    Vardis Egen(500) hit Jason Mallister(660) 112.
    Jason Mallister(548) hit Vardis Egen(500) 122.
    ****
    Vardis Egen(378) took 30 damage as DOT.
    Jason Mallister(548) took 20 damage as DOT.
    Vardis Egen(348) hit Jason Mallister(528) 112.
    Jason Mallister(416) hit Vardis Egen(348) 122.
    ****
    Vardis Egen(226) took 60 damage as DOT.
    Jason Mallister(416) took 40 damage as DOT.
    Vardis Egen(166) hit Jason Mallister(376) 112.
    Jason Mallister(264) hit Vardis Egen(166) 122.
    ****
    Vardis Egen(44) took 90 damage as DOT.
    Jason Mallister(264) took 60 damage as DOT.
    Vardis Egen(-46) hit Jason Mallister(204) 112.
    Jason Mallister(92) hit Vardis Egen(-46) 122.
    ****
    Jason Mallister(92) has won.
  Duel between Royces(9) -WIL- and Blackwoods(27) -WIZ- has begun.
    Yohn Royce(425) hit Tytos Blackwood(535) 119.
    Tytos Blackwood(416) hit Yohn Royce(425) 122.
    ****
    Yohn Royce(303) took 20 damage as DOT.
    Tytos Blackwood(416) took 25 damage as DOT.
    Yohn Royce(283) hit Tytos Blackwood(391) 119.
    Tytos Blackwood(272) hit Yohn Royce(283) 122.
    ****
    Yohn Royce(161) took 40 damage as DOT.
    Tytos Blackwood(272) took 50 damage as DOT.
    Yohn Royce(121) hit Tytos Blackwood(222) 119.
    Tytos Blackwood(103) hit Yohn Royce(121) 122.
    ****
    Tytos Blackwood(103) has won.
  Duel between Hunters(9) -WIZ- and Mallisters(25) -WHI- has begun.
    Eon Hunter(450) hit Jason Mallister(660) 94.
    Jason Mallister(566) hit Eon Hunter(450) 125.
    ****
    Eon Hunter(325) took 30 damage as DOT.
    Jason Mallister(566) took 20 damage as DOT.
    Eon Hunter(295) hit Jason Mallister(546) 94.
    Jason Mallister(452) hit Eon Hunter(295) 125.
    ****
    Eon Hunter(170) took 60 damage as DOT.
    Jason Mallister(452) took 40 damage as DOT.
    Eon Hunter(110) hit Jason Mallister(412) 94.
    Jason Mallister(318) hit Eon Hunter(110) 125.
    ****
    Jason Mallister(318) has won.
  Duel between Egens(9) -WIZ- and Smallwoods(26) -WIZ- has begun.
    Vardis Egen(500) hit Theomar Smallwood(585) 109.
    Theomar Smallwood(476) hit Vardis Egen(500) 131.
    ****
    Vardis Egen(369) took 20 damage as DOT.
    Theomar Smallwood(476) took 20 damage as DOT.
    Vardis Egen(349) hit Theomar Smallwood(456) 109.
    Theomar Smallwood(347) hit Vardis Egen(349) 131.
    ****
    Vardis Egen(218) took 40 damage as DOT.
    Theomar Smallwood(347) took 40 damage as DOT.
    Vardis Egen(178) hit Theomar Smallwood(307) 109.
    Theomar Smallwood(198) hit Vardis Egen(178) 131.
    ****
    Vardis Egen(47) took 60 damage as DOT.
    Theomar Smallwood(198) took 60 damage as DOT.
    Vardis Egen(-13) hit Theomar Smallwood(138) 109.
    Theomar Smallwood(29) hit Vardis Egen(-13) 131.
    ****
    Theomar Smallwood(29) has won.
  Duel between Royces(6) -WIL- and Mallisters(28) -WHI- has begun.
    Yohn Royce(425) hit Jason Mallister(660) 116.
    Jason Mallister(544) hit Yohn Royce(425) 128.
    ****
    Yohn Royce(297) took 30 damage as DOT.
    Jason Mallister(544) took 25 damage as DOT.
    Yohn Royce(267) hit Jason Mallister(519) 116.
    Jason Mallister(403) hit Yohn Royce(267) 128.
    ****
    Yohn Royce(139) took 60 damage as DOT.
    Jason Mallister(403) took 50 damage as DOT.
    Yohn Royce(79) hit Jason Mallister(353) 116.
    Jason Mallister(237) hit Yohn Royce(79) 128.
    ****
    Jason Mallister(237) has won.
  Duel between Hunters(6) -WIZ- and Smallwoods(29) -WIZ- has begun.
    Eon Hunter(450) hit Theomar Smallwood(585) 91.
    Theomar Smallwood(494) hit Eon Hunter(450) 134.
    ****
    Eon Hunter(316) took 20 damage as DOT.
    Theomar Smallwood(494) took 20 damage as DOT.
    Eon Hunter(296) hit Theomar Smallwood(474) 91.
    Theomar Smallwood(383) hit Eon Hunter(296) 134.
    ****
    Eon Hunter(162) took 40 damage as DOT.
    Theomar Smallwood(383) took 40 damage as DOT.
    Eon Hunter(122) hit Theomar Smallwood(343) 91.
    Theomar Smallwood(252) hit Eon Hunter(122) 134.
    ****
    Theomar Smallwood(252) has won.
  Duel between Egens(6) -WIZ- and Blackwoods(30) -WIZ- has begun.
    Vardis Egen(500) hit Tytos Blackwood(535) 106.
    Tytos Blackwood(429) hit Vardis Egen(500) 125.
    ****
    Vardis Egen(375) took 20 damage as DOT.
    Tytos Blackwood(429) took 20 damage as DOT.
    Vardis Egen(355) hit Tytos Blackwood(409) 106.
    Tytos Blackwood(303) hit Vardis Egen(355) 125.
    ****
    Vardis Egen(230) took 40 damage as DOT.
    Tytos Blackwood(303) took 40 damage as DOT.
    Vardis Egen(190) hit Tytos Blackwood(263) 106.
    Tytos Blackwood(157) hit Vardis Egen(190) 125.
    ****
    Vardis Egen(65) took 60 damage as DOT.
    Tytos Blackwood(157) took 60 damage as DOT.
    Vardis Egen(5) hit Tytos Blackwood(97) 106.
    Tytos Blackwood(-9) hit Vardis Egen(5) 125.
    ****
    Both of them are dead. A draw.
  Duel between House Arryn(32) -WIL- and House Bolton(45) -WIL- has begun.
    Robin Arryn(425) hit Lothar Frey(560) 142.
    Lothar Frey(418) hit Robin Arryn(425) 165.
    ****
    Robin Arryn(260) took 25 damage as DOT.
    Lothar Frey(418) took 25 damage as DOT.
    Robin Arryn(235) hit Lothar Frey(393) 142.
    Lothar Frey(251) hit Robin Arryn(235) 165.
    ****
    Robin Arryn(70) took 50 damage as DOT.
    Lothar Frey(251) took 50 damage as DOT.
    Robin Arryn(20) hit Lothar Frey(201) 142.
    Lothar Frey(59) hit Robin Arryn(20) 165.
    ****
    Lothar Frey(59) has won.
  The Vale of Arryn got 0 house points. The Riverlands got 11 house points.

The winner is: The Riverlands with currently 2 kingdom points.
---------------
---------------
Duel 7: The Westernlands vs Dorne
  Duel between Westerlings(36) -WIZ- and Jordaynes(24) -WIL- has begun.
    Gawen Westerling(508) hit Trebor Jordayne(425) 154.
    Trebor Jordayne(271) hit Gawen Westerling(508) 139.
    ****
    Gawen Westerling(369) took 25 damage as DOT.
    Trebor Jordayne(271) took 20 damage as DOT.
    Gawen Westerling(344) hit Trebor Jordayne(251) 154.
    Trebor Jordayne(97) hit Gawen Westerling(344) 139.
    ****
    Gawen Westerling(205) took 50 damage as DOT.
    Trebor Jordayne(97) took 40 damage as DOT.
    Gawen Westerling(155) hit Trebor Jordayne(57) 154.
    Trebor Jordayne(-97) hit Gawen Westerling(155) 139.
    ****
    Gawen Westerling(16) has won.
  Duel between Leffords(42) -WHI- and Ullers(24) -WIL- has begun.
    Leo Lefford(658) hit Mantral Uller(425) 165.
    Mantral Uller(260) hit Leo Lefford(658) 139.
    ****
    Leo Lefford(519) took 25 damage as DOT.
    Mantral Uller(260) took 30 damage as DOT.
    Leo Lefford(494) hit Mantral Uller(230) 165.
    Mantral Uller(65) hit Leo Lefford(494) 139.
    ****
    Leo Lefford(355) took 50 damage as DOT.
    Mantral Uller(65) took 60 damage as DOT.
    Leo Lefford(305) hit Mantral Uller(5) 165.
    Mantral Uller(-160) hit Leo Lefford(305) 139.
    ****
    Leo Lefford(166) has won.
  Duel between Sarsfields(33) -WIL- and Qorgyles(27) -WIZ- has begun.
    Eldrick Sarsfield(458) hit Quentyn Qorgyle(450) 181.
    Quentyn Qorgyle(269) hit Eldrick Sarsfield(458) 122.
    ****
    Eldrick Sarsfield(336) took 20 damage as DOT.
    Quentyn Qorgyle(269) took 25 damage as DOT.
    Eldrick Sarsfield(316) hit Quentyn Qorgyle(244) 181.
    Quentyn Qorgyle(63) hit Eldrick Sarsfield(316) 122.
    ****
    Eldrick Sarsfield(194) took 40 damage as DOT.
    Quentyn Qorgyle(63) took 50 damage as DOT.
    Eldrick Sarsfield(154) hit Quentyn Qorgyle(13) 181.
    Quentyn Qorgyle(-168) hit Eldrick Sarsfield(154) 122.
    ****
    Eldrick Sarsfield(32) has won.
  Duel between Westerlings(39) -WIZ- and Ullers(21) -WIL- has begun.
    Gawen Westerling(508) hit Mantral Uller(425) 157.
    Mantral Uller(268) hit Gawen Westerling(508) 136.
    ****
    Gawen Westerling(372) took 25 damage as DOT.
    Mantral Uller(268) took 20 damage as DOT.
    Gawen Westerling(347) hit Mantral Uller(248) 157.
    Mantral Uller(91) hit Gawen Westerling(347) 136.
    ****
    Gawen Westerling(211) took 50 damage as DOT.
    Mantral Uller(91) took 40 damage as DOT.
    Gawen Westerling(161) hit Mantral Uller(51) 157.
    Mantral Uller(-106) hit Gawen Westerling(161) 136.
    ****
    Gawen Westerling(25) has won.
  Duel between Leffords(45) -WHI- and Qorgyles(24) -WIZ- has begun.
    Leo Lefford(658) hit Quentyn Qorgyle(450) 168.
    Quentyn Qorgyle(282) hit Leo Lefford(658) 119.
    ****
    Leo Lefford(539) took 20 damage as DOT.
    Quentyn Qorgyle(282) took 30 damage as DOT.
    Leo Lefford(519) hit Quentyn Qorgyle(252) 168.
    Quentyn Qorgyle(84) hit Leo Lefford(519) 119.
    ****
    Leo Lefford(400) took 40 damage as DOT.
    Quentyn Qorgyle(84) took 60 damage as DOT.
    Leo Lefford(360) hit Quentyn Qorgyle(24) 168.
    Quentyn Qorgyle(-144) hit Leo Lefford(360) 119.
    ****
    Leo Lefford(241) has won.
  Duel between Sarsfields(36) -WIL- and Jordaynes(21) -WIL- has begun.
    Eldrick Sarsfield(458) hit Trebor Jordayne(425) 184.
    Trebor Jordayne(241) hit Eldrick Sarsfield(458) 136.
    ****
    Eldrick Sarsfield(322) took 25 damage as DOT.
    Trebor Jordayne(241) took 25 damage as DOT.
    Eldrick Sarsfield(297) hit Trebor Jordayne(216) 184.
    Trebor Jordayne(32) hit Eldrick Sarsfield(297) 136.
    ****
    Eldrick Sarsfield(161) took 50 damage as DOT.
    Trebor Jordayne(32) took 50 damage as DOT.
    Eldrick Sarsfield(111) hit Trebor Jordayne(-18) 184.
    Trebor Jordayne(-202) hit Eldrick Sarsfield(111) 136.
    ****
    Both of them are dead. A draw.
  Duel between Westerlings(42) -WIZ- and Qorgyles(21) -WIZ- has begun.
    Gawen Westerling(508) hit Quentyn Qorgyle(450) 160.
    Quentyn Qorgyle(290) hit Gawen Westerling(508) 116.
    ****
    Gawen Westerling(392) took 20 damage as DOT.
    Quentyn Qorgyle(290) took 20 damage as DOT.
    Gawen Westerling(372) hit Quentyn Qorgyle(270) 160.
    Quentyn Qorgyle(110) hit Gawen Westerling(372) 116.
    ****
    Gawen Westerling(256) took 40 damage as DOT.
    Quentyn Qorgyle(110) took 40 damage as DOT.
    Gawen Westerling(216) hit Quentyn Qorgyle(70) 160.
    Quentyn Qorgyle(-90) hit Gawen Westerling(216) 116.
    ****
    Gawen Westerling(100) has won.
  Duel between Leffords(48) -WHI- and Jordaynes(21) -WIL- has begun.
    Leo Lefford(658) hit Trebor Jordayne(425) 171.
    Trebor Jordayne(254) hit Leo Lefford(658) 136.
    ****
    Leo Lefford(522) took 25 damage as DOT.
    Trebor Jordayne(254) took 30 damage as DOT.
    Leo Lefford(497) hit Trebor Jordayne(224) 171.
    Trebor Jordayne(53) hit Leo Lefford(497) 136.
    ****
    Leo Lefford(361) took 50 damage as DOT.
    Trebor Jordayne(53) took 60 damage as DOT.
    Leo Lefford(311) hit Trebor Jordayne(-7) 171.
    Trebor Jordayne(-178) hit Leo Lefford(311) 136.
    ****
    Leo Lefford(175) has won.
  Duel between Sarsfields(36) -WIL- and Ullers(18) -WIL- has begun.
    Eldrick Sarsfield(458) hit Mantral Uller(425) 184.
    Mantral Uller(241) hit Eldrick Sarsfield(458) 133.
    ****
    Eldrick Sarsfield(325) took 25 damage as DOT.
    Mantral Uller(241) took 25 damage as DOT.
    Eldrick Sarsfield(300) hit Mantral Uller(216) 184.
    Mantral Uller(32) hit Eldrick Sarsfield(300) 133.
    ****
    Eldrick Sarsfield(167) took 50 damage as DOT.
    Mantral Uller(32) took 50 damage as DOT.
    Eldrick Sarsfield(117) hit Mantral Uller(-18) 184.
    Mantral Uller(-202) hit Eldrick Sarsfield(117) 133.
    ****
    Both of them are dead. A draw.
  Duel between House Frey(60) -WHI- and House Martell(50) -WIL- has begun.
    Tyrion Lannister(683) hit Elia Sand(425) 183.
    Elia Sand(242) hit Tyrion Lannister(683) 165.
    ****
    Tyrion Lannister(518) took 25 damage as DOT.
    Elia Sand(242) took 30 damage as DOT.
    Tyrion Lannister(493) hit Elia Sand(212) 183.
    Elia Sand(29) hit Tyrion Lannister(493) 165.
    ****
    Tyrion Lannister(328) took 50 damage as DOT.
    Elia Sand(29) took 60 damage as DOT.
    Tyrion Lannister(278) hit Elia Sand(-31) 183.
    Elia Sand(-214) hit Tyrion Lannister(278) 165.
    ****
    Tyrion Lannister(113) has won.
  The Westernlands got 10 house points. Dorne got 0 house points.

The winner is: The Westernlands with currently 3 kingdom points.
---------------
---------------
Duel 8: The Crownlands vs The Riverlands
  Duel between Stokeworths(40) -WHI- and Smallwoods(32) -WIZ- has begun.
    Tanda Stokeworth(630) hit Theomar Smallwood(585) 220.
    Theomar Smallwood(365) hit Tanda Stokeworth(630) 137.
    ****
    Tanda Stokeworth(493) took 20 damage as DOT.
    Theomar Smallwood(365) took 30 damage as DOT.
    Tanda Stokeworth(473) hit Theomar Smallwood(335) 220.
    Theomar Smallwood(115) hit Tanda Stokeworth(473) 137.
    ****
    Tanda Stokeworth(336) took 40 damage as DOT.
    Theomar Smallwood(115) took 60 damage as DOT.
    Tanda Stokeworth(296) hit Theomar Smallwood(55) 220.
    Theomar Smallwood(-165) hit Tanda Stokeworth(296) 137.
    ****
    Tanda Stokeworth(159) has won.
  Duel between Slynts(39) -WIZ- and Blackwoods(30) -WIZ- has begun.
    Janos Slynt(455) hit Tytos Blackwood(535) 214.
    Tytos Blackwood(321) hit Janos Slynt(455) 125.
    ****
    Janos Slynt(330) took 20 damage as DOT.
    Tytos Blackwood(321) took 20 damage as DOT.
    Janos Slynt(310) hit Tytos Blackwood(301) 214.
    Tytos Blackwood(87) hit Janos Slynt(310) 125.
    ****
    Janos Slynt(185) took 40 damage as DOT.
    Tytos Blackwood(87) took 40 damage as DOT.
    Janos Slynt(145) hit Tytos Blackwood(47) 214.
    Tytos Blackwood(-167) hit Janos Slynt(145) 125.
    ****
    Janos Slynt(20) has won.
  Duel between Gaunts(42) -WIZ- and Mallisters(31) -WHI- has begun.
    Gwayne Gaunt(505) hit Jason Mallister(660) 232.
    Jason Mallister(428) hit Gwayne Gaunt(505) 131.
    ****
    Gwayne Gaunt(374) took 30 damage as DOT.
    Jason Mallister(428) took 20 damage as DOT.
    Gwayne Gaunt(344) hit Jason Mallister(408) 232.
    Jason Mallister(176) hit Gwayne Gaunt(344) 131.
    ****
    Gwayne Gaunt(213) took 60 damage as DOT.
    Jason Mallister(176) took 40 damage as DOT.
    Gwayne Gaunt(153) hit Jason Mallister(136) 232.
    Jason Mallister(-96) hit Gwayne Gaunt(153) 131.
    ****
    Gwayne Gaunt(22) has won.
  Duel between Stokeworths(43) -WHI- and Blackwoods(27) -WIZ- has begun.
    Tanda Stokeworth(630) hit Tytos Blackwood(535) 223.
    Tytos Blackwood(312) hit Tanda Stokeworth(630) 122.
    ****
    Tanda Stokeworth(508) took 20 damage as DOT.
    Tytos Blackwood(312) took 30 damage as DOT.
    Tanda Stokeworth(488) hit Tytos Blackwood(282) 223.
    Tytos Blackwood(59) hit Tanda Stokeworth(488) 122.
    ****
    Tanda Stokeworth(366) took 40 damage as DOT.
    Tytos Blackwood(59) took 60 damage as DOT.
    Tanda Stokeworth(326) hit Tytos Blackwood(-1) 223.
    Tytos Blackwood(-224) hit Tanda Stokeworth(326) 122.
    ****
    Tanda Stokeworth(204) has won.
  Duel between Slynts(42) -WIZ- and Mallisters(28) -WHI- has begun.
    Janos Slynt(455) hit Jason Mallister(660) 217.
    Jason Mallister(443) hit Janos Slynt(455) 128.
    ****
    Janos Slynt(327) took 30 damage as DOT.
    Jason Mallister(443) took 20 damage as DOT.
    Janos Slynt(297) hit Jason Mallister(423) 217.
    Jason Mallister(206) hit Janos Slynt(297) 128.
    ****
    Janos Slynt(169) took 60 damage as DOT.
    Jason Mallister(206) took 40 damage as DOT.
    Janos Slynt(109) hit Jason Mallister(166) 217.
    Jason Mallister(-51) hit Janos Slynt(109) 128.
    ****
    Both of them are dead. A draw.
  Duel between Gaunts(45) -WIZ- and Smallwoods(29) -WIZ- has begun.
    Gwayne Gaunt(505) hit Theomar Smallwood(585) 235.
    Theomar Smallwood(350) hit Gwayne Gaunt(505) 134.
    ****
    Gwayne Gaunt(371) took 20 damage as DOT.
    Theomar Smallwood(350) took 20 damage as DOT.
    Gwayne Gaunt(351) hit Theomar Smallwood(330) 235.
    Theomar Smallwood(95) hit Gwayne Gaunt(351) 134.
    ****
    Gwayne Gaunt(217) took 40 damage as DOT.
    Theomar Smallwood(95) took 40 damage as DOT.
    Gwayne Gaunt(177) hit Theomar Smallwood(55) 235.
    Theomar Smallwood(-180) hit Gwayne Gaunt(177) 134.
    ****
    Gwayne Gaunt(43) has won.
  Duel between Stokeworths(46) -WHI- and Mallisters(28) -WHI- has begun.
    Tanda Stokeworth(630) hit Jason Mallister(660) 226.
    Jason Mallister(434) hit Tanda Stokeworth(630) 128.
    ****
    Tanda Stokeworth(502) took 30 damage as DOT.
    Jason Mallister(434) took 30 damage as DOT.
    Tanda Stokeworth(472) hit Jason Mallister(404) 226.
    Jason Mallister(178) hit Tanda Stokeworth(472) 128.
    ****
    Tanda Stokeworth(344) took 60 damage as DOT.
    Jason Mallister(178) took 60 damage as DOT.
    Tanda Stokeworth(284) hit Jason Mallister(118) 226.
    Jason Mallister(-108) hit Tanda Stokeworth(284) 128.
    ****
    Tanda Stokeworth(156) has won.
  Duel between Slynts(42) -WIZ- and Smallwoods(26) -WIZ- has begun.
    Janos Slynt(455) hit Theomar Smallwood(585) 217.
    Theomar Smallwood(368) hit Janos Slynt(455) 131.
    ****
    Janos Slynt(324) took 20 damage as DOT.
    Theomar Smallwood(368) took 20 damage as DOT.
    Janos Slynt(304) hit Theomar Smallwood(348) 217.
    Theomar Smallwood(131) hit Janos Slynt(304) 131.
    ****
    Janos Slynt(173) took 40 damage as DOT.
    Theomar Smallwood(131) took 40 damage as DOT.
    Janos Slynt(133) hit Theomar Smallwood(91) 217.
    Theomar Smallwood(-126) hit Janos Slynt(133) 131.
    ****
    Janos Slynt(2) has won.
  Duel between Gaunts(48) -WIZ- and Blackwoods(24) -WIZ- has begun.
    Gwayne Gaunt(505) hit Tytos Blackwood(535) 238.
    Tytos Blackwood(297) hit Gwayne Gaunt(505) 119.
    ****
    Gwayne Gaunt(386) took 20 damage as DOT.
    Tytos Blackwood(297) took 20 damage as DOT.
    Gwayne Gaunt(366) hit Tytos Blackwood(277) 238.
    Tytos Blackwood(39) hit Gwayne Gaunt(366) 119.
    ****
    Gwayne Gaunt(247) took 40 damage as DOT.
    Tytos Blackwood(39) took 40 damage as DOT.
    Gwayne Gaunt(207) hit Tytos Blackwood(-1) 238.
    Tytos Blackwood(-239) hit Gwayne Gaunt(207) 119.
    ****
    Gwayne Gaunt(88) has won.
  Duel between House Baratheon(59) -WHI- and House Bolton(50) -WIL- has begun.
    Rhaegar Targaryen(605) hit Lothar Frey(560) 239.
    Lothar Frey(321) hit Rhaegar Targaryen(605) 170.
    ****
    Rhaegar Targaryen(435) took 25 damage as DOT.
    Lothar Frey(321) took 30 damage as DOT.
    Rhaegar Targaryen(410) hit Lothar Frey(291) 239.
    Lothar Frey(52) hit Rhaegar Targaryen(410) 170.
    ****
    Rhaegar Targaryen(240) took 50 damage as DOT.
    Lothar Frey(52) took 60 damage as DOT.
    Rhaegar Targaryen(190) hit Lothar Frey(-8) 239.
    Lothar Frey(-247) hit Rhaegar Targaryen(190) 170.
    ****
    Rhaegar Targaryen(20) has won.
  The Crownlands got 11 house points. The Riverlands got 0 house points.

The winner is: The Crownlands with currently 3 kingdom points.
---------------
---------------
Duel 9: The Vale of Arryn vs Dorne
  Duel between Royces(3) -WIL- and Jordaynes(18) -WIL- has begun.
    Yohn Royce(425) hit Trebor Jordayne(425) 113.
    Trebor Jordayne(312) hit Yohn Royce(425) 133.
    ****
    Yohn Royce(292) took 25 damage as DOT.
    Trebor Jordayne(312) took 25 damage as DOT.
    Yohn Royce(267) hit Trebor Jordayne(287) 113.
    Trebor Jordayne(174) hit Yohn Royce(267) 133.
    ****
    Yohn Royce(134) took 50 damage as DOT.
    Trebor Jordayne(174) took 50 damage as DOT.
    Yohn Royce(84) hit Trebor Jordayne(124) 113.
    Trebor Jordayne(11) hit Yohn Royce(84) 133.
    ****
    Trebor Jordayne(11) has won.
  Duel between Hunters(3) -WIZ- and Ullers(18) -WIL- has begun.
    Eon Hunter(450) hit Mantral Uller(425) 88.
    Mantral Uller(337) hit Eon Hunter(450) 133.
    ****
    Eon Hunter(317) took 25 damage as DOT.
    Mantral Uller(337) took 20 damage as DOT.
    Eon Hunter(292) hit Mantral Uller(317) 88.
    Mantral Uller(229) hit Eon Hunter(292) 133.
    ****
    Eon Hunter(159) took 50 damage as DOT.
    Mantral Uller(229) took 40 damage as DOT.
    Eon Hunter(109) hit Mantral Uller(189) 88.
    Mantral Uller(101) hit Eon Hunter(109) 133.
    ****
    Mantral Uller(101) has won.
  Duel between Egens(6) -WIZ- and Qorgyles(18) -WIZ- has begun.
    Vardis Egen(500) hit Quentyn Qorgyle(450) 106.
    Quentyn Qorgyle(344) hit Vardis Egen(500) 113.
    ****
    Vardis Egen(387) took 20 damage as DOT.
    Quentyn Qorgyle(344) took 20 damage as DOT.
    Vardis Egen(367) hit Quentyn Qorgyle(324) 106.
    Quentyn Qorgyle(218) hit Vardis Egen(367) 113.
    ****
    Vardis Egen(254) took 40 damage as DOT.
    Quentyn Qorgyle(218) took 40 damage as DOT.
    Vardis Egen(214) hit Quentyn Qorgyle(178) 106.
    Quentyn Qorgyle(72) hit Vardis Egen(214) 113.
    ****
    Vardis Egen(101) took 60 damage as DOT.
    Quentyn Qorgyle(72) took 60 damage as DOT.
    Vardis Egen(41) hit Quentyn Qorgyle(12) 106.
    Quentyn Qorgyle(-94) hit Vardis Egen(41) 113.
    ****
    Both of them are dead. A draw.
  Duel between Royces(0) -WIL- and Ullers(21) -WIL- has begun.
    Yohn Royce(425) hit Mantral Uller(425) 110.
    Mantral Uller(315) hit Yohn Royce(425) 136.
    ****
    Yohn Royce(289) took 25 damage as DOT.
    Mantral Uller(315) took 25 damage as DOT.
    Yohn Royce(264) hit Mantral Uller(290) 110.
    Mantral Uller(180) hit Yohn Royce(264) 136.
    ****
    Yohn Royce(128) took 50 damage as DOT.
    Mantral Uller(180) took 50 damage as DOT.
    Yohn Royce(78) hit Mantral Uller(130) 110.
    Mantral Uller(20) hit Yohn Royce(78) 136.
    ****
    Mantral Uller(20) has won.
  Duel between Hunters(0) -WIZ- and Qorgyles(18) -WIZ- has begun.
    Eon Hunter(450) hit Quentyn Qorgyle(450) 85.
    Quentyn Qorgyle(365) hit Eon Hunter(450) 113.
    ****
    Eon Hunter(337) took 20 damage as DOT.
    Quentyn Qorgyle(365) took 20 damage as DOT.
    Eon Hunter(317) hit Quentyn Qorgyle(345) 85.
    Quentyn Qorgyle(260) hit Eon Hunter(317) 113.
    ****
    Eon Hunter(204) took 40 damage as DOT.
    Quentyn Qorgyle(260) took 40 damage as DOT.
    Eon Hunter(164) hit Quentyn Qorgyle(220) 85.
    Quentyn Qorgyle(135) hit Eon Hunter(164) 113.
    ****
    Eon Hunter(51) took 60 damage as DOT.
    Quentyn Qorgyle(135) took 60 damage as DOT.
    Eon Hunter(-9) hit Quentyn Qorgyle(75) 85.
    Quentyn Qorgyle(-10) hit Eon Hunter(-9) 113.
    ****
    Both of them are dead. A draw.
  Duel between Egens(6) -WIZ- and Jordaynes(21) -WIL- has begun.
    Vardis Egen(500) hit Trebor Jordayne(425) 106.
    Trebor Jordayne(319) hit Vardis Egen(500) 136.
    ****
    Vardis Egen(364) took 25 damage as DOT.
    Trebor Jordayne(319) took 20 damage as DOT.
    Vardis Egen(339) hit Trebor Jordayne(299) 106.
    Trebor Jordayne(193) hit Vardis Egen(339) 136.
    ****
    Vardis Egen(203) took 50 damage as DOT.
    Trebor Jordayne(193) took 40 damage as DOT.
    Vardis Egen(153) hit Trebor Jordayne(153) 106.
    Trebor Jordayne(47) hit Vardis Egen(153) 136.
    ****
    Vardis Egen(17) took 75 damage as DOT.
    Trebor Jordayne(47) took 60 damage as DOT.
    Vardis Egen(-58) hit Trebor Jordayne(-13) 106.
    Trebor Jordayne(-119) hit Vardis Egen(-58) 136.
    ****
    Both of them are dead. A draw.
  Duel between Royces(0) -WIL- and Qorgyles(18) -WIZ- has begun.
    Yohn Royce(425) hit Quentyn Qorgyle(450) 110.
    Quentyn Qorgyle(340) hit Yohn Royce(425) 113.
    ****
    Yohn Royce(312) took 20 damage as DOT.
    Quentyn Qorgyle(340) took 25 damage as DOT.
    Yohn Royce(292) hit Quentyn Qorgyle(315) 110.
    Quentyn Qorgyle(205) hit Yohn Royce(292) 113.
    ****
    Yohn Royce(179) took 40 damage as DOT.
    Quentyn Qorgyle(205) took 50 damage as DOT.
    Yohn Royce(139) hit Quentyn Qorgyle(155) 110.
    Quentyn Qorgyle(45) hit Yohn Royce(139) 113.
    ****
    Yohn Royce(26) took 60 damage as DOT.
    Quentyn Qorgyle(45) took 75 damage as DOT.
    Yohn Royce(-34) hit Quentyn Qorgyle(-30) 110.
    Quentyn Qorgyle(-140) hit Yohn Royce(-34) 113.
    ****
    Both of them are dead. A draw.
  Duel between Hunters(0) -WIZ- and Jordaynes(21) -WIL- has begun.
    Eon Hunter(450) hit Trebor Jordayne(425) 85.
    Trebor Jordayne(340) hit Eon Hunter(450) 136.
    ****
    Eon Hunter(314) took 25 damage as DOT.
    Trebor Jordayne(340) took 20 damage as DOT.
    Eon Hunter(289) hit Trebor Jordayne(320) 85.
    Trebor Jordayne(235) hit Eon Hunter(289) 136.
    ****
    Eon Hunter(153) took 50 damage as DOT.
    Trebor Jordayne(235) took 40 damage as DOT.
    Eon Hunter(103) hit Trebor Jordayne(195) 85.
    Trebor Jordayne(110) hit Eon Hunter(103) 136.
    ****
    Trebor Jordayne(110) has won.
  Duel between Egens(6) -WIZ- and Ullers(24) -WIL- has begun.
    Vardis Egen(500) hit Mantral Uller(425) 106.
    Mantral Uller(319) hit Vardis Egen(500) 139.
    ****
    Vardis Egen(361) took 25 damage as DOT.
    Mantral Uller(319) took 20 damage as DOT.
    Vardis Egen(336) hit Mantral Uller(299) 106.
    Mantral Uller(193) hit Vardis Egen(336) 139.
    ****
    Vardis Egen(197) took 50 damage as DOT.
    Mantral Uller(193) took 40 damage as DOT.
    Vardis Egen(147) hit Mantral Uller(153) 106.
    Mantral Uller(47) hit Vardis Egen(147) 139.
    ****
    Vardis Egen(8) took 75 damage as DOT.
    Mantral Uller(47) took 60 damage as DOT.
    Vardis Egen(-67) hit Mantral Uller(-13) 106.
    Mantral Uller(-119) hit Vardis Egen(-67) 139.
    ****
    Both of them are dead. A draw.
  Duel between House Arryn(27) -WIL- and House Martell(45) -WIL- has begun.
    Robin Arryn(425) hit Elia Sand(425) 137.
    Elia Sand(288) hit Robin Arryn(425) 160.
    ****
    Robin Arryn(265) took 25 damage as DOT.
    Elia Sand(288) took 25 damage as DOT.
    Robin Arryn(240) hit Elia Sand(263) 137.
    Elia Sand(126) hit Robin Arryn(240) 160.
    ****
    Robin Arryn(80) took 50 damage as DOT.
    Elia Sand(126) took 50 damage as DOT.
    Robin Arryn(30) hit Elia Sand(76) 137.
    Elia Sand(-61) hit Robin Arryn(30) 160.
    ****
    Both of them are dead. A draw.
  The Vale of Arryn got 0 house points. Dorne got 4 house points.

The winner is: Dorne with currently 1 kingdom points.
---------------
---------------
Duel 10: The Crownlands vs Dorne
  Duel between Stokeworths(49) -WHI- and Jordaynes(24) -WIL- has begun.
    Tanda Stokeworth(630) hit Trebor Jordayne(425) 229.
    Trebor Jordayne(196) hit Tanda Stokeworth(630) 139.
    ****
    Tanda Stokeworth(491) took 25 damage as DOT.
    Trebor Jordayne(196) took 30 damage as DOT.
    Tanda Stokeworth(466) hit Trebor Jordayne(166) 229.
    Trebor Jordayne(-63) hit Tanda Stokeworth(466) 139.
    ****
    Tanda Stokeworth(327) has won.
  Duel between Slynts(45) -WIZ- and Ullers(24) -WIL- has begun.
    Janos Slynt(455) hit Mantral Uller(425) 220.
    Mantral Uller(205) hit Janos Slynt(455) 139.
    ****
    Janos Slynt(316) took 25 damage as DOT.
    Mantral Uller(205) took 20 damage as DOT.
    Janos Slynt(291) hit Mantral Uller(185) 220.
    Mantral Uller(-35) hit Janos Slynt(291) 139.
    ****
    Janos Slynt(152) has won.
  Duel between Gaunts(51) -WIZ- and Qorgyles(18) -WIZ- has begun.
    Gwayne Gaunt(505) hit Quentyn Qorgyle(450) 241.
    Quentyn Qorgyle(209) hit Gwayne Gaunt(505) 113.
    ****
    Gwayne Gaunt(392) took 20 damage as DOT.
    Quentyn Qorgyle(209) took 20 damage as DOT.
    Gwayne Gaunt(372) hit Quentyn Qorgyle(189) 241.
    Quentyn Qorgyle(-52) hit Gwayne Gaunt(372) 113.
    ****
    Gwayne Gaunt(259) has won.
  Duel between Stokeworths(52) -WHI- and Ullers(21) -WIL- has begun.
    Tanda Stokeworth(630) hit Mantral Uller(425) 232.
    Mantral Uller(193) hit Tanda Stokeworth(630) 136.
    ****
    Tanda Stokeworth(494) took 25 damage as DOT.
    Mantral Uller(193) took 30 damage as DOT.
    Tanda Stokeworth(469) hit Mantral Uller(163) 232.
    Mantral Uller(-69) hit Tanda Stokeworth(469) 136.
    ****
    Tanda Stokeworth(333) has won.
  Duel between Slynts(48) -WIZ- and Qorgyles(15) -WIZ- has begun.
    Janos Slynt(455) hit Quentyn Qorgyle(450) 223.
    Quentyn Qorgyle(227) hit Janos Slynt(455) 110.
    ****
    Janos Slynt(345) took 20 damage as DOT.
    Quentyn Qorgyle(227) took 20 damage as DOT.
    Janos Slynt(325) hit Quentyn Qorgyle(207) 223.
    Quentyn Qorgyle(-16) hit Janos Slynt(325) 110.
    ****
    Janos Slynt(215) has won.
  Duel between Gaunts(54) -WIZ- and Jordaynes(21) -WIL- has begun.
    Gwayne Gaunt(505) hit Trebor Jordayne(425) 244.
    Trebor Jordayne(181) hit Gwayne Gaunt(505) 136.
    ****
    Gwayne Gaunt(369) took 25 damage as DOT.
    Trebor Jordayne(181) took 20 damage as DOT.
    Gwayne Gaunt(344) hit Trebor Jordayne(161) 244.
    Trebor Jordayne(-83) hit Gwayne Gaunt(344) 136.
    ****
    Gwayne Gaunt(208) has won.
  Duel between Stokeworths(55) -WHI- and Qorgyles(12) -WIZ- has begun.
    Tanda Stokeworth(630) hit Quentyn Qorgyle(450) 235.
    Quentyn Qorgyle(215) hit Tanda Stokeworth(630) 107.
    ****
    Tanda Stokeworth(523) took 20 damage as DOT.
    Quentyn Qorgyle(215) took 30 damage as DOT.
    Tanda Stokeworth(503) hit Quentyn Qorgyle(185) 235.
    Quentyn Qorgyle(-50) hit Tanda Stokeworth(503) 107.
    ****
    Tanda Stokeworth(396) has won.
  Duel between Slynts(51) -WIZ- and Jordaynes(18) -WIL- has begun.
    Janos Slynt(455) hit Trebor Jordayne(425) 226.
    Trebor Jordayne(199) hit Janos Slynt(455) 133.
    ****
    Janos Slynt(322) took 25 damage as DOT.
    Trebor Jordayne(199) took 20 damage as DOT.
    Janos Slynt(297) hit Trebor Jordayne(179) 226.
    Trebor Jordayne(-47) hit Janos Slynt(297) 133.
    ****
    Janos Slynt(164) has won.
  Duel between Gaunts(57) -WIZ- and Ullers(18) -WIL- has begun.
    Gwayne Gaunt(505) hit Mantral Uller(425) 247.
    Mantral Uller(178) hit Gwayne Gaunt(505) 133.
    ****
    Gwayne Gaunt(372) took 25 damage as DOT.
    Mantral Uller(178) took 20 damage as DOT.
    Gwayne Gaunt(347) hit Mantral Uller(158) 247.
    Mantral Uller(-89) hit Gwayne Gaunt(347) 133.
    ****
    Gwayne Gaunt(214) has won.
  Duel between House Baratheon(64) -WHI- and House Martell(45) -WIL- has begun.
    Rhaegar Targaryen(605) hit Elia Sand(425) 244.
    Elia Sand(181) hit Rhaegar Targaryen(605) 160.
    ****
    Rhaegar Targaryen(445) took 25 damage as DOT.
    Elia Sand(181) took 30 damage as DOT.
    Rhaegar Targaryen(420) hit Elia Sand(151) 244.
    Elia Sand(-93) hit Rhaegar Targaryen(420) 160.
    ****
    Rhaegar Targaryen(260) has won.
  The Crownlands got 12 house points. Dorne got 0 house points.

The winner is: The Crownlands with currently 4 kingdom points.
---------------
The War is over. The new owner of King's Landing is The Crownlands with a total of 4 points.

