War has started with 5 kingdoms.
---------------
Duel 1: The Vale of Arryn vs The Iron Islands
  Duel between Tolletts(30) -WIL- and Botleys(30) -WIZ- has begun.
    Eddison Tollett(425) hit Sawane Botley(540) 140.
    Sawane Botley(400) hit Eddison Tollett(425) 150.
    ****
    Eddison Tollett(275) took 20 damage as DOT.
    Sawane Botley(400) took 25 damage as DOT.
    Eddison Tollett(255) hit Sawane Botley(375) 140.
    Sawane Botley(235) hit Eddison Tollett(255) 150.
    ****
    Eddison Tollett(105) took 40 damage as DOT.
    Sawane Botley(235) took 50 damage as DOT.
    Eddison Tollett(65) hit Sawane Botley(185) 140.
    Sawane Botley(45) hit Eddison Tollett(65) 150.
    ****
    Sawane Botley(45) has won.
  Duel between Moores(30) -WHI- and Sparrs(30) -WHI- has begun.
    Mandon Moore(650) hit Lord Sparr(715) 120.
    Lord Sparr(595) hit Mandon Moore(650) 150.
    ****
    Mandon Moore(500) took 30 damage as DOT.
    Lord Sparr(595) took 30 damage as DOT.
    Mandon Moore(470) hit Lord Sparr(565) 120.
    Lord Sparr(445) hit Mandon Moore(470) 150.
    ****
    Mandon Moore(320) took 60 damage as DOT.
    Lord Sparr(445) took 60 damage as DOT.
    Mandon Moore(260) hit Lord Sparr(385) 120.
    Lord Sparr(265) hit Mandon Moore(260) 150.
    ****
    Mandon Moore(110) took 90 damage as DOT.
    Lord Sparr(265) took 90 damage as DOT.
    Mandon Moore(20) hit Lord Sparr(175) 120.
    Lord Sparr(55) hit Mandon Moore(20) 150.
    ****
    Lord Sparr(55) has won.
  Duel between Egens(30) -WIZ- and Harlaws(30) -WIL- has begun.
    Vardis Egen(475) hit Alannys Harlaw(540) 125.
    Alannys Harlaw(415) hit Vardis Egen(475) 175.
    ****
    Vardis Egen(300) took 25 damage as DOT.
    Alannys Harlaw(415) took 20 damage as DOT.
    Vardis Egen(275) hit Alannys Harlaw(395) 125.
    Alannys Harlaw(270) hit Vardis Egen(275) 175.
    ****
    Vardis Egen(100) took 50 damage as DOT.
    Alannys Harlaw(270) took 40 damage as DOT.
    Vardis Egen(50) hit Alannys Harlaw(230) 125.
    Alannys Harlaw(105) hit Vardis Egen(50) 175.
    ****
    Alannys Harlaw(105) has won.
  Duel between Tolletts(27) -WIL- and Sparrs(33) -WHI- has begun.
    Eddison Tollett(425) hit Lord Sparr(715) 137.
    Lord Sparr(578) hit Eddison Tollett(425) 153.
    ****
    Eddison Tollett(272) took 30 damage as DOT.
    Lord Sparr(578) took 25 damage as DOT.
    Eddison Tollett(242) hit Lord Sparr(553) 137.
    Lord Sparr(416) hit Eddison Tollett(242) 153.
    ****
    Eddison Tollett(89) took 60 damage as DOT.
    Lord Sparr(416) took 50 damage as DOT.
    Eddison Tollett(29) hit Lord Sparr(366) 137.
    Lord Sparr(229) hit Eddison Tollett(29) 153.
    ****
    Lord Sparr(229) has won.
  Duel between Moores(27) -WHI- and Harlaws(33) -WIL- has begun.
    Mandon Moore(650) hit Alannys Harlaw(540) 117.
    Alannys Harlaw(423) hit Mandon Moore(650) 178.
    ****
    Mandon Moore(472) took 25 damage as DOT.
    Alannys Harlaw(423) took 30 damage as DOT.
    Mandon Moore(447) hit Alannys Harlaw(393) 117.
    Alannys Harlaw(276) hit Mandon Moore(447) 178.
    ****
    Mandon Moore(269) took 50 damage as DOT.
    Alannys Harlaw(276) took 60 damage as DOT.
    Mandon Moore(219) hit Alannys Harlaw(216) 117.
    Alannys Harlaw(99) hit Mandon Moore(219) 178.
    ****
    Mandon Moore(41) took 75 damage as DOT.
    Alannys Harlaw(99) took 90 damage as DOT.
    Mandon Moore(-34) hit Alannys Harlaw(9) 117.
    Alannys Harlaw(-108) hit Mandon Moore(-34) 178.
    ****
    Both of them are dead. A draw.
  Duel between Egens(27) -WIZ- and Botleys(33) -WIZ- has begun.
    Vardis Egen(475) hit Sawane Botley(540) 122.
    Sawane Botley(418) hit Vardis Egen(475) 153.
    ****
    Vardis Egen(322) took 20 damage as DOT.
    Sawane Botley(418) took 20 damage as DOT.
    Vardis Egen(302) hit Sawane Botley(398) 122.
    Sawane Botley(276) hit Vardis Egen(302) 153.
    ****
    Vardis Egen(149) took 40 damage as DOT.
    Sawane Botley(276) took 40 damage as DOT.
    Vardis Egen(109) hit Sawane Botley(236) 122.
    Sawane Botley(114) hit Vardis Egen(109) 153.
    ****
    Sawane Botley(114) has won.
  Duel between Tolletts(24) -WIL- and Harlaws(33) -WIL- has begun.
    Eddison Tollett(425) hit Alannys Harlaw(540) 134.
    Alannys Harlaw(406) hit Eddison Tollett(425) 178.
    ****
    Eddison Tollett(247) took 25 damage as DOT.
    Alannys Harlaw(406) took 25 damage as DOT.
    Eddison Tollett(222) hit Alannys Harlaw(381) 134.
    Alannys Harlaw(247) hit Eddison Tollett(222) 178.
    ****
    Eddison Tollett(44) took 50 damage as DOT.
    Alannys Harlaw(247) took 50 damage as DOT.
    Eddison Tollett(-6) hit Alannys Harlaw(197) 134.
    Alannys Harlaw(63) hit Eddison Tollett(-6) 178.
    ****
    Alannys Harlaw(63) has won.
  Duel between Moores(27) -WHI- and Botleys(36) -WIZ- has begun.
    Mandon Moore(650) hit Sawane Botley(540) 117.
    Sawane Botley(423) hit Mandon Moore(650) 156.
    ****
    Mandon Moore(494) took 20 damage as DOT.
    Sawane Botley(423) took 30 damage as DOT.
    Mandon Moore(474) hit Sawane Botley(393) 117.
    Sawane Botley(276) hit Mandon Moore(474) 156.
    ****
    Mandon Moore(318) took 40 damage as DOT.
    Sawane Botley(276) took 60 damage as DOT.
    Mandon Moore(278) hit Sawane Botley(216) 117.
    Sawane Botley(99) hit Mandon Moore(278) 156.
    ****
    Mandon Moore(122) took 60 damage as DOT.
    Sawane Botley(99) took 90 damage as DOT.
    Mandon Moore(62) hit Sawane Botley(9) 117.
    Sawane Botley(-108) hit Mandon Moore(62) 156.
    ****
    Both of them are dead. A draw.
  Duel between Egens(24) -WIZ- and Sparrs(36) -WHI- has begun.
    Vardis Egen(475) hit Lord Sparr(715) 119.
    Lord Sparr(596) hit Vardis Egen(475) 156.
    ****
    Vardis Egen(319) took 30 damage as DOT.
    Lord Sparr(596) took 20 damage as DOT.
    Vardis Egen(289) hit Lord Sparr(576) 119.
    Lord Sparr(457) hit Vardis Egen(289) 156.
    ****
    Vardis Egen(133) took 60 damage as DOT.
    Lord Sparr(457) took 40 damage as DOT.
    Vardis Egen(73) hit Lord Sparr(417) 119.
    Lord Sparr(298) hit Vardis Egen(73) 156.
    ****
    Lord Sparr(298) has won.
  Duel between House Arryn(50) -WHI- and House Greyjoy(50) -WIZ- has begun.
    Robin Arryn(650) hit Rodrik Greyjoy(565) 140.
    Rodrik Greyjoy(425) hit Robin Arryn(650) 165.
    ****
    Robin Arryn(485) took 20 damage as DOT.
    Rodrik Greyjoy(425) took 30 damage as DOT.
    Robin Arryn(465) hit Rodrik Greyjoy(395) 140.
    Rodrik Greyjoy(255) hit Robin Arryn(465) 165.
    ****
    Robin Arryn(300) took 40 damage as DOT.
    Rodrik Greyjoy(255) took 60 damage as DOT.
    Robin Arryn(260) hit Rodrik Greyjoy(195) 140.
    Rodrik Greyjoy(55) hit Robin Arryn(260) 165.
    ****
    Robin Arryn(95) took 60 damage as DOT.
    Rodrik Greyjoy(55) took 90 damage as DOT.
    Robin Arryn(35) hit Rodrik Greyjoy(-35) 140.
    Rodrik Greyjoy(-175) hit Robin Arryn(35) 165.
    ****
    Both of them are dead. A draw.
  The Vale of Arryn got 0 house points. The Iron Islands got 7 house points.

The winner is: The Iron Islands with currently 1 kingdom points.
---------------
---------------
Duel 2: The Iron Islands vs The Crownlands
  Duel between Botleys(36) -WIZ- and Gaunts(30) -WIZ- has begun.
    Sawane Botley(540) hit Gwayne Gaunt(475) 156.
    Gwayne Gaunt(319) hit Sawane Botley(540) 130.
    ****
    Sawane Botley(410) took 20 damage as DOT.
    Gwayne Gaunt(319) took 20 damage as DOT.
    Sawane Botley(390) hit Gwayne Gaunt(299) 156.
    Gwayne Gaunt(143) hit Sawane Botley(390) 130.
    ****
    Sawane Botley(260) took 40 damage as DOT.
    Gwayne Gaunt(143) took 40 damage as DOT.
    Sawane Botley(220) hit Gwayne Gaunt(103) 156.
    Gwayne Gaunt(-53) hit Sawane Botley(220) 130.
    ****
    Sawane Botley(90) has won.
  Duel between Sparrs(39) -WHI- and Brunes(30) -WHI- has begun.
    Lord Sparr(715) hit Lothor Brune(650) 159.
    Lothor Brune(491) hit Lord Sparr(715) 120.
    ****
    Lord Sparr(595) took 30 damage as DOT.
    Lothor Brune(491) took 30 damage as DOT.
    Lord Sparr(565) hit Lothor Brune(461) 159.
    Lothor Brune(302) hit Lord Sparr(565) 120.
    ****
    Lord Sparr(445) took 60 damage as DOT.
    Lothor Brune(302) took 60 damage as DOT.
    Lord Sparr(385) hit Lothor Brune(242) 159.
    Lothor Brune(83) hit Lord Sparr(385) 120.
    ****
    Lord Sparr(265) took 90 damage as DOT.
    Lothor Brune(83) took 90 damage as DOT.
    Lord Sparr(175) hit Lothor Brune(-7) 159.
    Lothor Brune(-166) hit Lord Sparr(175) 120.
    ****
    Lord Sparr(55) has won.
  Duel between Harlaws(36) -WIL- and Rykkers(30) -WIZ- has begun.
    Alannys Harlaw(540) hit Jaremy Rykker(500) 181.
    Jaremy Rykker(319) hit Alannys Harlaw(540) 130.
    ****
    Alannys Harlaw(410) took 20 damage as DOT.
    Jaremy Rykker(319) took 25 damage as DOT.
    Alannys Harlaw(390) hit Jaremy Rykker(294) 181.
    Jaremy Rykker(113) hit Alannys Harlaw(390) 130.
    ****
    Alannys Harlaw(260) took 40 damage as DOT.
    Jaremy Rykker(113) took 50 damage as DOT.
    Alannys Harlaw(220) hit Jaremy Rykker(63) 181.
    Jaremy Rykker(-118) hit Alannys Harlaw(220) 130.
    ****
    Alannys Harlaw(90) has won.
  Duel between Botleys(39) -WIZ- and Brunes(27) -WHI- has begun.
    Sawane Botley(540) hit Lothor Brune(650) 159.
    Lothor Brune(491) hit Sawane Botley(540) 117.
    ****
    Sawane Botley(423) took 30 damage as DOT.
    Lothor Brune(491) took 20 damage as DOT.
    Sawane Botley(393) hit Lothor Brune(471) 159.
    Lothor Brune(312) hit Sawane Botley(393) 117.
    ****
    Sawane Botley(276) took 60 damage as DOT.
    Lothor Brune(312) took 40 damage as DOT.
    Sawane Botley(216) hit Lothor Brune(272) 159.
    Lothor Brune(113) hit Sawane Botley(216) 117.
    ****
    Sawane Botley(99) took 90 damage as DOT.
    Lothor Brune(113) took 60 damage as DOT.
    Sawane Botley(9) hit Lothor Brune(53) 159.
    Lothor Brune(-106) hit Sawane Botley(9) 117.
    ****
    Both of them are dead. A draw.
  Duel between Sparrs(42) -WHI- and Rykkers(27) -WIZ- has begun.
    Lord Sparr(715) hit Jaremy Rykker(500) 162.
    Jaremy Rykker(338) hit Lord Sparr(715) 127.
    ****
    Lord Sparr(588) took 20 damage as DOT.
    Jaremy Rykker(338) took 30 damage as DOT.
    Lord Sparr(568) hit Jaremy Rykker(308) 162.
    Jaremy Rykker(146) hit Lord Sparr(568) 127.
    ****
    Lord Sparr(441) took 40 damage as DOT.
    Jaremy Rykker(146) took 60 damage as DOT.
    Lord Sparr(401) hit Jaremy Rykker(86) 162.
    Jaremy Rykker(-76) hit Lord Sparr(401) 127.
    ****
    Lord Sparr(274) has won.
  Duel between Harlaws(39) -WIL- and Gaunts(27) -WIZ- has begun.
    Alannys Harlaw(540) hit Gwayne Gaunt(475) 184.
    Gwayne Gaunt(291) hit Alannys Harlaw(540) 127.
    ****
    Alannys Harlaw(413) took 20 damage as DOT.
    Gwayne Gaunt(291) took 25 damage as DOT.
    Alannys Harlaw(393) hit Gwayne Gaunt(266) 184.
    Gwayne Gaunt(82) hit Alannys Harlaw(393) 127.
    ****
    Alannys Harlaw(266) took 40 damage as DOT.
    Gwayne Gaunt(82) took 50 damage as DOT.
    Alannys Harlaw(226) hit Gwayne Gaunt(32) 184.
    Gwayne Gaunt(-152) hit Alannys Harlaw(226) 127.
    ****
    Alannys Harlaw(99) has won.
  Duel between Botleys(39) -WIZ- and Rykkers(24) -WIZ- has begun.
    Sawane Botley(540) hit Jaremy Rykker(500) 159.
    Jaremy Rykker(341) hit Sawane Botley(540) 124.
    ****
    Sawane Botley(416) took 20 damage as DOT.
    Jaremy Rykker(341) took 20 damage as DOT.
    Sawane Botley(396) hit Jaremy Rykker(321) 159.
    Jaremy Rykker(162) hit Sawane Botley(396) 124.
    ****
    Sawane Botley(272) took 40 damage as DOT.
    Jaremy Rykker(162) took 40 damage as DOT.
    Sawane Botley(232) hit Jaremy Rykker(122) 159.
    Jaremy Rykker(-37) hit Sawane Botley(232) 124.
    ****
    Sawane Botley(108) has won.
  Duel between Sparrs(45) -WHI- and Gaunts(24) -WIZ- has begun.
    Lord Sparr(715) hit Gwayne Gaunt(475) 165.
    Gwayne Gaunt(310) hit Lord Sparr(715) 124.
    ****
    Lord Sparr(591) took 20 damage as DOT.
    Gwayne Gaunt(310) took 30 damage as DOT.
    Lord Sparr(571) hit Gwayne Gaunt(280) 165.
    Gwayne Gaunt(115) hit Lord Sparr(571) 124.
    ****
    Lord Sparr(447) took 40 damage as DOT.
    Gwayne Gaunt(115) took 60 damage as DOT.
    Lord Sparr(407) hit Gwayne Gaunt(55) 165.
    Gwayne Gaunt(-110) hit Lord Sparr(407) 124.
    ****
    Lord Sparr(283) has won.
  Duel between Harlaws(42) -WIL- and Brunes(27) -WHI- has begun.
    Alannys Harlaw(540) hit Lothor Brune(650) 187.
    Lothor Brune(463) hit Alannys Harlaw(540) 117.
    ****
    Alannys Harlaw(423) took 30 damage as DOT.
    Lothor Brune(463) took 25 damage as DOT.
    Alannys Harlaw(393) hit Lothor Brune(438) 187.
    Lothor Brune(251) hit Alannys Harlaw(393) 117.
    ****
    Alannys Harlaw(276) took 60 damage as DOT.
    Lothor Brune(251) took 50 damage as DOT.
    Alannys Harlaw(216) hit Lothor Brune(201) 187.
    Lothor Brune(14) hit Alannys Harlaw(216) 117.
    ****
    Alannys Harlaw(99) took 90 damage as DOT.
    Lothor Brune(14) took 75 damage as DOT.
    Alannys Harlaw(9) hit Lothor Brune(-61) 187.
    Lothor Brune(-248) hit Alannys Harlaw(9) 117.
    ****
    Both of them are dead. A draw.
  Duel between House Greyjoy(50) -WIZ- and House Baratheon(50) -WHI- has begun.
    Rodrik Greyjoy(565) hit Aerys II Targaryen(675) 165.
    Aerys II Targaryen(510) hit Rodrik Greyjoy(565) 140.
    ****
    Rodrik Greyjoy(425) took 30 damage as DOT.
    Aerys II Targaryen(510) took 20 damage as DOT.
    Rodrik Greyjoy(395) hit Aerys II Targaryen(490) 165.
    Aerys II Targaryen(325) hit Rodrik Greyjoy(395) 140.
    ****
    Rodrik Greyjoy(255) took 60 damage as DOT.
    Aerys II Targaryen(325) took 40 damage as DOT.
    Rodrik Greyjoy(195) hit Aerys II Targaryen(285) 165.
    Aerys II Targaryen(120) hit Rodrik Greyjoy(195) 140.
    ****
    Rodrik Greyjoy(55) took 90 damage as DOT.
    Aerys II Targaryen(120) took 60 damage as DOT.
    Rodrik Greyjoy(-35) hit Aerys II Targaryen(60) 165.
    Aerys II Targaryen(-105) hit Rodrik Greyjoy(-35) 140.
    ****
    Both of them are dead. A draw.
  The Iron Islands got 7 house points. The Crownlands got 0 house points.

The winner is: The Iron Islands with currently 2 kingdom points.
---------------
---------------
Duel 3: The Crownlands vs Dorne
  Duel between Gaunts(21) -WIZ- and Ullers(30) -WIL- has begun.
    Gwayne Gaunt(475) hit Mantral Uller(505) 121.
    Mantral Uller(384) hit Gwayne Gaunt(475) 185.
    ****
    Gwayne Gaunt(290) took 25 damage as DOT.
    Mantral Uller(384) took 20 damage as DOT.
    Gwayne Gaunt(265) hit Mantral Uller(364) 121.
    Mantral Uller(243) hit Gwayne Gaunt(265) 185.
    ****
    Gwayne Gaunt(80) took 50 damage as DOT.
    Mantral Uller(243) took 40 damage as DOT.
    Gwayne Gaunt(30) hit Mantral Uller(203) 121.
    Mantral Uller(82) hit Gwayne Gaunt(30) 185.
    ****
    Mantral Uller(82) has won.
  Duel between Brunes(27) -WHI- and Daynes(30) -WHI- has begun.
    Lothor Brune(650) hit Beric Dayne(630) 117.
    Beric Dayne(513) hit Lothor Brune(650) 160.
    ****
    Lothor Brune(490) took 30 damage as DOT.
    Beric Dayne(513) took 30 damage as DOT.
    Lothor Brune(460) hit Beric Dayne(483) 117.
    Beric Dayne(366) hit Lothor Brune(460) 160.
    ****
    Lothor Brune(300) took 60 damage as DOT.
    Beric Dayne(366) took 60 damage as DOT.
    Lothor Brune(240) hit Beric Dayne(306) 117.
    Beric Dayne(189) hit Lothor Brune(240) 160.
    ****
    Lothor Brune(80) took 90 damage as DOT.
    Beric Dayne(189) took 90 damage as DOT.
    Lothor Brune(-10) hit Beric Dayne(99) 117.
    Beric Dayne(-18) hit Lothor Brune(-10) 160.
    ****
    Both of them are dead. A draw.
  Duel between Rykkers(21) -WIZ- and Yronwoods(30) -WHI- has begun.
    Jaremy Rykker(500) hit Edgar Yronwood(655) 121.
    Edgar Yronwood(534) hit Jaremy Rykker(500) 160.
    ****
    Jaremy Rykker(340) took 30 damage as DOT.
    Edgar Yronwood(534) took 20 damage as DOT.
    Jaremy Rykker(310) hit Edgar Yronwood(514) 121.
    Edgar Yronwood(393) hit Jaremy Rykker(310) 160.
    ****
    Jaremy Rykker(150) took 60 damage as DOT.
    Edgar Yronwood(393) took 40 damage as DOT.
    Jaremy Rykker(90) hit Edgar Yronwood(353) 121.
    Edgar Yronwood(232) hit Jaremy Rykker(90) 160.
    ****
    Edgar Yronwood(232) has won.
  Duel between Gaunts(18) -WIZ- and Daynes(30) -WHI- has begun.
    Gwayne Gaunt(475) hit Beric Dayne(630) 118.
    Beric Dayne(512) hit Gwayne Gaunt(475) 160.
    ****
    Gwayne Gaunt(315) took 30 damage as DOT.
    Beric Dayne(512) took 20 damage as DOT.
    Gwayne Gaunt(285) hit Beric Dayne(492) 118.
    Beric Dayne(374) hit Gwayne Gaunt(285) 160.
    ****
    Gwayne Gaunt(125) took 60 damage as DOT.
    Beric Dayne(374) took 40 damage as DOT.
    Gwayne Gaunt(65) hit Beric Dayne(334) 118.
    Beric Dayne(216) hit Gwayne Gaunt(65) 160.
    ****
    Beric Dayne(216) has won.
  Duel between Brunes(27) -WHI- and Yronwoods(33) -WHI- has begun.
    Lothor Brune(650) hit Edgar Yronwood(655) 117.
    Edgar Yronwood(538) hit Lothor Brune(650) 163.
    ****
    Lothor Brune(487) took 30 damage as DOT.
    Edgar Yronwood(538) took 30 damage as DOT.
    Lothor Brune(457) hit Edgar Yronwood(508) 117.
    Edgar Yronwood(391) hit Lothor Brune(457) 163.
    ****
    Lothor Brune(294) took 60 damage as DOT.
    Edgar Yronwood(391) took 60 damage as DOT.
    Lothor Brune(234) hit Edgar Yronwood(331) 117.
    Edgar Yronwood(214) hit Lothor Brune(234) 163.
    ****
    Lothor Brune(71) took 90 damage as DOT.
    Edgar Yronwood(214) took 90 damage as DOT.
    Lothor Brune(-19) hit Edgar Yronwood(124) 117.
    Edgar Yronwood(7) hit Lothor Brune(-19) 163.
    ****
    Edgar Yronwood(7) has won.
  Duel between Rykkers(18) -WIZ- and Ullers(33) -WIL- has begun.
    Jaremy Rykker(500) hit Mantral Uller(505) 118.
    Mantral Uller(387) hit Jaremy Rykker(500) 188.
    ****
    Jaremy Rykker(312) took 25 damage as DOT.
    Mantral Uller(387) took 20 damage as DOT.
    Jaremy Rykker(287) hit Mantral Uller(367) 118.
    Mantral Uller(249) hit Jaremy Rykker(287) 188.
    ****
    Jaremy Rykker(99) took 50 damage as DOT.
    Mantral Uller(249) took 40 damage as DOT.
    Jaremy Rykker(49) hit Mantral Uller(209) 118.
    Mantral Uller(91) hit Jaremy Rykker(49) 188.
    ****
    Mantral Uller(91) has won.
  Duel between Gaunts(15) -WIZ- and Yronwoods(36) -WHI- has begun.
    Gwayne Gaunt(475) hit Edgar Yronwood(655) 115.
    Edgar Yronwood(540) hit Gwayne Gaunt(475) 166.
    ****
    Gwayne Gaunt(309) took 30 damage as DOT.
    Edgar Yronwood(540) took 20 damage as DOT.
    Gwayne Gaunt(279) hit Edgar Yronwood(520) 115.
    Edgar Yronwood(405) hit Gwayne Gaunt(279) 166.
    ****
    Gwayne Gaunt(113) took 60 damage as DOT.
    Edgar Yronwood(405) took 40 damage as DOT.
    Gwayne Gaunt(53) hit Edgar Yronwood(365) 115.
    Edgar Yronwood(250) hit Gwayne Gaunt(53) 166.
    ****
    Edgar Yronwood(250) has won.
  Duel between Brunes(24) -WHI- and Ullers(36) -WIL- has begun.
    Lothor Brune(650) hit Mantral Uller(505) 114.
    Mantral Uller(391) hit Lothor Brune(650) 191.
    ****
    Lothor Brune(459) took 25 damage as DOT.
    Mantral Uller(391) took 30 damage as DOT.
    Lothor Brune(434) hit Mantral Uller(361) 114.
    Mantral Uller(247) hit Lothor Brune(434) 191.
    ****
    Lothor Brune(243) took 50 damage as DOT.
    Mantral Uller(247) took 60 damage as DOT.
    Lothor Brune(193) hit Mantral Uller(187) 114.
    Mantral Uller(73) hit Lothor Brune(193) 191.
    ****
    Lothor Brune(2) took 75 damage as DOT.
    Mantral Uller(73) took 90 damage as DOT.
    Lothor Brune(-73) hit Mantral Uller(-17) 114.
    Mantral Uller(-131) hit Lothor Brune(-73) 191.
    ****
    Both of them are dead. A draw.
  Duel between Rykkers(15) -WIZ- and Daynes(33) -WHI- has begun.
    Jaremy Rykker(500) hit Beric Dayne(630) 115.
    Beric Dayne(515) hit Jaremy Rykker(500) 163.
    ****
    Jaremy Rykker(337) took 30 damage as DOT.
    Beric Dayne(515) took 20 damage as DOT.
    Jaremy Rykker(307) hit Beric Dayne(495) 115.
    Beric Dayne(380) hit Jaremy Rykker(307) 163.
    ****
    Jaremy Rykker(144) took 60 damage as DOT.
    Beric Dayne(380) took 40 damage as DOT.
    Jaremy Rykker(84) hit Beric Dayne(340) 115.
    Beric Dayne(225) hit Jaremy Rykker(84) 163.
    ****
    Beric Dayne(225) has won.
  Duel between House Baratheon(50) -WHI- and House Martell(50) -WIL- has begun.
    Aerys II Targaryen(675) hit Elia Sand(505) 140.
    Elia Sand(365) hit Aerys II Targaryen(675) 200.
    ****
    Aerys II Targaryen(475) took 25 damage as DOT.
    Elia Sand(365) took 30 damage as DOT.
    Aerys II Targaryen(450) hit Elia Sand(335) 140.
    Elia Sand(195) hit Aerys II Targaryen(450) 200.
    ****
    Aerys II Targaryen(250) took 50 damage as DOT.
    Elia Sand(195) took 60 damage as DOT.
    Aerys II Targaryen(200) hit Elia Sand(135) 140.
    Elia Sand(-5) hit Aerys II Targaryen(200) 200.
    ****
    Both of them are dead. A draw.
  The Crownlands got 0 house points. Dorne got 7 house points.

The winner is: Dorne with currently 1 kingdom points.
---------------
---------------
Duel 4: Dorne vs The Reach
  Duel between Ullers(36) -WIL- and Ashfords(30) -WIZ- has begun.
    Mantral Uller(505) hit Lord Ashford(510) 191.
    Lord Ashford(319) hit Mantral Uller(505) 135.
    ****
    Mantral Uller(370) took 20 damage as DOT.
    Lord Ashford(319) took 25 damage as DOT.
    Mantral Uller(350) hit Lord Ashford(294) 191.
    Lord Ashford(103) hit Mantral Uller(350) 135.
    ****
    Mantral Uller(215) took 40 damage as DOT.
    Lord Ashford(103) took 50 damage as DOT.
    Mantral Uller(175) hit Lord Ashford(53) 191.
    Lord Ashford(-138) hit Mantral Uller(175) 135.
    ****
    Mantral Uller(40) has won.
  Duel between Daynes(36) -WHI- and Leygoods(30) -WHI- has begun.
    Beric Dayne(630) hit Lord Leygood(735) 166.
    Lord Leygood(569) hit Beric Dayne(630) 130.
    ****
    Beric Dayne(500) took 30 damage as DOT.
    Lord Leygood(569) took 30 damage as DOT.
    Beric Dayne(470) hit Lord Leygood(539) 166.
    Lord Leygood(373) hit Beric Dayne(470) 130.
    ****
    Beric Dayne(340) took 60 damage as DOT.
    Lord Leygood(373) took 60 damage as DOT.
    Beric Dayne(280) hit Lord Leygood(313) 166.
    Lord Leygood(147) hit Beric Dayne(280) 130.
    ****
    Beric Dayne(150) took 90 damage as DOT.
    Lord Leygood(147) took 90 damage as DOT.
    Beric Dayne(60) hit Lord Leygood(57) 166.
    Lord Leygood(-109) hit Beric Dayne(60) 130.
    ****
    Both of them are dead. A draw.
  Duel between Yronwoods(39) -WHI- and Hightowers(30) -WHI- has begun.
    Edgar Yronwood(655) hit Leyton Hightower(660) 169.
    Leyton Hightower(491) hit Edgar Yronwood(655) 130.
    ****
    Edgar Yronwood(525) took 30 damage as DOT.
    Leyton Hightower(491) took 30 damage as DOT.
    Edgar Yronwood(495) hit Leyton Hightower(461) 169.
    Leyton Hightower(292) hit Edgar Yronwood(495) 130.
    ****
    Edgar Yronwood(365) took 60 damage as DOT.
    Leyton Hightower(292) took 60 damage as DOT.
    Edgar Yronwood(305) hit Leyton Hightower(232) 169.
    Leyton Hightower(63) hit Edgar Yronwood(305) 130.
    ****
    Edgar Yronwood(175) took 90 damage as DOT.
    Leyton Hightower(63) took 90 damage as DOT.
    Edgar Yronwood(85) hit Leyton Hightower(-27) 169.
    Leyton Hightower(-196) hit Edgar Yronwood(85) 130.
    ****
    Both of them are dead. A draw.
  Duel between Ullers(39) -WIL- and Leygoods(30) -WHI- has begun.
    Mantral Uller(505) hit Lord Leygood(735) 194.
    Lord Leygood(541) hit Mantral Uller(505) 130.
    ****
    Mantral Uller(375) took 30 damage as DOT.
    Lord Leygood(541) took 25 damage as DOT.
    Mantral Uller(345) hit Lord Leygood(516) 194.
    Lord Leygood(322) hit Mantral Uller(345) 130.
    ****
    Mantral Uller(215) took 60 damage as DOT.
    Lord Leygood(322) took 50 damage as DOT.
    Mantral Uller(155) hit Lord Leygood(272) 194.
    Lord Leygood(78) hit Mantral Uller(155) 130.
    ****
    Mantral Uller(25) took 90 damage as DOT.
    Lord Leygood(78) took 75 damage as DOT.
    Mantral Uller(-65) hit Lord Leygood(3) 194.
    Lord Leygood(-191) hit Mantral Uller(-65) 130.
    ****
    Both of them are dead. A draw.
  Duel between Daynes(36) -WHI- and Hightowers(30) -WHI- has begun.
    Beric Dayne(630) hit Leyton Hightower(660) 166.
    Leyton Hightower(494) hit Beric Dayne(630) 130.
    ****
    Beric Dayne(500) took 30 damage as DOT.
    Leyton Hightower(494) took 30 damage as DOT.
    Beric Dayne(470) hit Leyton Hightower(464) 166.
    Leyton Hightower(298) hit Beric Dayne(470) 130.
    ****
    Beric Dayne(340) took 60 damage as DOT.
    Leyton Hightower(298) took 60 damage as DOT.
    Beric Dayne(280) hit Leyton Hightower(238) 166.
    Leyton Hightower(72) hit Beric Dayne(280) 130.
    ****
    Beric Dayne(150) took 90 damage as DOT.
    Leyton Hightower(72) took 90 damage as DOT.
    Beric Dayne(60) hit Leyton Hightower(-18) 166.
    Leyton Hightower(-184) hit Beric Dayne(60) 130.
    ****
    Both of them are dead. A draw.
  Duel between Yronwoods(39) -WHI- and Ashfords(27) -WIZ- has begun.
    Edgar Yronwood(655) hit Lord Ashford(510) 169.
    Lord Ashford(341) hit Edgar Yronwood(655) 132.
    ****
    Edgar Yronwood(523) took 20 damage as DOT.
    Lord Ashford(341) took 30 damage as DOT.
    Edgar Yronwood(503) hit Lord Ashford(311) 169.
    Lord Ashford(142) hit Edgar Yronwood(503) 132.
    ****
    Edgar Yronwood(371) took 40 damage as DOT.
    Lord Ashford(142) took 60 damage as DOT.
    Edgar Yronwood(331) hit Lord Ashford(82) 169.
    Lord Ashford(-87) hit Edgar Yronwood(331) 132.
    ****
    Edgar Yronwood(199) has won.
  Duel between Ullers(39) -WIL- and Hightowers(30) -WHI- has begun.
    Mantral Uller(505) hit Leyton Hightower(660) 194.
    Leyton Hightower(466) hit Mantral Uller(505) 130.
    ****
    Mantral Uller(375) took 30 damage as DOT.
    Leyton Hightower(466) took 25 damage as DOT.
    Mantral Uller(345) hit Leyton Hightower(441) 194.
    Leyton Hightower(247) hit Mantral Uller(345) 130.
    ****
    Mantral Uller(215) took 60 damage as DOT.
    Leyton Hightower(247) took 50 damage as DOT.
    Mantral Uller(155) hit Leyton Hightower(197) 194.
    Leyton Hightower(3) hit Mantral Uller(155) 130.
    ****
    Mantral Uller(25) took 90 damage as DOT.
    Leyton Hightower(3) took 75 damage as DOT.
    Mantral Uller(-65) hit Leyton Hightower(-72) 194.
    Leyton Hightower(-266) hit Mantral Uller(-65) 130.
    ****
    Both of them are dead. A draw.
  Duel between Daynes(36) -WHI- and Ashfords(24) -WIZ- has begun.
    Beric Dayne(630) hit Lord Ashford(510) 166.
    Lord Ashford(344) hit Beric Dayne(630) 129.
    ****
    Beric Dayne(501) took 20 damage as DOT.
    Lord Ashford(344) took 30 damage as DOT.
    Beric Dayne(481) hit Lord Ashford(314) 166.
    Lord Ashford(148) hit Beric Dayne(481) 129.
    ****
    Beric Dayne(352) took 40 damage as DOT.
    Lord Ashford(148) took 60 damage as DOT.
    Beric Dayne(312) hit Lord Ashford(88) 166.
    Lord Ashford(-78) hit Beric Dayne(312) 129.
    ****
    Beric Dayne(183) has won.
  Duel between Yronwoods(42) -WHI- and Leygoods(30) -WHI- has begun.
    Edgar Yronwood(655) hit Lord Leygood(735) 172.
    Lord Leygood(563) hit Edgar Yronwood(655) 130.
    ****
    Edgar Yronwood(525) took 30 damage as DOT.
    Lord Leygood(563) took 30 damage as DOT.
    Edgar Yronwood(495) hit Lord Leygood(533) 172.
    Lord Leygood(361) hit Edgar Yronwood(495) 130.
    ****
    Edgar Yronwood(365) took 60 damage as DOT.
    Lord Leygood(361) took 60 damage as DOT.
    Edgar Yronwood(305) hit Lord Leygood(301) 172.
    Lord Leygood(129) hit Edgar Yronwood(305) 130.
    ****
    Edgar Yronwood(175) took 90 damage as DOT.
    Lord Leygood(129) took 90 damage as DOT.
    Edgar Yronwood(85) hit Lord Leygood(39) 172.
    Lord Leygood(-133) hit Edgar Yronwood(85) 130.
    ****
    Both of them are dead. A draw.
  Duel between House Martell(50) -WIL- and House Lannister(50) -WHI- has begun.
    Elia Sand(505) hit Loras Tyrell(735) 200.
    Loras Tyrell(535) hit Elia Sand(505) 150.
    ****
    Elia Sand(355) took 30 damage as DOT.
    Loras Tyrell(535) took 25 damage as DOT.
    Elia Sand(325) hit Loras Tyrell(510) 200.
    Loras Tyrell(310) hit Elia Sand(325) 150.
    ****
    Elia Sand(175) took 60 damage as DOT.
    Loras Tyrell(310) took 50 damage as DOT.
    Elia Sand(115) hit Loras Tyrell(260) 200.
    Loras Tyrell(60) hit Elia Sand(115) 150.
    ****
    Loras Tyrell(60) has won.
  Dorne got 3 house points. The Reach got 3 house points.

A draw.
---------------
---------------
Duel 5: The Vale of Arryn vs The Crownlands
  Duel between Tolletts(21) -WIL- and Gaunts(12) -WIZ- has begun.
    Eddison Tollett(425) hit Gwayne Gaunt(475) 131.
    Gwayne Gaunt(344) hit Eddison Tollett(425) 112.
    ****
    Eddison Tollett(313) took 20 damage as DOT.
    Gwayne Gaunt(344) took 25 damage as DOT.
    Eddison Tollett(293) hit Gwayne Gaunt(319) 131.
    Gwayne Gaunt(188) hit Eddison Tollett(293) 112.
    ****
    Eddison Tollett(181) took 40 damage as DOT.
    Gwayne Gaunt(188) took 50 damage as DOT.
    Eddison Tollett(141) hit Gwayne Gaunt(138) 131.
    Gwayne Gaunt(7) hit Eddison Tollett(141) 112.
    ****
    Eddison Tollett(29) took 60 damage as DOT.
    Gwayne Gaunt(7) took 75 damage as DOT.
    Eddison Tollett(-31) hit Gwayne Gaunt(-68) 131.
    Gwayne Gaunt(-199) hit Eddison Tollett(-31) 112.
    ****
    Both of them are dead. A draw.
  Duel between Moores(27) -WHI- and Brunes(24) -WHI- has begun.
    Mandon Moore(650) hit Lothor Brune(650) 117.
    Lothor Brune(533) hit Mandon Moore(650) 114.
    ****
    Mandon Moore(536) took 30 damage as DOT.
    Lothor Brune(533) took 30 damage as DOT.
    Mandon Moore(506) hit Lothor Brune(503) 117.
    Lothor Brune(386) hit Mandon Moore(506) 114.
    ****
    Mandon Moore(392) took 60 damage as DOT.
    Lothor Brune(386) took 60 damage as DOT.
    Mandon Moore(332) hit Lothor Brune(326) 117.
    Lothor Brune(209) hit Mandon Moore(332) 114.
    ****
    Mandon Moore(218) took 90 damage as DOT.
    Lothor Brune(209) took 90 damage as DOT.
    Mandon Moore(128) hit Lothor Brune(119) 117.
    Lothor Brune(2) hit Mandon Moore(128) 114.
    ****
    Mandon Moore(14) took 90 damage as DOT.
    Lothor Brune(2) took 90 damage as DOT.
    Mandon Moore(-76) hit Lothor Brune(-88) 117.
    Lothor Brune(-205) hit Mandon Moore(-76) 114.
    ****
    Both of them are dead. A draw.
  Duel between Egens(21) -WIZ- and Rykkers(12) -WIZ- has begun.
    Vardis Egen(475) hit Jaremy Rykker(500) 116.
    Jaremy Rykker(384) hit Vardis Egen(475) 112.
    ****
    Vardis Egen(363) took 20 damage as DOT.
    Jaremy Rykker(384) took 20 damage as DOT.
    Vardis Egen(343) hit Jaremy Rykker(364) 116.
    Jaremy Rykker(248) hit Vardis Egen(343) 112.
    ****
    Vardis Egen(231) took 40 damage as DOT.
    Jaremy Rykker(248) took 40 damage as DOT.
    Vardis Egen(191) hit Jaremy Rykker(208) 116.
    Jaremy Rykker(92) hit Vardis Egen(191) 112.
    ****
    Vardis Egen(79) took 60 damage as DOT.
    Jaremy Rykker(92) took 60 damage as DOT.
    Vardis Egen(19) hit Jaremy Rykker(32) 116.
    Jaremy Rykker(-84) hit Vardis Egen(19) 112.
    ****
    Both of them are dead. A draw.
  Duel between Tolletts(21) -WIL- and Brunes(24) -WHI- has begun.
    Eddison Tollett(425) hit Lothor Brune(650) 131.
    Lothor Brune(519) hit Eddison Tollett(425) 114.
    ****
    Eddison Tollett(311) took 30 damage as DOT.
    Lothor Brune(519) took 25 damage as DOT.
    Eddison Tollett(281) hit Lothor Brune(494) 131.
    Lothor Brune(363) hit Eddison Tollett(281) 114.
    ****
    Eddison Tollett(167) took 60 damage as DOT.
    Lothor Brune(363) took 50 damage as DOT.
    Eddison Tollett(107) hit Lothor Brune(313) 131.
    Lothor Brune(182) hit Eddison Tollett(107) 114.
    ****
    Lothor Brune(182) has won.
  Duel between Moores(27) -WHI- and Rykkers(12) -WIZ- has begun.
    Mandon Moore(650) hit Jaremy Rykker(500) 117.
    Jaremy Rykker(383) hit Mandon Moore(650) 112.
    ****
    Mandon Moore(538) took 20 damage as DOT.
    Jaremy Rykker(383) took 30 damage as DOT.
    Mandon Moore(518) hit Jaremy Rykker(353) 117.
    Jaremy Rykker(236) hit Mandon Moore(518) 112.
    ****
    Mandon Moore(406) took 40 damage as DOT.
    Jaremy Rykker(236) took 60 damage as DOT.
    Mandon Moore(366) hit Jaremy Rykker(176) 117.
    Jaremy Rykker(59) hit Mandon Moore(366) 112.
    ****
    Mandon Moore(254) took 60 damage as DOT.
    Jaremy Rykker(59) took 90 damage as DOT.
    Mandon Moore(194) hit Jaremy Rykker(-31) 117.
    Jaremy Rykker(-148) hit Mandon Moore(194) 112.
    ****
    Mandon Moore(82) has won.
  Duel between Egens(21) -WIZ- and Gaunts(12) -WIZ- has begun.
    Vardis Egen(475) hit Gwayne Gaunt(475) 116.
    Gwayne Gaunt(359) hit Vardis Egen(475) 112.
    ****
    Vardis Egen(363) took 20 damage as DOT.
    Gwayne Gaunt(359) took 20 damage as DOT.
    Vardis Egen(343) hit Gwayne Gaunt(339) 116.
    Gwayne Gaunt(223) hit Vardis Egen(343) 112.
    ****
    Vardis Egen(231) took 40 damage as DOT.
    Gwayne Gaunt(223) took 40 damage as DOT.
    Vardis Egen(191) hit Gwayne Gaunt(183) 116.
    Gwayne Gaunt(67) hit Vardis Egen(191) 112.
    ****
    Vardis Egen(79) took 60 damage as DOT.
    Gwayne Gaunt(67) took 60 damage as DOT.
    Vardis Egen(19) hit Gwayne Gaunt(7) 116.
    Gwayne Gaunt(-109) hit Vardis Egen(19) 112.
    ****
    Both of them are dead. A draw.
  Duel between Tolletts(18) -WIL- and Rykkers(9) -WIZ- has begun.
    Eddison Tollett(425) hit Jaremy Rykker(500) 128.
    Jaremy Rykker(372) hit Eddison Tollett(425) 109.
    ****
    Eddison Tollett(316) took 20 damage as DOT.
    Jaremy Rykker(372) took 25 damage as DOT.
    Eddison Tollett(296) hit Jaremy Rykker(347) 128.
    Jaremy Rykker(219) hit Eddison Tollett(296) 109.
    ****
    Eddison Tollett(187) took 40 damage as DOT.
    Jaremy Rykker(219) took 50 damage as DOT.
    Eddison Tollett(147) hit Jaremy Rykker(169) 128.
    Jaremy Rykker(41) hit Eddison Tollett(147) 109.
    ****
    Eddison Tollett(38) took 60 damage as DOT.
    Jaremy Rykker(41) took 75 damage as DOT.
    Eddison Tollett(-22) hit Jaremy Rykker(-34) 128.
    Jaremy Rykker(-162) hit Eddison Tollett(-22) 109.
    ****
    Both of them are dead. A draw.
  Duel between Moores(30) -WHI- and Gaunts(12) -WIZ- has begun.
    Mandon Moore(650) hit Gwayne Gaunt(475) 120.
    Gwayne Gaunt(355) hit Mandon Moore(650) 112.
    ****
    Mandon Moore(538) took 20 damage as DOT.
    Gwayne Gaunt(355) took 30 damage as DOT.
    Mandon Moore(518) hit Gwayne Gaunt(325) 120.
    Gwayne Gaunt(205) hit Mandon Moore(518) 112.
    ****
    Mandon Moore(406) took 40 damage as DOT.
    Gwayne Gaunt(205) took 60 damage as DOT.
    Mandon Moore(366) hit Gwayne Gaunt(145) 120.
    Gwayne Gaunt(25) hit Mandon Moore(366) 112.
    ****
    Mandon Moore(254) took 60 damage as DOT.
    Gwayne Gaunt(25) took 90 damage as DOT.
    Mandon Moore(194) hit Gwayne Gaunt(-65) 120.
    Gwayne Gaunt(-185) hit Mandon Moore(194) 112.
    ****
    Mandon Moore(82) has won.
  Duel between Egens(21) -WIZ- and Brunes(27) -WHI- has begun.
    Vardis Egen(475) hit Lothor Brune(650) 116.
    Lothor Brune(534) hit Vardis Egen(475) 117.
    ****
    Vardis Egen(358) took 30 damage as DOT.
    Lothor Brune(534) took 20 damage as DOT.
    Vardis Egen(328) hit Lothor Brune(514) 116.
    Lothor Brune(398) hit Vardis Egen(328) 117.
    ****
    Vardis Egen(211) took 60 damage as DOT.
    Lothor Brune(398) took 40 damage as DOT.
    Vardis Egen(151) hit Lothor Brune(358) 116.
    Lothor Brune(242) hit Vardis Egen(151) 117.
    ****
    Vardis Egen(34) took 90 damage as DOT.
    Lothor Brune(242) took 60 damage as DOT.
    Vardis Egen(-56) hit Lothor Brune(182) 116.
    Lothor Brune(66) hit Vardis Egen(-56) 117.
    ****
    Lothor Brune(66) has won.
  Duel between House Arryn(50) -WHI- and House Baratheon(50) -WHI- has begun.
    Robin Arryn(650) hit Aerys II Targaryen(675) 140.
    Aerys II Targaryen(535) hit Robin Arryn(650) 140.
    ****
    Robin Arryn(510) took 30 damage as DOT.
    Aerys II Targaryen(535) took 30 damage as DOT.
    Robin Arryn(480) hit Aerys II Targaryen(505) 140.
    Aerys II Targaryen(365) hit Robin Arryn(480) 140.
    ****
    Robin Arryn(340) took 60 damage as DOT.
    Aerys II Targaryen(365) took 60 damage as DOT.
    Robin Arryn(280) hit Aerys II Targaryen(305) 140.
    Aerys II Targaryen(165) hit Robin Arryn(280) 140.
    ****
    Robin Arryn(140) took 90 damage as DOT.
    Aerys II Targaryen(165) took 90 damage as DOT.
    Robin Arryn(50) hit Aerys II Targaryen(75) 140.
    Aerys II Targaryen(-65) hit Robin Arryn(50) 140.
    ****
    Both of them are dead. A draw.
  The Vale of Arryn got 2 house points. The Crownlands got 2 house points.

A draw.
---------------
---------------
Duel 6: The Iron Islands vs Dorne
  Duel between Botleys(42) -WIZ- and Ullers(39) -WIL- has begun.
    Sawane Botley(540) hit Mantral Uller(505) 162.
    Mantral Uller(343) hit Sawane Botley(540) 194.
    ****
    Sawane Botley(346) took 25 damage as DOT.
    Mantral Uller(343) took 20 damage as DOT.
    Sawane Botley(321) hit Mantral Uller(323) 162.
    Mantral Uller(161) hit Sawane Botley(321) 194.
    ****
    Sawane Botley(127) took 50 damage as DOT.
    Mantral Uller(161) took 40 damage as DOT.
    Sawane Botley(77) hit Mantral Uller(121) 162.
    Mantral Uller(-41) hit Sawane Botley(77) 194.
    ****
    Both of them are dead. A draw.
  Duel between Sparrs(48) -WHI- and Daynes(39) -WHI- has begun.
    Lord Sparr(715) hit Beric Dayne(630) 168.
    Beric Dayne(462) hit Lord Sparr(715) 169.
    ****
    Lord Sparr(546) took 30 damage as DOT.
    Beric Dayne(462) took 30 damage as DOT.
    Lord Sparr(516) hit Beric Dayne(432) 168.
    Beric Dayne(264) hit Lord Sparr(516) 169.
    ****
    Lord Sparr(347) took 60 damage as DOT.
    Beric Dayne(264) took 60 damage as DOT.
    Lord Sparr(287) hit Beric Dayne(204) 168.
    Beric Dayne(36) hit Lord Sparr(287) 169.
    ****
    Lord Sparr(118) took 90 damage as DOT.
    Beric Dayne(36) took 90 damage as DOT.
    Lord Sparr(28) hit Beric Dayne(-54) 168.
    Beric Dayne(-222) hit Lord Sparr(28) 169.
    ****
    Both of them are dead. A draw.
  Duel between Harlaws(42) -WIL- and Yronwoods(42) -WHI- has begun.
    Alannys Harlaw(540) hit Edgar Yronwood(655) 187.
    Edgar Yronwood(468) hit Alannys Harlaw(540) 172.
    ****
    Alannys Harlaw(368) took 30 damage as DOT.
    Edgar Yronwood(468) took 25 damage as DOT.
    Alannys Harlaw(338) hit Edgar Yronwood(443) 187.
    Edgar Yronwood(256) hit Alannys Harlaw(338) 172.
    ****
    Alannys Harlaw(166) took 60 damage as DOT.
    Edgar Yronwood(256) took 50 damage as DOT.
    Alannys Harlaw(106) hit Edgar Yronwood(206) 187.
    Edgar Yronwood(19) hit Alannys Harlaw(106) 172.
    ****
    Edgar Yronwood(19) has won.
  Duel between Botleys(42) -WIZ- and Daynes(39) -WHI- has begun.
    Sawane Botley(540) hit Beric Dayne(630) 162.
    Beric Dayne(468) hit Sawane Botley(540) 169.
    ****
    Sawane Botley(371) took 30 damage as DOT.
    Beric Dayne(468) took 20 damage as DOT.
    Sawane Botley(341) hit Beric Dayne(448) 162.
    Beric Dayne(286) hit Sawane Botley(341) 169.
    ****
    Sawane Botley(172) took 60 damage as DOT.
    Beric Dayne(286) took 40 damage as DOT.
    Sawane Botley(112) hit Beric Dayne(246) 162.
    Beric Dayne(84) hit Sawane Botley(112) 169.
    ****
    Beric Dayne(84) has won.
  Duel between Sparrs(48) -WHI- and Yronwoods(45) -WHI- has begun.
    Lord Sparr(715) hit Edgar Yronwood(655) 168.
    Edgar Yronwood(487) hit Lord Sparr(715) 175.
    ****
    Lord Sparr(540) took 30 damage as DOT.
    Edgar Yronwood(487) took 30 damage as DOT.
    Lord Sparr(510) hit Edgar Yronwood(457) 168.
    Edgar Yronwood(289) hit Lord Sparr(510) 175.
    ****
    Lord Sparr(335) took 60 damage as DOT.
    Edgar Yronwood(289) took 60 damage as DOT.
    Lord Sparr(275) hit Edgar Yronwood(229) 168.
    Edgar Yronwood(61) hit Lord Sparr(275) 175.
    ****
    Lord Sparr(100) took 90 damage as DOT.
    Edgar Yronwood(61) took 90 damage as DOT.
    Lord Sparr(10) hit Edgar Yronwood(-29) 168.
    Edgar Yronwood(-197) hit Lord Sparr(10) 175.
    ****
    Both of them are dead. A draw.
  Duel between Harlaws(39) -WIL- and Ullers(39) -WIL- has begun.
    Alannys Harlaw(540) hit Mantral Uller(505) 184.
    Mantral Uller(321) hit Alannys Harlaw(540) 194.
    ****
    Alannys Harlaw(346) took 25 damage as DOT.
    Mantral Uller(321) took 25 damage as DOT.
    Alannys Harlaw(321) hit Mantral Uller(296) 184.
    Mantral Uller(112) hit Alannys Harlaw(321) 194.
    ****
    Alannys Harlaw(127) took 50 damage as DOT.
    Mantral Uller(112) took 50 damage as DOT.
    Alannys Harlaw(77) hit Mantral Uller(62) 184.
    Mantral Uller(-122) hit Alannys Harlaw(77) 194.
    ****
    Both of them are dead. A draw.
  Duel between Botleys(39) -WIZ- and Yronwoods(45) -WHI- has begun.
    Sawane Botley(540) hit Edgar Yronwood(655) 159.
    Edgar Yronwood(496) hit Sawane Botley(540) 175.
    ****
    Sawane Botley(365) took 30 damage as DOT.
    Edgar Yronwood(496) took 20 damage as DOT.
    Sawane Botley(335) hit Edgar Yronwood(476) 159.
    Edgar Yronwood(317) hit Sawane Botley(335) 175.
    ****
    Sawane Botley(160) took 60 damage as DOT.
    Edgar Yronwood(317) took 40 damage as DOT.
    Sawane Botley(100) hit Edgar Yronwood(277) 159.
    Edgar Yronwood(118) hit Sawane Botley(100) 175.
    ****
    Edgar Yronwood(118) has won.
  Duel between Sparrs(48) -WHI- and Ullers(39) -WIL- has begun.
    Lord Sparr(715) hit Mantral Uller(505) 168.
    Mantral Uller(337) hit Lord Sparr(715) 194.
    ****
    Lord Sparr(521) took 25 damage as DOT.
    Mantral Uller(337) took 30 damage as DOT.
    Lord Sparr(496) hit Mantral Uller(307) 168.
    Mantral Uller(139) hit Lord Sparr(496) 194.
    ****
    Lord Sparr(302) took 50 damage as DOT.
    Mantral Uller(139) took 60 damage as DOT.
    Lord Sparr(252) hit Mantral Uller(79) 168.
    Mantral Uller(-89) hit Lord Sparr(252) 194.
    ****
    Lord Sparr(58) has won.
  Duel between Harlaws(39) -WIL- and Daynes(35) -WHI- has begun.
    Alannys Harlaw(540) hit Beric Dayne(630) 184.
    Beric Dayne(446) hit Alannys Harlaw(540) 165.
    ****
    Alannys Harlaw(375) took 30 damage as DOT.
    Beric Dayne(446) took 25 damage as DOT.
    Alannys Harlaw(345) hit Beric Dayne(421) 184.
    Beric Dayne(237) hit Alannys Harlaw(345) 165.
    ****
    Alannys Harlaw(180) took 60 damage as DOT.
    Beric Dayne(237) took 50 damage as DOT.
    Alannys Harlaw(120) hit Beric Dayne(187) 184.
    Beric Dayne(3) hit Alannys Harlaw(120) 165.
    ****
    Beric Dayne(3) has won.
  Duel between House Greyjoy(50) -WIZ- and House Martell(45) -WIL- has begun.
    Rodrik Greyjoy(565) hit Elia Sand(505) 165.
    Elia Sand(340) hit Rodrik Greyjoy(565) 195.
    ****
    Rodrik Greyjoy(370) took 25 damage as DOT.
    Elia Sand(340) took 20 damage as DOT.
    Rodrik Greyjoy(345) hit Elia Sand(320) 165.
    Elia Sand(155) hit Rodrik Greyjoy(345) 195.
    ****
    Rodrik Greyjoy(150) took 50 damage as DOT.
    Elia Sand(155) took 40 damage as DOT.
    Rodrik Greyjoy(100) hit Elia Sand(115) 165.
    Elia Sand(-50) hit Rodrik Greyjoy(100) 195.
    ****
    Both of them are dead. A draw.
  The Iron Islands got 1 house points. Dorne got 4 house points.

The winner is: Dorne with currently 3 kingdom points.
---------------
---------------
Duel 7: The Crownlands vs The Reach
  Duel between Gaunts(9) -WIZ- and Ashfords(21) -WIZ- has begun.
    Gwayne Gaunt(475) hit Lord Ashford(510) 109.
    Lord Ashford(401) hit Gwayne Gaunt(475) 126.
    ****
    Gwayne Gaunt(349) took 20 damage as DOT.
    Lord Ashford(401) took 20 damage as DOT.
    Gwayne Gaunt(329) hit Lord Ashford(381) 109.
    Lord Ashford(272) hit Gwayne Gaunt(329) 126.
    ****
    Gwayne Gaunt(203) took 40 damage as DOT.
    Lord Ashford(272) took 40 damage as DOT.
    Gwayne Gaunt(163) hit Lord Ashford(232) 109.
    Lord Ashford(123) hit Gwayne Gaunt(163) 126.
    ****
    Gwayne Gaunt(37) took 60 damage as DOT.
    Lord Ashford(123) took 60 damage as DOT.
    Gwayne Gaunt(-23) hit Lord Ashford(63) 109.
    Lord Ashford(-46) hit Gwayne Gaunt(-23) 126.
    ****
    Both of them are dead. A draw.
  Duel between Brunes(30) -WHI- and Leygoods(30) -WHI- has begun.
    Lothor Brune(650) hit Lord Leygood(735) 120.
    Lord Leygood(615) hit Lothor Brune(650) 130.
    ****
    Lothor Brune(520) took 30 damage as DOT.
    Lord Leygood(615) took 30 damage as DOT.
    Lothor Brune(490) hit Lord Leygood(585) 120.
    Lord Leygood(465) hit Lothor Brune(490) 130.
    ****
    Lothor Brune(360) took 60 damage as DOT.
    Lord Leygood(465) took 60 damage as DOT.
    Lothor Brune(300) hit Lord Leygood(405) 120.
    Lord Leygood(285) hit Lothor Brune(300) 130.
    ****
    Lothor Brune(170) took 90 damage as DOT.
    Lord Leygood(285) took 90 damage as DOT.
    Lothor Brune(80) hit Lord Leygood(195) 120.
    Lord Leygood(75) hit Lothor Brune(80) 130.
    ****
    Lord Leygood(75) has won.
  Duel between Rykkers(9) -WIZ- and Hightowers(30) -WHI- has begun.
    Jaremy Rykker(500) hit Leyton Hightower(660) 109.
    Leyton Hightower(551) hit Jaremy Rykker(500) 130.
    ****
    Jaremy Rykker(370) took 30 damage as DOT.
    Leyton Hightower(551) took 20 damage as DOT.
    Jaremy Rykker(340) hit Leyton Hightower(531) 109.
    Leyton Hightower(422) hit Jaremy Rykker(340) 130.
    ****
    Jaremy Rykker(210) took 60 damage as DOT.
    Leyton Hightower(422) took 40 damage as DOT.
    Jaremy Rykker(150) hit Leyton Hightower(382) 109.
    Leyton Hightower(273) hit Jaremy Rykker(150) 130.
    ****
    Jaremy Rykker(20) took 90 damage as DOT.
    Leyton Hightower(273) took 60 damage as DOT.
    Jaremy Rykker(-70) hit Leyton Hightower(213) 109.
    Leyton Hightower(104) hit Jaremy Rykker(-70) 130.
    ****
    Leyton Hightower(104) has won.
  Duel between Gaunts(9) -WIZ- and Leygoods(33) -WHI- has begun.
    Gwayne Gaunt(475) hit Lord Leygood(735) 109.
    Lord Leygood(626) hit Gwayne Gaunt(475) 133.
    ****
    Gwayne Gaunt(342) took 30 damage as DOT.
    Lord Leygood(626) took 20 damage as DOT.
    Gwayne Gaunt(312) hit Lord Leygood(606) 109.
    Lord Leygood(497) hit Gwayne Gaunt(312) 133.
    ****
    Gwayne Gaunt(179) took 60 damage as DOT.
    Lord Leygood(497) took 40 damage as DOT.
    Gwayne Gaunt(119) hit Lord Leygood(457) 109.
    Lord Leygood(348) hit Gwayne Gaunt(119) 133.
    ****
    Lord Leygood(348) has won.
  Duel between Brunes(27) -WHI- and Hightowers(33) -WHI- has begun.
    Lothor Brune(650) hit Leyton Hightower(660) 117.
    Leyton Hightower(543) hit Lothor Brune(650) 133.
    ****
    Lothor Brune(517) took 30 damage as DOT.
    Leyton Hightower(543) took 30 damage as DOT.
    Lothor Brune(487) hit Leyton Hightower(513) 117.
    Leyton Hightower(396) hit Lothor Brune(487) 133.
    ****
    Lothor Brune(354) took 60 damage as DOT.
    Leyton Hightower(396) took 60 damage as DOT.
    Lothor Brune(294) hit Leyton Hightower(336) 117.
    Leyton Hightower(219) hit Lothor Brune(294) 133.
    ****
    Lothor Brune(161) took 90 damage as DOT.
    Leyton Hightower(219) took 90 damage as DOT.
    Lothor Brune(71) hit Leyton Hightower(129) 117.
    Leyton Hightower(12) hit Lothor Brune(71) 133.
    ****
    Leyton Hightower(12) has won.
  Duel between Rykkers(6) -WIZ- and Ashfords(21) -WIZ- has begun.
    Jaremy Rykker(500) hit Lord Ashford(510) 106.
    Lord Ashford(404) hit Jaremy Rykker(500) 126.
    ****
    Jaremy Rykker(374) took 20 damage as DOT.
    Lord Ashford(404) took 20 damage as DOT.
    Jaremy Rykker(354) hit Lord Ashford(384) 106.
    Lord Ashford(278) hit Jaremy Rykker(354) 126.
    ****
    Jaremy Rykker(228) took 40 damage as DOT.
    Lord Ashford(278) took 40 damage as DOT.
    Jaremy Rykker(188) hit Lord Ashford(238) 106.
    Lord Ashford(132) hit Jaremy Rykker(188) 126.
    ****
    Jaremy Rykker(62) took 60 damage as DOT.
    Lord Ashford(132) took 60 damage as DOT.
    Jaremy Rykker(2) hit Lord Ashford(72) 106.
    Lord Ashford(-34) hit Jaremy Rykker(2) 126.
    ****
    Both of them are dead. A draw.
  Duel between Gaunts(6) -WIZ- and Hightowers(36) -WHI- has begun.
    Gwayne Gaunt(475) hit Leyton Hightower(660) 106.
    Leyton Hightower(554) hit Gwayne Gaunt(475) 136.
    ****
    Gwayne Gaunt(339) took 30 damage as DOT.
    Leyton Hightower(554) took 20 damage as DOT.
    Gwayne Gaunt(309) hit Leyton Hightower(534) 106.
    Leyton Hightower(428) hit Gwayne Gaunt(309) 136.
    ****
    Gwayne Gaunt(173) took 60 damage as DOT.
    Leyton Hightower(428) took 40 damage as DOT.
    Gwayne Gaunt(113) hit Leyton Hightower(388) 106.
    Leyton Hightower(282) hit Gwayne Gaunt(113) 136.
    ****
    Leyton Hightower(282) has won.
  Duel between Brunes(24) -WHI- and Ashfords(21) -WIZ- has begun.
    Lothor Brune(650) hit Lord Ashford(510) 114.
    Lord Ashford(396) hit Lothor Brune(650) 126.
    ****
    Lothor Brune(524) took 20 damage as DOT.
    Lord Ashford(396) took 30 damage as DOT.
    Lothor Brune(504) hit Lord Ashford(366) 114.
    Lord Ashford(252) hit Lothor Brune(504) 126.
    ****
    Lothor Brune(378) took 40 damage as DOT.
    Lord Ashford(252) took 60 damage as DOT.
    Lothor Brune(338) hit Lord Ashford(192) 114.
    Lord Ashford(78) hit Lothor Brune(338) 126.
    ****
    Lothor Brune(212) took 60 damage as DOT.
    Lord Ashford(78) took 90 damage as DOT.
    Lothor Brune(152) hit Lord Ashford(-12) 114.
    Lord Ashford(-126) hit Lothor Brune(152) 126.
    ****
    Lothor Brune(26) has won.
  Duel between Rykkers(6) -WIZ- and Leygoods(36) -WHI- has begun.
    Jaremy Rykker(500) hit Lord Leygood(735) 106.
    Lord Leygood(629) hit Jaremy Rykker(500) 136.
    ****
    Jaremy Rykker(364) took 30 damage as DOT.
    Lord Leygood(629) took 20 damage as DOT.
    Jaremy Rykker(334) hit Lord Leygood(609) 106.
    Lord Leygood(503) hit Jaremy Rykker(334) 136.
    ****
    Jaremy Rykker(198) took 60 damage as DOT.
    Lord Leygood(503) took 40 damage as DOT.
    Jaremy Rykker(138) hit Lord Leygood(463) 106.
    Lord Leygood(357) hit Jaremy Rykker(138) 136.
    ****
    Jaremy Rykker(2) took 90 damage as DOT.
    Lord Leygood(357) took 60 damage as DOT.
    Jaremy Rykker(-88) hit Lord Leygood(297) 106.
    Lord Leygood(191) hit Jaremy Rykker(-88) 136.
    ****
    Lord Leygood(191) has won.
  Duel between House Baratheon(50) -WHI- and House Lannister(55) -WHI- has begun.
    Aerys II Targaryen(675) hit Loras Tyrell(735) 140.
    Loras Tyrell(595) hit Aerys II Targaryen(675) 155.
    ****
    Aerys II Targaryen(520) took 30 damage as DOT.
    Loras Tyrell(595) took 30 damage as DOT.
    Aerys II Targaryen(490) hit Loras Tyrell(565) 140.
    Loras Tyrell(425) hit Aerys II Targaryen(490) 155.
    ****
    Aerys II Targaryen(335) took 60 damage as DOT.
    Loras Tyrell(425) took 60 damage as DOT.
    Aerys II Targaryen(275) hit Loras Tyrell(365) 140.
    Loras Tyrell(225) hit Aerys II Targaryen(275) 155.
    ****
    Aerys II Targaryen(120) took 90 damage as DOT.
    Loras Tyrell(225) took 90 damage as DOT.
    Aerys II Targaryen(30) hit Loras Tyrell(135) 140.
    Loras Tyrell(-5) hit Aerys II Targaryen(30) 155.
    ****
    Both of them are dead. A draw.
  The Crownlands got 1 house points. The Reach got 6 house points.

The winner is: The Reach with currently 2 kingdom points.
---------------
---------------
Duel 8: The Vale of Arryn vs Dorne
  Duel between Tolletts(18) -WIL- and Ullers(36) -WIL- has begun.
    Eddison Tollett(425) hit Mantral Uller(505) 128.
    Mantral Uller(377) hit Eddison Tollett(425) 191.
    ****
    Eddison Tollett(234) took 25 damage as DOT.
    Mantral Uller(377) took 25 damage as DOT.
    Eddison Tollett(209) hit Mantral Uller(352) 128.
    Mantral Uller(224) hit Eddison Tollett(209) 191.
    ****
    Eddison Tollett(18) took 50 damage as DOT.
    Mantral Uller(224) took 50 damage as DOT.
    Eddison Tollett(-32) hit Mantral Uller(174) 128.
    Mantral Uller(46) hit Eddison Tollett(-32) 191.
    ****
    Mantral Uller(46) has won.
  Duel between Moores(33) -WHI- and Daynes(31) -WHI- has begun.
    Mandon Moore(650) hit Beric Dayne(630) 123.
    Beric Dayne(507) hit Mandon Moore(650) 161.
    ****
    Mandon Moore(489) took 30 damage as DOT.
    Beric Dayne(507) took 30 damage as DOT.
    Mandon Moore(459) hit Beric Dayne(477) 123.
    Beric Dayne(354) hit Mandon Moore(459) 161.
    ****
    Mandon Moore(298) took 60 damage as DOT.
    Beric Dayne(354) took 60 damage as DOT.
    Mandon Moore(238) hit Beric Dayne(294) 123.
    Beric Dayne(171) hit Mandon Moore(238) 161.
    ****
    Mandon Moore(77) took 90 damage as DOT.
    Beric Dayne(171) took 90 damage as DOT.
    Mandon Moore(-13) hit Beric Dayne(81) 123.
    Beric Dayne(-42) hit Mandon Moore(-13) 161.
    ****
    Both of them are dead. A draw.
  Duel between Egens(18) -WIZ- and Yronwoods(48) -WHI- has begun.
    Vardis Egen(475) hit Edgar Yronwood(655) 113.
    Edgar Yronwood(542) hit Vardis Egen(475) 178.
    ****
    Vardis Egen(297) took 30 damage as DOT.
    Edgar Yronwood(542) took 20 damage as DOT.
    Vardis Egen(267) hit Edgar Yronwood(522) 113.
    Edgar Yronwood(409) hit Vardis Egen(267) 178.
    ****
    Vardis Egen(89) took 60 damage as DOT.
    Edgar Yronwood(409) took 40 damage as DOT.
    Vardis Egen(29) hit Edgar Yronwood(369) 113.
    Edgar Yronwood(256) hit Vardis Egen(29) 178.
    ****
    Edgar Yronwood(256) has won.
  Duel between Tolletts(15) -WIL- and Daynes(31) -WHI- has begun.
    Eddison Tollett(425) hit Beric Dayne(630) 125.
    Beric Dayne(505) hit Eddison Tollett(425) 161.
    ****
    Eddison Tollett(264) took 30 damage as DOT.
    Beric Dayne(505) took 25 damage as DOT.
    Eddison Tollett(234) hit Beric Dayne(480) 125.
    Beric Dayne(355) hit Eddison Tollett(234) 161.
    ****
    Eddison Tollett(73) took 60 damage as DOT.
    Beric Dayne(355) took 50 damage as DOT.
    Eddison Tollett(13) hit Beric Dayne(305) 125.
    Beric Dayne(180) hit Eddison Tollett(13) 161.
    ****
    Beric Dayne(180) has won.
  Duel between Moores(33) -WHI- and Yronwoods(51) -WHI- has begun.
    Mandon Moore(650) hit Edgar Yronwood(655) 123.
    Edgar Yronwood(532) hit Mandon Moore(650) 181.
    ****
    Mandon Moore(469) took 30 damage as DOT.
    Edgar Yronwood(532) took 30 damage as DOT.
    Mandon Moore(439) hit Edgar Yronwood(502) 123.
    Edgar Yronwood(379) hit Mandon Moore(439) 181.
    ****
    Mandon Moore(258) took 60 damage as DOT.
    Edgar Yronwood(379) took 60 damage as DOT.
    Mandon Moore(198) hit Edgar Yronwood(319) 123.
    Edgar Yronwood(196) hit Mandon Moore(198) 181.
    ****
    Mandon Moore(17) took 90 damage as DOT.
    Edgar Yronwood(196) took 90 damage as DOT.
    Mandon Moore(-73) hit Edgar Yronwood(106) 123.
    Edgar Yronwood(-17) hit Mandon Moore(-73) 181.
    ****
    Both of them are dead. A draw.
  Duel between Egens(15) -WIZ- and Ullers(39) -WIL- has begun.
    Vardis Egen(475) hit Mantral Uller(505) 110.
    Mantral Uller(395) hit Vardis Egen(475) 194.
    ****
    Vardis Egen(281) took 25 damage as DOT.
    Mantral Uller(395) took 20 damage as DOT.
    Vardis Egen(256) hit Mantral Uller(375) 110.
    Mantral Uller(265) hit Vardis Egen(256) 194.
    ****
    Vardis Egen(62) took 50 damage as DOT.
    Mantral Uller(265) took 40 damage as DOT.
    Vardis Egen(12) hit Mantral Uller(225) 110.
    Mantral Uller(115) hit Vardis Egen(12) 194.
    ****
    Mantral Uller(115) has won.
  Duel between Tolletts(12) -WIL- and Yronwoods(51) -WHI- has begun.
    Eddison Tollett(425) hit Edgar Yronwood(655) 122.
    Edgar Yronwood(533) hit Eddison Tollett(425) 181.
    ****
    Eddison Tollett(244) took 30 damage as DOT.
    Edgar Yronwood(533) took 25 damage as DOT.
    Eddison Tollett(214) hit Edgar Yronwood(508) 122.
    Edgar Yronwood(386) hit Eddison Tollett(214) 181.
    ****
    Eddison Tollett(33) took 60 damage as DOT.
    Edgar Yronwood(386) took 50 damage as DOT.
    Eddison Tollett(-27) hit Edgar Yronwood(336) 122.
    Edgar Yronwood(214) hit Eddison Tollett(-27) 181.
    ****
    Edgar Yronwood(214) has won.
  Duel between Moores(33) -WHI- and Ullers(42) -WIL- has begun.
    Mandon Moore(650) hit Mantral Uller(505) 123.
    Mantral Uller(382) hit Mandon Moore(650) 197.
    ****
    Mandon Moore(453) took 25 damage as DOT.
    Mantral Uller(382) took 30 damage as DOT.
    Mandon Moore(428) hit Mantral Uller(352) 123.
    Mantral Uller(229) hit Mandon Moore(428) 197.
    ****
    Mandon Moore(231) took 50 damage as DOT.
    Mantral Uller(229) took 60 damage as DOT.
    Mandon Moore(181) hit Mantral Uller(169) 123.
    Mantral Uller(46) hit Mandon Moore(181) 197.
    ****
    Mantral Uller(46) has won.
  Duel between Egens(12) -WIZ- and Daynes(34) -WHI- has begun.
    Vardis Egen(475) hit Beric Dayne(630) 107.
    Beric Dayne(523) hit Vardis Egen(475) 164.
    ****
    Vardis Egen(311) took 30 damage as DOT.
    Beric Dayne(523) took 20 damage as DOT.
    Vardis Egen(281) hit Beric Dayne(503) 107.
    Beric Dayne(396) hit Vardis Egen(281) 164.
    ****
    Vardis Egen(117) took 60 damage as DOT.
    Beric Dayne(396) took 40 damage as DOT.
    Vardis Egen(57) hit Beric Dayne(356) 107.
    Beric Dayne(249) hit Vardis Egen(57) 164.
    ****
    Beric Dayne(249) has won.
  Duel between House Arryn(50) -WHI- and House Martell(45) -WIL- has begun.
    Robin Arryn(650) hit Elia Sand(505) 140.
    Elia Sand(365) hit Robin Arryn(650) 195.
    ****
    Robin Arryn(455) took 25 damage as DOT.
    Elia Sand(365) took 30 damage as DOT.
    Robin Arryn(430) hit Elia Sand(335) 140.
    Elia Sand(195) hit Robin Arryn(430) 195.
    ****
    Robin Arryn(235) took 50 damage as DOT.
    Elia Sand(195) took 60 damage as DOT.
    Robin Arryn(185) hit Elia Sand(135) 140.
    Elia Sand(-5) hit Robin Arryn(185) 195.
    ****
    Both of them are dead. A draw.
  The Vale of Arryn got 0 house points. Dorne got 7 house points.

The winner is: Dorne with currently 4 kingdom points.
---------------
---------------
Duel 9: The Iron Islands vs The Reach
  Duel between Botleys(36) -WIZ- and Ashfords(18) -WIZ- has begun.
    Sawane Botley(540) hit Lord Ashford(510) 156.
    Lord Ashford(354) hit Sawane Botley(540) 123.
    ****
    Sawane Botley(417) took 20 damage as DOT.
    Lord Ashford(354) took 20 damage as DOT.
    Sawane Botley(397) hit Lord Ashford(334) 156.
    Lord Ashford(178) hit Sawane Botley(397) 123.
    ****
    Sawane Botley(274) took 40 damage as DOT.
    Lord Ashford(178) took 40 damage as DOT.
    Sawane Botley(234) hit Lord Ashford(138) 156.
    Lord Ashford(-18) hit Sawane Botley(234) 123.
    ****
    Sawane Botley(111) has won.
  Duel between Sparrs(51) -WHI- and Leygoods(39) -WHI- has begun.
    Lord Sparr(715) hit Lord Leygood(735) 171.
    Lord Leygood(564) hit Lord Sparr(715) 139.
    ****
    Lord Sparr(576) took 30 damage as DOT.
    Lord Leygood(564) took 30 damage as DOT.
    Lord Sparr(546) hit Lord Leygood(534) 171.
    Lord Leygood(363) hit Lord Sparr(546) 139.
    ****
    Lord Sparr(407) took 60 damage as DOT.
    Lord Leygood(363) took 60 damage as DOT.
    Lord Sparr(347) hit Lord Leygood(303) 171.
    Lord Leygood(132) hit Lord Sparr(347) 139.
    ****
    Lord Sparr(208) took 90 damage as DOT.
    Lord Leygood(132) took 90 damage as DOT.
    Lord Sparr(118) hit Lord Leygood(42) 171.
    Lord Leygood(-129) hit Lord Sparr(118) 139.
    ****
    Both of them are dead. A draw.
  Duel between Harlaws(36) -WIL- and Hightowers(39) -WHI- has begun.
    Alannys Harlaw(540) hit Leyton Hightower(660) 181.
    Leyton Hightower(479) hit Alannys Harlaw(540) 139.
    ****
    Alannys Harlaw(401) took 30 damage as DOT.
    Leyton Hightower(479) took 25 damage as DOT.
    Alannys Harlaw(371) hit Leyton Hightower(454) 181.
    Leyton Hightower(273) hit Alannys Harlaw(371) 139.
    ****
    Alannys Harlaw(232) took 60 damage as DOT.
    Leyton Hightower(273) took 50 damage as DOT.
    Alannys Harlaw(172) hit Leyton Hightower(223) 181.
    Leyton Hightower(42) hit Alannys Harlaw(172) 139.
    ****
    Alannys Harlaw(33) took 90 damage as DOT.
    Leyton Hightower(42) took 75 damage as DOT.
    Alannys Harlaw(-57) hit Leyton Hightower(-33) 181.
    Leyton Hightower(-214) hit Alannys Harlaw(-57) 139.
    ****
    Both of them are dead. A draw.
  Duel between Botleys(39) -WIZ- and Leygoods(39) -WHI- has begun.
    Sawane Botley(540) hit Lord Leygood(735) 159.
    Lord Leygood(576) hit Sawane Botley(540) 139.
    ****
    Sawane Botley(401) took 30 damage as DOT.
    Lord Leygood(576) took 20 damage as DOT.
    Sawane Botley(371) hit Lord Leygood(556) 159.
    Lord Leygood(397) hit Sawane Botley(371) 139.
    ****
    Sawane Botley(232) took 60 damage as DOT.
    Lord Leygood(397) took 40 damage as DOT.
    Sawane Botley(172) hit Lord Leygood(357) 159.
    Lord Leygood(198) hit Sawane Botley(172) 139.
    ****
    Sawane Botley(33) took 90 damage as DOT.
    Lord Leygood(198) took 60 damage as DOT.
    Sawane Botley(-57) hit Lord Leygood(138) 159.
    Lord Leygood(-21) hit Sawane Botley(-57) 139.
    ****
    Both of them are dead. A draw.
  Duel between Sparrs(51) -WHI- and Hightowers(39) -WHI- has begun.
    Lord Sparr(715) hit Leyton Hightower(660) 171.
    Leyton Hightower(489) hit Lord Sparr(715) 139.
    ****
    Lord Sparr(576) took 30 damage as DOT.
    Leyton Hightower(489) took 30 damage as DOT.
    Lord Sparr(546) hit Leyton Hightower(459) 171.
    Leyton Hightower(288) hit Lord Sparr(546) 139.
    ****
    Lord Sparr(407) took 60 damage as DOT.
    Leyton Hightower(288) took 60 damage as DOT.
    Lord Sparr(347) hit Leyton Hightower(228) 171.
    Leyton Hightower(57) hit Lord Sparr(347) 139.
    ****
    Lord Sparr(208) took 90 damage as DOT.
    Leyton Hightower(57) took 90 damage as DOT.
    Lord Sparr(118) hit Leyton Hightower(-33) 171.
    Leyton Hightower(-204) hit Lord Sparr(118) 139.
    ****
    Both of them are dead. A draw.
  Duel between Harlaws(36) -WIL- and Ashfords(15) -WIZ- has begun.
    Alannys Harlaw(540) hit Lord Ashford(510) 181.
    Lord Ashford(329) hit Alannys Harlaw(540) 120.
    ****
    Alannys Harlaw(420) took 20 damage as DOT.
    Lord Ashford(329) took 25 damage as DOT.
    Alannys Harlaw(400) hit Lord Ashford(304) 181.
    Lord Ashford(123) hit Alannys Harlaw(400) 120.
    ****
    Alannys Harlaw(280) took 40 damage as DOT.
    Lord Ashford(123) took 50 damage as DOT.
    Alannys Harlaw(240) hit Lord Ashford(73) 181.
    Lord Ashford(-108) hit Alannys Harlaw(240) 120.
    ****
    Alannys Harlaw(120) has won.
  Duel between Botleys(39) -WIZ- and Hightowers(39) -WHI- has begun.
    Sawane Botley(540) hit Leyton Hightower(660) 159.
    Leyton Hightower(501) hit Sawane Botley(540) 139.
    ****
    Sawane Botley(401) took 30 damage as DOT.
    Leyton Hightower(501) took 20 damage as DOT.
    Sawane Botley(371) hit Leyton Hightower(481) 159.
    Leyton Hightower(322) hit Sawane Botley(371) 139.
    ****
    Sawane Botley(232) took 60 damage as DOT.
    Leyton Hightower(322) took 40 damage as DOT.
    Sawane Botley(172) hit Leyton Hightower(282) 159.
    Leyton Hightower(123) hit Sawane Botley(172) 139.
    ****
    Sawane Botley(33) took 90 damage as DOT.
    Leyton Hightower(123) took 60 damage as DOT.
    Sawane Botley(-57) hit Leyton Hightower(63) 159.
    Leyton Hightower(-96) hit Sawane Botley(-57) 139.
    ****
    Both of them are dead. A draw.
  Duel between Sparrs(51) -WHI- and Ashfords(12) -WIZ- has begun.
    Lord Sparr(715) hit Lord Ashford(510) 171.
    Lord Ashford(339) hit Lord Sparr(715) 117.
    ****
    Lord Sparr(598) took 20 damage as DOT.
    Lord Ashford(339) took 30 damage as DOT.
    Lord Sparr(578) hit Lord Ashford(309) 171.
    Lord Ashford(138) hit Lord Sparr(578) 117.
    ****
    Lord Sparr(461) took 40 damage as DOT.
    Lord Ashford(138) took 60 damage as DOT.
    Lord Sparr(421) hit Lord Ashford(78) 171.
    Lord Ashford(-93) hit Lord Sparr(421) 117.
    ****
    Lord Sparr(304) has won.
  Duel between Harlaws(39) -WIL- and Leygoods(39) -WHI- has begun.
    Alannys Harlaw(540) hit Lord Leygood(735) 184.
    Lord Leygood(551) hit Alannys Harlaw(540) 139.
    ****
    Alannys Harlaw(401) took 30 damage as DOT.
    Lord Leygood(551) took 25 damage as DOT.
    Alannys Harlaw(371) hit Lord Leygood(526) 184.
    Lord Leygood(342) hit Alannys Harlaw(371) 139.
    ****
    Alannys Harlaw(232) took 60 damage as DOT.
    Lord Leygood(342) took 50 damage as DOT.
    Alannys Harlaw(172) hit Lord Leygood(292) 184.
    Lord Leygood(108) hit Alannys Harlaw(172) 139.
    ****
    Alannys Harlaw(33) took 90 damage as DOT.
    Lord Leygood(108) took 75 damage as DOT.
    Alannys Harlaw(-57) hit Lord Leygood(33) 184.
    Lord Leygood(-151) hit Alannys Harlaw(-57) 139.
    ****
    Both of them are dead. A draw.
  Duel between House Greyjoy(50) -WIZ- and House Lannister(55) -WHI- has begun.
    Rodrik Greyjoy(565) hit Loras Tyrell(735) 165.
    Loras Tyrell(570) hit Rodrik Greyjoy(565) 155.
    ****
    Rodrik Greyjoy(410) took 30 damage as DOT.
    Loras Tyrell(570) took 20 damage as DOT.
    Rodrik Greyjoy(380) hit Loras Tyrell(550) 165.
    Loras Tyrell(385) hit Rodrik Greyjoy(380) 155.
    ****
    Rodrik Greyjoy(225) took 60 damage as DOT.
    Loras Tyrell(385) took 40 damage as DOT.
    Rodrik Greyjoy(165) hit Loras Tyrell(345) 165.
    Loras Tyrell(180) hit Rodrik Greyjoy(165) 155.
    ****
    Rodrik Greyjoy(10) took 90 damage as DOT.
    Loras Tyrell(180) took 60 damage as DOT.
    Rodrik Greyjoy(-80) hit Loras Tyrell(120) 165.
    Loras Tyrell(-45) hit Rodrik Greyjoy(-80) 155.
    ****
    Both of them are dead. A draw.
  The Iron Islands got 3 house points. The Reach got 0 house points.

The winner is: The Iron Islands with currently 3 kingdom points.
---------------
---------------
Duel 10: The Vale of Arryn vs The Reach
  Duel between Tolletts(9) -WIL- and Ashfords(9) -WIZ- has begun.
    Eddison Tollett(425) hit Lord Ashford(510) 119.
    Lord Ashford(391) hit Eddison Tollett(425) 114.
    ****
    Eddison Tollett(311) took 20 damage as DOT.
    Lord Ashford(391) took 25 damage as DOT.
    Eddison Tollett(291) hit Lord Ashford(366) 119.
    Lord Ashford(247) hit Eddison Tollett(291) 114.
    ****
    Eddison Tollett(177) took 40 damage as DOT.
    Lord Ashford(247) took 50 damage as DOT.
    Eddison Tollett(137) hit Lord Ashford(197) 119.
    Lord Ashford(78) hit Eddison Tollett(137) 114.
    ****
    Eddison Tollett(23) took 60 damage as DOT.
    Lord Ashford(78) took 75 damage as DOT.
    Eddison Tollett(-37) hit Lord Ashford(3) 119.
    Lord Ashford(-116) hit Eddison Tollett(-37) 114.
    ****
    Both of them are dead. A draw.
  Duel between Moores(30) -WHI- and Leygoods(39) -WHI- has begun.
    Mandon Moore(650) hit Lord Leygood(735) 120.
    Lord Leygood(615) hit Mandon Moore(650) 139.
    ****
    Mandon Moore(511) took 30 damage as DOT.
    Lord Leygood(615) took 30 damage as DOT.
    Mandon Moore(481) hit Lord Leygood(585) 120.
    Lord Leygood(465) hit Mandon Moore(481) 139.
    ****
    Mandon Moore(342) took 60 damage as DOT.
    Lord Leygood(465) took 60 damage as DOT.
    Mandon Moore(282) hit Lord Leygood(405) 120.
    Lord Leygood(285) hit Mandon Moore(282) 139.
    ****
    Mandon Moore(143) took 90 damage as DOT.
    Lord Leygood(285) took 90 damage as DOT.
    Mandon Moore(53) hit Lord Leygood(195) 120.
    Lord Leygood(75) hit Mandon Moore(53) 139.
    ****
    Lord Leygood(75) has won.
  Duel between Egens(9) -WIZ- and Hightowers(39) -WHI- has begun.
    Vardis Egen(475) hit Leyton Hightower(660) 104.
    Leyton Hightower(556) hit Vardis Egen(475) 139.
    ****
    Vardis Egen(336) took 30 damage as DOT.
    Leyton Hightower(556) took 20 damage as DOT.
    Vardis Egen(306) hit Leyton Hightower(536) 104.
    Leyton Hightower(432) hit Vardis Egen(306) 139.
    ****
    Vardis Egen(167) took 60 damage as DOT.
    Leyton Hightower(432) took 40 damage as DOT.
    Vardis Egen(107) hit Leyton Hightower(392) 104.
    Leyton Hightower(288) hit Vardis Egen(107) 139.
    ****
    Leyton Hightower(288) has won.
  Duel between Tolletts(9) -WIL- and Leygoods(42) -WHI- has begun.
    Eddison Tollett(425) hit Lord Leygood(735) 119.
    Lord Leygood(616) hit Eddison Tollett(425) 142.
    ****
    Eddison Tollett(283) took 30 damage as DOT.
    Lord Leygood(616) took 25 damage as DOT.
    Eddison Tollett(253) hit Lord Leygood(591) 119.
    Lord Leygood(472) hit Eddison Tollett(253) 142.
    ****
    Eddison Tollett(111) took 60 damage as DOT.
    Lord Leygood(472) took 50 damage as DOT.
    Eddison Tollett(51) hit Lord Leygood(422) 119.
    Lord Leygood(303) hit Eddison Tollett(51) 142.
    ****
    Lord Leygood(303) has won.
  Duel between Moores(27) -WHI- and Hightowers(42) -WHI- has begun.
    Mandon Moore(650) hit Leyton Hightower(660) 117.
    Leyton Hightower(543) hit Mandon Moore(650) 142.
    ****
    Mandon Moore(508) took 30 damage as DOT.
    Leyton Hightower(543) took 30 damage as DOT.
    Mandon Moore(478) hit Leyton Hightower(513) 117.
    Leyton Hightower(396) hit Mandon Moore(478) 142.
    ****
    Mandon Moore(336) took 60 damage as DOT.
    Leyton Hightower(396) took 60 damage as DOT.
    Mandon Moore(276) hit Leyton Hightower(336) 117.
    Leyton Hightower(219) hit Mandon Moore(276) 142.
    ****
    Mandon Moore(134) took 90 damage as DOT.
    Leyton Hightower(219) took 90 damage as DOT.
    Mandon Moore(44) hit Leyton Hightower(129) 117.
    Leyton Hightower(12) hit Mandon Moore(44) 142.
    ****
    Leyton Hightower(12) has won.
  Duel between Egens(6) -WIZ- and Ashfords(9) -WIZ- has begun.
    Vardis Egen(475) hit Lord Ashford(510) 101.
    Lord Ashford(409) hit Vardis Egen(475) 114.
    ****
    Vardis Egen(361) took 20 damage as DOT.
    Lord Ashford(409) took 20 damage as DOT.
    Vardis Egen(341) hit Lord Ashford(389) 101.
    Lord Ashford(288) hit Vardis Egen(341) 114.
    ****
    Vardis Egen(227) took 40 damage as DOT.
    Lord Ashford(288) took 40 damage as DOT.
    Vardis Egen(187) hit Lord Ashford(248) 101.
    Lord Ashford(147) hit Vardis Egen(187) 114.
    ****
    Vardis Egen(73) took 60 damage as DOT.
    Lord Ashford(147) took 60 damage as DOT.
    Vardis Egen(13) hit Lord Ashford(87) 101.
    Lord Ashford(-14) hit Vardis Egen(13) 114.
    ****
    Both of them are dead. A draw.
  Duel between Tolletts(6) -WIL- and Hightowers(45) -WHI- has begun.
    Eddison Tollett(425) hit Leyton Hightower(660) 116.
    Leyton Hightower(544) hit Eddison Tollett(425) 145.
    ****
    Eddison Tollett(280) took 30 damage as DOT.
    Leyton Hightower(544) took 25 damage as DOT.
    Eddison Tollett(250) hit Leyton Hightower(519) 116.
    Leyton Hightower(403) hit Eddison Tollett(250) 145.
    ****
    Eddison Tollett(105) took 60 damage as DOT.
    Leyton Hightower(403) took 50 damage as DOT.
    Eddison Tollett(45) hit Leyton Hightower(353) 116.
    Leyton Hightower(237) hit Eddison Tollett(45) 145.
    ****
    Leyton Hightower(237) has won.
  Duel between Moores(24) -WHI- and Ashfords(9) -WIZ- has begun.
    Mandon Moore(650) hit Lord Ashford(510) 114.
    Lord Ashford(396) hit Mandon Moore(650) 114.
    ****
    Mandon Moore(536) took 20 damage as DOT.
    Lord Ashford(396) took 30 damage as DOT.
    Mandon Moore(516) hit Lord Ashford(366) 114.
    Lord Ashford(252) hit Mandon Moore(516) 114.
    ****
    Mandon Moore(402) took 40 damage as DOT.
    Lord Ashford(252) took 60 damage as DOT.
    Mandon Moore(362) hit Lord Ashford(192) 114.
    Lord Ashford(78) hit Mandon Moore(362) 114.
    ****
    Mandon Moore(248) took 60 damage as DOT.
    Lord Ashford(78) took 90 damage as DOT.
    Mandon Moore(188) hit Lord Ashford(-12) 114.
    Lord Ashford(-126) hit Mandon Moore(188) 114.
    ****
    Mandon Moore(74) has won.
  Duel between Egens(6) -WIZ- and Leygoods(45) -WHI- has begun.
    Vardis Egen(475) hit Lord Leygood(735) 101.
    Lord Leygood(634) hit Vardis Egen(475) 145.
    ****
    Vardis Egen(330) took 30 damage as DOT.
    Lord Leygood(634) took 20 damage as DOT.
    Vardis Egen(300) hit Lord Leygood(614) 101.
    Lord Leygood(513) hit Vardis Egen(300) 145.
    ****
    Vardis Egen(155) took 60 damage as DOT.
    Lord Leygood(513) took 40 damage as DOT.
    Vardis Egen(95) hit Lord Leygood(473) 101.
    Lord Leygood(372) hit Vardis Egen(95) 145.
    ****
    Lord Leygood(372) has won.
  Duel between House Arryn(50) -WHI- and House Lannister(55) -WHI- has begun.
    Robin Arryn(650) hit Loras Tyrell(735) 140.
    Loras Tyrell(595) hit Robin Arryn(650) 155.
    ****
    Robin Arryn(495) took 30 damage as DOT.
    Loras Tyrell(595) took 30 damage as DOT.
    Robin Arryn(465) hit Loras Tyrell(565) 140.
    Loras Tyrell(425) hit Robin Arryn(465) 155.
    ****
    Robin Arryn(310) took 60 damage as DOT.
    Loras Tyrell(425) took 60 damage as DOT.
    Robin Arryn(250) hit Loras Tyrell(365) 140.
    Loras Tyrell(225) hit Robin Arryn(250) 155.
    ****
    Robin Arryn(95) took 90 damage as DOT.
    Loras Tyrell(225) took 90 damage as DOT.
    Robin Arryn(5) hit Loras Tyrell(135) 140.
    Loras Tyrell(-5) hit Robin Arryn(5) 155.
    ****
    Both of them are dead. A draw.
  The Vale of Arryn got 1 house points. The Reach got 6 house points.

The winner is: The Reach with currently 3 kingdom points.
---------------
The War is over. The new owner of King's Landing is Dorne with a total of 4 points.

