War has started with 2 kingdoms.
---------------
Duel 1: The Stormlands vs Dorne
  Duel between Errols(30) -WIL- and Daynes(30) -WIZ- has begun.
    Lord Errol(520) hit Beric Dayne(535) 190.
    Beric Dayne(345) hit Lord Errol(520) 135.
    ****
    Lord Errol(385) took 20 damage as DOT.
    Beric Dayne(345) took 25 damage as DOT.
    Lord Errol(365) hit Beric Dayne(320) 190.
    Beric Dayne(130) hit Lord Errol(365) 135.
    ****
    Lord Errol(230) took 40 damage as DOT.
    Beric Dayne(130) took 50 damage as DOT.
    Lord Errol(190) hit Beric Dayne(80) 190.
    Beric Dayne(-110) hit Lord Errol(190) 135.
    ****
    Lord Errol(55) has won.
  Duel between Musgoods(30) -WIL- and Yronwoods(30) -WHI- has begun.
    Lord Musgood(445) hit Edgar Yronwood(735) 195.
    Edgar Yronwood(540) hit Lord Musgood(445) 130.
    ****
    Lord Musgood(315) took 30 damage as DOT.
    Edgar Yronwood(540) took 25 damage as DOT.
    Lord Musgood(285) hit Edgar Yronwood(515) 195.
    Edgar Yronwood(320) hit Lord Musgood(285) 130.
    ****
    Lord Musgood(155) took 60 damage as DOT.
    Edgar Yronwood(320) took 50 damage as DOT.
    Lord Musgood(95) hit Edgar Yronwood(270) 195.
    Edgar Yronwood(75) hit Lord Musgood(95) 130.
    ****
    Edgar Yronwood(75) has won.
  Duel between Peaseburys(30) -WHI- and Ullers(30) -WHI- has begun.
    Lord Peasebury(695) hit Mantral Uller(710) 170.
    Mantral Uller(540) hit Lord Peasebury(695) 130.
    ****
    Lord Peasebury(565) took 30 damage as DOT.
    Mantral Uller(540) took 30 damage as DOT.
    Lord Peasebury(535) hit Mantral Uller(510) 170.
    Mantral Uller(340) hit Lord Peasebury(535) 130.
    ****
    Lord Peasebury(405) took 60 damage as DOT.
    Mantral Uller(340) took 60 damage as DOT.
    Lord Peasebury(345) hit Mantral Uller(280) 170.
    Mantral Uller(110) hit Lord Peasebury(345) 130.
    ****
    Lord Peasebury(215) took 90 damage as DOT.
    Mantral Uller(110) took 90 damage as DOT.
    Lord Peasebury(125) hit Mantral Uller(20) 170.
    Mantral Uller(-150) hit Lord Peasebury(125) 130.
    ****
    Both of them are dead. A draw.
  Duel between Errols(33) -WIL- and Yronwoods(33) -WHI- has begun.
    Lord Errol(520) hit Edgar Yronwood(735) 193.
    Edgar Yronwood(542) hit Lord Errol(520) 133.
    ****
    Lord Errol(387) took 30 damage as DOT.
    Edgar Yronwood(542) took 25 damage as DOT.
    Lord Errol(357) hit Edgar Yronwood(517) 193.
    Edgar Yronwood(324) hit Lord Errol(357) 133.
    ****
    Lord Errol(224) took 60 damage as DOT.
    Edgar Yronwood(324) took 50 damage as DOT.
    Lord Errol(164) hit Edgar Yronwood(274) 193.
    Edgar Yronwood(81) hit Lord Errol(164) 133.
    ****
    Lord Errol(31) took 90 damage as DOT.
    Edgar Yronwood(81) took 75 damage as DOT.
    Lord Errol(-59) hit Edgar Yronwood(6) 193.
    Edgar Yronwood(-187) hit Lord Errol(-59) 133.
    ****
    Both of them are dead. A draw.
  Duel between Musgoods(27) -WIL- and Ullers(30) -WHI- has begun.
    Lord Musgood(445) hit Mantral Uller(710) 192.
    Mantral Uller(518) hit Lord Musgood(445) 130.
    ****
    Lord Musgood(315) took 30 damage as DOT.
    Mantral Uller(518) took 25 damage as DOT.
    Lord Musgood(285) hit Mantral Uller(493) 192.
    Mantral Uller(301) hit Lord Musgood(285) 130.
    ****
    Lord Musgood(155) took 60 damage as DOT.
    Mantral Uller(301) took 50 damage as DOT.
    Lord Musgood(95) hit Mantral Uller(251) 192.
    Mantral Uller(59) hit Lord Musgood(95) 130.
    ****
    Mantral Uller(59) has won.
  Duel between Peaseburys(30) -WHI- and Daynes(27) -WIZ- has begun.
    Lord Peasebury(695) hit Beric Dayne(535) 170.
    Beric Dayne(365) hit Lord Peasebury(695) 132.
    ****
    Lord Peasebury(563) took 20 damage as DOT.
    Beric Dayne(365) took 30 damage as DOT.
    Lord Peasebury(543) hit Beric Dayne(335) 170.
    Beric Dayne(165) hit Lord Peasebury(543) 132.
    ****
    Lord Peasebury(411) took 40 damage as DOT.
    Beric Dayne(165) took 60 damage as DOT.
    Lord Peasebury(371) hit Beric Dayne(105) 170.
    Beric Dayne(-65) hit Lord Peasebury(371) 132.
    ****
    Lord Peasebury(239) has won.
  Duel between Errols(33) -WIL- and Ullers(33) -WHI- has begun.
    Lord Errol(520) hit Mantral Uller(710) 193.
    Mantral Uller(517) hit Lord Errol(520) 133.
    ****
    Lord Errol(387) took 30 damage as DOT.
    Mantral Uller(517) took 25 damage as DOT.
    Lord Errol(357) hit Mantral Uller(492) 193.
    Mantral Uller(299) hit Lord Errol(357) 133.
    ****
    Lord Errol(224) took 60 damage as DOT.
    Mantral Uller(299) took 50 damage as DOT.
    Lord Errol(164) hit Mantral Uller(249) 193.
    Mantral Uller(56) hit Lord Errol(164) 133.
    ****
    Lord Errol(31) took 90 damage as DOT.
    Mantral Uller(56) took 75 damage as DOT.
    Lord Errol(-59) hit Mantral Uller(-19) 193.
    Mantral Uller(-212) hit Lord Errol(-59) 133.
    ****
    Both of them are dead. A draw.
  Duel between Musgoods(24) -WIL- and Daynes(24) -WIZ- has begun.
    Lord Musgood(445) hit Beric Dayne(535) 189.
    Beric Dayne(346) hit Lord Musgood(445) 129.
    ****
    Lord Musgood(316) took 20 damage as DOT.
    Beric Dayne(346) took 25 damage as DOT.
    Lord Musgood(296) hit Beric Dayne(321) 189.
    Beric Dayne(132) hit Lord Musgood(296) 129.
    ****
    Lord Musgood(167) took 40 damage as DOT.
    Beric Dayne(132) took 50 damage as DOT.
    Lord Musgood(127) hit Beric Dayne(82) 189.
    Beric Dayne(-107) hit Lord Musgood(127) 129.
    ****
    Both of them are dead. A draw.
  Duel between Peaseburys(33) -WHI- and Yronwoods(33) -WHI- has begun.
    Lord Peasebury(695) hit Edgar Yronwood(735) 173.
    Edgar Yronwood(562) hit Lord Peasebury(695) 133.
    ****
    Lord Peasebury(562) took 30 damage as DOT.
    Edgar Yronwood(562) took 30 damage as DOT.
    Lord Peasebury(532) hit Edgar Yronwood(532) 173.
    Edgar Yronwood(359) hit Lord Peasebury(532) 133.
    ****
    Lord Peasebury(399) took 60 damage as DOT.
    Edgar Yronwood(359) took 60 damage as DOT.
    Lord Peasebury(339) hit Edgar Yronwood(299) 173.
    Edgar Yronwood(126) hit Lord Peasebury(339) 133.
    ****
    Lord Peasebury(206) took 90 damage as DOT.
    Edgar Yronwood(126) took 90 damage as DOT.
    Lord Peasebury(116) hit Edgar Yronwood(36) 173.
    Edgar Yronwood(-137) hit Lord Peasebury(116) 133.
    ****
    Both of them are dead. A draw.
  Duel between House Tyrell(50) -WIL- and House Martell(50) -WHI- has begun.
    Stannis Baratheon(445) hit Trystane Martell(660) 210.
    Trystane Martell(450) hit Stannis Baratheon(445) 150.
    ****
    Stannis Baratheon(295) took 30 damage as DOT.
    Trystane Martell(450) took 25 damage as DOT.
    Stannis Baratheon(265) hit Trystane Martell(425) 210.
    Trystane Martell(215) hit Stannis Baratheon(265) 150.
    ****
    Stannis Baratheon(115) took 60 damage as DOT.
    Trystane Martell(215) took 50 damage as DOT.
    Stannis Baratheon(55) hit Trystane Martell(165) 210.
    Trystane Martell(-45) hit Stannis Baratheon(55) 150.
    ****
    Both of them are dead. A draw.
  The Stormlands got 2 house points. Dorne got 2 house points.

A draw.
---------------
The War is over. The new owners of King's Landing are The Stormlands, and Dorne.

