War has started with 6 kingdoms.
---------------
Duel 1: Dorne vs The North
  Duel between Qorgyles(30) -WHI- and Dustins(30) -WIZ- has begun.
    Quentyn Qorgyle(605) hit Barbrey Ryswell(430) 210.
    Barbrey Ryswell(220) hit Quentyn Qorgyle(605) 220.
    ****
    Quentyn Qorgyle(385) took 20 damage as DOT.
    Barbrey Ryswell(220) took 30 damage as DOT.
    Quentyn Qorgyle(365) hit Barbrey Ryswell(190) 210.
    Barbrey Ryswell(-20) hit Quentyn Qorgyle(365) 220.
    ****
    Quentyn Qorgyle(145) has won.
  Duel between Jordaynes(30) -WIL- and Mormonts(30) -WHI- has begun.
    Trebor Jordayne(480) hit Jeor Mormont(655) 230.
    Jeor Mormont(425) hit Trebor Jordayne(480) 210.
    ****
    Trebor Jordayne(270) took 30 damage as DOT.
    Jeor Mormont(425) took 25 damage as DOT.
    Trebor Jordayne(240) hit Jeor Mormont(400) 230.
    Jeor Mormont(170) hit Trebor Jordayne(240) 210.
    ****
    Trebor Jordayne(30) took 60 damage as DOT.
    Jeor Mormont(170) took 50 damage as DOT.
    Trebor Jordayne(-30) hit Jeor Mormont(120) 230.
    Jeor Mormont(-110) hit Trebor Jordayne(-30) 210.
    ****
    Both of them are dead. A draw.
  Duel between Ullers(30) -WIL- and Karstarks(30) -WHI- has begun.
    Mantral Uller(430) hit Rickard Karstark(580) 235.
    Rickard Karstark(345) hit Mantral Uller(430) 210.
    ****
    Mantral Uller(220) took 30 damage as DOT.
    Rickard Karstark(345) took 25 damage as DOT.
    Mantral Uller(190) hit Rickard Karstark(320) 235.
    Rickard Karstark(85) hit Mantral Uller(190) 210.
    ****
    Rickard Karstark(85) has won.
  Duel between Qorgyles(33) -WHI- and Mormonts(30) -WHI- has begun.
    Quentyn Qorgyle(605) hit Jeor Mormont(655) 213.
    Jeor Mormont(442) hit Quentyn Qorgyle(605) 210.
    ****
    Quentyn Qorgyle(395) took 30 damage as DOT.
    Jeor Mormont(442) took 30 damage as DOT.
    Quentyn Qorgyle(365) hit Jeor Mormont(412) 213.
    Jeor Mormont(199) hit Quentyn Qorgyle(365) 210.
    ****
    Quentyn Qorgyle(155) took 60 damage as DOT.
    Jeor Mormont(199) took 60 damage as DOT.
    Quentyn Qorgyle(95) hit Jeor Mormont(139) 213.
    Jeor Mormont(-74) hit Quentyn Qorgyle(95) 210.
    ****
    Both of them are dead. A draw.
  Duel between Jordaynes(30) -WIL- and Karstarks(33) -WHI- has begun.
    Trebor Jordayne(480) hit Rickard Karstark(580) 230.
    Rickard Karstark(350) hit Trebor Jordayne(480) 213.
    ****
    Trebor Jordayne(267) took 30 damage as DOT.
    Rickard Karstark(350) took 25 damage as DOT.
    Trebor Jordayne(237) hit Rickard Karstark(325) 230.
    Rickard Karstark(95) hit Trebor Jordayne(237) 213.
    ****
    Trebor Jordayne(24) took 60 damage as DOT.
    Rickard Karstark(95) took 50 damage as DOT.
    Trebor Jordayne(-36) hit Rickard Karstark(45) 230.
    Rickard Karstark(-185) hit Trebor Jordayne(-36) 213.
    ****
    Both of them are dead. A draw.
  Duel between Ullers(27) -WIL- and Dustins(27) -WIZ- has begun.
    Mantral Uller(430) hit Barbrey Ryswell(430) 232.
    Barbrey Ryswell(198) hit Mantral Uller(430) 217.
    ****
    Mantral Uller(213) took 20 damage as DOT.
    Barbrey Ryswell(198) took 25 damage as DOT.
    Mantral Uller(193) hit Barbrey Ryswell(173) 232.
    Barbrey Ryswell(-59) hit Mantral Uller(193) 217.
    ****
    Both of them are dead. A draw.
  Duel between Qorgyles(33) -WHI- and Karstarks(33) -WHI- has begun.
    Quentyn Qorgyle(605) hit Rickard Karstark(580) 213.
    Rickard Karstark(367) hit Quentyn Qorgyle(605) 213.
    ****
    Quentyn Qorgyle(392) took 30 damage as DOT.
    Rickard Karstark(367) took 30 damage as DOT.
    Quentyn Qorgyle(362) hit Rickard Karstark(337) 213.
    Rickard Karstark(124) hit Quentyn Qorgyle(362) 213.
    ****
    Quentyn Qorgyle(149) took 60 damage as DOT.
    Rickard Karstark(124) took 60 damage as DOT.
    Quentyn Qorgyle(89) hit Rickard Karstark(64) 213.
    Rickard Karstark(-149) hit Quentyn Qorgyle(89) 213.
    ****
    Both of them are dead. A draw.
  Duel between Jordaynes(30) -WIL- and Dustins(27) -WIZ- has begun.
    Trebor Jordayne(480) hit Barbrey Ryswell(430) 230.
    Barbrey Ryswell(200) hit Trebor Jordayne(480) 217.
    ****
    Trebor Jordayne(263) took 20 damage as DOT.
    Barbrey Ryswell(200) took 25 damage as DOT.
    Trebor Jordayne(243) hit Barbrey Ryswell(175) 230.
    Barbrey Ryswell(-55) hit Trebor Jordayne(243) 217.
    ****
    Trebor Jordayne(26) has won.
  Duel between Ullers(27) -WIL- and Mormonts(30) -WHI- has begun.
    Mantral Uller(430) hit Jeor Mormont(655) 232.
    Jeor Mormont(423) hit Mantral Uller(430) 210.
    ****
    Mantral Uller(220) took 30 damage as DOT.
    Jeor Mormont(423) took 25 damage as DOT.
    Mantral Uller(190) hit Jeor Mormont(398) 232.
    Jeor Mormont(166) hit Mantral Uller(190) 210.
    ****
    Jeor Mormont(166) has won.
  Duel between House Martell(50) -WHI- and House Stark(50) -WIZ- has begun.
    Oberyn Martell(580) hit Brandon Stark(480) 230.
    Brandon Stark(250) hit Oberyn Martell(580) 235.
    ****
    Oberyn Martell(345) took 20 damage as DOT.
    Brandon Stark(250) took 30 damage as DOT.
    Oberyn Martell(325) hit Brandon Stark(220) 230.
    Brandon Stark(-10) hit Oberyn Martell(325) 235.
    ****
    Oberyn Martell(90) has won.
  Dorne got 5 house points. The North got 2 house points.

The winner is: Dorne with currently 1 kingdom points.
---------------
---------------
Duel 2: The North vs The Stormlands
  Duel between Dustins(24) -WIZ- and Tarths(30) -WIL- has begun.
    Barbrey Ryswell(430) hit Brienne Tarth(485) 214.
    Brienne Tarth(271) hit Barbrey Ryswell(430) 150.
    ****
    Barbrey Ryswell(280) took 25 damage as DOT.
    Brienne Tarth(271) took 20 damage as DOT.
    Barbrey Ryswell(255) hit Brienne Tarth(251) 214.
    Brienne Tarth(37) hit Barbrey Ryswell(255) 150.
    ****
    Barbrey Ryswell(105) took 50 damage as DOT.
    Brienne Tarth(37) took 40 damage as DOT.
    Barbrey Ryswell(55) hit Brienne Tarth(-3) 214.
    Brienne Tarth(-217) hit Barbrey Ryswell(55) 150.
    ****
    Both of them are dead. A draw.
  Duel between Mormonts(33) -WHI- and Grandisons(30) -WIL- has begun.
    Jeor Mormont(655) hit Hugh Grandison(510) 213.
    Hugh Grandison(297) hit Jeor Mormont(655) 155.
    ****
    Jeor Mormont(500) took 25 damage as DOT.
    Hugh Grandison(297) took 30 damage as DOT.
    Jeor Mormont(475) hit Hugh Grandison(267) 213.
    Hugh Grandison(54) hit Jeor Mormont(475) 155.
    ****
    Jeor Mormont(320) took 50 damage as DOT.
    Hugh Grandison(54) took 60 damage as DOT.
    Jeor Mormont(270) hit Hugh Grandison(-6) 213.
    Hugh Grandison(-219) hit Jeor Mormont(270) 155.
    ****
    Jeor Mormont(115) has won.
  Duel between Karstarks(33) -WHI- and Wyldes(30) -WIL- has begun.
    Rickard Karstark(580) hit Williem Wylde(560) 213.
    Williem Wylde(347) hit Rickard Karstark(580) 155.
    ****
    Rickard Karstark(425) took 25 damage as DOT.
    Williem Wylde(347) took 30 damage as DOT.
    Rickard Karstark(400) hit Williem Wylde(317) 213.
    Williem Wylde(104) hit Rickard Karstark(400) 155.
    ****
    Rickard Karstark(245) took 50 damage as DOT.
    Williem Wylde(104) took 60 damage as DOT.
    Rickard Karstark(195) hit Williem Wylde(44) 213.
    Williem Wylde(-169) hit Rickard Karstark(195) 155.
    ****
    Rickard Karstark(40) has won.
  Duel between Dustins(24) -WIZ- and Grandisons(27) -WIL- has begun.
    Barbrey Ryswell(430) hit Hugh Grandison(510) 214.
    Hugh Grandison(296) hit Barbrey Ryswell(430) 152.
    ****
    Barbrey Ryswell(278) took 25 damage as DOT.
    Hugh Grandison(296) took 20 damage as DOT.
    Barbrey Ryswell(253) hit Hugh Grandison(276) 214.
    Hugh Grandison(62) hit Barbrey Ryswell(253) 152.
    ****
    Barbrey Ryswell(101) took 50 damage as DOT.
    Hugh Grandison(62) took 40 damage as DOT.
    Barbrey Ryswell(51) hit Hugh Grandison(22) 214.
    Hugh Grandison(-192) hit Barbrey Ryswell(51) 152.
    ****
    Both of them are dead. A draw.
  Duel between Mormonts(36) -WHI- and Wyldes(27) -WIL- has begun.
    Jeor Mormont(655) hit Williem Wylde(560) 216.
    Williem Wylde(344) hit Jeor Mormont(655) 152.
    ****
    Jeor Mormont(503) took 25 damage as DOT.
    Williem Wylde(344) took 30 damage as DOT.
    Jeor Mormont(478) hit Williem Wylde(314) 216.
    Williem Wylde(98) hit Jeor Mormont(478) 152.
    ****
    Jeor Mormont(326) took 50 damage as DOT.
    Williem Wylde(98) took 60 damage as DOT.
    Jeor Mormont(276) hit Williem Wylde(38) 216.
    Williem Wylde(-178) hit Jeor Mormont(276) 152.
    ****
    Jeor Mormont(124) has won.
  Duel between Karstarks(36) -WHI- and Tarths(30) -WIL- has begun.
    Rickard Karstark(580) hit Brienne Tarth(485) 216.
    Brienne Tarth(269) hit Rickard Karstark(580) 150.
    ****
    Rickard Karstark(430) took 25 damage as DOT.
    Brienne Tarth(269) took 30 damage as DOT.
    Rickard Karstark(405) hit Brienne Tarth(239) 216.
    Brienne Tarth(23) hit Rickard Karstark(405) 150.
    ****
    Rickard Karstark(255) took 50 damage as DOT.
    Brienne Tarth(23) took 60 damage as DOT.
    Rickard Karstark(205) hit Brienne Tarth(-37) 216.
    Brienne Tarth(-253) hit Rickard Karstark(205) 150.
    ****
    Rickard Karstark(55) has won.
  Duel between Dustins(24) -WIZ- and Wyldes(24) -WIL- has begun.
    Barbrey Ryswell(430) hit Williem Wylde(560) 214.
    Williem Wylde(346) hit Barbrey Ryswell(430) 149.
    ****
    Barbrey Ryswell(281) took 25 damage as DOT.
    Williem Wylde(346) took 20 damage as DOT.
    Barbrey Ryswell(256) hit Williem Wylde(326) 214.
    Williem Wylde(112) hit Barbrey Ryswell(256) 149.
    ****
    Barbrey Ryswell(107) took 50 damage as DOT.
    Williem Wylde(112) took 40 damage as DOT.
    Barbrey Ryswell(57) hit Williem Wylde(72) 214.
    Williem Wylde(-142) hit Barbrey Ryswell(57) 149.
    ****
    Both of them are dead. A draw.
  Duel between Mormonts(39) -WHI- and Tarths(27) -WIL- has begun.
    Jeor Mormont(655) hit Brienne Tarth(485) 219.
    Brienne Tarth(266) hit Jeor Mormont(655) 147.
    ****
    Jeor Mormont(508) took 25 damage as DOT.
    Brienne Tarth(266) took 30 damage as DOT.
    Jeor Mormont(483) hit Brienne Tarth(236) 219.
    Brienne Tarth(17) hit Jeor Mormont(483) 147.
    ****
    Jeor Mormont(336) took 50 damage as DOT.
    Brienne Tarth(17) took 60 damage as DOT.
    Jeor Mormont(286) hit Brienne Tarth(-43) 219.
    Brienne Tarth(-262) hit Jeor Mormont(286) 147.
    ****
    Jeor Mormont(139) has won.
  Duel between Karstarks(39) -WHI- and Grandisons(27) -WIL- has begun.
    Rickard Karstark(580) hit Hugh Grandison(510) 219.
    Hugh Grandison(291) hit Rickard Karstark(580) 152.
    ****
    Rickard Karstark(428) took 25 damage as DOT.
    Hugh Grandison(291) took 30 damage as DOT.
    Rickard Karstark(403) hit Hugh Grandison(261) 219.
    Hugh Grandison(42) hit Rickard Karstark(403) 152.
    ****
    Rickard Karstark(251) took 50 damage as DOT.
    Hugh Grandison(42) took 60 damage as DOT.
    Rickard Karstark(201) hit Hugh Grandison(-18) 219.
    Hugh Grandison(-237) hit Rickard Karstark(201) 152.
    ****
    Rickard Karstark(49) has won.
  Duel between House Stark(37) -WIZ- and House Tyrell(50) -WIL- has begun.
    Brandon Stark(480) hit Stannis Baratheon(535) 222.
    Stannis Baratheon(313) hit Brandon Stark(480) 170.
    ****
    Brandon Stark(310) took 25 damage as DOT.
    Stannis Baratheon(313) took 20 damage as DOT.
    Brandon Stark(285) hit Stannis Baratheon(293) 222.
    Stannis Baratheon(71) hit Brandon Stark(285) 170.
    ****
    Brandon Stark(115) took 50 damage as DOT.
    Stannis Baratheon(71) took 40 damage as DOT.
    Brandon Stark(65) hit Stannis Baratheon(31) 222.
    Stannis Baratheon(-191) hit Brandon Stark(65) 170.
    ****
    Both of them are dead. A draw.
  The North got 6 house points. The Stormlands got 0 house points.

The winner is: The North with currently 1 kingdom points.
---------------
---------------
Duel 3: The Stormlands vs The Vale of Arryn
  Duel between Tarths(24) -WIL- and Corbrays(30) -WIL- has begun.
    Brienne Tarth(485) hit Vance Corbray(535) 144.
    Vance Corbray(391) hit Brienne Tarth(485) 150.
    ****
    Brienne Tarth(335) took 25 damage as DOT.
    Vance Corbray(391) took 25 damage as DOT.
    Brienne Tarth(310) hit Vance Corbray(366) 144.
    Vance Corbray(222) hit Brienne Tarth(310) 150.
    ****
    Brienne Tarth(160) took 50 damage as DOT.
    Vance Corbray(222) took 50 damage as DOT.
    Brienne Tarth(110) hit Vance Corbray(172) 144.
    Vance Corbray(28) hit Brienne Tarth(110) 150.
    ****
    Vance Corbray(28) has won.
  Duel between Grandisons(24) -WIL- and Moores(30) -WIL- has begun.
    Hugh Grandison(510) hit Mandon Moore(560) 149.
    Mandon Moore(411) hit Hugh Grandison(510) 155.
    ****
    Hugh Grandison(355) took 25 damage as DOT.
    Mandon Moore(411) took 25 damage as DOT.
    Hugh Grandison(330) hit Mandon Moore(386) 149.
    Mandon Moore(237) hit Hugh Grandison(330) 155.
    ****
    Hugh Grandison(175) took 50 damage as DOT.
    Mandon Moore(237) took 50 damage as DOT.
    Hugh Grandison(125) hit Mandon Moore(187) 149.
    Mandon Moore(38) hit Hugh Grandison(125) 155.
    ****
    Mandon Moore(38) has won.
  Duel between Wyldes(24) -WIL- and Hunters(30) -WIZ- has begun.
    Williem Wylde(560) hit Eon Hunter(535) 149.
    Eon Hunter(386) hit Williem Wylde(560) 135.
    ****
    Williem Wylde(425) took 20 damage as DOT.
    Eon Hunter(386) took 25 damage as DOT.
    Williem Wylde(405) hit Eon Hunter(361) 149.
    Eon Hunter(212) hit Williem Wylde(405) 135.
    ****
    Williem Wylde(270) took 40 damage as DOT.
    Eon Hunter(212) took 50 damage as DOT.
    Williem Wylde(230) hit Eon Hunter(162) 149.
    Eon Hunter(13) hit Williem Wylde(230) 135.
    ****
    Williem Wylde(95) took 60 damage as DOT.
    Eon Hunter(13) took 75 damage as DOT.
    Williem Wylde(35) hit Eon Hunter(-62) 149.
    Eon Hunter(-211) hit Williem Wylde(35) 135.
    ****
    Both of them are dead. A draw.
  Duel between Tarths(21) -WIL- and Moores(33) -WIL- has begun.
    Brienne Tarth(485) hit Mandon Moore(560) 141.
    Mandon Moore(419) hit Brienne Tarth(485) 158.
    ****
    Brienne Tarth(327) took 25 damage as DOT.
    Mandon Moore(419) took 25 damage as DOT.
    Brienne Tarth(302) hit Mandon Moore(394) 141.
    Mandon Moore(253) hit Brienne Tarth(302) 158.
    ****
    Brienne Tarth(144) took 50 damage as DOT.
    Mandon Moore(253) took 50 damage as DOT.
    Brienne Tarth(94) hit Mandon Moore(203) 141.
    Mandon Moore(62) hit Brienne Tarth(94) 158.
    ****
    Mandon Moore(62) has won.
  Duel between Grandisons(21) -WIL- and Hunters(30) -WIZ- has begun.
    Hugh Grandison(510) hit Eon Hunter(535) 146.
    Eon Hunter(389) hit Hugh Grandison(510) 135.
    ****
    Hugh Grandison(375) took 20 damage as DOT.
    Eon Hunter(389) took 25 damage as DOT.
    Hugh Grandison(355) hit Eon Hunter(364) 146.
    Eon Hunter(218) hit Hugh Grandison(355) 135.
    ****
    Hugh Grandison(220) took 40 damage as DOT.
    Eon Hunter(218) took 50 damage as DOT.
    Hugh Grandison(180) hit Eon Hunter(168) 146.
    Eon Hunter(22) hit Hugh Grandison(180) 135.
    ****
    Hugh Grandison(45) took 60 damage as DOT.
    Eon Hunter(22) took 75 damage as DOT.
    Hugh Grandison(-15) hit Eon Hunter(-53) 146.
    Eon Hunter(-199) hit Hugh Grandison(-15) 135.
    ****
    Both of them are dead. A draw.
  Duel between Wyldes(24) -WIL- and Corbrays(33) -WIL- has begun.
    Williem Wylde(560) hit Vance Corbray(535) 149.
    Vance Corbray(386) hit Williem Wylde(560) 153.
    ****
    Williem Wylde(407) took 25 damage as DOT.
    Vance Corbray(386) took 25 damage as DOT.
    Williem Wylde(382) hit Vance Corbray(361) 149.
    Vance Corbray(212) hit Williem Wylde(382) 153.
    ****
    Williem Wylde(229) took 50 damage as DOT.
    Vance Corbray(212) took 50 damage as DOT.
    Williem Wylde(179) hit Vance Corbray(162) 149.
    Vance Corbray(13) hit Williem Wylde(179) 153.
    ****
    Williem Wylde(26) took 75 damage as DOT.
    Vance Corbray(13) took 75 damage as DOT.
    Williem Wylde(-49) hit Vance Corbray(-62) 149.
    Vance Corbray(-211) hit Williem Wylde(-49) 153.
    ****
    Both of them are dead. A draw.
  Duel between Tarths(18) -WIL- and Hunters(30) -WIZ- has begun.
    Brienne Tarth(485) hit Eon Hunter(535) 138.
    Eon Hunter(397) hit Brienne Tarth(485) 135.
    ****
    Brienne Tarth(350) took 20 damage as DOT.
    Eon Hunter(397) took 25 damage as DOT.
    Brienne Tarth(330) hit Eon Hunter(372) 138.
    Eon Hunter(234) hit Brienne Tarth(330) 135.
    ****
    Brienne Tarth(195) took 40 damage as DOT.
    Eon Hunter(234) took 50 damage as DOT.
    Brienne Tarth(155) hit Eon Hunter(184) 138.
    Eon Hunter(46) hit Brienne Tarth(155) 135.
    ****
    Brienne Tarth(20) took 60 damage as DOT.
    Eon Hunter(46) took 75 damage as DOT.
    Brienne Tarth(-40) hit Eon Hunter(-29) 138.
    Eon Hunter(-167) hit Brienne Tarth(-40) 135.
    ****
    Both of them are dead. A draw.
  Duel between Grandisons(21) -WIL- and Corbrays(33) -WIL- has begun.
    Hugh Grandison(510) hit Vance Corbray(535) 146.
    Vance Corbray(389) hit Hugh Grandison(510) 153.
    ****
    Hugh Grandison(357) took 25 damage as DOT.
    Vance Corbray(389) took 25 damage as DOT.
    Hugh Grandison(332) hit Vance Corbray(364) 146.
    Vance Corbray(218) hit Hugh Grandison(332) 153.
    ****
    Hugh Grandison(179) took 50 damage as DOT.
    Vance Corbray(218) took 50 damage as DOT.
    Hugh Grandison(129) hit Vance Corbray(168) 146.
    Vance Corbray(22) hit Hugh Grandison(129) 153.
    ****
    Vance Corbray(22) has won.
  Duel between Wyldes(24) -WIL- and Moores(36) -WIL- has begun.
    Williem Wylde(560) hit Mandon Moore(560) 149.
    Mandon Moore(411) hit Williem Wylde(560) 161.
    ****
    Williem Wylde(399) took 25 damage as DOT.
    Mandon Moore(411) took 25 damage as DOT.
    Williem Wylde(374) hit Mandon Moore(386) 149.
    Mandon Moore(237) hit Williem Wylde(374) 161.
    ****
    Williem Wylde(213) took 50 damage as DOT.
    Mandon Moore(237) took 50 damage as DOT.
    Williem Wylde(163) hit Mandon Moore(187) 149.
    Mandon Moore(38) hit Williem Wylde(163) 161.
    ****
    Williem Wylde(2) took 75 damage as DOT.
    Mandon Moore(38) took 75 damage as DOT.
    Williem Wylde(-73) hit Mandon Moore(-37) 149.
    Mandon Moore(-186) hit Williem Wylde(-73) 161.
    ****
    Both of them are dead. A draw.
  Duel between House Tyrell(50) -WIL- and House Arryn(50) -WHI- has begun.
    Stannis Baratheon(535) hit Jon Arryn(660) 170.
    Jon Arryn(490) hit Stannis Baratheon(535) 150.
    ****
    Stannis Baratheon(385) took 30 damage as DOT.
    Jon Arryn(490) took 25 damage as DOT.
    Stannis Baratheon(355) hit Jon Arryn(465) 170.
    Jon Arryn(295) hit Stannis Baratheon(355) 150.
    ****
    Stannis Baratheon(205) took 60 damage as DOT.
    Jon Arryn(295) took 50 damage as DOT.
    Stannis Baratheon(145) hit Jon Arryn(245) 170.
    Jon Arryn(75) hit Stannis Baratheon(145) 150.
    ****
    Jon Arryn(75) has won.
  The Stormlands got 0 house points. The Vale of Arryn got 7 house points.

The winner is: The Vale of Arryn with currently 1 kingdom points.
---------------
---------------
Duel 4: The Vale of Arryn vs The Crownlands
  Duel between Corbrays(36) -WIL- and Brunes(30) -WHI- has begun.
    Vance Corbray(535) hit Lothor Brune(683) 156.
    Lothor Brune(527) hit Vance Corbray(535) 153.
    ****
    Vance Corbray(382) took 30 damage as DOT.
    Lothor Brune(527) took 25 damage as DOT.
    Vance Corbray(352) hit Lothor Brune(502) 156.
    Lothor Brune(346) hit Vance Corbray(352) 153.
    ****
    Vance Corbray(199) took 60 damage as DOT.
    Lothor Brune(346) took 50 damage as DOT.
    Vance Corbray(139) hit Lothor Brune(296) 156.
    Lothor Brune(140) hit Vance Corbray(139) 153.
    ****
    Lothor Brune(140) has won.
  Duel between Moores(36) -WIL- and Thornes(30) -WIL- has begun.
    Mandon Moore(560) hit Alliser Thorne(458) 161.
    Alliser Thorne(297) hit Mandon Moore(560) 173.
    ****
    Mandon Moore(387) took 25 damage as DOT.
    Alliser Thorne(297) took 25 damage as DOT.
    Mandon Moore(362) hit Alliser Thorne(272) 161.
    Alliser Thorne(111) hit Mandon Moore(362) 173.
    ****
    Mandon Moore(189) took 50 damage as DOT.
    Alliser Thorne(111) took 50 damage as DOT.
    Mandon Moore(139) hit Alliser Thorne(61) 161.
    Alliser Thorne(-100) hit Mandon Moore(139) 173.
    ****
    Both of them are dead. A draw.
  Duel between Hunters(30) -WIZ- and Rosbys(30) -WIZ- has begun.
    Eon Hunter(535) hit Gyles Rosby(558) 135.
    Gyles Rosby(423) hit Eon Hunter(535) 153.
    ****
    Eon Hunter(382) took 20 damage as DOT.
    Gyles Rosby(423) took 20 damage as DOT.
    Eon Hunter(362) hit Gyles Rosby(403) 135.
    Gyles Rosby(268) hit Eon Hunter(362) 153.
    ****
    Eon Hunter(209) took 40 damage as DOT.
    Gyles Rosby(268) took 40 damage as DOT.
    Eon Hunter(169) hit Gyles Rosby(228) 135.
    Gyles Rosby(93) hit Eon Hunter(169) 153.
    ****
    Eon Hunter(16) took 60 damage as DOT.
    Gyles Rosby(93) took 60 damage as DOT.
    Eon Hunter(-44) hit Gyles Rosby(33) 135.
    Gyles Rosby(-102) hit Eon Hunter(-44) 153.
    ****
    Both of them are dead. A draw.
  Duel between Corbrays(33) -WIL- and Thornes(30) -WIL- has begun.
    Vance Corbray(535) hit Alliser Thorne(458) 153.
    Alliser Thorne(305) hit Vance Corbray(535) 173.
    ****
    Vance Corbray(362) took 25 damage as DOT.
    Alliser Thorne(305) took 25 damage as DOT.
    Vance Corbray(337) hit Alliser Thorne(280) 153.
    Alliser Thorne(127) hit Vance Corbray(337) 173.
    ****
    Vance Corbray(164) took 50 damage as DOT.
    Alliser Thorne(127) took 50 damage as DOT.
    Vance Corbray(114) hit Alliser Thorne(77) 153.
    Alliser Thorne(-76) hit Vance Corbray(114) 173.
    ****
    Both of them are dead. A draw.
  Duel between Moores(36) -WIL- and Rosbys(30) -WIZ- has begun.
    Mandon Moore(560) hit Gyles Rosby(558) 161.
    Gyles Rosby(397) hit Mandon Moore(560) 153.
    ****
    Mandon Moore(407) took 20 damage as DOT.
    Gyles Rosby(397) took 25 damage as DOT.
    Mandon Moore(387) hit Gyles Rosby(372) 161.
    Gyles Rosby(211) hit Mandon Moore(387) 153.
    ****
    Mandon Moore(234) took 40 damage as DOT.
    Gyles Rosby(211) took 50 damage as DOT.
    Mandon Moore(194) hit Gyles Rosby(161) 161.
    Gyles Rosby(0) hit Mandon Moore(194) 153.
    ****
    Mandon Moore(41) has won.
  Duel between Hunters(30) -WIZ- and Brunes(27) -WHI- has begun.
    Eon Hunter(535) hit Lothor Brune(683) 135.
    Lothor Brune(548) hit Eon Hunter(535) 150.
    ****
    Eon Hunter(385) took 30 damage as DOT.
    Lothor Brune(548) took 20 damage as DOT.
    Eon Hunter(355) hit Lothor Brune(528) 135.
    Lothor Brune(393) hit Eon Hunter(355) 150.
    ****
    Eon Hunter(205) took 60 damage as DOT.
    Lothor Brune(393) took 40 damage as DOT.
    Eon Hunter(145) hit Lothor Brune(353) 135.
    Lothor Brune(218) hit Eon Hunter(145) 150.
    ****
    Lothor Brune(218) has won.
  Duel between Corbrays(33) -WIL- and Rosbys(27) -WIZ- has begun.
    Vance Corbray(535) hit Gyles Rosby(558) 153.
    Gyles Rosby(405) hit Vance Corbray(535) 150.
    ****
    Vance Corbray(385) took 20 damage as DOT.
    Gyles Rosby(405) took 25 damage as DOT.
    Vance Corbray(365) hit Gyles Rosby(380) 153.
    Gyles Rosby(227) hit Vance Corbray(365) 150.
    ****
    Vance Corbray(215) took 40 damage as DOT.
    Gyles Rosby(227) took 50 damage as DOT.
    Vance Corbray(175) hit Gyles Rosby(177) 153.
    Gyles Rosby(24) hit Vance Corbray(175) 150.
    ****
    Vance Corbray(25) took 60 damage as DOT.
    Gyles Rosby(24) took 75 damage as DOT.
    Vance Corbray(-35) hit Gyles Rosby(-51) 153.
    Gyles Rosby(-204) hit Vance Corbray(-35) 150.
    ****
    Both of them are dead. A draw.
  Duel between Moores(39) -WIL- and Brunes(25) -WHI- has begun.
    Mandon Moore(560) hit Lothor Brune(683) 164.
    Lothor Brune(519) hit Mandon Moore(560) 148.
    ****
    Mandon Moore(412) took 30 damage as DOT.
    Lothor Brune(519) took 25 damage as DOT.
    Mandon Moore(382) hit Lothor Brune(494) 164.
    Lothor Brune(330) hit Mandon Moore(382) 148.
    ****
    Mandon Moore(234) took 60 damage as DOT.
    Lothor Brune(330) took 50 damage as DOT.
    Mandon Moore(174) hit Lothor Brune(280) 164.
    Lothor Brune(116) hit Mandon Moore(174) 148.
    ****
    Mandon Moore(26) took 90 damage as DOT.
    Lothor Brune(116) took 75 damage as DOT.
    Mandon Moore(-64) hit Lothor Brune(41) 164.
    Lothor Brune(-123) hit Mandon Moore(-64) 148.
    ****
    Both of them are dead. A draw.
  Duel between Hunters(27) -WIZ- and Thornes(30) -WIL- has begun.
    Eon Hunter(535) hit Alliser Thorne(458) 132.
    Alliser Thorne(326) hit Eon Hunter(535) 173.
    ****
    Eon Hunter(362) took 25 damage as DOT.
    Alliser Thorne(326) took 20 damage as DOT.
    Eon Hunter(337) hit Alliser Thorne(306) 132.
    Alliser Thorne(174) hit Eon Hunter(337) 173.
    ****
    Eon Hunter(164) took 50 damage as DOT.
    Alliser Thorne(174) took 40 damage as DOT.
    Eon Hunter(114) hit Alliser Thorne(134) 132.
    Alliser Thorne(2) hit Eon Hunter(114) 173.
    ****
    Alliser Thorne(2) has won.
  Duel between House Arryn(55) -WHI- and House Baratheon(50) -WHI- has begun.
    Jon Arryn(660) hit Viserys Targaryen(708) 155.
    Viserys Targaryen(553) hit Jon Arryn(660) 173.
    ****
    Jon Arryn(487) took 30 damage as DOT.
    Viserys Targaryen(553) took 30 damage as DOT.
    Jon Arryn(457) hit Viserys Targaryen(523) 155.
    Viserys Targaryen(368) hit Jon Arryn(457) 173.
    ****
    Jon Arryn(284) took 60 damage as DOT.
    Viserys Targaryen(368) took 60 damage as DOT.
    Jon Arryn(224) hit Viserys Targaryen(308) 155.
    Viserys Targaryen(153) hit Jon Arryn(224) 173.
    ****
    Jon Arryn(51) took 90 damage as DOT.
    Viserys Targaryen(153) took 90 damage as DOT.
    Jon Arryn(-39) hit Viserys Targaryen(63) 155.
    Viserys Targaryen(-92) hit Jon Arryn(-39) 173.
    ****
    Both of them are dead. A draw.
  The Vale of Arryn got 1 house points. The Crownlands got 3 house points.

The winner is: The Crownlands with currently 1 kingdom points.
---------------
---------------
Duel 5: The Crownlands vs The Riverlands
  Duel between Brunes(25) -WHI- and Brackens(30) -WIZ- has begun.
    Lothor Brune(683) hit Jonos Bracken(530) 148.
    Jonos Bracken(382) hit Lothor Brune(683) 160.
    ****
    Lothor Brune(523) took 20 damage as DOT.
    Jonos Bracken(382) took 30 damage as DOT.
    Lothor Brune(503) hit Jonos Bracken(352) 148.
    Jonos Bracken(204) hit Lothor Brune(503) 160.
    ****
    Lothor Brune(343) took 40 damage as DOT.
    Jonos Bracken(204) took 60 damage as DOT.
    Lothor Brune(303) hit Jonos Bracken(144) 148.
    Jonos Bracken(-4) hit Lothor Brune(303) 160.
    ****
    Lothor Brune(143) has won.
  Duel between Thornes(33) -WIL- and Mootons(30) -WHI- has begun.
    Alliser Thorne(458) hit William Mooton(705) 176.
    William Mooton(529) hit Alliser Thorne(458) 160.
    ****
    Alliser Thorne(298) took 30 damage as DOT.
    William Mooton(529) took 25 damage as DOT.
    Alliser Thorne(268) hit William Mooton(504) 176.
    William Mooton(328) hit Alliser Thorne(268) 160.
    ****
    Alliser Thorne(108) took 60 damage as DOT.
    William Mooton(328) took 50 damage as DOT.
    Alliser Thorne(48) hit William Mooton(278) 176.
    William Mooton(102) hit Alliser Thorne(48) 160.
    ****
    William Mooton(102) has won.
  Duel between Rosbys(27) -WIZ- and Blackwoods(30) -WHI- has begun.
    Gyles Rosby(558) hit Tytos Blackwood(630) 150.
    Tytos Blackwood(480) hit Gyles Rosby(558) 160.
    ****
    Gyles Rosby(398) took 30 damage as DOT.
    Tytos Blackwood(480) took 20 damage as DOT.
    Gyles Rosby(368) hit Tytos Blackwood(460) 150.
    Tytos Blackwood(310) hit Gyles Rosby(368) 160.
    ****
    Gyles Rosby(208) took 60 damage as DOT.
    Tytos Blackwood(310) took 40 damage as DOT.
    Gyles Rosby(148) hit Tytos Blackwood(270) 150.
    Tytos Blackwood(120) hit Gyles Rosby(148) 160.
    ****
    Tytos Blackwood(120) has won.
  Duel between Brunes(23) -WHI- and Mootons(27) -WHI- has begun.
    Lothor Brune(683) hit William Mooton(705) 146.
    William Mooton(559) hit Lothor Brune(683) 157.
    ****
    Lothor Brune(526) took 30 damage as DOT.
    William Mooton(559) took 30 damage as DOT.
    Lothor Brune(496) hit William Mooton(529) 146.
    William Mooton(383) hit Lothor Brune(496) 157.
    ****
    Lothor Brune(339) took 60 damage as DOT.
    William Mooton(383) took 60 damage as DOT.
    Lothor Brune(279) hit William Mooton(323) 146.
    William Mooton(177) hit Lothor Brune(279) 157.
    ****
    Lothor Brune(122) took 90 damage as DOT.
    William Mooton(177) took 90 damage as DOT.
    Lothor Brune(32) hit William Mooton(87) 146.
    William Mooton(-59) hit Lothor Brune(32) 157.
    ****
    Both of them are dead. A draw.
  Duel between Thornes(30) -WIL- and Blackwoods(33) -WHI- has begun.
    Alliser Thorne(458) hit Tytos Blackwood(630) 173.
    Tytos Blackwood(457) hit Alliser Thorne(458) 163.
    ****
    Alliser Thorne(295) took 30 damage as DOT.
    Tytos Blackwood(457) took 25 damage as DOT.
    Alliser Thorne(265) hit Tytos Blackwood(432) 173.
    Tytos Blackwood(259) hit Alliser Thorne(265) 163.
    ****
    Alliser Thorne(102) took 60 damage as DOT.
    Tytos Blackwood(259) took 50 damage as DOT.
    Alliser Thorne(42) hit Tytos Blackwood(209) 173.
    Tytos Blackwood(36) hit Alliser Thorne(42) 163.
    ****
    Tytos Blackwood(36) has won.
  Duel between Rosbys(24) -WIZ- and Brackens(27) -WIZ- has begun.
    Gyles Rosby(558) hit Jonos Bracken(530) 147.
    Jonos Bracken(383) hit Gyles Rosby(558) 157.
    ****
    Gyles Rosby(401) took 20 damage as DOT.
    Jonos Bracken(383) took 20 damage as DOT.
    Gyles Rosby(381) hit Jonos Bracken(363) 147.
    Jonos Bracken(216) hit Gyles Rosby(381) 157.
    ****
    Gyles Rosby(224) took 40 damage as DOT.
    Jonos Bracken(216) took 40 damage as DOT.
    Gyles Rosby(184) hit Jonos Bracken(176) 147.
    Jonos Bracken(29) hit Gyles Rosby(184) 157.
    ****
    Gyles Rosby(27) took 60 damage as DOT.
    Jonos Bracken(29) took 60 damage as DOT.
    Gyles Rosby(-33) hit Jonos Bracken(-31) 147.
    Jonos Bracken(-178) hit Gyles Rosby(-33) 157.
    ****
    Both of them are dead. A draw.
  Duel between Brunes(23) -WHI- and Blackwoods(36) -WHI- has begun.
    Lothor Brune(683) hit Tytos Blackwood(630) 146.
    Tytos Blackwood(484) hit Lothor Brune(683) 166.
    ****
    Lothor Brune(517) took 30 damage as DOT.
    Tytos Blackwood(484) took 30 damage as DOT.
    Lothor Brune(487) hit Tytos Blackwood(454) 146.
    Tytos Blackwood(308) hit Lothor Brune(487) 166.
    ****
    Lothor Brune(321) took 60 damage as DOT.
    Tytos Blackwood(308) took 60 damage as DOT.
    Lothor Brune(261) hit Tytos Blackwood(248) 146.
    Tytos Blackwood(102) hit Lothor Brune(261) 166.
    ****
    Lothor Brune(95) took 90 damage as DOT.
    Tytos Blackwood(102) took 90 damage as DOT.
    Lothor Brune(5) hit Tytos Blackwood(12) 146.
    Tytos Blackwood(-134) hit Lothor Brune(5) 166.
    ****
    Both of them are dead. A draw.
  Duel between Thornes(27) -WIL- and Brackens(27) -WIZ- has begun.
    Alliser Thorne(458) hit Jonos Bracken(530) 170.
    Jonos Bracken(360) hit Alliser Thorne(458) 157.
    ****
    Alliser Thorne(301) took 20 damage as DOT.
    Jonos Bracken(360) took 25 damage as DOT.
    Alliser Thorne(281) hit Jonos Bracken(335) 170.
    Jonos Bracken(165) hit Alliser Thorne(281) 157.
    ****
    Alliser Thorne(124) took 40 damage as DOT.
    Jonos Bracken(165) took 50 damage as DOT.
    Alliser Thorne(84) hit Jonos Bracken(115) 170.
    Jonos Bracken(-55) hit Alliser Thorne(84) 157.
    ****
    Both of them are dead. A draw.
  Duel between Rosbys(24) -WIZ- and Mootons(27) -WHI- has begun.
    Gyles Rosby(558) hit William Mooton(705) 147.
    William Mooton(558) hit Gyles Rosby(558) 157.
    ****
    Gyles Rosby(401) took 30 damage as DOT.
    William Mooton(558) took 20 damage as DOT.
    Gyles Rosby(371) hit William Mooton(538) 147.
    William Mooton(391) hit Gyles Rosby(371) 157.
    ****
    Gyles Rosby(214) took 60 damage as DOT.
    William Mooton(391) took 40 damage as DOT.
    Gyles Rosby(154) hit William Mooton(351) 147.
    William Mooton(204) hit Gyles Rosby(154) 157.
    ****
    William Mooton(204) has won.
  Duel between House Baratheon(50) -WHI- and House Bolton(50) -WIL- has begun.
    Viserys Targaryen(708) hit Walder Frey(455) 173.
    Walder Frey(282) hit Viserys Targaryen(708) 205.
    ****
    Viserys Targaryen(503) took 25 damage as DOT.
    Walder Frey(282) took 30 damage as DOT.
    Viserys Targaryen(478) hit Walder Frey(252) 173.
    Walder Frey(79) hit Viserys Targaryen(478) 205.
    ****
    Viserys Targaryen(273) took 50 damage as DOT.
    Walder Frey(79) took 60 damage as DOT.
    Viserys Targaryen(223) hit Walder Frey(19) 173.
    Walder Frey(-154) hit Viserys Targaryen(223) 205.
    ****
    Viserys Targaryen(18) has won.
  The Crownlands got 4 house points. The Riverlands got 4 house points.

A draw.
---------------
---------------
Duel 6: Dorne vs The Stormlands
  Duel between Qorgyles(33) -WHI- and Tarths(18) -WIL- has begun.
    Quentyn Qorgyle(605) hit Brienne Tarth(485) 213.
    Brienne Tarth(272) hit Quentyn Qorgyle(605) 138.
    ****
    Quentyn Qorgyle(467) took 25 damage as DOT.
    Brienne Tarth(272) took 30 damage as DOT.
    Quentyn Qorgyle(442) hit Brienne Tarth(242) 213.
    Brienne Tarth(29) hit Quentyn Qorgyle(442) 138.
    ****
    Quentyn Qorgyle(304) took 50 damage as DOT.
    Brienne Tarth(29) took 60 damage as DOT.
    Quentyn Qorgyle(254) hit Brienne Tarth(-31) 213.
    Brienne Tarth(-244) hit Quentyn Qorgyle(254) 138.
    ****
    Quentyn Qorgyle(116) has won.
  Duel between Jordaynes(33) -WIL- and Grandisons(18) -WIL- has begun.
    Trebor Jordayne(480) hit Hugh Grandison(510) 233.
    Hugh Grandison(277) hit Trebor Jordayne(480) 143.
    ****
    Trebor Jordayne(337) took 25 damage as DOT.
    Hugh Grandison(277) took 25 damage as DOT.
    Trebor Jordayne(312) hit Hugh Grandison(252) 233.
    Hugh Grandison(19) hit Trebor Jordayne(312) 143.
    ****
    Trebor Jordayne(169) took 50 damage as DOT.
    Hugh Grandison(19) took 50 damage as DOT.
    Trebor Jordayne(119) hit Hugh Grandison(-31) 233.
    Hugh Grandison(-264) hit Trebor Jordayne(119) 143.
    ****
    Both of them are dead. A draw.
  Duel between Ullers(24) -WIL- and Wyldes(24) -WIL- has begun.
    Mantral Uller(430) hit Williem Wylde(560) 229.
    Williem Wylde(331) hit Mantral Uller(430) 149.
    ****
    Mantral Uller(281) took 25 damage as DOT.
    Williem Wylde(331) took 25 damage as DOT.
    Mantral Uller(256) hit Williem Wylde(306) 229.
    Williem Wylde(77) hit Mantral Uller(256) 149.
    ****
    Mantral Uller(107) took 50 damage as DOT.
    Williem Wylde(77) took 50 damage as DOT.
    Mantral Uller(57) hit Williem Wylde(27) 229.
    Williem Wylde(-202) hit Mantral Uller(57) 149.
    ****
    Both of them are dead. A draw.
  Duel between Qorgyles(36) -WHI- and Grandisons(18) -WIL- has begun.
    Quentyn Qorgyle(605) hit Hugh Grandison(510) 216.
    Hugh Grandison(294) hit Quentyn Qorgyle(605) 143.
    ****
    Quentyn Qorgyle(462) took 25 damage as DOT.
    Hugh Grandison(294) took 30 damage as DOT.
    Quentyn Qorgyle(437) hit Hugh Grandison(264) 216.
    Hugh Grandison(48) hit Quentyn Qorgyle(437) 143.
    ****
    Quentyn Qorgyle(294) took 50 damage as DOT.
    Hugh Grandison(48) took 60 damage as DOT.
    Quentyn Qorgyle(244) hit Hugh Grandison(-12) 216.
    Hugh Grandison(-228) hit Quentyn Qorgyle(244) 143.
    ****
    Quentyn Qorgyle(101) has won.
  Duel between Jordaynes(33) -WIL- and Wyldes(24) -WIL- has begun.
    Trebor Jordayne(480) hit Williem Wylde(560) 233.
    Williem Wylde(327) hit Trebor Jordayne(480) 149.
    ****
    Trebor Jordayne(331) took 25 damage as DOT.
    Williem Wylde(327) took 25 damage as DOT.
    Trebor Jordayne(306) hit Williem Wylde(302) 233.
    Williem Wylde(69) hit Trebor Jordayne(306) 149.
    ****
    Trebor Jordayne(157) took 50 damage as DOT.
    Williem Wylde(69) took 50 damage as DOT.
    Trebor Jordayne(107) hit Williem Wylde(19) 233.
    Williem Wylde(-214) hit Trebor Jordayne(107) 149.
    ****
    Both of them are dead. A draw.
  Duel between Ullers(24) -WIL- and Tarths(15) -WIL- has begun.
    Mantral Uller(430) hit Brienne Tarth(485) 229.
    Brienne Tarth(256) hit Mantral Uller(430) 135.
    ****
    Mantral Uller(295) took 25 damage as DOT.
    Brienne Tarth(256) took 25 damage as DOT.
    Mantral Uller(270) hit Brienne Tarth(231) 229.
    Brienne Tarth(2) hit Mantral Uller(270) 135.
    ****
    Mantral Uller(135) took 50 damage as DOT.
    Brienne Tarth(2) took 50 damage as DOT.
    Mantral Uller(85) hit Brienne Tarth(-48) 229.
    Brienne Tarth(-277) hit Mantral Uller(85) 135.
    ****
    Both of them are dead. A draw.
  Duel between Qorgyles(39) -WHI- and Wyldes(24) -WIL- has begun.
    Quentyn Qorgyle(605) hit Williem Wylde(560) 219.
    Williem Wylde(341) hit Quentyn Qorgyle(605) 149.
    ****
    Quentyn Qorgyle(456) took 25 damage as DOT.
    Williem Wylde(341) took 30 damage as DOT.
    Quentyn Qorgyle(431) hit Williem Wylde(311) 219.
    Williem Wylde(92) hit Quentyn Qorgyle(431) 149.
    ****
    Quentyn Qorgyle(282) took 50 damage as DOT.
    Williem Wylde(92) took 60 damage as DOT.
    Quentyn Qorgyle(232) hit Williem Wylde(32) 219.
    Williem Wylde(-187) hit Quentyn Qorgyle(232) 149.
    ****
    Quentyn Qorgyle(83) has won.
  Duel between Jordaynes(33) -WIL- and Tarths(15) -WIL- has begun.
    Trebor Jordayne(480) hit Brienne Tarth(485) 233.
    Brienne Tarth(252) hit Trebor Jordayne(480) 135.
    ****
    Trebor Jordayne(345) took 25 damage as DOT.
    Brienne Tarth(252) took 25 damage as DOT.
    Trebor Jordayne(320) hit Brienne Tarth(227) 233.
    Brienne Tarth(-6) hit Trebor Jordayne(320) 135.
    ****
    Trebor Jordayne(185) has won.
  Duel between Ullers(24) -WIL- and Grandisons(15) -WIL- has begun.
    Mantral Uller(430) hit Hugh Grandison(510) 229.
    Hugh Grandison(281) hit Mantral Uller(430) 140.
    ****
    Mantral Uller(290) took 25 damage as DOT.
    Hugh Grandison(281) took 25 damage as DOT.
    Mantral Uller(265) hit Hugh Grandison(256) 229.
    Hugh Grandison(27) hit Mantral Uller(265) 140.
    ****
    Mantral Uller(125) took 50 damage as DOT.
    Hugh Grandison(27) took 50 damage as DOT.
    Mantral Uller(75) hit Hugh Grandison(-23) 229.
    Hugh Grandison(-252) hit Mantral Uller(75) 140.
    ****
    Both of them are dead. A draw.
  Duel between House Martell(59) -WHI- and House Tyrell(45) -WIL- has begun.
    Oberyn Martell(580) hit Stannis Baratheon(535) 239.
    Stannis Baratheon(296) hit Oberyn Martell(580) 165.
    ****
    Oberyn Martell(415) took 25 damage as DOT.
    Stannis Baratheon(296) took 30 damage as DOT.
    Oberyn Martell(390) hit Stannis Baratheon(266) 239.
    Stannis Baratheon(27) hit Oberyn Martell(390) 165.
    ****
    Oberyn Martell(225) took 50 damage as DOT.
    Stannis Baratheon(27) took 60 damage as DOT.
    Oberyn Martell(175) hit Stannis Baratheon(-33) 239.
    Stannis Baratheon(-272) hit Oberyn Martell(175) 165.
    ****
    Oberyn Martell(10) has won.
  Dorne got 7 house points. The Stormlands got 0 house points.

The winner is: Dorne with currently 2 kingdom points.
---------------
---------------
Duel 7: The North vs The Vale of Arryn
  Duel between Dustins(24) -WIZ- and Corbrays(33) -WIL- has begun.
    Barbrey Ryswell(430) hit Vance Corbray(535) 214.
    Vance Corbray(321) hit Barbrey Ryswell(430) 153.
    ****
    Barbrey Ryswell(277) took 25 damage as DOT.
    Vance Corbray(321) took 20 damage as DOT.
    Barbrey Ryswell(252) hit Vance Corbray(301) 214.
    Vance Corbray(87) hit Barbrey Ryswell(252) 153.
    ****
    Barbrey Ryswell(99) took 50 damage as DOT.
    Vance Corbray(87) took 40 damage as DOT.
    Barbrey Ryswell(49) hit Vance Corbray(47) 214.
    Vance Corbray(-167) hit Barbrey Ryswell(49) 153.
    ****
    Both of them are dead. A draw.
  Duel between Mormonts(42) -WHI- and Moores(39) -WIL- has begun.
    Jeor Mormont(655) hit Mandon Moore(560) 222.
    Mandon Moore(338) hit Jeor Mormont(655) 164.
    ****
    Jeor Mormont(491) took 25 damage as DOT.
    Mandon Moore(338) took 30 damage as DOT.
    Jeor Mormont(466) hit Mandon Moore(308) 222.
    Mandon Moore(86) hit Jeor Mormont(466) 164.
    ****
    Jeor Mormont(302) took 50 damage as DOT.
    Mandon Moore(86) took 60 damage as DOT.
    Jeor Mormont(252) hit Mandon Moore(26) 222.
    Mandon Moore(-196) hit Jeor Mormont(252) 164.
    ****
    Jeor Mormont(88) has won.
  Duel between Karstarks(42) -WHI- and Hunters(24) -WIZ- has begun.
    Rickard Karstark(580) hit Eon Hunter(535) 222.
    Eon Hunter(313) hit Rickard Karstark(580) 129.
    ****
    Rickard Karstark(451) took 20 damage as DOT.
    Eon Hunter(313) took 30 damage as DOT.
    Rickard Karstark(431) hit Eon Hunter(283) 222.
    Eon Hunter(61) hit Rickard Karstark(431) 129.
    ****
    Rickard Karstark(302) took 40 damage as DOT.
    Eon Hunter(61) took 60 damage as DOT.
    Rickard Karstark(262) hit Eon Hunter(1) 222.
    Eon Hunter(-221) hit Rickard Karstark(262) 129.
    ****
    Rickard Karstark(133) has won.
  Duel between Dustins(24) -WIZ- and Moores(36) -WIL- has begun.
    Barbrey Ryswell(430) hit Mandon Moore(560) 214.
    Mandon Moore(346) hit Barbrey Ryswell(430) 161.
    ****
    Barbrey Ryswell(269) took 25 damage as DOT.
    Mandon Moore(346) took 20 damage as DOT.
    Barbrey Ryswell(244) hit Mandon Moore(326) 214.
    Mandon Moore(112) hit Barbrey Ryswell(244) 161.
    ****
    Barbrey Ryswell(83) took 50 damage as DOT.
    Mandon Moore(112) took 40 damage as DOT.
    Barbrey Ryswell(33) hit Mandon Moore(72) 214.
    Mandon Moore(-142) hit Barbrey Ryswell(33) 161.
    ****
    Both of them are dead. A draw.
  Duel between Mormonts(45) -WHI- and Hunters(21) -WIZ- has begun.
    Jeor Mormont(655) hit Eon Hunter(535) 225.
    Eon Hunter(310) hit Jeor Mormont(655) 126.
    ****
    Jeor Mormont(529) took 20 damage as DOT.
    Eon Hunter(310) took 30 damage as DOT.
    Jeor Mormont(509) hit Eon Hunter(280) 225.
    Eon Hunter(55) hit Jeor Mormont(509) 126.
    ****
    Jeor Mormont(383) took 40 damage as DOT.
    Eon Hunter(55) took 60 damage as DOT.
    Jeor Mormont(343) hit Eon Hunter(-5) 225.
    Eon Hunter(-230) hit Jeor Mormont(343) 126.
    ****
    Jeor Mormont(217) has won.
  Duel between Karstarks(45) -WHI- and Corbrays(33) -WIL- has begun.
    Rickard Karstark(580) hit Vance Corbray(535) 225.
    Vance Corbray(310) hit Rickard Karstark(580) 153.
    ****
    Rickard Karstark(427) took 25 damage as DOT.
    Vance Corbray(310) took 30 damage as DOT.
    Rickard Karstark(402) hit Vance Corbray(280) 225.
    Vance Corbray(55) hit Rickard Karstark(402) 153.
    ****
    Rickard Karstark(249) took 50 damage as DOT.
    Vance Corbray(55) took 60 damage as DOT.
    Rickard Karstark(199) hit Vance Corbray(-5) 225.
    Vance Corbray(-230) hit Rickard Karstark(199) 153.
    ****
    Rickard Karstark(46) has won.
  Duel between Dustins(24) -WIZ- and Hunters(18) -WIZ- has begun.
    Barbrey Ryswell(430) hit Eon Hunter(535) 214.
    Eon Hunter(321) hit Barbrey Ryswell(430) 123.
    ****
    Barbrey Ryswell(307) took 20 damage as DOT.
    Eon Hunter(321) took 20 damage as DOT.
    Barbrey Ryswell(287) hit Eon Hunter(301) 214.
    Eon Hunter(87) hit Barbrey Ryswell(287) 123.
    ****
    Barbrey Ryswell(164) took 40 damage as DOT.
    Eon Hunter(87) took 40 damage as DOT.
    Barbrey Ryswell(124) hit Eon Hunter(47) 214.
    Eon Hunter(-167) hit Barbrey Ryswell(124) 123.
    ****
    Barbrey Ryswell(1) has won.
  Duel between Mormonts(48) -WHI- and Corbrays(30) -WIL- has begun.
    Jeor Mormont(655) hit Vance Corbray(535) 228.
    Vance Corbray(307) hit Jeor Mormont(655) 150.
    ****
    Jeor Mormont(505) took 25 damage as DOT.
    Vance Corbray(307) took 30 damage as DOT.
    Jeor Mormont(480) hit Vance Corbray(277) 228.
    Vance Corbray(49) hit Jeor Mormont(480) 150.
    ****
    Jeor Mormont(330) took 50 damage as DOT.
    Vance Corbray(49) took 60 damage as DOT.
    Jeor Mormont(280) hit Vance Corbray(-11) 228.
    Vance Corbray(-239) hit Jeor Mormont(280) 150.
    ****
    Jeor Mormont(130) has won.
  Duel between Karstarks(48) -WHI- and Moores(36) -WIL- has begun.
    Rickard Karstark(580) hit Mandon Moore(560) 228.
    Mandon Moore(332) hit Rickard Karstark(580) 161.
    ****
    Rickard Karstark(419) took 25 damage as DOT.
    Mandon Moore(332) took 30 damage as DOT.
    Rickard Karstark(394) hit Mandon Moore(302) 228.
    Mandon Moore(74) hit Rickard Karstark(394) 161.
    ****
    Rickard Karstark(233) took 50 damage as DOT.
    Mandon Moore(74) took 60 damage as DOT.
    Rickard Karstark(183) hit Mandon Moore(14) 228.
    Mandon Moore(-214) hit Rickard Karstark(183) 161.
    ****
    Rickard Karstark(22) has won.
  Duel between House Stark(37) -WIZ- and House Arryn(55) -WHI- has begun.
    Brandon Stark(480) hit Jon Arryn(660) 222.
    Jon Arryn(438) hit Brandon Stark(480) 155.
    ****
    Brandon Stark(325) took 30 damage as DOT.
    Jon Arryn(438) took 20 damage as DOT.
    Brandon Stark(295) hit Jon Arryn(418) 222.
    Jon Arryn(196) hit Brandon Stark(295) 155.
    ****
    Brandon Stark(140) took 60 damage as DOT.
    Jon Arryn(196) took 40 damage as DOT.
    Brandon Stark(80) hit Jon Arryn(156) 222.
    Jon Arryn(-66) hit Brandon Stark(80) 155.
    ****
    Both of them are dead. A draw.
  The North got 7 house points. The Vale of Arryn got 0 house points.

The winner is: The North with currently 2 kingdom points.
---------------
---------------
Duel 8: The Stormlands vs The Crownlands
  Duel between Tarths(12) -WIL- and Brunes(23) -WHI- has begun.
    Brienne Tarth(485) hit Lothor Brune(683) 132.
    Lothor Brune(551) hit Brienne Tarth(485) 146.
    ****
    Brienne Tarth(339) took 30 damage as DOT.
    Lothor Brune(551) took 25 damage as DOT.
    Brienne Tarth(309) hit Lothor Brune(526) 132.
    Lothor Brune(394) hit Brienne Tarth(309) 146.
    ****
    Brienne Tarth(163) took 60 damage as DOT.
    Lothor Brune(394) took 50 damage as DOT.
    Brienne Tarth(103) hit Lothor Brune(344) 132.
    Lothor Brune(212) hit Brienne Tarth(103) 146.
    ****
    Lothor Brune(212) has won.
  Duel between Grandisons(15) -WIL- and Thornes(27) -WIL- has begun.
    Hugh Grandison(510) hit Alliser Thorne(458) 140.
    Alliser Thorne(318) hit Hugh Grandison(510) 170.
    ****
    Hugh Grandison(340) took 25 damage as DOT.
    Alliser Thorne(318) took 25 damage as DOT.
    Hugh Grandison(315) hit Alliser Thorne(293) 140.
    Alliser Thorne(153) hit Hugh Grandison(315) 170.
    ****
    Hugh Grandison(145) took 50 damage as DOT.
    Alliser Thorne(153) took 50 damage as DOT.
    Hugh Grandison(95) hit Alliser Thorne(103) 140.
    Alliser Thorne(-37) hit Hugh Grandison(95) 170.
    ****
    Both of them are dead. A draw.
  Duel between Wyldes(21) -WIL- and Rosbys(21) -WIZ- has begun.
    Williem Wylde(560) hit Gyles Rosby(558) 146.
    Gyles Rosby(412) hit Williem Wylde(560) 144.
    ****
    Williem Wylde(416) took 20 damage as DOT.
    Gyles Rosby(412) took 25 damage as DOT.
    Williem Wylde(396) hit Gyles Rosby(387) 146.
    Gyles Rosby(241) hit Williem Wylde(396) 144.
    ****
    Williem Wylde(252) took 40 damage as DOT.
    Gyles Rosby(241) took 50 damage as DOT.
    Williem Wylde(212) hit Gyles Rosby(191) 146.
    Gyles Rosby(45) hit Williem Wylde(212) 144.
    ****
    Williem Wylde(68) took 60 damage as DOT.
    Gyles Rosby(45) took 75 damage as DOT.
    Williem Wylde(8) hit Gyles Rosby(-30) 146.
    Gyles Rosby(-176) hit Williem Wylde(8) 144.
    ****
    Both of them are dead. A draw.
  Duel between Tarths(9) -WIL- and Thornes(27) -WIL- has begun.
    Brienne Tarth(485) hit Alliser Thorne(458) 129.
    Alliser Thorne(329) hit Brienne Tarth(485) 170.
    ****
    Brienne Tarth(315) took 25 damage as DOT.
    Alliser Thorne(329) took 25 damage as DOT.
    Brienne Tarth(290) hit Alliser Thorne(304) 129.
    Alliser Thorne(175) hit Brienne Tarth(290) 170.
    ****
    Brienne Tarth(120) took 50 damage as DOT.
    Alliser Thorne(175) took 50 damage as DOT.
    Brienne Tarth(70) hit Alliser Thorne(125) 129.
    Alliser Thorne(-4) hit Brienne Tarth(70) 170.
    ****
    Both of them are dead. A draw.
  Duel between Grandisons(15) -WIL- and Rosbys(21) -WIZ- has begun.
    Hugh Grandison(510) hit Gyles Rosby(558) 140.
    Gyles Rosby(418) hit Hugh Grandison(510) 144.
    ****
    Hugh Grandison(366) took 20 damage as DOT.
    Gyles Rosby(418) took 25 damage as DOT.
    Hugh Grandison(346) hit Gyles Rosby(393) 140.
    Gyles Rosby(253) hit Hugh Grandison(346) 144.
    ****
    Hugh Grandison(202) took 40 damage as DOT.
    Gyles Rosby(253) took 50 damage as DOT.
    Hugh Grandison(162) hit Gyles Rosby(203) 140.
    Gyles Rosby(63) hit Hugh Grandison(162) 144.
    ****
    Hugh Grandison(18) took 60 damage as DOT.
    Gyles Rosby(63) took 75 damage as DOT.
    Hugh Grandison(-42) hit Gyles Rosby(-12) 140.
    Gyles Rosby(-152) hit Hugh Grandison(-42) 144.
    ****
    Both of them are dead. A draw.
  Duel between Wyldes(21) -WIL- and Brunes(26) -WHI- has begun.
    Williem Wylde(560) hit Lothor Brune(683) 146.
    Lothor Brune(537) hit Williem Wylde(560) 149.
    ****
    Williem Wylde(411) took 30 damage as DOT.
    Lothor Brune(537) took 25 damage as DOT.
    Williem Wylde(381) hit Lothor Brune(512) 146.
    Lothor Brune(366) hit Williem Wylde(381) 149.
    ****
    Williem Wylde(232) took 60 damage as DOT.
    Lothor Brune(366) took 50 damage as DOT.
    Williem Wylde(172) hit Lothor Brune(316) 146.
    Lothor Brune(170) hit Williem Wylde(172) 149.
    ****
    Williem Wylde(23) took 90 damage as DOT.
    Lothor Brune(170) took 75 damage as DOT.
    Williem Wylde(-67) hit Lothor Brune(95) 146.
    Lothor Brune(-51) hit Williem Wylde(-67) 149.
    ****
    Both of them are dead. A draw.
  Duel between Tarths(9) -WIL- and Rosbys(21) -WIZ- has begun.
    Brienne Tarth(485) hit Gyles Rosby(558) 129.
    Gyles Rosby(429) hit Brienne Tarth(485) 144.
    ****
    Brienne Tarth(341) took 20 damage as DOT.
    Gyles Rosby(429) took 25 damage as DOT.
    Brienne Tarth(321) hit Gyles Rosby(404) 129.
    Gyles Rosby(275) hit Brienne Tarth(321) 144.
    ****
    Brienne Tarth(177) took 40 damage as DOT.
    Gyles Rosby(275) took 50 damage as DOT.
    Brienne Tarth(137) hit Gyles Rosby(225) 129.
    Gyles Rosby(96) hit Brienne Tarth(137) 144.
    ****
    Gyles Rosby(96) has won.
  Duel between Grandisons(15) -WIL- and Brunes(26) -WHI- has begun.
    Hugh Grandison(510) hit Lothor Brune(683) 140.
    Lothor Brune(543) hit Hugh Grandison(510) 149.
    ****
    Hugh Grandison(361) took 30 damage as DOT.
    Lothor Brune(543) took 25 damage as DOT.
    Hugh Grandison(331) hit Lothor Brune(518) 140.
    Lothor Brune(378) hit Hugh Grandison(331) 149.
    ****
    Hugh Grandison(182) took 60 damage as DOT.
    Lothor Brune(378) took 50 damage as DOT.
    Hugh Grandison(122) hit Lothor Brune(328) 140.
    Lothor Brune(188) hit Hugh Grandison(122) 149.
    ****
    Lothor Brune(188) has won.
  Duel between Wyldes(21) -WIL- and Thornes(27) -WIL- has begun.
    Williem Wylde(560) hit Alliser Thorne(458) 146.
    Alliser Thorne(312) hit Williem Wylde(560) 170.
    ****
    Williem Wylde(390) took 25 damage as DOT.
    Alliser Thorne(312) took 25 damage as DOT.
    Williem Wylde(365) hit Alliser Thorne(287) 146.
    Alliser Thorne(141) hit Williem Wylde(365) 170.
    ****
    Williem Wylde(195) took 50 damage as DOT.
    Alliser Thorne(141) took 50 damage as DOT.
    Williem Wylde(145) hit Alliser Thorne(91) 146.
    Alliser Thorne(-55) hit Williem Wylde(145) 170.
    ****
    Both of them are dead. A draw.
  Duel between House Tyrell(40) -WIL- and House Baratheon(55) -WHI- has begun.
    Stannis Baratheon(535) hit Viserys Targaryen(708) 160.
    Viserys Targaryen(548) hit Stannis Baratheon(535) 178.
    ****
    Stannis Baratheon(357) took 30 damage as DOT.
    Viserys Targaryen(548) took 25 damage as DOT.
    Stannis Baratheon(327) hit Viserys Targaryen(523) 160.
    Viserys Targaryen(363) hit Stannis Baratheon(327) 178.
    ****
    Stannis Baratheon(149) took 60 damage as DOT.
    Viserys Targaryen(363) took 50 damage as DOT.
    Stannis Baratheon(89) hit Viserys Targaryen(313) 160.
    Viserys Targaryen(153) hit Stannis Baratheon(89) 178.
    ****
    Viserys Targaryen(153) has won.
  The Stormlands got 0 house points. The Crownlands got 6 house points.

The winner is: The Crownlands with currently 3 kingdom points.
---------------
---------------
Duel 9: The Vale of Arryn vs The Riverlands
  Duel between Corbrays(27) -WIL- and Brackens(27) -WIZ- has begun.
    Vance Corbray(535) hit Jonos Bracken(530) 147.
    Jonos Bracken(383) hit Vance Corbray(535) 157.
    ****
    Vance Corbray(378) took 20 damage as DOT.
    Jonos Bracken(383) took 25 damage as DOT.
    Vance Corbray(358) hit Jonos Bracken(358) 147.
    Jonos Bracken(211) hit Vance Corbray(358) 157.
    ****
    Vance Corbray(201) took 40 damage as DOT.
    Jonos Bracken(211) took 50 damage as DOT.
    Vance Corbray(161) hit Jonos Bracken(161) 147.
    Jonos Bracken(14) hit Vance Corbray(161) 157.
    ****
    Vance Corbray(4) took 60 damage as DOT.
    Jonos Bracken(14) took 75 damage as DOT.
    Vance Corbray(-56) hit Jonos Bracken(-61) 147.
    Jonos Bracken(-208) hit Vance Corbray(-56) 157.
    ****
    Both of them are dead. A draw.
  Duel between Moores(33) -WIL- and Mootons(30) -WHI- has begun.
    Mandon Moore(560) hit William Mooton(705) 158.
    William Mooton(547) hit Mandon Moore(560) 160.
    ****
    Mandon Moore(400) took 30 damage as DOT.
    William Mooton(547) took 25 damage as DOT.
    Mandon Moore(370) hit William Mooton(522) 158.
    William Mooton(364) hit Mandon Moore(370) 160.
    ****
    Mandon Moore(210) took 60 damage as DOT.
    William Mooton(364) took 50 damage as DOT.
    Mandon Moore(150) hit William Mooton(314) 158.
    William Mooton(156) hit Mandon Moore(150) 160.
    ****
    William Mooton(156) has won.
  Duel between Hunters(15) -WIZ- and Blackwoods(36) -WHI- has begun.
    Eon Hunter(535) hit Tytos Blackwood(630) 120.
    Tytos Blackwood(510) hit Eon Hunter(535) 166.
    ****
    Eon Hunter(369) took 30 damage as DOT.
    Tytos Blackwood(510) took 20 damage as DOT.
    Eon Hunter(339) hit Tytos Blackwood(490) 120.
    Tytos Blackwood(370) hit Eon Hunter(339) 166.
    ****
    Eon Hunter(173) took 60 damage as DOT.
    Tytos Blackwood(370) took 40 damage as DOT.
    Eon Hunter(113) hit Tytos Blackwood(330) 120.
    Tytos Blackwood(210) hit Eon Hunter(113) 166.
    ****
    Tytos Blackwood(210) has won.
  Duel between Corbrays(27) -WIL- and Mootons(27) -WHI- has begun.
    Vance Corbray(535) hit William Mooton(705) 147.
    William Mooton(558) hit Vance Corbray(535) 157.
    ****
    Vance Corbray(378) took 30 damage as DOT.
    William Mooton(558) took 25 damage as DOT.
    Vance Corbray(348) hit William Mooton(533) 147.
    William Mooton(386) hit Vance Corbray(348) 157.
    ****
    Vance Corbray(191) took 60 damage as DOT.
    William Mooton(386) took 50 damage as DOT.
    Vance Corbray(131) hit William Mooton(336) 147.
    William Mooton(189) hit Vance Corbray(131) 157.
    ****
    William Mooton(189) has won.
  Duel between Moores(30) -WIL- and Blackwoods(39) -WHI- has begun.
    Mandon Moore(560) hit Tytos Blackwood(630) 155.
    Tytos Blackwood(475) hit Mandon Moore(560) 169.
    ****
    Mandon Moore(391) took 30 damage as DOT.
    Tytos Blackwood(475) took 25 damage as DOT.
    Mandon Moore(361) hit Tytos Blackwood(450) 155.
    Tytos Blackwood(295) hit Mandon Moore(361) 169.
    ****
    Mandon Moore(192) took 60 damage as DOT.
    Tytos Blackwood(295) took 50 damage as DOT.
    Mandon Moore(132) hit Tytos Blackwood(245) 155.
    Tytos Blackwood(90) hit Mandon Moore(132) 169.
    ****
    Tytos Blackwood(90) has won.
  Duel between Hunters(12) -WIZ- and Brackens(27) -WIZ- has begun.
    Eon Hunter(535) hit Jonos Bracken(530) 117.
    Jonos Bracken(413) hit Eon Hunter(535) 157.
    ****
    Eon Hunter(378) took 20 damage as DOT.
    Jonos Bracken(413) took 20 damage as DOT.
    Eon Hunter(358) hit Jonos Bracken(393) 117.
    Jonos Bracken(276) hit Eon Hunter(358) 157.
    ****
    Eon Hunter(201) took 40 damage as DOT.
    Jonos Bracken(276) took 40 damage as DOT.
    Eon Hunter(161) hit Jonos Bracken(236) 117.
    Jonos Bracken(119) hit Eon Hunter(161) 157.
    ****
    Eon Hunter(4) took 60 damage as DOT.
    Jonos Bracken(119) took 60 damage as DOT.
    Eon Hunter(-56) hit Jonos Bracken(59) 117.
    Jonos Bracken(-58) hit Eon Hunter(-56) 157.
    ****
    Both of them are dead. A draw.
  Duel between Corbrays(24) -WIL- and Blackwoods(42) -WHI- has begun.
    Vance Corbray(535) hit Tytos Blackwood(630) 144.
    Tytos Blackwood(486) hit Vance Corbray(535) 172.
    ****
    Vance Corbray(363) took 30 damage as DOT.
    Tytos Blackwood(486) took 25 damage as DOT.
    Vance Corbray(333) hit Tytos Blackwood(461) 144.
    Tytos Blackwood(317) hit Vance Corbray(333) 172.
    ****
    Vance Corbray(161) took 60 damage as DOT.
    Tytos Blackwood(317) took 50 damage as DOT.
    Vance Corbray(101) hit Tytos Blackwood(267) 144.
    Tytos Blackwood(123) hit Vance Corbray(101) 172.
    ****
    Tytos Blackwood(123) has won.
  Duel between Moores(27) -WIL- and Brackens(27) -WIZ- has begun.
    Mandon Moore(560) hit Jonos Bracken(530) 152.
    Jonos Bracken(378) hit Mandon Moore(560) 157.
    ****
    Mandon Moore(403) took 20 damage as DOT.
    Jonos Bracken(378) took 25 damage as DOT.
    Mandon Moore(383) hit Jonos Bracken(353) 152.
    Jonos Bracken(201) hit Mandon Moore(383) 157.
    ****
    Mandon Moore(226) took 40 damage as DOT.
    Jonos Bracken(201) took 50 damage as DOT.
    Mandon Moore(186) hit Jonos Bracken(151) 152.
    Jonos Bracken(-1) hit Mandon Moore(186) 157.
    ****
    Mandon Moore(29) has won.
  Duel between Hunters(12) -WIZ- and Mootons(30) -WHI- has begun.
    Eon Hunter(535) hit William Mooton(705) 117.
    William Mooton(588) hit Eon Hunter(535) 160.
    ****
    Eon Hunter(375) took 30 damage as DOT.
    William Mooton(588) took 20 damage as DOT.
    Eon Hunter(345) hit William Mooton(568) 117.
    William Mooton(451) hit Eon Hunter(345) 160.
    ****
    Eon Hunter(185) took 60 damage as DOT.
    William Mooton(451) took 40 damage as DOT.
    Eon Hunter(125) hit William Mooton(411) 117.
    William Mooton(294) hit Eon Hunter(125) 160.
    ****
    William Mooton(294) has won.
  Duel between House Arryn(55) -WHI- and House Bolton(45) -WIL- has begun.
    Jon Arryn(660) hit Walder Frey(455) 155.
    Walder Frey(300) hit Jon Arryn(660) 200.
    ****
    Jon Arryn(460) took 25 damage as DOT.
    Walder Frey(300) took 30 damage as DOT.
    Jon Arryn(435) hit Walder Frey(270) 155.
    Walder Frey(115) hit Jon Arryn(435) 200.
    ****
    Jon Arryn(235) took 50 damage as DOT.
    Walder Frey(115) took 60 damage as DOT.
    Jon Arryn(185) hit Walder Frey(55) 155.
    Walder Frey(-100) hit Jon Arryn(185) 200.
    ****
    Both of them are dead. A draw.
  The Vale of Arryn got 1 house points. The Riverlands got 6 house points.

The winner is: The Riverlands with currently 2 kingdom points.
---------------
---------------
Duel 10: Dorne vs The Vale of Arryn
  Duel between Qorgyles(42) -WHI- and Corbrays(21) -WIL- has begun.
    Quentyn Qorgyle(605) hit Vance Corbray(535) 222.
    Vance Corbray(313) hit Quentyn Qorgyle(605) 141.
    ****
    Quentyn Qorgyle(464) took 25 damage as DOT.
    Vance Corbray(313) took 30 damage as DOT.
    Quentyn Qorgyle(439) hit Vance Corbray(283) 222.
    Vance Corbray(61) hit Quentyn Qorgyle(439) 141.
    ****
    Quentyn Qorgyle(298) took 50 damage as DOT.
    Vance Corbray(61) took 60 damage as DOT.
    Quentyn Qorgyle(248) hit Vance Corbray(1) 222.
    Vance Corbray(-221) hit Quentyn Qorgyle(248) 141.
    ****
    Quentyn Qorgyle(107) has won.
  Duel between Jordaynes(36) -WIL- and Moores(30) -WIL- has begun.
    Trebor Jordayne(480) hit Mandon Moore(560) 236.
    Mandon Moore(324) hit Trebor Jordayne(480) 155.
    ****
    Trebor Jordayne(325) took 25 damage as DOT.
    Mandon Moore(324) took 25 damage as DOT.
    Trebor Jordayne(300) hit Mandon Moore(299) 236.
    Mandon Moore(63) hit Trebor Jordayne(300) 155.
    ****
    Trebor Jordayne(145) took 50 damage as DOT.
    Mandon Moore(63) took 50 damage as DOT.
    Trebor Jordayne(95) hit Mandon Moore(13) 236.
    Mandon Moore(-223) hit Trebor Jordayne(95) 155.
    ****
    Both of them are dead. A draw.
  Duel between Ullers(24) -WIL- and Hunters(9) -WIZ- has begun.
    Mantral Uller(430) hit Eon Hunter(535) 229.
    Eon Hunter(306) hit Mantral Uller(430) 114.
    ****
    Mantral Uller(316) took 20 damage as DOT.
    Eon Hunter(306) took 25 damage as DOT.
    Mantral Uller(296) hit Eon Hunter(281) 229.
    Eon Hunter(52) hit Mantral Uller(296) 114.
    ****
    Mantral Uller(182) took 40 damage as DOT.
    Eon Hunter(52) took 50 damage as DOT.
    Mantral Uller(142) hit Eon Hunter(2) 229.
    Eon Hunter(-227) hit Mantral Uller(142) 114.
    ****
    Mantral Uller(28) has won.
  Duel between Qorgyles(45) -WHI- and Moores(30) -WIL- has begun.
    Quentyn Qorgyle(605) hit Mandon Moore(560) 225.
    Mandon Moore(335) hit Quentyn Qorgyle(605) 155.
    ****
    Quentyn Qorgyle(450) took 25 damage as DOT.
    Mandon Moore(335) took 30 damage as DOT.
    Quentyn Qorgyle(425) hit Mandon Moore(305) 225.
    Mandon Moore(80) hit Quentyn Qorgyle(425) 155.
    ****
    Quentyn Qorgyle(270) took 50 damage as DOT.
    Mandon Moore(80) took 60 damage as DOT.
    Quentyn Qorgyle(220) hit Mandon Moore(20) 225.
    Mandon Moore(-205) hit Quentyn Qorgyle(220) 155.
    ****
    Quentyn Qorgyle(65) has won.
  Duel between Jordaynes(36) -WIL- and Hunters(6) -WIZ- has begun.
    Trebor Jordayne(480) hit Eon Hunter(535) 236.
    Eon Hunter(299) hit Trebor Jordayne(480) 111.
    ****
    Trebor Jordayne(369) took 20 damage as DOT.
    Eon Hunter(299) took 25 damage as DOT.
    Trebor Jordayne(349) hit Eon Hunter(274) 236.
    Eon Hunter(38) hit Trebor Jordayne(349) 111.
    ****
    Trebor Jordayne(238) took 40 damage as DOT.
    Eon Hunter(38) took 50 damage as DOT.
    Trebor Jordayne(198) hit Eon Hunter(-12) 236.
    Eon Hunter(-248) hit Trebor Jordayne(198) 111.
    ****
    Trebor Jordayne(87) has won.
  Duel between Ullers(27) -WIL- and Corbrays(18) -WIL- has begun.
    Mantral Uller(430) hit Vance Corbray(535) 232.
    Vance Corbray(303) hit Mantral Uller(430) 138.
    ****
    Mantral Uller(292) took 25 damage as DOT.
    Vance Corbray(303) took 25 damage as DOT.
    Mantral Uller(267) hit Vance Corbray(278) 232.
    Vance Corbray(46) hit Mantral Uller(267) 138.
    ****
    Mantral Uller(129) took 50 damage as DOT.
    Vance Corbray(46) took 50 damage as DOT.
    Mantral Uller(79) hit Vance Corbray(-4) 232.
    Vance Corbray(-236) hit Mantral Uller(79) 138.
    ****
    Both of them are dead. A draw.
  Duel between Qorgyles(48) -WHI- and Hunters(3) -WIZ- has begun.
    Quentyn Qorgyle(605) hit Eon Hunter(535) 228.
    Eon Hunter(307) hit Quentyn Qorgyle(605) 108.
    ****
    Quentyn Qorgyle(497) took 20 damage as DOT.
    Eon Hunter(307) took 30 damage as DOT.
    Quentyn Qorgyle(477) hit Eon Hunter(277) 228.
    Eon Hunter(49) hit Quentyn Qorgyle(477) 108.
    ****
    Quentyn Qorgyle(369) took 40 damage as DOT.
    Eon Hunter(49) took 60 damage as DOT.
    Quentyn Qorgyle(329) hit Eon Hunter(-11) 228.
    Eon Hunter(-239) hit Quentyn Qorgyle(329) 108.
    ****
    Quentyn Qorgyle(221) has won.
  Duel between Jordaynes(39) -WIL- and Corbrays(18) -WIL- has begun.
    Trebor Jordayne(480) hit Vance Corbray(535) 239.
    Vance Corbray(296) hit Trebor Jordayne(480) 138.
    ****
    Trebor Jordayne(342) took 25 damage as DOT.
    Vance Corbray(296) took 25 damage as DOT.
    Trebor Jordayne(317) hit Vance Corbray(271) 239.
    Vance Corbray(32) hit Trebor Jordayne(317) 138.
    ****
    Trebor Jordayne(179) took 50 damage as DOT.
    Vance Corbray(32) took 50 damage as DOT.
    Trebor Jordayne(129) hit Vance Corbray(-18) 239.
    Vance Corbray(-257) hit Trebor Jordayne(129) 138.
    ****
    Both of them are dead. A draw.
  Duel between Ullers(27) -WIL- and Moores(27) -WIL- has begun.
    Mantral Uller(430) hit Mandon Moore(560) 232.
    Mandon Moore(328) hit Mantral Uller(430) 152.
    ****
    Mantral Uller(278) took 25 damage as DOT.
    Mandon Moore(328) took 25 damage as DOT.
    Mantral Uller(253) hit Mandon Moore(303) 232.
    Mandon Moore(71) hit Mantral Uller(253) 152.
    ****
    Mantral Uller(101) took 50 damage as DOT.
    Mandon Moore(71) took 50 damage as DOT.
    Mantral Uller(51) hit Mandon Moore(21) 232.
    Mandon Moore(-211) hit Mantral Uller(51) 152.
    ****
    Both of them are dead. A draw.
  Duel between House Martell(64) -WHI- and House Arryn(55) -WHI- has begun.
    Oberyn Martell(580) hit Jon Arryn(660) 244.
    Jon Arryn(416) hit Oberyn Martell(580) 155.
    ****
    Oberyn Martell(425) took 30 damage as DOT.
    Jon Arryn(416) took 30 damage as DOT.
    Oberyn Martell(395) hit Jon Arryn(386) 244.
    Jon Arryn(142) hit Oberyn Martell(395) 155.
    ****
    Oberyn Martell(240) took 60 damage as DOT.
    Jon Arryn(142) took 60 damage as DOT.
    Oberyn Martell(180) hit Jon Arryn(82) 244.
    Jon Arryn(-162) hit Oberyn Martell(180) 155.
    ****
    Oberyn Martell(25) has won.
  Dorne got 8 house points. The Vale of Arryn got 0 house points.

The winner is: Dorne with currently 3 kingdom points.
---------------
---------------
Duel 11: The North vs The Crownlands
  Duel between Dustins(27) -WIZ- and Brunes(29) -WHI- has begun.
    Barbrey Ryswell(430) hit Lothor Brune(683) 217.
    Lothor Brune(466) hit Barbrey Ryswell(430) 152.
    ****
    Barbrey Ryswell(278) took 30 damage as DOT.
    Lothor Brune(466) took 20 damage as DOT.
    Barbrey Ryswell(248) hit Lothor Brune(446) 217.
    Lothor Brune(229) hit Barbrey Ryswell(248) 152.
    ****
    Barbrey Ryswell(96) took 60 damage as DOT.
    Lothor Brune(229) took 40 damage as DOT.
    Barbrey Ryswell(36) hit Lothor Brune(189) 217.
    Lothor Brune(-28) hit Barbrey Ryswell(36) 152.
    ****
    Both of them are dead. A draw.
  Duel between Mormonts(51) -WHI- and Thornes(27) -WIL- has begun.
    Jeor Mormont(655) hit Alliser Thorne(458) 231.
    Alliser Thorne(227) hit Jeor Mormont(655) 170.
    ****
    Jeor Mormont(485) took 25 damage as DOT.
    Alliser Thorne(227) took 30 damage as DOT.
    Jeor Mormont(460) hit Alliser Thorne(197) 231.
    Alliser Thorne(-34) hit Jeor Mormont(460) 170.
    ****
    Jeor Mormont(290) has won.
  Duel between Karstarks(51) -WHI- and Rosbys(24) -WIZ- has begun.
    Rickard Karstark(580) hit Gyles Rosby(558) 231.
    Gyles Rosby(327) hit Rickard Karstark(580) 147.
    ****
    Rickard Karstark(433) took 20 damage as DOT.
    Gyles Rosby(327) took 30 damage as DOT.
    Rickard Karstark(413) hit Gyles Rosby(297) 231.
    Gyles Rosby(66) hit Rickard Karstark(413) 147.
    ****
    Rickard Karstark(266) took 40 damage as DOT.
    Gyles Rosby(66) took 60 damage as DOT.
    Rickard Karstark(226) hit Gyles Rosby(6) 231.
    Gyles Rosby(-225) hit Rickard Karstark(226) 147.
    ****
    Rickard Karstark(79) has won.
  Duel between Dustins(27) -WIZ- and Thornes(24) -WIL- has begun.
    Barbrey Ryswell(430) hit Alliser Thorne(458) 217.
    Alliser Thorne(241) hit Barbrey Ryswell(430) 167.
    ****
    Barbrey Ryswell(263) took 25 damage as DOT.
    Alliser Thorne(241) took 20 damage as DOT.
    Barbrey Ryswell(238) hit Alliser Thorne(221) 217.
    Alliser Thorne(4) hit Barbrey Ryswell(238) 167.
    ****
    Barbrey Ryswell(71) took 50 damage as DOT.
    Alliser Thorne(4) took 40 damage as DOT.
    Barbrey Ryswell(21) hit Alliser Thorne(-36) 217.
    Alliser Thorne(-253) hit Barbrey Ryswell(21) 167.
    ****
    Both of them are dead. A draw.
  Duel between Mormonts(54) -WHI- and Rosbys(21) -WIZ- has begun.
    Jeor Mormont(655) hit Gyles Rosby(558) 234.
    Gyles Rosby(324) hit Jeor Mormont(655) 144.
    ****
    Jeor Mormont(511) took 20 damage as DOT.
    Gyles Rosby(324) took 30 damage as DOT.
    Jeor Mormont(491) hit Gyles Rosby(294) 234.
    Gyles Rosby(60) hit Jeor Mormont(491) 144.
    ****
    Jeor Mormont(347) took 40 damage as DOT.
    Gyles Rosby(60) took 60 damage as DOT.
    Jeor Mormont(307) hit Gyles Rosby(0) 234.
    Gyles Rosby(-234) hit Jeor Mormont(307) 144.
    ****
    Jeor Mormont(163) has won.
  Duel between Karstarks(54) -WHI- and Brunes(29) -WHI- has begun.
    Rickard Karstark(580) hit Lothor Brune(683) 234.
    Lothor Brune(449) hit Rickard Karstark(580) 152.
    ****
    Rickard Karstark(428) took 30 damage as DOT.
    Lothor Brune(449) took 30 damage as DOT.
    Rickard Karstark(398) hit Lothor Brune(419) 234.
    Lothor Brune(185) hit Rickard Karstark(398) 152.
    ****
    Rickard Karstark(246) took 60 damage as DOT.
    Lothor Brune(185) took 60 damage as DOT.
    Rickard Karstark(186) hit Lothor Brune(125) 234.
    Lothor Brune(-109) hit Rickard Karstark(186) 152.
    ****
    Rickard Karstark(34) has won.
  Duel between Dustins(27) -WIZ- and Rosbys(18) -WIZ- has begun.
    Barbrey Ryswell(430) hit Gyles Rosby(558) 217.
    Gyles Rosby(341) hit Barbrey Ryswell(430) 141.
    ****
    Barbrey Ryswell(289) took 20 damage as DOT.
    Gyles Rosby(341) took 20 damage as DOT.
    Barbrey Ryswell(269) hit Gyles Rosby(321) 217.
    Gyles Rosby(104) hit Barbrey Ryswell(269) 141.
    ****
    Barbrey Ryswell(128) took 40 damage as DOT.
    Gyles Rosby(104) took 40 damage as DOT.
    Barbrey Ryswell(88) hit Gyles Rosby(64) 217.
    Gyles Rosby(-153) hit Barbrey Ryswell(88) 141.
    ****
    Both of them are dead. A draw.
  Duel between Mormonts(57) -WHI- and Brunes(26) -WHI- has begun.
    Jeor Mormont(655) hit Lothor Brune(683) 237.
    Lothor Brune(446) hit Jeor Mormont(655) 149.
    ****
    Jeor Mormont(506) took 30 damage as DOT.
    Lothor Brune(446) took 30 damage as DOT.
    Jeor Mormont(476) hit Lothor Brune(416) 237.
    Lothor Brune(179) hit Jeor Mormont(476) 149.
    ****
    Jeor Mormont(327) took 60 damage as DOT.
    Lothor Brune(179) took 60 damage as DOT.
    Jeor Mormont(267) hit Lothor Brune(119) 237.
    Lothor Brune(-118) hit Jeor Mormont(267) 149.
    ****
    Jeor Mormont(118) has won.
  Duel between Karstarks(57) -WHI- and Thornes(24) -WIL- has begun.
    Rickard Karstark(580) hit Alliser Thorne(458) 237.
    Alliser Thorne(221) hit Rickard Karstark(580) 167.
    ****
    Rickard Karstark(413) took 25 damage as DOT.
    Alliser Thorne(221) took 30 damage as DOT.
    Rickard Karstark(388) hit Alliser Thorne(191) 237.
    Alliser Thorne(-46) hit Rickard Karstark(388) 167.
    ****
    Rickard Karstark(221) has won.
  Duel between House Stark(37) -WIZ- and House Baratheon(60) -WHI- has begun.
    Brandon Stark(480) hit Viserys Targaryen(708) 222.
    Viserys Targaryen(486) hit Brandon Stark(480) 183.
    ****
    Brandon Stark(297) took 30 damage as DOT.
    Viserys Targaryen(486) took 20 damage as DOT.
    Brandon Stark(267) hit Viserys Targaryen(466) 222.
    Viserys Targaryen(244) hit Brandon Stark(267) 183.
    ****
    Brandon Stark(84) took 60 damage as DOT.
    Viserys Targaryen(244) took 40 damage as DOT.
    Brandon Stark(24) hit Viserys Targaryen(204) 222.
    Viserys Targaryen(-18) hit Brandon Stark(24) 183.
    ****
    Both of them are dead. A draw.
  The North got 6 house points. The Crownlands got 0 house points.

The winner is: The North with currently 3 kingdom points.
---------------
---------------
Duel 12: The Stormlands vs The Riverlands
  Duel between Tarths(6) -WIL- and Brackens(24) -WIZ- has begun.
    Brienne Tarth(485) hit Jonos Bracken(530) 126.
    Jonos Bracken(404) hit Brienne Tarth(485) 154.
    ****
    Brienne Tarth(331) took 20 damage as DOT.
    Jonos Bracken(404) took 25 damage as DOT.
    Brienne Tarth(311) hit Jonos Bracken(379) 126.
    Jonos Bracken(253) hit Brienne Tarth(311) 154.
    ****
    Brienne Tarth(157) took 40 damage as DOT.
    Jonos Bracken(253) took 50 damage as DOT.
    Brienne Tarth(117) hit Jonos Bracken(203) 126.
    Jonos Bracken(77) hit Brienne Tarth(117) 154.
    ****
    Jonos Bracken(77) has won.
  Duel between Grandisons(12) -WIL- and Mootons(33) -WHI- has begun.
    Hugh Grandison(510) hit William Mooton(705) 137.
    William Mooton(568) hit Hugh Grandison(510) 163.
    ****
    Hugh Grandison(347) took 30 damage as DOT.
    William Mooton(568) took 25 damage as DOT.
    Hugh Grandison(317) hit William Mooton(543) 137.
    William Mooton(406) hit Hugh Grandison(317) 163.
    ****
    Hugh Grandison(154) took 60 damage as DOT.
    William Mooton(406) took 50 damage as DOT.
    Hugh Grandison(94) hit William Mooton(356) 137.
    William Mooton(219) hit Hugh Grandison(94) 163.
    ****
    William Mooton(219) has won.
  Duel between Wyldes(21) -WIL- and Blackwoods(45) -WHI- has begun.
    Williem Wylde(560) hit Tytos Blackwood(630) 146.
    Tytos Blackwood(484) hit Williem Wylde(560) 175.
    ****
    Williem Wylde(385) took 30 damage as DOT.
    Tytos Blackwood(484) took 25 damage as DOT.
    Williem Wylde(355) hit Tytos Blackwood(459) 146.
    Tytos Blackwood(313) hit Williem Wylde(355) 175.
    ****
    Williem Wylde(180) took 60 damage as DOT.
    Tytos Blackwood(313) took 50 damage as DOT.
    Williem Wylde(120) hit Tytos Blackwood(263) 146.
    Tytos Blackwood(117) hit Williem Wylde(120) 175.
    ****
    Tytos Blackwood(117) has won.
  Duel between Tarths(3) -WIL- and Mootons(36) -WHI- has begun.
    Brienne Tarth(485) hit William Mooton(705) 123.
    William Mooton(582) hit Brienne Tarth(485) 166.
    ****
    Brienne Tarth(319) took 30 damage as DOT.
    William Mooton(582) took 25 damage as DOT.
    Brienne Tarth(289) hit William Mooton(557) 123.
    William Mooton(434) hit Brienne Tarth(289) 166.
    ****
    Brienne Tarth(123) took 60 damage as DOT.
    William Mooton(434) took 50 damage as DOT.
    Brienne Tarth(63) hit William Mooton(384) 123.
    William Mooton(261) hit Brienne Tarth(63) 166.
    ****
    William Mooton(261) has won.
  Duel between Grandisons(9) -WIL- and Blackwoods(48) -WHI- has begun.
    Hugh Grandison(510) hit Tytos Blackwood(630) 134.
    Tytos Blackwood(496) hit Hugh Grandison(510) 178.
    ****
    Hugh Grandison(332) took 30 damage as DOT.
    Tytos Blackwood(496) took 25 damage as DOT.
    Hugh Grandison(302) hit Tytos Blackwood(471) 134.
    Tytos Blackwood(337) hit Hugh Grandison(302) 178.
    ****
    Hugh Grandison(124) took 60 damage as DOT.
    Tytos Blackwood(337) took 50 damage as DOT.
    Hugh Grandison(64) hit Tytos Blackwood(287) 134.
    Tytos Blackwood(153) hit Hugh Grandison(64) 178.
    ****
    Tytos Blackwood(153) has won.
  Duel between Wyldes(18) -WIL- and Brackens(27) -WIZ- has begun.
    Williem Wylde(560) hit Jonos Bracken(530) 143.
    Jonos Bracken(387) hit Williem Wylde(560) 157.
    ****
    Williem Wylde(403) took 20 damage as DOT.
    Jonos Bracken(387) took 25 damage as DOT.
    Williem Wylde(383) hit Jonos Bracken(362) 143.
    Jonos Bracken(219) hit Williem Wylde(383) 157.
    ****
    Williem Wylde(226) took 40 damage as DOT.
    Jonos Bracken(219) took 50 damage as DOT.
    Williem Wylde(186) hit Jonos Bracken(169) 143.
    Jonos Bracken(26) hit Williem Wylde(186) 157.
    ****
    Williem Wylde(29) took 60 damage as DOT.
    Jonos Bracken(26) took 75 damage as DOT.
    Williem Wylde(-31) hit Jonos Bracken(-49) 143.
    Jonos Bracken(-192) hit Williem Wylde(-31) 157.
    ****
    Both of them are dead. A draw.
  Duel between Tarths(0) -WIL- and Blackwoods(51) -WHI- has begun.
    Brienne Tarth(485) hit Tytos Blackwood(630) 120.
    Tytos Blackwood(510) hit Brienne Tarth(485) 181.
    ****
    Brienne Tarth(304) took 30 damage as DOT.
    Tytos Blackwood(510) took 25 damage as DOT.
    Brienne Tarth(274) hit Tytos Blackwood(485) 120.
    Tytos Blackwood(365) hit Brienne Tarth(274) 181.
    ****
    Brienne Tarth(93) took 60 damage as DOT.
    Tytos Blackwood(365) took 50 damage as DOT.
    Brienne Tarth(33) hit Tytos Blackwood(315) 120.
    Tytos Blackwood(195) hit Brienne Tarth(33) 181.
    ****
    Tytos Blackwood(195) has won.
  Duel between Grandisons(6) -WIL- and Brackens(27) -WIZ- has begun.
    Hugh Grandison(510) hit Jonos Bracken(530) 131.
    Jonos Bracken(399) hit Hugh Grandison(510) 157.
    ****
    Hugh Grandison(353) took 20 damage as DOT.
    Jonos Bracken(399) took 25 damage as DOT.
    Hugh Grandison(333) hit Jonos Bracken(374) 131.
    Jonos Bracken(243) hit Hugh Grandison(333) 157.
    ****
    Hugh Grandison(176) took 40 damage as DOT.
    Jonos Bracken(243) took 50 damage as DOT.
    Hugh Grandison(136) hit Jonos Bracken(193) 131.
    Jonos Bracken(62) hit Hugh Grandison(136) 157.
    ****
    Jonos Bracken(62) has won.
  Duel between Wyldes(18) -WIL- and Mootons(39) -WHI- has begun.
    Williem Wylde(560) hit William Mooton(705) 143.
    William Mooton(562) hit Williem Wylde(560) 169.
    ****
    Williem Wylde(391) took 30 damage as DOT.
    William Mooton(562) took 25 damage as DOT.
    Williem Wylde(361) hit William Mooton(537) 143.
    William Mooton(394) hit Williem Wylde(361) 169.
    ****
    Williem Wylde(192) took 60 damage as DOT.
    William Mooton(394) took 50 damage as DOT.
    Williem Wylde(132) hit William Mooton(344) 143.
    William Mooton(201) hit Williem Wylde(132) 169.
    ****
    William Mooton(201) has won.
  Duel between House Tyrell(35) -WIL- and House Bolton(45) -WIL- has begun.
    Stannis Baratheon(535) hit Walder Frey(455) 155.
    Walder Frey(300) hit Stannis Baratheon(535) 200.
    ****
    Stannis Baratheon(335) took 25 damage as DOT.
    Walder Frey(300) took 25 damage as DOT.
    Stannis Baratheon(310) hit Walder Frey(275) 155.
    Walder Frey(120) hit Stannis Baratheon(310) 200.
    ****
    Stannis Baratheon(110) took 50 damage as DOT.
    Walder Frey(120) took 50 damage as DOT.
    Stannis Baratheon(60) hit Walder Frey(70) 155.
    Walder Frey(-85) hit Stannis Baratheon(60) 200.
    ****
    Both of them are dead. A draw.
  The Stormlands got 0 house points. The Riverlands got 8 house points.

The winner is: The Riverlands with currently 3 kingdom points.
---------------
---------------
Duel 13: Dorne vs The Crownlands
  Duel between Qorgyles(51) -WHI- and Brunes(23) -WHI- has begun.
    Quentyn Qorgyle(605) hit Lothor Brune(683) 231.
    Lothor Brune(452) hit Quentyn Qorgyle(605) 146.
    ****
    Quentyn Qorgyle(459) took 30 damage as DOT.
    Lothor Brune(452) took 30 damage as DOT.
    Quentyn Qorgyle(429) hit Lothor Brune(422) 231.
    Lothor Brune(191) hit Quentyn Qorgyle(429) 146.
    ****
    Quentyn Qorgyle(283) took 60 damage as DOT.
    Lothor Brune(191) took 60 damage as DOT.
    Quentyn Qorgyle(223) hit Lothor Brune(131) 231.
    Lothor Brune(-100) hit Quentyn Qorgyle(223) 146.
    ****
    Quentyn Qorgyle(77) has won.
  Duel between Jordaynes(39) -WIL- and Thornes(21) -WIL- has begun.
    Trebor Jordayne(480) hit Alliser Thorne(458) 239.
    Alliser Thorne(219) hit Trebor Jordayne(480) 164.
    ****
    Trebor Jordayne(316) took 25 damage as DOT.
    Alliser Thorne(219) took 25 damage as DOT.
    Trebor Jordayne(291) hit Alliser Thorne(194) 239.
    Alliser Thorne(-45) hit Trebor Jordayne(291) 164.
    ****
    Trebor Jordayne(127) has won.
  Duel between Ullers(27) -WIL- and Rosbys(18) -WIZ- has begun.
    Mantral Uller(430) hit Gyles Rosby(558) 232.
    Gyles Rosby(326) hit Mantral Uller(430) 141.
    ****
    Mantral Uller(289) took 20 damage as DOT.
    Gyles Rosby(326) took 25 damage as DOT.
    Mantral Uller(269) hit Gyles Rosby(301) 232.
    Gyles Rosby(69) hit Mantral Uller(269) 141.
    ****
    Mantral Uller(128) took 40 damage as DOT.
    Gyles Rosby(69) took 50 damage as DOT.
    Mantral Uller(88) hit Gyles Rosby(19) 232.
    Gyles Rosby(-213) hit Mantral Uller(88) 141.
    ****
    Both of them are dead. A draw.
  Duel between Qorgyles(54) -WHI- and Thornes(18) -WIL- has begun.
    Quentyn Qorgyle(605) hit Alliser Thorne(458) 234.
    Alliser Thorne(224) hit Quentyn Qorgyle(605) 161.
    ****
    Quentyn Qorgyle(444) took 25 damage as DOT.
    Alliser Thorne(224) took 30 damage as DOT.
    Quentyn Qorgyle(419) hit Alliser Thorne(194) 234.
    Alliser Thorne(-40) hit Quentyn Qorgyle(419) 161.
    ****
    Quentyn Qorgyle(258) has won.
  Duel between Jordaynes(42) -WIL- and Rosbys(18) -WIZ- has begun.
    Trebor Jordayne(480) hit Gyles Rosby(558) 242.
    Gyles Rosby(316) hit Trebor Jordayne(480) 141.
    ****
    Trebor Jordayne(339) took 20 damage as DOT.
    Gyles Rosby(316) took 25 damage as DOT.
    Trebor Jordayne(319) hit Gyles Rosby(291) 242.
    Gyles Rosby(49) hit Trebor Jordayne(319) 141.
    ****
    Trebor Jordayne(178) took 40 damage as DOT.
    Gyles Rosby(49) took 50 damage as DOT.
    Trebor Jordayne(138) hit Gyles Rosby(-1) 242.
    Gyles Rosby(-243) hit Trebor Jordayne(138) 141.
    ****
    Both of them are dead. A draw.
  Duel between Ullers(27) -WIL- and Brunes(20) -WHI- has begun.
    Mantral Uller(430) hit Lothor Brune(683) 232.
    Lothor Brune(451) hit Mantral Uller(430) 143.
    ****
    Mantral Uller(287) took 30 damage as DOT.
    Lothor Brune(451) took 25 damage as DOT.
    Mantral Uller(257) hit Lothor Brune(426) 232.
    Lothor Brune(194) hit Mantral Uller(257) 143.
    ****
    Mantral Uller(114) took 60 damage as DOT.
    Lothor Brune(194) took 50 damage as DOT.
    Mantral Uller(54) hit Lothor Brune(144) 232.
    Lothor Brune(-88) hit Mantral Uller(54) 143.
    ****
    Both of them are dead. A draw.
  Duel between Qorgyles(57) -WHI- and Rosbys(18) -WIZ- has begun.
    Quentyn Qorgyle(605) hit Gyles Rosby(558) 237.
    Gyles Rosby(321) hit Quentyn Qorgyle(605) 141.
    ****
    Quentyn Qorgyle(464) took 20 damage as DOT.
    Gyles Rosby(321) took 30 damage as DOT.
    Quentyn Qorgyle(444) hit Gyles Rosby(291) 237.
    Gyles Rosby(54) hit Quentyn Qorgyle(444) 141.
    ****
    Quentyn Qorgyle(303) took 40 damage as DOT.
    Gyles Rosby(54) took 60 damage as DOT.
    Quentyn Qorgyle(263) hit Gyles Rosby(-6) 237.
    Gyles Rosby(-243) hit Quentyn Qorgyle(263) 141.
    ****
    Quentyn Qorgyle(122) has won.
  Duel between Jordaynes(42) -WIL- and Brunes(20) -WHI- has begun.
    Trebor Jordayne(480) hit Lothor Brune(683) 242.
    Lothor Brune(441) hit Trebor Jordayne(480) 143.
    ****
    Trebor Jordayne(337) took 30 damage as DOT.
    Lothor Brune(441) took 25 damage as DOT.
    Trebor Jordayne(307) hit Lothor Brune(416) 242.
    Lothor Brune(174) hit Trebor Jordayne(307) 143.
    ****
    Trebor Jordayne(164) took 60 damage as DOT.
    Lothor Brune(174) took 50 damage as DOT.
    Trebor Jordayne(104) hit Lothor Brune(124) 242.
    Lothor Brune(-118) hit Trebor Jordayne(104) 143.
    ****
    Both of them are dead. A draw.
  Duel between Ullers(27) -WIL- and Thornes(15) -WIL- has begun.
    Mantral Uller(430) hit Alliser Thorne(458) 232.
    Alliser Thorne(226) hit Mantral Uller(430) 158.
    ****
    Mantral Uller(272) took 25 damage as DOT.
    Alliser Thorne(226) took 25 damage as DOT.
    Mantral Uller(247) hit Alliser Thorne(201) 232.
    Alliser Thorne(-31) hit Mantral Uller(247) 158.
    ****
    Mantral Uller(89) has won.
  Duel between House Martell(69) -WHI- and House Baratheon(60) -WHI- has begun.
    Oberyn Martell(580) hit Viserys Targaryen(708) 249.
    Viserys Targaryen(459) hit Oberyn Martell(580) 183.
    ****
    Oberyn Martell(397) took 30 damage as DOT.
    Viserys Targaryen(459) took 30 damage as DOT.
    Oberyn Martell(367) hit Viserys Targaryen(429) 249.
    Viserys Targaryen(180) hit Oberyn Martell(367) 183.
    ****
    Oberyn Martell(184) took 60 damage as DOT.
    Viserys Targaryen(180) took 60 damage as DOT.
    Oberyn Martell(124) hit Viserys Targaryen(120) 249.
    Viserys Targaryen(-129) hit Oberyn Martell(124) 183.
    ****
    Both of them are dead. A draw.
  Dorne got 5 house points. The Crownlands got 0 house points.

The winner is: Dorne with currently 4 kingdom points.
---------------
---------------
Duel 14: The North vs The Riverlands
  Duel between Dustins(27) -WIZ- and Brackens(30) -WIZ- has begun.
    Barbrey Ryswell(430) hit Jonos Bracken(530) 217.
    Jonos Bracken(313) hit Barbrey Ryswell(430) 160.
    ****
    Barbrey Ryswell(270) took 20 damage as DOT.
    Jonos Bracken(313) took 20 damage as DOT.
    Barbrey Ryswell(250) hit Jonos Bracken(293) 217.
    Jonos Bracken(76) hit Barbrey Ryswell(250) 160.
    ****
    Barbrey Ryswell(90) took 40 damage as DOT.
    Jonos Bracken(76) took 40 damage as DOT.
    Barbrey Ryswell(50) hit Jonos Bracken(36) 217.
    Jonos Bracken(-181) hit Barbrey Ryswell(50) 160.
    ****
    Both of them are dead. A draw.
  Duel between Mormonts(60) -WHI- and Mootons(42) -WHI- has begun.
    Jeor Mormont(655) hit William Mooton(705) 240.
    William Mooton(465) hit Jeor Mormont(655) 172.
    ****
    Jeor Mormont(483) took 30 damage as DOT.
    William Mooton(465) took 30 damage as DOT.
    Jeor Mormont(453) hit William Mooton(435) 240.
    William Mooton(195) hit Jeor Mormont(453) 172.
    ****
    Jeor Mormont(281) took 60 damage as DOT.
    William Mooton(195) took 60 damage as DOT.
    Jeor Mormont(221) hit William Mooton(135) 240.
    William Mooton(-105) hit Jeor Mormont(221) 172.
    ****
    Jeor Mormont(49) has won.
  Duel between Karstarks(60) -WHI- and Blackwoods(54) -WHI- has begun.
    Rickard Karstark(580) hit Tytos Blackwood(630) 240.
    Tytos Blackwood(390) hit Rickard Karstark(580) 184.
    ****
    Rickard Karstark(396) took 30 damage as DOT.
    Tytos Blackwood(390) took 30 damage as DOT.
    Rickard Karstark(366) hit Tytos Blackwood(360) 240.
    Tytos Blackwood(120) hit Rickard Karstark(366) 184.
    ****
    Rickard Karstark(182) took 60 damage as DOT.
    Tytos Blackwood(120) took 60 damage as DOT.
    Rickard Karstark(122) hit Tytos Blackwood(60) 240.
    Tytos Blackwood(-180) hit Rickard Karstark(122) 184.
    ****
    Both of them are dead. A draw.
  Duel between Dustins(27) -WIZ- and Mootons(39) -WHI- has begun.
    Barbrey Ryswell(430) hit William Mooton(705) 217.
    William Mooton(488) hit Barbrey Ryswell(430) 169.
    ****
    Barbrey Ryswell(261) took 30 damage as DOT.
    William Mooton(488) took 20 damage as DOT.
    Barbrey Ryswell(231) hit William Mooton(468) 217.
    William Mooton(251) hit Barbrey Ryswell(231) 169.
    ****
    Barbrey Ryswell(62) took 60 damage as DOT.
    William Mooton(251) took 40 damage as DOT.
    Barbrey Ryswell(2) hit William Mooton(211) 217.
    William Mooton(-6) hit Barbrey Ryswell(2) 169.
    ****
    Both of them are dead. A draw.
  Duel between Mormonts(60) -WHI- and Blackwoods(54) -WHI- has begun.
    Jeor Mormont(655) hit Tytos Blackwood(630) 240.
    Tytos Blackwood(390) hit Jeor Mormont(655) 184.
    ****
    Jeor Mormont(471) took 30 damage as DOT.
    Tytos Blackwood(390) took 30 damage as DOT.
    Jeor Mormont(441) hit Tytos Blackwood(360) 240.
    Tytos Blackwood(120) hit Jeor Mormont(441) 184.
    ****
    Jeor Mormont(257) took 60 damage as DOT.
    Tytos Blackwood(120) took 60 damage as DOT.
    Jeor Mormont(197) hit Tytos Blackwood(60) 240.
    Tytos Blackwood(-180) hit Jeor Mormont(197) 184.
    ****
    Jeor Mormont(13) has won.
  Duel between Karstarks(60) -WHI- and Brackens(30) -WIZ- has begun.
    Rickard Karstark(580) hit Jonos Bracken(530) 240.
    Jonos Bracken(290) hit Rickard Karstark(580) 160.
    ****
    Rickard Karstark(420) took 20 damage as DOT.
    Jonos Bracken(290) took 30 damage as DOT.
    Rickard Karstark(400) hit Jonos Bracken(260) 240.
    Jonos Bracken(20) hit Rickard Karstark(400) 160.
    ****
    Rickard Karstark(240) took 40 damage as DOT.
    Jonos Bracken(20) took 60 damage as DOT.
    Rickard Karstark(200) hit Jonos Bracken(-40) 240.
    Jonos Bracken(-280) hit Rickard Karstark(200) 160.
    ****
    Rickard Karstark(40) has won.
  Duel between Dustins(27) -WIZ- and Blackwoods(51) -WHI- has begun.
    Barbrey Ryswell(430) hit Tytos Blackwood(630) 217.
    Tytos Blackwood(413) hit Barbrey Ryswell(430) 181.
    ****
    Barbrey Ryswell(249) took 30 damage as DOT.
    Tytos Blackwood(413) took 20 damage as DOT.
    Barbrey Ryswell(219) hit Tytos Blackwood(393) 217.
    Tytos Blackwood(176) hit Barbrey Ryswell(219) 181.
    ****
    Barbrey Ryswell(38) took 60 damage as DOT.
    Tytos Blackwood(176) took 40 damage as DOT.
    Barbrey Ryswell(-22) hit Tytos Blackwood(136) 217.
    Tytos Blackwood(-81) hit Barbrey Ryswell(-22) 181.
    ****
    Both of them are dead. A draw.
  Duel between Mormonts(60) -WHI- and Brackens(27) -WIZ- has begun.
    Jeor Mormont(655) hit Jonos Bracken(530) 240.
    Jonos Bracken(290) hit Jeor Mormont(655) 157.
    ****
    Jeor Mormont(498) took 20 damage as DOT.
    Jonos Bracken(290) took 30 damage as DOT.
    Jeor Mormont(478) hit Jonos Bracken(260) 240.
    Jonos Bracken(20) hit Jeor Mormont(478) 157.
    ****
    Jeor Mormont(321) took 40 damage as DOT.
    Jonos Bracken(20) took 60 damage as DOT.
    Jeor Mormont(281) hit Jonos Bracken(-40) 240.
    Jonos Bracken(-280) hit Jeor Mormont(281) 157.
    ****
    Jeor Mormont(124) has won.
  Duel between Karstarks(60) -WHI- and Mootons(39) -WHI- has begun.
    Rickard Karstark(580) hit William Mooton(705) 240.
    William Mooton(465) hit Rickard Karstark(580) 169.
    ****
    Rickard Karstark(411) took 30 damage as DOT.
    William Mooton(465) took 30 damage as DOT.
    Rickard Karstark(381) hit William Mooton(435) 240.
    William Mooton(195) hit Rickard Karstark(381) 169.
    ****
    Rickard Karstark(212) took 60 damage as DOT.
    William Mooton(195) took 60 damage as DOT.
    Rickard Karstark(152) hit William Mooton(135) 240.
    William Mooton(-105) hit Rickard Karstark(152) 169.
    ****
    Both of them are dead. A draw.
  Duel between House Stark(37) -WIZ- and House Bolton(45) -WIL- has begun.
    Brandon Stark(480) hit Walder Frey(455) 222.
    Walder Frey(233) hit Brandon Stark(480) 200.
    ****
    Brandon Stark(280) took 25 damage as DOT.
    Walder Frey(233) took 20 damage as DOT.
    Brandon Stark(255) hit Walder Frey(213) 222.
    Walder Frey(-9) hit Brandon Stark(255) 200.
    ****
    Brandon Stark(55) has won.
  The North got 7 house points. The Riverlands got 0 house points.

The winner is: The North with currently 4 kingdom points.
---------------
---------------
Duel 15: Dorne vs The Riverlands
  Duel between Qorgyles(60) -WHI- and Brackens(24) -WIZ- has begun.
    Quentyn Qorgyle(605) hit Jonos Bracken(530) 240.
    Jonos Bracken(290) hit Quentyn Qorgyle(605) 154.
    ****
    Quentyn Qorgyle(451) took 20 damage as DOT.
    Jonos Bracken(290) took 30 damage as DOT.
    Quentyn Qorgyle(431) hit Jonos Bracken(260) 240.
    Jonos Bracken(20) hit Quentyn Qorgyle(431) 154.
    ****
    Quentyn Qorgyle(277) took 40 damage as DOT.
    Jonos Bracken(20) took 60 damage as DOT.
    Quentyn Qorgyle(237) hit Jonos Bracken(-40) 240.
    Jonos Bracken(-280) hit Quentyn Qorgyle(237) 154.
    ****
    Quentyn Qorgyle(83) has won.
  Duel between Jordaynes(42) -WIL- and Mootons(39) -WHI- has begun.
    Trebor Jordayne(480) hit William Mooton(705) 242.
    William Mooton(463) hit Trebor Jordayne(480) 169.
    ****
    Trebor Jordayne(311) took 30 damage as DOT.
    William Mooton(463) took 25 damage as DOT.
    Trebor Jordayne(281) hit William Mooton(438) 242.
    William Mooton(196) hit Trebor Jordayne(281) 169.
    ****
    Trebor Jordayne(112) took 60 damage as DOT.
    William Mooton(196) took 50 damage as DOT.
    Trebor Jordayne(52) hit William Mooton(146) 242.
    William Mooton(-96) hit Trebor Jordayne(52) 169.
    ****
    Both of them are dead. A draw.
  Duel between Ullers(30) -WIL- and Blackwoods(51) -WHI- has begun.
    Mantral Uller(430) hit Tytos Blackwood(630) 235.
    Tytos Blackwood(395) hit Mantral Uller(430) 181.
    ****
    Mantral Uller(249) took 30 damage as DOT.
    Tytos Blackwood(395) took 25 damage as DOT.
    Mantral Uller(219) hit Tytos Blackwood(370) 235.
    Tytos Blackwood(135) hit Mantral Uller(219) 181.
    ****
    Mantral Uller(38) took 60 damage as DOT.
    Tytos Blackwood(135) took 50 damage as DOT.
    Mantral Uller(-22) hit Tytos Blackwood(85) 235.
    Tytos Blackwood(-150) hit Mantral Uller(-22) 181.
    ****
    Both of them are dead. A draw.
  Duel between Qorgyles(60) -WHI- and Mootons(39) -WHI- has begun.
    Quentyn Qorgyle(605) hit William Mooton(705) 240.
    William Mooton(465) hit Quentyn Qorgyle(605) 169.
    ****
    Quentyn Qorgyle(436) took 30 damage as DOT.
    William Mooton(465) took 30 damage as DOT.
    Quentyn Qorgyle(406) hit William Mooton(435) 240.
    William Mooton(195) hit Quentyn Qorgyle(406) 169.
    ****
    Quentyn Qorgyle(237) took 60 damage as DOT.
    William Mooton(195) took 60 damage as DOT.
    Quentyn Qorgyle(177) hit William Mooton(135) 240.
    William Mooton(-105) hit Quentyn Qorgyle(177) 169.
    ****
    Quentyn Qorgyle(8) has won.
  Duel between Jordaynes(42) -WIL- and Blackwoods(51) -WHI- has begun.
    Trebor Jordayne(480) hit Tytos Blackwood(630) 242.
    Tytos Blackwood(388) hit Trebor Jordayne(480) 181.
    ****
    Trebor Jordayne(299) took 30 damage as DOT.
    Tytos Blackwood(388) took 25 damage as DOT.
    Trebor Jordayne(269) hit Tytos Blackwood(363) 242.
    Tytos Blackwood(121) hit Trebor Jordayne(269) 181.
    ****
    Trebor Jordayne(88) took 60 damage as DOT.
    Tytos Blackwood(121) took 50 damage as DOT.
    Trebor Jordayne(28) hit Tytos Blackwood(71) 242.
    Tytos Blackwood(-171) hit Trebor Jordayne(28) 181.
    ****
    Both of them are dead. A draw.
  Duel between Ullers(30) -WIL- and Brackens(21) -WIZ- has begun.
    Mantral Uller(430) hit Jonos Bracken(530) 235.
    Jonos Bracken(295) hit Mantral Uller(430) 151.
    ****
    Mantral Uller(279) took 20 damage as DOT.
    Jonos Bracken(295) took 25 damage as DOT.
    Mantral Uller(259) hit Jonos Bracken(270) 235.
    Jonos Bracken(35) hit Mantral Uller(259) 151.
    ****
    Mantral Uller(108) took 40 damage as DOT.
    Jonos Bracken(35) took 50 damage as DOT.
    Mantral Uller(68) hit Jonos Bracken(-15) 235.
    Jonos Bracken(-250) hit Mantral Uller(68) 151.
    ****
    Both of them are dead. A draw.
  Duel between Qorgyles(60) -WHI- and Blackwoods(51) -WHI- has begun.
    Quentyn Qorgyle(605) hit Tytos Blackwood(630) 240.
    Tytos Blackwood(390) hit Quentyn Qorgyle(605) 181.
    ****
    Quentyn Qorgyle(424) took 30 damage as DOT.
    Tytos Blackwood(390) took 30 damage as DOT.
    Quentyn Qorgyle(394) hit Tytos Blackwood(360) 240.
    Tytos Blackwood(120) hit Quentyn Qorgyle(394) 181.
    ****
    Quentyn Qorgyle(213) took 60 damage as DOT.
    Tytos Blackwood(120) took 60 damage as DOT.
    Quentyn Qorgyle(153) hit Tytos Blackwood(60) 240.
    Tytos Blackwood(-180) hit Quentyn Qorgyle(153) 181.
    ****
    Both of them are dead. A draw.
  Duel between Jordaynes(42) -WIL- and Brackens(21) -WIZ- has begun.
    Trebor Jordayne(480) hit Jonos Bracken(530) 242.
    Jonos Bracken(288) hit Trebor Jordayne(480) 151.
    ****
    Trebor Jordayne(329) took 20 damage as DOT.
    Jonos Bracken(288) took 25 damage as DOT.
    Trebor Jordayne(309) hit Jonos Bracken(263) 242.
    Jonos Bracken(21) hit Trebor Jordayne(309) 151.
    ****
    Trebor Jordayne(158) took 40 damage as DOT.
    Jonos Bracken(21) took 50 damage as DOT.
    Trebor Jordayne(118) hit Jonos Bracken(-29) 242.
    Jonos Bracken(-271) hit Trebor Jordayne(118) 151.
    ****
    Both of them are dead. A draw.
  Duel between Ullers(30) -WIL- and Mootons(36) -WHI- has begun.
    Mantral Uller(430) hit William Mooton(705) 235.
    William Mooton(470) hit Mantral Uller(430) 166.
    ****
    Mantral Uller(264) took 30 damage as DOT.
    William Mooton(470) took 25 damage as DOT.
    Mantral Uller(234) hit William Mooton(445) 235.
    William Mooton(210) hit Mantral Uller(234) 166.
    ****
    Mantral Uller(68) took 60 damage as DOT.
    William Mooton(210) took 50 damage as DOT.
    Mantral Uller(8) hit William Mooton(160) 235.
    William Mooton(-75) hit Mantral Uller(8) 166.
    ****
    Both of them are dead. A draw.
  Duel between House Martell(69) -WHI- and House Bolton(32) -WIL- has begun.
    Oberyn Martell(580) hit Walder Frey(455) 249.
    Walder Frey(206) hit Oberyn Martell(580) 187.
    ****
    Oberyn Martell(393) took 25 damage as DOT.
    Walder Frey(206) took 30 damage as DOT.
    Oberyn Martell(368) hit Walder Frey(176) 249.
    Walder Frey(-73) hit Oberyn Martell(368) 187.
    ****
    Oberyn Martell(181) has won.
  Dorne got 5 house points. The Riverlands got 0 house points.

The winner is: Dorne with currently 5 kingdom points.
---------------
The War is over. The new owner of King's Landing is Dorne with a total of 5 points.

