War has started with 6 kingdoms.
---------------
Duel 1: The Westernlands vs The Crownlands
  Duel between Westerlings(30) -WIZ- and Stokeworths(30) -WIZ- has begun.
    Gawen Westerling(470) hit Tanda Stokeworth(515) 165.
    Tanda Stokeworth(350) hit Gawen Westerling(470) 160.
    ****
    Gawen Westerling(310) took 20 damage as DOT.
    Tanda Stokeworth(350) took 20 damage as DOT.
    Gawen Westerling(290) hit Tanda Stokeworth(330) 165.
    Tanda Stokeworth(165) hit Gawen Westerling(290) 160.
    ****
    Gawen Westerling(130) took 40 damage as DOT.
    Tanda Stokeworth(165) took 40 damage as DOT.
    Gawen Westerling(90) hit Tanda Stokeworth(125) 165.
    Tanda Stokeworth(-40) hit Gawen Westerling(90) 160.
    ****
    Both of them are dead. A draw.
  Duel between Serretts(30) -WHI- and Gaunts(30) -WIL- has begun.
    Lord Serrett(645) hit Gwayne Gaunt(540) 170.
    Gwayne Gaunt(370) hit Lord Serrett(645) 170.
    ****
    Lord Serrett(475) took 25 damage as DOT.
    Gwayne Gaunt(370) took 30 damage as DOT.
    Lord Serrett(450) hit Gwayne Gaunt(340) 170.
    Gwayne Gaunt(170) hit Lord Serrett(450) 170.
    ****
    Lord Serrett(280) took 50 damage as DOT.
    Gwayne Gaunt(170) took 60 damage as DOT.
    Lord Serrett(230) hit Gwayne Gaunt(110) 170.
    Gwayne Gaunt(-60) hit Lord Serrett(230) 170.
    ****
    Lord Serrett(60) has won.
  Duel between Lannister of Lannisports(30) -WIZ- and Rosbys(30) -WIZ- has begun.
    Reginald Lannister(545) hit Gyles Rosby(515) 170.
    Gyles Rosby(345) hit Reginald Lannister(545) 145.
    ****
    Reginald Lannister(400) took 20 damage as DOT.
    Gyles Rosby(345) took 20 damage as DOT.
    Reginald Lannister(380) hit Gyles Rosby(325) 170.
    Gyles Rosby(155) hit Reginald Lannister(380) 145.
    ****
    Reginald Lannister(235) took 40 damage as DOT.
    Gyles Rosby(155) took 40 damage as DOT.
    Reginald Lannister(195) hit Gyles Rosby(115) 170.
    Gyles Rosby(-55) hit Reginald Lannister(195) 145.
    ****
    Reginald Lannister(50) has won.
  Duel between Westerlings(30) -WIZ- and Gaunts(27) -WIL- has begun.
    Gawen Westerling(470) hit Gwayne Gaunt(540) 165.
    Gwayne Gaunt(375) hit Gawen Westerling(470) 167.
    ****
    Gawen Westerling(303) took 25 damage as DOT.
    Gwayne Gaunt(375) took 20 damage as DOT.
    Gawen Westerling(278) hit Gwayne Gaunt(355) 165.
    Gwayne Gaunt(190) hit Gawen Westerling(278) 167.
    ****
    Gawen Westerling(111) took 50 damage as DOT.
    Gwayne Gaunt(190) took 40 damage as DOT.
    Gawen Westerling(61) hit Gwayne Gaunt(150) 165.
    Gwayne Gaunt(-15) hit Gawen Westerling(61) 167.
    ****
    Both of them are dead. A draw.
  Duel between Serretts(33) -WHI- and Rosbys(27) -WIZ- has begun.
    Lord Serrett(645) hit Gyles Rosby(515) 173.
    Gyles Rosby(342) hit Lord Serrett(645) 142.
    ****
    Lord Serrett(503) took 20 damage as DOT.
    Gyles Rosby(342) took 30 damage as DOT.
    Lord Serrett(483) hit Gyles Rosby(312) 173.
    Gyles Rosby(139) hit Lord Serrett(483) 142.
    ****
    Lord Serrett(341) took 40 damage as DOT.
    Gyles Rosby(139) took 60 damage as DOT.
    Lord Serrett(301) hit Gyles Rosby(79) 173.
    Gyles Rosby(-94) hit Lord Serrett(301) 142.
    ****
    Lord Serrett(159) has won.
  Duel between Lannister of Lannisports(33) -WIZ- and Stokeworths(30) -WIZ- has begun.
    Reginald Lannister(545) hit Tanda Stokeworth(515) 173.
    Tanda Stokeworth(342) hit Reginald Lannister(545) 160.
    ****
    Reginald Lannister(385) took 20 damage as DOT.
    Tanda Stokeworth(342) took 20 damage as DOT.
    Reginald Lannister(365) hit Tanda Stokeworth(322) 173.
    Tanda Stokeworth(149) hit Reginald Lannister(365) 160.
    ****
    Reginald Lannister(205) took 40 damage as DOT.
    Tanda Stokeworth(149) took 40 damage as DOT.
    Reginald Lannister(165) hit Tanda Stokeworth(109) 173.
    Tanda Stokeworth(-64) hit Reginald Lannister(165) 160.
    ****
    Reginald Lannister(5) has won.
  Duel between Westerlings(30) -WIZ- and Rosbys(24) -WIZ- has begun.
    Gawen Westerling(470) hit Gyles Rosby(515) 165.
    Gyles Rosby(350) hit Gawen Westerling(470) 139.
    ****
    Gawen Westerling(331) took 20 damage as DOT.
    Gyles Rosby(350) took 20 damage as DOT.
    Gawen Westerling(311) hit Gyles Rosby(330) 165.
    Gyles Rosby(165) hit Gawen Westerling(311) 139.
    ****
    Gawen Westerling(172) took 40 damage as DOT.
    Gyles Rosby(165) took 40 damage as DOT.
    Gawen Westerling(132) hit Gyles Rosby(125) 165.
    Gyles Rosby(-40) hit Gawen Westerling(132) 139.
    ****
    Both of them are dead. A draw.
  Duel between Serretts(36) -WHI- and Stokeworths(27) -WIZ- has begun.
    Lord Serrett(645) hit Tanda Stokeworth(515) 176.
    Tanda Stokeworth(339) hit Lord Serrett(645) 157.
    ****
    Lord Serrett(488) took 20 damage as DOT.
    Tanda Stokeworth(339) took 30 damage as DOT.
    Lord Serrett(468) hit Tanda Stokeworth(309) 176.
    Tanda Stokeworth(133) hit Lord Serrett(468) 157.
    ****
    Lord Serrett(311) took 40 damage as DOT.
    Tanda Stokeworth(133) took 60 damage as DOT.
    Lord Serrett(271) hit Tanda Stokeworth(73) 176.
    Tanda Stokeworth(-103) hit Lord Serrett(271) 157.
    ****
    Lord Serrett(114) has won.
  Duel between Lannister of Lannisports(36) -WIZ- and Gaunts(27) -WIL- has begun.
    Reginald Lannister(545) hit Gwayne Gaunt(540) 176.
    Gwayne Gaunt(364) hit Reginald Lannister(545) 167.
    ****
    Reginald Lannister(378) took 25 damage as DOT.
    Gwayne Gaunt(364) took 20 damage as DOT.
    Reginald Lannister(353) hit Gwayne Gaunt(344) 176.
    Gwayne Gaunt(168) hit Reginald Lannister(353) 167.
    ****
    Reginald Lannister(186) took 50 damage as DOT.
    Gwayne Gaunt(168) took 40 damage as DOT.
    Reginald Lannister(136) hit Gwayne Gaunt(128) 176.
    Gwayne Gaunt(-48) hit Reginald Lannister(136) 167.
    ****
    Both of them are dead. A draw.
  Duel between House Frey(50) -WIL- and House Baratheon(50) -WIZ- has begun.
    Lancel Lannister(520) hit Aegon Targaryen(565) 215.
    Aegon Targaryen(350) hit Lancel Lannister(520) 165.
    ****
    Lancel Lannister(355) took 20 damage as DOT.
    Aegon Targaryen(350) took 25 damage as DOT.
    Lancel Lannister(335) hit Aegon Targaryen(325) 215.
    Aegon Targaryen(110) hit Lancel Lannister(335) 165.
    ****
    Lancel Lannister(170) took 40 damage as DOT.
    Aegon Targaryen(110) took 50 damage as DOT.
    Lancel Lannister(130) hit Aegon Targaryen(60) 215.
    Aegon Targaryen(-155) hit Lancel Lannister(130) 165.
    ****
    Both of them are dead. A draw.
  The Westernlands got 5 house points. The Crownlands got 0 house points.

The winner is: The Westernlands with currently 1 kingdom points.
---------------
---------------
Duel 2: The Crownlands vs The Riverlands
  Duel between Stokeworths(24) -WIZ- and Blackwoods(30) -WIL- has begun.
    Tanda Stokeworth(515) hit Tytos Blackwood(540) 154.
    Tytos Blackwood(386) hit Tanda Stokeworth(515) 175.
    ****
    Tanda Stokeworth(340) took 25 damage as DOT.
    Tytos Blackwood(386) took 20 damage as DOT.
    Tanda Stokeworth(315) hit Tytos Blackwood(366) 154.
    Tytos Blackwood(212) hit Tanda Stokeworth(315) 175.
    ****
    Tanda Stokeworth(140) took 50 damage as DOT.
    Tytos Blackwood(212) took 40 damage as DOT.
    Tanda Stokeworth(90) hit Tytos Blackwood(172) 154.
    Tytos Blackwood(18) hit Tanda Stokeworth(90) 175.
    ****
    Tytos Blackwood(18) has won.
  Duel between Gaunts(27) -WIL- and Mallisters(30) -WHI- has begun.
    Gwayne Gaunt(540) hit Jason Mallister(690) 167.
    Jason Mallister(523) hit Gwayne Gaunt(540) 150.
    ****
    Gwayne Gaunt(390) took 30 damage as DOT.
    Jason Mallister(523) took 25 damage as DOT.
    Gwayne Gaunt(360) hit Jason Mallister(498) 167.
    Jason Mallister(331) hit Gwayne Gaunt(360) 150.
    ****
    Gwayne Gaunt(210) took 60 damage as DOT.
    Jason Mallister(331) took 50 damage as DOT.
    Gwayne Gaunt(150) hit Jason Mallister(281) 167.
    Jason Mallister(114) hit Gwayne Gaunt(150) 150.
    ****
    Jason Mallister(114) has won.
  Duel between Rosbys(24) -WIZ- and Smallwoods(30) -WIZ- has begun.
    Gyles Rosby(515) hit Theomar Smallwood(565) 139.
    Theomar Smallwood(426) hit Gyles Rosby(515) 150.
    ****
    Gyles Rosby(365) took 20 damage as DOT.
    Theomar Smallwood(426) took 20 damage as DOT.
    Gyles Rosby(345) hit Theomar Smallwood(406) 139.
    Theomar Smallwood(267) hit Gyles Rosby(345) 150.
    ****
    Gyles Rosby(195) took 40 damage as DOT.
    Theomar Smallwood(267) took 40 damage as DOT.
    Gyles Rosby(155) hit Theomar Smallwood(227) 139.
    Theomar Smallwood(88) hit Gyles Rosby(155) 150.
    ****
    Gyles Rosby(5) took 60 damage as DOT.
    Theomar Smallwood(88) took 60 damage as DOT.
    Gyles Rosby(-55) hit Theomar Smallwood(28) 139.
    Theomar Smallwood(-111) hit Gyles Rosby(-55) 150.
    ****
    Both of them are dead. A draw.
  Duel between Stokeworths(21) -WIZ- and Mallisters(33) -WHI- has begun.
    Tanda Stokeworth(515) hit Jason Mallister(690) 151.
    Jason Mallister(539) hit Tanda Stokeworth(515) 153.
    ****
    Tanda Stokeworth(362) took 30 damage as DOT.
    Jason Mallister(539) took 20 damage as DOT.
    Tanda Stokeworth(332) hit Jason Mallister(519) 151.
    Jason Mallister(368) hit Tanda Stokeworth(332) 153.
    ****
    Tanda Stokeworth(179) took 60 damage as DOT.
    Jason Mallister(368) took 40 damage as DOT.
    Tanda Stokeworth(119) hit Jason Mallister(328) 151.
    Jason Mallister(177) hit Tanda Stokeworth(119) 153.
    ****
    Jason Mallister(177) has won.
  Duel between Gaunts(24) -WIL- and Smallwoods(30) -WIZ- has begun.
    Gwayne Gaunt(540) hit Theomar Smallwood(565) 164.
    Theomar Smallwood(401) hit Gwayne Gaunt(540) 150.
    ****
    Gwayne Gaunt(390) took 20 damage as DOT.
    Theomar Smallwood(401) took 25 damage as DOT.
    Gwayne Gaunt(370) hit Theomar Smallwood(376) 164.
    Theomar Smallwood(212) hit Gwayne Gaunt(370) 150.
    ****
    Gwayne Gaunt(220) took 40 damage as DOT.
    Theomar Smallwood(212) took 50 damage as DOT.
    Gwayne Gaunt(180) hit Theomar Smallwood(162) 164.
    Theomar Smallwood(-2) hit Gwayne Gaunt(180) 150.
    ****
    Gwayne Gaunt(30) has won.
  Duel between Rosbys(24) -WIZ- and Blackwoods(33) -WIL- has begun.
    Gyles Rosby(515) hit Tytos Blackwood(540) 139.
    Tytos Blackwood(401) hit Gyles Rosby(515) 178.
    ****
    Gyles Rosby(337) took 25 damage as DOT.
    Tytos Blackwood(401) took 20 damage as DOT.
    Gyles Rosby(312) hit Tytos Blackwood(381) 139.
    Tytos Blackwood(242) hit Gyles Rosby(312) 178.
    ****
    Gyles Rosby(134) took 50 damage as DOT.
    Tytos Blackwood(242) took 40 damage as DOT.
    Gyles Rosby(84) hit Tytos Blackwood(202) 139.
    Tytos Blackwood(63) hit Gyles Rosby(84) 178.
    ****
    Tytos Blackwood(63) has won.
  Duel between Stokeworths(18) -WIZ- and Smallwoods(27) -WIZ- has begun.
    Tanda Stokeworth(515) hit Theomar Smallwood(565) 148.
    Theomar Smallwood(417) hit Tanda Stokeworth(515) 147.
    ****
    Tanda Stokeworth(368) took 20 damage as DOT.
    Theomar Smallwood(417) took 20 damage as DOT.
    Tanda Stokeworth(348) hit Theomar Smallwood(397) 148.
    Theomar Smallwood(249) hit Tanda Stokeworth(348) 147.
    ****
    Tanda Stokeworth(201) took 40 damage as DOT.
    Theomar Smallwood(249) took 40 damage as DOT.
    Tanda Stokeworth(161) hit Theomar Smallwood(209) 148.
    Theomar Smallwood(61) hit Tanda Stokeworth(161) 147.
    ****
    Tanda Stokeworth(14) took 60 damage as DOT.
    Theomar Smallwood(61) took 60 damage as DOT.
    Tanda Stokeworth(-46) hit Theomar Smallwood(1) 148.
    Theomar Smallwood(-147) hit Tanda Stokeworth(-46) 147.
    ****
    Both of them are dead. A draw.
  Duel between Gaunts(23) -WIL- and Blackwoods(36) -WIL- has begun.
    Gwayne Gaunt(540) hit Tytos Blackwood(540) 163.
    Tytos Blackwood(377) hit Gwayne Gaunt(540) 181.
    ****
    Gwayne Gaunt(359) took 25 damage as DOT.
    Tytos Blackwood(377) took 25 damage as DOT.
    Gwayne Gaunt(334) hit Tytos Blackwood(352) 163.
    Tytos Blackwood(189) hit Gwayne Gaunt(334) 181.
    ****
    Gwayne Gaunt(153) took 50 damage as DOT.
    Tytos Blackwood(189) took 50 damage as DOT.
    Gwayne Gaunt(103) hit Tytos Blackwood(139) 163.
    Tytos Blackwood(-24) hit Gwayne Gaunt(103) 181.
    ****
    Both of them are dead. A draw.
  Duel between Rosbys(21) -WIZ- and Mallisters(36) -WHI- has begun.
    Gyles Rosby(515) hit Jason Mallister(690) 136.
    Jason Mallister(554) hit Gyles Rosby(515) 156.
    ****
    Gyles Rosby(359) took 30 damage as DOT.
    Jason Mallister(554) took 20 damage as DOT.
    Gyles Rosby(329) hit Jason Mallister(534) 136.
    Jason Mallister(398) hit Gyles Rosby(329) 156.
    ****
    Gyles Rosby(173) took 60 damage as DOT.
    Jason Mallister(398) took 40 damage as DOT.
    Gyles Rosby(113) hit Jason Mallister(358) 136.
    Jason Mallister(222) hit Gyles Rosby(113) 156.
    ****
    Jason Mallister(222) has won.
  Duel between House Baratheon(50) -WIZ- and House Bolton(50) -WHI- has begun.
    Aegon Targaryen(565) hit Lothar Frey(640) 165.
    Lothar Frey(475) hit Aegon Targaryen(565) 170.
    ****
    Aegon Targaryen(395) took 30 damage as DOT.
    Lothar Frey(475) took 20 damage as DOT.
    Aegon Targaryen(365) hit Lothar Frey(455) 165.
    Lothar Frey(290) hit Aegon Targaryen(365) 170.
    ****
    Aegon Targaryen(195) took 60 damage as DOT.
    Lothar Frey(290) took 40 damage as DOT.
    Aegon Targaryen(135) hit Lothar Frey(250) 165.
    Lothar Frey(85) hit Aegon Targaryen(135) 170.
    ****
    Lothar Frey(85) has won.
  The Crownlands got 1 house points. The Riverlands got 8 house points.

The winner is: The Riverlands with currently 1 kingdom points.
---------------
---------------
Duel 3: The Riverlands vs The Reach
  Duel between Blackwoods(36) -WIL- and Redwynes(30) -WIZ- has begun.
    Tytos Blackwood(540) hit Paxter Redwyne(483) 181.
    Paxter Redwyne(302) hit Tytos Blackwood(540) 148.
    ****
    Tytos Blackwood(392) took 20 damage as DOT.
    Paxter Redwyne(302) took 25 damage as DOT.
    Tytos Blackwood(372) hit Paxter Redwyne(277) 181.
    Paxter Redwyne(96) hit Tytos Blackwood(372) 148.
    ****
    Tytos Blackwood(224) took 40 damage as DOT.
    Paxter Redwyne(96) took 50 damage as DOT.
    Tytos Blackwood(184) hit Paxter Redwyne(46) 181.
    Paxter Redwyne(-135) hit Tytos Blackwood(184) 148.
    ****
    Tytos Blackwood(36) has won.
  Duel between Mallisters(39) -WHI- and Cuys(30) -WHI- has begun.
    Jason Mallister(690) hit Emmon Cuy(633) 159.
    Emmon Cuy(474) hit Jason Mallister(690) 153.
    ****
    Jason Mallister(537) took 30 damage as DOT.
    Emmon Cuy(474) took 30 damage as DOT.
    Jason Mallister(507) hit Emmon Cuy(444) 159.
    Emmon Cuy(285) hit Jason Mallister(507) 153.
    ****
    Jason Mallister(354) took 60 damage as DOT.
    Emmon Cuy(285) took 60 damage as DOT.
    Jason Mallister(294) hit Emmon Cuy(225) 159.
    Emmon Cuy(66) hit Jason Mallister(294) 153.
    ****
    Jason Mallister(141) took 90 damage as DOT.
    Emmon Cuy(66) took 90 damage as DOT.
    Jason Mallister(51) hit Emmon Cuy(-24) 159.
    Emmon Cuy(-183) hit Jason Mallister(51) 153.
    ****
    Both of them are dead. A draw.
  Duel between Smallwoods(27) -WIZ- and Oakhearts(30) -WIZ- has begun.
    Theomar Smallwood(565) hit Arys Oakheart(558) 147.
    Arys Oakheart(411) hit Theomar Smallwood(565) 153.
    ****
    Theomar Smallwood(412) took 20 damage as DOT.
    Arys Oakheart(411) took 20 damage as DOT.
    Theomar Smallwood(392) hit Arys Oakheart(391) 147.
    Arys Oakheart(244) hit Theomar Smallwood(392) 153.
    ****
    Theomar Smallwood(239) took 40 damage as DOT.
    Arys Oakheart(244) took 40 damage as DOT.
    Theomar Smallwood(199) hit Arys Oakheart(204) 147.
    Arys Oakheart(57) hit Theomar Smallwood(199) 153.
    ****
    Theomar Smallwood(46) took 60 damage as DOT.
    Arys Oakheart(57) took 60 damage as DOT.
    Theomar Smallwood(-14) hit Arys Oakheart(-3) 147.
    Arys Oakheart(-150) hit Theomar Smallwood(-14) 153.
    ****
    Both of them are dead. A draw.
  Duel between Blackwoods(39) -WIL- and Cuys(30) -WHI- has begun.
    Tytos Blackwood(540) hit Emmon Cuy(633) 184.
    Emmon Cuy(449) hit Tytos Blackwood(540) 153.
    ****
    Tytos Blackwood(387) took 30 damage as DOT.
    Emmon Cuy(449) took 25 damage as DOT.
    Tytos Blackwood(357) hit Emmon Cuy(424) 184.
    Emmon Cuy(240) hit Tytos Blackwood(357) 153.
    ****
    Tytos Blackwood(204) took 60 damage as DOT.
    Emmon Cuy(240) took 50 damage as DOT.
    Tytos Blackwood(144) hit Emmon Cuy(190) 184.
    Emmon Cuy(6) hit Tytos Blackwood(144) 153.
    ****
    Emmon Cuy(6) has won.
  Duel between Mallisters(39) -WHI- and Oakhearts(30) -WIZ- has begun.
    Jason Mallister(690) hit Arys Oakheart(558) 159.
    Arys Oakheart(399) hit Jason Mallister(690) 153.
    ****
    Jason Mallister(537) took 20 damage as DOT.
    Arys Oakheart(399) took 30 damage as DOT.
    Jason Mallister(517) hit Arys Oakheart(369) 159.
    Arys Oakheart(210) hit Jason Mallister(517) 153.
    ****
    Jason Mallister(364) took 40 damage as DOT.
    Arys Oakheart(210) took 60 damage as DOT.
    Jason Mallister(324) hit Arys Oakheart(150) 159.
    Arys Oakheart(-9) hit Jason Mallister(324) 153.
    ****
    Jason Mallister(171) has won.
  Duel between Smallwoods(27) -WIZ- and Redwynes(27) -WIZ- has begun.
    Theomar Smallwood(565) hit Paxter Redwyne(483) 147.
    Paxter Redwyne(336) hit Theomar Smallwood(565) 145.
    ****
    Theomar Smallwood(420) took 20 damage as DOT.
    Paxter Redwyne(336) took 20 damage as DOT.
    Theomar Smallwood(400) hit Paxter Redwyne(316) 147.
    Paxter Redwyne(169) hit Theomar Smallwood(400) 145.
    ****
    Theomar Smallwood(255) took 40 damage as DOT.
    Paxter Redwyne(169) took 40 damage as DOT.
    Theomar Smallwood(215) hit Paxter Redwyne(129) 147.
    Paxter Redwyne(-18) hit Theomar Smallwood(215) 145.
    ****
    Theomar Smallwood(70) has won.
  Duel between Blackwoods(36) -WIL- and Oakhearts(27) -WIZ- has begun.
    Tytos Blackwood(540) hit Arys Oakheart(558) 181.
    Arys Oakheart(377) hit Tytos Blackwood(540) 150.
    ****
    Tytos Blackwood(390) took 20 damage as DOT.
    Arys Oakheart(377) took 25 damage as DOT.
    Tytos Blackwood(370) hit Arys Oakheart(352) 181.
    Arys Oakheart(171) hit Tytos Blackwood(370) 150.
    ****
    Tytos Blackwood(220) took 40 damage as DOT.
    Arys Oakheart(171) took 50 damage as DOT.
    Tytos Blackwood(180) hit Arys Oakheart(121) 181.
    Arys Oakheart(-60) hit Tytos Blackwood(180) 150.
    ****
    Tytos Blackwood(30) has won.
  Duel between Mallisters(42) -WHI- and Redwynes(24) -WIZ- has begun.
    Jason Mallister(690) hit Paxter Redwyne(483) 162.
    Paxter Redwyne(321) hit Jason Mallister(690) 142.
    ****
    Jason Mallister(548) took 20 damage as DOT.
    Paxter Redwyne(321) took 30 damage as DOT.
    Jason Mallister(528) hit Paxter Redwyne(291) 162.
    Paxter Redwyne(129) hit Jason Mallister(528) 142.
    ****
    Jason Mallister(386) took 40 damage as DOT.
    Paxter Redwyne(129) took 60 damage as DOT.
    Jason Mallister(346) hit Paxter Redwyne(69) 162.
    Paxter Redwyne(-93) hit Jason Mallister(346) 142.
    ****
    Jason Mallister(204) has won.
  Duel between Smallwoods(30) -WIZ- and Cuys(27) -WHI- has begun.
    Theomar Smallwood(565) hit Emmon Cuy(633) 150.
    Emmon Cuy(483) hit Theomar Smallwood(565) 150.
    ****
    Theomar Smallwood(415) took 30 damage as DOT.
    Emmon Cuy(483) took 20 damage as DOT.
    Theomar Smallwood(385) hit Emmon Cuy(463) 150.
    Emmon Cuy(313) hit Theomar Smallwood(385) 150.
    ****
    Theomar Smallwood(235) took 60 damage as DOT.
    Emmon Cuy(313) took 40 damage as DOT.
    Theomar Smallwood(175) hit Emmon Cuy(273) 150.
    Emmon Cuy(123) hit Theomar Smallwood(175) 150.
    ****
    Theomar Smallwood(25) took 90 damage as DOT.
    Emmon Cuy(123) took 60 damage as DOT.
    Theomar Smallwood(-65) hit Emmon Cuy(63) 150.
    Emmon Cuy(-87) hit Theomar Smallwood(-65) 150.
    ****
    Both of them are dead. A draw.
  Duel between House Bolton(55) -WHI- and House Lannister(50) -WHI- has begun.
    Lothar Frey(640) hit Luthor Tyrell(683) 175.
    Luthor Tyrell(508) hit Lothar Frey(640) 173.
    ****
    Lothar Frey(467) took 30 damage as DOT.
    Luthor Tyrell(508) took 30 damage as DOT.
    Lothar Frey(437) hit Luthor Tyrell(478) 175.
    Luthor Tyrell(303) hit Lothar Frey(437) 173.
    ****
    Lothar Frey(264) took 60 damage as DOT.
    Luthor Tyrell(303) took 60 damage as DOT.
    Lothar Frey(204) hit Luthor Tyrell(243) 175.
    Luthor Tyrell(68) hit Lothar Frey(204) 173.
    ****
    Lothar Frey(31) took 90 damage as DOT.
    Luthor Tyrell(68) took 90 damage as DOT.
    Lothar Frey(-59) hit Luthor Tyrell(-22) 175.
    Luthor Tyrell(-197) hit Lothar Frey(-59) 173.
    ****
    Both of them are dead. A draw.
  The Riverlands got 5 house points. The Reach got 1 house points.

The winner is: The Riverlands with currently 2 kingdom points.
---------------
---------------
Duel 4: The Reach vs The North
  Duel between Redwynes(21) -WIZ- and Ryswells(30) -WIL- has begun.
    Paxter Redwyne(483) hit Barbrey Ryswell(455) 139.
    Barbrey Ryswell(316) hit Paxter Redwyne(483) 230.
    ****
    Paxter Redwyne(253) took 25 damage as DOT.
    Barbrey Ryswell(316) took 20 damage as DOT.
    Paxter Redwyne(228) hit Barbrey Ryswell(296) 139.
    Barbrey Ryswell(157) hit Paxter Redwyne(228) 230.
    ****
    Barbrey Ryswell(157) has won.
  Duel between Cuys(27) -WHI- and Mormonts(30) -WIL- has begun.
    Emmon Cuy(633) hit Jeor Mormont(480) 150.
    Jeor Mormont(330) hit Emmon Cuy(633) 235.
    ****
    Emmon Cuy(398) took 25 damage as DOT.
    Jeor Mormont(330) took 30 damage as DOT.
    Emmon Cuy(373) hit Jeor Mormont(300) 150.
    Jeor Mormont(150) hit Emmon Cuy(373) 235.
    ****
    Emmon Cuy(138) took 50 damage as DOT.
    Jeor Mormont(150) took 60 damage as DOT.
    Emmon Cuy(88) hit Jeor Mormont(90) 150.
    Jeor Mormont(-60) hit Emmon Cuy(88) 235.
    ****
    Both of them are dead. A draw.
  Duel between Oakhearts(24) -WIZ- and Umbers(30) -WIL- has begun.
    Arys Oakheart(558) hit Greatjon Umber(455) 147.
    Greatjon Umber(308) hit Arys Oakheart(558) 230.
    ****
    Arys Oakheart(328) took 25 damage as DOT.
    Greatjon Umber(308) took 20 damage as DOT.
    Arys Oakheart(303) hit Greatjon Umber(288) 147.
    Greatjon Umber(141) hit Arys Oakheart(303) 230.
    ****
    Arys Oakheart(73) took 50 damage as DOT.
    Greatjon Umber(141) took 40 damage as DOT.
    Arys Oakheart(23) hit Greatjon Umber(101) 147.
    Greatjon Umber(-46) hit Arys Oakheart(23) 230.
    ****
    Both of them are dead. A draw.
  Duel between Redwynes(18) -WIZ- and Mormonts(30) -WIL- has begun.
    Paxter Redwyne(483) hit Jeor Mormont(480) 136.
    Jeor Mormont(344) hit Paxter Redwyne(483) 235.
    ****
    Paxter Redwyne(248) took 25 damage as DOT.
    Jeor Mormont(344) took 20 damage as DOT.
    Paxter Redwyne(223) hit Jeor Mormont(324) 136.
    Jeor Mormont(188) hit Paxter Redwyne(223) 235.
    ****
    Jeor Mormont(188) has won.
  Duel between Cuys(27) -WHI- and Umbers(30) -WIL- has begun.
    Emmon Cuy(633) hit Greatjon Umber(455) 150.
    Greatjon Umber(305) hit Emmon Cuy(633) 230.
    ****
    Emmon Cuy(403) took 25 damage as DOT.
    Greatjon Umber(305) took 30 damage as DOT.
    Emmon Cuy(378) hit Greatjon Umber(275) 150.
    Greatjon Umber(125) hit Emmon Cuy(378) 230.
    ****
    Emmon Cuy(148) took 50 damage as DOT.
    Greatjon Umber(125) took 60 damage as DOT.
    Emmon Cuy(98) hit Greatjon Umber(65) 150.
    Greatjon Umber(-85) hit Emmon Cuy(98) 230.
    ****
    Both of them are dead. A draw.
  Duel between Oakhearts(24) -WIZ- and Ryswells(33) -WIL- has begun.
    Arys Oakheart(558) hit Barbrey Ryswell(455) 147.
    Barbrey Ryswell(308) hit Arys Oakheart(558) 233.
    ****
    Arys Oakheart(325) took 25 damage as DOT.
    Barbrey Ryswell(308) took 20 damage as DOT.
    Arys Oakheart(300) hit Barbrey Ryswell(288) 147.
    Barbrey Ryswell(141) hit Arys Oakheart(300) 233.
    ****
    Arys Oakheart(67) took 50 damage as DOT.
    Barbrey Ryswell(141) took 40 damage as DOT.
    Arys Oakheart(17) hit Barbrey Ryswell(101) 147.
    Barbrey Ryswell(-46) hit Arys Oakheart(17) 233.
    ****
    Both of them are dead. A draw.
  Duel between Redwynes(15) -WIZ- and Umbers(30) -WIL- has begun.
    Paxter Redwyne(483) hit Greatjon Umber(455) 133.
    Greatjon Umber(322) hit Paxter Redwyne(483) 230.
    ****
    Paxter Redwyne(253) took 25 damage as DOT.
    Greatjon Umber(322) took 20 damage as DOT.
    Paxter Redwyne(228) hit Greatjon Umber(302) 133.
    Greatjon Umber(169) hit Paxter Redwyne(228) 230.
    ****
    Greatjon Umber(169) has won.
  Duel between Cuys(27) -WHI- and Ryswells(33) -WIL- has begun.
    Emmon Cuy(633) hit Barbrey Ryswell(455) 150.
    Barbrey Ryswell(305) hit Emmon Cuy(633) 233.
    ****
    Emmon Cuy(400) took 25 damage as DOT.
    Barbrey Ryswell(305) took 30 damage as DOT.
    Emmon Cuy(375) hit Barbrey Ryswell(275) 150.
    Barbrey Ryswell(125) hit Emmon Cuy(375) 233.
    ****
    Emmon Cuy(142) took 50 damage as DOT.
    Barbrey Ryswell(125) took 60 damage as DOT.
    Emmon Cuy(92) hit Barbrey Ryswell(65) 150.
    Barbrey Ryswell(-85) hit Emmon Cuy(92) 233.
    ****
    Both of them are dead. A draw.
  Duel between Oakhearts(24) -WIZ- and Mormonts(33) -WIL- has begun.
    Arys Oakheart(558) hit Jeor Mormont(480) 147.
    Jeor Mormont(333) hit Arys Oakheart(558) 238.
    ****
    Arys Oakheart(320) took 25 damage as DOT.
    Jeor Mormont(333) took 20 damage as DOT.
    Arys Oakheart(295) hit Jeor Mormont(313) 147.
    Jeor Mormont(166) hit Arys Oakheart(295) 238.
    ****
    Arys Oakheart(57) took 50 damage as DOT.
    Jeor Mormont(166) took 40 damage as DOT.
    Arys Oakheart(7) hit Jeor Mormont(126) 147.
    Jeor Mormont(-21) hit Arys Oakheart(7) 238.
    ****
    Both of them are dead. A draw.
  Duel between House Lannister(50) -WHI- and House Stark(50) -WHI- has begun.
    Luthor Tyrell(683) hit Arya Stark(655) 173.
    Arya Stark(482) hit Luthor Tyrell(683) 230.
    ****
    Luthor Tyrell(453) took 30 damage as DOT.
    Arya Stark(482) took 30 damage as DOT.
    Luthor Tyrell(423) hit Arya Stark(452) 173.
    Arya Stark(279) hit Luthor Tyrell(423) 230.
    ****
    Luthor Tyrell(193) took 60 damage as DOT.
    Arya Stark(279) took 60 damage as DOT.
    Luthor Tyrell(133) hit Arya Stark(219) 173.
    Arya Stark(46) hit Luthor Tyrell(133) 230.
    ****
    Arya Stark(46) has won.
  The Reach got 0 house points. The North got 6 house points.

The winner is: The North with currently 1 kingdom points.
---------------
---------------
Duel 5: The North vs Dorne
  Duel between Ryswells(33) -WIL- and Blackmonts(30) -WIL- has begun.
    Barbrey Ryswell(455) hit Larra Blackmont(475) 233.
    Larra Blackmont(242) hit Barbrey Ryswell(455) 140.
    ****
    Barbrey Ryswell(315) took 25 damage as DOT.
    Larra Blackmont(242) took 25 damage as DOT.
    Barbrey Ryswell(290) hit Larra Blackmont(217) 233.
    Larra Blackmont(-16) hit Barbrey Ryswell(290) 140.
    ****
    Barbrey Ryswell(150) has won.
  Duel between Mormonts(33) -WIL- and Yronwoods(30) -WIL- has begun.
    Jeor Mormont(480) hit Edgar Yronwood(450) 238.
    Edgar Yronwood(212) hit Jeor Mormont(480) 145.
    ****
    Jeor Mormont(335) took 25 damage as DOT.
    Edgar Yronwood(212) took 25 damage as DOT.
    Jeor Mormont(310) hit Edgar Yronwood(187) 238.
    Edgar Yronwood(-51) hit Jeor Mormont(310) 145.
    ****
    Jeor Mormont(165) has won.
  Duel between Umbers(33) -WIL- and Manwoodys(30) -WIZ- has begun.
    Greatjon Umber(455) hit Dagos Manwoody(450) 233.
    Dagos Manwoody(217) hit Greatjon Umber(455) 125.
    ****
    Greatjon Umber(330) took 20 damage as DOT.
    Dagos Manwoody(217) took 25 damage as DOT.
    Greatjon Umber(310) hit Dagos Manwoody(192) 233.
    Dagos Manwoody(-41) hit Greatjon Umber(310) 125.
    ****
    Greatjon Umber(185) has won.
  Duel between Ryswells(36) -WIL- and Yronwoods(27) -WIL- has begun.
    Barbrey Ryswell(455) hit Edgar Yronwood(450) 236.
    Edgar Yronwood(214) hit Barbrey Ryswell(455) 142.
    ****
    Barbrey Ryswell(313) took 25 damage as DOT.
    Edgar Yronwood(214) took 25 damage as DOT.
    Barbrey Ryswell(288) hit Edgar Yronwood(189) 236.
    Edgar Yronwood(-47) hit Barbrey Ryswell(288) 142.
    ****
    Barbrey Ryswell(146) has won.
  Duel between Mormonts(36) -WIL- and Manwoodys(27) -WIZ- has begun.
    Jeor Mormont(480) hit Dagos Manwoody(450) 241.
    Dagos Manwoody(209) hit Jeor Mormont(480) 122.
    ****
    Jeor Mormont(358) took 20 damage as DOT.
    Dagos Manwoody(209) took 25 damage as DOT.
    Jeor Mormont(338) hit Dagos Manwoody(184) 241.
    Dagos Manwoody(-57) hit Jeor Mormont(338) 122.
    ****
    Jeor Mormont(216) has won.
  Duel between Umbers(36) -WIL- and Blackmonts(27) -WIL- has begun.
    Greatjon Umber(455) hit Larra Blackmont(475) 236.
    Larra Blackmont(239) hit Greatjon Umber(455) 137.
    ****
    Greatjon Umber(318) took 25 damage as DOT.
    Larra Blackmont(239) took 25 damage as DOT.
    Greatjon Umber(293) hit Larra Blackmont(214) 236.
    Larra Blackmont(-22) hit Greatjon Umber(293) 137.
    ****
    Greatjon Umber(156) has won.
  Duel between Ryswells(39) -WIL- and Manwoodys(24) -WIZ- has begun.
    Barbrey Ryswell(455) hit Dagos Manwoody(450) 239.
    Dagos Manwoody(211) hit Barbrey Ryswell(455) 119.
    ****
    Barbrey Ryswell(336) took 20 damage as DOT.
    Dagos Manwoody(211) took 25 damage as DOT.
    Barbrey Ryswell(316) hit Dagos Manwoody(186) 239.
    Dagos Manwoody(-53) hit Barbrey Ryswell(316) 119.
    ****
    Barbrey Ryswell(197) has won.
  Duel between Mormonts(39) -WIL- and Blackmonts(24) -WIL- has begun.
    Jeor Mormont(480) hit Larra Blackmont(475) 244.
    Larra Blackmont(231) hit Jeor Mormont(480) 134.
    ****
    Jeor Mormont(346) took 25 damage as DOT.
    Larra Blackmont(231) took 25 damage as DOT.
    Jeor Mormont(321) hit Larra Blackmont(206) 244.
    Larra Blackmont(-38) hit Jeor Mormont(321) 134.
    ****
    Jeor Mormont(187) has won.
  Duel between Umbers(39) -WIL- and Yronwoods(24) -WIL- has begun.
    Greatjon Umber(455) hit Edgar Yronwood(450) 239.
    Edgar Yronwood(211) hit Greatjon Umber(455) 139.
    ****
    Greatjon Umber(316) took 25 damage as DOT.
    Edgar Yronwood(211) took 25 damage as DOT.
    Greatjon Umber(291) hit Edgar Yronwood(186) 239.
    Edgar Yronwood(-53) hit Greatjon Umber(291) 139.
    ****
    Greatjon Umber(152) has won.
  Duel between House Stark(55) -WHI- and House Martell(50) -WIL- has begun.
    Arya Stark(655) hit Trystane Martell(500) 235.
    Trystane Martell(265) hit Arya Stark(655) 160.
    ****
    Arya Stark(495) took 25 damage as DOT.
    Trystane Martell(265) took 30 damage as DOT.
    Arya Stark(470) hit Trystane Martell(235) 235.
    Trystane Martell(0) hit Arya Stark(470) 160.
    ****
    Arya Stark(310) has won.
  The North got 12 house points. Dorne got 0 house points.

The winner is: The North with currently 2 kingdom points.
---------------
---------------
Duel 6: The Westernlands vs The Riverlands
  Duel between Westerlings(30) -WIZ- and Blackwoods(39) -WIL- has begun.
    Gawen Westerling(470) hit Tytos Blackwood(540) 165.
    Tytos Blackwood(375) hit Gawen Westerling(470) 184.
    ****
    Gawen Westerling(286) took 25 damage as DOT.
    Tytos Blackwood(375) took 20 damage as DOT.
    Gawen Westerling(261) hit Tytos Blackwood(355) 165.
    Tytos Blackwood(190) hit Gawen Westerling(261) 184.
    ****
    Gawen Westerling(77) took 50 damage as DOT.
    Tytos Blackwood(190) took 40 damage as DOT.
    Gawen Westerling(27) hit Tytos Blackwood(150) 165.
    Tytos Blackwood(-15) hit Gawen Westerling(27) 184.
    ****
    Both of them are dead. A draw.
  Duel between Serretts(39) -WHI- and Mallisters(45) -WHI- has begun.
    Lord Serrett(645) hit Jason Mallister(690) 179.
    Jason Mallister(511) hit Lord Serrett(645) 165.
    ****
    Lord Serrett(480) took 30 damage as DOT.
    Jason Mallister(511) took 30 damage as DOT.
    Lord Serrett(450) hit Jason Mallister(481) 179.
    Jason Mallister(302) hit Lord Serrett(450) 165.
    ****
    Lord Serrett(285) took 60 damage as DOT.
    Jason Mallister(302) took 60 damage as DOT.
    Lord Serrett(225) hit Jason Mallister(242) 179.
    Jason Mallister(63) hit Lord Serrett(225) 165.
    ****
    Lord Serrett(60) took 90 damage as DOT.
    Jason Mallister(63) took 90 damage as DOT.
    Lord Serrett(-30) hit Jason Mallister(-27) 179.
    Jason Mallister(-206) hit Lord Serrett(-30) 165.
    ****
    Both of them are dead. A draw.
  Duel between Lannister of Lannisports(36) -WIZ- and Smallwoods(30) -WIZ- has begun.
    Reginald Lannister(545) hit Theomar Smallwood(565) 176.
    Theomar Smallwood(389) hit Reginald Lannister(545) 150.
    ****
    Reginald Lannister(395) took 20 damage as DOT.
    Theomar Smallwood(389) took 20 damage as DOT.
    Reginald Lannister(375) hit Theomar Smallwood(369) 176.
    Theomar Smallwood(193) hit Reginald Lannister(375) 150.
    ****
    Reginald Lannister(225) took 40 damage as DOT.
    Theomar Smallwood(193) took 40 damage as DOT.
    Reginald Lannister(185) hit Theomar Smallwood(153) 176.
    Theomar Smallwood(-23) hit Reginald Lannister(185) 150.
    ****
    Reginald Lannister(35) has won.
  Duel between Westerlings(30) -WIZ- and Mallisters(45) -WHI- has begun.
    Gawen Westerling(470) hit Jason Mallister(690) 165.
    Jason Mallister(525) hit Gawen Westerling(470) 165.
    ****
    Gawen Westerling(305) took 30 damage as DOT.
    Jason Mallister(525) took 20 damage as DOT.
    Gawen Westerling(275) hit Jason Mallister(505) 165.
    Jason Mallister(340) hit Gawen Westerling(275) 165.
    ****
    Gawen Westerling(110) took 60 damage as DOT.
    Jason Mallister(340) took 40 damage as DOT.
    Gawen Westerling(50) hit Jason Mallister(300) 165.
    Jason Mallister(135) hit Gawen Westerling(50) 165.
    ****
    Jason Mallister(135) has won.
  Duel between Serretts(39) -WHI- and Smallwoods(27) -WIZ- has begun.
    Lord Serrett(645) hit Theomar Smallwood(565) 179.
    Theomar Smallwood(386) hit Lord Serrett(645) 147.
    ****
    Lord Serrett(498) took 20 damage as DOT.
    Theomar Smallwood(386) took 30 damage as DOT.
    Lord Serrett(478) hit Theomar Smallwood(356) 179.
    Theomar Smallwood(177) hit Lord Serrett(478) 147.
    ****
    Lord Serrett(331) took 40 damage as DOT.
    Theomar Smallwood(177) took 60 damage as DOT.
    Lord Serrett(291) hit Theomar Smallwood(117) 179.
    Theomar Smallwood(-62) hit Lord Serrett(291) 147.
    ****
    Lord Serrett(144) has won.
  Duel between Lannister of Lannisports(39) -WIZ- and Blackwoods(39) -WIL- has begun.
    Reginald Lannister(545) hit Tytos Blackwood(540) 179.
    Tytos Blackwood(361) hit Reginald Lannister(545) 184.
    ****
    Reginald Lannister(361) took 25 damage as DOT.
    Tytos Blackwood(361) took 20 damage as DOT.
    Reginald Lannister(336) hit Tytos Blackwood(341) 179.
    Tytos Blackwood(162) hit Reginald Lannister(336) 184.
    ****
    Reginald Lannister(152) took 50 damage as DOT.
    Tytos Blackwood(162) took 40 damage as DOT.
    Reginald Lannister(102) hit Tytos Blackwood(122) 179.
    Tytos Blackwood(-57) hit Reginald Lannister(102) 184.
    ****
    Both of them are dead. A draw.
  Duel between Westerlings(27) -WIZ- and Smallwoods(24) -WIZ- has begun.
    Gawen Westerling(470) hit Theomar Smallwood(565) 162.
    Theomar Smallwood(403) hit Gawen Westerling(470) 144.
    ****
    Gawen Westerling(326) took 20 damage as DOT.
    Theomar Smallwood(403) took 20 damage as DOT.
    Gawen Westerling(306) hit Theomar Smallwood(383) 162.
    Theomar Smallwood(221) hit Gawen Westerling(306) 144.
    ****
    Gawen Westerling(162) took 40 damage as DOT.
    Theomar Smallwood(221) took 40 damage as DOT.
    Gawen Westerling(122) hit Theomar Smallwood(181) 162.
    Theomar Smallwood(19) hit Gawen Westerling(122) 144.
    ****
    Theomar Smallwood(19) has won.
  Duel between Serretts(42) -WHI- and Blackwoods(39) -WIL- has begun.
    Lord Serrett(645) hit Tytos Blackwood(540) 182.
    Tytos Blackwood(358) hit Lord Serrett(645) 184.
    ****
    Lord Serrett(461) took 25 damage as DOT.
    Tytos Blackwood(358) took 30 damage as DOT.
    Lord Serrett(436) hit Tytos Blackwood(328) 182.
    Tytos Blackwood(146) hit Lord Serrett(436) 184.
    ****
    Lord Serrett(252) took 50 damage as DOT.
    Tytos Blackwood(146) took 60 damage as DOT.
    Lord Serrett(202) hit Tytos Blackwood(86) 182.
    Tytos Blackwood(-96) hit Lord Serrett(202) 184.
    ****
    Lord Serrett(18) has won.
  Duel between Lannister of Lannisports(39) -WIZ- and Mallisters(48) -WHI- has begun.
    Reginald Lannister(545) hit Jason Mallister(690) 179.
    Jason Mallister(511) hit Reginald Lannister(545) 168.
    ****
    Reginald Lannister(377) took 30 damage as DOT.
    Jason Mallister(511) took 20 damage as DOT.
    Reginald Lannister(347) hit Jason Mallister(491) 179.
    Jason Mallister(312) hit Reginald Lannister(347) 168.
    ****
    Reginald Lannister(179) took 60 damage as DOT.
    Jason Mallister(312) took 40 damage as DOT.
    Reginald Lannister(119) hit Jason Mallister(272) 179.
    Jason Mallister(93) hit Reginald Lannister(119) 168.
    ****
    Jason Mallister(93) has won.
  Duel between House Frey(50) -WIL- and House Bolton(55) -WHI- has begun.
    Lancel Lannister(520) hit Lothar Frey(640) 215.
    Lothar Frey(425) hit Lancel Lannister(520) 175.
    ****
    Lancel Lannister(345) took 30 damage as DOT.
    Lothar Frey(425) took 25 damage as DOT.
    Lancel Lannister(315) hit Lothar Frey(400) 215.
    Lothar Frey(185) hit Lancel Lannister(315) 175.
    ****
    Lancel Lannister(140) took 60 damage as DOT.
    Lothar Frey(185) took 50 damage as DOT.
    Lancel Lannister(80) hit Lothar Frey(135) 215.
    Lothar Frey(-80) hit Lancel Lannister(80) 175.
    ****
    Both of them are dead. A draw.
  The Westernlands got 3 house points. The Riverlands got 3 house points.

A draw.
---------------
---------------
Duel 7: The Crownlands vs The Reach
  Duel between Stokeworths(18) -WIZ- and Redwynes(12) -WIZ- has begun.
    Tanda Stokeworth(515) hit Paxter Redwyne(483) 148.
    Paxter Redwyne(335) hit Tanda Stokeworth(515) 130.
    ****
    Tanda Stokeworth(385) took 20 damage as DOT.
    Paxter Redwyne(335) took 20 damage as DOT.
    Tanda Stokeworth(365) hit Paxter Redwyne(315) 148.
    Paxter Redwyne(167) hit Tanda Stokeworth(365) 130.
    ****
    Tanda Stokeworth(235) took 40 damage as DOT.
    Paxter Redwyne(167) took 40 damage as DOT.
    Tanda Stokeworth(195) hit Paxter Redwyne(127) 148.
    Paxter Redwyne(-21) hit Tanda Stokeworth(195) 130.
    ****
    Tanda Stokeworth(65) has won.
  Duel between Gaunts(23) -WIL- and Cuys(27) -WHI- has begun.
    Gwayne Gaunt(540) hit Emmon Cuy(633) 163.
    Emmon Cuy(470) hit Gwayne Gaunt(540) 150.
    ****
    Gwayne Gaunt(390) took 30 damage as DOT.
    Emmon Cuy(470) took 25 damage as DOT.
    Gwayne Gaunt(360) hit Emmon Cuy(445) 163.
    Emmon Cuy(282) hit Gwayne Gaunt(360) 150.
    ****
    Gwayne Gaunt(210) took 60 damage as DOT.
    Emmon Cuy(282) took 50 damage as DOT.
    Gwayne Gaunt(150) hit Emmon Cuy(232) 163.
    Emmon Cuy(69) hit Gwayne Gaunt(150) 150.
    ****
    Emmon Cuy(69) has won.
  Duel between Rosbys(18) -WIZ- and Oakhearts(24) -WIZ- has begun.
    Gyles Rosby(515) hit Arys Oakheart(558) 133.
    Arys Oakheart(425) hit Gyles Rosby(515) 147.
    ****
    Gyles Rosby(368) took 20 damage as DOT.
    Arys Oakheart(425) took 20 damage as DOT.
    Gyles Rosby(348) hit Arys Oakheart(405) 133.
    Arys Oakheart(272) hit Gyles Rosby(348) 147.
    ****
    Gyles Rosby(201) took 40 damage as DOT.
    Arys Oakheart(272) took 40 damage as DOT.
    Gyles Rosby(161) hit Arys Oakheart(232) 133.
    Arys Oakheart(99) hit Gyles Rosby(161) 147.
    ****
    Gyles Rosby(14) took 60 damage as DOT.
    Arys Oakheart(99) took 60 damage as DOT.
    Gyles Rosby(-46) hit Arys Oakheart(39) 133.
    Arys Oakheart(-94) hit Gyles Rosby(-46) 147.
    ****
    Both of them are dead. A draw.
  Duel between Stokeworths(21) -WIZ- and Cuys(30) -WHI- has begun.
    Tanda Stokeworth(515) hit Emmon Cuy(633) 151.
    Emmon Cuy(482) hit Tanda Stokeworth(515) 153.
    ****
    Tanda Stokeworth(362) took 30 damage as DOT.
    Emmon Cuy(482) took 20 damage as DOT.
    Tanda Stokeworth(332) hit Emmon Cuy(462) 151.
    Emmon Cuy(311) hit Tanda Stokeworth(332) 153.
    ****
    Tanda Stokeworth(179) took 60 damage as DOT.
    Emmon Cuy(311) took 40 damage as DOT.
    Tanda Stokeworth(119) hit Emmon Cuy(271) 151.
    Emmon Cuy(120) hit Tanda Stokeworth(119) 153.
    ****
    Emmon Cuy(120) has won.
  Duel between Gaunts(20) -WIL- and Oakhearts(24) -WIZ- has begun.
    Gwayne Gaunt(540) hit Arys Oakheart(558) 160.
    Arys Oakheart(398) hit Gwayne Gaunt(540) 147.
    ****
    Gwayne Gaunt(393) took 20 damage as DOT.
    Arys Oakheart(398) took 25 damage as DOT.
    Gwayne Gaunt(373) hit Arys Oakheart(373) 160.
    Arys Oakheart(213) hit Gwayne Gaunt(373) 147.
    ****
    Gwayne Gaunt(226) took 40 damage as DOT.
    Arys Oakheart(213) took 50 damage as DOT.
    Gwayne Gaunt(186) hit Arys Oakheart(163) 160.
    Arys Oakheart(3) hit Gwayne Gaunt(186) 147.
    ****
    Gwayne Gaunt(39) took 60 damage as DOT.
    Arys Oakheart(3) took 75 damage as DOT.
    Gwayne Gaunt(-21) hit Arys Oakheart(-72) 160.
    Arys Oakheart(-232) hit Gwayne Gaunt(-21) 147.
    ****
    Both of them are dead. A draw.
  Duel between Rosbys(18) -WIZ- and Redwynes(9) -WIZ- has begun.
    Gyles Rosby(515) hit Paxter Redwyne(483) 133.
    Paxter Redwyne(350) hit Gyles Rosby(515) 127.
    ****
    Gyles Rosby(388) took 20 damage as DOT.
    Paxter Redwyne(350) took 20 damage as DOT.
    Gyles Rosby(368) hit Paxter Redwyne(330) 133.
    Paxter Redwyne(197) hit Gyles Rosby(368) 127.
    ****
    Gyles Rosby(241) took 40 damage as DOT.
    Paxter Redwyne(197) took 40 damage as DOT.
    Gyles Rosby(201) hit Paxter Redwyne(157) 133.
    Paxter Redwyne(24) hit Gyles Rosby(201) 127.
    ****
    Gyles Rosby(74) took 60 damage as DOT.
    Paxter Redwyne(24) took 60 damage as DOT.
    Gyles Rosby(14) hit Paxter Redwyne(-36) 133.
    Paxter Redwyne(-169) hit Gyles Rosby(14) 127.
    ****
    Both of them are dead. A draw.
  Duel between Stokeworths(18) -WIZ- and Oakhearts(24) -WIZ- has begun.
    Tanda Stokeworth(515) hit Arys Oakheart(558) 148.
    Arys Oakheart(410) hit Tanda Stokeworth(515) 147.
    ****
    Tanda Stokeworth(368) took 20 damage as DOT.
    Arys Oakheart(410) took 20 damage as DOT.
    Tanda Stokeworth(348) hit Arys Oakheart(390) 148.
    Arys Oakheart(242) hit Tanda Stokeworth(348) 147.
    ****
    Tanda Stokeworth(201) took 40 damage as DOT.
    Arys Oakheart(242) took 40 damage as DOT.
    Tanda Stokeworth(161) hit Arys Oakheart(202) 148.
    Arys Oakheart(54) hit Tanda Stokeworth(161) 147.
    ****
    Tanda Stokeworth(14) took 60 damage as DOT.
    Arys Oakheart(54) took 60 damage as DOT.
    Tanda Stokeworth(-46) hit Arys Oakheart(-6) 148.
    Arys Oakheart(-154) hit Tanda Stokeworth(-46) 147.
    ****
    Both of them are dead. A draw.
  Duel between Gaunts(20) -WIL- and Redwynes(9) -WIZ- has begun.
    Gwayne Gaunt(540) hit Paxter Redwyne(483) 160.
    Paxter Redwyne(323) hit Gwayne Gaunt(540) 127.
    ****
    Gwayne Gaunt(413) took 20 damage as DOT.
    Paxter Redwyne(323) took 25 damage as DOT.
    Gwayne Gaunt(393) hit Paxter Redwyne(298) 160.
    Paxter Redwyne(138) hit Gwayne Gaunt(393) 127.
    ****
    Gwayne Gaunt(266) took 40 damage as DOT.
    Paxter Redwyne(138) took 50 damage as DOT.
    Gwayne Gaunt(226) hit Paxter Redwyne(88) 160.
    Paxter Redwyne(-72) hit Gwayne Gaunt(226) 127.
    ****
    Gwayne Gaunt(99) has won.
  Duel between Rosbys(18) -WIZ- and Cuys(33) -WHI- has begun.
    Gyles Rosby(515) hit Emmon Cuy(633) 133.
    Emmon Cuy(500) hit Gyles Rosby(515) 156.
    ****
    Gyles Rosby(359) took 30 damage as DOT.
    Emmon Cuy(500) took 20 damage as DOT.
    Gyles Rosby(329) hit Emmon Cuy(480) 133.
    Emmon Cuy(347) hit Gyles Rosby(329) 156.
    ****
    Gyles Rosby(173) took 60 damage as DOT.
    Emmon Cuy(347) took 40 damage as DOT.
    Gyles Rosby(113) hit Emmon Cuy(307) 133.
    Emmon Cuy(174) hit Gyles Rosby(113) 156.
    ****
    Emmon Cuy(174) has won.
  Duel between House Baratheon(45) -WIZ- and House Lannister(45) -WHI- has begun.
    Aegon Targaryen(565) hit Luthor Tyrell(683) 160.
    Luthor Tyrell(523) hit Aegon Targaryen(565) 168.
    ****
    Aegon Targaryen(397) took 30 damage as DOT.
    Luthor Tyrell(523) took 20 damage as DOT.
    Aegon Targaryen(367) hit Luthor Tyrell(503) 160.
    Luthor Tyrell(343) hit Aegon Targaryen(367) 168.
    ****
    Aegon Targaryen(199) took 60 damage as DOT.
    Luthor Tyrell(343) took 40 damage as DOT.
    Aegon Targaryen(139) hit Luthor Tyrell(303) 160.
    Luthor Tyrell(143) hit Aegon Targaryen(139) 168.
    ****
    Luthor Tyrell(143) has won.
  The Crownlands got 2 house points. The Reach got 6 house points.

The winner is: The Reach with currently 1 kingdom points.
---------------
---------------
Duel 8: The Riverlands vs The North
  Duel between Blackwoods(36) -WIL- and Ryswells(42) -WIL- has begun.
    Tytos Blackwood(540) hit Barbrey Ryswell(455) 181.
    Barbrey Ryswell(274) hit Tytos Blackwood(540) 242.
    ****
    Tytos Blackwood(298) took 25 damage as DOT.
    Barbrey Ryswell(274) took 25 damage as DOT.
    Tytos Blackwood(273) hit Barbrey Ryswell(249) 181.
    Barbrey Ryswell(68) hit Tytos Blackwood(273) 242.
    ****
    Tytos Blackwood(31) took 50 damage as DOT.
    Barbrey Ryswell(68) took 50 damage as DOT.
    Tytos Blackwood(-19) hit Barbrey Ryswell(18) 181.
    Barbrey Ryswell(-163) hit Tytos Blackwood(-19) 242.
    ****
    Both of them are dead. A draw.
  Duel between Mallisters(51) -WHI- and Mormonts(42) -WIL- has begun.
    Jason Mallister(690) hit Jeor Mormont(480) 171.
    Jeor Mormont(309) hit Jason Mallister(690) 247.
    ****
    Jason Mallister(443) took 25 damage as DOT.
    Jeor Mormont(309) took 30 damage as DOT.
    Jason Mallister(418) hit Jeor Mormont(279) 171.
    Jeor Mormont(108) hit Jason Mallister(418) 247.
    ****
    Jason Mallister(171) took 50 damage as DOT.
    Jeor Mormont(108) took 60 damage as DOT.
    Jason Mallister(121) hit Jeor Mormont(48) 171.
    Jeor Mormont(-123) hit Jason Mallister(121) 247.
    ****
    Both of them are dead. A draw.
  Duel between Smallwoods(23) -WIZ- and Umbers(42) -WIL- has begun.
    Theomar Smallwood(565) hit Greatjon Umber(455) 143.
    Greatjon Umber(312) hit Theomar Smallwood(565) 242.
    ****
    Theomar Smallwood(323) took 25 damage as DOT.
    Greatjon Umber(312) took 20 damage as DOT.
    Theomar Smallwood(298) hit Greatjon Umber(292) 143.
    Greatjon Umber(149) hit Theomar Smallwood(298) 242.
    ****
    Theomar Smallwood(56) took 50 damage as DOT.
    Greatjon Umber(149) took 40 damage as DOT.
    Theomar Smallwood(6) hit Greatjon Umber(109) 143.
    Greatjon Umber(-34) hit Theomar Smallwood(6) 242.
    ****
    Both of them are dead. A draw.
  Duel between Blackwoods(36) -WIL- and Mormonts(42) -WIL- has begun.
    Tytos Blackwood(540) hit Jeor Mormont(480) 181.
    Jeor Mormont(299) hit Tytos Blackwood(540) 247.
    ****
    Tytos Blackwood(293) took 25 damage as DOT.
    Jeor Mormont(299) took 25 damage as DOT.
    Tytos Blackwood(268) hit Jeor Mormont(274) 181.
    Jeor Mormont(93) hit Tytos Blackwood(268) 247.
    ****
    Tytos Blackwood(21) took 50 damage as DOT.
    Jeor Mormont(93) took 50 damage as DOT.
    Tytos Blackwood(-29) hit Jeor Mormont(43) 181.
    Jeor Mormont(-138) hit Tytos Blackwood(-29) 247.
    ****
    Both of them are dead. A draw.
  Duel between Mallisters(51) -WHI- and Umbers(42) -WIL- has begun.
    Jason Mallister(690) hit Greatjon Umber(455) 171.
    Greatjon Umber(284) hit Jason Mallister(690) 242.
    ****
    Jason Mallister(448) took 25 damage as DOT.
    Greatjon Umber(284) took 30 damage as DOT.
    Jason Mallister(423) hit Greatjon Umber(254) 171.
    Greatjon Umber(83) hit Jason Mallister(423) 242.
    ****
    Jason Mallister(181) took 50 damage as DOT.
    Greatjon Umber(83) took 60 damage as DOT.
    Jason Mallister(131) hit Greatjon Umber(23) 171.
    Greatjon Umber(-148) hit Jason Mallister(131) 242.
    ****
    Both of them are dead. A draw.
  Duel between Smallwoods(23) -WIZ- and Ryswells(42) -WIL- has begun.
    Theomar Smallwood(565) hit Barbrey Ryswell(455) 143.
    Barbrey Ryswell(312) hit Theomar Smallwood(565) 242.
    ****
    Theomar Smallwood(323) took 25 damage as DOT.
    Barbrey Ryswell(312) took 20 damage as DOT.
    Theomar Smallwood(298) hit Barbrey Ryswell(292) 143.
    Barbrey Ryswell(149) hit Theomar Smallwood(298) 242.
    ****
    Theomar Smallwood(56) took 50 damage as DOT.
    Barbrey Ryswell(149) took 40 damage as DOT.
    Theomar Smallwood(6) hit Barbrey Ryswell(109) 143.
    Barbrey Ryswell(-34) hit Theomar Smallwood(6) 242.
    ****
    Both of them are dead. A draw.
  Duel between Blackwoods(36) -WIL- and Umbers(42) -WIL- has begun.
    Tytos Blackwood(540) hit Greatjon Umber(455) 181.
    Greatjon Umber(274) hit Tytos Blackwood(540) 242.
    ****
    Tytos Blackwood(298) took 25 damage as DOT.
    Greatjon Umber(274) took 25 damage as DOT.
    Tytos Blackwood(273) hit Greatjon Umber(249) 181.
    Greatjon Umber(68) hit Tytos Blackwood(273) 242.
    ****
    Tytos Blackwood(31) took 50 damage as DOT.
    Greatjon Umber(68) took 50 damage as DOT.
    Tytos Blackwood(-19) hit Greatjon Umber(18) 181.
    Greatjon Umber(-163) hit Tytos Blackwood(-19) 242.
    ****
    Both of them are dead. A draw.
  Duel between Mallisters(51) -WHI- and Ryswells(42) -WIL- has begun.
    Jason Mallister(690) hit Barbrey Ryswell(455) 171.
    Barbrey Ryswell(284) hit Jason Mallister(690) 242.
    ****
    Jason Mallister(448) took 25 damage as DOT.
    Barbrey Ryswell(284) took 30 damage as DOT.
    Jason Mallister(423) hit Barbrey Ryswell(254) 171.
    Barbrey Ryswell(83) hit Jason Mallister(423) 242.
    ****
    Jason Mallister(181) took 50 damage as DOT.
    Barbrey Ryswell(83) took 60 damage as DOT.
    Jason Mallister(131) hit Barbrey Ryswell(23) 171.
    Barbrey Ryswell(-148) hit Jason Mallister(131) 242.
    ****
    Both of them are dead. A draw.
  Duel between Smallwoods(23) -WIZ- and Mormonts(42) -WIL- has begun.
    Theomar Smallwood(565) hit Jeor Mormont(480) 143.
    Jeor Mormont(337) hit Theomar Smallwood(565) 247.
    ****
    Theomar Smallwood(318) took 25 damage as DOT.
    Jeor Mormont(337) took 20 damage as DOT.
    Theomar Smallwood(293) hit Jeor Mormont(317) 143.
    Jeor Mormont(174) hit Theomar Smallwood(293) 247.
    ****
    Theomar Smallwood(46) took 50 damage as DOT.
    Jeor Mormont(174) took 40 damage as DOT.
    Theomar Smallwood(-4) hit Jeor Mormont(134) 143.
    Jeor Mormont(-9) hit Theomar Smallwood(-4) 247.
    ****
    Both of them are dead. A draw.
  Duel between House Bolton(55) -WHI- and House Stark(64) -WHI- has begun.
    Lothar Frey(640) hit Arya Stark(655) 175.
    Arya Stark(480) hit Lothar Frey(640) 244.
    ****
    Lothar Frey(396) took 30 damage as DOT.
    Arya Stark(480) took 30 damage as DOT.
    Lothar Frey(366) hit Arya Stark(450) 175.
    Arya Stark(275) hit Lothar Frey(366) 244.
    ****
    Lothar Frey(122) took 60 damage as DOT.
    Arya Stark(275) took 60 damage as DOT.
    Lothar Frey(62) hit Arya Stark(215) 175.
    Arya Stark(40) hit Lothar Frey(62) 244.
    ****
    Arya Stark(40) has won.
  The Riverlands got 0 house points. The North got 3 house points.

The winner is: The North with currently 3 kingdom points.
---------------
---------------
Duel 9: The Reach vs Dorne
  Duel between Redwynes(6) -WIZ- and Blackmonts(21) -WIL- has begun.
    Paxter Redwyne(483) hit Larra Blackmont(475) 124.
    Larra Blackmont(351) hit Paxter Redwyne(483) 131.
    ****
    Paxter Redwyne(352) took 25 damage as DOT.
    Larra Blackmont(351) took 20 damage as DOT.
    Paxter Redwyne(327) hit Larra Blackmont(331) 124.
    Larra Blackmont(207) hit Paxter Redwyne(327) 131.
    ****
    Paxter Redwyne(196) took 50 damage as DOT.
    Larra Blackmont(207) took 40 damage as DOT.
    Paxter Redwyne(146) hit Larra Blackmont(167) 124.
    Larra Blackmont(43) hit Paxter Redwyne(146) 131.
    ****
    Paxter Redwyne(15) took 75 damage as DOT.
    Larra Blackmont(43) took 60 damage as DOT.
    Paxter Redwyne(-60) hit Larra Blackmont(-17) 124.
    Larra Blackmont(-141) hit Paxter Redwyne(-60) 131.
    ****
    Both of them are dead. A draw.
  Duel between Cuys(36) -WHI- and Yronwoods(21) -WIL- has begun.
    Emmon Cuy(633) hit Edgar Yronwood(450) 159.
    Edgar Yronwood(291) hit Emmon Cuy(633) 136.
    ****
    Emmon Cuy(497) took 25 damage as DOT.
    Edgar Yronwood(291) took 30 damage as DOT.
    Emmon Cuy(472) hit Edgar Yronwood(261) 159.
    Edgar Yronwood(102) hit Emmon Cuy(472) 136.
    ****
    Emmon Cuy(336) took 50 damage as DOT.
    Edgar Yronwood(102) took 60 damage as DOT.
    Emmon Cuy(286) hit Edgar Yronwood(42) 159.
    Edgar Yronwood(-117) hit Emmon Cuy(286) 136.
    ****
    Emmon Cuy(150) has won.
  Duel between Oakhearts(24) -WIZ- and Manwoodys(21) -WIZ- has begun.
    Arys Oakheart(558) hit Dagos Manwoody(450) 147.
    Dagos Manwoody(303) hit Arys Oakheart(558) 116.
    ****
    Arys Oakheart(442) took 20 damage as DOT.
    Dagos Manwoody(303) took 20 damage as DOT.
    Arys Oakheart(422) hit Dagos Manwoody(283) 147.
    Dagos Manwoody(136) hit Arys Oakheart(422) 116.
    ****
    Arys Oakheart(306) took 40 damage as DOT.
    Dagos Manwoody(136) took 40 damage as DOT.
    Arys Oakheart(266) hit Dagos Manwoody(96) 147.
    Dagos Manwoody(-51) hit Arys Oakheart(266) 116.
    ****
    Arys Oakheart(150) has won.
  Duel between Redwynes(6) -WIZ- and Yronwoods(18) -WIL- has begun.
    Paxter Redwyne(483) hit Edgar Yronwood(450) 124.
    Edgar Yronwood(326) hit Paxter Redwyne(483) 133.
    ****
    Paxter Redwyne(350) took 25 damage as DOT.
    Edgar Yronwood(326) took 20 damage as DOT.
    Paxter Redwyne(325) hit Edgar Yronwood(306) 124.
    Edgar Yronwood(182) hit Paxter Redwyne(325) 133.
    ****
    Paxter Redwyne(192) took 50 damage as DOT.
    Edgar Yronwood(182) took 40 damage as DOT.
    Paxter Redwyne(142) hit Edgar Yronwood(142) 124.
    Edgar Yronwood(18) hit Paxter Redwyne(142) 133.
    ****
    Paxter Redwyne(9) took 75 damage as DOT.
    Edgar Yronwood(18) took 60 damage as DOT.
    Paxter Redwyne(-66) hit Edgar Yronwood(-42) 124.
    Edgar Yronwood(-166) hit Paxter Redwyne(-66) 133.
    ****
    Both of them are dead. A draw.
  Duel between Cuys(39) -WHI- and Manwoodys(18) -WIZ- has begun.
    Emmon Cuy(633) hit Dagos Manwoody(450) 162.
    Dagos Manwoody(288) hit Emmon Cuy(633) 113.
    ****
    Emmon Cuy(520) took 20 damage as DOT.
    Dagos Manwoody(288) took 30 damage as DOT.
    Emmon Cuy(500) hit Dagos Manwoody(258) 162.
    Dagos Manwoody(96) hit Emmon Cuy(500) 113.
    ****
    Emmon Cuy(387) took 40 damage as DOT.
    Dagos Manwoody(96) took 60 damage as DOT.
    Emmon Cuy(347) hit Dagos Manwoody(36) 162.
    Dagos Manwoody(-126) hit Emmon Cuy(347) 113.
    ****
    Emmon Cuy(234) has won.
  Duel between Oakhearts(27) -WIZ- and Blackmonts(21) -WIL- has begun.
    Arys Oakheart(558) hit Larra Blackmont(475) 150.
    Larra Blackmont(325) hit Arys Oakheart(558) 131.
    ****
    Arys Oakheart(427) took 25 damage as DOT.
    Larra Blackmont(325) took 20 damage as DOT.
    Arys Oakheart(402) hit Larra Blackmont(305) 150.
    Larra Blackmont(155) hit Arys Oakheart(402) 131.
    ****
    Arys Oakheart(271) took 50 damage as DOT.
    Larra Blackmont(155) took 40 damage as DOT.
    Arys Oakheart(221) hit Larra Blackmont(115) 150.
    Larra Blackmont(-35) hit Arys Oakheart(221) 131.
    ****
    Arys Oakheart(90) has won.
  Duel between Redwynes(6) -WIZ- and Manwoodys(15) -WIZ- has begun.
    Paxter Redwyne(483) hit Dagos Manwoody(450) 124.
    Dagos Manwoody(326) hit Paxter Redwyne(483) 110.
    ****
    Paxter Redwyne(373) took 20 damage as DOT.
    Dagos Manwoody(326) took 20 damage as DOT.
    Paxter Redwyne(353) hit Dagos Manwoody(306) 124.
    Dagos Manwoody(182) hit Paxter Redwyne(353) 110.
    ****
    Paxter Redwyne(243) took 40 damage as DOT.
    Dagos Manwoody(182) took 40 damage as DOT.
    Paxter Redwyne(203) hit Dagos Manwoody(142) 124.
    Dagos Manwoody(18) hit Paxter Redwyne(203) 110.
    ****
    Paxter Redwyne(93) took 60 damage as DOT.
    Dagos Manwoody(18) took 60 damage as DOT.
    Paxter Redwyne(33) hit Dagos Manwoody(-42) 124.
    Dagos Manwoody(-166) hit Paxter Redwyne(33) 110.
    ****
    Both of them are dead. A draw.
  Duel between Cuys(42) -WHI- and Blackmonts(18) -WIL- has begun.
    Emmon Cuy(633) hit Larra Blackmont(475) 165.
    Larra Blackmont(310) hit Emmon Cuy(633) 128.
    ****
    Emmon Cuy(505) took 25 damage as DOT.
    Larra Blackmont(310) took 30 damage as DOT.
    Emmon Cuy(480) hit Larra Blackmont(280) 165.
    Larra Blackmont(115) hit Emmon Cuy(480) 128.
    ****
    Emmon Cuy(352) took 50 damage as DOT.
    Larra Blackmont(115) took 60 damage as DOT.
    Emmon Cuy(302) hit Larra Blackmont(55) 165.
    Larra Blackmont(-110) hit Emmon Cuy(302) 128.
    ****
    Emmon Cuy(174) has won.
  Duel between Oakhearts(30) -WIZ- and Yronwoods(18) -WIL- has begun.
    Arys Oakheart(558) hit Edgar Yronwood(450) 153.
    Edgar Yronwood(297) hit Arys Oakheart(558) 133.
    ****
    Arys Oakheart(425) took 25 damage as DOT.
    Edgar Yronwood(297) took 20 damage as DOT.
    Arys Oakheart(400) hit Edgar Yronwood(277) 153.
    Edgar Yronwood(124) hit Arys Oakheart(400) 133.
    ****
    Arys Oakheart(267) took 50 damage as DOT.
    Edgar Yronwood(124) took 40 damage as DOT.
    Arys Oakheart(217) hit Edgar Yronwood(84) 153.
    Edgar Yronwood(-69) hit Arys Oakheart(217) 133.
    ****
    Arys Oakheart(84) has won.
  Duel between House Lannister(50) -WHI- and House Martell(37) -WIL- has begun.
    Luthor Tyrell(683) hit Trystane Martell(500) 173.
    Trystane Martell(327) hit Luthor Tyrell(683) 147.
    ****
    Luthor Tyrell(536) took 25 damage as DOT.
    Trystane Martell(327) took 30 damage as DOT.
    Luthor Tyrell(511) hit Trystane Martell(297) 173.
    Trystane Martell(124) hit Luthor Tyrell(511) 147.
    ****
    Luthor Tyrell(364) took 50 damage as DOT.
    Trystane Martell(124) took 60 damage as DOT.
    Luthor Tyrell(314) hit Trystane Martell(64) 173.
    Trystane Martell(-109) hit Luthor Tyrell(314) 147.
    ****
    Luthor Tyrell(167) has won.
  The Reach got 9 house points. Dorne got 0 house points.

The winner is: The Reach with currently 2 kingdom points.
---------------
---------------
Duel 10: The Westernlands vs The Reach
  Duel between Westerlings(24) -WIZ- and Redwynes(6) -WIZ- has begun.
    Gawen Westerling(470) hit Paxter Redwyne(483) 159.
    Paxter Redwyne(324) hit Gawen Westerling(470) 124.
    ****
    Gawen Westerling(346) took 20 damage as DOT.
    Paxter Redwyne(324) took 20 damage as DOT.
    Gawen Westerling(326) hit Paxter Redwyne(304) 159.
    Paxter Redwyne(145) hit Gawen Westerling(326) 124.
    ****
    Gawen Westerling(202) took 40 damage as DOT.
    Paxter Redwyne(145) took 40 damage as DOT.
    Gawen Westerling(162) hit Paxter Redwyne(105) 159.
    Paxter Redwyne(-54) hit Gawen Westerling(162) 124.
    ****
    Gawen Westerling(38) has won.
  Duel between Serretts(45) -WHI- and Cuys(45) -WHI- has begun.
    Lord Serrett(645) hit Emmon Cuy(633) 185.
    Emmon Cuy(448) hit Lord Serrett(645) 168.
    ****
    Lord Serrett(477) took 30 damage as DOT.
    Emmon Cuy(448) took 30 damage as DOT.
    Lord Serrett(447) hit Emmon Cuy(418) 185.
    Emmon Cuy(233) hit Lord Serrett(447) 168.
    ****
    Lord Serrett(279) took 60 damage as DOT.
    Emmon Cuy(233) took 60 damage as DOT.
    Lord Serrett(219) hit Emmon Cuy(173) 185.
    Emmon Cuy(-12) hit Lord Serrett(219) 168.
    ****
    Lord Serrett(51) has won.
  Duel between Lannister of Lannisports(36) -WIZ- and Oakhearts(33) -WIZ- has begun.
    Reginald Lannister(545) hit Arys Oakheart(558) 176.
    Arys Oakheart(382) hit Reginald Lannister(545) 156.
    ****
    Reginald Lannister(389) took 20 damage as DOT.
    Arys Oakheart(382) took 20 damage as DOT.
    Reginald Lannister(369) hit Arys Oakheart(362) 176.
    Arys Oakheart(186) hit Reginald Lannister(369) 156.
    ****
    Reginald Lannister(213) took 40 damage as DOT.
    Arys Oakheart(186) took 40 damage as DOT.
    Reginald Lannister(173) hit Arys Oakheart(146) 176.
    Arys Oakheart(-30) hit Reginald Lannister(173) 156.
    ****
    Reginald Lannister(17) has won.
  Duel between Westerlings(27) -WIZ- and Cuys(42) -WHI- has begun.
    Gawen Westerling(470) hit Emmon Cuy(633) 162.
    Emmon Cuy(471) hit Gawen Westerling(470) 165.
    ****
    Gawen Westerling(305) took 30 damage as DOT.
    Emmon Cuy(471) took 20 damage as DOT.
    Gawen Westerling(275) hit Emmon Cuy(451) 162.
    Emmon Cuy(289) hit Gawen Westerling(275) 165.
    ****
    Gawen Westerling(110) took 60 damage as DOT.
    Emmon Cuy(289) took 40 damage as DOT.
    Gawen Westerling(50) hit Emmon Cuy(249) 162.
    Emmon Cuy(87) hit Gawen Westerling(50) 165.
    ****
    Emmon Cuy(87) has won.
  Duel between Serretts(48) -WHI- and Oakhearts(30) -WIZ- has begun.
    Lord Serrett(645) hit Arys Oakheart(558) 188.
    Arys Oakheart(370) hit Lord Serrett(645) 153.
    ****
    Lord Serrett(492) took 20 damage as DOT.
    Arys Oakheart(370) took 30 damage as DOT.
    Lord Serrett(472) hit Arys Oakheart(340) 188.
    Arys Oakheart(152) hit Lord Serrett(472) 153.
    ****
    Lord Serrett(319) took 40 damage as DOT.
    Arys Oakheart(152) took 60 damage as DOT.
    Lord Serrett(279) hit Arys Oakheart(92) 188.
    Arys Oakheart(-96) hit Lord Serrett(279) 153.
    ****
    Lord Serrett(126) has won.
  Duel between Lannister of Lannisports(39) -WIZ- and Redwynes(3) -WIZ- has begun.
    Reginald Lannister(545) hit Paxter Redwyne(483) 179.
    Paxter Redwyne(304) hit Reginald Lannister(545) 121.
    ****
    Reginald Lannister(424) took 20 damage as DOT.
    Paxter Redwyne(304) took 20 damage as DOT.
    Reginald Lannister(404) hit Paxter Redwyne(284) 179.
    Paxter Redwyne(105) hit Reginald Lannister(404) 121.
    ****
    Reginald Lannister(283) took 40 damage as DOT.
    Paxter Redwyne(105) took 40 damage as DOT.
    Reginald Lannister(243) hit Paxter Redwyne(65) 179.
    Paxter Redwyne(-114) hit Reginald Lannister(243) 121.
    ****
    Reginald Lannister(122) has won.
  Duel between Westerlings(24) -WIZ- and Oakhearts(27) -WIZ- has begun.
    Gawen Westerling(470) hit Arys Oakheart(558) 159.
    Arys Oakheart(399) hit Gawen Westerling(470) 150.
    ****
    Gawen Westerling(320) took 20 damage as DOT.
    Arys Oakheart(399) took 20 damage as DOT.
    Gawen Westerling(300) hit Arys Oakheart(379) 159.
    Arys Oakheart(220) hit Gawen Westerling(300) 150.
    ****
    Gawen Westerling(150) took 40 damage as DOT.
    Arys Oakheart(220) took 40 damage as DOT.
    Gawen Westerling(110) hit Arys Oakheart(180) 159.
    Arys Oakheart(21) hit Gawen Westerling(110) 150.
    ****
    Arys Oakheart(21) has won.
  Duel between Serretts(51) -WHI- and Redwynes(0) -WIZ- has begun.
    Lord Serrett(645) hit Paxter Redwyne(483) 191.
    Paxter Redwyne(292) hit Lord Serrett(645) 118.
    ****
    Lord Serrett(527) took 20 damage as DOT.
    Paxter Redwyne(292) took 30 damage as DOT.
    Lord Serrett(507) hit Paxter Redwyne(262) 191.
    Paxter Redwyne(71) hit Lord Serrett(507) 118.
    ****
    Lord Serrett(389) took 40 damage as DOT.
    Paxter Redwyne(71) took 60 damage as DOT.
    Lord Serrett(349) hit Paxter Redwyne(11) 191.
    Paxter Redwyne(-180) hit Lord Serrett(349) 118.
    ****
    Lord Serrett(231) has won.
  Duel between Lannister of Lannisports(42) -WIZ- and Cuys(45) -WHI- has begun.
    Reginald Lannister(545) hit Emmon Cuy(633) 182.
    Emmon Cuy(451) hit Reginald Lannister(545) 168.
    ****
    Reginald Lannister(377) took 30 damage as DOT.
    Emmon Cuy(451) took 20 damage as DOT.
    Reginald Lannister(347) hit Emmon Cuy(431) 182.
    Emmon Cuy(249) hit Reginald Lannister(347) 168.
    ****
    Reginald Lannister(179) took 60 damage as DOT.
    Emmon Cuy(249) took 40 damage as DOT.
    Reginald Lannister(119) hit Emmon Cuy(209) 182.
    Emmon Cuy(27) hit Reginald Lannister(119) 168.
    ****
    Emmon Cuy(27) has won.
  Duel between House Frey(50) -WIL- and House Lannister(55) -WHI- has begun.
    Lancel Lannister(520) hit Luthor Tyrell(683) 215.
    Luthor Tyrell(468) hit Lancel Lannister(520) 178.
    ****
    Lancel Lannister(342) took 30 damage as DOT.
    Luthor Tyrell(468) took 25 damage as DOT.
    Lancel Lannister(312) hit Luthor Tyrell(443) 215.
    Luthor Tyrell(228) hit Lancel Lannister(312) 178.
    ****
    Lancel Lannister(134) took 60 damage as DOT.
    Luthor Tyrell(228) took 50 damage as DOT.
    Lancel Lannister(74) hit Luthor Tyrell(178) 215.
    Luthor Tyrell(-37) hit Lancel Lannister(74) 178.
    ****
    Both of them are dead. A draw.
  The Westernlands got 6 house points. The Reach got 3 house points.

The winner is: The Westernlands with currently 3 kingdom points.
---------------
---------------
Duel 11: The Crownlands vs The North
  Duel between Stokeworths(18) -WIZ- and Ryswells(42) -WIL- has begun.
    Tanda Stokeworth(515) hit Barbrey Ryswell(455) 148.
    Barbrey Ryswell(307) hit Tanda Stokeworth(515) 242.
    ****
    Tanda Stokeworth(273) took 25 damage as DOT.
    Barbrey Ryswell(307) took 20 damage as DOT.
    Tanda Stokeworth(248) hit Barbrey Ryswell(287) 148.
    Barbrey Ryswell(139) hit Tanda Stokeworth(248) 242.
    ****
    Tanda Stokeworth(6) took 50 damage as DOT.
    Barbrey Ryswell(139) took 40 damage as DOT.
    Tanda Stokeworth(-44) hit Barbrey Ryswell(99) 148.
    Barbrey Ryswell(-49) hit Tanda Stokeworth(-44) 242.
    ****
    Both of them are dead. A draw.
  Duel between Gaunts(23) -WIL- and Mormonts(42) -WIL- has begun.
    Gwayne Gaunt(540) hit Jeor Mormont(480) 163.
    Jeor Mormont(317) hit Gwayne Gaunt(540) 247.
    ****
    Gwayne Gaunt(293) took 25 damage as DOT.
    Jeor Mormont(317) took 25 damage as DOT.
    Gwayne Gaunt(268) hit Jeor Mormont(292) 163.
    Jeor Mormont(129) hit Gwayne Gaunt(268) 247.
    ****
    Gwayne Gaunt(21) took 50 damage as DOT.
    Jeor Mormont(129) took 50 damage as DOT.
    Gwayne Gaunt(-29) hit Jeor Mormont(79) 163.
    Jeor Mormont(-84) hit Gwayne Gaunt(-29) 247.
    ****
    Both of them are dead. A draw.
  Duel between Rosbys(15) -WIZ- and Umbers(42) -WIL- has begun.
    Gyles Rosby(515) hit Greatjon Umber(455) 130.
    Greatjon Umber(325) hit Gyles Rosby(515) 242.
    ****
    Gyles Rosby(273) took 25 damage as DOT.
    Greatjon Umber(325) took 20 damage as DOT.
    Gyles Rosby(248) hit Greatjon Umber(305) 130.
    Greatjon Umber(175) hit Gyles Rosby(248) 242.
    ****
    Gyles Rosby(6) took 50 damage as DOT.
    Greatjon Umber(175) took 40 damage as DOT.
    Gyles Rosby(-44) hit Greatjon Umber(135) 130.
    Greatjon Umber(5) hit Gyles Rosby(-44) 242.
    ****
    Greatjon Umber(5) has won.
  Duel between Stokeworths(18) -WIZ- and Mormonts(42) -WIL- has begun.
    Tanda Stokeworth(515) hit Jeor Mormont(480) 148.
    Jeor Mormont(332) hit Tanda Stokeworth(515) 247.
    ****
    Tanda Stokeworth(268) took 25 damage as DOT.
    Jeor Mormont(332) took 20 damage as DOT.
    Tanda Stokeworth(243) hit Jeor Mormont(312) 148.
    Jeor Mormont(164) hit Tanda Stokeworth(243) 247.
    ****
    Jeor Mormont(164) has won.
  Duel between Gaunts(23) -WIL- and Umbers(45) -WIL- has begun.
    Gwayne Gaunt(540) hit Greatjon Umber(455) 163.
    Greatjon Umber(292) hit Gwayne Gaunt(540) 245.
    ****
    Gwayne Gaunt(295) took 25 damage as DOT.
    Greatjon Umber(292) took 25 damage as DOT.
    Gwayne Gaunt(270) hit Greatjon Umber(267) 163.
    Greatjon Umber(104) hit Gwayne Gaunt(270) 245.
    ****
    Gwayne Gaunt(25) took 50 damage as DOT.
    Greatjon Umber(104) took 50 damage as DOT.
    Gwayne Gaunt(-25) hit Greatjon Umber(54) 163.
    Greatjon Umber(-109) hit Gwayne Gaunt(-25) 245.
    ****
    Both of them are dead. A draw.
  Duel between Rosbys(12) -WIZ- and Ryswells(42) -WIL- has begun.
    Gyles Rosby(515) hit Barbrey Ryswell(455) 127.
    Barbrey Ryswell(328) hit Gyles Rosby(515) 242.
    ****
    Gyles Rosby(273) took 25 damage as DOT.
    Barbrey Ryswell(328) took 20 damage as DOT.
    Gyles Rosby(248) hit Barbrey Ryswell(308) 127.
    Barbrey Ryswell(181) hit Gyles Rosby(248) 242.
    ****
    Gyles Rosby(6) took 50 damage as DOT.
    Barbrey Ryswell(181) took 40 damage as DOT.
    Gyles Rosby(-44) hit Barbrey Ryswell(141) 127.
    Barbrey Ryswell(14) hit Gyles Rosby(-44) 242.
    ****
    Barbrey Ryswell(14) has won.
  Duel between Stokeworths(15) -WIZ- and Umbers(45) -WIL- has begun.
    Tanda Stokeworth(515) hit Greatjon Umber(455) 145.
    Greatjon Umber(310) hit Tanda Stokeworth(515) 245.
    ****
    Tanda Stokeworth(270) took 25 damage as DOT.
    Greatjon Umber(310) took 20 damage as DOT.
    Tanda Stokeworth(245) hit Greatjon Umber(290) 145.
    Greatjon Umber(145) hit Tanda Stokeworth(245) 245.
    ****
    Greatjon Umber(145) has won.
  Duel between Gaunts(23) -WIL- and Ryswells(45) -WIL- has begun.
    Gwayne Gaunt(540) hit Barbrey Ryswell(455) 163.
    Barbrey Ryswell(292) hit Gwayne Gaunt(540) 245.
    ****
    Gwayne Gaunt(295) took 25 damage as DOT.
    Barbrey Ryswell(292) took 25 damage as DOT.
    Gwayne Gaunt(270) hit Barbrey Ryswell(267) 163.
    Barbrey Ryswell(104) hit Gwayne Gaunt(270) 245.
    ****
    Gwayne Gaunt(25) took 50 damage as DOT.
    Barbrey Ryswell(104) took 50 damage as DOT.
    Gwayne Gaunt(-25) hit Barbrey Ryswell(54) 163.
    Barbrey Ryswell(-109) hit Gwayne Gaunt(-25) 245.
    ****
    Both of them are dead. A draw.
  Duel between Rosbys(9) -WIZ- and Mormonts(45) -WIL- has begun.
    Gyles Rosby(515) hit Jeor Mormont(480) 124.
    Jeor Mormont(356) hit Gyles Rosby(515) 250.
    ****
    Gyles Rosby(265) took 25 damage as DOT.
    Jeor Mormont(356) took 20 damage as DOT.
    Gyles Rosby(240) hit Jeor Mormont(336) 124.
    Jeor Mormont(212) hit Gyles Rosby(240) 250.
    ****
    Jeor Mormont(212) has won.
  Duel between House Baratheon(40) -WIZ- and House Stark(69) -WHI- has begun.
    Aegon Targaryen(565) hit Arya Stark(655) 155.
    Arya Stark(500) hit Aegon Targaryen(565) 249.
    ****
    Aegon Targaryen(316) took 30 damage as DOT.
    Arya Stark(500) took 20 damage as DOT.
    Aegon Targaryen(286) hit Arya Stark(480) 155.
    Arya Stark(325) hit Aegon Targaryen(286) 249.
    ****
    Aegon Targaryen(37) took 60 damage as DOT.
    Arya Stark(325) took 40 damage as DOT.
    Aegon Targaryen(-23) hit Arya Stark(285) 155.
    Arya Stark(130) hit Aegon Targaryen(-23) 249.
    ****
    Arya Stark(130) has won.
  The Crownlands got 0 house points. The North got 8 house points.

The winner is: The North with currently 4 kingdom points.
---------------
---------------
Duel 12: The Riverlands vs Dorne
  Duel between Blackwoods(36) -WIL- and Blackmonts(15) -WIL- has begun.
    Tytos Blackwood(540) hit Larra Blackmont(475) 181.
    Larra Blackmont(294) hit Tytos Blackwood(540) 125.
    ****
    Tytos Blackwood(415) took 25 damage as DOT.
    Larra Blackmont(294) took 25 damage as DOT.
    Tytos Blackwood(390) hit Larra Blackmont(269) 181.
    Larra Blackmont(88) hit Tytos Blackwood(390) 125.
    ****
    Tytos Blackwood(265) took 50 damage as DOT.
    Larra Blackmont(88) took 50 damage as DOT.
    Tytos Blackwood(215) hit Larra Blackmont(38) 181.
    Larra Blackmont(-143) hit Tytos Blackwood(215) 125.
    ****
    Tytos Blackwood(90) has won.
  Duel between Mallisters(51) -WHI- and Yronwoods(15) -WIL- has begun.
    Jason Mallister(690) hit Edgar Yronwood(450) 171.
    Edgar Yronwood(279) hit Jason Mallister(690) 130.
    ****
    Jason Mallister(560) took 25 damage as DOT.
    Edgar Yronwood(279) took 30 damage as DOT.
    Jason Mallister(535) hit Edgar Yronwood(249) 171.
    Edgar Yronwood(78) hit Jason Mallister(535) 130.
    ****
    Jason Mallister(405) took 50 damage as DOT.
    Edgar Yronwood(78) took 60 damage as DOT.
    Jason Mallister(355) hit Edgar Yronwood(18) 171.
    Edgar Yronwood(-153) hit Jason Mallister(355) 130.
    ****
    Jason Mallister(225) has won.
  Duel between Smallwoods(23) -WIZ- and Manwoodys(15) -WIZ- has begun.
    Theomar Smallwood(565) hit Dagos Manwoody(450) 143.
    Dagos Manwoody(307) hit Theomar Smallwood(565) 110.
    ****
    Theomar Smallwood(455) took 20 damage as DOT.
    Dagos Manwoody(307) took 20 damage as DOT.
    Theomar Smallwood(435) hit Dagos Manwoody(287) 143.
    Dagos Manwoody(144) hit Theomar Smallwood(435) 110.
    ****
    Theomar Smallwood(325) took 40 damage as DOT.
    Dagos Manwoody(144) took 40 damage as DOT.
    Theomar Smallwood(285) hit Dagos Manwoody(104) 143.
    Dagos Manwoody(-39) hit Theomar Smallwood(285) 110.
    ****
    Theomar Smallwood(175) has won.
  Duel between Blackwoods(39) -WIL- and Yronwoods(12) -WIL- has begun.
    Tytos Blackwood(540) hit Edgar Yronwood(450) 184.
    Edgar Yronwood(266) hit Tytos Blackwood(540) 127.
    ****
    Tytos Blackwood(413) took 25 damage as DOT.
    Edgar Yronwood(266) took 25 damage as DOT.
    Tytos Blackwood(388) hit Edgar Yronwood(241) 184.
    Edgar Yronwood(57) hit Tytos Blackwood(388) 127.
    ****
    Tytos Blackwood(261) took 50 damage as DOT.
    Edgar Yronwood(57) took 50 damage as DOT.
    Tytos Blackwood(211) hit Edgar Yronwood(7) 184.
    Edgar Yronwood(-177) hit Tytos Blackwood(211) 127.
    ****
    Tytos Blackwood(84) has won.
  Duel between Mallisters(54) -WHI- and Manwoodys(12) -WIZ- has begun.
    Jason Mallister(690) hit Dagos Manwoody(450) 174.
    Dagos Manwoody(276) hit Jason Mallister(690) 107.
    ****
    Jason Mallister(583) took 20 damage as DOT.
    Dagos Manwoody(276) took 30 damage as DOT.
    Jason Mallister(563) hit Dagos Manwoody(246) 174.
    Dagos Manwoody(72) hit Jason Mallister(563) 107.
    ****
    Jason Mallister(456) took 40 damage as DOT.
    Dagos Manwoody(72) took 60 damage as DOT.
    Jason Mallister(416) hit Dagos Manwoody(12) 174.
    Dagos Manwoody(-162) hit Jason Mallister(416) 107.
    ****
    Jason Mallister(309) has won.
  Duel between Smallwoods(26) -WIZ- and Blackmonts(12) -WIL- has begun.
    Theomar Smallwood(565) hit Larra Blackmont(475) 146.
    Larra Blackmont(329) hit Theomar Smallwood(565) 122.
    ****
    Theomar Smallwood(443) took 25 damage as DOT.
    Larra Blackmont(329) took 20 damage as DOT.
    Theomar Smallwood(418) hit Larra Blackmont(309) 146.
    Larra Blackmont(163) hit Theomar Smallwood(418) 122.
    ****
    Theomar Smallwood(296) took 50 damage as DOT.
    Larra Blackmont(163) took 40 damage as DOT.
    Theomar Smallwood(246) hit Larra Blackmont(123) 146.
    Larra Blackmont(-23) hit Theomar Smallwood(246) 122.
    ****
    Theomar Smallwood(124) has won.
  Duel between Blackwoods(42) -WIL- and Manwoodys(9) -WIZ- has begun.
    Tytos Blackwood(540) hit Dagos Manwoody(450) 187.
    Dagos Manwoody(263) hit Tytos Blackwood(540) 104.
    ****
    Tytos Blackwood(436) took 20 damage as DOT.
    Dagos Manwoody(263) took 25 damage as DOT.
    Tytos Blackwood(416) hit Dagos Manwoody(238) 187.
    Dagos Manwoody(51) hit Tytos Blackwood(416) 104.
    ****
    Tytos Blackwood(312) took 40 damage as DOT.
    Dagos Manwoody(51) took 50 damage as DOT.
    Tytos Blackwood(272) hit Dagos Manwoody(1) 187.
    Dagos Manwoody(-186) hit Tytos Blackwood(272) 104.
    ****
    Tytos Blackwood(168) has won.
  Duel between Mallisters(57) -WHI- and Blackmonts(9) -WIL- has begun.
    Jason Mallister(690) hit Larra Blackmont(475) 177.
    Larra Blackmont(298) hit Jason Mallister(690) 119.
    ****
    Jason Mallister(571) took 25 damage as DOT.
    Larra Blackmont(298) took 30 damage as DOT.
    Jason Mallister(546) hit Larra Blackmont(268) 177.
    Larra Blackmont(91) hit Jason Mallister(546) 119.
    ****
    Jason Mallister(427) took 50 damage as DOT.
    Larra Blackmont(91) took 60 damage as DOT.
    Jason Mallister(377) hit Larra Blackmont(31) 177.
    Larra Blackmont(-146) hit Jason Mallister(377) 119.
    ****
    Jason Mallister(258) has won.
  Duel between Smallwoods(29) -WIZ- and Yronwoods(9) -WIL- has begun.
    Theomar Smallwood(565) hit Edgar Yronwood(450) 149.
    Edgar Yronwood(301) hit Theomar Smallwood(565) 124.
    ****
    Theomar Smallwood(441) took 25 damage as DOT.
    Edgar Yronwood(301) took 20 damage as DOT.
    Theomar Smallwood(416) hit Edgar Yronwood(281) 149.
    Edgar Yronwood(132) hit Theomar Smallwood(416) 124.
    ****
    Theomar Smallwood(292) took 50 damage as DOT.
    Edgar Yronwood(132) took 40 damage as DOT.
    Theomar Smallwood(242) hit Edgar Yronwood(92) 149.
    Edgar Yronwood(-57) hit Theomar Smallwood(242) 124.
    ****
    Theomar Smallwood(118) has won.
  Duel between House Bolton(50) -WHI- and House Martell(32) -WIL- has begun.
    Lothar Frey(640) hit Trystane Martell(500) 170.
    Trystane Martell(330) hit Lothar Frey(640) 142.
    ****
    Lothar Frey(498) took 25 damage as DOT.
    Trystane Martell(330) took 30 damage as DOT.
    Lothar Frey(473) hit Trystane Martell(300) 170.
    Trystane Martell(130) hit Lothar Frey(473) 142.
    ****
    Lothar Frey(331) took 50 damage as DOT.
    Trystane Martell(130) took 60 damage as DOT.
    Lothar Frey(281) hit Trystane Martell(70) 170.
    Trystane Martell(-100) hit Lothar Frey(281) 142.
    ****
    Lothar Frey(139) has won.
  The Riverlands got 12 house points. Dorne got 0 house points.

The winner is: The Riverlands with currently 4 kingdom points.
---------------
---------------
Duel 13: The Westernlands vs The North
  Duel between Westerlings(21) -WIZ- and Ryswells(45) -WIL- has begun.
    Gawen Westerling(470) hit Barbrey Ryswell(455) 156.
    Barbrey Ryswell(299) hit Gawen Westerling(470) 245.
    ****
    Gawen Westerling(225) took 25 damage as DOT.
    Barbrey Ryswell(299) took 20 damage as DOT.
    Gawen Westerling(200) hit Barbrey Ryswell(279) 156.
    Barbrey Ryswell(123) hit Gawen Westerling(200) 245.
    ****
    Barbrey Ryswell(123) has won.
  Duel between Serretts(54) -WHI- and Mormonts(48) -WIL- has begun.
    Lord Serrett(645) hit Jeor Mormont(480) 194.
    Jeor Mormont(286) hit Lord Serrett(645) 253.
    ****
    Lord Serrett(392) took 25 damage as DOT.
    Jeor Mormont(286) took 30 damage as DOT.
    Lord Serrett(367) hit Jeor Mormont(256) 194.
    Jeor Mormont(62) hit Lord Serrett(367) 253.
    ****
    Lord Serrett(114) took 50 damage as DOT.
    Jeor Mormont(62) took 60 damage as DOT.
    Lord Serrett(64) hit Jeor Mormont(2) 194.
    Jeor Mormont(-192) hit Lord Serrett(64) 253.
    ****
    Both of them are dead. A draw.
  Duel between Lannister of Lannisports(39) -WIZ- and Umbers(48) -WIL- has begun.
    Reginald Lannister(545) hit Greatjon Umber(455) 179.
    Greatjon Umber(276) hit Reginald Lannister(545) 248.
    ****
    Reginald Lannister(297) took 25 damage as DOT.
    Greatjon Umber(276) took 20 damage as DOT.
    Reginald Lannister(272) hit Greatjon Umber(256) 179.
    Greatjon Umber(77) hit Reginald Lannister(272) 248.
    ****
    Reginald Lannister(24) took 50 damage as DOT.
    Greatjon Umber(77) took 40 damage as DOT.
    Reginald Lannister(-26) hit Greatjon Umber(37) 179.
    Greatjon Umber(-142) hit Reginald Lannister(-26) 248.
    ****
    Both of them are dead. A draw.
  Duel between Westerlings(18) -WIZ- and Mormonts(48) -WIL- has begun.
    Gawen Westerling(470) hit Jeor Mormont(480) 153.
    Jeor Mormont(327) hit Gawen Westerling(470) 253.
    ****
    Gawen Westerling(217) took 25 damage as DOT.
    Jeor Mormont(327) took 20 damage as DOT.
    Gawen Westerling(192) hit Jeor Mormont(307) 153.
    Jeor Mormont(154) hit Gawen Westerling(192) 253.
    ****
    Jeor Mormont(154) has won.
  Duel between Serretts(54) -WHI- and Umbers(48) -WIL- has begun.
    Lord Serrett(645) hit Greatjon Umber(455) 194.
    Greatjon Umber(261) hit Lord Serrett(645) 248.
    ****
    Lord Serrett(397) took 25 damage as DOT.
    Greatjon Umber(261) took 30 damage as DOT.
    Lord Serrett(372) hit Greatjon Umber(231) 194.
    Greatjon Umber(37) hit Lord Serrett(372) 248.
    ****
    Lord Serrett(124) took 50 damage as DOT.
    Greatjon Umber(37) took 60 damage as DOT.
    Lord Serrett(74) hit Greatjon Umber(-23) 194.
    Greatjon Umber(-217) hit Lord Serrett(74) 248.
    ****
    Both of them are dead. A draw.
  Duel between Lannister of Lannisports(39) -WIZ- and Ryswells(48) -WIL- has begun.
    Reginald Lannister(545) hit Barbrey Ryswell(455) 179.
    Barbrey Ryswell(276) hit Reginald Lannister(545) 248.
    ****
    Reginald Lannister(297) took 25 damage as DOT.
    Barbrey Ryswell(276) took 20 damage as DOT.
    Reginald Lannister(272) hit Barbrey Ryswell(256) 179.
    Barbrey Ryswell(77) hit Reginald Lannister(272) 248.
    ****
    Reginald Lannister(24) took 50 damage as DOT.
    Barbrey Ryswell(77) took 40 damage as DOT.
    Reginald Lannister(-26) hit Barbrey Ryswell(37) 179.
    Barbrey Ryswell(-142) hit Reginald Lannister(-26) 248.
    ****
    Both of them are dead. A draw.
  Duel between Westerlings(15) -WIZ- and Umbers(48) -WIL- has begun.
    Gawen Westerling(470) hit Greatjon Umber(455) 150.
    Greatjon Umber(305) hit Gawen Westerling(470) 248.
    ****
    Gawen Westerling(222) took 25 damage as DOT.
    Greatjon Umber(305) took 20 damage as DOT.
    Gawen Westerling(197) hit Greatjon Umber(285) 150.
    Greatjon Umber(135) hit Gawen Westerling(197) 248.
    ****
    Greatjon Umber(135) has won.
  Duel between Serretts(54) -WHI- and Ryswells(48) -WIL- has begun.
    Lord Serrett(645) hit Barbrey Ryswell(455) 194.
    Barbrey Ryswell(261) hit Lord Serrett(645) 248.
    ****
    Lord Serrett(397) took 25 damage as DOT.
    Barbrey Ryswell(261) took 30 damage as DOT.
    Lord Serrett(372) hit Barbrey Ryswell(231) 194.
    Barbrey Ryswell(37) hit Lord Serrett(372) 248.
    ****
    Lord Serrett(124) took 50 damage as DOT.
    Barbrey Ryswell(37) took 60 damage as DOT.
    Lord Serrett(74) hit Barbrey Ryswell(-23) 194.
    Barbrey Ryswell(-217) hit Lord Serrett(74) 248.
    ****
    Both of them are dead. A draw.
  Duel between Lannister of Lannisports(39) -WIZ- and Mormonts(51) -WIL- has begun.
    Reginald Lannister(545) hit Jeor Mormont(480) 179.
    Jeor Mormont(301) hit Reginald Lannister(545) 256.
    ****
    Reginald Lannister(289) took 25 damage as DOT.
    Jeor Mormont(301) took 20 damage as DOT.
    Reginald Lannister(264) hit Jeor Mormont(281) 179.
    Jeor Mormont(102) hit Reginald Lannister(264) 256.
    ****
    Reginald Lannister(8) took 50 damage as DOT.
    Jeor Mormont(102) took 40 damage as DOT.
    Reginald Lannister(-42) hit Jeor Mormont(62) 179.
    Jeor Mormont(-117) hit Reginald Lannister(-42) 256.
    ****
    Both of them are dead. A draw.
  Duel between House Frey(50) -WIL- and House Stark(74) -WHI- has begun.
    Lancel Lannister(520) hit Arya Stark(655) 215.
    Arya Stark(440) hit Lancel Lannister(520) 254.
    ****
    Lancel Lannister(266) took 30 damage as DOT.
    Arya Stark(440) took 25 damage as DOT.
    Lancel Lannister(236) hit Arya Stark(415) 215.
    Arya Stark(200) hit Lancel Lannister(236) 254.
    ****
    Arya Stark(200) has won.
  The Westernlands got 0 house points. The North got 6 house points.

The winner is: The North with currently 5 kingdom points.
---------------
---------------
Duel 14: The Crownlands vs Dorne
  Duel between Stokeworths(12) -WIZ- and Blackmonts(6) -WIL- has begun.
    Tanda Stokeworth(515) hit Larra Blackmont(475) 142.
    Larra Blackmont(333) hit Tanda Stokeworth(515) 116.
    ****
    Tanda Stokeworth(399) took 25 damage as DOT.
    Larra Blackmont(333) took 20 damage as DOT.
    Tanda Stokeworth(374) hit Larra Blackmont(313) 142.
    Larra Blackmont(171) hit Tanda Stokeworth(374) 116.
    ****
    Tanda Stokeworth(258) took 50 damage as DOT.
    Larra Blackmont(171) took 40 damage as DOT.
    Tanda Stokeworth(208) hit Larra Blackmont(131) 142.
    Larra Blackmont(-11) hit Tanda Stokeworth(208) 116.
    ****
    Tanda Stokeworth(92) has won.
  Duel between Gaunts(23) -WIL- and Yronwoods(6) -WIL- has begun.
    Gwayne Gaunt(540) hit Edgar Yronwood(450) 163.
    Edgar Yronwood(287) hit Gwayne Gaunt(540) 121.
    ****
    Gwayne Gaunt(419) took 25 damage as DOT.
    Edgar Yronwood(287) took 25 damage as DOT.
    Gwayne Gaunt(394) hit Edgar Yronwood(262) 163.
    Edgar Yronwood(99) hit Gwayne Gaunt(394) 121.
    ****
    Gwayne Gaunt(273) took 50 damage as DOT.
    Edgar Yronwood(99) took 50 damage as DOT.
    Gwayne Gaunt(223) hit Edgar Yronwood(49) 163.
    Edgar Yronwood(-114) hit Gwayne Gaunt(223) 121.
    ****
    Gwayne Gaunt(102) has won.
  Duel between Rosbys(6) -WIZ- and Manwoodys(6) -WIZ- has begun.
    Gyles Rosby(515) hit Dagos Manwoody(450) 121.
    Dagos Manwoody(329) hit Gyles Rosby(515) 101.
    ****
    Gyles Rosby(414) took 20 damage as DOT.
    Dagos Manwoody(329) took 20 damage as DOT.
    Gyles Rosby(394) hit Dagos Manwoody(309) 121.
    Dagos Manwoody(188) hit Gyles Rosby(394) 101.
    ****
    Gyles Rosby(293) took 40 damage as DOT.
    Dagos Manwoody(188) took 40 damage as DOT.
    Gyles Rosby(253) hit Dagos Manwoody(148) 121.
    Dagos Manwoody(27) hit Gyles Rosby(253) 101.
    ****
    Gyles Rosby(152) took 60 damage as DOT.
    Dagos Manwoody(27) took 60 damage as DOT.
    Gyles Rosby(92) hit Dagos Manwoody(-33) 121.
    Dagos Manwoody(-154) hit Gyles Rosby(92) 101.
    ****
    Both of them are dead. A draw.
  Duel between Stokeworths(15) -WIZ- and Yronwoods(3) -WIL- has begun.
    Tanda Stokeworth(515) hit Edgar Yronwood(450) 145.
    Edgar Yronwood(305) hit Tanda Stokeworth(515) 118.
    ****
    Tanda Stokeworth(397) took 25 damage as DOT.
    Edgar Yronwood(305) took 20 damage as DOT.
    Tanda Stokeworth(372) hit Edgar Yronwood(285) 145.
    Edgar Yronwood(140) hit Tanda Stokeworth(372) 118.
    ****
    Tanda Stokeworth(254) took 50 damage as DOT.
    Edgar Yronwood(140) took 40 damage as DOT.
    Tanda Stokeworth(204) hit Edgar Yronwood(100) 145.
    Edgar Yronwood(-45) hit Tanda Stokeworth(204) 118.
    ****
    Tanda Stokeworth(86) has won.
  Duel between Gaunts(26) -WIL- and Manwoodys(6) -WIZ- has begun.
    Gwayne Gaunt(540) hit Dagos Manwoody(450) 166.
    Dagos Manwoody(284) hit Gwayne Gaunt(540) 101.
    ****
    Gwayne Gaunt(439) took 20 damage as DOT.
    Dagos Manwoody(284) took 25 damage as DOT.
    Gwayne Gaunt(419) hit Dagos Manwoody(259) 166.
    Dagos Manwoody(93) hit Gwayne Gaunt(419) 101.
    ****
    Gwayne Gaunt(318) took 40 damage as DOT.
    Dagos Manwoody(93) took 50 damage as DOT.
    Gwayne Gaunt(278) hit Dagos Manwoody(43) 166.
    Dagos Manwoody(-123) hit Gwayne Gaunt(278) 101.
    ****
    Gwayne Gaunt(177) has won.
  Duel between Rosbys(6) -WIZ- and Blackmonts(3) -WIL- has begun.
    Gyles Rosby(515) hit Larra Blackmont(475) 121.
    Larra Blackmont(354) hit Gyles Rosby(515) 113.
    ****
    Gyles Rosby(402) took 25 damage as DOT.
    Larra Blackmont(354) took 20 damage as DOT.
    Gyles Rosby(377) hit Larra Blackmont(334) 121.
    Larra Blackmont(213) hit Gyles Rosby(377) 113.
    ****
    Gyles Rosby(264) took 50 damage as DOT.
    Larra Blackmont(213) took 40 damage as DOT.
    Gyles Rosby(214) hit Larra Blackmont(173) 121.
    Larra Blackmont(52) hit Gyles Rosby(214) 113.
    ****
    Gyles Rosby(101) took 75 damage as DOT.
    Larra Blackmont(52) took 60 damage as DOT.
    Gyles Rosby(26) hit Larra Blackmont(-8) 121.
    Larra Blackmont(-129) hit Gyles Rosby(26) 113.
    ****
    Both of them are dead. A draw.
  Duel between Stokeworths(18) -WIZ- and Manwoodys(3) -WIZ- has begun.
    Tanda Stokeworth(515) hit Dagos Manwoody(450) 148.
    Dagos Manwoody(302) hit Tanda Stokeworth(515) 98.
    ****
    Tanda Stokeworth(417) took 20 damage as DOT.
    Dagos Manwoody(302) took 20 damage as DOT.
    Tanda Stokeworth(397) hit Dagos Manwoody(282) 148.
    Dagos Manwoody(134) hit Tanda Stokeworth(397) 98.
    ****
    Tanda Stokeworth(299) took 40 damage as DOT.
    Dagos Manwoody(134) took 40 damage as DOT.
    Tanda Stokeworth(259) hit Dagos Manwoody(94) 148.
    Dagos Manwoody(-54) hit Tanda Stokeworth(259) 98.
    ****
    Tanda Stokeworth(161) has won.
  Duel between Gaunts(29) -WIL- and Blackmonts(3) -WIL- has begun.
    Gwayne Gaunt(540) hit Larra Blackmont(475) 169.
    Larra Blackmont(306) hit Gwayne Gaunt(540) 113.
    ****
    Gwayne Gaunt(427) took 25 damage as DOT.
    Larra Blackmont(306) took 25 damage as DOT.
    Gwayne Gaunt(402) hit Larra Blackmont(281) 169.
    Larra Blackmont(112) hit Gwayne Gaunt(402) 113.
    ****
    Gwayne Gaunt(289) took 50 damage as DOT.
    Larra Blackmont(112) took 50 damage as DOT.
    Gwayne Gaunt(239) hit Larra Blackmont(62) 169.
    Larra Blackmont(-107) hit Gwayne Gaunt(239) 113.
    ****
    Gwayne Gaunt(126) has won.
  Duel between Rosbys(6) -WIZ- and Yronwoods(0) -WIL- has begun.
    Gyles Rosby(515) hit Edgar Yronwood(450) 121.
    Edgar Yronwood(329) hit Gyles Rosby(515) 115.
    ****
    Gyles Rosby(400) took 25 damage as DOT.
    Edgar Yronwood(329) took 20 damage as DOT.
    Gyles Rosby(375) hit Edgar Yronwood(309) 121.
    Edgar Yronwood(188) hit Gyles Rosby(375) 115.
    ****
    Gyles Rosby(260) took 50 damage as DOT.
    Edgar Yronwood(188) took 40 damage as DOT.
    Gyles Rosby(210) hit Edgar Yronwood(148) 121.
    Edgar Yronwood(27) hit Gyles Rosby(210) 115.
    ****
    Gyles Rosby(95) took 75 damage as DOT.
    Edgar Yronwood(27) took 60 damage as DOT.
    Gyles Rosby(20) hit Edgar Yronwood(-33) 121.
    Edgar Yronwood(-154) hit Gyles Rosby(20) 115.
    ****
    Both of them are dead. A draw.
  Duel between House Baratheon(35) -WIZ- and House Martell(27) -WIL- has begun.
    Aegon Targaryen(565) hit Trystane Martell(500) 150.
    Trystane Martell(350) hit Aegon Targaryen(565) 137.
    ****
    Aegon Targaryen(428) took 25 damage as DOT.
    Trystane Martell(350) took 20 damage as DOT.
    Aegon Targaryen(403) hit Trystane Martell(330) 150.
    Trystane Martell(180) hit Aegon Targaryen(403) 137.
    ****
    Aegon Targaryen(266) took 50 damage as DOT.
    Trystane Martell(180) took 40 damage as DOT.
    Aegon Targaryen(216) hit Trystane Martell(140) 150.
    Trystane Martell(-10) hit Aegon Targaryen(216) 137.
    ****
    Aegon Targaryen(79) has won.
  The Crownlands got 9 house points. Dorne got 0 house points.

The winner is: The Crownlands with currently 1 kingdom points.
---------------
---------------
Duel 15: The Westernlands vs Dorne
  Duel between Westerlings(12) -WIZ- and Blackmonts(0) -WIL- has begun.
    Gawen Westerling(470) hit Larra Blackmont(475) 147.
    Larra Blackmont(328) hit Gawen Westerling(470) 110.
    ****
    Gawen Westerling(360) took 25 damage as DOT.
    Larra Blackmont(328) took 20 damage as DOT.
    Gawen Westerling(335) hit Larra Blackmont(308) 147.
    Larra Blackmont(161) hit Gawen Westerling(335) 110.
    ****
    Gawen Westerling(225) took 50 damage as DOT.
    Larra Blackmont(161) took 40 damage as DOT.
    Gawen Westerling(175) hit Larra Blackmont(121) 147.
    Larra Blackmont(-26) hit Gawen Westerling(175) 110.
    ****
    Gawen Westerling(65) has won.
  Duel between Serretts(54) -WHI- and Yronwoods(0) -WIL- has begun.
    Lord Serrett(645) hit Edgar Yronwood(450) 194.
    Edgar Yronwood(256) hit Lord Serrett(645) 115.
    ****
    Lord Serrett(530) took 25 damage as DOT.
    Edgar Yronwood(256) took 30 damage as DOT.
    Lord Serrett(505) hit Edgar Yronwood(226) 194.
    Edgar Yronwood(32) hit Lord Serrett(505) 115.
    ****
    Lord Serrett(390) took 50 damage as DOT.
    Edgar Yronwood(32) took 60 damage as DOT.
    Lord Serrett(340) hit Edgar Yronwood(-28) 194.
    Edgar Yronwood(-222) hit Lord Serrett(340) 115.
    ****
    Lord Serrett(225) has won.
  Duel between Lannister of Lannisports(39) -WIZ- and Manwoodys(0) -WIZ- has begun.
    Reginald Lannister(545) hit Dagos Manwoody(450) 179.
    Dagos Manwoody(271) hit Reginald Lannister(545) 95.
    ****
    Reginald Lannister(450) took 20 damage as DOT.
    Dagos Manwoody(271) took 20 damage as DOT.
    Reginald Lannister(430) hit Dagos Manwoody(251) 179.
    Dagos Manwoody(72) hit Reginald Lannister(430) 95.
    ****
    Reginald Lannister(335) took 40 damage as DOT.
    Dagos Manwoody(72) took 40 damage as DOT.
    Reginald Lannister(295) hit Dagos Manwoody(32) 179.
    Dagos Manwoody(-147) hit Reginald Lannister(295) 95.
    ****
    Reginald Lannister(200) has won.
  Duel between Westerlings(15) -WIZ- and Yronwoods(0) -WIL- has begun.
    Gawen Westerling(470) hit Edgar Yronwood(450) 150.
    Edgar Yronwood(300) hit Gawen Westerling(470) 115.
    ****
    Gawen Westerling(355) took 25 damage as DOT.
    Edgar Yronwood(300) took 20 damage as DOT.
    Gawen Westerling(330) hit Edgar Yronwood(280) 150.
    Edgar Yronwood(130) hit Gawen Westerling(330) 115.
    ****
    Gawen Westerling(215) took 50 damage as DOT.
    Edgar Yronwood(130) took 40 damage as DOT.
    Gawen Westerling(165) hit Edgar Yronwood(90) 150.
    Edgar Yronwood(-60) hit Gawen Westerling(165) 115.
    ****
    Gawen Westerling(50) has won.
  Duel between Serretts(57) -WHI- and Manwoodys(0) -WIZ- has begun.
    Lord Serrett(645) hit Dagos Manwoody(450) 197.
    Dagos Manwoody(253) hit Lord Serrett(645) 95.
    ****
    Lord Serrett(550) took 20 damage as DOT.
    Dagos Manwoody(253) took 30 damage as DOT.
    Lord Serrett(530) hit Dagos Manwoody(223) 197.
    Dagos Manwoody(26) hit Lord Serrett(530) 95.
    ****
    Lord Serrett(435) took 40 damage as DOT.
    Dagos Manwoody(26) took 60 damage as DOT.
    Lord Serrett(395) hit Dagos Manwoody(-34) 197.
    Dagos Manwoody(-231) hit Lord Serrett(395) 95.
    ****
    Lord Serrett(300) has won.
  Duel between Lannister of Lannisports(42) -WIZ- and Blackmonts(0) -WIL- has begun.
    Reginald Lannister(545) hit Larra Blackmont(475) 182.
    Larra Blackmont(293) hit Reginald Lannister(545) 110.
    ****
    Reginald Lannister(435) took 25 damage as DOT.
    Larra Blackmont(293) took 20 damage as DOT.
    Reginald Lannister(410) hit Larra Blackmont(273) 182.
    Larra Blackmont(91) hit Reginald Lannister(410) 110.
    ****
    Reginald Lannister(300) took 50 damage as DOT.
    Larra Blackmont(91) took 40 damage as DOT.
    Reginald Lannister(250) hit Larra Blackmont(51) 182.
    Larra Blackmont(-131) hit Reginald Lannister(250) 110.
    ****
    Reginald Lannister(140) has won.
  Duel between Westerlings(18) -WIZ- and Manwoodys(0) -WIZ- has begun.
    Gawen Westerling(470) hit Dagos Manwoody(450) 153.
    Dagos Manwoody(297) hit Gawen Westerling(470) 95.
    ****
    Gawen Westerling(375) took 20 damage as DOT.
    Dagos Manwoody(297) took 20 damage as DOT.
    Gawen Westerling(355) hit Dagos Manwoody(277) 153.
    Dagos Manwoody(124) hit Gawen Westerling(355) 95.
    ****
    Gawen Westerling(260) took 40 damage as DOT.
    Dagos Manwoody(124) took 40 damage as DOT.
    Gawen Westerling(220) hit Dagos Manwoody(84) 153.
    Dagos Manwoody(-69) hit Gawen Westerling(220) 95.
    ****
    Gawen Westerling(125) has won.
  Duel between Serretts(60) -WHI- and Blackmonts(0) -WIL- has begun.
    Lord Serrett(645) hit Larra Blackmont(475) 200.
    Larra Blackmont(275) hit Lord Serrett(645) 110.
    ****
    Lord Serrett(535) took 25 damage as DOT.
    Larra Blackmont(275) took 30 damage as DOT.
    Lord Serrett(510) hit Larra Blackmont(245) 200.
    Larra Blackmont(45) hit Lord Serrett(510) 110.
    ****
    Lord Serrett(400) took 50 damage as DOT.
    Larra Blackmont(45) took 60 damage as DOT.
    Lord Serrett(350) hit Larra Blackmont(-15) 200.
    Larra Blackmont(-215) hit Lord Serrett(350) 110.
    ****
    Lord Serrett(240) has won.
  Duel between Lannister of Lannisports(45) -WIZ- and Yronwoods(0) -WIL- has begun.
    Reginald Lannister(545) hit Edgar Yronwood(450) 185.
    Edgar Yronwood(265) hit Reginald Lannister(545) 115.
    ****
    Reginald Lannister(430) took 25 damage as DOT.
    Edgar Yronwood(265) took 20 damage as DOT.
    Reginald Lannister(405) hit Edgar Yronwood(245) 185.
    Edgar Yronwood(60) hit Reginald Lannister(405) 115.
    ****
    Reginald Lannister(290) took 50 damage as DOT.
    Edgar Yronwood(60) took 40 damage as DOT.
    Reginald Lannister(240) hit Edgar Yronwood(20) 185.
    Edgar Yronwood(-165) hit Reginald Lannister(240) 115.
    ****
    Reginald Lannister(125) has won.
  Duel between House Frey(37) -WIL- and House Martell(22) -WIL- has begun.
    Lancel Lannister(520) hit Trystane Martell(500) 202.
    Trystane Martell(298) hit Lancel Lannister(520) 132.
    ****
    Lancel Lannister(388) took 25 damage as DOT.
    Trystane Martell(298) took 25 damage as DOT.
    Lancel Lannister(363) hit Trystane Martell(273) 202.
    Trystane Martell(71) hit Lancel Lannister(363) 132.
    ****
    Lancel Lannister(231) took 50 damage as DOT.
    Trystane Martell(71) took 50 damage as DOT.
    Lancel Lannister(181) hit Trystane Martell(21) 202.
    Trystane Martell(-181) hit Lancel Lannister(181) 132.
    ****
    Lancel Lannister(49) has won.
  The Westernlands got 12 house points. Dorne got 0 house points.

The winner is: The Westernlands with currently 4 kingdom points.
---------------
The War is over. The new owner of King's Landing is The North with a total of 5 points.

