War has started with 6 kingdoms.
---------------
Duel 1: The Stormlands vs The Riverlands
  Duel between Morrigens(30) -WIZ- and Mootons(30) -WHI- has begun.
    Damon Morrigen(585) hit William Mooton(675) 130.
    William Mooton(545) hit Damon Morrigen(585) 190.
    ****
    Damon Morrigen(395) took 30 damage as DOT.
    William Mooton(545) took 20 damage as DOT.
    Damon Morrigen(365) hit William Mooton(525) 130.
    William Mooton(395) hit Damon Morrigen(365) 190.
    ****
    Damon Morrigen(175) took 60 damage as DOT.
    William Mooton(395) took 40 damage as DOT.
    Damon Morrigen(115) hit William Mooton(355) 130.
    William Mooton(225) hit Damon Morrigen(115) 190.
    ****
    William Mooton(225) has won.
  Duel between Tarths(30) -WIZ- and Smallwoods(30) -WHI- has begun.
    Brienne Tarth(560) hit Theomar Smallwood(650) 140.
    Theomar Smallwood(510) hit Brienne Tarth(560) 190.
    ****
    Brienne Tarth(370) took 30 damage as DOT.
    Theomar Smallwood(510) took 20 damage as DOT.
    Brienne Tarth(340) hit Theomar Smallwood(490) 140.
    Theomar Smallwood(350) hit Brienne Tarth(340) 190.
    ****
    Brienne Tarth(150) took 60 damage as DOT.
    Theomar Smallwood(350) took 40 damage as DOT.
    Brienne Tarth(90) hit Theomar Smallwood(310) 140.
    Theomar Smallwood(170) hit Brienne Tarth(90) 190.
    ****
    Theomar Smallwood(170) has won.
  Duel between Wyldes(30) -WIL- and Blackwoods(30) -WIL- has begun.
    Williem Wylde(535) hit Tytos Blackwood(450) 155.
    Tytos Blackwood(295) hit Williem Wylde(535) 215.
    ****
    Williem Wylde(320) took 25 damage as DOT.
    Tytos Blackwood(295) took 25 damage as DOT.
    Williem Wylde(295) hit Tytos Blackwood(270) 155.
    Tytos Blackwood(115) hit Williem Wylde(295) 215.
    ****
    Williem Wylde(80) took 50 damage as DOT.
    Tytos Blackwood(115) took 50 damage as DOT.
    Williem Wylde(30) hit Tytos Blackwood(65) 155.
    Tytos Blackwood(-90) hit Williem Wylde(30) 215.
    ****
    Both of them are dead. A draw.
  Duel between Morrigens(27) -WIZ- and Smallwoods(33) -WHI- has begun.
    Damon Morrigen(585) hit Theomar Smallwood(650) 127.
    Theomar Smallwood(523) hit Damon Morrigen(585) 193.
    ****
    Damon Morrigen(392) took 30 damage as DOT.
    Theomar Smallwood(523) took 20 damage as DOT.
    Damon Morrigen(362) hit Theomar Smallwood(503) 127.
    Theomar Smallwood(376) hit Damon Morrigen(362) 193.
    ****
    Damon Morrigen(169) took 60 damage as DOT.
    Theomar Smallwood(376) took 40 damage as DOT.
    Damon Morrigen(109) hit Theomar Smallwood(336) 127.
    Theomar Smallwood(209) hit Damon Morrigen(109) 193.
    ****
    Theomar Smallwood(209) has won.
  Duel between Tarths(27) -WIZ- and Blackwoods(30) -WIL- has begun.
    Brienne Tarth(560) hit Tytos Blackwood(450) 137.
    Tytos Blackwood(313) hit Brienne Tarth(560) 215.
    ****
    Brienne Tarth(345) took 25 damage as DOT.
    Tytos Blackwood(313) took 20 damage as DOT.
    Brienne Tarth(320) hit Tytos Blackwood(293) 137.
    Tytos Blackwood(156) hit Brienne Tarth(320) 215.
    ****
    Brienne Tarth(105) took 50 damage as DOT.
    Tytos Blackwood(156) took 40 damage as DOT.
    Brienne Tarth(55) hit Tytos Blackwood(116) 137.
    Tytos Blackwood(-21) hit Brienne Tarth(55) 215.
    ****
    Both of them are dead. A draw.
  Duel between Wyldes(30) -WIL- and Mootons(33) -WHI- has begun.
    Williem Wylde(535) hit William Mooton(675) 155.
    William Mooton(520) hit Williem Wylde(535) 193.
    ****
    Williem Wylde(342) took 30 damage as DOT.
    William Mooton(520) took 25 damage as DOT.
    Williem Wylde(312) hit William Mooton(495) 155.
    William Mooton(340) hit Williem Wylde(312) 193.
    ****
    Williem Wylde(119) took 60 damage as DOT.
    William Mooton(340) took 50 damage as DOT.
    Williem Wylde(59) hit William Mooton(290) 155.
    William Mooton(135) hit Williem Wylde(59) 193.
    ****
    William Mooton(135) has won.
  Duel between Morrigens(24) -WIZ- and Blackwoods(30) -WIL- has begun.
    Damon Morrigen(585) hit Tytos Blackwood(450) 124.
    Tytos Blackwood(326) hit Damon Morrigen(585) 215.
    ****
    Damon Morrigen(370) took 25 damage as DOT.
    Tytos Blackwood(326) took 20 damage as DOT.
    Damon Morrigen(345) hit Tytos Blackwood(306) 124.
    Tytos Blackwood(182) hit Damon Morrigen(345) 215.
    ****
    Damon Morrigen(130) took 50 damage as DOT.
    Tytos Blackwood(182) took 40 damage as DOT.
    Damon Morrigen(80) hit Tytos Blackwood(142) 124.
    Tytos Blackwood(18) hit Damon Morrigen(80) 215.
    ****
    Tytos Blackwood(18) has won.
  Duel between Tarths(27) -WIZ- and Mootons(36) -WHI- has begun.
    Brienne Tarth(560) hit William Mooton(675) 137.
    William Mooton(538) hit Brienne Tarth(560) 196.
    ****
    Brienne Tarth(364) took 30 damage as DOT.
    William Mooton(538) took 20 damage as DOT.
    Brienne Tarth(334) hit William Mooton(518) 137.
    William Mooton(381) hit Brienne Tarth(334) 196.
    ****
    Brienne Tarth(138) took 60 damage as DOT.
    William Mooton(381) took 40 damage as DOT.
    Brienne Tarth(78) hit William Mooton(341) 137.
    William Mooton(204) hit Brienne Tarth(78) 196.
    ****
    William Mooton(204) has won.
  Duel between Wyldes(27) -WIL- and Smallwoods(36) -WHI- has begun.
    Williem Wylde(535) hit Theomar Smallwood(650) 152.
    Theomar Smallwood(498) hit Williem Wylde(535) 196.
    ****
    Williem Wylde(339) took 30 damage as DOT.
    Theomar Smallwood(498) took 25 damage as DOT.
    Williem Wylde(309) hit Theomar Smallwood(473) 152.
    Theomar Smallwood(321) hit Williem Wylde(309) 196.
    ****
    Williem Wylde(113) took 60 damage as DOT.
    Theomar Smallwood(321) took 50 damage as DOT.
    Williem Wylde(53) hit Theomar Smallwood(271) 152.
    Theomar Smallwood(119) hit Williem Wylde(53) 196.
    ****
    Theomar Smallwood(119) has won.
  Duel between House Tyrell(50) -WIL- and House Bolton(50) -WIZ- has begun.
    Joffrey Baratheon(485) hit Stevron Frey(525) 170.
    Stevron Frey(355) hit Joffrey Baratheon(485) 215.
    ****
    Joffrey Baratheon(270) took 20 damage as DOT.
    Stevron Frey(355) took 25 damage as DOT.
    Joffrey Baratheon(250) hit Stevron Frey(330) 170.
    Stevron Frey(160) hit Joffrey Baratheon(250) 215.
    ****
    Joffrey Baratheon(35) took 40 damage as DOT.
    Stevron Frey(160) took 50 damage as DOT.
    Joffrey Baratheon(-5) hit Stevron Frey(110) 170.
    Stevron Frey(-60) hit Joffrey Baratheon(-5) 215.
    ****
    Both of them are dead. A draw.
  The Stormlands got 0 house points. The Riverlands got 7 house points.

The winner is: The Riverlands with currently 1 kingdom points.
---------------
---------------
Duel 2: The Riverlands vs The Westernlands
  Duel between Mootons(39) -WHI- and Serretts(30) -WHI- has begun.
    William Mooton(675) hit Lord Serrett(625) 199.
    Lord Serrett(426) hit William Mooton(675) 190.
    ****
    William Mooton(485) took 30 damage as DOT.
    Lord Serrett(426) took 30 damage as DOT.
    William Mooton(455) hit Lord Serrett(396) 199.
    Lord Serrett(197) hit William Mooton(455) 190.
    ****
    William Mooton(265) took 60 damage as DOT.
    Lord Serrett(197) took 60 damage as DOT.
    William Mooton(205) hit Lord Serrett(137) 199.
    Lord Serrett(-62) hit William Mooton(205) 190.
    ****
    William Mooton(15) has won.
  Duel between Smallwoods(39) -WHI- and Sarsfields(30) -WIZ- has begun.
    Theomar Smallwood(650) hit Eldrick Sarsfield(525) 199.
    Eldrick Sarsfield(326) hit Theomar Smallwood(650) 185.
    ****
    Theomar Smallwood(465) took 20 damage as DOT.
    Eldrick Sarsfield(326) took 30 damage as DOT.
    Theomar Smallwood(445) hit Eldrick Sarsfield(296) 199.
    Eldrick Sarsfield(97) hit Theomar Smallwood(445) 185.
    ****
    Theomar Smallwood(260) took 40 damage as DOT.
    Eldrick Sarsfield(97) took 60 damage as DOT.
    Theomar Smallwood(220) hit Eldrick Sarsfield(37) 199.
    Eldrick Sarsfield(-162) hit Theomar Smallwood(220) 185.
    ****
    Theomar Smallwood(35) has won.
  Duel between Blackwoods(33) -WIL- and Lannister of Lannisports(30) -WIL- has begun.
    Tytos Blackwood(450) hit Reginald Lannister(500) 218.
    Reginald Lannister(282) hit Tytos Blackwood(450) 210.
    ****
    Tytos Blackwood(240) took 25 damage as DOT.
    Reginald Lannister(282) took 25 damage as DOT.
    Tytos Blackwood(215) hit Reginald Lannister(257) 218.
    Reginald Lannister(39) hit Tytos Blackwood(215) 210.
    ****
    Tytos Blackwood(5) took 50 damage as DOT.
    Reginald Lannister(39) took 50 damage as DOT.
    Tytos Blackwood(-45) hit Reginald Lannister(-11) 218.
    Reginald Lannister(-229) hit Tytos Blackwood(-45) 210.
    ****
    Both of them are dead. A draw.
  Duel between Mootons(42) -WHI- and Sarsfields(27) -WIZ- has begun.
    William Mooton(675) hit Eldrick Sarsfield(525) 202.
    Eldrick Sarsfield(323) hit William Mooton(675) 182.
    ****
    William Mooton(493) took 20 damage as DOT.
    Eldrick Sarsfield(323) took 30 damage as DOT.
    William Mooton(473) hit Eldrick Sarsfield(293) 202.
    Eldrick Sarsfield(91) hit William Mooton(473) 182.
    ****
    William Mooton(291) took 40 damage as DOT.
    Eldrick Sarsfield(91) took 60 damage as DOT.
    William Mooton(251) hit Eldrick Sarsfield(31) 202.
    Eldrick Sarsfield(-171) hit William Mooton(251) 182.
    ****
    William Mooton(69) has won.
  Duel between Smallwoods(42) -WHI- and Lannister of Lannisports(30) -WIL- has begun.
    Theomar Smallwood(650) hit Reginald Lannister(500) 202.
    Reginald Lannister(298) hit Theomar Smallwood(650) 210.
    ****
    Theomar Smallwood(440) took 25 damage as DOT.
    Reginald Lannister(298) took 30 damage as DOT.
    Theomar Smallwood(415) hit Reginald Lannister(268) 202.
    Reginald Lannister(66) hit Theomar Smallwood(415) 210.
    ****
    Theomar Smallwood(205) took 50 damage as DOT.
    Reginald Lannister(66) took 60 damage as DOT.
    Theomar Smallwood(155) hit Reginald Lannister(6) 202.
    Reginald Lannister(-196) hit Theomar Smallwood(155) 210.
    ****
    Both of them are dead. A draw.
  Duel between Blackwoods(33) -WIL- and Serretts(27) -WHI- has begun.
    Tytos Blackwood(450) hit Lord Serrett(625) 218.
    Lord Serrett(407) hit Tytos Blackwood(450) 187.
    ****
    Tytos Blackwood(263) took 30 damage as DOT.
    Lord Serrett(407) took 25 damage as DOT.
    Tytos Blackwood(233) hit Lord Serrett(382) 218.
    Lord Serrett(164) hit Tytos Blackwood(233) 187.
    ****
    Tytos Blackwood(46) took 60 damage as DOT.
    Lord Serrett(164) took 50 damage as DOT.
    Tytos Blackwood(-14) hit Lord Serrett(114) 218.
    Lord Serrett(-104) hit Tytos Blackwood(-14) 187.
    ****
    Both of them are dead. A draw.
  Duel between Mootons(45) -WHI- and Lannister of Lannisports(30) -WIL- has begun.
    William Mooton(675) hit Reginald Lannister(500) 205.
    Reginald Lannister(295) hit William Mooton(675) 210.
    ****
    William Mooton(465) took 25 damage as DOT.
    Reginald Lannister(295) took 30 damage as DOT.
    William Mooton(440) hit Reginald Lannister(265) 205.
    Reginald Lannister(60) hit William Mooton(440) 210.
    ****
    William Mooton(230) took 50 damage as DOT.
    Reginald Lannister(60) took 60 damage as DOT.
    William Mooton(180) hit Reginald Lannister(0) 205.
    Reginald Lannister(-205) hit William Mooton(180) 210.
    ****
    Both of them are dead. A draw.
  Duel between Smallwoods(42) -WHI- and Serretts(27) -WHI- has begun.
    Theomar Smallwood(650) hit Lord Serrett(625) 202.
    Lord Serrett(423) hit Theomar Smallwood(650) 187.
    ****
    Theomar Smallwood(463) took 30 damage as DOT.
    Lord Serrett(423) took 30 damage as DOT.
    Theomar Smallwood(433) hit Lord Serrett(393) 202.
    Lord Serrett(191) hit Theomar Smallwood(433) 187.
    ****
    Theomar Smallwood(246) took 60 damage as DOT.
    Lord Serrett(191) took 60 damage as DOT.
    Theomar Smallwood(186) hit Lord Serrett(131) 202.
    Lord Serrett(-71) hit Theomar Smallwood(186) 187.
    ****
    Both of them are dead. A draw.
  Duel between Blackwoods(33) -WIL- and Sarsfields(24) -WIZ- has begun.
    Tytos Blackwood(450) hit Eldrick Sarsfield(525) 218.
    Eldrick Sarsfield(307) hit Tytos Blackwood(450) 179.
    ****
    Tytos Blackwood(271) took 20 damage as DOT.
    Eldrick Sarsfield(307) took 25 damage as DOT.
    Tytos Blackwood(251) hit Eldrick Sarsfield(282) 218.
    Eldrick Sarsfield(64) hit Tytos Blackwood(251) 179.
    ****
    Tytos Blackwood(72) took 40 damage as DOT.
    Eldrick Sarsfield(64) took 50 damage as DOT.
    Tytos Blackwood(32) hit Eldrick Sarsfield(14) 218.
    Eldrick Sarsfield(-204) hit Tytos Blackwood(32) 179.
    ****
    Both of them are dead. A draw.
  Duel between House Bolton(50) -WIZ- and House Frey(50) -WIZ- has begun.
    Stevron Frey(525) hit Tywin Lannister(500) 215.
    Tywin Lannister(285) hit Stevron Frey(525) 215.
    ****
    Stevron Frey(310) took 20 damage as DOT.
    Tywin Lannister(285) took 20 damage as DOT.
    Stevron Frey(290) hit Tywin Lannister(265) 215.
    Tywin Lannister(50) hit Stevron Frey(290) 215.
    ****
    Stevron Frey(75) took 40 damage as DOT.
    Tywin Lannister(50) took 40 damage as DOT.
    Stevron Frey(35) hit Tywin Lannister(10) 215.
    Tywin Lannister(-205) hit Stevron Frey(35) 215.
    ****
    Both of them are dead. A draw.
  The Riverlands got 3 house points. The Westernlands got 0 house points.

The winner is: The Riverlands with currently 2 kingdom points.
---------------
---------------
Duel 3: The Westernlands vs The North
  Duel between Serretts(27) -WHI- and Manderlys(30) -WHI- has begun.
    Lord Serrett(625) hit Wendel Manderly(605) 187.
    Wendel Manderly(418) hit Lord Serrett(625) 210.
    ****
    Lord Serrett(415) took 30 damage as DOT.
    Wendel Manderly(418) took 30 damage as DOT.
    Lord Serrett(385) hit Wendel Manderly(388) 187.
    Wendel Manderly(201) hit Lord Serrett(385) 210.
    ****
    Lord Serrett(175) took 60 damage as DOT.
    Wendel Manderly(201) took 60 damage as DOT.
    Lord Serrett(115) hit Wendel Manderly(141) 187.
    Wendel Manderly(-46) hit Lord Serrett(115) 210.
    ****
    Both of them are dead. A draw.
  Duel between Sarsfields(24) -WIZ- and Dormunds(30) -WIZ- has begun.
    Eldrick Sarsfield(525) hit Marlin Dormund(430) 179.
    Marlin Dormund(251) hit Eldrick Sarsfield(525) 205.
    ****
    Eldrick Sarsfield(320) took 20 damage as DOT.
    Marlin Dormund(251) took 20 damage as DOT.
    Eldrick Sarsfield(300) hit Marlin Dormund(231) 179.
    Marlin Dormund(52) hit Eldrick Sarsfield(300) 205.
    ****
    Eldrick Sarsfield(95) took 40 damage as DOT.
    Marlin Dormund(52) took 40 damage as DOT.
    Eldrick Sarsfield(55) hit Marlin Dormund(12) 179.
    Marlin Dormund(-167) hit Eldrick Sarsfield(55) 205.
    ****
    Both of them are dead. A draw.
  Duel between Lannister of Lannisports(30) -WIL- and Cerwyns(30) -WIL- has begun.
    Reginald Lannister(500) hit Medger Cerwyn(405) 210.
    Medger Cerwyn(195) hit Reginald Lannister(500) 235.
    ****
    Reginald Lannister(265) took 25 damage as DOT.
    Medger Cerwyn(195) took 25 damage as DOT.
    Reginald Lannister(240) hit Medger Cerwyn(170) 210.
    Medger Cerwyn(-40) hit Reginald Lannister(240) 235.
    ****
    Reginald Lannister(5) has won.
  Duel between Serretts(27) -WHI- and Dormunds(30) -WIZ- has begun.
    Lord Serrett(625) hit Marlin Dormund(430) 187.
    Marlin Dormund(243) hit Lord Serrett(625) 205.
    ****
    Lord Serrett(420) took 20 damage as DOT.
    Marlin Dormund(243) took 30 damage as DOT.
    Lord Serrett(400) hit Marlin Dormund(213) 187.
    Marlin Dormund(26) hit Lord Serrett(400) 205.
    ****
    Lord Serrett(195) took 40 damage as DOT.
    Marlin Dormund(26) took 60 damage as DOT.
    Lord Serrett(155) hit Marlin Dormund(-34) 187.
    Marlin Dormund(-221) hit Lord Serrett(155) 205.
    ****
    Both of them are dead. A draw.
  Duel between Sarsfields(24) -WIZ- and Cerwyns(27) -WIL- has begun.
    Eldrick Sarsfield(525) hit Medger Cerwyn(405) 179.
    Medger Cerwyn(226) hit Eldrick Sarsfield(525) 232.
    ****
    Eldrick Sarsfield(293) took 25 damage as DOT.
    Medger Cerwyn(226) took 20 damage as DOT.
    Eldrick Sarsfield(268) hit Medger Cerwyn(206) 179.
    Medger Cerwyn(27) hit Eldrick Sarsfield(268) 232.
    ****
    Eldrick Sarsfield(36) took 50 damage as DOT.
    Medger Cerwyn(27) took 40 damage as DOT.
    Eldrick Sarsfield(-14) hit Medger Cerwyn(-13) 179.
    Medger Cerwyn(-192) hit Eldrick Sarsfield(-14) 232.
    ****
    Both of them are dead. A draw.
  Duel between Lannister of Lannisports(33) -WIL- and Manderlys(30) -WHI- has begun.
    Reginald Lannister(500) hit Wendel Manderly(605) 213.
    Wendel Manderly(392) hit Reginald Lannister(500) 210.
    ****
    Reginald Lannister(290) took 30 damage as DOT.
    Wendel Manderly(392) took 25 damage as DOT.
    Reginald Lannister(260) hit Wendel Manderly(367) 213.
    Wendel Manderly(154) hit Reginald Lannister(260) 210.
    ****
    Reginald Lannister(50) took 60 damage as DOT.
    Wendel Manderly(154) took 50 damage as DOT.
    Reginald Lannister(-10) hit Wendel Manderly(104) 213.
    Wendel Manderly(-109) hit Reginald Lannister(-10) 210.
    ****
    Both of them are dead. A draw.
  Duel between Serretts(27) -WHI- and Cerwyns(27) -WIL- has begun.
    Lord Serrett(625) hit Medger Cerwyn(405) 187.
    Medger Cerwyn(218) hit Lord Serrett(625) 232.
    ****
    Lord Serrett(393) took 25 damage as DOT.
    Medger Cerwyn(218) took 30 damage as DOT.
    Lord Serrett(368) hit Medger Cerwyn(188) 187.
    Medger Cerwyn(1) hit Lord Serrett(368) 232.
    ****
    Lord Serrett(136) took 50 damage as DOT.
    Medger Cerwyn(1) took 60 damage as DOT.
    Lord Serrett(86) hit Medger Cerwyn(-59) 187.
    Medger Cerwyn(-246) hit Lord Serrett(86) 232.
    ****
    Both of them are dead. A draw.
  Duel between Sarsfields(24) -WIZ- and Manderlys(30) -WHI- has begun.
    Eldrick Sarsfield(525) hit Wendel Manderly(605) 179.
    Wendel Manderly(426) hit Eldrick Sarsfield(525) 210.
    ****
    Eldrick Sarsfield(315) took 30 damage as DOT.
    Wendel Manderly(426) took 20 damage as DOT.
    Eldrick Sarsfield(285) hit Wendel Manderly(406) 179.
    Wendel Manderly(227) hit Eldrick Sarsfield(285) 210.
    ****
    Eldrick Sarsfield(75) took 60 damage as DOT.
    Wendel Manderly(227) took 40 damage as DOT.
    Eldrick Sarsfield(15) hit Wendel Manderly(187) 179.
    Wendel Manderly(8) hit Eldrick Sarsfield(15) 210.
    ****
    Wendel Manderly(8) has won.
  Duel between Lannister of Lannisports(33) -WIL- and Dormunds(30) -WIZ- has begun.
    Reginald Lannister(500) hit Marlin Dormund(430) 213.
    Marlin Dormund(217) hit Reginald Lannister(500) 205.
    ****
    Reginald Lannister(295) took 20 damage as DOT.
    Marlin Dormund(217) took 25 damage as DOT.
    Reginald Lannister(275) hit Marlin Dormund(192) 213.
    Marlin Dormund(-21) hit Reginald Lannister(275) 205.
    ****
    Reginald Lannister(70) has won.
  Duel between House Frey(50) -WIZ- and House Stark(50) -WHI- has begun.
    Tywin Lannister(500) hit Ned Stark(605) 215.
    Ned Stark(390) hit Tywin Lannister(500) 230.
    ****
    Tywin Lannister(270) took 30 damage as DOT.
    Ned Stark(390) took 20 damage as DOT.
    Tywin Lannister(240) hit Ned Stark(370) 215.
    Ned Stark(155) hit Tywin Lannister(240) 230.
    ****
    Tywin Lannister(10) took 60 damage as DOT.
    Ned Stark(155) took 40 damage as DOT.
    Tywin Lannister(-50) hit Ned Stark(115) 215.
    Ned Stark(-100) hit Tywin Lannister(-50) 230.
    ****
    Both of them are dead. A draw.
  The Westernlands got 2 house points. The North got 1 house points.

The winner is: The Westernlands with currently 1 kingdom points.
---------------
---------------
Duel 4: The North vs The Crownlands
  Duel between Manderlys(33) -WHI- and Blounts(30) -WIZ- has begun.
    Wendel Manderly(605) hit Boros Blount(455) 213.
    Boros Blount(242) hit Wendel Manderly(605) 215.
    ****
    Wendel Manderly(390) took 20 damage as DOT.
    Boros Blount(242) took 30 damage as DOT.
    Wendel Manderly(370) hit Boros Blount(212) 213.
    Boros Blount(-1) hit Wendel Manderly(370) 215.
    ****
    Wendel Manderly(155) has won.
  Duel between Dormunds(27) -WIZ- and Slynts(30) -WHI- has begun.
    Marlin Dormund(430) hit Janos Slynt(630) 202.
    Janos Slynt(428) hit Marlin Dormund(430) 210.
    ****
    Marlin Dormund(220) took 30 damage as DOT.
    Janos Slynt(428) took 20 damage as DOT.
    Marlin Dormund(190) hit Janos Slynt(408) 202.
    Janos Slynt(206) hit Marlin Dormund(190) 210.
    ****
    Janos Slynt(206) has won.
  Duel between Cerwyns(27) -WIL- and Gaunts(30) -WHI- has begun.
    Medger Cerwyn(405) hit Gwayne Gaunt(580) 232.
    Gwayne Gaunt(348) hit Medger Cerwyn(405) 210.
    ****
    Medger Cerwyn(195) took 30 damage as DOT.
    Gwayne Gaunt(348) took 25 damage as DOT.
    Medger Cerwyn(165) hit Gwayne Gaunt(323) 232.
    Gwayne Gaunt(91) hit Medger Cerwyn(165) 210.
    ****
    Gwayne Gaunt(91) has won.
  Duel between Manderlys(36) -WHI- and Slynts(33) -WHI- has begun.
    Wendel Manderly(605) hit Janos Slynt(630) 216.
    Janos Slynt(414) hit Wendel Manderly(605) 213.
    ****
    Wendel Manderly(392) took 30 damage as DOT.
    Janos Slynt(414) took 30 damage as DOT.
    Wendel Manderly(362) hit Janos Slynt(384) 216.
    Janos Slynt(168) hit Wendel Manderly(362) 213.
    ****
    Wendel Manderly(149) took 60 damage as DOT.
    Janos Slynt(168) took 60 damage as DOT.
    Wendel Manderly(89) hit Janos Slynt(108) 216.
    Janos Slynt(-108) hit Wendel Manderly(89) 213.
    ****
    Both of them are dead. A draw.
  Duel between Dormunds(24) -WIZ- and Gaunts(33) -WHI- has begun.
    Marlin Dormund(430) hit Gwayne Gaunt(580) 199.
    Gwayne Gaunt(381) hit Marlin Dormund(430) 213.
    ****
    Marlin Dormund(217) took 30 damage as DOT.
    Gwayne Gaunt(381) took 20 damage as DOT.
    Marlin Dormund(187) hit Gwayne Gaunt(361) 199.
    Gwayne Gaunt(162) hit Marlin Dormund(187) 213.
    ****
    Gwayne Gaunt(162) has won.
  Duel between Cerwyns(24) -WIL- and Blounts(27) -WIZ- has begun.
    Medger Cerwyn(405) hit Boros Blount(455) 229.
    Boros Blount(226) hit Medger Cerwyn(405) 212.
    ****
    Medger Cerwyn(193) took 20 damage as DOT.
    Boros Blount(226) took 25 damage as DOT.
    Medger Cerwyn(173) hit Boros Blount(201) 229.
    Boros Blount(-28) hit Medger Cerwyn(173) 212.
    ****
    Both of them are dead. A draw.
  Duel between Manderlys(36) -WHI- and Gaunts(36) -WHI- has begun.
    Wendel Manderly(605) hit Gwayne Gaunt(580) 216.
    Gwayne Gaunt(364) hit Wendel Manderly(605) 216.
    ****
    Wendel Manderly(389) took 30 damage as DOT.
    Gwayne Gaunt(364) took 30 damage as DOT.
    Wendel Manderly(359) hit Gwayne Gaunt(334) 216.
    Gwayne Gaunt(118) hit Wendel Manderly(359) 216.
    ****
    Wendel Manderly(143) took 60 damage as DOT.
    Gwayne Gaunt(118) took 60 damage as DOT.
    Wendel Manderly(83) hit Gwayne Gaunt(58) 216.
    Gwayne Gaunt(-158) hit Wendel Manderly(83) 216.
    ****
    Both of them are dead. A draw.
  Duel between Dormunds(21) -WIZ- and Blounts(27) -WIZ- has begun.
    Marlin Dormund(430) hit Boros Blount(455) 196.
    Boros Blount(259) hit Marlin Dormund(430) 212.
    ****
    Marlin Dormund(218) took 20 damage as DOT.
    Boros Blount(259) took 20 damage as DOT.
    Marlin Dormund(198) hit Boros Blount(239) 196.
    Boros Blount(43) hit Marlin Dormund(198) 212.
    ****
    Boros Blount(43) has won.
  Duel between Cerwyns(24) -WIL- and Slynts(33) -WHI- has begun.
    Medger Cerwyn(405) hit Janos Slynt(630) 229.
    Janos Slynt(401) hit Medger Cerwyn(405) 213.
    ****
    Medger Cerwyn(192) took 30 damage as DOT.
    Janos Slynt(401) took 25 damage as DOT.
    Medger Cerwyn(162) hit Janos Slynt(376) 229.
    Janos Slynt(147) hit Medger Cerwyn(162) 213.
    ****
    Janos Slynt(147) has won.
  Duel between House Stark(50) -WHI- and House Baratheon(50) -WHI- has begun.
    Ned Stark(605) hit Viserys Targaryen(580) 230.
    Viserys Targaryen(350) hit Ned Stark(605) 230.
    ****
    Ned Stark(375) took 30 damage as DOT.
    Viserys Targaryen(350) took 30 damage as DOT.
    Ned Stark(345) hit Viserys Targaryen(320) 230.
    Viserys Targaryen(90) hit Ned Stark(345) 230.
    ****
    Ned Stark(115) took 60 damage as DOT.
    Viserys Targaryen(90) took 60 damage as DOT.
    Ned Stark(55) hit Viserys Targaryen(30) 230.
    Viserys Targaryen(-200) hit Ned Stark(55) 230.
    ****
    Both of them are dead. A draw.
  The North got 1 house points. The Crownlands got 5 house points.

The winner is: The Crownlands with currently 1 kingdom points.
---------------
---------------
Duel 5: The Crownlands vs Dorne
  Duel between Blounts(30) -WIZ- and Yronwoods(30) -WHI- has begun.
    Boros Blount(455) hit Edgar Yronwood(605) 215.
    Edgar Yronwood(390) hit Boros Blount(455) 210.
    ****
    Boros Blount(245) took 30 damage as DOT.
    Edgar Yronwood(390) took 20 damage as DOT.
    Boros Blount(215) hit Edgar Yronwood(370) 215.
    Edgar Yronwood(155) hit Boros Blount(215) 210.
    ****
    Boros Blount(5) took 60 damage as DOT.
    Edgar Yronwood(155) took 40 damage as DOT.
    Boros Blount(-55) hit Edgar Yronwood(115) 215.
    Edgar Yronwood(-100) hit Boros Blount(-55) 210.
    ****
    Both of them are dead. A draw.
  Duel between Slynts(36) -WHI- and Manwoodys(30) -WHI- has begun.
    Janos Slynt(630) hit Dagos Manwoody(580) 216.
    Dagos Manwoody(364) hit Janos Slynt(630) 210.
    ****
    Janos Slynt(420) took 30 damage as DOT.
    Dagos Manwoody(364) took 30 damage as DOT.
    Janos Slynt(390) hit Dagos Manwoody(334) 216.
    Dagos Manwoody(118) hit Janos Slynt(390) 210.
    ****
    Janos Slynt(180) took 60 damage as DOT.
    Dagos Manwoody(118) took 60 damage as DOT.
    Janos Slynt(120) hit Dagos Manwoody(58) 216.
    Dagos Manwoody(-158) hit Janos Slynt(120) 210.
    ****
    Both of them are dead. A draw.
  Duel between Gaunts(36) -WHI- and Daynes(30) -WHI- has begun.
    Gwayne Gaunt(580) hit Beric Dayne(630) 216.
    Beric Dayne(414) hit Gwayne Gaunt(580) 210.
    ****
    Gwayne Gaunt(370) took 30 damage as DOT.
    Beric Dayne(414) took 30 damage as DOT.
    Gwayne Gaunt(340) hit Beric Dayne(384) 216.
    Beric Dayne(168) hit Gwayne Gaunt(340) 210.
    ****
    Gwayne Gaunt(130) took 60 damage as DOT.
    Beric Dayne(168) took 60 damage as DOT.
    Gwayne Gaunt(70) hit Beric Dayne(108) 216.
    Beric Dayne(-108) hit Gwayne Gaunt(70) 210.
    ****
    Both of them are dead. A draw.
  Duel between Blounts(30) -WIZ- and Manwoodys(30) -WHI- has begun.
    Boros Blount(455) hit Dagos Manwoody(580) 215.
    Dagos Manwoody(365) hit Boros Blount(455) 210.
    ****
    Boros Blount(245) took 30 damage as DOT.
    Dagos Manwoody(365) took 20 damage as DOT.
    Boros Blount(215) hit Dagos Manwoody(345) 215.
    Dagos Manwoody(130) hit Boros Blount(215) 210.
    ****
    Boros Blount(5) took 60 damage as DOT.
    Dagos Manwoody(130) took 40 damage as DOT.
    Boros Blount(-55) hit Dagos Manwoody(90) 215.
    Dagos Manwoody(-125) hit Boros Blount(-55) 210.
    ****
    Both of them are dead. A draw.
  Duel between Slynts(36) -WHI- and Daynes(30) -WHI- has begun.
    Janos Slynt(630) hit Beric Dayne(630) 216.
    Beric Dayne(414) hit Janos Slynt(630) 210.
    ****
    Janos Slynt(420) took 30 damage as DOT.
    Beric Dayne(414) took 30 damage as DOT.
    Janos Slynt(390) hit Beric Dayne(384) 216.
    Beric Dayne(168) hit Janos Slynt(390) 210.
    ****
    Janos Slynt(180) took 60 damage as DOT.
    Beric Dayne(168) took 60 damage as DOT.
    Janos Slynt(120) hit Beric Dayne(108) 216.
    Beric Dayne(-108) hit Janos Slynt(120) 210.
    ****
    Both of them are dead. A draw.
  Duel between Gaunts(36) -WHI- and Yronwoods(30) -WHI- has begun.
    Gwayne Gaunt(580) hit Edgar Yronwood(605) 216.
    Edgar Yronwood(389) hit Gwayne Gaunt(580) 210.
    ****
    Gwayne Gaunt(370) took 30 damage as DOT.
    Edgar Yronwood(389) took 30 damage as DOT.
    Gwayne Gaunt(340) hit Edgar Yronwood(359) 216.
    Edgar Yronwood(143) hit Gwayne Gaunt(340) 210.
    ****
    Gwayne Gaunt(130) took 60 damage as DOT.
    Edgar Yronwood(143) took 60 damage as DOT.
    Gwayne Gaunt(70) hit Edgar Yronwood(83) 216.
    Edgar Yronwood(-133) hit Gwayne Gaunt(70) 210.
    ****
    Both of them are dead. A draw.
  Duel between Blounts(30) -WIZ- and Daynes(30) -WHI- has begun.
    Boros Blount(455) hit Beric Dayne(630) 215.
    Beric Dayne(415) hit Boros Blount(455) 210.
    ****
    Boros Blount(245) took 30 damage as DOT.
    Beric Dayne(415) took 20 damage as DOT.
    Boros Blount(215) hit Beric Dayne(395) 215.
    Beric Dayne(180) hit Boros Blount(215) 210.
    ****
    Boros Blount(5) took 60 damage as DOT.
    Beric Dayne(180) took 40 damage as DOT.
    Boros Blount(-55) hit Beric Dayne(140) 215.
    Beric Dayne(-75) hit Boros Blount(-55) 210.
    ****
    Both of them are dead. A draw.
  Duel between Slynts(36) -WHI- and Yronwoods(30) -WHI- has begun.
    Janos Slynt(630) hit Edgar Yronwood(605) 216.
    Edgar Yronwood(389) hit Janos Slynt(630) 210.
    ****
    Janos Slynt(420) took 30 damage as DOT.
    Edgar Yronwood(389) took 30 damage as DOT.
    Janos Slynt(390) hit Edgar Yronwood(359) 216.
    Edgar Yronwood(143) hit Janos Slynt(390) 210.
    ****
    Janos Slynt(180) took 60 damage as DOT.
    Edgar Yronwood(143) took 60 damage as DOT.
    Janos Slynt(120) hit Edgar Yronwood(83) 216.
    Edgar Yronwood(-133) hit Janos Slynt(120) 210.
    ****
    Both of them are dead. A draw.
  Duel between Gaunts(36) -WHI- and Manwoodys(30) -WHI- has begun.
    Gwayne Gaunt(580) hit Dagos Manwoody(580) 216.
    Dagos Manwoody(364) hit Gwayne Gaunt(580) 210.
    ****
    Gwayne Gaunt(370) took 30 damage as DOT.
    Dagos Manwoody(364) took 30 damage as DOT.
    Gwayne Gaunt(340) hit Dagos Manwoody(334) 216.
    Dagos Manwoody(118) hit Gwayne Gaunt(340) 210.
    ****
    Gwayne Gaunt(130) took 60 damage as DOT.
    Dagos Manwoody(118) took 60 damage as DOT.
    Gwayne Gaunt(70) hit Dagos Manwoody(58) 216.
    Dagos Manwoody(-158) hit Gwayne Gaunt(70) 210.
    ****
    Both of them are dead. A draw.
  Duel between House Baratheon(50) -WHI- and House Martell(50) -WHI- has begun.
    Viserys Targaryen(580) hit Obara Sand(580) 230.
    Obara Sand(350) hit Viserys Targaryen(580) 230.
    ****
    Viserys Targaryen(350) took 30 damage as DOT.
    Obara Sand(350) took 30 damage as DOT.
    Viserys Targaryen(320) hit Obara Sand(320) 230.
    Obara Sand(90) hit Viserys Targaryen(320) 230.
    ****
    Viserys Targaryen(90) took 60 damage as DOT.
    Obara Sand(90) took 60 damage as DOT.
    Viserys Targaryen(30) hit Obara Sand(30) 230.
    Obara Sand(-200) hit Viserys Targaryen(30) 230.
    ****
    Both of them are dead. A draw.
  The Crownlands got 0 house points. Dorne got 0 house points.

A draw.
---------------
---------------
Duel 6: The Stormlands vs The Westernlands
  Duel between Morrigens(21) -WIZ- and Serretts(27) -WHI- has begun.
    Damon Morrigen(585) hit Lord Serrett(625) 121.
    Lord Serrett(504) hit Damon Morrigen(585) 187.
    ****
    Damon Morrigen(398) took 30 damage as DOT.
    Lord Serrett(504) took 20 damage as DOT.
    Damon Morrigen(368) hit Lord Serrett(484) 121.
    Lord Serrett(363) hit Damon Morrigen(368) 187.
    ****
    Damon Morrigen(181) took 60 damage as DOT.
    Lord Serrett(363) took 40 damage as DOT.
    Damon Morrigen(121) hit Lord Serrett(323) 121.
    Lord Serrett(202) hit Damon Morrigen(121) 187.
    ****
    Lord Serrett(202) has won.
  Duel between Tarths(24) -WIZ- and Sarsfields(21) -WIZ- has begun.
    Brienne Tarth(560) hit Eldrick Sarsfield(525) 134.
    Eldrick Sarsfield(391) hit Brienne Tarth(560) 176.
    ****
    Brienne Tarth(384) took 20 damage as DOT.
    Eldrick Sarsfield(391) took 20 damage as DOT.
    Brienne Tarth(364) hit Eldrick Sarsfield(371) 134.
    Eldrick Sarsfield(237) hit Brienne Tarth(364) 176.
    ****
    Brienne Tarth(188) took 40 damage as DOT.
    Eldrick Sarsfield(237) took 40 damage as DOT.
    Brienne Tarth(148) hit Eldrick Sarsfield(197) 134.
    Eldrick Sarsfield(63) hit Brienne Tarth(148) 176.
    ****
    Eldrick Sarsfield(63) has won.
  Duel between Wyldes(24) -WIL- and Lannister of Lannisports(36) -WIL- has begun.
    Williem Wylde(535) hit Reginald Lannister(500) 149.
    Reginald Lannister(351) hit Williem Wylde(535) 216.
    ****
    Williem Wylde(319) took 25 damage as DOT.
    Reginald Lannister(351) took 25 damage as DOT.
    Williem Wylde(294) hit Reginald Lannister(326) 149.
    Reginald Lannister(177) hit Williem Wylde(294) 216.
    ****
    Williem Wylde(78) took 50 damage as DOT.
    Reginald Lannister(177) took 50 damage as DOT.
    Williem Wylde(28) hit Reginald Lannister(127) 149.
    Reginald Lannister(-22) hit Williem Wylde(28) 216.
    ****
    Both of them are dead. A draw.
  Duel between Morrigens(18) -WIZ- and Sarsfields(20) -WIZ- has begun.
    Damon Morrigen(585) hit Eldrick Sarsfield(525) 118.
    Eldrick Sarsfield(407) hit Damon Morrigen(585) 175.
    ****
    Damon Morrigen(410) took 20 damage as DOT.
    Eldrick Sarsfield(407) took 20 damage as DOT.
    Damon Morrigen(390) hit Eldrick Sarsfield(387) 118.
    Eldrick Sarsfield(269) hit Damon Morrigen(390) 175.
    ****
    Damon Morrigen(215) took 40 damage as DOT.
    Eldrick Sarsfield(269) took 40 damage as DOT.
    Damon Morrigen(175) hit Eldrick Sarsfield(229) 118.
    Eldrick Sarsfield(111) hit Damon Morrigen(175) 175.
    ****
    Eldrick Sarsfield(111) has won.
  Duel between Tarths(21) -WIZ- and Lannister of Lannisports(36) -WIL- has begun.
    Brienne Tarth(560) hit Reginald Lannister(500) 131.
    Reginald Lannister(369) hit Brienne Tarth(560) 216.
    ****
    Brienne Tarth(344) took 25 damage as DOT.
    Reginald Lannister(369) took 20 damage as DOT.
    Brienne Tarth(319) hit Reginald Lannister(349) 131.
    Reginald Lannister(218) hit Brienne Tarth(319) 216.
    ****
    Brienne Tarth(103) took 50 damage as DOT.
    Reginald Lannister(218) took 40 damage as DOT.
    Brienne Tarth(53) hit Reginald Lannister(178) 131.
    Reginald Lannister(47) hit Brienne Tarth(53) 216.
    ****
    Reginald Lannister(47) has won.
  Duel between Wyldes(24) -WIL- and Serretts(30) -WHI- has begun.
    Williem Wylde(535) hit Lord Serrett(625) 149.
    Lord Serrett(476) hit Williem Wylde(535) 190.
    ****
    Williem Wylde(345) took 30 damage as DOT.
    Lord Serrett(476) took 25 damage as DOT.
    Williem Wylde(315) hit Lord Serrett(451) 149.
    Lord Serrett(302) hit Williem Wylde(315) 190.
    ****
    Williem Wylde(125) took 60 damage as DOT.
    Lord Serrett(302) took 50 damage as DOT.
    Williem Wylde(65) hit Lord Serrett(252) 149.
    Lord Serrett(103) hit Williem Wylde(65) 190.
    ****
    Lord Serrett(103) has won.
  Duel between Morrigens(15) -WIZ- and Lannister of Lannisports(39) -WIL- has begun.
    Damon Morrigen(585) hit Reginald Lannister(500) 115.
    Reginald Lannister(385) hit Damon Morrigen(585) 219.
    ****
    Damon Morrigen(366) took 25 damage as DOT.
    Reginald Lannister(385) took 20 damage as DOT.
    Damon Morrigen(341) hit Reginald Lannister(365) 115.
    Reginald Lannister(250) hit Damon Morrigen(341) 219.
    ****
    Damon Morrigen(122) took 50 damage as DOT.
    Reginald Lannister(250) took 40 damage as DOT.
    Damon Morrigen(72) hit Reginald Lannister(210) 115.
    Reginald Lannister(95) hit Damon Morrigen(72) 219.
    ****
    Reginald Lannister(95) has won.
  Duel between Tarths(18) -WIZ- and Serretts(33) -WHI- has begun.
    Brienne Tarth(560) hit Lord Serrett(625) 128.
    Lord Serrett(497) hit Brienne Tarth(560) 193.
    ****
    Brienne Tarth(367) took 30 damage as DOT.
    Lord Serrett(497) took 20 damage as DOT.
    Brienne Tarth(337) hit Lord Serrett(477) 128.
    Lord Serrett(349) hit Brienne Tarth(337) 193.
    ****
    Brienne Tarth(144) took 60 damage as DOT.
    Lord Serrett(349) took 40 damage as DOT.
    Brienne Tarth(84) hit Lord Serrett(309) 128.
    Lord Serrett(181) hit Brienne Tarth(84) 193.
    ****
    Lord Serrett(181) has won.
  Duel between Wyldes(21) -WIL- and Sarsfields(23) -WIZ- has begun.
    Williem Wylde(535) hit Eldrick Sarsfield(525) 146.
    Eldrick Sarsfield(379) hit Williem Wylde(535) 178.
    ****
    Williem Wylde(357) took 20 damage as DOT.
    Eldrick Sarsfield(379) took 25 damage as DOT.
    Williem Wylde(337) hit Eldrick Sarsfield(354) 146.
    Eldrick Sarsfield(208) hit Williem Wylde(337) 178.
    ****
    Williem Wylde(159) took 40 damage as DOT.
    Eldrick Sarsfield(208) took 50 damage as DOT.
    Williem Wylde(119) hit Eldrick Sarsfield(158) 146.
    Eldrick Sarsfield(12) hit Williem Wylde(119) 178.
    ****
    Eldrick Sarsfield(12) has won.
  Duel between House Tyrell(50) -WIL- and House Frey(50) -WIZ- has begun.
    Joffrey Baratheon(485) hit Tywin Lannister(500) 170.
    Tywin Lannister(330) hit Joffrey Baratheon(485) 215.
    ****
    Joffrey Baratheon(270) took 20 damage as DOT.
    Tywin Lannister(330) took 25 damage as DOT.
    Joffrey Baratheon(250) hit Tywin Lannister(305) 170.
    Tywin Lannister(135) hit Joffrey Baratheon(250) 215.
    ****
    Joffrey Baratheon(35) took 40 damage as DOT.
    Tywin Lannister(135) took 50 damage as DOT.
    Joffrey Baratheon(-5) hit Tywin Lannister(85) 170.
    Tywin Lannister(-85) hit Joffrey Baratheon(-5) 215.
    ****
    Both of them are dead. A draw.
  The Stormlands got 0 house points. The Westernlands got 8 house points.

The winner is: The Westernlands with currently 2 kingdom points.
---------------
---------------
Duel 7: The Riverlands vs The North
  Duel between Mootons(45) -WHI- and Manderlys(36) -WHI- has begun.
    William Mooton(675) hit Wendel Manderly(605) 205.
    Wendel Manderly(400) hit William Mooton(675) 216.
    ****
    William Mooton(459) took 30 damage as DOT.
    Wendel Manderly(400) took 30 damage as DOT.
    William Mooton(429) hit Wendel Manderly(370) 205.
    Wendel Manderly(165) hit William Mooton(429) 216.
    ****
    William Mooton(213) took 60 damage as DOT.
    Wendel Manderly(165) took 60 damage as DOT.
    William Mooton(153) hit Wendel Manderly(105) 205.
    Wendel Manderly(-100) hit William Mooton(153) 216.
    ****
    Both of them are dead. A draw.
  Duel between Smallwoods(42) -WHI- and Dormunds(18) -WIZ- has begun.
    Theomar Smallwood(650) hit Marlin Dormund(430) 202.
    Marlin Dormund(228) hit Theomar Smallwood(650) 193.
    ****
    Theomar Smallwood(457) took 20 damage as DOT.
    Marlin Dormund(228) took 30 damage as DOT.
    Theomar Smallwood(437) hit Marlin Dormund(198) 202.
    Marlin Dormund(-4) hit Theomar Smallwood(437) 193.
    ****
    Theomar Smallwood(244) has won.
  Duel between Blackwoods(33) -WIL- and Cerwyns(21) -WIL- has begun.
    Tytos Blackwood(450) hit Medger Cerwyn(405) 218.
    Medger Cerwyn(187) hit Tytos Blackwood(450) 226.
    ****
    Tytos Blackwood(224) took 25 damage as DOT.
    Medger Cerwyn(187) took 25 damage as DOT.
    Tytos Blackwood(199) hit Medger Cerwyn(162) 218.
    Medger Cerwyn(-56) hit Tytos Blackwood(199) 226.
    ****
    Both of them are dead. A draw.
  Duel between Mootons(45) -WHI- and Dormunds(15) -WIZ- has begun.
    William Mooton(675) hit Marlin Dormund(430) 205.
    Marlin Dormund(225) hit William Mooton(675) 190.
    ****
    William Mooton(485) took 20 damage as DOT.
    Marlin Dormund(225) took 30 damage as DOT.
    William Mooton(465) hit Marlin Dormund(195) 205.
    Marlin Dormund(-10) hit William Mooton(465) 190.
    ****
    William Mooton(275) has won.
  Duel between Smallwoods(45) -WHI- and Cerwyns(21) -WIL- has begun.
    Theomar Smallwood(650) hit Medger Cerwyn(405) 205.
    Medger Cerwyn(200) hit Theomar Smallwood(650) 226.
    ****
    Theomar Smallwood(424) took 25 damage as DOT.
    Medger Cerwyn(200) took 30 damage as DOT.
    Theomar Smallwood(399) hit Medger Cerwyn(170) 205.
    Medger Cerwyn(-35) hit Theomar Smallwood(399) 226.
    ****
    Theomar Smallwood(173) has won.
  Duel between Blackwoods(33) -WIL- and Manderlys(36) -WHI- has begun.
    Tytos Blackwood(450) hit Wendel Manderly(605) 218.
    Wendel Manderly(387) hit Tytos Blackwood(450) 216.
    ****
    Tytos Blackwood(234) took 30 damage as DOT.
    Wendel Manderly(387) took 25 damage as DOT.
    Tytos Blackwood(204) hit Wendel Manderly(362) 218.
    Wendel Manderly(144) hit Tytos Blackwood(204) 216.
    ****
    Wendel Manderly(144) has won.
  Duel between Mootons(48) -WHI- and Cerwyns(18) -WIL- has begun.
    William Mooton(675) hit Medger Cerwyn(405) 208.
    Medger Cerwyn(197) hit William Mooton(675) 223.
    ****
    William Mooton(452) took 25 damage as DOT.
    Medger Cerwyn(197) took 30 damage as DOT.
    William Mooton(427) hit Medger Cerwyn(167) 208.
    Medger Cerwyn(-41) hit William Mooton(427) 223.
    ****
    William Mooton(204) has won.
  Duel between Smallwoods(48) -WHI- and Manderlys(39) -WHI- has begun.
    Theomar Smallwood(650) hit Wendel Manderly(605) 208.
    Wendel Manderly(397) hit Theomar Smallwood(650) 219.
    ****
    Theomar Smallwood(431) took 30 damage as DOT.
    Wendel Manderly(397) took 30 damage as DOT.
    Theomar Smallwood(401) hit Wendel Manderly(367) 208.
    Wendel Manderly(159) hit Theomar Smallwood(401) 219.
    ****
    Theomar Smallwood(182) took 60 damage as DOT.
    Wendel Manderly(159) took 60 damage as DOT.
    Theomar Smallwood(122) hit Wendel Manderly(99) 208.
    Wendel Manderly(-109) hit Theomar Smallwood(122) 219.
    ****
    Both of them are dead. A draw.
  Duel between Blackwoods(30) -WIL- and Dormunds(12) -WIZ- has begun.
    Tytos Blackwood(450) hit Marlin Dormund(430) 215.
    Marlin Dormund(215) hit Tytos Blackwood(450) 187.
    ****
    Tytos Blackwood(263) took 20 damage as DOT.
    Marlin Dormund(215) took 25 damage as DOT.
    Tytos Blackwood(243) hit Marlin Dormund(190) 215.
    Marlin Dormund(-25) hit Tytos Blackwood(243) 187.
    ****
    Tytos Blackwood(56) has won.
  Duel between House Bolton(50) -WIZ- and House Stark(50) -WHI- has begun.
    Stevron Frey(525) hit Ned Stark(605) 215.
    Ned Stark(390) hit Stevron Frey(525) 230.
    ****
    Stevron Frey(295) took 30 damage as DOT.
    Ned Stark(390) took 20 damage as DOT.
    Stevron Frey(265) hit Ned Stark(370) 215.
    Ned Stark(155) hit Stevron Frey(265) 230.
    ****
    Stevron Frey(35) took 60 damage as DOT.
    Ned Stark(155) took 40 damage as DOT.
    Stevron Frey(-25) hit Ned Stark(115) 215.
    Ned Stark(-100) hit Stevron Frey(-25) 230.
    ****
    Both of them are dead. A draw.
  The Riverlands got 5 house points. The North got 1 house points.

The winner is: The Riverlands with currently 3 kingdom points.
---------------
---------------
Duel 8: The Westernlands vs The Crownlands
  Duel between Serretts(36) -WHI- and Blounts(30) -WIZ- has begun.
    Lord Serrett(625) hit Boros Blount(455) 196.
    Boros Blount(259) hit Lord Serrett(625) 215.
    ****
    Lord Serrett(410) took 20 damage as DOT.
    Boros Blount(259) took 30 damage as DOT.
    Lord Serrett(390) hit Boros Blount(229) 196.
    Boros Blount(33) hit Lord Serrett(390) 215.
    ****
    Lord Serrett(175) took 40 damage as DOT.
    Boros Blount(33) took 60 damage as DOT.
    Lord Serrett(135) hit Boros Blount(-27) 196.
    Boros Blount(-223) hit Lord Serrett(135) 215.
    ****
    Both of them are dead. A draw.
  Duel between Sarsfields(26) -WIZ- and Slynts(36) -WHI- has begun.
    Eldrick Sarsfield(525) hit Janos Slynt(630) 181.
    Janos Slynt(449) hit Eldrick Sarsfield(525) 216.
    ****
    Eldrick Sarsfield(309) took 30 damage as DOT.
    Janos Slynt(449) took 20 damage as DOT.
    Eldrick Sarsfield(279) hit Janos Slynt(429) 181.
    Janos Slynt(248) hit Eldrick Sarsfield(279) 216.
    ****
    Eldrick Sarsfield(63) took 60 damage as DOT.
    Janos Slynt(248) took 40 damage as DOT.
    Eldrick Sarsfield(3) hit Janos Slynt(208) 181.
    Janos Slynt(27) hit Eldrick Sarsfield(3) 216.
    ****
    Janos Slynt(27) has won.
  Duel between Lannister of Lannisports(42) -WIL- and Gaunts(36) -WHI- has begun.
    Reginald Lannister(500) hit Gwayne Gaunt(580) 222.
    Gwayne Gaunt(358) hit Reginald Lannister(500) 216.
    ****
    Reginald Lannister(284) took 30 damage as DOT.
    Gwayne Gaunt(358) took 25 damage as DOT.
    Reginald Lannister(254) hit Gwayne Gaunt(333) 222.
    Gwayne Gaunt(111) hit Reginald Lannister(254) 216.
    ****
    Reginald Lannister(38) took 60 damage as DOT.
    Gwayne Gaunt(111) took 50 damage as DOT.
    Reginald Lannister(-22) hit Gwayne Gaunt(61) 222.
    Gwayne Gaunt(-161) hit Reginald Lannister(-22) 216.
    ****
    Both of them are dead. A draw.
  Duel between Serretts(36) -WHI- and Slynts(39) -WHI- has begun.
    Lord Serrett(625) hit Janos Slynt(630) 196.
    Janos Slynt(434) hit Lord Serrett(625) 219.
    ****
    Lord Serrett(406) took 30 damage as DOT.
    Janos Slynt(434) took 30 damage as DOT.
    Lord Serrett(376) hit Janos Slynt(404) 196.
    Janos Slynt(208) hit Lord Serrett(376) 219.
    ****
    Lord Serrett(157) took 60 damage as DOT.
    Janos Slynt(208) took 60 damage as DOT.
    Lord Serrett(97) hit Janos Slynt(148) 196.
    Janos Slynt(-48) hit Lord Serrett(97) 219.
    ****
    Both of them are dead. A draw.
  Duel between Sarsfields(23) -WIZ- and Gaunts(36) -WHI- has begun.
    Eldrick Sarsfield(525) hit Gwayne Gaunt(580) 178.
    Gwayne Gaunt(402) hit Eldrick Sarsfield(525) 216.
    ****
    Eldrick Sarsfield(309) took 30 damage as DOT.
    Gwayne Gaunt(402) took 20 damage as DOT.
    Eldrick Sarsfield(279) hit Gwayne Gaunt(382) 178.
    Gwayne Gaunt(204) hit Eldrick Sarsfield(279) 216.
    ****
    Eldrick Sarsfield(63) took 60 damage as DOT.
    Gwayne Gaunt(204) took 40 damage as DOT.
    Eldrick Sarsfield(3) hit Gwayne Gaunt(164) 178.
    Gwayne Gaunt(-14) hit Eldrick Sarsfield(3) 216.
    ****
    Both of them are dead. A draw.
  Duel between Lannister of Lannisports(42) -WIL- and Blounts(30) -WIZ- has begun.
    Reginald Lannister(500) hit Boros Blount(455) 222.
    Boros Blount(233) hit Reginald Lannister(500) 215.
    ****
    Reginald Lannister(285) took 20 damage as DOT.
    Boros Blount(233) took 25 damage as DOT.
    Reginald Lannister(265) hit Boros Blount(208) 222.
    Boros Blount(-14) hit Reginald Lannister(265) 215.
    ****
    Reginald Lannister(50) has won.
  Duel between Serretts(36) -WHI- and Gaunts(36) -WHI- has begun.
    Lord Serrett(625) hit Gwayne Gaunt(580) 196.
    Gwayne Gaunt(384) hit Lord Serrett(625) 216.
    ****
    Lord Serrett(409) took 30 damage as DOT.
    Gwayne Gaunt(384) took 30 damage as DOT.
    Lord Serrett(379) hit Gwayne Gaunt(354) 196.
    Gwayne Gaunt(158) hit Lord Serrett(379) 216.
    ****
    Lord Serrett(163) took 60 damage as DOT.
    Gwayne Gaunt(158) took 60 damage as DOT.
    Lord Serrett(103) hit Gwayne Gaunt(98) 196.
    Gwayne Gaunt(-98) hit Lord Serrett(103) 216.
    ****
    Both of them are dead. A draw.
  Duel between Sarsfields(23) -WIZ- and Blounts(27) -WIZ- has begun.
    Eldrick Sarsfield(525) hit Boros Blount(455) 178.
    Boros Blount(277) hit Eldrick Sarsfield(525) 212.
    ****
    Eldrick Sarsfield(313) took 20 damage as DOT.
    Boros Blount(277) took 20 damage as DOT.
    Eldrick Sarsfield(293) hit Boros Blount(257) 178.
    Boros Blount(79) hit Eldrick Sarsfield(293) 212.
    ****
    Eldrick Sarsfield(81) took 40 damage as DOT.
    Boros Blount(79) took 40 damage as DOT.
    Eldrick Sarsfield(41) hit Boros Blount(39) 178.
    Boros Blount(-139) hit Eldrick Sarsfield(41) 212.
    ****
    Both of them are dead. A draw.
  Duel between Lannister of Lannisports(45) -WIL- and Slynts(39) -WHI- has begun.
    Reginald Lannister(500) hit Janos Slynt(630) 225.
    Janos Slynt(405) hit Reginald Lannister(500) 219.
    ****
    Reginald Lannister(281) took 30 damage as DOT.
    Janos Slynt(405) took 25 damage as DOT.
    Reginald Lannister(251) hit Janos Slynt(380) 225.
    Janos Slynt(155) hit Reginald Lannister(251) 219.
    ****
    Reginald Lannister(32) took 60 damage as DOT.
    Janos Slynt(155) took 50 damage as DOT.
    Reginald Lannister(-28) hit Janos Slynt(105) 225.
    Janos Slynt(-120) hit Reginald Lannister(-28) 219.
    ****
    Both of them are dead. A draw.
  Duel between House Frey(50) -WIZ- and House Baratheon(50) -WHI- has begun.
    Tywin Lannister(500) hit Viserys Targaryen(580) 215.
    Viserys Targaryen(365) hit Tywin Lannister(500) 230.
    ****
    Tywin Lannister(270) took 30 damage as DOT.
    Viserys Targaryen(365) took 20 damage as DOT.
    Tywin Lannister(240) hit Viserys Targaryen(345) 215.
    Viserys Targaryen(130) hit Tywin Lannister(240) 230.
    ****
    Tywin Lannister(10) took 60 damage as DOT.
    Viserys Targaryen(130) took 40 damage as DOT.
    Tywin Lannister(-50) hit Viserys Targaryen(90) 215.
    Viserys Targaryen(-125) hit Tywin Lannister(-50) 230.
    ****
    Both of them are dead. A draw.
  The Westernlands got 1 house points. The Crownlands got 1 house points.

A draw.
---------------
---------------
Duel 9: The North vs Dorne
  Duel between Manderlys(39) -WHI- and Yronwoods(30) -WHI- has begun.
    Wendel Manderly(605) hit Edgar Yronwood(605) 219.
    Edgar Yronwood(386) hit Wendel Manderly(605) 210.
    ****
    Wendel Manderly(395) took 30 damage as DOT.
    Edgar Yronwood(386) took 30 damage as DOT.
    Wendel Manderly(365) hit Edgar Yronwood(356) 219.
    Edgar Yronwood(137) hit Wendel Manderly(365) 210.
    ****
    Wendel Manderly(155) took 60 damage as DOT.
    Edgar Yronwood(137) took 60 damage as DOT.
    Wendel Manderly(95) hit Edgar Yronwood(77) 219.
    Edgar Yronwood(-142) hit Wendel Manderly(95) 210.
    ****
    Both of them are dead. A draw.
  Duel between Dormunds(9) -WIZ- and Manwoodys(30) -WHI- has begun.
    Marlin Dormund(430) hit Dagos Manwoody(580) 184.
    Dagos Manwoody(396) hit Marlin Dormund(430) 210.
    ****
    Marlin Dormund(220) took 30 damage as DOT.
    Dagos Manwoody(396) took 20 damage as DOT.
    Marlin Dormund(190) hit Dagos Manwoody(376) 184.
    Dagos Manwoody(192) hit Marlin Dormund(190) 210.
    ****
    Dagos Manwoody(192) has won.
  Duel between Cerwyns(15) -WIL- and Daynes(30) -WHI- has begun.
    Medger Cerwyn(405) hit Beric Dayne(630) 220.
    Beric Dayne(410) hit Medger Cerwyn(405) 210.
    ****
    Medger Cerwyn(195) took 30 damage as DOT.
    Beric Dayne(410) took 25 damage as DOT.
    Medger Cerwyn(165) hit Beric Dayne(385) 220.
    Beric Dayne(165) hit Medger Cerwyn(165) 210.
    ****
    Beric Dayne(165) has won.
  Duel between Manderlys(39) -WHI- and Manwoodys(33) -WHI- has begun.
    Wendel Manderly(605) hit Dagos Manwoody(580) 219.
    Dagos Manwoody(361) hit Wendel Manderly(605) 213.
    ****
    Wendel Manderly(392) took 30 damage as DOT.
    Dagos Manwoody(361) took 30 damage as DOT.
    Wendel Manderly(362) hit Dagos Manwoody(331) 219.
    Dagos Manwoody(112) hit Wendel Manderly(362) 213.
    ****
    Wendel Manderly(149) took 60 damage as DOT.
    Dagos Manwoody(112) took 60 damage as DOT.
    Wendel Manderly(89) hit Dagos Manwoody(52) 219.
    Dagos Manwoody(-167) hit Wendel Manderly(89) 213.
    ****
    Both of them are dead. A draw.
  Duel between Dormunds(6) -WIZ- and Daynes(33) -WHI- has begun.
    Marlin Dormund(430) hit Beric Dayne(630) 181.
    Beric Dayne(449) hit Marlin Dormund(430) 213.
    ****
    Marlin Dormund(217) took 30 damage as DOT.
    Beric Dayne(449) took 20 damage as DOT.
    Marlin Dormund(187) hit Beric Dayne(429) 181.
    Beric Dayne(248) hit Marlin Dormund(187) 213.
    ****
    Beric Dayne(248) has won.
  Duel between Cerwyns(12) -WIL- and Yronwoods(30) -WHI- has begun.
    Medger Cerwyn(405) hit Edgar Yronwood(605) 217.
    Edgar Yronwood(388) hit Medger Cerwyn(405) 210.
    ****
    Medger Cerwyn(195) took 30 damage as DOT.
    Edgar Yronwood(388) took 25 damage as DOT.
    Medger Cerwyn(165) hit Edgar Yronwood(363) 217.
    Edgar Yronwood(146) hit Medger Cerwyn(165) 210.
    ****
    Edgar Yronwood(146) has won.
  Duel between Manderlys(39) -WHI- and Daynes(36) -WHI- has begun.
    Wendel Manderly(605) hit Beric Dayne(630) 219.
    Beric Dayne(411) hit Wendel Manderly(605) 216.
    ****
    Wendel Manderly(389) took 30 damage as DOT.
    Beric Dayne(411) took 30 damage as DOT.
    Wendel Manderly(359) hit Beric Dayne(381) 219.
    Beric Dayne(162) hit Wendel Manderly(359) 216.
    ****
    Wendel Manderly(143) took 60 damage as DOT.
    Beric Dayne(162) took 60 damage as DOT.
    Wendel Manderly(83) hit Beric Dayne(102) 219.
    Beric Dayne(-117) hit Wendel Manderly(83) 216.
    ****
    Both of them are dead. A draw.
  Duel between Dormunds(3) -WIZ- and Yronwoods(33) -WHI- has begun.
    Marlin Dormund(430) hit Edgar Yronwood(605) 178.
    Edgar Yronwood(427) hit Marlin Dormund(430) 213.
    ****
    Marlin Dormund(217) took 30 damage as DOT.
    Edgar Yronwood(427) took 20 damage as DOT.
    Marlin Dormund(187) hit Edgar Yronwood(407) 178.
    Edgar Yronwood(229) hit Marlin Dormund(187) 213.
    ****
    Edgar Yronwood(229) has won.
  Duel between Cerwyns(9) -WIL- and Manwoodys(33) -WHI- has begun.
    Medger Cerwyn(405) hit Dagos Manwoody(580) 214.
    Dagos Manwoody(366) hit Medger Cerwyn(405) 213.
    ****
    Medger Cerwyn(192) took 30 damage as DOT.
    Dagos Manwoody(366) took 25 damage as DOT.
    Medger Cerwyn(162) hit Dagos Manwoody(341) 214.
    Dagos Manwoody(127) hit Medger Cerwyn(162) 213.
    ****
    Dagos Manwoody(127) has won.
  Duel between House Stark(50) -WHI- and House Martell(50) -WHI- has begun.
    Ned Stark(605) hit Obara Sand(580) 230.
    Obara Sand(350) hit Ned Stark(605) 230.
    ****
    Ned Stark(375) took 30 damage as DOT.
    Obara Sand(350) took 30 damage as DOT.
    Ned Stark(345) hit Obara Sand(320) 230.
    Obara Sand(90) hit Ned Stark(345) 230.
    ****
    Ned Stark(115) took 60 damage as DOT.
    Obara Sand(90) took 60 damage as DOT.
    Ned Stark(55) hit Obara Sand(30) 230.
    Obara Sand(-200) hit Ned Stark(55) 230.
    ****
    Both of them are dead. A draw.
  The North got 0 house points. Dorne got 6 house points.

The winner is: Dorne with currently 2 kingdom points.
---------------
---------------
Duel 10: The Stormlands vs The North
  Duel between Morrigens(12) -WIZ- and Manderlys(39) -WHI- has begun.
    Damon Morrigen(585) hit Wendel Manderly(605) 112.
    Wendel Manderly(493) hit Damon Morrigen(585) 219.
    ****
    Damon Morrigen(366) took 30 damage as DOT.
    Wendel Manderly(493) took 20 damage as DOT.
    Damon Morrigen(336) hit Wendel Manderly(473) 112.
    Wendel Manderly(361) hit Damon Morrigen(336) 219.
    ****
    Damon Morrigen(117) took 60 damage as DOT.
    Wendel Manderly(361) took 40 damage as DOT.
    Damon Morrigen(57) hit Wendel Manderly(321) 112.
    Wendel Manderly(209) hit Damon Morrigen(57) 219.
    ****
    Wendel Manderly(209) has won.
  Duel between Tarths(15) -WIZ- and Dormunds(0) -WIZ- has begun.
    Brienne Tarth(560) hit Marlin Dormund(430) 125.
    Marlin Dormund(305) hit Brienne Tarth(560) 175.
    ****
    Brienne Tarth(385) took 20 damage as DOT.
    Marlin Dormund(305) took 20 damage as DOT.
    Brienne Tarth(365) hit Marlin Dormund(285) 125.
    Marlin Dormund(160) hit Brienne Tarth(365) 175.
    ****
    Brienne Tarth(190) took 40 damage as DOT.
    Marlin Dormund(160) took 40 damage as DOT.
    Brienne Tarth(150) hit Marlin Dormund(120) 125.
    Marlin Dormund(-5) hit Brienne Tarth(150) 175.
    ****
    Both of them are dead. A draw.
  Duel between Wyldes(18) -WIL- and Cerwyns(6) -WIL- has begun.
    Williem Wylde(535) hit Medger Cerwyn(405) 143.
    Medger Cerwyn(262) hit Williem Wylde(535) 211.
    ****
    Williem Wylde(324) took 25 damage as DOT.
    Medger Cerwyn(262) took 25 damage as DOT.
    Williem Wylde(299) hit Medger Cerwyn(237) 143.
    Medger Cerwyn(94) hit Williem Wylde(299) 211.
    ****
    Williem Wylde(88) took 50 damage as DOT.
    Medger Cerwyn(94) took 50 damage as DOT.
    Williem Wylde(38) hit Medger Cerwyn(44) 143.
    Medger Cerwyn(-99) hit Williem Wylde(38) 211.
    ****
    Both of them are dead. A draw.
  Duel between Morrigens(9) -WIZ- and Dormunds(0) -WIZ- has begun.
    Damon Morrigen(585) hit Marlin Dormund(430) 109.
    Marlin Dormund(321) hit Damon Morrigen(585) 175.
    ****
    Damon Morrigen(410) took 20 damage as DOT.
    Marlin Dormund(321) took 20 damage as DOT.
    Damon Morrigen(390) hit Marlin Dormund(301) 109.
    Marlin Dormund(192) hit Damon Morrigen(390) 175.
    ****
    Damon Morrigen(215) took 40 damage as DOT.
    Marlin Dormund(192) took 40 damage as DOT.
    Damon Morrigen(175) hit Marlin Dormund(152) 109.
    Marlin Dormund(43) hit Damon Morrigen(175) 175.
    ****
    Marlin Dormund(43) has won.
  Duel between Tarths(15) -WIZ- and Cerwyns(6) -WIL- has begun.
    Brienne Tarth(560) hit Medger Cerwyn(405) 125.
    Medger Cerwyn(280) hit Brienne Tarth(560) 211.
    ****
    Brienne Tarth(349) took 25 damage as DOT.
    Medger Cerwyn(280) took 20 damage as DOT.
    Brienne Tarth(324) hit Medger Cerwyn(260) 125.
    Medger Cerwyn(135) hit Brienne Tarth(324) 211.
    ****
    Brienne Tarth(113) took 50 damage as DOT.
    Medger Cerwyn(135) took 40 damage as DOT.
    Brienne Tarth(63) hit Medger Cerwyn(95) 125.
    Medger Cerwyn(-30) hit Brienne Tarth(63) 211.
    ****
    Both of them are dead. A draw.
  Duel between Wyldes(18) -WIL- and Manderlys(42) -WHI- has begun.
    Williem Wylde(535) hit Wendel Manderly(605) 143.
    Wendel Manderly(462) hit Williem Wylde(535) 222.
    ****
    Williem Wylde(313) took 30 damage as DOT.
    Wendel Manderly(462) took 25 damage as DOT.
    Williem Wylde(283) hit Wendel Manderly(437) 143.
    Wendel Manderly(294) hit Williem Wylde(283) 222.
    ****
    Williem Wylde(61) took 60 damage as DOT.
    Wendel Manderly(294) took 50 damage as DOT.
    Williem Wylde(1) hit Wendel Manderly(244) 143.
    Wendel Manderly(101) hit Williem Wylde(1) 222.
    ****
    Wendel Manderly(101) has won.
  Duel between Morrigens(6) -WIZ- and Cerwyns(6) -WIL- has begun.
    Damon Morrigen(585) hit Medger Cerwyn(405) 106.
    Medger Cerwyn(299) hit Damon Morrigen(585) 211.
    ****
    Damon Morrigen(374) took 25 damage as DOT.
    Medger Cerwyn(299) took 20 damage as DOT.
    Damon Morrigen(349) hit Medger Cerwyn(279) 106.
    Medger Cerwyn(173) hit Damon Morrigen(349) 211.
    ****
    Damon Morrigen(138) took 50 damage as DOT.
    Medger Cerwyn(173) took 40 damage as DOT.
    Damon Morrigen(88) hit Medger Cerwyn(133) 106.
    Medger Cerwyn(27) hit Damon Morrigen(88) 211.
    ****
    Medger Cerwyn(27) has won.
  Duel between Tarths(15) -WIZ- and Manderlys(45) -WHI- has begun.
    Brienne Tarth(560) hit Wendel Manderly(605) 125.
    Wendel Manderly(480) hit Brienne Tarth(560) 225.
    ****
    Brienne Tarth(335) took 30 damage as DOT.
    Wendel Manderly(480) took 20 damage as DOT.
    Brienne Tarth(305) hit Wendel Manderly(460) 125.
    Wendel Manderly(335) hit Brienne Tarth(305) 225.
    ****
    Brienne Tarth(80) took 60 damage as DOT.
    Wendel Manderly(335) took 40 damage as DOT.
    Brienne Tarth(20) hit Wendel Manderly(295) 125.
    Wendel Manderly(170) hit Brienne Tarth(20) 225.
    ****
    Wendel Manderly(170) has won.
  Duel between Wyldes(15) -WIL- and Dormunds(3) -WIZ- has begun.
    Williem Wylde(535) hit Marlin Dormund(430) 140.
    Marlin Dormund(290) hit Williem Wylde(535) 178.
    ****
    Williem Wylde(357) took 20 damage as DOT.
    Marlin Dormund(290) took 25 damage as DOT.
    Williem Wylde(337) hit Marlin Dormund(265) 140.
    Marlin Dormund(125) hit Williem Wylde(337) 178.
    ****
    Williem Wylde(159) took 40 damage as DOT.
    Marlin Dormund(125) took 50 damage as DOT.
    Williem Wylde(119) hit Marlin Dormund(75) 140.
    Marlin Dormund(-65) hit Williem Wylde(119) 178.
    ****
    Both of them are dead. A draw.
  Duel between House Tyrell(50) -WIL- and House Stark(50) -WHI- has begun.
    Joffrey Baratheon(485) hit Ned Stark(605) 170.
    Ned Stark(435) hit Joffrey Baratheon(485) 230.
    ****
    Joffrey Baratheon(255) took 30 damage as DOT.
    Ned Stark(435) took 25 damage as DOT.
    Joffrey Baratheon(225) hit Ned Stark(410) 170.
    Ned Stark(240) hit Joffrey Baratheon(225) 230.
    ****
    Ned Stark(240) has won.
  The Stormlands got 0 house points. The North got 8 house points.

The winner is: The North with currently 1 kingdom points.
---------------
---------------
Duel 11: The Riverlands vs The Crownlands
  Duel between Mootons(51) -WHI- and Blounts(27) -WIZ- has begun.
    William Mooton(675) hit Boros Blount(455) 211.
    Boros Blount(244) hit William Mooton(675) 212.
    ****
    William Mooton(463) took 20 damage as DOT.
    Boros Blount(244) took 30 damage as DOT.
    William Mooton(443) hit Boros Blount(214) 211.
    Boros Blount(3) hit William Mooton(443) 212.
    ****
    William Mooton(231) took 40 damage as DOT.
    Boros Blount(3) took 60 damage as DOT.
    William Mooton(191) hit Boros Blount(-57) 211.
    Boros Blount(-268) hit William Mooton(191) 212.
    ****
    Both of them are dead. A draw.
  Duel between Smallwoods(48) -WHI- and Slynts(39) -WHI- has begun.
    Theomar Smallwood(650) hit Janos Slynt(630) 208.
    Janos Slynt(422) hit Theomar Smallwood(650) 219.
    ****
    Theomar Smallwood(431) took 30 damage as DOT.
    Janos Slynt(422) took 30 damage as DOT.
    Theomar Smallwood(401) hit Janos Slynt(392) 208.
    Janos Slynt(184) hit Theomar Smallwood(401) 219.
    ****
    Theomar Smallwood(182) took 60 damage as DOT.
    Janos Slynt(184) took 60 damage as DOT.
    Theomar Smallwood(122) hit Janos Slynt(124) 208.
    Janos Slynt(-84) hit Theomar Smallwood(122) 219.
    ****
    Both of them are dead. A draw.
  Duel between Blackwoods(33) -WIL- and Gaunts(36) -WHI- has begun.
    Tytos Blackwood(450) hit Gwayne Gaunt(580) 218.
    Gwayne Gaunt(362) hit Tytos Blackwood(450) 216.
    ****
    Tytos Blackwood(234) took 30 damage as DOT.
    Gwayne Gaunt(362) took 25 damage as DOT.
    Tytos Blackwood(204) hit Gwayne Gaunt(337) 218.
    Gwayne Gaunt(119) hit Tytos Blackwood(204) 216.
    ****
    Gwayne Gaunt(119) has won.
  Duel between Mootons(51) -WHI- and Slynts(39) -WHI- has begun.
    William Mooton(675) hit Janos Slynt(630) 211.
    Janos Slynt(419) hit William Mooton(675) 219.
    ****
    William Mooton(456) took 30 damage as DOT.
    Janos Slynt(419) took 30 damage as DOT.
    William Mooton(426) hit Janos Slynt(389) 211.
    Janos Slynt(178) hit William Mooton(426) 219.
    ****
    William Mooton(207) took 60 damage as DOT.
    Janos Slynt(178) took 60 damage as DOT.
    William Mooton(147) hit Janos Slynt(118) 211.
    Janos Slynt(-93) hit William Mooton(147) 219.
    ****
    Both of them are dead. A draw.
  Duel between Smallwoods(48) -WHI- and Gaunts(39) -WHI- has begun.
    Theomar Smallwood(650) hit Gwayne Gaunt(580) 208.
    Gwayne Gaunt(372) hit Theomar Smallwood(650) 219.
    ****
    Theomar Smallwood(431) took 30 damage as DOT.
    Gwayne Gaunt(372) took 30 damage as DOT.
    Theomar Smallwood(401) hit Gwayne Gaunt(342) 208.
    Gwayne Gaunt(134) hit Theomar Smallwood(401) 219.
    ****
    Theomar Smallwood(182) took 60 damage as DOT.
    Gwayne Gaunt(134) took 60 damage as DOT.
    Theomar Smallwood(122) hit Gwayne Gaunt(74) 208.
    Gwayne Gaunt(-134) hit Theomar Smallwood(122) 219.
    ****
    Both of them are dead. A draw.
  Duel between Blackwoods(30) -WIL- and Blounts(27) -WIZ- has begun.
    Tytos Blackwood(450) hit Boros Blount(455) 215.
    Boros Blount(240) hit Tytos Blackwood(450) 212.
    ****
    Tytos Blackwood(238) took 20 damage as DOT.
    Boros Blount(240) took 25 damage as DOT.
    Tytos Blackwood(218) hit Boros Blount(215) 215.
    Boros Blount(0) hit Tytos Blackwood(218) 212.
    ****
    Tytos Blackwood(6) has won.
  Duel between Mootons(51) -WHI- and Gaunts(39) -WHI- has begun.
    William Mooton(675) hit Gwayne Gaunt(580) 211.
    Gwayne Gaunt(369) hit William Mooton(675) 219.
    ****
    William Mooton(456) took 30 damage as DOT.
    Gwayne Gaunt(369) took 30 damage as DOT.
    William Mooton(426) hit Gwayne Gaunt(339) 211.
    Gwayne Gaunt(128) hit William Mooton(426) 219.
    ****
    William Mooton(207) took 60 damage as DOT.
    Gwayne Gaunt(128) took 60 damage as DOT.
    William Mooton(147) hit Gwayne Gaunt(68) 211.
    Gwayne Gaunt(-143) hit William Mooton(147) 219.
    ****
    Both of them are dead. A draw.
  Duel between Smallwoods(48) -WHI- and Blounts(24) -WIZ- has begun.
    Theomar Smallwood(650) hit Boros Blount(455) 208.
    Boros Blount(247) hit Theomar Smallwood(650) 209.
    ****
    Theomar Smallwood(441) took 20 damage as DOT.
    Boros Blount(247) took 30 damage as DOT.
    Theomar Smallwood(421) hit Boros Blount(217) 208.
    Boros Blount(9) hit Theomar Smallwood(421) 209.
    ****
    Theomar Smallwood(212) took 40 damage as DOT.
    Boros Blount(9) took 60 damage as DOT.
    Theomar Smallwood(172) hit Boros Blount(-51) 208.
    Boros Blount(-259) hit Theomar Smallwood(172) 209.
    ****
    Both of them are dead. A draw.
  Duel between Blackwoods(33) -WIL- and Slynts(39) -WHI- has begun.
    Tytos Blackwood(450) hit Janos Slynt(630) 218.
    Janos Slynt(412) hit Tytos Blackwood(450) 219.
    ****
    Tytos Blackwood(231) took 30 damage as DOT.
    Janos Slynt(412) took 25 damage as DOT.
    Tytos Blackwood(201) hit Janos Slynt(387) 218.
    Janos Slynt(169) hit Tytos Blackwood(201) 219.
    ****
    Janos Slynt(169) has won.
  Duel between House Bolton(50) -WIZ- and House Baratheon(50) -WHI- has begun.
    Stevron Frey(525) hit Viserys Targaryen(580) 215.
    Viserys Targaryen(365) hit Stevron Frey(525) 230.
    ****
    Stevron Frey(295) took 30 damage as DOT.
    Viserys Targaryen(365) took 20 damage as DOT.
    Stevron Frey(265) hit Viserys Targaryen(345) 215.
    Viserys Targaryen(130) hit Stevron Frey(265) 230.
    ****
    Stevron Frey(35) took 60 damage as DOT.
    Viserys Targaryen(130) took 40 damage as DOT.
    Stevron Frey(-25) hit Viserys Targaryen(90) 215.
    Viserys Targaryen(-125) hit Stevron Frey(-25) 230.
    ****
    Both of them are dead. A draw.
  The Riverlands got 1 house points. The Crownlands got 2 house points.

The winner is: The Crownlands with currently 4 kingdom points.
---------------
---------------
Duel 12: The Westernlands vs Dorne
  Duel between Serretts(36) -WHI- and Yronwoods(36) -WHI- has begun.
    Lord Serrett(625) hit Edgar Yronwood(605) 196.
    Edgar Yronwood(409) hit Lord Serrett(625) 216.
    ****
    Lord Serrett(409) took 30 damage as DOT.
    Edgar Yronwood(409) took 30 damage as DOT.
    Lord Serrett(379) hit Edgar Yronwood(379) 196.
    Edgar Yronwood(183) hit Lord Serrett(379) 216.
    ****
    Lord Serrett(163) took 60 damage as DOT.
    Edgar Yronwood(183) took 60 damage as DOT.
    Lord Serrett(103) hit Edgar Yronwood(123) 196.
    Edgar Yronwood(-73) hit Lord Serrett(103) 216.
    ****
    Both of them are dead. A draw.
  Duel between Sarsfields(23) -WIZ- and Manwoodys(36) -WHI- has begun.
    Eldrick Sarsfield(525) hit Dagos Manwoody(580) 178.
    Dagos Manwoody(402) hit Eldrick Sarsfield(525) 216.
    ****
    Eldrick Sarsfield(309) took 30 damage as DOT.
    Dagos Manwoody(402) took 20 damage as DOT.
    Eldrick Sarsfield(279) hit Dagos Manwoody(382) 178.
    Dagos Manwoody(204) hit Eldrick Sarsfield(279) 216.
    ****
    Eldrick Sarsfield(63) took 60 damage as DOT.
    Dagos Manwoody(204) took 40 damage as DOT.
    Eldrick Sarsfield(3) hit Dagos Manwoody(164) 178.
    Dagos Manwoody(-14) hit Eldrick Sarsfield(3) 216.
    ****
    Both of them are dead. A draw.
  Duel between Lannister of Lannisports(45) -WIL- and Daynes(36) -WHI- has begun.
    Reginald Lannister(500) hit Beric Dayne(630) 225.
    Beric Dayne(405) hit Reginald Lannister(500) 216.
    ****
    Reginald Lannister(284) took 30 damage as DOT.
    Beric Dayne(405) took 25 damage as DOT.
    Reginald Lannister(254) hit Beric Dayne(380) 225.
    Beric Dayne(155) hit Reginald Lannister(254) 216.
    ****
    Reginald Lannister(38) took 60 damage as DOT.
    Beric Dayne(155) took 50 damage as DOT.
    Reginald Lannister(-22) hit Beric Dayne(105) 225.
    Beric Dayne(-120) hit Reginald Lannister(-22) 216.
    ****
    Both of them are dead. A draw.
  Duel between Serretts(36) -WHI- and Manwoodys(36) -WHI- has begun.
    Lord Serrett(625) hit Dagos Manwoody(580) 196.
    Dagos Manwoody(384) hit Lord Serrett(625) 216.
    ****
    Lord Serrett(409) took 30 damage as DOT.
    Dagos Manwoody(384) took 30 damage as DOT.
    Lord Serrett(379) hit Dagos Manwoody(354) 196.
    Dagos Manwoody(158) hit Lord Serrett(379) 216.
    ****
    Lord Serrett(163) took 60 damage as DOT.
    Dagos Manwoody(158) took 60 damage as DOT.
    Lord Serrett(103) hit Dagos Manwoody(98) 196.
    Dagos Manwoody(-98) hit Lord Serrett(103) 216.
    ****
    Both of them are dead. A draw.
  Duel between Sarsfields(23) -WIZ- and Daynes(36) -WHI- has begun.
    Eldrick Sarsfield(525) hit Beric Dayne(630) 178.
    Beric Dayne(452) hit Eldrick Sarsfield(525) 216.
    ****
    Eldrick Sarsfield(309) took 30 damage as DOT.
    Beric Dayne(452) took 20 damage as DOT.
    Eldrick Sarsfield(279) hit Beric Dayne(432) 178.
    Beric Dayne(254) hit Eldrick Sarsfield(279) 216.
    ****
    Eldrick Sarsfield(63) took 60 damage as DOT.
    Beric Dayne(254) took 40 damage as DOT.
    Eldrick Sarsfield(3) hit Beric Dayne(214) 178.
    Beric Dayne(36) hit Eldrick Sarsfield(3) 216.
    ****
    Beric Dayne(36) has won.
  Duel between Lannister of Lannisports(45) -WIL- and Yronwoods(36) -WHI- has begun.
    Reginald Lannister(500) hit Edgar Yronwood(605) 225.
    Edgar Yronwood(380) hit Reginald Lannister(500) 216.
    ****
    Reginald Lannister(284) took 30 damage as DOT.
    Edgar Yronwood(380) took 25 damage as DOT.
    Reginald Lannister(254) hit Edgar Yronwood(355) 225.
    Edgar Yronwood(130) hit Reginald Lannister(254) 216.
    ****
    Reginald Lannister(38) took 60 damage as DOT.
    Edgar Yronwood(130) took 50 damage as DOT.
    Reginald Lannister(-22) hit Edgar Yronwood(80) 225.
    Edgar Yronwood(-145) hit Reginald Lannister(-22) 216.
    ****
    Both of them are dead. A draw.
  Duel between Serretts(36) -WHI- and Daynes(39) -WHI- has begun.
    Lord Serrett(625) hit Beric Dayne(630) 196.
    Beric Dayne(434) hit Lord Serrett(625) 219.
    ****
    Lord Serrett(406) took 30 damage as DOT.
    Beric Dayne(434) took 30 damage as DOT.
    Lord Serrett(376) hit Beric Dayne(404) 196.
    Beric Dayne(208) hit Lord Serrett(376) 219.
    ****
    Lord Serrett(157) took 60 damage as DOT.
    Beric Dayne(208) took 60 damage as DOT.
    Lord Serrett(97) hit Beric Dayne(148) 196.
    Beric Dayne(-48) hit Lord Serrett(97) 219.
    ****
    Both of them are dead. A draw.
  Duel between Sarsfields(20) -WIZ- and Yronwoods(36) -WHI- has begun.
    Eldrick Sarsfield(525) hit Edgar Yronwood(605) 175.
    Edgar Yronwood(430) hit Eldrick Sarsfield(525) 216.
    ****
    Eldrick Sarsfield(309) took 30 damage as DOT.
    Edgar Yronwood(430) took 20 damage as DOT.
    Eldrick Sarsfield(279) hit Edgar Yronwood(410) 175.
    Edgar Yronwood(235) hit Eldrick Sarsfield(279) 216.
    ****
    Eldrick Sarsfield(63) took 60 damage as DOT.
    Edgar Yronwood(235) took 40 damage as DOT.
    Eldrick Sarsfield(3) hit Edgar Yronwood(195) 175.
    Edgar Yronwood(20) hit Eldrick Sarsfield(3) 216.
    ****
    Edgar Yronwood(20) has won.
  Duel between Lannister of Lannisports(45) -WIL- and Manwoodys(36) -WHI- has begun.
    Reginald Lannister(500) hit Dagos Manwoody(580) 225.
    Dagos Manwoody(355) hit Reginald Lannister(500) 216.
    ****
    Reginald Lannister(284) took 30 damage as DOT.
    Dagos Manwoody(355) took 25 damage as DOT.
    Reginald Lannister(254) hit Dagos Manwoody(330) 225.
    Dagos Manwoody(105) hit Reginald Lannister(254) 216.
    ****
    Reginald Lannister(38) took 60 damage as DOT.
    Dagos Manwoody(105) took 50 damage as DOT.
    Reginald Lannister(-22) hit Dagos Manwoody(55) 225.
    Dagos Manwoody(-170) hit Reginald Lannister(-22) 216.
    ****
    Both of them are dead. A draw.
  Duel between House Frey(50) -WIZ- and House Martell(50) -WHI- has begun.
    Tywin Lannister(500) hit Obara Sand(580) 215.
    Obara Sand(365) hit Tywin Lannister(500) 230.
    ****
    Tywin Lannister(270) took 30 damage as DOT.
    Obara Sand(365) took 20 damage as DOT.
    Tywin Lannister(240) hit Obara Sand(345) 215.
    Obara Sand(130) hit Tywin Lannister(240) 230.
    ****
    Tywin Lannister(10) took 60 damage as DOT.
    Obara Sand(130) took 40 damage as DOT.
    Tywin Lannister(-50) hit Obara Sand(90) 215.
    Obara Sand(-125) hit Tywin Lannister(-50) 230.
    ****
    Both of them are dead. A draw.
  The Westernlands got 0 house points. Dorne got 2 house points.

The winner is: Dorne with currently 3 kingdom points.
---------------
---------------
Duel 13: The Stormlands vs The Crownlands
  Duel between Morrigens(3) -WIZ- and Blounts(24) -WIZ- has begun.
    Damon Morrigen(585) hit Boros Blount(455) 103.
    Boros Blount(352) hit Damon Morrigen(585) 209.
    ****
    Damon Morrigen(376) took 20 damage as DOT.
    Boros Blount(352) took 20 damage as DOT.
    Damon Morrigen(356) hit Boros Blount(332) 103.
    Boros Blount(229) hit Damon Morrigen(356) 209.
    ****
    Damon Morrigen(147) took 40 damage as DOT.
    Boros Blount(229) took 40 damage as DOT.
    Damon Morrigen(107) hit Boros Blount(189) 103.
    Boros Blount(86) hit Damon Morrigen(107) 209.
    ****
    Boros Blount(86) has won.
  Duel between Tarths(12) -WIZ- and Slynts(42) -WHI- has begun.
    Brienne Tarth(560) hit Janos Slynt(630) 122.
    Janos Slynt(508) hit Brienne Tarth(560) 222.
    ****
    Brienne Tarth(338) took 30 damage as DOT.
    Janos Slynt(508) took 20 damage as DOT.
    Brienne Tarth(308) hit Janos Slynt(488) 122.
    Janos Slynt(366) hit Brienne Tarth(308) 222.
    ****
    Brienne Tarth(86) took 60 damage as DOT.
    Janos Slynt(366) took 40 damage as DOT.
    Brienne Tarth(26) hit Janos Slynt(326) 122.
    Janos Slynt(204) hit Brienne Tarth(26) 222.
    ****
    Janos Slynt(204) has won.
  Duel between Wyldes(15) -WIL- and Gaunts(39) -WHI- has begun.
    Williem Wylde(535) hit Gwayne Gaunt(580) 140.
    Gwayne Gaunt(440) hit Williem Wylde(535) 219.
    ****
    Williem Wylde(316) took 30 damage as DOT.
    Gwayne Gaunt(440) took 25 damage as DOT.
    Williem Wylde(286) hit Gwayne Gaunt(415) 140.
    Gwayne Gaunt(275) hit Williem Wylde(286) 219.
    ****
    Williem Wylde(67) took 60 damage as DOT.
    Gwayne Gaunt(275) took 50 damage as DOT.
    Williem Wylde(7) hit Gwayne Gaunt(225) 140.
    Gwayne Gaunt(85) hit Williem Wylde(7) 219.
    ****
    Gwayne Gaunt(85) has won.
  Duel between Morrigens(0) -WIZ- and Slynts(45) -WHI- has begun.
    Damon Morrigen(585) hit Janos Slynt(630) 100.
    Janos Slynt(530) hit Damon Morrigen(585) 225.
    ****
    Damon Morrigen(360) took 30 damage as DOT.
    Janos Slynt(530) took 20 damage as DOT.
    Damon Morrigen(330) hit Janos Slynt(510) 100.
    Janos Slynt(410) hit Damon Morrigen(330) 225.
    ****
    Damon Morrigen(105) took 60 damage as DOT.
    Janos Slynt(410) took 40 damage as DOT.
    Damon Morrigen(45) hit Janos Slynt(370) 100.
    Janos Slynt(270) hit Damon Morrigen(45) 225.
    ****
    Janos Slynt(270) has won.
  Duel between Tarths(9) -WIZ- and Gaunts(42) -WHI- has begun.
    Brienne Tarth(560) hit Gwayne Gaunt(580) 119.
    Gwayne Gaunt(461) hit Brienne Tarth(560) 222.
    ****
    Brienne Tarth(338) took 30 damage as DOT.
    Gwayne Gaunt(461) took 20 damage as DOT.
    Brienne Tarth(308) hit Gwayne Gaunt(441) 119.
    Gwayne Gaunt(322) hit Brienne Tarth(308) 222.
    ****
    Brienne Tarth(86) took 60 damage as DOT.
    Gwayne Gaunt(322) took 40 damage as DOT.
    Brienne Tarth(26) hit Gwayne Gaunt(282) 119.
    Gwayne Gaunt(163) hit Brienne Tarth(26) 222.
    ****
    Gwayne Gaunt(163) has won.
  Duel between Wyldes(12) -WIL- and Blounts(27) -WIZ- has begun.
    Williem Wylde(535) hit Boros Blount(455) 137.
    Boros Blount(318) hit Williem Wylde(535) 212.
    ****
    Williem Wylde(323) took 20 damage as DOT.
    Boros Blount(318) took 25 damage as DOT.
    Williem Wylde(303) hit Boros Blount(293) 137.
    Boros Blount(156) hit Williem Wylde(303) 212.
    ****
    Williem Wylde(91) took 40 damage as DOT.
    Boros Blount(156) took 50 damage as DOT.
    Williem Wylde(51) hit Boros Blount(106) 137.
    Boros Blount(-31) hit Williem Wylde(51) 212.
    ****
    Both of them are dead. A draw.
  Duel between Morrigens(0) -WIZ- and Gaunts(45) -WHI- has begun.
    Damon Morrigen(585) hit Gwayne Gaunt(580) 100.
    Gwayne Gaunt(480) hit Damon Morrigen(585) 225.
    ****
    Damon Morrigen(360) took 30 damage as DOT.
    Gwayne Gaunt(480) took 20 damage as DOT.
    Damon Morrigen(330) hit Gwayne Gaunt(460) 100.
    Gwayne Gaunt(360) hit Damon Morrigen(330) 225.
    ****
    Damon Morrigen(105) took 60 damage as DOT.
    Gwayne Gaunt(360) took 40 damage as DOT.
    Damon Morrigen(45) hit Gwayne Gaunt(320) 100.
    Gwayne Gaunt(220) hit Damon Morrigen(45) 225.
    ****
    Gwayne Gaunt(220) has won.
  Duel between Tarths(6) -WIZ- and Blounts(27) -WIZ- has begun.
    Brienne Tarth(560) hit Boros Blount(455) 116.
    Boros Blount(339) hit Brienne Tarth(560) 212.
    ****
    Brienne Tarth(348) took 20 damage as DOT.
    Boros Blount(339) took 20 damage as DOT.
    Brienne Tarth(328) hit Boros Blount(319) 116.
    Boros Blount(203) hit Brienne Tarth(328) 212.
    ****
    Brienne Tarth(116) took 40 damage as DOT.
    Boros Blount(203) took 40 damage as DOT.
    Brienne Tarth(76) hit Boros Blount(163) 116.
    Boros Blount(47) hit Brienne Tarth(76) 212.
    ****
    Boros Blount(47) has won.
  Duel between Wyldes(12) -WIL- and Slynts(48) -WHI- has begun.
    Williem Wylde(535) hit Janos Slynt(630) 137.
    Janos Slynt(493) hit Williem Wylde(535) 228.
    ****
    Williem Wylde(307) took 30 damage as DOT.
    Janos Slynt(493) took 25 damage as DOT.
    Williem Wylde(277) hit Janos Slynt(468) 137.
    Janos Slynt(331) hit Williem Wylde(277) 228.
    ****
    Williem Wylde(49) took 60 damage as DOT.
    Janos Slynt(331) took 50 damage as DOT.
    Williem Wylde(-11) hit Janos Slynt(281) 137.
    Janos Slynt(144) hit Williem Wylde(-11) 228.
    ****
    Janos Slynt(144) has won.
  Duel between House Tyrell(37) -WIL- and House Baratheon(50) -WHI- has begun.
    Joffrey Baratheon(485) hit Viserys Targaryen(580) 157.
    Viserys Targaryen(423) hit Joffrey Baratheon(485) 230.
    ****
    Joffrey Baratheon(255) took 30 damage as DOT.
    Viserys Targaryen(423) took 25 damage as DOT.
    Joffrey Baratheon(225) hit Viserys Targaryen(398) 157.
    Viserys Targaryen(241) hit Joffrey Baratheon(225) 230.
    ****
    Viserys Targaryen(241) has won.
  The Stormlands got 0 house points. The Crownlands got 11 house points.

The winner is: The Crownlands with currently 5 kingdom points.
---------------
---------------
Duel 14: The Riverlands vs Dorne
  Duel between Mootons(51) -WHI- and Yronwoods(39) -WHI- has begun.
    William Mooton(675) hit Edgar Yronwood(605) 211.
    Edgar Yronwood(394) hit William Mooton(675) 219.
    ****
    William Mooton(456) took 30 damage as DOT.
    Edgar Yronwood(394) took 30 damage as DOT.
    William Mooton(426) hit Edgar Yronwood(364) 211.
    Edgar Yronwood(153) hit William Mooton(426) 219.
    ****
    William Mooton(207) took 60 damage as DOT.
    Edgar Yronwood(153) took 60 damage as DOT.
    William Mooton(147) hit Edgar Yronwood(93) 211.
    Edgar Yronwood(-118) hit William Mooton(147) 219.
    ****
    Both of them are dead. A draw.
  Duel between Smallwoods(48) -WHI- and Manwoodys(36) -WHI- has begun.
    Theomar Smallwood(650) hit Dagos Manwoody(580) 208.
    Dagos Manwoody(372) hit Theomar Smallwood(650) 216.
    ****
    Theomar Smallwood(434) took 30 damage as DOT.
    Dagos Manwoody(372) took 30 damage as DOT.
    Theomar Smallwood(404) hit Dagos Manwoody(342) 208.
    Dagos Manwoody(134) hit Theomar Smallwood(404) 216.
    ****
    Theomar Smallwood(188) took 60 damage as DOT.
    Dagos Manwoody(134) took 60 damage as DOT.
    Theomar Smallwood(128) hit Dagos Manwoody(74) 208.
    Dagos Manwoody(-134) hit Theomar Smallwood(128) 216.
    ****
    Both of them are dead. A draw.
  Duel between Blackwoods(30) -WIL- and Daynes(39) -WHI- has begun.
    Tytos Blackwood(450) hit Beric Dayne(630) 215.
    Beric Dayne(415) hit Tytos Blackwood(450) 219.
    ****
    Tytos Blackwood(231) took 30 damage as DOT.
    Beric Dayne(415) took 25 damage as DOT.
    Tytos Blackwood(201) hit Beric Dayne(390) 215.
    Beric Dayne(175) hit Tytos Blackwood(201) 219.
    ****
    Beric Dayne(175) has won.
  Duel between Mootons(51) -WHI- and Manwoodys(36) -WHI- has begun.
    William Mooton(675) hit Dagos Manwoody(580) 211.
    Dagos Manwoody(369) hit William Mooton(675) 216.
    ****
    William Mooton(459) took 30 damage as DOT.
    Dagos Manwoody(369) took 30 damage as DOT.
    William Mooton(429) hit Dagos Manwoody(339) 211.
    Dagos Manwoody(128) hit William Mooton(429) 216.
    ****
    William Mooton(213) took 60 damage as DOT.
    Dagos Manwoody(128) took 60 damage as DOT.
    William Mooton(153) hit Dagos Manwoody(68) 211.
    Dagos Manwoody(-143) hit William Mooton(153) 216.
    ****
    Both of them are dead. A draw.
  Duel between Smallwoods(48) -WHI- and Daynes(42) -WHI- has begun.
    Theomar Smallwood(650) hit Beric Dayne(630) 208.
    Beric Dayne(422) hit Theomar Smallwood(650) 222.
    ****
    Theomar Smallwood(428) took 30 damage as DOT.
    Beric Dayne(422) took 30 damage as DOT.
    Theomar Smallwood(398) hit Beric Dayne(392) 208.
    Beric Dayne(184) hit Theomar Smallwood(398) 222.
    ****
    Theomar Smallwood(176) took 60 damage as DOT.
    Beric Dayne(184) took 60 damage as DOT.
    Theomar Smallwood(116) hit Beric Dayne(124) 208.
    Beric Dayne(-84) hit Theomar Smallwood(116) 222.
    ****
    Both of them are dead. A draw.
  Duel between Blackwoods(27) -WIL- and Yronwoods(39) -WHI- has begun.
    Tytos Blackwood(450) hit Edgar Yronwood(605) 212.
    Edgar Yronwood(393) hit Tytos Blackwood(450) 219.
    ****
    Tytos Blackwood(231) took 30 damage as DOT.
    Edgar Yronwood(393) took 25 damage as DOT.
    Tytos Blackwood(201) hit Edgar Yronwood(368) 212.
    Edgar Yronwood(156) hit Tytos Blackwood(201) 219.
    ****
    Edgar Yronwood(156) has won.
  Duel between Mootons(51) -WHI- and Daynes(42) -WHI- has begun.
    William Mooton(675) hit Beric Dayne(630) 211.
    Beric Dayne(419) hit William Mooton(675) 222.
    ****
    William Mooton(453) took 30 damage as DOT.
    Beric Dayne(419) took 30 damage as DOT.
    William Mooton(423) hit Beric Dayne(389) 211.
    Beric Dayne(178) hit William Mooton(423) 222.
    ****
    William Mooton(201) took 60 damage as DOT.
    Beric Dayne(178) took 60 damage as DOT.
    William Mooton(141) hit Beric Dayne(118) 211.
    Beric Dayne(-93) hit William Mooton(141) 222.
    ****
    Both of them are dead. A draw.
  Duel between Smallwoods(48) -WHI- and Yronwoods(42) -WHI- has begun.
    Theomar Smallwood(650) hit Edgar Yronwood(605) 208.
    Edgar Yronwood(397) hit Theomar Smallwood(650) 222.
    ****
    Theomar Smallwood(428) took 30 damage as DOT.
    Edgar Yronwood(397) took 30 damage as DOT.
    Theomar Smallwood(398) hit Edgar Yronwood(367) 208.
    Edgar Yronwood(159) hit Theomar Smallwood(398) 222.
    ****
    Theomar Smallwood(176) took 60 damage as DOT.
    Edgar Yronwood(159) took 60 damage as DOT.
    Theomar Smallwood(116) hit Edgar Yronwood(99) 208.
    Edgar Yronwood(-109) hit Theomar Smallwood(116) 222.
    ****
    Both of them are dead. A draw.
  Duel between Blackwoods(24) -WIL- and Manwoodys(36) -WHI- has begun.
    Tytos Blackwood(450) hit Dagos Manwoody(580) 209.
    Dagos Manwoody(371) hit Tytos Blackwood(450) 216.
    ****
    Tytos Blackwood(234) took 30 damage as DOT.
    Dagos Manwoody(371) took 25 damage as DOT.
    Tytos Blackwood(204) hit Dagos Manwoody(346) 209.
    Dagos Manwoody(137) hit Tytos Blackwood(204) 216.
    ****
    Dagos Manwoody(137) has won.
  Duel between House Bolton(50) -WIZ- and House Martell(50) -WHI- has begun.
    Stevron Frey(525) hit Obara Sand(580) 215.
    Obara Sand(365) hit Stevron Frey(525) 230.
    ****
    Stevron Frey(295) took 30 damage as DOT.
    Obara Sand(365) took 20 damage as DOT.
    Stevron Frey(265) hit Obara Sand(345) 215.
    Obara Sand(130) hit Stevron Frey(265) 230.
    ****
    Stevron Frey(35) took 60 damage as DOT.
    Obara Sand(130) took 40 damage as DOT.
    Stevron Frey(-25) hit Obara Sand(90) 215.
    Obara Sand(-125) hit Stevron Frey(-25) 230.
    ****
    Both of them are dead. A draw.
  The Riverlands got 0 house points. Dorne got 3 house points.

The winner is: Dorne with currently 4 kingdom points.
---------------
---------------
Duel 15: The Stormlands vs Dorne
  Duel between Morrigens(0) -WIZ- and Yronwoods(42) -WHI- has begun.
    Damon Morrigen(585) hit Edgar Yronwood(605) 100.
    Edgar Yronwood(505) hit Damon Morrigen(585) 222.
    ****
    Damon Morrigen(363) took 30 damage as DOT.
    Edgar Yronwood(505) took 20 damage as DOT.
    Damon Morrigen(333) hit Edgar Yronwood(485) 100.
    Edgar Yronwood(385) hit Damon Morrigen(333) 222.
    ****
    Damon Morrigen(111) took 60 damage as DOT.
    Edgar Yronwood(385) took 40 damage as DOT.
    Damon Morrigen(51) hit Edgar Yronwood(345) 100.
    Edgar Yronwood(245) hit Damon Morrigen(51) 222.
    ****
    Edgar Yronwood(245) has won.
  Duel between Tarths(3) -WIZ- and Manwoodys(39) -WHI- has begun.
    Brienne Tarth(560) hit Dagos Manwoody(580) 113.
    Dagos Manwoody(467) hit Brienne Tarth(560) 219.
    ****
    Brienne Tarth(341) took 30 damage as DOT.
    Dagos Manwoody(467) took 20 damage as DOT.
    Brienne Tarth(311) hit Dagos Manwoody(447) 113.
    Dagos Manwoody(334) hit Brienne Tarth(311) 219.
    ****
    Brienne Tarth(92) took 60 damage as DOT.
    Dagos Manwoody(334) took 40 damage as DOT.
    Brienne Tarth(32) hit Dagos Manwoody(294) 113.
    Dagos Manwoody(181) hit Brienne Tarth(32) 219.
    ****
    Dagos Manwoody(181) has won.
  Duel between Wyldes(9) -WIL- and Daynes(42) -WHI- has begun.
    Williem Wylde(535) hit Beric Dayne(630) 134.
    Beric Dayne(496) hit Williem Wylde(535) 222.
    ****
    Williem Wylde(313) took 30 damage as DOT.
    Beric Dayne(496) took 25 damage as DOT.
    Williem Wylde(283) hit Beric Dayne(471) 134.
    Beric Dayne(337) hit Williem Wylde(283) 222.
    ****
    Williem Wylde(61) took 60 damage as DOT.
    Beric Dayne(337) took 50 damage as DOT.
    Williem Wylde(1) hit Beric Dayne(287) 134.
    Beric Dayne(153) hit Williem Wylde(1) 222.
    ****
    Beric Dayne(153) has won.
  Duel between Morrigens(0) -WIZ- and Manwoodys(42) -WHI- has begun.
    Damon Morrigen(585) hit Dagos Manwoody(580) 100.
    Dagos Manwoody(480) hit Damon Morrigen(585) 222.
    ****
    Damon Morrigen(363) took 30 damage as DOT.
    Dagos Manwoody(480) took 20 damage as DOT.
    Damon Morrigen(333) hit Dagos Manwoody(460) 100.
    Dagos Manwoody(360) hit Damon Morrigen(333) 222.
    ****
    Damon Morrigen(111) took 60 damage as DOT.
    Dagos Manwoody(360) took 40 damage as DOT.
    Damon Morrigen(51) hit Dagos Manwoody(320) 100.
    Dagos Manwoody(220) hit Damon Morrigen(51) 222.
    ****
    Dagos Manwoody(220) has won.
  Duel between Tarths(0) -WIZ- and Daynes(45) -WHI- has begun.
    Brienne Tarth(560) hit Beric Dayne(630) 110.
    Beric Dayne(520) hit Brienne Tarth(560) 225.
    ****
    Brienne Tarth(335) took 30 damage as DOT.
    Beric Dayne(520) took 20 damage as DOT.
    Brienne Tarth(305) hit Beric Dayne(500) 110.
    Beric Dayne(390) hit Brienne Tarth(305) 225.
    ****
    Brienne Tarth(80) took 60 damage as DOT.
    Beric Dayne(390) took 40 damage as DOT.
    Brienne Tarth(20) hit Beric Dayne(350) 110.
    Beric Dayne(240) hit Brienne Tarth(20) 225.
    ****
    Beric Dayne(240) has won.
  Duel between Wyldes(6) -WIL- and Yronwoods(45) -WHI- has begun.
    Williem Wylde(535) hit Edgar Yronwood(605) 131.
    Edgar Yronwood(474) hit Williem Wylde(535) 225.
    ****
    Williem Wylde(310) took 30 damage as DOT.
    Edgar Yronwood(474) took 25 damage as DOT.
    Williem Wylde(280) hit Edgar Yronwood(449) 131.
    Edgar Yronwood(318) hit Williem Wylde(280) 225.
    ****
    Williem Wylde(55) took 60 damage as DOT.
    Edgar Yronwood(318) took 50 damage as DOT.
    Williem Wylde(-5) hit Edgar Yronwood(268) 131.
    Edgar Yronwood(137) hit Williem Wylde(-5) 225.
    ****
    Edgar Yronwood(137) has won.
  Duel between Morrigens(0) -WIZ- and Daynes(48) -WHI- has begun.
    Damon Morrigen(585) hit Beric Dayne(630) 100.
    Beric Dayne(530) hit Damon Morrigen(585) 228.
    ****
    Damon Morrigen(357) took 30 damage as DOT.
    Beric Dayne(530) took 20 damage as DOT.
    Damon Morrigen(327) hit Beric Dayne(510) 100.
    Beric Dayne(410) hit Damon Morrigen(327) 228.
    ****
    Damon Morrigen(99) took 60 damage as DOT.
    Beric Dayne(410) took 40 damage as DOT.
    Damon Morrigen(39) hit Beric Dayne(370) 100.
    Beric Dayne(270) hit Damon Morrigen(39) 228.
    ****
    Beric Dayne(270) has won.
  Duel between Tarths(0) -WIZ- and Yronwoods(48) -WHI- has begun.
    Brienne Tarth(560) hit Edgar Yronwood(605) 110.
    Edgar Yronwood(495) hit Brienne Tarth(560) 228.
    ****
    Brienne Tarth(332) took 30 damage as DOT.
    Edgar Yronwood(495) took 20 damage as DOT.
    Brienne Tarth(302) hit Edgar Yronwood(475) 110.
    Edgar Yronwood(365) hit Brienne Tarth(302) 228.
    ****
    Brienne Tarth(74) took 60 damage as DOT.
    Edgar Yronwood(365) took 40 damage as DOT.
    Brienne Tarth(14) hit Edgar Yronwood(325) 110.
    Edgar Yronwood(215) hit Brienne Tarth(14) 228.
    ****
    Edgar Yronwood(215) has won.
  Duel between Wyldes(3) -WIL- and Manwoodys(45) -WHI- has begun.
    Williem Wylde(535) hit Dagos Manwoody(580) 128.
    Dagos Manwoody(452) hit Williem Wylde(535) 225.
    ****
    Williem Wylde(310) took 30 damage as DOT.
    Dagos Manwoody(452) took 25 damage as DOT.
    Williem Wylde(280) hit Dagos Manwoody(427) 128.
    Dagos Manwoody(299) hit Williem Wylde(280) 225.
    ****
    Williem Wylde(55) took 60 damage as DOT.
    Dagos Manwoody(299) took 50 damage as DOT.
    Williem Wylde(-5) hit Dagos Manwoody(249) 128.
    Dagos Manwoody(121) hit Williem Wylde(-5) 225.
    ****
    Dagos Manwoody(121) has won.
  Duel between House Tyrell(24) -WIL- and House Martell(50) -WHI- has begun.
    Joffrey Baratheon(485) hit Obara Sand(580) 144.
    Obara Sand(436) hit Joffrey Baratheon(485) 230.
    ****
    Joffrey Baratheon(255) took 30 damage as DOT.
    Obara Sand(436) took 25 damage as DOT.
    Joffrey Baratheon(225) hit Obara Sand(411) 144.
    Obara Sand(267) hit Joffrey Baratheon(225) 230.
    ****
    Obara Sand(267) has won.
  The Stormlands got 0 house points. Dorne got 12 house points.

The winner is: Dorne with currently 5 kingdom points.
---------------
The War is over. The new owners of King's Landing are The Crownlands, and Dorne.

