War has started with 6 kingdoms.
---------------
Duel 1: The Riverlands vs The Stormlands
  Duel between Brackens(30) -WIZ- and Tarths(30) -WIL- has begun.
    Jonos Bracken(495) hit Brienne Tarth(530) 170.
    Brienne Tarth(360) hit Jonos Bracken(495) 180.
    ****
    Jonos Bracken(315) took 25 damage as DOT.
    Brienne Tarth(360) took 20 damage as DOT.
    Jonos Bracken(290) hit Brienne Tarth(340) 170.
    Brienne Tarth(170) hit Jonos Bracken(290) 180.
    ****
    Jonos Bracken(110) took 50 damage as DOT.
    Brienne Tarth(170) took 40 damage as DOT.
    Jonos Bracken(60) hit Brienne Tarth(130) 170.
    Brienne Tarth(-40) hit Jonos Bracken(60) 180.
    ****
    Both of them are dead. A draw.
  Duel between Mallisters(30) -WIZ- and Errols(30) -WIZ- has begun.
    Jason Mallister(520) hit Lord Errol(480) 175.
    Lord Errol(305) hit Jason Mallister(520) 165.
    ****
    Jason Mallister(355) took 20 damage as DOT.
    Lord Errol(305) took 20 damage as DOT.
    Jason Mallister(335) hit Lord Errol(285) 175.
    Lord Errol(110) hit Jason Mallister(335) 165.
    ****
    Jason Mallister(170) took 40 damage as DOT.
    Lord Errol(110) took 40 damage as DOT.
    Jason Mallister(130) hit Lord Errol(70) 175.
    Lord Errol(-105) hit Jason Mallister(130) 165.
    ****
    Both of them are dead. A draw.
  Duel between Smallwoods(30) -WHI- and Morrigens(30) -WIL- has begun.
    Theomar Smallwood(620) hit Damon Morrigen(530) 170.
    Damon Morrigen(360) hit Theomar Smallwood(620) 185.
    ****
    Theomar Smallwood(435) took 25 damage as DOT.
    Damon Morrigen(360) took 30 damage as DOT.
    Theomar Smallwood(410) hit Damon Morrigen(330) 170.
    Damon Morrigen(160) hit Theomar Smallwood(410) 185.
    ****
    Theomar Smallwood(225) took 50 damage as DOT.
    Damon Morrigen(160) took 60 damage as DOT.
    Theomar Smallwood(175) hit Damon Morrigen(100) 170.
    Damon Morrigen(-70) hit Theomar Smallwood(175) 185.
    ****
    Both of them are dead. A draw.
  Duel between Brackens(30) -WIZ- and Errols(30) -WIZ- has begun.
    Jonos Bracken(495) hit Lord Errol(480) 170.
    Lord Errol(310) hit Jonos Bracken(495) 165.
    ****
    Jonos Bracken(330) took 20 damage as DOT.
    Lord Errol(310) took 20 damage as DOT.
    Jonos Bracken(310) hit Lord Errol(290) 170.
    Lord Errol(120) hit Jonos Bracken(310) 165.
    ****
    Jonos Bracken(145) took 40 damage as DOT.
    Lord Errol(120) took 40 damage as DOT.
    Jonos Bracken(105) hit Lord Errol(80) 170.
    Lord Errol(-90) hit Jonos Bracken(105) 165.
    ****
    Both of them are dead. A draw.
  Duel between Mallisters(30) -WIZ- and Morrigens(30) -WIL- has begun.
    Jason Mallister(520) hit Damon Morrigen(530) 175.
    Damon Morrigen(355) hit Jason Mallister(520) 185.
    ****
    Jason Mallister(335) took 25 damage as DOT.
    Damon Morrigen(355) took 20 damage as DOT.
    Jason Mallister(310) hit Damon Morrigen(335) 175.
    Damon Morrigen(160) hit Jason Mallister(310) 185.
    ****
    Jason Mallister(125) took 50 damage as DOT.
    Damon Morrigen(160) took 40 damage as DOT.
    Jason Mallister(75) hit Damon Morrigen(120) 175.
    Damon Morrigen(-55) hit Jason Mallister(75) 185.
    ****
    Both of them are dead. A draw.
  Duel between Smallwoods(30) -WHI- and Tarths(30) -WIL- has begun.
    Theomar Smallwood(620) hit Brienne Tarth(530) 170.
    Brienne Tarth(360) hit Theomar Smallwood(620) 180.
    ****
    Theomar Smallwood(440) took 25 damage as DOT.
    Brienne Tarth(360) took 30 damage as DOT.
    Theomar Smallwood(415) hit Brienne Tarth(330) 170.
    Brienne Tarth(160) hit Theomar Smallwood(415) 180.
    ****
    Theomar Smallwood(235) took 50 damage as DOT.
    Brienne Tarth(160) took 60 damage as DOT.
    Theomar Smallwood(185) hit Brienne Tarth(100) 170.
    Brienne Tarth(-70) hit Theomar Smallwood(185) 180.
    ****
    Theomar Smallwood(5) has won.
  Duel between Brackens(30) -WIZ- and Morrigens(30) -WIL- has begun.
    Jonos Bracken(495) hit Damon Morrigen(530) 170.
    Damon Morrigen(360) hit Jonos Bracken(495) 185.
    ****
    Jonos Bracken(310) took 25 damage as DOT.
    Damon Morrigen(360) took 20 damage as DOT.
    Jonos Bracken(285) hit Damon Morrigen(340) 170.
    Damon Morrigen(170) hit Jonos Bracken(285) 185.
    ****
    Jonos Bracken(100) took 50 damage as DOT.
    Damon Morrigen(170) took 40 damage as DOT.
    Jonos Bracken(50) hit Damon Morrigen(130) 170.
    Damon Morrigen(-40) hit Jonos Bracken(50) 185.
    ****
    Both of them are dead. A draw.
  Duel between Mallisters(30) -WIZ- and Tarths(27) -WIL- has begun.
    Jason Mallister(520) hit Brienne Tarth(530) 175.
    Brienne Tarth(355) hit Jason Mallister(520) 177.
    ****
    Jason Mallister(343) took 25 damage as DOT.
    Brienne Tarth(355) took 20 damage as DOT.
    Jason Mallister(318) hit Brienne Tarth(335) 175.
    Brienne Tarth(160) hit Jason Mallister(318) 177.
    ****
    Jason Mallister(141) took 50 damage as DOT.
    Brienne Tarth(160) took 40 damage as DOT.
    Jason Mallister(91) hit Brienne Tarth(120) 175.
    Brienne Tarth(-55) hit Jason Mallister(91) 177.
    ****
    Both of them are dead. A draw.
  Duel between Smallwoods(33) -WHI- and Errols(30) -WIZ- has begun.
    Theomar Smallwood(620) hit Lord Errol(480) 173.
    Lord Errol(307) hit Theomar Smallwood(620) 165.
    ****
    Theomar Smallwood(455) took 20 damage as DOT.
    Lord Errol(307) took 30 damage as DOT.
    Theomar Smallwood(435) hit Lord Errol(277) 173.
    Lord Errol(104) hit Theomar Smallwood(435) 165.
    ****
    Theomar Smallwood(270) took 40 damage as DOT.
    Lord Errol(104) took 60 damage as DOT.
    Theomar Smallwood(230) hit Lord Errol(44) 173.
    Lord Errol(-129) hit Theomar Smallwood(230) 165.
    ****
    Theomar Smallwood(65) has won.
  Duel between House Bolton(50) -WHI- and House Tyrell(50) -WHI- has begun.
    Walder Frey(695) hit Stannis Baratheon(705) 190.
    Stannis Baratheon(515) hit Walder Frey(695) 180.
    ****
    Walder Frey(515) took 30 damage as DOT.
    Stannis Baratheon(515) took 30 damage as DOT.
    Walder Frey(485) hit Stannis Baratheon(485) 190.
    Stannis Baratheon(295) hit Walder Frey(485) 180.
    ****
    Walder Frey(305) took 60 damage as DOT.
    Stannis Baratheon(295) took 60 damage as DOT.
    Walder Frey(245) hit Stannis Baratheon(235) 190.
    Stannis Baratheon(45) hit Walder Frey(245) 180.
    ****
    Walder Frey(65) took 90 damage as DOT.
    Stannis Baratheon(45) took 90 damage as DOT.
    Walder Frey(-25) hit Stannis Baratheon(-45) 190.
    Stannis Baratheon(-235) hit Walder Frey(-25) 180.
    ****
    Both of them are dead. A draw.
  The Riverlands got 2 house points. The Stormlands got 0 house points.

The winner is: The Riverlands with currently 1 kingdom points.
---------------
---------------
Duel 2: The Stormlands vs The North
  Duel between Tarths(27) -WIL- and Ryswells(30) -WIZ- has begun.
    Brienne Tarth(530) hit Barbrey Ryswell(505) 177.
    Barbrey Ryswell(328) hit Brienne Tarth(530) 155.
    ****
    Brienne Tarth(375) took 20 damage as DOT.
    Barbrey Ryswell(328) took 25 damage as DOT.
    Brienne Tarth(355) hit Barbrey Ryswell(303) 177.
    Barbrey Ryswell(126) hit Brienne Tarth(355) 155.
    ****
    Brienne Tarth(200) took 40 damage as DOT.
    Barbrey Ryswell(126) took 50 damage as DOT.
    Brienne Tarth(160) hit Barbrey Ryswell(76) 177.
    Barbrey Ryswell(-101) hit Brienne Tarth(160) 155.
    ****
    Brienne Tarth(5) has won.
  Duel between Errols(27) -WIZ- and Dustins(30) -WIZ- has begun.
    Lord Errol(480) hit Barbrey Ryswell(555) 162.
    Barbrey Ryswell(393) hit Lord Errol(480) 155.
    ****
    Lord Errol(325) took 20 damage as DOT.
    Barbrey Ryswell(393) took 20 damage as DOT.
    Lord Errol(305) hit Barbrey Ryswell(373) 162.
    Barbrey Ryswell(211) hit Lord Errol(305) 155.
    ****
    Lord Errol(150) took 40 damage as DOT.
    Barbrey Ryswell(211) took 40 damage as DOT.
    Lord Errol(110) hit Barbrey Ryswell(171) 162.
    Barbrey Ryswell(9) hit Lord Errol(110) 155.
    ****
    Barbrey Ryswell(9) has won.
  Duel between Morrigens(30) -WIL- and Dormunds(30) -WIZ- has begun.
    Damon Morrigen(530) hit Marlin Dormund(505) 185.
    Marlin Dormund(320) hit Damon Morrigen(530) 155.
    ****
    Damon Morrigen(375) took 20 damage as DOT.
    Marlin Dormund(320) took 25 damage as DOT.
    Damon Morrigen(355) hit Marlin Dormund(295) 185.
    Marlin Dormund(110) hit Damon Morrigen(355) 155.
    ****
    Damon Morrigen(200) took 40 damage as DOT.
    Marlin Dormund(110) took 50 damage as DOT.
    Damon Morrigen(160) hit Marlin Dormund(60) 185.
    Marlin Dormund(-125) hit Damon Morrigen(160) 155.
    ****
    Damon Morrigen(5) has won.
  Duel between Tarths(25) -WIL- and Dustins(33) -WIZ- has begun.
    Brienne Tarth(530) hit Barbrey Ryswell(555) 175.
    Barbrey Ryswell(380) hit Brienne Tarth(530) 158.
    ****
    Brienne Tarth(372) took 20 damage as DOT.
    Barbrey Ryswell(380) took 25 damage as DOT.
    Brienne Tarth(352) hit Barbrey Ryswell(355) 175.
    Barbrey Ryswell(180) hit Brienne Tarth(352) 158.
    ****
    Brienne Tarth(194) took 40 damage as DOT.
    Barbrey Ryswell(180) took 50 damage as DOT.
    Brienne Tarth(154) hit Barbrey Ryswell(130) 175.
    Barbrey Ryswell(-45) hit Brienne Tarth(154) 158.
    ****
    Both of them are dead. A draw.
  Duel between Errols(24) -WIZ- and Dormunds(27) -WIZ- has begun.
    Lord Errol(480) hit Marlin Dormund(505) 159.
    Marlin Dormund(346) hit Lord Errol(480) 152.
    ****
    Lord Errol(328) took 20 damage as DOT.
    Marlin Dormund(346) took 20 damage as DOT.
    Lord Errol(308) hit Marlin Dormund(326) 159.
    Marlin Dormund(167) hit Lord Errol(308) 152.
    ****
    Lord Errol(156) took 40 damage as DOT.
    Marlin Dormund(167) took 40 damage as DOT.
    Lord Errol(116) hit Marlin Dormund(127) 159.
    Marlin Dormund(-32) hit Lord Errol(116) 152.
    ****
    Both of them are dead. A draw.
  Duel between Morrigens(33) -WIL- and Ryswells(27) -WIZ- has begun.
    Damon Morrigen(530) hit Barbrey Ryswell(505) 188.
    Barbrey Ryswell(317) hit Damon Morrigen(530) 152.
    ****
    Damon Morrigen(378) took 20 damage as DOT.
    Barbrey Ryswell(317) took 25 damage as DOT.
    Damon Morrigen(358) hit Barbrey Ryswell(292) 188.
    Barbrey Ryswell(104) hit Damon Morrigen(358) 152.
    ****
    Damon Morrigen(206) took 40 damage as DOT.
    Barbrey Ryswell(104) took 50 damage as DOT.
    Damon Morrigen(166) hit Barbrey Ryswell(54) 188.
    Barbrey Ryswell(-134) hit Damon Morrigen(166) 152.
    ****
    Damon Morrigen(14) has won.
  Duel between Tarths(25) -WIL- and Dormunds(27) -WIZ- has begun.
    Brienne Tarth(530) hit Marlin Dormund(505) 175.
    Marlin Dormund(330) hit Brienne Tarth(530) 152.
    ****
    Brienne Tarth(378) took 20 damage as DOT.
    Marlin Dormund(330) took 25 damage as DOT.
    Brienne Tarth(358) hit Marlin Dormund(305) 175.
    Marlin Dormund(130) hit Brienne Tarth(358) 152.
    ****
    Brienne Tarth(206) took 40 damage as DOT.
    Marlin Dormund(130) took 50 damage as DOT.
    Brienne Tarth(166) hit Marlin Dormund(80) 175.
    Marlin Dormund(-95) hit Brienne Tarth(166) 152.
    ****
    Brienne Tarth(14) has won.
  Duel between Errols(24) -WIZ- and Ryswells(24) -WIZ- has begun.
    Lord Errol(480) hit Barbrey Ryswell(505) 159.
    Barbrey Ryswell(346) hit Lord Errol(480) 149.
    ****
    Lord Errol(331) took 20 damage as DOT.
    Barbrey Ryswell(346) took 20 damage as DOT.
    Lord Errol(311) hit Barbrey Ryswell(326) 159.
    Barbrey Ryswell(167) hit Lord Errol(311) 149.
    ****
    Lord Errol(162) took 40 damage as DOT.
    Barbrey Ryswell(167) took 40 damage as DOT.
    Lord Errol(122) hit Barbrey Ryswell(127) 159.
    Barbrey Ryswell(-32) hit Lord Errol(122) 149.
    ****
    Both of them are dead. A draw.
  Duel between Morrigens(36) -WIL- and Dustins(33) -WIZ- has begun.
    Damon Morrigen(530) hit Barbrey Ryswell(555) 191.
    Barbrey Ryswell(364) hit Damon Morrigen(530) 158.
    ****
    Damon Morrigen(372) took 20 damage as DOT.
    Barbrey Ryswell(364) took 25 damage as DOT.
    Damon Morrigen(352) hit Barbrey Ryswell(339) 191.
    Barbrey Ryswell(148) hit Damon Morrigen(352) 158.
    ****
    Damon Morrigen(194) took 40 damage as DOT.
    Barbrey Ryswell(148) took 50 damage as DOT.
    Damon Morrigen(154) hit Barbrey Ryswell(98) 191.
    Barbrey Ryswell(-93) hit Damon Morrigen(154) 158.
    ****
    Both of them are dead. A draw.
  Duel between House Tyrell(50) -WHI- and House Stark(50) -WIZ- has begun.
    Stannis Baratheon(705) hit Robb Stark(555) 180.
    Robb Stark(375) hit Stannis Baratheon(705) 185.
    ****
    Stannis Baratheon(520) took 20 damage as DOT.
    Robb Stark(375) took 30 damage as DOT.
    Stannis Baratheon(500) hit Robb Stark(345) 180.
    Robb Stark(165) hit Stannis Baratheon(500) 185.
    ****
    Stannis Baratheon(315) took 40 damage as DOT.
    Robb Stark(165) took 60 damage as DOT.
    Stannis Baratheon(275) hit Robb Stark(105) 180.
    Robb Stark(-75) hit Stannis Baratheon(275) 185.
    ****
    Stannis Baratheon(90) has won.
  The Stormlands got 7 house points. The North got 1 house points.

The winner is: The Stormlands with currently 1 kingdom points.
---------------
---------------
Duel 3: The North vs The Vale of Arryn
  Duel between Ryswells(24) -WIZ- and Moores(30) -WIZ- has begun.
    Barbrey Ryswell(505) hit Mandon Moore(520) 149.
    Mandon Moore(371) hit Barbrey Ryswell(505) 165.
    ****
    Barbrey Ryswell(340) took 20 damage as DOT.
    Mandon Moore(371) took 20 damage as DOT.
    Barbrey Ryswell(320) hit Mandon Moore(351) 149.
    Mandon Moore(202) hit Barbrey Ryswell(320) 165.
    ****
    Barbrey Ryswell(155) took 40 damage as DOT.
    Mandon Moore(202) took 40 damage as DOT.
    Barbrey Ryswell(115) hit Mandon Moore(162) 149.
    Mandon Moore(13) hit Barbrey Ryswell(115) 165.
    ****
    Mandon Moore(13) has won.
  Duel between Dustins(33) -WIZ- and Waynwoods(30) -WIL- has begun.
    Barbrey Ryswell(555) hit Anya Waynwood(495) 158.
    Anya Waynwood(337) hit Barbrey Ryswell(555) 190.
    ****
    Barbrey Ryswell(365) took 25 damage as DOT.
    Anya Waynwood(337) took 20 damage as DOT.
    Barbrey Ryswell(340) hit Anya Waynwood(317) 158.
    Anya Waynwood(159) hit Barbrey Ryswell(340) 190.
    ****
    Barbrey Ryswell(150) took 50 damage as DOT.
    Anya Waynwood(159) took 40 damage as DOT.
    Barbrey Ryswell(100) hit Anya Waynwood(119) 158.
    Anya Waynwood(-39) hit Barbrey Ryswell(100) 190.
    ****
    Both of them are dead. A draw.
  Duel between Dormunds(24) -WIZ- and Egens(30) -WIZ- has begun.
    Marlin Dormund(505) hit Vardis Egen(495) 149.
    Vardis Egen(346) hit Marlin Dormund(505) 175.
    ****
    Marlin Dormund(330) took 20 damage as DOT.
    Vardis Egen(346) took 20 damage as DOT.
    Marlin Dormund(310) hit Vardis Egen(326) 149.
    Vardis Egen(177) hit Marlin Dormund(310) 175.
    ****
    Marlin Dormund(135) took 40 damage as DOT.
    Vardis Egen(177) took 40 damage as DOT.
    Marlin Dormund(95) hit Vardis Egen(137) 149.
    Vardis Egen(-12) hit Marlin Dormund(95) 175.
    ****
    Both of them are dead. A draw.
  Duel between Ryswells(21) -WIZ- and Waynwoods(30) -WIL- has begun.
    Barbrey Ryswell(505) hit Anya Waynwood(495) 146.
    Anya Waynwood(349) hit Barbrey Ryswell(505) 190.
    ****
    Barbrey Ryswell(315) took 25 damage as DOT.
    Anya Waynwood(349) took 20 damage as DOT.
    Barbrey Ryswell(290) hit Anya Waynwood(329) 146.
    Anya Waynwood(183) hit Barbrey Ryswell(290) 190.
    ****
    Barbrey Ryswell(100) took 50 damage as DOT.
    Anya Waynwood(183) took 40 damage as DOT.
    Barbrey Ryswell(50) hit Anya Waynwood(143) 146.
    Anya Waynwood(-3) hit Barbrey Ryswell(50) 190.
    ****
    Both of them are dead. A draw.
  Duel between Dustins(33) -WIZ- and Egens(30) -WIZ- has begun.
    Barbrey Ryswell(555) hit Vardis Egen(495) 158.
    Vardis Egen(337) hit Barbrey Ryswell(555) 175.
    ****
    Barbrey Ryswell(380) took 20 damage as DOT.
    Vardis Egen(337) took 20 damage as DOT.
    Barbrey Ryswell(360) hit Vardis Egen(317) 158.
    Vardis Egen(159) hit Barbrey Ryswell(360) 175.
    ****
    Barbrey Ryswell(185) took 40 damage as DOT.
    Vardis Egen(159) took 40 damage as DOT.
    Barbrey Ryswell(145) hit Vardis Egen(119) 158.
    Vardis Egen(-39) hit Barbrey Ryswell(145) 175.
    ****
    Both of them are dead. A draw.
  Duel between Dormunds(24) -WIZ- and Moores(33) -WIZ- has begun.
    Marlin Dormund(505) hit Mandon Moore(520) 149.
    Mandon Moore(371) hit Marlin Dormund(505) 168.
    ****
    Marlin Dormund(337) took 20 damage as DOT.
    Mandon Moore(371) took 20 damage as DOT.
    Marlin Dormund(317) hit Mandon Moore(351) 149.
    Mandon Moore(202) hit Marlin Dormund(317) 168.
    ****
    Marlin Dormund(149) took 40 damage as DOT.
    Mandon Moore(202) took 40 damage as DOT.
    Marlin Dormund(109) hit Mandon Moore(162) 149.
    Mandon Moore(13) hit Marlin Dormund(109) 168.
    ****
    Mandon Moore(13) has won.
  Duel between Ryswells(21) -WIZ- and Egens(30) -WIZ- has begun.
    Barbrey Ryswell(505) hit Vardis Egen(495) 146.
    Vardis Egen(349) hit Barbrey Ryswell(505) 175.
    ****
    Barbrey Ryswell(330) took 20 damage as DOT.
    Vardis Egen(349) took 20 damage as DOT.
    Barbrey Ryswell(310) hit Vardis Egen(329) 146.
    Vardis Egen(183) hit Barbrey Ryswell(310) 175.
    ****
    Barbrey Ryswell(135) took 40 damage as DOT.
    Vardis Egen(183) took 40 damage as DOT.
    Barbrey Ryswell(95) hit Vardis Egen(143) 146.
    Vardis Egen(-3) hit Barbrey Ryswell(95) 175.
    ****
    Both of them are dead. A draw.
  Duel between Dustins(33) -WIZ- and Moores(36) -WIZ- has begun.
    Barbrey Ryswell(555) hit Mandon Moore(520) 158.
    Mandon Moore(362) hit Barbrey Ryswell(555) 171.
    ****
    Barbrey Ryswell(384) took 20 damage as DOT.
    Mandon Moore(362) took 20 damage as DOT.
    Barbrey Ryswell(364) hit Mandon Moore(342) 158.
    Mandon Moore(184) hit Barbrey Ryswell(364) 171.
    ****
    Barbrey Ryswell(193) took 40 damage as DOT.
    Mandon Moore(184) took 40 damage as DOT.
    Barbrey Ryswell(153) hit Mandon Moore(144) 158.
    Mandon Moore(-14) hit Barbrey Ryswell(153) 171.
    ****
    Both of them are dead. A draw.
  Duel between Dormunds(21) -WIZ- and Waynwoods(30) -WIL- has begun.
    Marlin Dormund(505) hit Anya Waynwood(495) 146.
    Anya Waynwood(349) hit Marlin Dormund(505) 190.
    ****
    Marlin Dormund(315) took 25 damage as DOT.
    Anya Waynwood(349) took 20 damage as DOT.
    Marlin Dormund(290) hit Anya Waynwood(329) 146.
    Anya Waynwood(183) hit Marlin Dormund(290) 190.
    ****
    Marlin Dormund(100) took 50 damage as DOT.
    Anya Waynwood(183) took 40 damage as DOT.
    Marlin Dormund(50) hit Anya Waynwood(143) 146.
    Anya Waynwood(-3) hit Marlin Dormund(50) 190.
    ****
    Both of them are dead. A draw.
  Duel between House Stark(45) -WIZ- and House Arryn(50) -WIL- has begun.
    Robb Stark(555) hit Petry Baelish(470) 180.
    Petry Baelish(290) hit Robb Stark(555) 215.
    ****
    Robb Stark(340) took 25 damage as DOT.
    Petry Baelish(290) took 20 damage as DOT.
    Robb Stark(315) hit Petry Baelish(270) 180.
    Petry Baelish(90) hit Robb Stark(315) 215.
    ****
    Robb Stark(100) took 50 damage as DOT.
    Petry Baelish(90) took 40 damage as DOT.
    Robb Stark(50) hit Petry Baelish(50) 180.
    Petry Baelish(-130) hit Robb Stark(50) 215.
    ****
    Both of them are dead. A draw.
  The North got 0 house points. The Vale of Arryn got 2 house points.

The winner is: The Vale of Arryn with currently 1 kingdom points.
---------------
---------------
Duel 4: The Vale of Arryn vs The Crownlands
  Duel between Moores(36) -WIZ- and Blounts(30) -WIZ- has begun.
    Mandon Moore(520) hit Boros Blount(430) 171.
    Boros Blount(259) hit Mandon Moore(520) 220.
    ****
    Mandon Moore(300) took 20 damage as DOT.
    Boros Blount(259) took 20 damage as DOT.
    Mandon Moore(280) hit Boros Blount(239) 171.
    Boros Blount(68) hit Mandon Moore(280) 220.
    ****
    Mandon Moore(60) took 40 damage as DOT.
    Boros Blount(68) took 40 damage as DOT.
    Mandon Moore(20) hit Boros Blount(28) 171.
    Boros Blount(-143) hit Mandon Moore(20) 220.
    ****
    Both of them are dead. A draw.
  Duel between Waynwoods(30) -WIL- and Rosbys(30) -WHI- has begun.
    Anya Waynwood(495) hit Gyles Rosby(655) 190.
    Gyles Rosby(465) hit Anya Waynwood(495) 210.
    ****
    Anya Waynwood(285) took 30 damage as DOT.
    Gyles Rosby(465) took 25 damage as DOT.
    Anya Waynwood(255) hit Gyles Rosby(440) 190.
    Gyles Rosby(250) hit Anya Waynwood(255) 210.
    ****
    Anya Waynwood(45) took 60 damage as DOT.
    Gyles Rosby(250) took 50 damage as DOT.
    Anya Waynwood(-15) hit Gyles Rosby(200) 190.
    Gyles Rosby(10) hit Anya Waynwood(-15) 210.
    ****
    Gyles Rosby(10) has won.
  Duel between Egens(30) -WIZ- and Stokeworths(30) -WHI- has begun.
    Vardis Egen(495) hit Tanda Stokeworth(580) 175.
    Tanda Stokeworth(405) hit Vardis Egen(495) 210.
    ****
    Vardis Egen(285) took 30 damage as DOT.
    Tanda Stokeworth(405) took 20 damage as DOT.
    Vardis Egen(255) hit Tanda Stokeworth(385) 175.
    Tanda Stokeworth(210) hit Vardis Egen(255) 210.
    ****
    Vardis Egen(45) took 60 damage as DOT.
    Tanda Stokeworth(210) took 40 damage as DOT.
    Vardis Egen(-15) hit Tanda Stokeworth(170) 175.
    Tanda Stokeworth(-5) hit Vardis Egen(-15) 210.
    ****
    Both of them are dead. A draw.
  Duel between Moores(36) -WIZ- and Rosbys(33) -WHI- has begun.
    Mandon Moore(520) hit Gyles Rosby(655) 171.
    Gyles Rosby(484) hit Mandon Moore(520) 213.
    ****
    Mandon Moore(307) took 30 damage as DOT.
    Gyles Rosby(484) took 20 damage as DOT.
    Mandon Moore(277) hit Gyles Rosby(464) 171.
    Gyles Rosby(293) hit Mandon Moore(277) 213.
    ****
    Mandon Moore(64) took 60 damage as DOT.
    Gyles Rosby(293) took 40 damage as DOT.
    Mandon Moore(4) hit Gyles Rosby(253) 171.
    Gyles Rosby(82) hit Mandon Moore(4) 213.
    ****
    Gyles Rosby(82) has won.
  Duel between Waynwoods(27) -WIL- and Stokeworths(30) -WHI- has begun.
    Anya Waynwood(495) hit Tanda Stokeworth(580) 187.
    Tanda Stokeworth(393) hit Anya Waynwood(495) 210.
    ****
    Anya Waynwood(285) took 30 damage as DOT.
    Tanda Stokeworth(393) took 25 damage as DOT.
    Anya Waynwood(255) hit Tanda Stokeworth(368) 187.
    Tanda Stokeworth(181) hit Anya Waynwood(255) 210.
    ****
    Anya Waynwood(45) took 60 damage as DOT.
    Tanda Stokeworth(181) took 50 damage as DOT.
    Anya Waynwood(-15) hit Tanda Stokeworth(131) 187.
    Tanda Stokeworth(-56) hit Anya Waynwood(-15) 210.
    ****
    Both of them are dead. A draw.
  Duel between Egens(30) -WIZ- and Blounts(30) -WIZ- has begun.
    Vardis Egen(495) hit Boros Blount(430) 175.
    Boros Blount(255) hit Vardis Egen(495) 220.
    ****
    Vardis Egen(275) took 20 damage as DOT.
    Boros Blount(255) took 20 damage as DOT.
    Vardis Egen(255) hit Boros Blount(235) 175.
    Boros Blount(60) hit Vardis Egen(255) 220.
    ****
    Vardis Egen(35) took 40 damage as DOT.
    Boros Blount(60) took 40 damage as DOT.
    Vardis Egen(-5) hit Boros Blount(20) 175.
    Boros Blount(-155) hit Vardis Egen(-5) 220.
    ****
    Both of them are dead. A draw.
  Duel between Moores(33) -WIZ- and Stokeworths(30) -WHI- has begun.
    Mandon Moore(520) hit Tanda Stokeworth(580) 168.
    Tanda Stokeworth(412) hit Mandon Moore(520) 210.
    ****
    Mandon Moore(310) took 30 damage as DOT.
    Tanda Stokeworth(412) took 20 damage as DOT.
    Mandon Moore(280) hit Tanda Stokeworth(392) 168.
    Tanda Stokeworth(224) hit Mandon Moore(280) 210.
    ****
    Mandon Moore(70) took 60 damage as DOT.
    Tanda Stokeworth(224) took 40 damage as DOT.
    Mandon Moore(10) hit Tanda Stokeworth(184) 168.
    Tanda Stokeworth(16) hit Mandon Moore(10) 210.
    ****
    Tanda Stokeworth(16) has won.
  Duel between Waynwoods(27) -WIL- and Blounts(30) -WIZ- has begun.
    Anya Waynwood(495) hit Boros Blount(430) 187.
    Boros Blount(243) hit Anya Waynwood(495) 220.
    ****
    Anya Waynwood(275) took 20 damage as DOT.
    Boros Blount(243) took 25 damage as DOT.
    Anya Waynwood(255) hit Boros Blount(218) 187.
    Boros Blount(31) hit Anya Waynwood(255) 220.
    ****
    Anya Waynwood(35) took 40 damage as DOT.
    Boros Blount(31) took 50 damage as DOT.
    Anya Waynwood(-5) hit Boros Blount(-19) 187.
    Boros Blount(-206) hit Anya Waynwood(-5) 220.
    ****
    Both of them are dead. A draw.
  Duel between Egens(30) -WIZ- and Rosbys(30) -WHI- has begun.
    Vardis Egen(495) hit Gyles Rosby(655) 175.
    Gyles Rosby(480) hit Vardis Egen(495) 210.
    ****
    Vardis Egen(285) took 30 damage as DOT.
    Gyles Rosby(480) took 20 damage as DOT.
    Vardis Egen(255) hit Gyles Rosby(460) 175.
    Gyles Rosby(285) hit Vardis Egen(255) 210.
    ****
    Vardis Egen(45) took 60 damage as DOT.
    Gyles Rosby(285) took 40 damage as DOT.
    Vardis Egen(-15) hit Gyles Rosby(245) 175.
    Gyles Rosby(70) hit Vardis Egen(-15) 210.
    ****
    Gyles Rosby(70) has won.
  Duel between House Arryn(50) -WIL- and House Baratheon(50) -WIZ- has begun.
    Petry Baelish(470) hit Aerys II Targaryen(505) 215.
    Aerys II Targaryen(290) hit Petry Baelish(470) 230.
    ****
    Petry Baelish(240) took 20 damage as DOT.
    Aerys II Targaryen(290) took 25 damage as DOT.
    Petry Baelish(220) hit Aerys II Targaryen(265) 215.
    Aerys II Targaryen(50) hit Petry Baelish(220) 230.
    ****
    Aerys II Targaryen(50) has won.
  The Vale of Arryn got 0 house points. The Crownlands got 7 house points.

The winner is: The Crownlands with currently 1 kingdom points.
---------------
---------------
Duel 5: The Crownlands vs Dorne
  Duel between Blounts(30) -WIZ- and Jordaynes(30) -WIL- has begun.
    Boros Blount(430) hit Trebor Jordayne(540) 220.
    Trebor Jordayne(320) hit Boros Blount(430) 175.
    ****
    Boros Blount(255) took 25 damage as DOT.
    Trebor Jordayne(320) took 20 damage as DOT.
    Boros Blount(230) hit Trebor Jordayne(300) 220.
    Trebor Jordayne(80) hit Boros Blount(230) 175.
    ****
    Boros Blount(55) took 50 damage as DOT.
    Trebor Jordayne(80) took 40 damage as DOT.
    Boros Blount(5) hit Trebor Jordayne(40) 220.
    Trebor Jordayne(-180) hit Boros Blount(5) 175.
    ****
    Both of them are dead. A draw.
  Duel between Rosbys(33) -WHI- and Daynes(30) -WIL- has begun.
    Gyles Rosby(655) hit Beric Dayne(465) 213.
    Beric Dayne(252) hit Gyles Rosby(655) 175.
    ****
    Gyles Rosby(480) took 25 damage as DOT.
    Beric Dayne(252) took 30 damage as DOT.
    Gyles Rosby(455) hit Beric Dayne(222) 213.
    Beric Dayne(9) hit Gyles Rosby(455) 175.
    ****
    Gyles Rosby(280) took 50 damage as DOT.
    Beric Dayne(9) took 60 damage as DOT.
    Gyles Rosby(230) hit Beric Dayne(-51) 213.
    Beric Dayne(-264) hit Gyles Rosby(230) 175.
    ****
    Gyles Rosby(55) has won.
  Duel between Stokeworths(27) -WHI- and Manwoodys(30) -WHI- has begun.
    Tanda Stokeworth(580) hit Dagos Manwoody(640) 207.
    Dagos Manwoody(433) hit Tanda Stokeworth(580) 150.
    ****
    Tanda Stokeworth(430) took 30 damage as DOT.
    Dagos Manwoody(433) took 30 damage as DOT.
    Tanda Stokeworth(400) hit Dagos Manwoody(403) 207.
    Dagos Manwoody(196) hit Tanda Stokeworth(400) 150.
    ****
    Tanda Stokeworth(250) took 60 damage as DOT.
    Dagos Manwoody(196) took 60 damage as DOT.
    Tanda Stokeworth(190) hit Dagos Manwoody(136) 207.
    Dagos Manwoody(-71) hit Tanda Stokeworth(190) 150.
    ****
    Tanda Stokeworth(40) has won.
  Duel between Blounts(30) -WIZ- and Daynes(27) -WIL- has begun.
    Boros Blount(430) hit Beric Dayne(465) 220.
    Beric Dayne(245) hit Boros Blount(430) 172.
    ****
    Boros Blount(258) took 25 damage as DOT.
    Beric Dayne(245) took 20 damage as DOT.
    Boros Blount(233) hit Beric Dayne(225) 220.
    Beric Dayne(5) hit Boros Blount(233) 172.
    ****
    Boros Blount(61) took 50 damage as DOT.
    Beric Dayne(5) took 40 damage as DOT.
    Boros Blount(11) hit Beric Dayne(-35) 220.
    Beric Dayne(-255) hit Boros Blount(11) 172.
    ****
    Both of them are dead. A draw.
  Duel between Rosbys(36) -WHI- and Manwoodys(27) -WHI- has begun.
    Gyles Rosby(655) hit Dagos Manwoody(640) 216.
    Dagos Manwoody(424) hit Gyles Rosby(655) 147.
    ****
    Gyles Rosby(508) took 30 damage as DOT.
    Dagos Manwoody(424) took 30 damage as DOT.
    Gyles Rosby(478) hit Dagos Manwoody(394) 216.
    Dagos Manwoody(178) hit Gyles Rosby(478) 147.
    ****
    Gyles Rosby(331) took 60 damage as DOT.
    Dagos Manwoody(178) took 60 damage as DOT.
    Gyles Rosby(271) hit Dagos Manwoody(118) 216.
    Dagos Manwoody(-98) hit Gyles Rosby(271) 147.
    ****
    Gyles Rosby(124) has won.
  Duel between Stokeworths(25) -WHI- and Jordaynes(30) -WIL- has begun.
    Tanda Stokeworth(580) hit Trebor Jordayne(540) 205.
    Trebor Jordayne(335) hit Tanda Stokeworth(580) 175.
    ****
    Tanda Stokeworth(405) took 25 damage as DOT.
    Trebor Jordayne(335) took 30 damage as DOT.
    Tanda Stokeworth(380) hit Trebor Jordayne(305) 205.
    Trebor Jordayne(100) hit Tanda Stokeworth(380) 175.
    ****
    Tanda Stokeworth(205) took 50 damage as DOT.
    Trebor Jordayne(100) took 60 damage as DOT.
    Tanda Stokeworth(155) hit Trebor Jordayne(40) 205.
    Trebor Jordayne(-165) hit Tanda Stokeworth(155) 175.
    ****
    Both of them are dead. A draw.
  Duel between Blounts(30) -WIZ- and Manwoodys(24) -WHI- has begun.
    Boros Blount(430) hit Dagos Manwoody(640) 220.
    Dagos Manwoody(420) hit Boros Blount(430) 144.
    ****
    Boros Blount(286) took 30 damage as DOT.
    Dagos Manwoody(420) took 20 damage as DOT.
    Boros Blount(256) hit Dagos Manwoody(400) 220.
    Dagos Manwoody(180) hit Boros Blount(256) 144.
    ****
    Boros Blount(112) took 60 damage as DOT.
    Dagos Manwoody(180) took 40 damage as DOT.
    Boros Blount(52) hit Dagos Manwoody(140) 220.
    Dagos Manwoody(-80) hit Boros Blount(52) 144.
    ****
    Both of them are dead. A draw.
  Duel between Rosbys(39) -WHI- and Jordaynes(30) -WIL- has begun.
    Gyles Rosby(655) hit Trebor Jordayne(540) 219.
    Trebor Jordayne(321) hit Gyles Rosby(655) 175.
    ****
    Gyles Rosby(480) took 25 damage as DOT.
    Trebor Jordayne(321) took 30 damage as DOT.
    Gyles Rosby(455) hit Trebor Jordayne(291) 219.
    Trebor Jordayne(72) hit Gyles Rosby(455) 175.
    ****
    Gyles Rosby(280) took 50 damage as DOT.
    Trebor Jordayne(72) took 60 damage as DOT.
    Gyles Rosby(230) hit Trebor Jordayne(12) 219.
    Trebor Jordayne(-207) hit Gyles Rosby(230) 175.
    ****
    Gyles Rosby(55) has won.
  Duel between Stokeworths(25) -WHI- and Daynes(27) -WIL- has begun.
    Tanda Stokeworth(580) hit Beric Dayne(465) 205.
    Beric Dayne(260) hit Tanda Stokeworth(580) 172.
    ****
    Tanda Stokeworth(408) took 25 damage as DOT.
    Beric Dayne(260) took 30 damage as DOT.
    Tanda Stokeworth(383) hit Beric Dayne(230) 205.
    Beric Dayne(25) hit Tanda Stokeworth(383) 172.
    ****
    Tanda Stokeworth(211) took 50 damage as DOT.
    Beric Dayne(25) took 60 damage as DOT.
    Tanda Stokeworth(161) hit Beric Dayne(-35) 205.
    Beric Dayne(-240) hit Tanda Stokeworth(161) 172.
    ****
    Both of them are dead. A draw.
  Duel between House Baratheon(59) -WIZ- and House Martell(50) -WIZ- has begun.
    Aerys II Targaryen(505) hit Trystane Martell(490) 239.
    Trystane Martell(251) hit Aerys II Targaryen(505) 180.
    ****
    Aerys II Targaryen(325) took 20 damage as DOT.
    Trystane Martell(251) took 20 damage as DOT.
    Aerys II Targaryen(305) hit Trystane Martell(231) 239.
    Trystane Martell(-8) hit Aerys II Targaryen(305) 180.
    ****
    Aerys II Targaryen(125) has won.
  The Crownlands got 7 house points. Dorne got 0 house points.

The winner is: The Crownlands with currently 2 kingdom points.
---------------
---------------
Duel 6: The Riverlands vs The North
  Duel between Brackens(30) -WIZ- and Ryswells(21) -WIZ- has begun.
    Jonos Bracken(495) hit Barbrey Ryswell(505) 170.
    Barbrey Ryswell(335) hit Jonos Bracken(495) 146.
    ****
    Jonos Bracken(349) took 20 damage as DOT.
    Barbrey Ryswell(335) took 20 damage as DOT.
    Jonos Bracken(329) hit Barbrey Ryswell(315) 170.
    Barbrey Ryswell(145) hit Jonos Bracken(329) 146.
    ****
    Jonos Bracken(183) took 40 damage as DOT.
    Barbrey Ryswell(145) took 40 damage as DOT.
    Jonos Bracken(143) hit Barbrey Ryswell(105) 170.
    Barbrey Ryswell(-65) hit Jonos Bracken(143) 146.
    ****
    Both of them are dead. A draw.
  Duel between Mallisters(30) -WIZ- and Dustins(33) -WIZ- has begun.
    Jason Mallister(520) hit Barbrey Ryswell(555) 175.
    Barbrey Ryswell(380) hit Jason Mallister(520) 158.
    ****
    Jason Mallister(362) took 20 damage as DOT.
    Barbrey Ryswell(380) took 20 damage as DOT.
    Jason Mallister(342) hit Barbrey Ryswell(360) 175.
    Barbrey Ryswell(185) hit Jason Mallister(342) 158.
    ****
    Jason Mallister(184) took 40 damage as DOT.
    Barbrey Ryswell(185) took 40 damage as DOT.
    Jason Mallister(144) hit Barbrey Ryswell(145) 175.
    Barbrey Ryswell(-30) hit Jason Mallister(144) 158.
    ****
    Both of them are dead. A draw.
  Duel between Smallwoods(36) -WHI- and Dormunds(21) -WIZ- has begun.
    Theomar Smallwood(620) hit Marlin Dormund(505) 176.
    Marlin Dormund(329) hit Theomar Smallwood(620) 146.
    ****
    Theomar Smallwood(474) took 20 damage as DOT.
    Marlin Dormund(329) took 30 damage as DOT.
    Theomar Smallwood(454) hit Marlin Dormund(299) 176.
    Marlin Dormund(123) hit Theomar Smallwood(454) 146.
    ****
    Theomar Smallwood(308) took 40 damage as DOT.
    Marlin Dormund(123) took 60 damage as DOT.
    Theomar Smallwood(268) hit Marlin Dormund(63) 176.
    Marlin Dormund(-113) hit Theomar Smallwood(268) 146.
    ****
    Theomar Smallwood(122) has won.
  Duel between Brackens(30) -WIZ- and Dustins(33) -WIZ- has begun.
    Jonos Bracken(495) hit Barbrey Ryswell(555) 170.
    Barbrey Ryswell(385) hit Jonos Bracken(495) 158.
    ****
    Jonos Bracken(337) took 20 damage as DOT.
    Barbrey Ryswell(385) took 20 damage as DOT.
    Jonos Bracken(317) hit Barbrey Ryswell(365) 170.
    Barbrey Ryswell(195) hit Jonos Bracken(317) 158.
    ****
    Jonos Bracken(159) took 40 damage as DOT.
    Barbrey Ryswell(195) took 40 damage as DOT.
    Jonos Bracken(119) hit Barbrey Ryswell(155) 170.
    Barbrey Ryswell(-15) hit Jonos Bracken(119) 158.
    ****
    Both of them are dead. A draw.
  Duel between Mallisters(30) -WIZ- and Dormunds(18) -WIZ- has begun.
    Jason Mallister(520) hit Marlin Dormund(505) 175.
    Marlin Dormund(330) hit Jason Mallister(520) 143.
    ****
    Jason Mallister(377) took 20 damage as DOT.
    Marlin Dormund(330) took 20 damage as DOT.
    Jason Mallister(357) hit Marlin Dormund(310) 175.
    Marlin Dormund(135) hit Jason Mallister(357) 143.
    ****
    Jason Mallister(214) took 40 damage as DOT.
    Marlin Dormund(135) took 40 damage as DOT.
    Jason Mallister(174) hit Marlin Dormund(95) 175.
    Marlin Dormund(-80) hit Jason Mallister(174) 143.
    ****
    Jason Mallister(31) has won.
  Duel between Smallwoods(39) -WHI- and Ryswells(21) -WIZ- has begun.
    Theomar Smallwood(620) hit Barbrey Ryswell(505) 179.
    Barbrey Ryswell(326) hit Theomar Smallwood(620) 146.
    ****
    Theomar Smallwood(474) took 20 damage as DOT.
    Barbrey Ryswell(326) took 30 damage as DOT.
    Theomar Smallwood(454) hit Barbrey Ryswell(296) 179.
    Barbrey Ryswell(117) hit Theomar Smallwood(454) 146.
    ****
    Theomar Smallwood(308) took 40 damage as DOT.
    Barbrey Ryswell(117) took 60 damage as DOT.
    Theomar Smallwood(268) hit Barbrey Ryswell(57) 179.
    Barbrey Ryswell(-122) hit Theomar Smallwood(268) 146.
    ****
    Theomar Smallwood(122) has won.
  Duel between Brackens(30) -WIZ- and Dormunds(15) -WIZ- has begun.
    Jonos Bracken(495) hit Marlin Dormund(505) 170.
    Marlin Dormund(335) hit Jonos Bracken(495) 140.
    ****
    Jonos Bracken(355) took 20 damage as DOT.
    Marlin Dormund(335) took 20 damage as DOT.
    Jonos Bracken(335) hit Marlin Dormund(315) 170.
    Marlin Dormund(145) hit Jonos Bracken(335) 140.
    ****
    Jonos Bracken(195) took 40 damage as DOT.
    Marlin Dormund(145) took 40 damage as DOT.
    Jonos Bracken(155) hit Marlin Dormund(105) 170.
    Marlin Dormund(-65) hit Jonos Bracken(155) 140.
    ****
    Jonos Bracken(15) has won.
  Duel between Mallisters(33) -WIZ- and Ryswells(18) -WIZ- has begun.
    Jason Mallister(520) hit Barbrey Ryswell(505) 178.
    Barbrey Ryswell(327) hit Jason Mallister(520) 143.
    ****
    Jason Mallister(377) took 20 damage as DOT.
    Barbrey Ryswell(327) took 20 damage as DOT.
    Jason Mallister(357) hit Barbrey Ryswell(307) 178.
    Barbrey Ryswell(129) hit Jason Mallister(357) 143.
    ****
    Jason Mallister(214) took 40 damage as DOT.
    Barbrey Ryswell(129) took 40 damage as DOT.
    Jason Mallister(174) hit Barbrey Ryswell(89) 178.
    Barbrey Ryswell(-89) hit Jason Mallister(174) 143.
    ****
    Jason Mallister(31) has won.
  Duel between Smallwoods(42) -WHI- and Dustins(33) -WIZ- has begun.
    Theomar Smallwood(620) hit Barbrey Ryswell(555) 182.
    Barbrey Ryswell(373) hit Theomar Smallwood(620) 158.
    ****
    Theomar Smallwood(462) took 20 damage as DOT.
    Barbrey Ryswell(373) took 30 damage as DOT.
    Theomar Smallwood(442) hit Barbrey Ryswell(343) 182.
    Barbrey Ryswell(161) hit Theomar Smallwood(442) 158.
    ****
    Theomar Smallwood(284) took 40 damage as DOT.
    Barbrey Ryswell(161) took 60 damage as DOT.
    Theomar Smallwood(244) hit Barbrey Ryswell(101) 182.
    Barbrey Ryswell(-81) hit Theomar Smallwood(244) 158.
    ****
    Theomar Smallwood(86) has won.
  Duel between House Bolton(50) -WHI- and House Stark(45) -WIZ- has begun.
    Walder Frey(695) hit Robb Stark(555) 190.
    Robb Stark(365) hit Walder Frey(695) 180.
    ****
    Walder Frey(515) took 20 damage as DOT.
    Robb Stark(365) took 30 damage as DOT.
    Walder Frey(495) hit Robb Stark(335) 190.
    Robb Stark(145) hit Walder Frey(495) 180.
    ****
    Walder Frey(315) took 40 damage as DOT.
    Robb Stark(145) took 60 damage as DOT.
    Walder Frey(275) hit Robb Stark(85) 190.
    Robb Stark(-105) hit Walder Frey(275) 180.
    ****
    Walder Frey(95) has won.
  The Riverlands got 9 house points. The North got 0 house points.

The winner is: The Riverlands with currently 2 kingdom points.
---------------
---------------
Duel 7: The Stormlands vs The Vale of Arryn
  Duel between Tarths(23) -WIL- and Moores(30) -WIZ- has begun.
    Brienne Tarth(530) hit Mandon Moore(520) 173.
    Mandon Moore(347) hit Brienne Tarth(530) 165.
    ****
    Brienne Tarth(365) took 20 damage as DOT.
    Mandon Moore(347) took 25 damage as DOT.
    Brienne Tarth(345) hit Mandon Moore(322) 173.
    Mandon Moore(149) hit Brienne Tarth(345) 165.
    ****
    Brienne Tarth(180) took 40 damage as DOT.
    Mandon Moore(149) took 50 damage as DOT.
    Brienne Tarth(140) hit Mandon Moore(99) 173.
    Mandon Moore(-74) hit Brienne Tarth(140) 165.
    ****
    Both of them are dead. A draw.
  Duel between Errols(24) -WIZ- and Waynwoods(27) -WIL- has begun.
    Lord Errol(480) hit Anya Waynwood(495) 159.
    Anya Waynwood(336) hit Lord Errol(480) 187.
    ****
    Lord Errol(293) took 25 damage as DOT.
    Anya Waynwood(336) took 20 damage as DOT.
    Lord Errol(268) hit Anya Waynwood(316) 159.
    Anya Waynwood(157) hit Lord Errol(268) 187.
    ****
    Lord Errol(81) took 50 damage as DOT.
    Anya Waynwood(157) took 40 damage as DOT.
    Lord Errol(31) hit Anya Waynwood(117) 159.
    Anya Waynwood(-42) hit Lord Errol(31) 187.
    ****
    Both of them are dead. A draw.
  Duel between Morrigens(36) -WIL- and Egens(27) -WIZ- has begun.
    Damon Morrigen(530) hit Vardis Egen(495) 191.
    Vardis Egen(304) hit Damon Morrigen(530) 172.
    ****
    Damon Morrigen(358) took 20 damage as DOT.
    Vardis Egen(304) took 25 damage as DOT.
    Damon Morrigen(338) hit Vardis Egen(279) 191.
    Vardis Egen(88) hit Damon Morrigen(338) 172.
    ****
    Damon Morrigen(166) took 40 damage as DOT.
    Vardis Egen(88) took 50 damage as DOT.
    Damon Morrigen(126) hit Vardis Egen(38) 191.
    Vardis Egen(-153) hit Damon Morrigen(126) 172.
    ****
    Both of them are dead. A draw.
  Duel between Tarths(23) -WIL- and Waynwoods(27) -WIL- has begun.
    Brienne Tarth(530) hit Anya Waynwood(495) 173.
    Anya Waynwood(322) hit Brienne Tarth(530) 187.
    ****
    Brienne Tarth(343) took 25 damage as DOT.
    Anya Waynwood(322) took 25 damage as DOT.
    Brienne Tarth(318) hit Anya Waynwood(297) 173.
    Anya Waynwood(124) hit Brienne Tarth(318) 187.
    ****
    Brienne Tarth(131) took 50 damage as DOT.
    Anya Waynwood(124) took 50 damage as DOT.
    Brienne Tarth(81) hit Anya Waynwood(74) 173.
    Anya Waynwood(-99) hit Brienne Tarth(81) 187.
    ****
    Both of them are dead. A draw.
  Duel between Errols(24) -WIZ- and Egens(27) -WIZ- has begun.
    Lord Errol(480) hit Vardis Egen(495) 159.
    Vardis Egen(336) hit Lord Errol(480) 172.
    ****
    Lord Errol(308) took 20 damage as DOT.
    Vardis Egen(336) took 20 damage as DOT.
    Lord Errol(288) hit Vardis Egen(316) 159.
    Vardis Egen(157) hit Lord Errol(288) 172.
    ****
    Lord Errol(116) took 40 damage as DOT.
    Vardis Egen(157) took 40 damage as DOT.
    Lord Errol(76) hit Vardis Egen(117) 159.
    Vardis Egen(-42) hit Lord Errol(76) 172.
    ****
    Both of them are dead. A draw.
  Duel between Morrigens(36) -WIL- and Moores(30) -WIZ- has begun.
    Damon Morrigen(530) hit Mandon Moore(520) 191.
    Mandon Moore(329) hit Damon Morrigen(530) 165.
    ****
    Damon Morrigen(365) took 20 damage as DOT.
    Mandon Moore(329) took 25 damage as DOT.
    Damon Morrigen(345) hit Mandon Moore(304) 191.
    Mandon Moore(113) hit Damon Morrigen(345) 165.
    ****
    Damon Morrigen(180) took 40 damage as DOT.
    Mandon Moore(113) took 50 damage as DOT.
    Damon Morrigen(140) hit Mandon Moore(63) 191.
    Mandon Moore(-128) hit Damon Morrigen(140) 165.
    ****
    Both of them are dead. A draw.
  Duel between Tarths(23) -WIL- and Egens(27) -WIZ- has begun.
    Brienne Tarth(530) hit Vardis Egen(495) 173.
    Vardis Egen(322) hit Brienne Tarth(530) 172.
    ****
    Brienne Tarth(358) took 20 damage as DOT.
    Vardis Egen(322) took 25 damage as DOT.
    Brienne Tarth(338) hit Vardis Egen(297) 173.
    Vardis Egen(124) hit Brienne Tarth(338) 172.
    ****
    Brienne Tarth(166) took 40 damage as DOT.
    Vardis Egen(124) took 50 damage as DOT.
    Brienne Tarth(126) hit Vardis Egen(74) 173.
    Vardis Egen(-99) hit Brienne Tarth(126) 172.
    ****
    Both of them are dead. A draw.
  Duel between Errols(24) -WIZ- and Moores(30) -WIZ- has begun.
    Lord Errol(480) hit Mandon Moore(520) 159.
    Mandon Moore(361) hit Lord Errol(480) 165.
    ****
    Lord Errol(315) took 20 damage as DOT.
    Mandon Moore(361) took 20 damage as DOT.
    Lord Errol(295) hit Mandon Moore(341) 159.
    Mandon Moore(182) hit Lord Errol(295) 165.
    ****
    Lord Errol(130) took 40 damage as DOT.
    Mandon Moore(182) took 40 damage as DOT.
    Lord Errol(90) hit Mandon Moore(142) 159.
    Mandon Moore(-17) hit Lord Errol(90) 165.
    ****
    Both of them are dead. A draw.
  Duel between Morrigens(36) -WIL- and Waynwoods(27) -WIL- has begun.
    Damon Morrigen(530) hit Anya Waynwood(495) 191.
    Anya Waynwood(304) hit Damon Morrigen(530) 187.
    ****
    Damon Morrigen(343) took 25 damage as DOT.
    Anya Waynwood(304) took 25 damage as DOT.
    Damon Morrigen(318) hit Anya Waynwood(279) 191.
    Anya Waynwood(88) hit Damon Morrigen(318) 187.
    ****
    Damon Morrigen(131) took 50 damage as DOT.
    Anya Waynwood(88) took 50 damage as DOT.
    Damon Morrigen(81) hit Anya Waynwood(38) 191.
    Anya Waynwood(-153) hit Damon Morrigen(81) 187.
    ****
    Both of them are dead. A draw.
  Duel between House Tyrell(55) -WHI- and House Arryn(37) -WIL- has begun.
    Stannis Baratheon(705) hit Petry Baelish(470) 185.
    Petry Baelish(285) hit Stannis Baratheon(705) 202.
    ****
    Stannis Baratheon(503) took 25 damage as DOT.
    Petry Baelish(285) took 30 damage as DOT.
    Stannis Baratheon(478) hit Petry Baelish(255) 185.
    Petry Baelish(70) hit Stannis Baratheon(478) 202.
    ****
    Stannis Baratheon(276) took 50 damage as DOT.
    Petry Baelish(70) took 60 damage as DOT.
    Stannis Baratheon(226) hit Petry Baelish(10) 185.
    Petry Baelish(-175) hit Stannis Baratheon(226) 202.
    ****
    Stannis Baratheon(24) has won.
  The Stormlands got 3 house points. The Vale of Arryn got 0 house points.

The winner is: The Stormlands with currently 2 kingdom points.
---------------
---------------
Duel 8: The North vs The Crownlands
  Duel between Ryswells(15) -WIZ- and Blounts(30) -WIZ- has begun.
    Barbrey Ryswell(505) hit Boros Blount(430) 140.
    Boros Blount(290) hit Barbrey Ryswell(505) 220.
    ****
    Barbrey Ryswell(285) took 20 damage as DOT.
    Boros Blount(290) took 20 damage as DOT.
    Barbrey Ryswell(265) hit Boros Blount(270) 140.
    Boros Blount(130) hit Barbrey Ryswell(265) 220.
    ****
    Barbrey Ryswell(45) took 40 damage as DOT.
    Boros Blount(130) took 40 damage as DOT.
    Barbrey Ryswell(5) hit Boros Blount(90) 140.
    Boros Blount(-50) hit Barbrey Ryswell(5) 220.
    ****
    Both of them are dead. A draw.
  Duel between Dustins(30) -WIZ- and Rosbys(42) -WHI- has begun.
    Barbrey Ryswell(555) hit Gyles Rosby(655) 155.
    Gyles Rosby(500) hit Barbrey Ryswell(555) 222.
    ****
    Barbrey Ryswell(333) took 30 damage as DOT.
    Gyles Rosby(500) took 20 damage as DOT.
    Barbrey Ryswell(303) hit Gyles Rosby(480) 155.
    Gyles Rosby(325) hit Barbrey Ryswell(303) 222.
    ****
    Barbrey Ryswell(81) took 60 damage as DOT.
    Gyles Rosby(325) took 40 damage as DOT.
    Barbrey Ryswell(21) hit Gyles Rosby(285) 155.
    Gyles Rosby(130) hit Barbrey Ryswell(21) 222.
    ****
    Gyles Rosby(130) has won.
  Duel between Dormunds(12) -WIZ- and Stokeworths(25) -WHI- has begun.
    Marlin Dormund(505) hit Tanda Stokeworth(580) 137.
    Tanda Stokeworth(443) hit Marlin Dormund(505) 205.
    ****
    Marlin Dormund(300) took 30 damage as DOT.
    Tanda Stokeworth(443) took 20 damage as DOT.
    Marlin Dormund(270) hit Tanda Stokeworth(423) 137.
    Tanda Stokeworth(286) hit Marlin Dormund(270) 205.
    ****
    Marlin Dormund(65) took 60 damage as DOT.
    Tanda Stokeworth(286) took 40 damage as DOT.
    Marlin Dormund(5) hit Tanda Stokeworth(246) 137.
    Tanda Stokeworth(109) hit Marlin Dormund(5) 205.
    ****
    Tanda Stokeworth(109) has won.
  Duel between Ryswells(15) -WIZ- and Rosbys(45) -WHI- has begun.
    Barbrey Ryswell(505) hit Gyles Rosby(655) 140.
    Gyles Rosby(515) hit Barbrey Ryswell(505) 225.
    ****
    Barbrey Ryswell(280) took 30 damage as DOT.
    Gyles Rosby(515) took 20 damage as DOT.
    Barbrey Ryswell(250) hit Gyles Rosby(495) 140.
    Gyles Rosby(355) hit Barbrey Ryswell(250) 225.
    ****
    Barbrey Ryswell(25) took 60 damage as DOT.
    Gyles Rosby(355) took 40 damage as DOT.
    Barbrey Ryswell(-35) hit Gyles Rosby(315) 140.
    Gyles Rosby(175) hit Barbrey Ryswell(-35) 225.
    ****
    Gyles Rosby(175) has won.
  Duel between Dustins(27) -WIZ- and Stokeworths(28) -WHI- has begun.
    Barbrey Ryswell(555) hit Tanda Stokeworth(580) 152.
    Tanda Stokeworth(428) hit Barbrey Ryswell(555) 208.
    ****
    Barbrey Ryswell(347) took 30 damage as DOT.
    Tanda Stokeworth(428) took 20 damage as DOT.
    Barbrey Ryswell(317) hit Tanda Stokeworth(408) 152.
    Tanda Stokeworth(256) hit Barbrey Ryswell(317) 208.
    ****
    Barbrey Ryswell(109) took 60 damage as DOT.
    Tanda Stokeworth(256) took 40 damage as DOT.
    Barbrey Ryswell(49) hit Tanda Stokeworth(216) 152.
    Tanda Stokeworth(64) hit Barbrey Ryswell(49) 208.
    ****
    Tanda Stokeworth(64) has won.
  Duel between Dormunds(9) -WIZ- and Blounts(30) -WIZ- has begun.
    Marlin Dormund(505) hit Boros Blount(430) 134.
    Boros Blount(296) hit Marlin Dormund(505) 220.
    ****
    Marlin Dormund(285) took 20 damage as DOT.
    Boros Blount(296) took 20 damage as DOT.
    Marlin Dormund(265) hit Boros Blount(276) 134.
    Boros Blount(142) hit Marlin Dormund(265) 220.
    ****
    Marlin Dormund(45) took 40 damage as DOT.
    Boros Blount(142) took 40 damage as DOT.
    Marlin Dormund(5) hit Boros Blount(102) 134.
    Boros Blount(-32) hit Marlin Dormund(5) 220.
    ****
    Both of them are dead. A draw.
  Duel between Ryswells(12) -WIZ- and Stokeworths(31) -WHI- has begun.
    Barbrey Ryswell(505) hit Tanda Stokeworth(580) 137.
    Tanda Stokeworth(443) hit Barbrey Ryswell(505) 211.
    ****
    Barbrey Ryswell(294) took 30 damage as DOT.
    Tanda Stokeworth(443) took 20 damage as DOT.
    Barbrey Ryswell(264) hit Tanda Stokeworth(423) 137.
    Tanda Stokeworth(286) hit Barbrey Ryswell(264) 211.
    ****
    Barbrey Ryswell(53) took 60 damage as DOT.
    Tanda Stokeworth(286) took 40 damage as DOT.
    Barbrey Ryswell(-7) hit Tanda Stokeworth(246) 137.
    Tanda Stokeworth(109) hit Barbrey Ryswell(-7) 211.
    ****
    Tanda Stokeworth(109) has won.
  Duel between Dustins(24) -WIZ- and Blounts(30) -WIZ- has begun.
    Barbrey Ryswell(555) hit Boros Blount(430) 149.
    Boros Blount(281) hit Barbrey Ryswell(555) 220.
    ****
    Barbrey Ryswell(335) took 20 damage as DOT.
    Boros Blount(281) took 20 damage as DOT.
    Barbrey Ryswell(315) hit Boros Blount(261) 149.
    Boros Blount(112) hit Barbrey Ryswell(315) 220.
    ****
    Barbrey Ryswell(95) took 40 damage as DOT.
    Boros Blount(112) took 40 damage as DOT.
    Barbrey Ryswell(55) hit Boros Blount(72) 149.
    Boros Blount(-77) hit Barbrey Ryswell(55) 220.
    ****
    Both of them are dead. A draw.
  Duel between Dormunds(9) -WIZ- and Rosbys(48) -WHI- has begun.
    Marlin Dormund(505) hit Gyles Rosby(655) 134.
    Gyles Rosby(521) hit Marlin Dormund(505) 228.
    ****
    Marlin Dormund(277) took 30 damage as DOT.
    Gyles Rosby(521) took 20 damage as DOT.
    Marlin Dormund(247) hit Gyles Rosby(501) 134.
    Gyles Rosby(367) hit Marlin Dormund(247) 228.
    ****
    Marlin Dormund(19) took 60 damage as DOT.
    Gyles Rosby(367) took 40 damage as DOT.
    Marlin Dormund(-41) hit Gyles Rosby(327) 134.
    Gyles Rosby(193) hit Marlin Dormund(-41) 228.
    ****
    Gyles Rosby(193) has won.
  Duel between House Stark(40) -WIZ- and House Baratheon(68) -WIZ- has begun.
    Robb Stark(555) hit Aerys II Targaryen(505) 175.
    Aerys II Targaryen(330) hit Robb Stark(555) 248.
    ****
    Robb Stark(307) took 20 damage as DOT.
    Aerys II Targaryen(330) took 20 damage as DOT.
    Robb Stark(287) hit Aerys II Targaryen(310) 175.
    Aerys II Targaryen(135) hit Robb Stark(287) 248.
    ****
    Robb Stark(39) took 40 damage as DOT.
    Aerys II Targaryen(135) took 40 damage as DOT.
    Robb Stark(-1) hit Aerys II Targaryen(95) 175.
    Aerys II Targaryen(-80) hit Robb Stark(-1) 248.
    ****
    Both of them are dead. A draw.
  The North got 0 house points. The Crownlands got 6 house points.

The winner is: The Crownlands with currently 3 kingdom points.
---------------
---------------
Duel 9: The Vale of Arryn vs Dorne
  Duel between Moores(30) -WIZ- and Jordaynes(27) -WIL- has begun.
    Mandon Moore(520) hit Trebor Jordayne(540) 165.
    Trebor Jordayne(375) hit Mandon Moore(520) 172.
    ****
    Mandon Moore(348) took 25 damage as DOT.
    Trebor Jordayne(375) took 20 damage as DOT.
    Mandon Moore(323) hit Trebor Jordayne(355) 165.
    Trebor Jordayne(190) hit Mandon Moore(323) 172.
    ****
    Mandon Moore(151) took 50 damage as DOT.
    Trebor Jordayne(190) took 40 damage as DOT.
    Mandon Moore(101) hit Trebor Jordayne(150) 165.
    Trebor Jordayne(-15) hit Mandon Moore(101) 172.
    ****
    Both of them are dead. A draw.
  Duel between Waynwoods(27) -WIL- and Daynes(27) -WIL- has begun.
    Anya Waynwood(495) hit Beric Dayne(465) 187.
    Beric Dayne(278) hit Anya Waynwood(495) 172.
    ****
    Anya Waynwood(323) took 25 damage as DOT.
    Beric Dayne(278) took 25 damage as DOT.
    Anya Waynwood(298) hit Beric Dayne(253) 187.
    Beric Dayne(66) hit Anya Waynwood(298) 172.
    ****
    Anya Waynwood(126) took 50 damage as DOT.
    Beric Dayne(66) took 50 damage as DOT.
    Anya Waynwood(76) hit Beric Dayne(16) 187.
    Beric Dayne(-171) hit Anya Waynwood(76) 172.
    ****
    Both of them are dead. A draw.
  Duel between Egens(27) -WIZ- and Manwoodys(24) -WHI- has begun.
    Vardis Egen(495) hit Dagos Manwoody(640) 172.
    Dagos Manwoody(468) hit Vardis Egen(495) 144.
    ****
    Vardis Egen(351) took 30 damage as DOT.
    Dagos Manwoody(468) took 20 damage as DOT.
    Vardis Egen(321) hit Dagos Manwoody(448) 172.
    Dagos Manwoody(276) hit Vardis Egen(321) 144.
    ****
    Vardis Egen(177) took 60 damage as DOT.
    Dagos Manwoody(276) took 40 damage as DOT.
    Vardis Egen(117) hit Dagos Manwoody(236) 172.
    Dagos Manwoody(64) hit Vardis Egen(117) 144.
    ****
    Dagos Manwoody(64) has won.
  Duel between Moores(30) -WIZ- and Daynes(27) -WIL- has begun.
    Mandon Moore(520) hit Beric Dayne(465) 165.
    Beric Dayne(300) hit Mandon Moore(520) 172.
    ****
    Mandon Moore(348) took 25 damage as DOT.
    Beric Dayne(300) took 20 damage as DOT.
    Mandon Moore(323) hit Beric Dayne(280) 165.
    Beric Dayne(115) hit Mandon Moore(323) 172.
    ****
    Mandon Moore(151) took 50 damage as DOT.
    Beric Dayne(115) took 40 damage as DOT.
    Mandon Moore(101) hit Beric Dayne(75) 165.
    Beric Dayne(-90) hit Mandon Moore(101) 172.
    ****
    Both of them are dead. A draw.
  Duel between Waynwoods(27) -WIL- and Manwoodys(23) -WHI- has begun.
    Anya Waynwood(495) hit Dagos Manwoody(640) 187.
    Dagos Manwoody(453) hit Anya Waynwood(495) 143.
    ****
    Anya Waynwood(352) took 30 damage as DOT.
    Dagos Manwoody(453) took 25 damage as DOT.
    Anya Waynwood(322) hit Dagos Manwoody(428) 187.
    Dagos Manwoody(241) hit Anya Waynwood(322) 143.
    ****
    Anya Waynwood(179) took 60 damage as DOT.
    Dagos Manwoody(241) took 50 damage as DOT.
    Anya Waynwood(119) hit Dagos Manwoody(191) 187.
    Dagos Manwoody(4) hit Anya Waynwood(119) 143.
    ****
    Dagos Manwoody(4) has won.
  Duel between Egens(24) -WIZ- and Jordaynes(27) -WIL- has begun.
    Vardis Egen(495) hit Trebor Jordayne(540) 169.
    Trebor Jordayne(371) hit Vardis Egen(495) 172.
    ****
    Vardis Egen(323) took 25 damage as DOT.
    Trebor Jordayne(371) took 20 damage as DOT.
    Vardis Egen(298) hit Trebor Jordayne(351) 169.
    Trebor Jordayne(182) hit Vardis Egen(298) 172.
    ****
    Vardis Egen(126) took 50 damage as DOT.
    Trebor Jordayne(182) took 40 damage as DOT.
    Vardis Egen(76) hit Trebor Jordayne(142) 169.
    Trebor Jordayne(-27) hit Vardis Egen(76) 172.
    ****
    Both of them are dead. A draw.
  Duel between Moores(30) -WIZ- and Manwoodys(22) -WHI- has begun.
    Mandon Moore(520) hit Dagos Manwoody(640) 165.
    Dagos Manwoody(475) hit Mandon Moore(520) 142.
    ****
    Mandon Moore(378) took 30 damage as DOT.
    Dagos Manwoody(475) took 20 damage as DOT.
    Mandon Moore(348) hit Dagos Manwoody(455) 165.
    Dagos Manwoody(290) hit Mandon Moore(348) 142.
    ****
    Mandon Moore(206) took 60 damage as DOT.
    Dagos Manwoody(290) took 40 damage as DOT.
    Mandon Moore(146) hit Dagos Manwoody(250) 165.
    Dagos Manwoody(85) hit Mandon Moore(146) 142.
    ****
    Mandon Moore(4) took 90 damage as DOT.
    Dagos Manwoody(85) took 60 damage as DOT.
    Mandon Moore(-86) hit Dagos Manwoody(25) 165.
    Dagos Manwoody(-140) hit Mandon Moore(-86) 142.
    ****
    Both of them are dead. A draw.
  Duel between Waynwoods(24) -WIL- and Jordaynes(27) -WIL- has begun.
    Anya Waynwood(495) hit Trebor Jordayne(540) 184.
    Trebor Jordayne(356) hit Anya Waynwood(495) 172.
    ****
    Anya Waynwood(323) took 25 damage as DOT.
    Trebor Jordayne(356) took 25 damage as DOT.
    Anya Waynwood(298) hit Trebor Jordayne(331) 184.
    Trebor Jordayne(147) hit Anya Waynwood(298) 172.
    ****
    Anya Waynwood(126) took 50 damage as DOT.
    Trebor Jordayne(147) took 50 damage as DOT.
    Anya Waynwood(76) hit Trebor Jordayne(97) 184.
    Trebor Jordayne(-87) hit Anya Waynwood(76) 172.
    ****
    Both of them are dead. A draw.
  Duel between Egens(24) -WIZ- and Daynes(27) -WIL- has begun.
    Vardis Egen(495) hit Beric Dayne(465) 169.
    Beric Dayne(296) hit Vardis Egen(495) 172.
    ****
    Vardis Egen(323) took 25 damage as DOT.
    Beric Dayne(296) took 20 damage as DOT.
    Vardis Egen(298) hit Beric Dayne(276) 169.
    Beric Dayne(107) hit Vardis Egen(298) 172.
    ****
    Vardis Egen(126) took 50 damage as DOT.
    Beric Dayne(107) took 40 damage as DOT.
    Vardis Egen(76) hit Beric Dayne(67) 169.
    Beric Dayne(-102) hit Vardis Egen(76) 172.
    ****
    Both of them are dead. A draw.
  Duel between House Arryn(32) -WIL- and House Martell(37) -WIZ- has begun.
    Petry Baelish(470) hit Trystane Martell(490) 197.
    Trystane Martell(293) hit Petry Baelish(470) 167.
    ****
    Petry Baelish(303) took 20 damage as DOT.
    Trystane Martell(293) took 25 damage as DOT.
    Petry Baelish(283) hit Trystane Martell(268) 197.
    Trystane Martell(71) hit Petry Baelish(283) 167.
    ****
    Petry Baelish(116) took 40 damage as DOT.
    Trystane Martell(71) took 50 damage as DOT.
    Petry Baelish(76) hit Trystane Martell(21) 197.
    Trystane Martell(-176) hit Petry Baelish(76) 167.
    ****
    Both of them are dead. A draw.
  The Vale of Arryn got 0 house points. Dorne got 2 house points.

The winner is: Dorne with currently 1 kingdom points.
---------------
---------------
Duel 10: The Riverlands vs The Vale of Arryn
  Duel between Brackens(33) -WIZ- and Moores(30) -WIZ- has begun.
    Jonos Bracken(495) hit Mandon Moore(520) 173.
    Mandon Moore(347) hit Jonos Bracken(495) 165.
    ****
    Jonos Bracken(330) took 20 damage as DOT.
    Mandon Moore(347) took 20 damage as DOT.
    Jonos Bracken(310) hit Mandon Moore(327) 173.
    Mandon Moore(154) hit Jonos Bracken(310) 165.
    ****
    Jonos Bracken(145) took 40 damage as DOT.
    Mandon Moore(154) took 40 damage as DOT.
    Jonos Bracken(105) hit Mandon Moore(114) 173.
    Mandon Moore(-59) hit Jonos Bracken(105) 165.
    ****
    Both of them are dead. A draw.
  Duel between Mallisters(36) -WIZ- and Waynwoods(24) -WIL- has begun.
    Jason Mallister(520) hit Anya Waynwood(495) 181.
    Anya Waynwood(314) hit Jason Mallister(520) 184.
    ****
    Jason Mallister(336) took 25 damage as DOT.
    Anya Waynwood(314) took 20 damage as DOT.
    Jason Mallister(311) hit Anya Waynwood(294) 181.
    Anya Waynwood(113) hit Jason Mallister(311) 184.
    ****
    Jason Mallister(127) took 50 damage as DOT.
    Anya Waynwood(113) took 40 damage as DOT.
    Jason Mallister(77) hit Anya Waynwood(73) 181.
    Anya Waynwood(-108) hit Jason Mallister(77) 184.
    ****
    Both of them are dead. A draw.
  Duel between Smallwoods(45) -WHI- and Egens(24) -WIZ- has begun.
    Theomar Smallwood(620) hit Vardis Egen(495) 185.
    Vardis Egen(310) hit Theomar Smallwood(620) 169.
    ****
    Theomar Smallwood(451) took 20 damage as DOT.
    Vardis Egen(310) took 30 damage as DOT.
    Theomar Smallwood(431) hit Vardis Egen(280) 185.
    Vardis Egen(95) hit Theomar Smallwood(431) 169.
    ****
    Theomar Smallwood(262) took 40 damage as DOT.
    Vardis Egen(95) took 60 damage as DOT.
    Theomar Smallwood(222) hit Vardis Egen(35) 185.
    Vardis Egen(-150) hit Theomar Smallwood(222) 169.
    ****
    Theomar Smallwood(53) has won.
  Duel between Brackens(33) -WIZ- and Waynwoods(24) -WIL- has begun.
    Jonos Bracken(495) hit Anya Waynwood(495) 173.
    Anya Waynwood(322) hit Jonos Bracken(495) 184.
    ****
    Jonos Bracken(311) took 25 damage as DOT.
    Anya Waynwood(322) took 20 damage as DOT.
    Jonos Bracken(286) hit Anya Waynwood(302) 173.
    Anya Waynwood(129) hit Jonos Bracken(286) 184.
    ****
    Jonos Bracken(102) took 50 damage as DOT.
    Anya Waynwood(129) took 40 damage as DOT.
    Jonos Bracken(52) hit Anya Waynwood(89) 173.
    Anya Waynwood(-84) hit Jonos Bracken(52) 184.
    ****
    Both of them are dead. A draw.
  Duel between Mallisters(36) -WIZ- and Egens(21) -WIZ- has begun.
    Jason Mallister(520) hit Vardis Egen(495) 181.
    Vardis Egen(314) hit Jason Mallister(520) 166.
    ****
    Jason Mallister(354) took 20 damage as DOT.
    Vardis Egen(314) took 20 damage as DOT.
    Jason Mallister(334) hit Vardis Egen(294) 181.
    Vardis Egen(113) hit Jason Mallister(334) 166.
    ****
    Jason Mallister(168) took 40 damage as DOT.
    Vardis Egen(113) took 40 damage as DOT.
    Jason Mallister(128) hit Vardis Egen(73) 181.
    Vardis Egen(-108) hit Jason Mallister(128) 166.
    ****
    Both of them are dead. A draw.
  Duel between Smallwoods(48) -WHI- and Moores(30) -WIZ- has begun.
    Theomar Smallwood(620) hit Mandon Moore(520) 188.
    Mandon Moore(332) hit Theomar Smallwood(620) 165.
    ****
    Theomar Smallwood(455) took 20 damage as DOT.
    Mandon Moore(332) took 30 damage as DOT.
    Theomar Smallwood(435) hit Mandon Moore(302) 188.
    Mandon Moore(114) hit Theomar Smallwood(435) 165.
    ****
    Theomar Smallwood(270) took 40 damage as DOT.
    Mandon Moore(114) took 60 damage as DOT.
    Theomar Smallwood(230) hit Mandon Moore(54) 188.
    Mandon Moore(-134) hit Theomar Smallwood(230) 165.
    ****
    Theomar Smallwood(65) has won.
  Duel between Brackens(33) -WIZ- and Egens(21) -WIZ- has begun.
    Jonos Bracken(495) hit Vardis Egen(495) 173.
    Vardis Egen(322) hit Jonos Bracken(495) 166.
    ****
    Jonos Bracken(329) took 20 damage as DOT.
    Vardis Egen(322) took 20 damage as DOT.
    Jonos Bracken(309) hit Vardis Egen(302) 173.
    Vardis Egen(129) hit Jonos Bracken(309) 166.
    ****
    Jonos Bracken(143) took 40 damage as DOT.
    Vardis Egen(129) took 40 damage as DOT.
    Jonos Bracken(103) hit Vardis Egen(89) 173.
    Vardis Egen(-84) hit Jonos Bracken(103) 166.
    ****
    Both of them are dead. A draw.
  Duel between Mallisters(36) -WIZ- and Moores(27) -WIZ- has begun.
    Jason Mallister(520) hit Mandon Moore(520) 181.
    Mandon Moore(339) hit Jason Mallister(520) 162.
    ****
    Jason Mallister(358) took 20 damage as DOT.
    Mandon Moore(339) took 20 damage as DOT.
    Jason Mallister(338) hit Mandon Moore(319) 181.
    Mandon Moore(138) hit Jason Mallister(338) 162.
    ****
    Jason Mallister(176) took 40 damage as DOT.
    Mandon Moore(138) took 40 damage as DOT.
    Jason Mallister(136) hit Mandon Moore(98) 181.
    Mandon Moore(-83) hit Jason Mallister(136) 162.
    ****
    Both of them are dead. A draw.
  Duel between Smallwoods(51) -WHI- and Waynwoods(24) -WIL- has begun.
    Theomar Smallwood(620) hit Anya Waynwood(495) 191.
    Anya Waynwood(304) hit Theomar Smallwood(620) 184.
    ****
    Theomar Smallwood(436) took 25 damage as DOT.
    Anya Waynwood(304) took 30 damage as DOT.
    Theomar Smallwood(411) hit Anya Waynwood(274) 191.
    Anya Waynwood(83) hit Theomar Smallwood(411) 184.
    ****
    Theomar Smallwood(227) took 50 damage as DOT.
    Anya Waynwood(83) took 60 damage as DOT.
    Theomar Smallwood(177) hit Anya Waynwood(23) 191.
    Anya Waynwood(-168) hit Theomar Smallwood(177) 184.
    ****
    Both of them are dead. A draw.
  Duel between House Bolton(55) -WHI- and House Arryn(32) -WIL- has begun.
    Walder Frey(695) hit Petry Baelish(470) 195.
    Petry Baelish(275) hit Walder Frey(695) 197.
    ****
    Walder Frey(498) took 25 damage as DOT.
    Petry Baelish(275) took 30 damage as DOT.
    Walder Frey(473) hit Petry Baelish(245) 195.
    Petry Baelish(50) hit Walder Frey(473) 197.
    ****
    Walder Frey(276) took 50 damage as DOT.
    Petry Baelish(50) took 60 damage as DOT.
    Walder Frey(226) hit Petry Baelish(-10) 195.
    Petry Baelish(-205) hit Walder Frey(226) 197.
    ****
    Walder Frey(29) has won.
  The Riverlands got 5 house points. The Vale of Arryn got 0 house points.

The winner is: The Riverlands with currently 3 kingdom points.
---------------
---------------
Duel 11: The Stormlands vs The Crownlands
  Duel between Tarths(23) -WIL- and Blounts(30) -WIZ- has begun.
    Brienne Tarth(530) hit Boros Blount(430) 173.
    Boros Blount(257) hit Brienne Tarth(530) 220.
    ****
    Brienne Tarth(310) took 20 damage as DOT.
    Boros Blount(257) took 25 damage as DOT.
    Brienne Tarth(290) hit Boros Blount(232) 173.
    Boros Blount(59) hit Brienne Tarth(290) 220.
    ****
    Brienne Tarth(70) took 40 damage as DOT.
    Boros Blount(59) took 50 damage as DOT.
    Brienne Tarth(30) hit Boros Blount(9) 173.
    Boros Blount(-164) hit Brienne Tarth(30) 220.
    ****
    Both of them are dead. A draw.
  Duel between Errols(24) -WIZ- and Rosbys(51) -WHI- has begun.
    Lord Errol(480) hit Gyles Rosby(655) 159.
    Gyles Rosby(496) hit Lord Errol(480) 231.
    ****
    Lord Errol(249) took 30 damage as DOT.
    Gyles Rosby(496) took 20 damage as DOT.
    Lord Errol(219) hit Gyles Rosby(476) 159.
    Gyles Rosby(317) hit Lord Errol(219) 231.
    ****
    Gyles Rosby(317) has won.
  Duel between Morrigens(36) -WIL- and Stokeworths(34) -WHI- has begun.
    Damon Morrigen(530) hit Tanda Stokeworth(580) 191.
    Tanda Stokeworth(389) hit Damon Morrigen(530) 214.
    ****
    Damon Morrigen(316) took 30 damage as DOT.
    Tanda Stokeworth(389) took 25 damage as DOT.
    Damon Morrigen(286) hit Tanda Stokeworth(364) 191.
    Tanda Stokeworth(173) hit Damon Morrigen(286) 214.
    ****
    Damon Morrigen(72) took 60 damage as DOT.
    Tanda Stokeworth(173) took 50 damage as DOT.
    Damon Morrigen(12) hit Tanda Stokeworth(123) 191.
    Tanda Stokeworth(-68) hit Damon Morrigen(12) 214.
    ****
    Both of them are dead. A draw.
  Duel between Tarths(23) -WIL- and Rosbys(54) -WHI- has begun.
    Brienne Tarth(530) hit Gyles Rosby(655) 173.
    Gyles Rosby(482) hit Brienne Tarth(530) 234.
    ****
    Brienne Tarth(296) took 30 damage as DOT.
    Gyles Rosby(482) took 25 damage as DOT.
    Brienne Tarth(266) hit Gyles Rosby(457) 173.
    Gyles Rosby(284) hit Brienne Tarth(266) 234.
    ****
    Brienne Tarth(32) took 60 damage as DOT.
    Gyles Rosby(284) took 50 damage as DOT.
    Brienne Tarth(-28) hit Gyles Rosby(234) 173.
    Gyles Rosby(61) hit Brienne Tarth(-28) 234.
    ****
    Gyles Rosby(61) has won.
  Duel between Errols(21) -WIZ- and Stokeworths(34) -WHI- has begun.
    Lord Errol(480) hit Tanda Stokeworth(580) 156.
    Tanda Stokeworth(424) hit Lord Errol(480) 214.
    ****
    Lord Errol(266) took 30 damage as DOT.
    Tanda Stokeworth(424) took 20 damage as DOT.
    Lord Errol(236) hit Tanda Stokeworth(404) 156.
    Tanda Stokeworth(248) hit Lord Errol(236) 214.
    ****
    Lord Errol(22) took 60 damage as DOT.
    Tanda Stokeworth(248) took 40 damage as DOT.
    Lord Errol(-38) hit Tanda Stokeworth(208) 156.
    Tanda Stokeworth(52) hit Lord Errol(-38) 214.
    ****
    Tanda Stokeworth(52) has won.
  Duel between Morrigens(36) -WIL- and Blounts(30) -WIZ- has begun.
    Damon Morrigen(530) hit Boros Blount(430) 191.
    Boros Blount(239) hit Damon Morrigen(530) 220.
    ****
    Damon Morrigen(310) took 20 damage as DOT.
    Boros Blount(239) took 25 damage as DOT.
    Damon Morrigen(290) hit Boros Blount(214) 191.
    Boros Blount(23) hit Damon Morrigen(290) 220.
    ****
    Damon Morrigen(70) took 40 damage as DOT.
    Boros Blount(23) took 50 damage as DOT.
    Damon Morrigen(30) hit Boros Blount(-27) 191.
    Boros Blount(-218) hit Damon Morrigen(30) 220.
    ****
    Both of them are dead. A draw.
  Duel between Tarths(20) -WIL- and Stokeworths(37) -WHI- has begun.
    Brienne Tarth(530) hit Tanda Stokeworth(580) 170.
    Tanda Stokeworth(410) hit Brienne Tarth(530) 217.
    ****
    Brienne Tarth(313) took 30 damage as DOT.
    Tanda Stokeworth(410) took 25 damage as DOT.
    Brienne Tarth(283) hit Tanda Stokeworth(385) 170.
    Tanda Stokeworth(215) hit Brienne Tarth(283) 217.
    ****
    Brienne Tarth(66) took 60 damage as DOT.
    Tanda Stokeworth(215) took 50 damage as DOT.
    Brienne Tarth(6) hit Tanda Stokeworth(165) 170.
    Tanda Stokeworth(-5) hit Brienne Tarth(6) 217.
    ****
    Both of them are dead. A draw.
  Duel between Errols(18) -WIZ- and Blounts(30) -WIZ- has begun.
    Lord Errol(480) hit Boros Blount(430) 153.
    Boros Blount(277) hit Lord Errol(480) 220.
    ****
    Lord Errol(260) took 20 damage as DOT.
    Boros Blount(277) took 20 damage as DOT.
    Lord Errol(240) hit Boros Blount(257) 153.
    Boros Blount(104) hit Lord Errol(240) 220.
    ****
    Lord Errol(20) took 40 damage as DOT.
    Boros Blount(104) took 40 damage as DOT.
    Lord Errol(-20) hit Boros Blount(64) 153.
    Boros Blount(-89) hit Lord Errol(-20) 220.
    ****
    Both of them are dead. A draw.
  Duel between Morrigens(36) -WIL- and Rosbys(57) -WHI- has begun.
    Damon Morrigen(530) hit Gyles Rosby(655) 191.
    Gyles Rosby(464) hit Damon Morrigen(530) 237.
    ****
    Damon Morrigen(293) took 30 damage as DOT.
    Gyles Rosby(464) took 25 damage as DOT.
    Damon Morrigen(263) hit Gyles Rosby(439) 191.
    Gyles Rosby(248) hit Damon Morrigen(263) 237.
    ****
    Damon Morrigen(26) took 60 damage as DOT.
    Gyles Rosby(248) took 50 damage as DOT.
    Damon Morrigen(-34) hit Gyles Rosby(198) 191.
    Gyles Rosby(7) hit Damon Morrigen(-34) 237.
    ****
    Gyles Rosby(7) has won.
  Duel between House Tyrell(60) -WHI- and House Baratheon(68) -WIZ- has begun.
    Stannis Baratheon(705) hit Aerys II Targaryen(505) 190.
    Aerys II Targaryen(315) hit Stannis Baratheon(705) 248.
    ****
    Stannis Baratheon(457) took 20 damage as DOT.
    Aerys II Targaryen(315) took 30 damage as DOT.
    Stannis Baratheon(437) hit Aerys II Targaryen(285) 190.
    Aerys II Targaryen(95) hit Stannis Baratheon(437) 248.
    ****
    Stannis Baratheon(189) took 40 damage as DOT.
    Aerys II Targaryen(95) took 60 damage as DOT.
    Stannis Baratheon(149) hit Aerys II Targaryen(35) 190.
    Aerys II Targaryen(-155) hit Stannis Baratheon(149) 248.
    ****
    Both of them are dead. A draw.
  The Stormlands got 0 house points. The Crownlands got 4 house points.

The winner is: The Crownlands with currently 4 kingdom points.
---------------
---------------
Duel 12: The North vs Dorne
  Duel between Ryswells(9) -WIZ- and Jordaynes(27) -WIL- has begun.
    Barbrey Ryswell(505) hit Trebor Jordayne(540) 134.
    Trebor Jordayne(406) hit Barbrey Ryswell(505) 172.
    ****
    Barbrey Ryswell(333) took 25 damage as DOT.
    Trebor Jordayne(406) took 20 damage as DOT.
    Barbrey Ryswell(308) hit Trebor Jordayne(386) 134.
    Trebor Jordayne(252) hit Barbrey Ryswell(308) 172.
    ****
    Barbrey Ryswell(136) took 50 damage as DOT.
    Trebor Jordayne(252) took 40 damage as DOT.
    Barbrey Ryswell(86) hit Trebor Jordayne(212) 134.
    Trebor Jordayne(78) hit Barbrey Ryswell(86) 172.
    ****
    Trebor Jordayne(78) has won.
  Duel between Dustins(24) -WIZ- and Daynes(27) -WIL- has begun.
    Barbrey Ryswell(555) hit Beric Dayne(465) 149.
    Beric Dayne(316) hit Barbrey Ryswell(555) 172.
    ****
    Barbrey Ryswell(383) took 25 damage as DOT.
    Beric Dayne(316) took 20 damage as DOT.
    Barbrey Ryswell(358) hit Beric Dayne(296) 149.
    Beric Dayne(147) hit Barbrey Ryswell(358) 172.
    ****
    Barbrey Ryswell(186) took 50 damage as DOT.
    Beric Dayne(147) took 40 damage as DOT.
    Barbrey Ryswell(136) hit Beric Dayne(107) 149.
    Beric Dayne(-42) hit Barbrey Ryswell(136) 172.
    ****
    Both of them are dead. A draw.
  Duel between Dormunds(6) -WIZ- and Manwoodys(22) -WHI- has begun.
    Marlin Dormund(505) hit Dagos Manwoody(640) 131.
    Dagos Manwoody(509) hit Marlin Dormund(505) 142.
    ****
    Marlin Dormund(363) took 30 damage as DOT.
    Dagos Manwoody(509) took 20 damage as DOT.
    Marlin Dormund(333) hit Dagos Manwoody(489) 131.
    Dagos Manwoody(358) hit Marlin Dormund(333) 142.
    ****
    Marlin Dormund(191) took 60 damage as DOT.
    Dagos Manwoody(358) took 40 damage as DOT.
    Marlin Dormund(131) hit Dagos Manwoody(318) 131.
    Dagos Manwoody(187) hit Marlin Dormund(131) 142.
    ****
    Dagos Manwoody(187) has won.
  Duel between Ryswells(6) -WIZ- and Daynes(27) -WIL- has begun.
    Barbrey Ryswell(505) hit Beric Dayne(465) 131.
    Beric Dayne(334) hit Barbrey Ryswell(505) 172.
    ****
    Barbrey Ryswell(333) took 25 damage as DOT.
    Beric Dayne(334) took 20 damage as DOT.
    Barbrey Ryswell(308) hit Beric Dayne(314) 131.
    Beric Dayne(183) hit Barbrey Ryswell(308) 172.
    ****
    Barbrey Ryswell(136) took 50 damage as DOT.
    Beric Dayne(183) took 40 damage as DOT.
    Barbrey Ryswell(86) hit Beric Dayne(143) 131.
    Beric Dayne(12) hit Barbrey Ryswell(86) 172.
    ****
    Beric Dayne(12) has won.
  Duel between Dustins(24) -WIZ- and Manwoodys(25) -WHI- has begun.
    Barbrey Ryswell(555) hit Dagos Manwoody(640) 149.
    Dagos Manwoody(491) hit Barbrey Ryswell(555) 145.
    ****
    Barbrey Ryswell(410) took 30 damage as DOT.
    Dagos Manwoody(491) took 20 damage as DOT.
    Barbrey Ryswell(380) hit Dagos Manwoody(471) 149.
    Dagos Manwoody(322) hit Barbrey Ryswell(380) 145.
    ****
    Barbrey Ryswell(235) took 60 damage as DOT.
    Dagos Manwoody(322) took 40 damage as DOT.
    Barbrey Ryswell(175) hit Dagos Manwoody(282) 149.
    Dagos Manwoody(133) hit Barbrey Ryswell(175) 145.
    ****
    Barbrey Ryswell(30) took 90 damage as DOT.
    Dagos Manwoody(133) took 60 damage as DOT.
    Barbrey Ryswell(-60) hit Dagos Manwoody(73) 149.
    Dagos Manwoody(-76) hit Barbrey Ryswell(-60) 145.
    ****
    Both of them are dead. A draw.
  Duel between Dormunds(3) -WIZ- and Jordaynes(30) -WIL- has begun.
    Marlin Dormund(505) hit Trebor Jordayne(540) 128.
    Trebor Jordayne(412) hit Marlin Dormund(505) 175.
    ****
    Marlin Dormund(330) took 25 damage as DOT.
    Trebor Jordayne(412) took 20 damage as DOT.
    Marlin Dormund(305) hit Trebor Jordayne(392) 128.
    Trebor Jordayne(264) hit Marlin Dormund(305) 175.
    ****
    Marlin Dormund(130) took 50 damage as DOT.
    Trebor Jordayne(264) took 40 damage as DOT.
    Marlin Dormund(80) hit Trebor Jordayne(224) 128.
    Trebor Jordayne(96) hit Marlin Dormund(80) 175.
    ****
    Trebor Jordayne(96) has won.
  Duel between Ryswells(3) -WIZ- and Manwoodys(25) -WHI- has begun.
    Barbrey Ryswell(505) hit Dagos Manwoody(640) 128.
    Dagos Manwoody(512) hit Barbrey Ryswell(505) 145.
    ****
    Barbrey Ryswell(360) took 30 damage as DOT.
    Dagos Manwoody(512) took 20 damage as DOT.
    Barbrey Ryswell(330) hit Dagos Manwoody(492) 128.
    Dagos Manwoody(364) hit Barbrey Ryswell(330) 145.
    ****
    Barbrey Ryswell(185) took 60 damage as DOT.
    Dagos Manwoody(364) took 40 damage as DOT.
    Barbrey Ryswell(125) hit Dagos Manwoody(324) 128.
    Dagos Manwoody(196) hit Barbrey Ryswell(125) 145.
    ****
    Dagos Manwoody(196) has won.
  Duel between Dustins(24) -WIZ- and Jordaynes(33) -WIL- has begun.
    Barbrey Ryswell(555) hit Trebor Jordayne(540) 149.
    Trebor Jordayne(391) hit Barbrey Ryswell(555) 178.
    ****
    Barbrey Ryswell(377) took 25 damage as DOT.
    Trebor Jordayne(391) took 20 damage as DOT.
    Barbrey Ryswell(352) hit Trebor Jordayne(371) 149.
    Trebor Jordayne(222) hit Barbrey Ryswell(352) 178.
    ****
    Barbrey Ryswell(174) took 50 damage as DOT.
    Trebor Jordayne(222) took 40 damage as DOT.
    Barbrey Ryswell(124) hit Trebor Jordayne(182) 149.
    Trebor Jordayne(33) hit Barbrey Ryswell(124) 178.
    ****
    Trebor Jordayne(33) has won.
  Duel between Dormunds(0) -WIZ- and Daynes(30) -WIL- has begun.
    Marlin Dormund(505) hit Beric Dayne(465) 125.
    Beric Dayne(340) hit Marlin Dormund(505) 175.
    ****
    Marlin Dormund(330) took 25 damage as DOT.
    Beric Dayne(340) took 20 damage as DOT.
    Marlin Dormund(305) hit Beric Dayne(320) 125.
    Beric Dayne(195) hit Marlin Dormund(305) 175.
    ****
    Marlin Dormund(130) took 50 damage as DOT.
    Beric Dayne(195) took 40 damage as DOT.
    Marlin Dormund(80) hit Beric Dayne(155) 125.
    Beric Dayne(30) hit Marlin Dormund(80) 175.
    ****
    Beric Dayne(30) has won.
  Duel between House Stark(40) -WIZ- and House Martell(37) -WIZ- has begun.
    Robb Stark(555) hit Trystane Martell(490) 175.
    Trystane Martell(315) hit Robb Stark(555) 167.
    ****
    Robb Stark(388) took 20 damage as DOT.
    Trystane Martell(315) took 20 damage as DOT.
    Robb Stark(368) hit Trystane Martell(295) 175.
    Trystane Martell(120) hit Robb Stark(368) 167.
    ****
    Robb Stark(201) took 40 damage as DOT.
    Trystane Martell(120) took 40 damage as DOT.
    Robb Stark(161) hit Trystane Martell(80) 175.
    Trystane Martell(-95) hit Robb Stark(161) 167.
    ****
    Both of them are dead. A draw.
  The North got 0 house points. Dorne got 7 house points.

The winner is: Dorne with currently 2 kingdom points.
---------------
---------------
Duel 13: The Riverlands vs The Crownlands
  Duel between Brackens(33) -WIZ- and Blounts(30) -WIZ- has begun.
    Jonos Bracken(495) hit Boros Blount(430) 173.
    Boros Blount(257) hit Jonos Bracken(495) 220.
    ****
    Jonos Bracken(275) took 20 damage as DOT.
    Boros Blount(257) took 20 damage as DOT.
    Jonos Bracken(255) hit Boros Blount(237) 173.
    Boros Blount(64) hit Jonos Bracken(255) 220.
    ****
    Jonos Bracken(35) took 40 damage as DOT.
    Boros Blount(64) took 40 damage as DOT.
    Jonos Bracken(-5) hit Boros Blount(24) 173.
    Boros Blount(-149) hit Jonos Bracken(-5) 220.
    ****
    Both of them are dead. A draw.
  Duel between Mallisters(36) -WIZ- and Rosbys(60) -WHI- has begun.
    Jason Mallister(520) hit Gyles Rosby(655) 181.
    Gyles Rosby(474) hit Jason Mallister(520) 240.
    ****
    Jason Mallister(280) took 30 damage as DOT.
    Gyles Rosby(474) took 20 damage as DOT.
    Jason Mallister(250) hit Gyles Rosby(454) 181.
    Gyles Rosby(273) hit Jason Mallister(250) 240.
    ****
    Jason Mallister(10) took 60 damage as DOT.
    Gyles Rosby(273) took 40 damage as DOT.
    Jason Mallister(-50) hit Gyles Rosby(233) 181.
    Gyles Rosby(52) hit Jason Mallister(-50) 240.
    ****
    Gyles Rosby(52) has won.
  Duel between Smallwoods(51) -WHI- and Stokeworths(37) -WHI- has begun.
    Theomar Smallwood(620) hit Tanda Stokeworth(580) 191.
    Tanda Stokeworth(389) hit Theomar Smallwood(620) 217.
    ****
    Theomar Smallwood(403) took 30 damage as DOT.
    Tanda Stokeworth(389) took 30 damage as DOT.
    Theomar Smallwood(373) hit Tanda Stokeworth(359) 191.
    Tanda Stokeworth(168) hit Theomar Smallwood(373) 217.
    ****
    Theomar Smallwood(156) took 60 damage as DOT.
    Tanda Stokeworth(168) took 60 damage as DOT.
    Theomar Smallwood(96) hit Tanda Stokeworth(108) 191.
    Tanda Stokeworth(-83) hit Theomar Smallwood(96) 217.
    ****
    Both of them are dead. A draw.
  Duel between Brackens(33) -WIZ- and Rosbys(60) -WHI- has begun.
    Jonos Bracken(495) hit Gyles Rosby(655) 173.
    Gyles Rosby(482) hit Jonos Bracken(495) 240.
    ****
    Jonos Bracken(255) took 30 damage as DOT.
    Gyles Rosby(482) took 20 damage as DOT.
    Jonos Bracken(225) hit Gyles Rosby(462) 173.
    Gyles Rosby(289) hit Jonos Bracken(225) 240.
    ****
    Gyles Rosby(289) has won.
  Duel between Mallisters(33) -WIZ- and Stokeworths(37) -WHI- has begun.
    Jason Mallister(520) hit Tanda Stokeworth(580) 178.
    Tanda Stokeworth(402) hit Jason Mallister(520) 217.
    ****
    Jason Mallister(303) took 30 damage as DOT.
    Tanda Stokeworth(402) took 20 damage as DOT.
    Jason Mallister(273) hit Tanda Stokeworth(382) 178.
    Tanda Stokeworth(204) hit Jason Mallister(273) 217.
    ****
    Jason Mallister(56) took 60 damage as DOT.
    Tanda Stokeworth(204) took 40 damage as DOT.
    Jason Mallister(-4) hit Tanda Stokeworth(164) 178.
    Tanda Stokeworth(-14) hit Jason Mallister(-4) 217.
    ****
    Both of them are dead. A draw.
  Duel between Smallwoods(51) -WHI- and Blounts(30) -WIZ- has begun.
    Theomar Smallwood(620) hit Boros Blount(430) 191.
    Boros Blount(239) hit Theomar Smallwood(620) 220.
    ****
    Theomar Smallwood(400) took 20 damage as DOT.
    Boros Blount(239) took 30 damage as DOT.
    Theomar Smallwood(380) hit Boros Blount(209) 191.
    Boros Blount(18) hit Theomar Smallwood(380) 220.
    ****
    Theomar Smallwood(160) took 40 damage as DOT.
    Boros Blount(18) took 60 damage as DOT.
    Theomar Smallwood(120) hit Boros Blount(-42) 191.
    Boros Blount(-233) hit Theomar Smallwood(120) 220.
    ****
    Both of them are dead. A draw.
  Duel between Brackens(30) -WIZ- and Stokeworths(37) -WHI- has begun.
    Jonos Bracken(495) hit Tanda Stokeworth(580) 170.
    Tanda Stokeworth(410) hit Jonos Bracken(495) 217.
    ****
    Jonos Bracken(278) took 30 damage as DOT.
    Tanda Stokeworth(410) took 20 damage as DOT.
    Jonos Bracken(248) hit Tanda Stokeworth(390) 170.
    Tanda Stokeworth(220) hit Jonos Bracken(248) 217.
    ****
    Jonos Bracken(31) took 60 damage as DOT.
    Tanda Stokeworth(220) took 40 damage as DOT.
    Jonos Bracken(-29) hit Tanda Stokeworth(180) 170.
    Tanda Stokeworth(10) hit Jonos Bracken(-29) 217.
    ****
    Tanda Stokeworth(10) has won.
  Duel between Mallisters(33) -WIZ- and Blounts(30) -WIZ- has begun.
    Jason Mallister(520) hit Boros Blount(430) 178.
    Boros Blount(252) hit Jason Mallister(520) 220.
    ****
    Jason Mallister(300) took 20 damage as DOT.
    Boros Blount(252) took 20 damage as DOT.
    Jason Mallister(280) hit Boros Blount(232) 178.
    Boros Blount(54) hit Jason Mallister(280) 220.
    ****
    Jason Mallister(60) took 40 damage as DOT.
    Boros Blount(54) took 40 damage as DOT.
    Jason Mallister(20) hit Boros Blount(14) 178.
    Boros Blount(-164) hit Jason Mallister(20) 220.
    ****
    Both of them are dead. A draw.
  Duel between Smallwoods(51) -WHI- and Rosbys(60) -WHI- has begun.
    Theomar Smallwood(620) hit Gyles Rosby(655) 191.
    Gyles Rosby(464) hit Theomar Smallwood(620) 240.
    ****
    Theomar Smallwood(380) took 30 damage as DOT.
    Gyles Rosby(464) took 30 damage as DOT.
    Theomar Smallwood(350) hit Gyles Rosby(434) 191.
    Gyles Rosby(243) hit Theomar Smallwood(350) 240.
    ****
    Theomar Smallwood(110) took 60 damage as DOT.
    Gyles Rosby(243) took 60 damage as DOT.
    Theomar Smallwood(50) hit Gyles Rosby(183) 191.
    Gyles Rosby(-8) hit Theomar Smallwood(50) 240.
    ****
    Both of them are dead. A draw.
  Duel between House Bolton(60) -WHI- and House Baratheon(68) -WIZ- has begun.
    Walder Frey(695) hit Aerys II Targaryen(505) 200.
    Aerys II Targaryen(305) hit Walder Frey(695) 248.
    ****
    Walder Frey(447) took 20 damage as DOT.
    Aerys II Targaryen(305) took 30 damage as DOT.
    Walder Frey(427) hit Aerys II Targaryen(275) 200.
    Aerys II Targaryen(75) hit Walder Frey(427) 248.
    ****
    Walder Frey(179) took 40 damage as DOT.
    Aerys II Targaryen(75) took 60 damage as DOT.
    Walder Frey(139) hit Aerys II Targaryen(15) 200.
    Aerys II Targaryen(-185) hit Walder Frey(139) 248.
    ****
    Both of them are dead. A draw.
  The Riverlands got 0 house points. The Crownlands got 3 house points.

The winner is: The Crownlands with currently 5 kingdom points.
---------------
---------------
Duel 14: The Stormlands vs Dorne
  Duel between Tarths(20) -WIL- and Jordaynes(36) -WIL- has begun.
    Brienne Tarth(530) hit Trebor Jordayne(540) 170.
    Trebor Jordayne(370) hit Brienne Tarth(530) 181.
    ****
    Brienne Tarth(349) took 25 damage as DOT.
    Trebor Jordayne(370) took 25 damage as DOT.
    Brienne Tarth(324) hit Trebor Jordayne(345) 170.
    Trebor Jordayne(175) hit Brienne Tarth(324) 181.
    ****
    Brienne Tarth(143) took 50 damage as DOT.
    Trebor Jordayne(175) took 50 damage as DOT.
    Brienne Tarth(93) hit Trebor Jordayne(125) 170.
    Trebor Jordayne(-45) hit Brienne Tarth(93) 181.
    ****
    Both of them are dead. A draw.
  Duel between Errols(18) -WIZ- and Daynes(33) -WIL- has begun.
    Lord Errol(480) hit Beric Dayne(465) 153.
    Beric Dayne(312) hit Lord Errol(480) 178.
    ****
    Lord Errol(302) took 25 damage as DOT.
    Beric Dayne(312) took 20 damage as DOT.
    Lord Errol(277) hit Beric Dayne(292) 153.
    Beric Dayne(139) hit Lord Errol(277) 178.
    ****
    Lord Errol(99) took 50 damage as DOT.
    Beric Dayne(139) took 40 damage as DOT.
    Lord Errol(49) hit Beric Dayne(99) 153.
    Beric Dayne(-54) hit Lord Errol(49) 178.
    ****
    Both of them are dead. A draw.
  Duel between Morrigens(33) -WIL- and Manwoodys(28) -WHI- has begun.
    Damon Morrigen(530) hit Dagos Manwoody(640) 188.
    Dagos Manwoody(452) hit Damon Morrigen(530) 148.
    ****
    Damon Morrigen(382) took 30 damage as DOT.
    Dagos Manwoody(452) took 25 damage as DOT.
    Damon Morrigen(352) hit Dagos Manwoody(427) 188.
    Dagos Manwoody(239) hit Damon Morrigen(352) 148.
    ****
    Damon Morrigen(204) took 60 damage as DOT.
    Dagos Manwoody(239) took 50 damage as DOT.
    Damon Morrigen(144) hit Dagos Manwoody(189) 188.
    Dagos Manwoody(1) hit Damon Morrigen(144) 148.
    ****
    Dagos Manwoody(1) has won.
  Duel between Tarths(20) -WIL- and Daynes(33) -WIL- has begun.
    Brienne Tarth(530) hit Beric Dayne(465) 170.
    Beric Dayne(295) hit Brienne Tarth(530) 178.
    ****
    Brienne Tarth(352) took 25 damage as DOT.
    Beric Dayne(295) took 25 damage as DOT.
    Brienne Tarth(327) hit Beric Dayne(270) 170.
    Beric Dayne(100) hit Brienne Tarth(327) 178.
    ****
    Brienne Tarth(149) took 50 damage as DOT.
    Beric Dayne(100) took 50 damage as DOT.
    Brienne Tarth(99) hit Beric Dayne(50) 170.
    Beric Dayne(-120) hit Brienne Tarth(99) 178.
    ****
    Both of them are dead. A draw.
  Duel between Errols(18) -WIZ- and Manwoodys(26) -WHI- has begun.
    Lord Errol(480) hit Dagos Manwoody(640) 153.
    Dagos Manwoody(487) hit Lord Errol(480) 146.
    ****
    Lord Errol(334) took 30 damage as DOT.
    Dagos Manwoody(487) took 20 damage as DOT.
    Lord Errol(304) hit Dagos Manwoody(467) 153.
    Dagos Manwoody(314) hit Lord Errol(304) 146.
    ****
    Lord Errol(158) took 60 damage as DOT.
    Dagos Manwoody(314) took 40 damage as DOT.
    Lord Errol(98) hit Dagos Manwoody(274) 153.
    Dagos Manwoody(121) hit Lord Errol(98) 146.
    ****
    Dagos Manwoody(121) has won.
  Duel between Morrigens(30) -WIL- and Jordaynes(36) -WIL- has begun.
    Damon Morrigen(530) hit Trebor Jordayne(540) 185.
    Trebor Jordayne(355) hit Damon Morrigen(530) 181.
    ****
    Damon Morrigen(349) took 25 damage as DOT.
    Trebor Jordayne(355) took 25 damage as DOT.
    Damon Morrigen(324) hit Trebor Jordayne(330) 185.
    Trebor Jordayne(145) hit Damon Morrigen(324) 181.
    ****
    Damon Morrigen(143) took 50 damage as DOT.
    Trebor Jordayne(145) took 50 damage as DOT.
    Damon Morrigen(93) hit Trebor Jordayne(95) 185.
    Trebor Jordayne(-90) hit Damon Morrigen(93) 181.
    ****
    Both of them are dead. A draw.
  Duel between Tarths(20) -WIL- and Manwoodys(29) -WHI- has begun.
    Brienne Tarth(530) hit Dagos Manwoody(640) 170.
    Dagos Manwoody(470) hit Brienne Tarth(530) 149.
    ****
    Brienne Tarth(381) took 30 damage as DOT.
    Dagos Manwoody(470) took 25 damage as DOT.
    Brienne Tarth(351) hit Dagos Manwoody(445) 170.
    Dagos Manwoody(275) hit Brienne Tarth(351) 149.
    ****
    Brienne Tarth(202) took 60 damage as DOT.
    Dagos Manwoody(275) took 50 damage as DOT.
    Brienne Tarth(142) hit Dagos Manwoody(225) 170.
    Dagos Manwoody(55) hit Brienne Tarth(142) 149.
    ****
    Dagos Manwoody(55) has won.
  Duel between Errols(15) -WIZ- and Jordaynes(36) -WIL- has begun.
    Lord Errol(480) hit Trebor Jordayne(540) 150.
    Trebor Jordayne(390) hit Lord Errol(480) 181.
    ****
    Lord Errol(299) took 25 damage as DOT.
    Trebor Jordayne(390) took 20 damage as DOT.
    Lord Errol(274) hit Trebor Jordayne(370) 150.
    Trebor Jordayne(220) hit Lord Errol(274) 181.
    ****
    Lord Errol(93) took 50 damage as DOT.
    Trebor Jordayne(220) took 40 damage as DOT.
    Lord Errol(43) hit Trebor Jordayne(180) 150.
    Trebor Jordayne(30) hit Lord Errol(43) 181.
    ****
    Trebor Jordayne(30) has won.
  Duel between Morrigens(30) -WIL- and Daynes(33) -WIL- has begun.
    Damon Morrigen(530) hit Beric Dayne(465) 185.
    Beric Dayne(280) hit Damon Morrigen(530) 178.
    ****
    Damon Morrigen(352) took 25 damage as DOT.
    Beric Dayne(280) took 25 damage as DOT.
    Damon Morrigen(327) hit Beric Dayne(255) 185.
    Beric Dayne(70) hit Damon Morrigen(327) 178.
    ****
    Damon Morrigen(149) took 50 damage as DOT.
    Beric Dayne(70) took 50 damage as DOT.
    Damon Morrigen(99) hit Beric Dayne(20) 185.
    Beric Dayne(-165) hit Damon Morrigen(99) 178.
    ****
    Both of them are dead. A draw.
  Duel between House Tyrell(60) -WHI- and House Martell(37) -WIZ- has begun.
    Stannis Baratheon(705) hit Trystane Martell(490) 190.
    Trystane Martell(300) hit Stannis Baratheon(705) 167.
    ****
    Stannis Baratheon(538) took 20 damage as DOT.
    Trystane Martell(300) took 30 damage as DOT.
    Stannis Baratheon(518) hit Trystane Martell(270) 190.
    Trystane Martell(80) hit Stannis Baratheon(518) 167.
    ****
    Stannis Baratheon(351) took 40 damage as DOT.
    Trystane Martell(80) took 60 damage as DOT.
    Stannis Baratheon(311) hit Trystane Martell(20) 190.
    Trystane Martell(-170) hit Stannis Baratheon(311) 167.
    ****
    Stannis Baratheon(144) has won.
  The Stormlands got 3 house points. Dorne got 4 house points.

The winner is: Dorne with currently 3 kingdom points.
---------------
---------------
Duel 15: The Riverlands vs Dorne
  Duel between Brackens(27) -WIZ- and Jordaynes(39) -WIL- has begun.
    Jonos Bracken(495) hit Trebor Jordayne(540) 167.
    Trebor Jordayne(373) hit Jonos Bracken(495) 184.
    ****
    Jonos Bracken(311) took 25 damage as DOT.
    Trebor Jordayne(373) took 20 damage as DOT.
    Jonos Bracken(286) hit Trebor Jordayne(353) 167.
    Trebor Jordayne(186) hit Jonos Bracken(286) 184.
    ****
    Jonos Bracken(102) took 50 damage as DOT.
    Trebor Jordayne(186) took 40 damage as DOT.
    Jonos Bracken(52) hit Trebor Jordayne(146) 167.
    Trebor Jordayne(-21) hit Jonos Bracken(52) 184.
    ****
    Both of them are dead. A draw.
  Duel between Mallisters(33) -WIZ- and Daynes(33) -WIL- has begun.
    Jason Mallister(520) hit Beric Dayne(465) 178.
    Beric Dayne(287) hit Jason Mallister(520) 178.
    ****
    Jason Mallister(342) took 25 damage as DOT.
    Beric Dayne(287) took 20 damage as DOT.
    Jason Mallister(317) hit Beric Dayne(267) 178.
    Beric Dayne(89) hit Jason Mallister(317) 178.
    ****
    Jason Mallister(139) took 50 damage as DOT.
    Beric Dayne(89) took 40 damage as DOT.
    Jason Mallister(89) hit Beric Dayne(49) 178.
    Beric Dayne(-129) hit Jason Mallister(89) 178.
    ****
    Both of them are dead. A draw.
  Duel between Smallwoods(51) -WHI- and Manwoodys(32) -WHI- has begun.
    Theomar Smallwood(620) hit Dagos Manwoody(640) 191.
    Dagos Manwoody(449) hit Theomar Smallwood(620) 152.
    ****
    Theomar Smallwood(468) took 30 damage as DOT.
    Dagos Manwoody(449) took 30 damage as DOT.
    Theomar Smallwood(438) hit Dagos Manwoody(419) 191.
    Dagos Manwoody(228) hit Theomar Smallwood(438) 152.
    ****
    Theomar Smallwood(286) took 60 damage as DOT.
    Dagos Manwoody(228) took 60 damage as DOT.
    Theomar Smallwood(226) hit Dagos Manwoody(168) 191.
    Dagos Manwoody(-23) hit Theomar Smallwood(226) 152.
    ****
    Theomar Smallwood(74) has won.
  Duel between Brackens(27) -WIZ- and Daynes(33) -WIL- has begun.
    Jonos Bracken(495) hit Beric Dayne(465) 167.
    Beric Dayne(298) hit Jonos Bracken(495) 178.
    ****
    Jonos Bracken(317) took 25 damage as DOT.
    Beric Dayne(298) took 20 damage as DOT.
    Jonos Bracken(292) hit Beric Dayne(278) 167.
    Beric Dayne(111) hit Jonos Bracken(292) 178.
    ****
    Jonos Bracken(114) took 50 damage as DOT.
    Beric Dayne(111) took 40 damage as DOT.
    Jonos Bracken(64) hit Beric Dayne(71) 167.
    Beric Dayne(-96) hit Jonos Bracken(64) 178.
    ****
    Both of them are dead. A draw.
  Duel between Mallisters(33) -WIZ- and Manwoodys(29) -WHI- has begun.
    Jason Mallister(520) hit Dagos Manwoody(640) 178.
    Dagos Manwoody(462) hit Jason Mallister(520) 149.
    ****
    Jason Mallister(371) took 30 damage as DOT.
    Dagos Manwoody(462) took 20 damage as DOT.
    Jason Mallister(341) hit Dagos Manwoody(442) 178.
    Dagos Manwoody(264) hit Jason Mallister(341) 149.
    ****
    Jason Mallister(192) took 60 damage as DOT.
    Dagos Manwoody(264) took 40 damage as DOT.
    Jason Mallister(132) hit Dagos Manwoody(224) 178.
    Dagos Manwoody(46) hit Jason Mallister(132) 149.
    ****
    Dagos Manwoody(46) has won.
  Duel between Smallwoods(54) -WHI- and Jordaynes(39) -WIL- has begun.
    Theomar Smallwood(620) hit Trebor Jordayne(540) 194.
    Trebor Jordayne(346) hit Theomar Smallwood(620) 184.
    ****
    Theomar Smallwood(436) took 25 damage as DOT.
    Trebor Jordayne(346) took 30 damage as DOT.
    Theomar Smallwood(411) hit Trebor Jordayne(316) 194.
    Trebor Jordayne(122) hit Theomar Smallwood(411) 184.
    ****
    Theomar Smallwood(227) took 50 damage as DOT.
    Trebor Jordayne(122) took 60 damage as DOT.
    Theomar Smallwood(177) hit Trebor Jordayne(62) 194.
    Trebor Jordayne(-132) hit Theomar Smallwood(177) 184.
    ****
    Both of them are dead. A draw.
  Duel between Brackens(27) -WIZ- and Manwoodys(27) -WHI- has begun.
    Jonos Bracken(495) hit Dagos Manwoody(640) 167.
    Dagos Manwoody(473) hit Jonos Bracken(495) 147.
    ****
    Jonos Bracken(348) took 30 damage as DOT.
    Dagos Manwoody(473) took 20 damage as DOT.
    Jonos Bracken(318) hit Dagos Manwoody(453) 167.
    Dagos Manwoody(286) hit Jonos Bracken(318) 147.
    ****
    Jonos Bracken(171) took 60 damage as DOT.
    Dagos Manwoody(286) took 40 damage as DOT.
    Jonos Bracken(111) hit Dagos Manwoody(246) 167.
    Dagos Manwoody(79) hit Jonos Bracken(111) 147.
    ****
    Dagos Manwoody(79) has won.
  Duel between Mallisters(30) -WIZ- and Jordaynes(39) -WIL- has begun.
    Jason Mallister(520) hit Trebor Jordayne(540) 175.
    Trebor Jordayne(365) hit Jason Mallister(520) 184.
    ****
    Jason Mallister(336) took 25 damage as DOT.
    Trebor Jordayne(365) took 20 damage as DOT.
    Jason Mallister(311) hit Trebor Jordayne(345) 175.
    Trebor Jordayne(170) hit Jason Mallister(311) 184.
    ****
    Jason Mallister(127) took 50 damage as DOT.
    Trebor Jordayne(170) took 40 damage as DOT.
    Jason Mallister(77) hit Trebor Jordayne(130) 175.
    Trebor Jordayne(-45) hit Jason Mallister(77) 184.
    ****
    Both of them are dead. A draw.
  Duel between Smallwoods(54) -WHI- and Daynes(33) -WIL- has begun.
    Theomar Smallwood(620) hit Beric Dayne(465) 194.
    Beric Dayne(271) hit Theomar Smallwood(620) 178.
    ****
    Theomar Smallwood(442) took 25 damage as DOT.
    Beric Dayne(271) took 30 damage as DOT.
    Theomar Smallwood(417) hit Beric Dayne(241) 194.
    Beric Dayne(47) hit Theomar Smallwood(417) 178.
    ****
    Theomar Smallwood(239) took 50 damage as DOT.
    Beric Dayne(47) took 60 damage as DOT.
    Theomar Smallwood(189) hit Beric Dayne(-13) 194.
    Beric Dayne(-207) hit Theomar Smallwood(189) 178.
    ****
    Theomar Smallwood(11) has won.
  Duel between House Bolton(60) -WHI- and House Martell(32) -WIZ- has begun.
    Walder Frey(695) hit Trystane Martell(490) 200.
    Trystane Martell(290) hit Walder Frey(695) 162.
    ****
    Walder Frey(533) took 20 damage as DOT.
    Trystane Martell(290) took 30 damage as DOT.
    Walder Frey(513) hit Trystane Martell(260) 200.
    Trystane Martell(60) hit Walder Frey(513) 162.
    ****
    Walder Frey(351) took 40 damage as DOT.
    Trystane Martell(60) took 60 damage as DOT.
    Walder Frey(311) hit Trystane Martell(0) 200.
    Trystane Martell(-200) hit Walder Frey(311) 162.
    ****
    Walder Frey(149) has won.
  The Riverlands got 5 house points. Dorne got 2 house points.

The winner is: The Riverlands with currently 4 kingdom points.
---------------
The War is over. The new owner of King's Landing is The Crownlands with a total of 5 points.

