War has started with 2 kingdoms.
---------------
Duel 1: The Iron Islands vs The Vale of Arryn
  Duel between Botleys(30) -WIZ- and Moores(30) -WHI- has begun.
    Sawane Botley(475) hit Mandon Moore(650) 190.
    Mandon Moore(460) hit Sawane Botley(475) 120.
    ****
    Sawane Botley(355) took 30 damage as DOT.
    Mandon Moore(460) took 20 damage as DOT.
    Sawane Botley(325) hit Mandon Moore(440) 190.
    Mandon Moore(250) hit Sawane Botley(325) 120.
    ****
    Sawane Botley(205) took 60 damage as DOT.
    Mandon Moore(250) took 40 damage as DOT.
    Sawane Botley(145) hit Mandon Moore(210) 190.
    Mandon Moore(20) hit Sawane Botley(145) 120.
    ****
    Sawane Botley(25) took 90 damage as DOT.
    Mandon Moore(20) took 60 damage as DOT.
    Sawane Botley(-65) hit Mandon Moore(-40) 190.
    Mandon Moore(-230) hit Sawane Botley(-65) 120.
    ****
    Both of them are dead. A draw.
  Duel between Kennings(30) -WHI- and Corbrays(30) -WIZ- has begun.
    Ralf Kenning(600) hit Vance Corbray(475) 190.
    Vance Corbray(285) hit Ralf Kenning(600) 125.
    ****
    Ralf Kenning(475) took 20 damage as DOT.
    Vance Corbray(285) took 30 damage as DOT.
    Ralf Kenning(455) hit Vance Corbray(255) 190.
    Vance Corbray(65) hit Ralf Kenning(455) 125.
    ****
    Ralf Kenning(330) took 40 damage as DOT.
    Vance Corbray(65) took 60 damage as DOT.
    Ralf Kenning(290) hit Vance Corbray(5) 190.
    Vance Corbray(-185) hit Ralf Kenning(290) 125.
    ****
    Ralf Kenning(165) has won.
  Duel between Merlyns(30) -WIL- and Hunters(30) -WIZ- has begun.
    Meldred Merlyn(425) hit Eon Hunter(525) 215.
    Eon Hunter(310) hit Meldred Merlyn(425) 130.
    ****
    Meldred Merlyn(295) took 20 damage as DOT.
    Eon Hunter(310) took 25 damage as DOT.
    Meldred Merlyn(275) hit Eon Hunter(285) 215.
    Eon Hunter(70) hit Meldred Merlyn(275) 130.
    ****
    Meldred Merlyn(145) took 40 damage as DOT.
    Eon Hunter(70) took 50 damage as DOT.
    Meldred Merlyn(105) hit Eon Hunter(20) 215.
    Eon Hunter(-195) hit Meldred Merlyn(105) 130.
    ****
    Both of them are dead. A draw.
  Duel between Botleys(30) -WIZ- and Corbrays(27) -WIZ- has begun.
    Sawane Botley(475) hit Vance Corbray(475) 190.
    Vance Corbray(285) hit Sawane Botley(475) 122.
    ****
    Sawane Botley(353) took 20 damage as DOT.
    Vance Corbray(285) took 20 damage as DOT.
    Sawane Botley(333) hit Vance Corbray(265) 190.
    Vance Corbray(75) hit Sawane Botley(333) 122.
    ****
    Sawane Botley(211) took 40 damage as DOT.
    Vance Corbray(75) took 40 damage as DOT.
    Sawane Botley(171) hit Vance Corbray(35) 190.
    Vance Corbray(-155) hit Sawane Botley(171) 122.
    ****
    Sawane Botley(49) has won.
  Duel between Kennings(33) -WHI- and Hunters(30) -WIZ- has begun.
    Ralf Kenning(600) hit Eon Hunter(525) 193.
    Eon Hunter(332) hit Ralf Kenning(600) 130.
    ****
    Ralf Kenning(470) took 20 damage as DOT.
    Eon Hunter(332) took 30 damage as DOT.
    Ralf Kenning(450) hit Eon Hunter(302) 193.
    Eon Hunter(109) hit Ralf Kenning(450) 130.
    ****
    Ralf Kenning(320) took 40 damage as DOT.
    Eon Hunter(109) took 60 damage as DOT.
    Ralf Kenning(280) hit Eon Hunter(49) 193.
    Eon Hunter(-144) hit Ralf Kenning(280) 130.
    ****
    Ralf Kenning(150) has won.
  Duel between Merlyns(30) -WIL- and Moores(30) -WHI- has begun.
    Meldred Merlyn(425) hit Mandon Moore(650) 215.
    Mandon Moore(435) hit Meldred Merlyn(425) 120.
    ****
    Meldred Merlyn(305) took 30 damage as DOT.
    Mandon Moore(435) took 25 damage as DOT.
    Meldred Merlyn(275) hit Mandon Moore(410) 215.
    Mandon Moore(195) hit Meldred Merlyn(275) 120.
    ****
    Meldred Merlyn(155) took 60 damage as DOT.
    Mandon Moore(195) took 50 damage as DOT.
    Meldred Merlyn(95) hit Mandon Moore(145) 215.
    Mandon Moore(-70) hit Meldred Merlyn(95) 120.
    ****
    Both of them are dead. A draw.
  Duel between Botleys(33) -WIZ- and Hunters(27) -WIZ- has begun.
    Sawane Botley(475) hit Eon Hunter(525) 193.
    Eon Hunter(332) hit Sawane Botley(475) 127.
    ****
    Sawane Botley(348) took 20 damage as DOT.
    Eon Hunter(332) took 20 damage as DOT.
    Sawane Botley(328) hit Eon Hunter(312) 193.
    Eon Hunter(119) hit Sawane Botley(328) 127.
    ****
    Sawane Botley(201) took 40 damage as DOT.
    Eon Hunter(119) took 40 damage as DOT.
    Sawane Botley(161) hit Eon Hunter(79) 193.
    Eon Hunter(-114) hit Sawane Botley(161) 127.
    ****
    Sawane Botley(34) has won.
  Duel between Kennings(36) -WHI- and Moores(30) -WHI- has begun.
    Ralf Kenning(600) hit Mandon Moore(650) 196.
    Mandon Moore(454) hit Ralf Kenning(600) 120.
    ****
    Ralf Kenning(480) took 30 damage as DOT.
    Mandon Moore(454) took 30 damage as DOT.
    Ralf Kenning(450) hit Mandon Moore(424) 196.
    Mandon Moore(228) hit Ralf Kenning(450) 120.
    ****
    Ralf Kenning(330) took 60 damage as DOT.
    Mandon Moore(228) took 60 damage as DOT.
    Ralf Kenning(270) hit Mandon Moore(168) 196.
    Mandon Moore(-28) hit Ralf Kenning(270) 120.
    ****
    Ralf Kenning(150) has won.
  Duel between Merlyns(30) -WIL- and Corbrays(24) -WIZ- has begun.
    Meldred Merlyn(425) hit Vance Corbray(475) 215.
    Vance Corbray(260) hit Meldred Merlyn(425) 119.
    ****
    Meldred Merlyn(306) took 20 damage as DOT.
    Vance Corbray(260) took 25 damage as DOT.
    Meldred Merlyn(286) hit Vance Corbray(235) 215.
    Vance Corbray(20) hit Meldred Merlyn(286) 119.
    ****
    Meldred Merlyn(167) took 40 damage as DOT.
    Vance Corbray(20) took 50 damage as DOT.
    Meldred Merlyn(127) hit Vance Corbray(-30) 215.
    Vance Corbray(-245) hit Meldred Merlyn(127) 119.
    ****
    Meldred Merlyn(8) has won.
  Duel between House Greyjoy(50) -WHI- and House Arryn(50) -WIZ- has begun.
    Balon Greyjoy(650) hit Petry Baelish(525) 210.
    Petry Baelish(315) hit Balon Greyjoy(650) 150.
    ****
    Balon Greyjoy(500) took 20 damage as DOT.
    Petry Baelish(315) took 30 damage as DOT.
    Balon Greyjoy(480) hit Petry Baelish(285) 210.
    Petry Baelish(75) hit Balon Greyjoy(480) 150.
    ****
    Balon Greyjoy(330) took 40 damage as DOT.
    Petry Baelish(75) took 60 damage as DOT.
    Balon Greyjoy(290) hit Petry Baelish(15) 210.
    Petry Baelish(-195) hit Balon Greyjoy(290) 150.
    ****
    Balon Greyjoy(140) has won.
  The Iron Islands got 9 house points. The Vale of Arryn got 0 house points.

The winner is: The Iron Islands with currently 1 kingdom points.
---------------
The War is over. The new owner of King's Landing is The Iron Islands with a total of 1 points.

