War has started with 2 kingdoms.
---------------
Duel 1: Dorne vs The Crownlands
  Duel between Manwoodys(30) -WIL- and Brunes(30) -WIL- has begun.
    Dagos Manwoody(530) hit Lothor Brune(500) 180.
    Lothor Brune(320) hit Dagos Manwoody(530) 140.
    ****
    Dagos Manwoody(390) took 25 damage as DOT.
    Lothor Brune(320) took 25 damage as DOT.
    Dagos Manwoody(365) hit Lothor Brune(295) 180.
    Lothor Brune(115) hit Dagos Manwoody(365) 140.
    ****
    Dagos Manwoody(225) took 50 damage as DOT.
    Lothor Brune(115) took 50 damage as DOT.
    Dagos Manwoody(175) hit Lothor Brune(65) 180.
    Lothor Brune(-115) hit Dagos Manwoody(175) 140.
    ****
    Dagos Manwoody(35) has won.
  Duel between Blackmonts(30) -WIL- and Rykkers(30) -WIL- has begun.
    Larra Blackmont(505) hit Jaremy Rykker(450) 180.
    Jaremy Rykker(270) hit Larra Blackmont(505) 140.
    ****
    Larra Blackmont(365) took 25 damage as DOT.
    Jaremy Rykker(270) took 25 damage as DOT.
    Larra Blackmont(340) hit Jaremy Rykker(245) 180.
    Jaremy Rykker(65) hit Larra Blackmont(340) 140.
    ****
    Larra Blackmont(200) took 50 damage as DOT.
    Jaremy Rykker(65) took 50 damage as DOT.
    Larra Blackmont(150) hit Jaremy Rykker(15) 180.
    Jaremy Rykker(-165) hit Larra Blackmont(150) 140.
    ****
    Larra Blackmont(10) has won.
  Duel between Allyrions(30) -WIL- and Thornes(30) -WIL- has begun.
    Daemon Sand(530) hit Alliser Thorne(425) 185.
    Alliser Thorne(240) hit Daemon Sand(530) 145.
    ****
    Daemon Sand(385) took 25 damage as DOT.
    Alliser Thorne(240) took 25 damage as DOT.
    Daemon Sand(360) hit Alliser Thorne(215) 185.
    Alliser Thorne(30) hit Daemon Sand(360) 145.
    ****
    Daemon Sand(215) took 50 damage as DOT.
    Alliser Thorne(30) took 50 damage as DOT.
    Daemon Sand(165) hit Alliser Thorne(-20) 185.
    Alliser Thorne(-205) hit Daemon Sand(165) 145.
    ****
    Daemon Sand(20) has won.
  Duel between Manwoodys(33) -WIL- and Rykkers(27) -WIL- has begun.
    Dagos Manwoody(530) hit Jaremy Rykker(450) 183.
    Jaremy Rykker(267) hit Dagos Manwoody(530) 137.
    ****
    Dagos Manwoody(393) took 25 damage as DOT.
    Jaremy Rykker(267) took 25 damage as DOT.
    Dagos Manwoody(368) hit Jaremy Rykker(242) 183.
    Jaremy Rykker(59) hit Dagos Manwoody(368) 137.
    ****
    Dagos Manwoody(231) took 50 damage as DOT.
    Jaremy Rykker(59) took 50 damage as DOT.
    Dagos Manwoody(181) hit Jaremy Rykker(9) 183.
    Jaremy Rykker(-174) hit Dagos Manwoody(181) 137.
    ****
    Dagos Manwoody(44) has won.
  Duel between Blackmonts(33) -WIL- and Thornes(27) -WIL- has begun.
    Larra Blackmont(505) hit Alliser Thorne(425) 183.
    Alliser Thorne(242) hit Larra Blackmont(505) 142.
    ****
    Larra Blackmont(363) took 25 damage as DOT.
    Alliser Thorne(242) took 25 damage as DOT.
    Larra Blackmont(338) hit Alliser Thorne(217) 183.
    Alliser Thorne(34) hit Larra Blackmont(338) 142.
    ****
    Larra Blackmont(196) took 50 damage as DOT.
    Alliser Thorne(34) took 50 damage as DOT.
    Larra Blackmont(146) hit Alliser Thorne(-16) 183.
    Alliser Thorne(-199) hit Larra Blackmont(146) 142.
    ****
    Larra Blackmont(4) has won.
  Duel between Allyrions(33) -WIL- and Brunes(27) -WIL- has begun.
    Daemon Sand(530) hit Lothor Brune(500) 188.
    Lothor Brune(312) hit Daemon Sand(530) 137.
    ****
    Daemon Sand(393) took 25 damage as DOT.
    Lothor Brune(312) took 25 damage as DOT.
    Daemon Sand(368) hit Lothor Brune(287) 188.
    Lothor Brune(99) hit Daemon Sand(368) 137.
    ****
    Daemon Sand(231) took 50 damage as DOT.
    Lothor Brune(99) took 50 damage as DOT.
    Daemon Sand(181) hit Lothor Brune(49) 188.
    Lothor Brune(-139) hit Daemon Sand(181) 137.
    ****
    Daemon Sand(44) has won.
  Duel between Manwoodys(36) -WIL- and Thornes(24) -WIL- has begun.
    Dagos Manwoody(530) hit Alliser Thorne(425) 186.
    Alliser Thorne(239) hit Dagos Manwoody(530) 139.
    ****
    Dagos Manwoody(391) took 25 damage as DOT.
    Alliser Thorne(239) took 25 damage as DOT.
    Dagos Manwoody(366) hit Alliser Thorne(214) 186.
    Alliser Thorne(28) hit Dagos Manwoody(366) 139.
    ****
    Dagos Manwoody(227) took 50 damage as DOT.
    Alliser Thorne(28) took 50 damage as DOT.
    Dagos Manwoody(177) hit Alliser Thorne(-22) 186.
    Alliser Thorne(-208) hit Dagos Manwoody(177) 139.
    ****
    Dagos Manwoody(38) has won.
  Duel between Blackmonts(36) -WIL- and Brunes(24) -WIL- has begun.
    Larra Blackmont(505) hit Lothor Brune(500) 186.
    Lothor Brune(314) hit Larra Blackmont(505) 134.
    ****
    Larra Blackmont(371) took 25 damage as DOT.
    Lothor Brune(314) took 25 damage as DOT.
    Larra Blackmont(346) hit Lothor Brune(289) 186.
    Lothor Brune(103) hit Larra Blackmont(346) 134.
    ****
    Larra Blackmont(212) took 50 damage as DOT.
    Lothor Brune(103) took 50 damage as DOT.
    Larra Blackmont(162) hit Lothor Brune(53) 186.
    Lothor Brune(-133) hit Larra Blackmont(162) 134.
    ****
    Larra Blackmont(28) has won.
  Duel between Allyrions(36) -WIL- and Rykkers(24) -WIL- has begun.
    Daemon Sand(530) hit Jaremy Rykker(450) 191.
    Jaremy Rykker(259) hit Daemon Sand(530) 134.
    ****
    Daemon Sand(396) took 25 damage as DOT.
    Jaremy Rykker(259) took 25 damage as DOT.
    Daemon Sand(371) hit Jaremy Rykker(234) 191.
    Jaremy Rykker(43) hit Daemon Sand(371) 134.
    ****
    Daemon Sand(237) took 50 damage as DOT.
    Jaremy Rykker(43) took 50 damage as DOT.
    Daemon Sand(187) hit Jaremy Rykker(-7) 191.
    Jaremy Rykker(-198) hit Daemon Sand(187) 134.
    ****
    Daemon Sand(53) has won.
  Duel between House Martell(50) -WHI- and House Baratheon(50) -WHI- has begun.
    Oberyn Martell(655) hit Viserys Targaryen(625) 180.
    Viserys Targaryen(445) hit Oberyn Martell(655) 140.
    ****
    Oberyn Martell(515) took 30 damage as DOT.
    Viserys Targaryen(445) took 30 damage as DOT.
    Oberyn Martell(485) hit Viserys Targaryen(415) 180.
    Viserys Targaryen(235) hit Oberyn Martell(485) 140.
    ****
    Oberyn Martell(345) took 60 damage as DOT.
    Viserys Targaryen(235) took 60 damage as DOT.
    Oberyn Martell(285) hit Viserys Targaryen(175) 180.
    Viserys Targaryen(-5) hit Oberyn Martell(285) 140.
    ****
    Oberyn Martell(145) has won.
  Dorne got 12 house points. The Crownlands got 0 house points.

The winner is: Dorne with currently 1 kingdom points.
---------------
The War is over. The new owner of King's Landing is Dorne with a total of 1 points.

