War has started with 2 kingdoms.
---------------
Duel 1: Dorne vs The Reach
  Duel between Yronwoods(30) -WHI- and Cuys(30) -WIL- has begun.
    Edgar Yronwood(658) hit Emmon Cuy(533) 153.
    Emmon Cuy(380) hit Edgar Yronwood(658) 173.
    ****
    Edgar Yronwood(485) took 25 damage as DOT.
    Emmon Cuy(380) took 30 damage as DOT.
    Edgar Yronwood(460) hit Emmon Cuy(350) 153.
    Emmon Cuy(197) hit Edgar Yronwood(460) 173.
    ****
    Edgar Yronwood(287) took 50 damage as DOT.
    Emmon Cuy(197) took 60 damage as DOT.
    Edgar Yronwood(237) hit Emmon Cuy(137) 153.
    Emmon Cuy(-16) hit Edgar Yronwood(237) 173.
    ****
    Edgar Yronwood(64) has won.
  Duel between Gargalens(30) -WIL- and Ashfords(30) -WIZ- has begun.
    Lord Gargalen(533) hit Lord Ashford(483) 173.
    Lord Ashford(310) hit Lord Gargalen(533) 148.
    ****
    Lord Gargalen(385) took 20 damage as DOT.
    Lord Ashford(310) took 25 damage as DOT.
    Lord Gargalen(365) hit Lord Ashford(285) 173.
    Lord Ashford(112) hit Lord Gargalen(365) 148.
    ****
    Lord Gargalen(217) took 40 damage as DOT.
    Lord Ashford(112) took 50 damage as DOT.
    Lord Gargalen(177) hit Lord Ashford(62) 173.
    Lord Ashford(-111) hit Lord Gargalen(177) 148.
    ****
    Lord Gargalen(29) has won.
  Duel between Manwoodys(30) -WIZ- and Oakhearts(30) -WIL- has begun.
    Dagos Manwoody(533) hit Arys Oakheart(508) 163.
    Arys Oakheart(345) hit Dagos Manwoody(533) 178.
    ****
    Dagos Manwoody(355) took 25 damage as DOT.
    Arys Oakheart(345) took 20 damage as DOT.
    Dagos Manwoody(330) hit Arys Oakheart(325) 163.
    Arys Oakheart(162) hit Dagos Manwoody(330) 178.
    ****
    Dagos Manwoody(152) took 50 damage as DOT.
    Arys Oakheart(162) took 40 damage as DOT.
    Dagos Manwoody(102) hit Arys Oakheart(122) 163.
    Arys Oakheart(-41) hit Dagos Manwoody(102) 178.
    ****
    Both of them are dead. A draw.
  Duel between Yronwoods(33) -WHI- and Ashfords(27) -WIZ- has begun.
    Edgar Yronwood(658) hit Lord Ashford(483) 156.
    Lord Ashford(327) hit Edgar Yronwood(658) 145.
    ****
    Edgar Yronwood(513) took 20 damage as DOT.
    Lord Ashford(327) took 30 damage as DOT.
    Edgar Yronwood(493) hit Lord Ashford(297) 156.
    Lord Ashford(141) hit Edgar Yronwood(493) 145.
    ****
    Edgar Yronwood(348) took 40 damage as DOT.
    Lord Ashford(141) took 60 damage as DOT.
    Edgar Yronwood(308) hit Lord Ashford(81) 156.
    Lord Ashford(-75) hit Edgar Yronwood(308) 145.
    ****
    Edgar Yronwood(163) has won.
  Duel between Gargalens(33) -WIL- and Oakhearts(30) -WIL- has begun.
    Lord Gargalen(533) hit Arys Oakheart(508) 176.
    Arys Oakheart(332) hit Lord Gargalen(533) 178.
    ****
    Lord Gargalen(355) took 25 damage as DOT.
    Arys Oakheart(332) took 25 damage as DOT.
    Lord Gargalen(330) hit Arys Oakheart(307) 176.
    Arys Oakheart(131) hit Lord Gargalen(330) 178.
    ****
    Lord Gargalen(152) took 50 damage as DOT.
    Arys Oakheart(131) took 50 damage as DOT.
    Lord Gargalen(102) hit Arys Oakheart(81) 176.
    Arys Oakheart(-95) hit Lord Gargalen(102) 178.
    ****
    Both of them are dead. A draw.
  Duel between Manwoodys(30) -WIZ- and Cuys(27) -WIL- has begun.
    Dagos Manwoody(533) hit Emmon Cuy(533) 163.
    Emmon Cuy(370) hit Dagos Manwoody(533) 170.
    ****
    Dagos Manwoody(363) took 25 damage as DOT.
    Emmon Cuy(370) took 20 damage as DOT.
    Dagos Manwoody(338) hit Emmon Cuy(350) 163.
    Emmon Cuy(187) hit Dagos Manwoody(338) 170.
    ****
    Dagos Manwoody(168) took 50 damage as DOT.
    Emmon Cuy(187) took 40 damage as DOT.
    Dagos Manwoody(118) hit Emmon Cuy(147) 163.
    Emmon Cuy(-16) hit Dagos Manwoody(118) 170.
    ****
    Both of them are dead. A draw.
  Duel between Yronwoods(36) -WHI- and Oakhearts(30) -WIL- has begun.
    Edgar Yronwood(658) hit Arys Oakheart(508) 159.
    Arys Oakheart(349) hit Edgar Yronwood(658) 178.
    ****
    Edgar Yronwood(480) took 25 damage as DOT.
    Arys Oakheart(349) took 30 damage as DOT.
    Edgar Yronwood(455) hit Arys Oakheart(319) 159.
    Arys Oakheart(160) hit Edgar Yronwood(455) 178.
    ****
    Edgar Yronwood(277) took 50 damage as DOT.
    Arys Oakheart(160) took 60 damage as DOT.
    Edgar Yronwood(227) hit Arys Oakheart(100) 159.
    Arys Oakheart(-59) hit Edgar Yronwood(227) 178.
    ****
    Edgar Yronwood(49) has won.
  Duel between Gargalens(33) -WIL- and Cuys(27) -WIL- has begun.
    Lord Gargalen(533) hit Emmon Cuy(533) 176.
    Emmon Cuy(357) hit Lord Gargalen(533) 170.
    ****
    Lord Gargalen(363) took 25 damage as DOT.
    Emmon Cuy(357) took 25 damage as DOT.
    Lord Gargalen(338) hit Emmon Cuy(332) 176.
    Emmon Cuy(156) hit Lord Gargalen(338) 170.
    ****
    Lord Gargalen(168) took 50 damage as DOT.
    Emmon Cuy(156) took 50 damage as DOT.
    Lord Gargalen(118) hit Emmon Cuy(106) 176.
    Emmon Cuy(-70) hit Lord Gargalen(118) 170.
    ****
    Both of them are dead. A draw.
  Duel between Manwoodys(30) -WIZ- and Ashfords(24) -WIZ- has begun.
    Dagos Manwoody(533) hit Lord Ashford(483) 163.
    Lord Ashford(320) hit Dagos Manwoody(533) 142.
    ****
    Dagos Manwoody(391) took 20 damage as DOT.
    Lord Ashford(320) took 20 damage as DOT.
    Dagos Manwoody(371) hit Lord Ashford(300) 163.
    Lord Ashford(137) hit Dagos Manwoody(371) 142.
    ****
    Dagos Manwoody(229) took 40 damage as DOT.
    Lord Ashford(137) took 40 damage as DOT.
    Dagos Manwoody(189) hit Lord Ashford(97) 163.
    Lord Ashford(-66) hit Dagos Manwoody(189) 142.
    ****
    Dagos Manwoody(47) has won.
  Duel between House Martell(50) -WIZ- and House Lannister(50) -WHI- has begun.
    Elia Sand(558) hit Mace Tyrell(658) 173.
    Mace Tyrell(485) hit Elia Sand(558) 173.
    ****
    Elia Sand(385) took 30 damage as DOT.
    Mace Tyrell(485) took 20 damage as DOT.
    Elia Sand(355) hit Mace Tyrell(465) 173.
    Mace Tyrell(292) hit Elia Sand(355) 173.
    ****
    Elia Sand(182) took 60 damage as DOT.
    Mace Tyrell(292) took 40 damage as DOT.
    Elia Sand(122) hit Mace Tyrell(252) 173.
    Mace Tyrell(79) hit Elia Sand(122) 173.
    ****
    Mace Tyrell(79) has won.
  Dorne got 5 house points. The Reach got 3 house points.

The winner is: Dorne with currently 1 kingdom points.
---------------
The War is over. The new owner of King's Landing is Dorne with a total of 1 points.

