War has started with 2 kingdoms.
---------------
Duel 1: Dorne vs The Westernlands
  Duel between Qorgyles(30) -WIL- and Yarwycks(30) -WIL- has begun.
    Quentyn Qorgyle(455) hit Othell Yarwyck(485) 185.
    Othell Yarwyck(300) hit Quentyn Qorgyle(455) 155.
    ****
    Quentyn Qorgyle(300) took 25 damage as DOT.
    Othell Yarwyck(300) took 25 damage as DOT.
    Quentyn Qorgyle(275) hit Othell Yarwyck(275) 185.
    Othell Yarwyck(90) hit Quentyn Qorgyle(275) 155.
    ****
    Quentyn Qorgyle(120) took 50 damage as DOT.
    Othell Yarwyck(90) took 50 damage as DOT.
    Quentyn Qorgyle(70) hit Othell Yarwyck(40) 185.
    Othell Yarwyck(-145) hit Quentyn Qorgyle(70) 155.
    ****
    Both of them are dead. A draw.
  Duel between Yronwoods(30) -WIL- and Westerlings(30) -WIL- has begun.
    Edgar Yronwood(455) hit Gawen Westerling(535) 185.
    Gawen Westerling(350) hit Edgar Yronwood(455) 155.
    ****
    Edgar Yronwood(300) took 25 damage as DOT.
    Gawen Westerling(350) took 25 damage as DOT.
    Edgar Yronwood(275) hit Gawen Westerling(325) 185.
    Gawen Westerling(140) hit Edgar Yronwood(275) 155.
    ****
    Edgar Yronwood(120) took 50 damage as DOT.
    Gawen Westerling(140) took 50 damage as DOT.
    Edgar Yronwood(70) hit Gawen Westerling(90) 185.
    Gawen Westerling(-95) hit Edgar Yronwood(70) 155.
    ****
    Both of them are dead. A draw.
  Duel between Daynes(30) -WHI- and Marbrands(30) -WIZ- has begun.
    Beric Dayne(630) hit Damon Marbrand(560) 160.
    Damon Marbrand(400) hit Beric Dayne(630) 125.
    ****
    Beric Dayne(505) took 20 damage as DOT.
    Damon Marbrand(400) took 30 damage as DOT.
    Beric Dayne(485) hit Damon Marbrand(370) 160.
    Damon Marbrand(210) hit Beric Dayne(485) 125.
    ****
    Beric Dayne(360) took 40 damage as DOT.
    Damon Marbrand(210) took 60 damage as DOT.
    Beric Dayne(320) hit Damon Marbrand(150) 160.
    Damon Marbrand(-10) hit Beric Dayne(320) 125.
    ****
    Beric Dayne(195) has won.
  Duel between Qorgyles(30) -WIL- and Westerlings(30) -WIL- has begun.
    Quentyn Qorgyle(455) hit Gawen Westerling(535) 185.
    Gawen Westerling(350) hit Quentyn Qorgyle(455) 155.
    ****
    Quentyn Qorgyle(300) took 25 damage as DOT.
    Gawen Westerling(350) took 25 damage as DOT.
    Quentyn Qorgyle(275) hit Gawen Westerling(325) 185.
    Gawen Westerling(140) hit Quentyn Qorgyle(275) 155.
    ****
    Quentyn Qorgyle(120) took 50 damage as DOT.
    Gawen Westerling(140) took 50 damage as DOT.
    Quentyn Qorgyle(70) hit Gawen Westerling(90) 185.
    Gawen Westerling(-95) hit Quentyn Qorgyle(70) 155.
    ****
    Both of them are dead. A draw.
  Duel between Yronwoods(30) -WIL- and Marbrands(27) -WIZ- has begun.
    Edgar Yronwood(455) hit Damon Marbrand(560) 185.
    Damon Marbrand(375) hit Edgar Yronwood(455) 122.
    ****
    Edgar Yronwood(333) took 20 damage as DOT.
    Damon Marbrand(375) took 25 damage as DOT.
    Edgar Yronwood(313) hit Damon Marbrand(350) 185.
    Damon Marbrand(165) hit Edgar Yronwood(313) 122.
    ****
    Edgar Yronwood(191) took 40 damage as DOT.
    Damon Marbrand(165) took 50 damage as DOT.
    Edgar Yronwood(151) hit Damon Marbrand(115) 185.
    Damon Marbrand(-70) hit Edgar Yronwood(151) 122.
    ****
    Edgar Yronwood(29) has won.
  Duel between Daynes(33) -WHI- and Yarwycks(30) -WIL- has begun.
    Beric Dayne(630) hit Othell Yarwyck(485) 163.
    Othell Yarwyck(322) hit Beric Dayne(630) 155.
    ****
    Beric Dayne(475) took 25 damage as DOT.
    Othell Yarwyck(322) took 30 damage as DOT.
    Beric Dayne(450) hit Othell Yarwyck(292) 163.
    Othell Yarwyck(129) hit Beric Dayne(450) 155.
    ****
    Beric Dayne(295) took 50 damage as DOT.
    Othell Yarwyck(129) took 60 damage as DOT.
    Beric Dayne(245) hit Othell Yarwyck(69) 163.
    Othell Yarwyck(-94) hit Beric Dayne(245) 155.
    ****
    Beric Dayne(90) has won.
  Duel between Qorgyles(30) -WIL- and Marbrands(24) -WIZ- has begun.
    Quentyn Qorgyle(455) hit Damon Marbrand(560) 185.
    Damon Marbrand(375) hit Quentyn Qorgyle(455) 119.
    ****
    Quentyn Qorgyle(336) took 20 damage as DOT.
    Damon Marbrand(375) took 25 damage as DOT.
    Quentyn Qorgyle(316) hit Damon Marbrand(350) 185.
    Damon Marbrand(165) hit Quentyn Qorgyle(316) 119.
    ****
    Quentyn Qorgyle(197) took 40 damage as DOT.
    Damon Marbrand(165) took 50 damage as DOT.
    Quentyn Qorgyle(157) hit Damon Marbrand(115) 185.
    Damon Marbrand(-70) hit Quentyn Qorgyle(157) 119.
    ****
    Quentyn Qorgyle(38) has won.
  Duel between Yronwoods(33) -WIL- and Yarwycks(27) -WIL- has begun.
    Edgar Yronwood(455) hit Othell Yarwyck(485) 188.
    Othell Yarwyck(297) hit Edgar Yronwood(455) 152.
    ****
    Edgar Yronwood(303) took 25 damage as DOT.
    Othell Yarwyck(297) took 25 damage as DOT.
    Edgar Yronwood(278) hit Othell Yarwyck(272) 188.
    Othell Yarwyck(84) hit Edgar Yronwood(278) 152.
    ****
    Edgar Yronwood(126) took 50 damage as DOT.
    Othell Yarwyck(84) took 50 damage as DOT.
    Edgar Yronwood(76) hit Othell Yarwyck(34) 188.
    Othell Yarwyck(-154) hit Edgar Yronwood(76) 152.
    ****
    Both of them are dead. A draw.
  Duel between Daynes(36) -WHI- and Westerlings(30) -WIL- has begun.
    Beric Dayne(630) hit Gawen Westerling(535) 166.
    Gawen Westerling(369) hit Beric Dayne(630) 155.
    ****
    Beric Dayne(475) took 25 damage as DOT.
    Gawen Westerling(369) took 30 damage as DOT.
    Beric Dayne(450) hit Gawen Westerling(339) 166.
    Gawen Westerling(173) hit Beric Dayne(450) 155.
    ****
    Beric Dayne(295) took 50 damage as DOT.
    Gawen Westerling(173) took 60 damage as DOT.
    Beric Dayne(245) hit Gawen Westerling(113) 166.
    Gawen Westerling(-53) hit Beric Dayne(245) 155.
    ****
    Beric Dayne(90) has won.
  Duel between House Martell(50) -WIL- and House Frey(50) -WIZ- has begun.
    Trystane Martell(455) hit Tyrion Lannister(510) 205.
    Tyrion Lannister(305) hit Trystane Martell(455) 145.
    ****
    Trystane Martell(310) took 20 damage as DOT.
    Tyrion Lannister(305) took 25 damage as DOT.
    Trystane Martell(290) hit Tyrion Lannister(280) 205.
    Tyrion Lannister(75) hit Trystane Martell(290) 145.
    ****
    Trystane Martell(145) took 40 damage as DOT.
    Tyrion Lannister(75) took 50 damage as DOT.
    Trystane Martell(105) hit Tyrion Lannister(25) 205.
    Tyrion Lannister(-180) hit Trystane Martell(105) 145.
    ****
    Both of them are dead. A draw.
  Dorne got 5 house points. The Westernlands got 0 house points.

The winner is: Dorne with currently 1 kingdom points.
---------------
The War is over. The new owner of King's Landing is Dorne with a total of 1 points.

