War has started with 2 kingdoms.
---------------
Duel 1: The Westernlands vs The Reach
  Duel between Marbrands(30) -WHI- and Ashfords(30) -WIZ- has begun.
    Damon Marbrand(683) hit Lord Ashford(450) 153.
    Lord Ashford(297) hit Damon Marbrand(683) 130.
    ****
    Damon Marbrand(553) took 20 damage as DOT.
    Lord Ashford(297) took 30 damage as DOT.
    Damon Marbrand(533) hit Lord Ashford(267) 153.
    Lord Ashford(114) hit Damon Marbrand(533) 130.
    ****
    Damon Marbrand(403) took 40 damage as DOT.
    Lord Ashford(114) took 60 damage as DOT.
    Damon Marbrand(363) hit Lord Ashford(54) 153.
    Lord Ashford(-99) hit Damon Marbrand(363) 130.
    ****
    Damon Marbrand(233) has won.
  Duel between Yarwycks(30) -WIZ- and Cuys(30) -WIZ- has begun.
    Othell Yarwyck(533) hit Emmon Cuy(475) 158.
    Emmon Cuy(317) hit Othell Yarwyck(533) 120.
    ****
    Othell Yarwyck(413) took 20 damage as DOT.
    Emmon Cuy(317) took 20 damage as DOT.
    Othell Yarwyck(393) hit Emmon Cuy(297) 158.
    Emmon Cuy(139) hit Othell Yarwyck(393) 120.
    ****
    Othell Yarwyck(273) took 40 damage as DOT.
    Emmon Cuy(139) took 40 damage as DOT.
    Othell Yarwyck(233) hit Emmon Cuy(99) 158.
    Emmon Cuy(-59) hit Othell Yarwyck(233) 120.
    ****
    Othell Yarwyck(113) has won.
  Duel between Westerlings(30) -WHI- and Bulwers(30) -WHI- has begun.
    Gawen Westerling(708) hit Jack Bulwer(625) 153.
    Jack Bulwer(472) hit Gawen Westerling(708) 120.
    ****
    Gawen Westerling(588) took 30 damage as DOT.
    Jack Bulwer(472) took 30 damage as DOT.
    Gawen Westerling(558) hit Jack Bulwer(442) 153.
    Jack Bulwer(289) hit Gawen Westerling(558) 120.
    ****
    Gawen Westerling(438) took 60 damage as DOT.
    Jack Bulwer(289) took 60 damage as DOT.
    Gawen Westerling(378) hit Jack Bulwer(229) 153.
    Jack Bulwer(76) hit Gawen Westerling(378) 120.
    ****
    Gawen Westerling(258) took 90 damage as DOT.
    Jack Bulwer(76) took 90 damage as DOT.
    Gawen Westerling(168) hit Jack Bulwer(-14) 153.
    Jack Bulwer(-167) hit Gawen Westerling(168) 120.
    ****
    Gawen Westerling(48) has won.
  Duel between Marbrands(33) -WHI- and Cuys(27) -WIZ- has begun.
    Damon Marbrand(683) hit Emmon Cuy(475) 156.
    Emmon Cuy(319) hit Damon Marbrand(683) 117.
    ****
    Damon Marbrand(566) took 20 damage as DOT.
    Emmon Cuy(319) took 30 damage as DOT.
    Damon Marbrand(546) hit Emmon Cuy(289) 156.
    Emmon Cuy(133) hit Damon Marbrand(546) 117.
    ****
    Damon Marbrand(429) took 40 damage as DOT.
    Emmon Cuy(133) took 60 damage as DOT.
    Damon Marbrand(389) hit Emmon Cuy(73) 156.
    Emmon Cuy(-83) hit Damon Marbrand(389) 117.
    ****
    Damon Marbrand(272) has won.
  Duel between Yarwycks(33) -WIZ- and Bulwers(27) -WHI- has begun.
    Othell Yarwyck(533) hit Jack Bulwer(625) 161.
    Jack Bulwer(464) hit Othell Yarwyck(533) 117.
    ****
    Othell Yarwyck(416) took 30 damage as DOT.
    Jack Bulwer(464) took 20 damage as DOT.
    Othell Yarwyck(386) hit Jack Bulwer(444) 161.
    Jack Bulwer(283) hit Othell Yarwyck(386) 117.
    ****
    Othell Yarwyck(269) took 60 damage as DOT.
    Jack Bulwer(283) took 40 damage as DOT.
    Othell Yarwyck(209) hit Jack Bulwer(243) 161.
    Jack Bulwer(82) hit Othell Yarwyck(209) 117.
    ****
    Othell Yarwyck(92) took 90 damage as DOT.
    Jack Bulwer(82) took 60 damage as DOT.
    Othell Yarwyck(2) hit Jack Bulwer(22) 161.
    Jack Bulwer(-139) hit Othell Yarwyck(2) 117.
    ****
    Both of them are dead. A draw.
  Duel between Westerlings(33) -WHI- and Ashfords(27) -WIZ- has begun.
    Gawen Westerling(708) hit Lord Ashford(450) 156.
    Lord Ashford(294) hit Gawen Westerling(708) 127.
    ****
    Gawen Westerling(581) took 20 damage as DOT.
    Lord Ashford(294) took 30 damage as DOT.
    Gawen Westerling(561) hit Lord Ashford(264) 156.
    Lord Ashford(108) hit Gawen Westerling(561) 127.
    ****
    Gawen Westerling(434) took 40 damage as DOT.
    Lord Ashford(108) took 60 damage as DOT.
    Gawen Westerling(394) hit Lord Ashford(48) 156.
    Lord Ashford(-108) hit Gawen Westerling(394) 127.
    ****
    Gawen Westerling(267) has won.
  Duel between Marbrands(36) -WHI- and Bulwers(27) -WHI- has begun.
    Damon Marbrand(683) hit Jack Bulwer(625) 159.
    Jack Bulwer(466) hit Damon Marbrand(683) 117.
    ****
    Damon Marbrand(566) took 30 damage as DOT.
    Jack Bulwer(466) took 30 damage as DOT.
    Damon Marbrand(536) hit Jack Bulwer(436) 159.
    Jack Bulwer(277) hit Damon Marbrand(536) 117.
    ****
    Damon Marbrand(419) took 60 damage as DOT.
    Jack Bulwer(277) took 60 damage as DOT.
    Damon Marbrand(359) hit Jack Bulwer(217) 159.
    Jack Bulwer(58) hit Damon Marbrand(359) 117.
    ****
    Damon Marbrand(242) took 90 damage as DOT.
    Jack Bulwer(58) took 90 damage as DOT.
    Damon Marbrand(152) hit Jack Bulwer(-32) 159.
    Jack Bulwer(-191) hit Damon Marbrand(152) 117.
    ****
    Damon Marbrand(35) has won.
  Duel between Yarwycks(33) -WIZ- and Ashfords(24) -WIZ- has begun.
    Othell Yarwyck(533) hit Lord Ashford(450) 161.
    Lord Ashford(289) hit Othell Yarwyck(533) 124.
    ****
    Othell Yarwyck(409) took 20 damage as DOT.
    Lord Ashford(289) took 20 damage as DOT.
    Othell Yarwyck(389) hit Lord Ashford(269) 161.
    Lord Ashford(108) hit Othell Yarwyck(389) 124.
    ****
    Othell Yarwyck(265) took 40 damage as DOT.
    Lord Ashford(108) took 40 damage as DOT.
    Othell Yarwyck(225) hit Lord Ashford(68) 161.
    Lord Ashford(-93) hit Othell Yarwyck(225) 124.
    ****
    Othell Yarwyck(101) has won.
  Duel between Westerlings(36) -WHI- and Cuys(24) -WIZ- has begun.
    Gawen Westerling(708) hit Emmon Cuy(475) 159.
    Emmon Cuy(316) hit Gawen Westerling(708) 114.
    ****
    Gawen Westerling(594) took 20 damage as DOT.
    Emmon Cuy(316) took 30 damage as DOT.
    Gawen Westerling(574) hit Emmon Cuy(286) 159.
    Emmon Cuy(127) hit Gawen Westerling(574) 114.
    ****
    Gawen Westerling(460) took 40 damage as DOT.
    Emmon Cuy(127) took 60 damage as DOT.
    Gawen Westerling(420) hit Emmon Cuy(67) 159.
    Emmon Cuy(-92) hit Gawen Westerling(420) 114.
    ****
    Gawen Westerling(306) has won.
  Duel between House Frey(50) -WIL- and House Lannister(50) -WIL- has begun.
    Kevan Lannister(458) hit Mace Tyrell(475) 193.
    Mace Tyrell(282) hit Kevan Lannister(458) 165.
    ****
    Kevan Lannister(293) took 25 damage as DOT.
    Mace Tyrell(282) took 25 damage as DOT.
    Kevan Lannister(268) hit Mace Tyrell(257) 193.
    Mace Tyrell(64) hit Kevan Lannister(268) 165.
    ****
    Kevan Lannister(103) took 50 damage as DOT.
    Mace Tyrell(64) took 50 damage as DOT.
    Kevan Lannister(53) hit Mace Tyrell(14) 193.
    Mace Tyrell(-179) hit Kevan Lannister(53) 165.
    ****
    Both of them are dead. A draw.
  The Westernlands got 8 house points. The Reach got 0 house points.

The winner is: The Westernlands with currently 1 kingdom points.
---------------
The War is over. The new owner of King's Landing is The Westernlands with a total of 1 points.

