War has started with 2 kingdoms.
---------------
Duel 1: The Stormlands vs The Westernlands
  Duel between Tarths(30) -WIL- and Serretts(30) -WIL- has begun.
    Brienne Tarth(530) hit Lord Serrett(425) 180.
    Lord Serrett(245) hit Brienne Tarth(530) 215.
    ****
    Brienne Tarth(315) took 25 damage as DOT.
    Lord Serrett(245) took 25 damage as DOT.
    Brienne Tarth(290) hit Lord Serrett(220) 180.
    Lord Serrett(40) hit Brienne Tarth(290) 215.
    ****
    Brienne Tarth(75) took 50 damage as DOT.
    Lord Serrett(40) took 50 damage as DOT.
    Brienne Tarth(25) hit Lord Serrett(-10) 180.
    Lord Serrett(-190) hit Brienne Tarth(25) 215.
    ****
    Both of them are dead. A draw.
  Duel between Wyldes(30) -WIZ- and Paynes(30) -WIL- has begun.
    Williem Wylde(530) hit Ilyn Payne(450) 160.
    Ilyn Payne(290) hit Williem Wylde(530) 215.
    ****
    Williem Wylde(315) took 25 damage as DOT.
    Ilyn Payne(290) took 20 damage as DOT.
    Williem Wylde(290) hit Ilyn Payne(270) 160.
    Ilyn Payne(110) hit Williem Wylde(290) 215.
    ****
    Williem Wylde(75) took 50 damage as DOT.
    Ilyn Payne(110) took 40 damage as DOT.
    Williem Wylde(25) hit Ilyn Payne(70) 160.
    Ilyn Payne(-90) hit Williem Wylde(25) 215.
    ****
    Both of them are dead. A draw.
  Duel between Errols(30) -WIZ- and Leffords(30) -WHI- has begun.
    Lord Errol(480) hit Leo Lefford(625) 170.
    Leo Lefford(455) hit Lord Errol(480) 190.
    ****
    Lord Errol(290) took 30 damage as DOT.
    Leo Lefford(455) took 20 damage as DOT.
    Lord Errol(260) hit Leo Lefford(435) 170.
    Leo Lefford(265) hit Lord Errol(260) 190.
    ****
    Lord Errol(70) took 60 damage as DOT.
    Leo Lefford(265) took 40 damage as DOT.
    Lord Errol(10) hit Leo Lefford(225) 170.
    Leo Lefford(55) hit Lord Errol(10) 190.
    ****
    Leo Lefford(55) has won.
  Duel between Tarths(30) -WIL- and Paynes(30) -WIL- has begun.
    Brienne Tarth(530) hit Ilyn Payne(450) 180.
    Ilyn Payne(270) hit Brienne Tarth(530) 215.
    ****
    Brienne Tarth(315) took 25 damage as DOT.
    Ilyn Payne(270) took 25 damage as DOT.
    Brienne Tarth(290) hit Ilyn Payne(245) 180.
    Ilyn Payne(65) hit Brienne Tarth(290) 215.
    ****
    Brienne Tarth(75) took 50 damage as DOT.
    Ilyn Payne(65) took 50 damage as DOT.
    Brienne Tarth(25) hit Ilyn Payne(15) 180.
    Ilyn Payne(-165) hit Brienne Tarth(25) 215.
    ****
    Both of them are dead. A draw.
  Duel between Wyldes(30) -WIZ- and Leffords(33) -WHI- has begun.
    Williem Wylde(530) hit Leo Lefford(625) 160.
    Leo Lefford(465) hit Williem Wylde(530) 193.
    ****
    Williem Wylde(337) took 30 damage as DOT.
    Leo Lefford(465) took 20 damage as DOT.
    Williem Wylde(307) hit Leo Lefford(445) 160.
    Leo Lefford(285) hit Williem Wylde(307) 193.
    ****
    Williem Wylde(114) took 60 damage as DOT.
    Leo Lefford(285) took 40 damage as DOT.
    Williem Wylde(54) hit Leo Lefford(245) 160.
    Leo Lefford(85) hit Williem Wylde(54) 193.
    ****
    Leo Lefford(85) has won.
  Duel between Errols(27) -WIZ- and Serretts(30) -WIL- has begun.
    Lord Errol(480) hit Lord Serrett(425) 167.
    Lord Serrett(258) hit Lord Errol(480) 215.
    ****
    Lord Errol(265) took 25 damage as DOT.
    Lord Serrett(258) took 20 damage as DOT.
    Lord Errol(240) hit Lord Serrett(238) 167.
    Lord Serrett(71) hit Lord Errol(240) 215.
    ****
    Lord Errol(25) took 50 damage as DOT.
    Lord Serrett(71) took 40 damage as DOT.
    Lord Errol(-25) hit Lord Serrett(31) 167.
    Lord Serrett(-136) hit Lord Errol(-25) 215.
    ****
    Both of them are dead. A draw.
  Duel between Tarths(30) -WIL- and Leffords(36) -WHI- has begun.
    Brienne Tarth(530) hit Leo Lefford(625) 180.
    Leo Lefford(445) hit Brienne Tarth(530) 196.
    ****
    Brienne Tarth(334) took 30 damage as DOT.
    Leo Lefford(445) took 25 damage as DOT.
    Brienne Tarth(304) hit Leo Lefford(420) 180.
    Leo Lefford(240) hit Brienne Tarth(304) 196.
    ****
    Brienne Tarth(108) took 60 damage as DOT.
    Leo Lefford(240) took 50 damage as DOT.
    Brienne Tarth(48) hit Leo Lefford(190) 180.
    Leo Lefford(10) hit Brienne Tarth(48) 196.
    ****
    Leo Lefford(10) has won.
  Duel between Wyldes(27) -WIZ- and Serretts(30) -WIL- has begun.
    Williem Wylde(530) hit Lord Serrett(425) 157.
    Lord Serrett(268) hit Williem Wylde(530) 215.
    ****
    Williem Wylde(315) took 25 damage as DOT.
    Lord Serrett(268) took 20 damage as DOT.
    Williem Wylde(290) hit Lord Serrett(248) 157.
    Lord Serrett(91) hit Williem Wylde(290) 215.
    ****
    Williem Wylde(75) took 50 damage as DOT.
    Lord Serrett(91) took 40 damage as DOT.
    Williem Wylde(25) hit Lord Serrett(51) 157.
    Lord Serrett(-106) hit Williem Wylde(25) 215.
    ****
    Both of them are dead. A draw.
  Duel between Errols(27) -WIZ- and Paynes(30) -WIL- has begun.
    Lord Errol(480) hit Ilyn Payne(450) 167.
    Ilyn Payne(283) hit Lord Errol(480) 215.
    ****
    Lord Errol(265) took 25 damage as DOT.
    Ilyn Payne(283) took 20 damage as DOT.
    Lord Errol(240) hit Ilyn Payne(263) 167.
    Ilyn Payne(96) hit Lord Errol(240) 215.
    ****
    Lord Errol(25) took 50 damage as DOT.
    Ilyn Payne(96) took 40 damage as DOT.
    Lord Errol(-25) hit Ilyn Payne(56) 167.
    Ilyn Payne(-111) hit Lord Errol(-25) 215.
    ****
    Both of them are dead. A draw.
  Duel between House Tyrell(50) -WIZ- and House Frey(50) -WHI- has begun.
    Stannis Baratheon(530) hit Tywin Lannister(600) 185.
    Tywin Lannister(415) hit Stannis Baratheon(530) 210.
    ****
    Stannis Baratheon(320) took 30 damage as DOT.
    Tywin Lannister(415) took 20 damage as DOT.
    Stannis Baratheon(290) hit Tywin Lannister(395) 185.
    Tywin Lannister(210) hit Stannis Baratheon(290) 210.
    ****
    Stannis Baratheon(80) took 60 damage as DOT.
    Tywin Lannister(210) took 40 damage as DOT.
    Stannis Baratheon(20) hit Tywin Lannister(170) 185.
    Tywin Lannister(-15) hit Stannis Baratheon(20) 210.
    ****
    Both of them are dead. A draw.
  The Stormlands got 0 house points. The Westernlands got 3 house points.

The winner is: The Westernlands with currently 1 kingdom points.
---------------
The War is over. The new owner of King's Landing is The Westernlands with a total of 1 points.

