War has started with 2 kingdoms.
---------------
Duel 1: The Reach vs The Vale of Arryn
  Duel between Tarlys(30) -WHI- and Tolletts(30) -WIL- has begun.
    Randyll Tarly(658) hit Eddison Tollett(505) 153.
    Eddison Tollett(352) hit Randyll Tarly(658) 180.
    ****
    Randyll Tarly(478) took 25 damage as DOT.
    Eddison Tollett(352) took 30 damage as DOT.
    Randyll Tarly(453) hit Eddison Tollett(322) 153.
    Eddison Tollett(169) hit Randyll Tarly(453) 180.
    ****
    Randyll Tarly(273) took 50 damage as DOT.
    Eddison Tollett(169) took 60 damage as DOT.
    Randyll Tarly(223) hit Eddison Tollett(109) 153.
    Eddison Tollett(-44) hit Randyll Tarly(223) 180.
    ****
    Randyll Tarly(43) has won.
  Duel between Hightowers(30) -WIZ- and Moores(30) -WIZ- has begun.
    Leyton Hightower(558) hit Mandon Moore(480) 158.
    Mandon Moore(322) hit Leyton Hightower(558) 155.
    ****
    Leyton Hightower(403) took 20 damage as DOT.
    Mandon Moore(322) took 20 damage as DOT.
    Leyton Hightower(383) hit Mandon Moore(302) 158.
    Mandon Moore(144) hit Leyton Hightower(383) 155.
    ****
    Leyton Hightower(228) took 40 damage as DOT.
    Mandon Moore(144) took 40 damage as DOT.
    Leyton Hightower(188) hit Mandon Moore(104) 158.
    Mandon Moore(-54) hit Leyton Hightower(188) 155.
    ****
    Leyton Hightower(33) has won.
  Duel between Fossoways(30) -WIZ- and Waynwoods(30) -WHI- has begun.
    Lord Fossoway(558) hit Anya Waynwood(680) 153.
    Anya Waynwood(527) hit Lord Fossoway(558) 160.
    ****
    Lord Fossoway(398) took 30 damage as DOT.
    Anya Waynwood(527) took 20 damage as DOT.
    Lord Fossoway(368) hit Anya Waynwood(507) 153.
    Anya Waynwood(354) hit Lord Fossoway(368) 160.
    ****
    Lord Fossoway(208) took 60 damage as DOT.
    Anya Waynwood(354) took 40 damage as DOT.
    Lord Fossoway(148) hit Anya Waynwood(314) 153.
    Anya Waynwood(161) hit Lord Fossoway(148) 160.
    ****
    Anya Waynwood(161) has won.
  Duel between Tarlys(33) -WHI- and Moores(27) -WIZ- has begun.
    Randyll Tarly(658) hit Mandon Moore(480) 156.
    Mandon Moore(324) hit Randyll Tarly(658) 152.
    ****
    Randyll Tarly(506) took 20 damage as DOT.
    Mandon Moore(324) took 30 damage as DOT.
    Randyll Tarly(486) hit Mandon Moore(294) 156.
    Mandon Moore(138) hit Randyll Tarly(486) 152.
    ****
    Randyll Tarly(334) took 40 damage as DOT.
    Mandon Moore(138) took 60 damage as DOT.
    Randyll Tarly(294) hit Mandon Moore(78) 156.
    Mandon Moore(-78) hit Randyll Tarly(294) 152.
    ****
    Randyll Tarly(142) has won.
  Duel between Hightowers(33) -WIZ- and Waynwoods(33) -WHI- has begun.
    Leyton Hightower(558) hit Anya Waynwood(680) 161.
    Anya Waynwood(519) hit Leyton Hightower(558) 163.
    ****
    Leyton Hightower(395) took 30 damage as DOT.
    Anya Waynwood(519) took 20 damage as DOT.
    Leyton Hightower(365) hit Anya Waynwood(499) 161.
    Anya Waynwood(338) hit Leyton Hightower(365) 163.
    ****
    Leyton Hightower(202) took 60 damage as DOT.
    Anya Waynwood(338) took 40 damage as DOT.
    Leyton Hightower(142) hit Anya Waynwood(298) 161.
    Anya Waynwood(137) hit Leyton Hightower(142) 163.
    ****
    Anya Waynwood(137) has won.
  Duel between Fossoways(27) -WIZ- and Tolletts(27) -WIL- has begun.
    Lord Fossoway(558) hit Eddison Tollett(505) 150.
    Eddison Tollett(355) hit Lord Fossoway(558) 177.
    ****
    Lord Fossoway(381) took 25 damage as DOT.
    Eddison Tollett(355) took 20 damage as DOT.
    Lord Fossoway(356) hit Eddison Tollett(335) 150.
    Eddison Tollett(185) hit Lord Fossoway(356) 177.
    ****
    Lord Fossoway(179) took 50 damage as DOT.
    Eddison Tollett(185) took 40 damage as DOT.
    Lord Fossoway(129) hit Eddison Tollett(145) 150.
    Eddison Tollett(-5) hit Lord Fossoway(129) 177.
    ****
    Both of them are dead. A draw.
  Duel between Tarlys(36) -WHI- and Waynwoods(36) -WHI- has begun.
    Randyll Tarly(658) hit Anya Waynwood(680) 159.
    Anya Waynwood(521) hit Randyll Tarly(658) 166.
    ****
    Randyll Tarly(492) took 30 damage as DOT.
    Anya Waynwood(521) took 30 damage as DOT.
    Randyll Tarly(462) hit Anya Waynwood(491) 159.
    Anya Waynwood(332) hit Randyll Tarly(462) 166.
    ****
    Randyll Tarly(296) took 60 damage as DOT.
    Anya Waynwood(332) took 60 damage as DOT.
    Randyll Tarly(236) hit Anya Waynwood(272) 159.
    Anya Waynwood(113) hit Randyll Tarly(236) 166.
    ****
    Randyll Tarly(70) took 90 damage as DOT.
    Anya Waynwood(113) took 90 damage as DOT.
    Randyll Tarly(-20) hit Anya Waynwood(23) 159.
    Anya Waynwood(-136) hit Randyll Tarly(-20) 166.
    ****
    Both of them are dead. A draw.
  Duel between Hightowers(30) -WIZ- and Tolletts(27) -WIL- has begun.
    Leyton Hightower(558) hit Eddison Tollett(505) 158.
    Eddison Tollett(347) hit Leyton Hightower(558) 177.
    ****
    Leyton Hightower(381) took 25 damage as DOT.
    Eddison Tollett(347) took 20 damage as DOT.
    Leyton Hightower(356) hit Eddison Tollett(327) 158.
    Eddison Tollett(169) hit Leyton Hightower(356) 177.
    ****
    Leyton Hightower(179) took 50 damage as DOT.
    Eddison Tollett(169) took 40 damage as DOT.
    Leyton Hightower(129) hit Eddison Tollett(129) 158.
    Eddison Tollett(-29) hit Leyton Hightower(129) 177.
    ****
    Both of them are dead. A draw.
  Duel between Fossoways(27) -WIZ- and Moores(24) -WIZ- has begun.
    Lord Fossoway(558) hit Mandon Moore(480) 150.
    Mandon Moore(330) hit Lord Fossoway(558) 149.
    ****
    Lord Fossoway(409) took 20 damage as DOT.
    Mandon Moore(330) took 20 damage as DOT.
    Lord Fossoway(389) hit Mandon Moore(310) 150.
    Mandon Moore(160) hit Lord Fossoway(389) 149.
    ****
    Lord Fossoway(240) took 40 damage as DOT.
    Mandon Moore(160) took 40 damage as DOT.
    Lord Fossoway(200) hit Mandon Moore(120) 150.
    Mandon Moore(-30) hit Lord Fossoway(200) 149.
    ****
    Lord Fossoway(51) has won.
  Duel between House Lannister(50) -WHI- and House Arryn(50) -WHI- has begun.
    Mace Tyrell(683) hit Jon Arryn(655) 173.
    Jon Arryn(482) hit Mace Tyrell(683) 180.
    ****
    Mace Tyrell(503) took 30 damage as DOT.
    Jon Arryn(482) took 30 damage as DOT.
    Mace Tyrell(473) hit Jon Arryn(452) 173.
    Jon Arryn(279) hit Mace Tyrell(473) 180.
    ****
    Mace Tyrell(293) took 60 damage as DOT.
    Jon Arryn(279) took 60 damage as DOT.
    Mace Tyrell(233) hit Jon Arryn(219) 173.
    Jon Arryn(46) hit Mace Tyrell(233) 180.
    ****
    Mace Tyrell(53) took 90 damage as DOT.
    Jon Arryn(46) took 90 damage as DOT.
    Mace Tyrell(-37) hit Jon Arryn(-44) 173.
    Jon Arryn(-217) hit Mace Tyrell(-37) 180.
    ****
    Both of them are dead. A draw.
  The Reach got 4 house points. The Vale of Arryn got 2 house points.

The winner is: The Reach with currently 1 kingdom points.
---------------
The War is over. The new owner of King's Landing is The Reach with a total of 1 points.

