War has started with 2 kingdoms.
---------------
Duel 1: Dorne vs The Crownlands
  Duel between Yronwoods(30) -WIZ- and Rykkers(30) -WIZ- has begun.
    Edgar Yronwood(555) hit Jaremy Rykker(500) 170.
    Jaremy Rykker(330) hit Edgar Yronwood(555) 120.
    ****
    Edgar Yronwood(435) took 20 damage as DOT.
    Jaremy Rykker(330) took 20 damage as DOT.
    Edgar Yronwood(415) hit Jaremy Rykker(310) 170.
    Jaremy Rykker(140) hit Edgar Yronwood(415) 120.
    ****
    Edgar Yronwood(295) took 40 damage as DOT.
    Jaremy Rykker(140) took 40 damage as DOT.
    Edgar Yronwood(255) hit Jaremy Rykker(100) 170.
    Jaremy Rykker(-70) hit Edgar Yronwood(255) 120.
    ****
    Edgar Yronwood(135) has won.
  Duel between Daynes(30) -WHI- and Blounts(30) -WHI- has begun.
    Beric Dayne(680) hit Boros Blount(625) 160.
    Boros Blount(465) hit Beric Dayne(680) 120.
    ****
    Beric Dayne(560) took 30 damage as DOT.
    Boros Blount(465) took 30 damage as DOT.
    Beric Dayne(530) hit Boros Blount(435) 160.
    Boros Blount(275) hit Beric Dayne(530) 120.
    ****
    Beric Dayne(410) took 60 damage as DOT.
    Boros Blount(275) took 60 damage as DOT.
    Beric Dayne(350) hit Boros Blount(215) 160.
    Boros Blount(55) hit Beric Dayne(350) 120.
    ****
    Beric Dayne(230) took 90 damage as DOT.
    Boros Blount(55) took 90 damage as DOT.
    Beric Dayne(140) hit Boros Blount(-35) 160.
    Boros Blount(-195) hit Beric Dayne(140) 120.
    ****
    Beric Dayne(20) has won.
  Duel between Blackmonts(30) -WIL- and Slynts(30) -WIL- has begun.
    Larra Blackmont(455) hit Janos Slynt(425) 180.
    Janos Slynt(245) hit Larra Blackmont(455) 140.
    ****
    Larra Blackmont(315) took 25 damage as DOT.
    Janos Slynt(245) took 25 damage as DOT.
    Larra Blackmont(290) hit Janos Slynt(220) 180.
    Janos Slynt(40) hit Larra Blackmont(290) 140.
    ****
    Larra Blackmont(150) took 50 damage as DOT.
    Janos Slynt(40) took 50 damage as DOT.
    Larra Blackmont(100) hit Janos Slynt(-10) 180.
    Janos Slynt(-190) hit Larra Blackmont(100) 140.
    ****
    Both of them are dead. A draw.
  Duel between Yronwoods(33) -WIZ- and Blounts(27) -WHI- has begun.
    Edgar Yronwood(555) hit Boros Blount(625) 173.
    Boros Blount(452) hit Edgar Yronwood(555) 117.
    ****
    Edgar Yronwood(438) took 30 damage as DOT.
    Boros Blount(452) took 20 damage as DOT.
    Edgar Yronwood(408) hit Boros Blount(432) 173.
    Boros Blount(259) hit Edgar Yronwood(408) 117.
    ****
    Edgar Yronwood(291) took 60 damage as DOT.
    Boros Blount(259) took 40 damage as DOT.
    Edgar Yronwood(231) hit Boros Blount(219) 173.
    Boros Blount(46) hit Edgar Yronwood(231) 117.
    ****
    Edgar Yronwood(114) took 90 damage as DOT.
    Boros Blount(46) took 60 damage as DOT.
    Edgar Yronwood(24) hit Boros Blount(-14) 173.
    Boros Blount(-187) hit Edgar Yronwood(24) 117.
    ****
    Both of them are dead. A draw.
  Duel between Daynes(33) -WHI- and Slynts(30) -WIL- has begun.
    Beric Dayne(680) hit Janos Slynt(425) 163.
    Janos Slynt(262) hit Beric Dayne(680) 140.
    ****
    Beric Dayne(540) took 25 damage as DOT.
    Janos Slynt(262) took 30 damage as DOT.
    Beric Dayne(515) hit Janos Slynt(232) 163.
    Janos Slynt(69) hit Beric Dayne(515) 140.
    ****
    Beric Dayne(375) took 50 damage as DOT.
    Janos Slynt(69) took 60 damage as DOT.
    Beric Dayne(325) hit Janos Slynt(9) 163.
    Janos Slynt(-154) hit Beric Dayne(325) 140.
    ****
    Beric Dayne(185) has won.
  Duel between Blackmonts(30) -WIL- and Rykkers(27) -WIZ- has begun.
    Larra Blackmont(455) hit Jaremy Rykker(500) 180.
    Jaremy Rykker(320) hit Larra Blackmont(455) 117.
    ****
    Larra Blackmont(338) took 20 damage as DOT.
    Jaremy Rykker(320) took 25 damage as DOT.
    Larra Blackmont(318) hit Jaremy Rykker(295) 180.
    Jaremy Rykker(115) hit Larra Blackmont(318) 117.
    ****
    Larra Blackmont(201) took 40 damage as DOT.
    Jaremy Rykker(115) took 50 damage as DOT.
    Larra Blackmont(161) hit Jaremy Rykker(65) 180.
    Jaremy Rykker(-115) hit Larra Blackmont(161) 117.
    ****
    Larra Blackmont(44) has won.
  Duel between Yronwoods(33) -WIZ- and Slynts(27) -WIL- has begun.
    Edgar Yronwood(555) hit Janos Slynt(425) 173.
    Janos Slynt(252) hit Edgar Yronwood(555) 137.
    ****
    Edgar Yronwood(418) took 25 damage as DOT.
    Janos Slynt(252) took 20 damage as DOT.
    Edgar Yronwood(393) hit Janos Slynt(232) 173.
    Janos Slynt(59) hit Edgar Yronwood(393) 137.
    ****
    Edgar Yronwood(256) took 50 damage as DOT.
    Janos Slynt(59) took 40 damage as DOT.
    Edgar Yronwood(206) hit Janos Slynt(19) 173.
    Janos Slynt(-154) hit Edgar Yronwood(206) 137.
    ****
    Edgar Yronwood(69) has won.
  Duel between Daynes(36) -WHI- and Rykkers(24) -WIZ- has begun.
    Beric Dayne(680) hit Jaremy Rykker(500) 166.
    Jaremy Rykker(334) hit Beric Dayne(680) 114.
    ****
    Beric Dayne(566) took 20 damage as DOT.
    Jaremy Rykker(334) took 30 damage as DOT.
    Beric Dayne(546) hit Jaremy Rykker(304) 166.
    Jaremy Rykker(138) hit Beric Dayne(546) 114.
    ****
    Beric Dayne(432) took 40 damage as DOT.
    Jaremy Rykker(138) took 60 damage as DOT.
    Beric Dayne(392) hit Jaremy Rykker(78) 166.
    Jaremy Rykker(-88) hit Beric Dayne(392) 114.
    ****
    Beric Dayne(278) has won.
  Duel between Blackmonts(33) -WIL- and Blounts(27) -WHI- has begun.
    Larra Blackmont(455) hit Boros Blount(625) 183.
    Boros Blount(442) hit Larra Blackmont(455) 117.
    ****
    Larra Blackmont(338) took 30 damage as DOT.
    Boros Blount(442) took 25 damage as DOT.
    Larra Blackmont(308) hit Boros Blount(417) 183.
    Boros Blount(234) hit Larra Blackmont(308) 117.
    ****
    Larra Blackmont(191) took 60 damage as DOT.
    Boros Blount(234) took 50 damage as DOT.
    Larra Blackmont(131) hit Boros Blount(184) 183.
    Boros Blount(1) hit Larra Blackmont(131) 117.
    ****
    Larra Blackmont(14) took 90 damage as DOT.
    Boros Blount(1) took 75 damage as DOT.
    Larra Blackmont(-76) hit Boros Blount(-74) 183.
    Boros Blount(-257) hit Larra Blackmont(-76) 117.
    ****
    Both of them are dead. A draw.
  Duel between House Martell(50) -WHI- and House Baratheon(50) -WIZ- has begun.
    Oberyn Martell(630) hit Aegon Targaryen(525) 180.
    Aegon Targaryen(345) hit Oberyn Martell(630) 150.
    ****
    Oberyn Martell(480) took 20 damage as DOT.
    Aegon Targaryen(345) took 30 damage as DOT.
    Oberyn Martell(460) hit Aegon Targaryen(315) 180.
    Aegon Targaryen(135) hit Oberyn Martell(460) 150.
    ****
    Oberyn Martell(310) took 40 damage as DOT.
    Aegon Targaryen(135) took 60 damage as DOT.
    Oberyn Martell(270) hit Aegon Targaryen(75) 180.
    Aegon Targaryen(-105) hit Oberyn Martell(270) 150.
    ****
    Oberyn Martell(120) has won.
  Dorne got 9 house points. The Crownlands got 0 house points.

The winner is: Dorne with currently 1 kingdom points.
---------------
The War is over. The new owner of King's Landing is Dorne with a total of 1 points.

