War has started with 3 kingdoms.
---------------
Duel 1: The Riverlands vs The Reach
  Duel between Mallisters(30) -WIZ- and Beesburys(30) -WIL- has begun.
    Jason Mallister(490) hit Lyman Beesbury(560) 150.
    Lyman Beesbury(410) hit Jason Mallister(490) 150.
    ****
    Jason Mallister(340) took 25 damage as DOT.
    Lyman Beesbury(410) took 20 damage as DOT.
    Jason Mallister(315) hit Lyman Beesbury(390) 150.
    Lyman Beesbury(240) hit Jason Mallister(315) 150.
    ****
    Jason Mallister(165) took 50 damage as DOT.
    Lyman Beesbury(240) took 40 damage as DOT.
    Jason Mallister(115) hit Lyman Beesbury(200) 150.
    Lyman Beesbury(50) hit Jason Mallister(115) 150.
    ****
    Lyman Beesbury(50) has won.
  Duel between Smallwoods(30) -WIL- and Oakhearts(30) -WHI- has begun.
    Theomar Smallwood(515) hit Arys Oakheart(735) 175.
    Arys Oakheart(560) hit Theomar Smallwood(515) 130.
    ****
    Theomar Smallwood(385) took 30 damage as DOT.
    Arys Oakheart(560) took 25 damage as DOT.
    Theomar Smallwood(355) hit Arys Oakheart(535) 175.
    Arys Oakheart(360) hit Theomar Smallwood(355) 130.
    ****
    Theomar Smallwood(225) took 60 damage as DOT.
    Arys Oakheart(360) took 50 damage as DOT.
    Theomar Smallwood(165) hit Arys Oakheart(310) 175.
    Arys Oakheart(135) hit Theomar Smallwood(165) 130.
    ****
    Theomar Smallwood(35) took 90 damage as DOT.
    Arys Oakheart(135) took 75 damage as DOT.
    Theomar Smallwood(-55) hit Arys Oakheart(60) 175.
    Arys Oakheart(-115) hit Theomar Smallwood(-55) 130.
    ****
    Both of them are dead. A draw.
  Duel between Mootons(30) -WIZ- and Redwynes(30) -WIZ- has begun.
    William Mooton(515) hit Paxter Redwyne(585) 160.
    Paxter Redwyne(425) hit William Mooton(515) 135.
    ****
    William Mooton(380) took 20 damage as DOT.
    Paxter Redwyne(425) took 20 damage as DOT.
    William Mooton(360) hit Paxter Redwyne(405) 160.
    Paxter Redwyne(245) hit William Mooton(360) 135.
    ****
    William Mooton(225) took 40 damage as DOT.
    Paxter Redwyne(245) took 40 damage as DOT.
    William Mooton(185) hit Paxter Redwyne(205) 160.
    Paxter Redwyne(45) hit William Mooton(185) 135.
    ****
    William Mooton(50) took 60 damage as DOT.
    Paxter Redwyne(45) took 60 damage as DOT.
    William Mooton(-10) hit Paxter Redwyne(-15) 160.
    Paxter Redwyne(-175) hit William Mooton(-10) 135.
    ****
    Both of them are dead. A draw.
  Duel between Mallisters(27) -WIZ- and Oakhearts(30) -WHI- has begun.
    Jason Mallister(490) hit Arys Oakheart(735) 147.
    Arys Oakheart(588) hit Jason Mallister(490) 130.
    ****
    Jason Mallister(360) took 30 damage as DOT.
    Arys Oakheart(588) took 20 damage as DOT.
    Jason Mallister(330) hit Arys Oakheart(568) 147.
    Arys Oakheart(421) hit Jason Mallister(330) 130.
    ****
    Jason Mallister(200) took 60 damage as DOT.
    Arys Oakheart(421) took 40 damage as DOT.
    Jason Mallister(140) hit Arys Oakheart(381) 147.
    Arys Oakheart(234) hit Jason Mallister(140) 130.
    ****
    Jason Mallister(10) took 90 damage as DOT.
    Arys Oakheart(234) took 60 damage as DOT.
    Jason Mallister(-80) hit Arys Oakheart(174) 147.
    Arys Oakheart(27) hit Jason Mallister(-80) 130.
    ****
    Arys Oakheart(27) has won.
  Duel between Smallwoods(30) -WIL- and Redwynes(30) -WIZ- has begun.
    Theomar Smallwood(515) hit Paxter Redwyne(585) 175.
    Paxter Redwyne(410) hit Theomar Smallwood(515) 135.
    ****
    Theomar Smallwood(380) took 20 damage as DOT.
    Paxter Redwyne(410) took 25 damage as DOT.
    Theomar Smallwood(360) hit Paxter Redwyne(385) 175.
    Paxter Redwyne(210) hit Theomar Smallwood(360) 135.
    ****
    Theomar Smallwood(225) took 40 damage as DOT.
    Paxter Redwyne(210) took 50 damage as DOT.
    Theomar Smallwood(185) hit Paxter Redwyne(160) 175.
    Paxter Redwyne(-15) hit Theomar Smallwood(185) 135.
    ****
    Theomar Smallwood(50) has won.
  Duel between Mootons(30) -WIZ- and Beesburys(33) -WIL- has begun.
    William Mooton(515) hit Lyman Beesbury(560) 160.
    Lyman Beesbury(400) hit William Mooton(515) 153.
    ****
    William Mooton(362) took 25 damage as DOT.
    Lyman Beesbury(400) took 20 damage as DOT.
    William Mooton(337) hit Lyman Beesbury(380) 160.
    Lyman Beesbury(220) hit William Mooton(337) 153.
    ****
    William Mooton(184) took 50 damage as DOT.
    Lyman Beesbury(220) took 40 damage as DOT.
    William Mooton(134) hit Lyman Beesbury(180) 160.
    Lyman Beesbury(20) hit William Mooton(134) 153.
    ****
    Lyman Beesbury(20) has won.
  Duel between Mallisters(24) -WIZ- and Redwynes(27) -WIZ- has begun.
    Jason Mallister(490) hit Paxter Redwyne(585) 144.
    Paxter Redwyne(441) hit Jason Mallister(490) 132.
    ****
    Jason Mallister(358) took 20 damage as DOT.
    Paxter Redwyne(441) took 20 damage as DOT.
    Jason Mallister(338) hit Paxter Redwyne(421) 144.
    Paxter Redwyne(277) hit Jason Mallister(338) 132.
    ****
    Jason Mallister(206) took 40 damage as DOT.
    Paxter Redwyne(277) took 40 damage as DOT.
    Jason Mallister(166) hit Paxter Redwyne(237) 144.
    Paxter Redwyne(93) hit Jason Mallister(166) 132.
    ****
    Jason Mallister(34) took 60 damage as DOT.
    Paxter Redwyne(93) took 60 damage as DOT.
    Jason Mallister(-26) hit Paxter Redwyne(33) 144.
    Paxter Redwyne(-111) hit Jason Mallister(-26) 132.
    ****
    Both of them are dead. A draw.
  Duel between Smallwoods(33) -WIL- and Beesburys(36) -WIL- has begun.
    Theomar Smallwood(515) hit Lyman Beesbury(560) 178.
    Lyman Beesbury(382) hit Theomar Smallwood(515) 156.
    ****
    Theomar Smallwood(359) took 25 damage as DOT.
    Lyman Beesbury(382) took 25 damage as DOT.
    Theomar Smallwood(334) hit Lyman Beesbury(357) 178.
    Lyman Beesbury(179) hit Theomar Smallwood(334) 156.
    ****
    Theomar Smallwood(178) took 50 damage as DOT.
    Lyman Beesbury(179) took 50 damage as DOT.
    Theomar Smallwood(128) hit Lyman Beesbury(129) 178.
    Lyman Beesbury(-49) hit Theomar Smallwood(128) 156.
    ****
    Both of them are dead. A draw.
  Duel between Mootons(27) -WIZ- and Oakhearts(33) -WHI- has begun.
    William Mooton(515) hit Arys Oakheart(735) 157.
    Arys Oakheart(578) hit William Mooton(515) 133.
    ****
    William Mooton(382) took 30 damage as DOT.
    Arys Oakheart(578) took 20 damage as DOT.
    William Mooton(352) hit Arys Oakheart(558) 157.
    Arys Oakheart(401) hit William Mooton(352) 133.
    ****
    William Mooton(219) took 60 damage as DOT.
    Arys Oakheart(401) took 40 damage as DOT.
    William Mooton(159) hit Arys Oakheart(361) 157.
    Arys Oakheart(204) hit William Mooton(159) 133.
    ****
    William Mooton(26) took 90 damage as DOT.
    Arys Oakheart(204) took 60 damage as DOT.
    William Mooton(-64) hit Arys Oakheart(144) 157.
    Arys Oakheart(-13) hit William Mooton(-64) 133.
    ****
    Both of them are dead. A draw.
  Duel between House Bolton(50) -WHI- and House Lannister(50) -WIZ- has begun.
    Stevron Frey(640) hit Mace Tyrell(560) 170.
    Mace Tyrell(390) hit Stevron Frey(640) 145.
    ****
    Stevron Frey(495) took 20 damage as DOT.
    Mace Tyrell(390) took 30 damage as DOT.
    Stevron Frey(475) hit Mace Tyrell(360) 170.
    Mace Tyrell(190) hit Stevron Frey(475) 145.
    ****
    Stevron Frey(330) took 40 damage as DOT.
    Mace Tyrell(190) took 60 damage as DOT.
    Stevron Frey(290) hit Mace Tyrell(130) 170.
    Mace Tyrell(-40) hit Stevron Frey(290) 145.
    ****
    Stevron Frey(145) has won.
  The Riverlands got 4 house points. The Reach got 3 house points.

The winner is: The Riverlands with currently 1 kingdom points.
---------------
---------------
Duel 2: The Reach vs The Westernlands
  Duel between Beesburys(36) -WIL- and Crakehalls(30) -WHI- has begun.
    Lyman Beesbury(560) hit Desmond Crakehall(660) 156.
    Desmond Crakehall(504) hit Lyman Beesbury(560) 130.
    ****
    Lyman Beesbury(430) took 30 damage as DOT.
    Desmond Crakehall(504) took 25 damage as DOT.
    Lyman Beesbury(400) hit Desmond Crakehall(479) 156.
    Desmond Crakehall(323) hit Lyman Beesbury(400) 130.
    ****
    Lyman Beesbury(270) took 60 damage as DOT.
    Desmond Crakehall(323) took 50 damage as DOT.
    Lyman Beesbury(210) hit Desmond Crakehall(273) 156.
    Desmond Crakehall(117) hit Lyman Beesbury(210) 130.
    ****
    Lyman Beesbury(80) took 90 damage as DOT.
    Desmond Crakehall(117) took 75 damage as DOT.
    Lyman Beesbury(-10) hit Desmond Crakehall(42) 156.
    Desmond Crakehall(-114) hit Lyman Beesbury(-10) 130.
    ****
    Both of them are dead. A draw.
  Duel between Oakhearts(33) -WHI- and Leffords(30) -WIZ- has begun.
    Arys Oakheart(735) hit Leo Lefford(510) 133.
    Leo Lefford(377) hit Arys Oakheart(735) 140.
    ****
    Arys Oakheart(595) took 20 damage as DOT.
    Leo Lefford(377) took 30 damage as DOT.
    Arys Oakheart(575) hit Leo Lefford(347) 133.
    Leo Lefford(214) hit Arys Oakheart(575) 140.
    ****
    Arys Oakheart(435) took 40 damage as DOT.
    Leo Lefford(214) took 60 damage as DOT.
    Arys Oakheart(395) hit Leo Lefford(154) 133.
    Leo Lefford(21) hit Arys Oakheart(395) 140.
    ****
    Arys Oakheart(255) took 60 damage as DOT.
    Leo Lefford(21) took 90 damage as DOT.
    Arys Oakheart(195) hit Leo Lefford(-69) 133.
    Leo Lefford(-202) hit Arys Oakheart(195) 140.
    ****
    Arys Oakheart(55) has won.
  Duel between Redwynes(27) -WIZ- and Sarsfields(30) -WIZ- has begun.
    Paxter Redwyne(585) hit Eldrick Sarsfield(535) 132.
    Eldrick Sarsfield(403) hit Paxter Redwyne(585) 135.
    ****
    Paxter Redwyne(450) took 20 damage as DOT.
    Eldrick Sarsfield(403) took 20 damage as DOT.
    Paxter Redwyne(430) hit Eldrick Sarsfield(383) 132.
    Eldrick Sarsfield(251) hit Paxter Redwyne(430) 135.
    ****
    Paxter Redwyne(295) took 40 damage as DOT.
    Eldrick Sarsfield(251) took 40 damage as DOT.
    Paxter Redwyne(255) hit Eldrick Sarsfield(211) 132.
    Eldrick Sarsfield(79) hit Paxter Redwyne(255) 135.
    ****
    Paxter Redwyne(120) took 60 damage as DOT.
    Eldrick Sarsfield(79) took 60 damage as DOT.
    Paxter Redwyne(60) hit Eldrick Sarsfield(19) 132.
    Eldrick Sarsfield(-113) hit Paxter Redwyne(60) 135.
    ****
    Both of them are dead. A draw.
  Duel between Beesburys(36) -WIL- and Leffords(27) -WIZ- has begun.
    Lyman Beesbury(560) hit Leo Lefford(510) 156.
    Leo Lefford(354) hit Lyman Beesbury(560) 137.
    ****
    Lyman Beesbury(423) took 20 damage as DOT.
    Leo Lefford(354) took 25 damage as DOT.
    Lyman Beesbury(403) hit Leo Lefford(329) 156.
    Leo Lefford(173) hit Lyman Beesbury(403) 137.
    ****
    Lyman Beesbury(266) took 40 damage as DOT.
    Leo Lefford(173) took 50 damage as DOT.
    Lyman Beesbury(226) hit Leo Lefford(123) 156.
    Leo Lefford(-33) hit Lyman Beesbury(226) 137.
    ****
    Lyman Beesbury(89) has won.
  Duel between Oakhearts(36) -WHI- and Sarsfields(30) -WIZ- has begun.
    Arys Oakheart(735) hit Eldrick Sarsfield(535) 136.
    Eldrick Sarsfield(399) hit Arys Oakheart(735) 135.
    ****
    Arys Oakheart(600) took 20 damage as DOT.
    Eldrick Sarsfield(399) took 30 damage as DOT.
    Arys Oakheart(580) hit Eldrick Sarsfield(369) 136.
    Eldrick Sarsfield(233) hit Arys Oakheart(580) 135.
    ****
    Arys Oakheart(445) took 40 damage as DOT.
    Eldrick Sarsfield(233) took 60 damage as DOT.
    Arys Oakheart(405) hit Eldrick Sarsfield(173) 136.
    Eldrick Sarsfield(37) hit Arys Oakheart(405) 135.
    ****
    Arys Oakheart(270) took 60 damage as DOT.
    Eldrick Sarsfield(37) took 90 damage as DOT.
    Arys Oakheart(210) hit Eldrick Sarsfield(-53) 136.
    Eldrick Sarsfield(-189) hit Arys Oakheart(210) 135.
    ****
    Arys Oakheart(75) has won.
  Duel between Redwynes(27) -WIZ- and Crakehalls(30) -WHI- has begun.
    Paxter Redwyne(585) hit Desmond Crakehall(660) 132.
    Desmond Crakehall(528) hit Paxter Redwyne(585) 130.
    ****
    Paxter Redwyne(455) took 30 damage as DOT.
    Desmond Crakehall(528) took 20 damage as DOT.
    Paxter Redwyne(425) hit Desmond Crakehall(508) 132.
    Desmond Crakehall(376) hit Paxter Redwyne(425) 130.
    ****
    Paxter Redwyne(295) took 60 damage as DOT.
    Desmond Crakehall(376) took 40 damage as DOT.
    Paxter Redwyne(235) hit Desmond Crakehall(336) 132.
    Desmond Crakehall(204) hit Paxter Redwyne(235) 130.
    ****
    Paxter Redwyne(105) took 90 damage as DOT.
    Desmond Crakehall(204) took 60 damage as DOT.
    Paxter Redwyne(15) hit Desmond Crakehall(144) 132.
    Desmond Crakehall(12) hit Paxter Redwyne(15) 130.
    ****
    Desmond Crakehall(12) has won.
  Duel between Beesburys(39) -WIL- and Sarsfields(27) -WIZ- has begun.
    Lyman Beesbury(560) hit Eldrick Sarsfield(535) 159.
    Eldrick Sarsfield(376) hit Lyman Beesbury(560) 132.
    ****
    Lyman Beesbury(428) took 20 damage as DOT.
    Eldrick Sarsfield(376) took 25 damage as DOT.
    Lyman Beesbury(408) hit Eldrick Sarsfield(351) 159.
    Eldrick Sarsfield(192) hit Lyman Beesbury(408) 132.
    ****
    Lyman Beesbury(276) took 40 damage as DOT.
    Eldrick Sarsfield(192) took 50 damage as DOT.
    Lyman Beesbury(236) hit Eldrick Sarsfield(142) 159.
    Eldrick Sarsfield(-17) hit Lyman Beesbury(236) 132.
    ****
    Lyman Beesbury(104) has won.
  Duel between Oakhearts(39) -WHI- and Crakehalls(33) -WHI- has begun.
    Arys Oakheart(735) hit Desmond Crakehall(660) 139.
    Desmond Crakehall(521) hit Arys Oakheart(735) 133.
    ****
    Arys Oakheart(602) took 30 damage as DOT.
    Desmond Crakehall(521) took 30 damage as DOT.
    Arys Oakheart(572) hit Desmond Crakehall(491) 139.
    Desmond Crakehall(352) hit Arys Oakheart(572) 133.
    ****
    Arys Oakheart(439) took 60 damage as DOT.
    Desmond Crakehall(352) took 60 damage as DOT.
    Arys Oakheart(379) hit Desmond Crakehall(292) 139.
    Desmond Crakehall(153) hit Arys Oakheart(379) 133.
    ****
    Arys Oakheart(246) took 90 damage as DOT.
    Desmond Crakehall(153) took 90 damage as DOT.
    Arys Oakheart(156) hit Desmond Crakehall(63) 139.
    Desmond Crakehall(-76) hit Arys Oakheart(156) 133.
    ****
    Arys Oakheart(23) has won.
  Duel between Redwynes(24) -WIZ- and Leffords(24) -WIZ- has begun.
    Paxter Redwyne(585) hit Leo Lefford(510) 129.
    Leo Lefford(381) hit Paxter Redwyne(585) 134.
    ****
    Paxter Redwyne(451) took 20 damage as DOT.
    Leo Lefford(381) took 20 damage as DOT.
    Paxter Redwyne(431) hit Leo Lefford(361) 129.
    Leo Lefford(232) hit Paxter Redwyne(431) 134.
    ****
    Paxter Redwyne(297) took 40 damage as DOT.
    Leo Lefford(232) took 40 damage as DOT.
    Paxter Redwyne(257) hit Leo Lefford(192) 129.
    Leo Lefford(63) hit Paxter Redwyne(257) 134.
    ****
    Paxter Redwyne(123) took 60 damage as DOT.
    Leo Lefford(63) took 60 damage as DOT.
    Paxter Redwyne(63) hit Leo Lefford(3) 129.
    Leo Lefford(-126) hit Paxter Redwyne(63) 134.
    ****
    Both of them are dead. A draw.
  Duel between House Lannister(45) -WIZ- and House Frey(50) -WIL- has begun.
    Mace Tyrell(560) hit Tyrion Lannister(560) 140.
    Tyrion Lannister(420) hit Mace Tyrell(560) 175.
    ****
    Mace Tyrell(385) took 25 damage as DOT.
    Tyrion Lannister(420) took 20 damage as DOT.
    Mace Tyrell(360) hit Tyrion Lannister(400) 140.
    Tyrion Lannister(260) hit Mace Tyrell(360) 175.
    ****
    Mace Tyrell(185) took 50 damage as DOT.
    Tyrion Lannister(260) took 40 damage as DOT.
    Mace Tyrell(135) hit Tyrion Lannister(220) 140.
    Tyrion Lannister(80) hit Mace Tyrell(135) 175.
    ****
    Tyrion Lannister(80) has won.
  The Reach got 5 house points. The Westernlands got 4 house points.

The winner is: The Reach with currently 1 kingdom points.
---------------
---------------
Duel 3: The Riverlands vs The Westernlands
  Duel between Mallisters(24) -WIZ- and Crakehalls(30) -WHI- has begun.
    Jason Mallister(490) hit Desmond Crakehall(660) 144.
    Desmond Crakehall(516) hit Jason Mallister(490) 130.
    ****
    Jason Mallister(360) took 30 damage as DOT.
    Desmond Crakehall(516) took 20 damage as DOT.
    Jason Mallister(330) hit Desmond Crakehall(496) 144.
    Desmond Crakehall(352) hit Jason Mallister(330) 130.
    ****
    Jason Mallister(200) took 60 damage as DOT.
    Desmond Crakehall(352) took 40 damage as DOT.
    Jason Mallister(140) hit Desmond Crakehall(312) 144.
    Desmond Crakehall(168) hit Jason Mallister(140) 130.
    ****
    Jason Mallister(10) took 90 damage as DOT.
    Desmond Crakehall(168) took 60 damage as DOT.
    Jason Mallister(-80) hit Desmond Crakehall(108) 144.
    Desmond Crakehall(-36) hit Jason Mallister(-80) 130.
    ****
    Both of them are dead. A draw.
  Duel between Smallwoods(33) -WIL- and Leffords(24) -WIZ- has begun.
    Theomar Smallwood(515) hit Leo Lefford(510) 178.
    Leo Lefford(332) hit Theomar Smallwood(515) 134.
    ****
    Theomar Smallwood(381) took 20 damage as DOT.
    Leo Lefford(332) took 25 damage as DOT.
    Theomar Smallwood(361) hit Leo Lefford(307) 178.
    Leo Lefford(129) hit Theomar Smallwood(361) 134.
    ****
    Theomar Smallwood(227) took 40 damage as DOT.
    Leo Lefford(129) took 50 damage as DOT.
    Theomar Smallwood(187) hit Leo Lefford(79) 178.
    Leo Lefford(-99) hit Theomar Smallwood(187) 134.
    ****
    Theomar Smallwood(53) has won.
  Duel between Mootons(27) -WIZ- and Sarsfields(24) -WIZ- has begun.
    William Mooton(515) hit Eldrick Sarsfield(535) 157.
    Eldrick Sarsfield(378) hit William Mooton(515) 129.
    ****
    William Mooton(386) took 20 damage as DOT.
    Eldrick Sarsfield(378) took 20 damage as DOT.
    William Mooton(366) hit Eldrick Sarsfield(358) 157.
    Eldrick Sarsfield(201) hit William Mooton(366) 129.
    ****
    William Mooton(237) took 40 damage as DOT.
    Eldrick Sarsfield(201) took 40 damage as DOT.
    William Mooton(197) hit Eldrick Sarsfield(161) 157.
    Eldrick Sarsfield(4) hit William Mooton(197) 129.
    ****
    William Mooton(68) took 60 damage as DOT.
    Eldrick Sarsfield(4) took 60 damage as DOT.
    William Mooton(8) hit Eldrick Sarsfield(-56) 157.
    Eldrick Sarsfield(-213) hit William Mooton(8) 129.
    ****
    Both of them are dead. A draw.
  Duel between Mallisters(24) -WIZ- and Leffords(21) -WIZ- has begun.
    Jason Mallister(490) hit Leo Lefford(510) 144.
    Leo Lefford(366) hit Jason Mallister(490) 131.
    ****
    Jason Mallister(359) took 20 damage as DOT.
    Leo Lefford(366) took 20 damage as DOT.
    Jason Mallister(339) hit Leo Lefford(346) 144.
    Leo Lefford(202) hit Jason Mallister(339) 131.
    ****
    Jason Mallister(208) took 40 damage as DOT.
    Leo Lefford(202) took 40 damage as DOT.
    Jason Mallister(168) hit Leo Lefford(162) 144.
    Leo Lefford(18) hit Jason Mallister(168) 131.
    ****
    Jason Mallister(37) took 60 damage as DOT.
    Leo Lefford(18) took 60 damage as DOT.
    Jason Mallister(-23) hit Leo Lefford(-42) 144.
    Leo Lefford(-186) hit Jason Mallister(-23) 131.
    ****
    Both of them are dead. A draw.
  Duel between Smallwoods(36) -WIL- and Sarsfields(24) -WIZ- has begun.
    Theomar Smallwood(515) hit Eldrick Sarsfield(535) 181.
    Eldrick Sarsfield(354) hit Theomar Smallwood(515) 129.
    ****
    Theomar Smallwood(386) took 20 damage as DOT.
    Eldrick Sarsfield(354) took 25 damage as DOT.
    Theomar Smallwood(366) hit Eldrick Sarsfield(329) 181.
    Eldrick Sarsfield(148) hit Theomar Smallwood(366) 129.
    ****
    Theomar Smallwood(237) took 40 damage as DOT.
    Eldrick Sarsfield(148) took 50 damage as DOT.
    Theomar Smallwood(197) hit Eldrick Sarsfield(98) 181.
    Eldrick Sarsfield(-83) hit Theomar Smallwood(197) 129.
    ****
    Theomar Smallwood(68) has won.
  Duel between Mootons(27) -WIZ- and Crakehalls(30) -WHI- has begun.
    William Mooton(515) hit Desmond Crakehall(660) 157.
    Desmond Crakehall(503) hit William Mooton(515) 130.
    ****
    William Mooton(385) took 30 damage as DOT.
    Desmond Crakehall(503) took 20 damage as DOT.
    William Mooton(355) hit Desmond Crakehall(483) 157.
    Desmond Crakehall(326) hit William Mooton(355) 130.
    ****
    William Mooton(225) took 60 damage as DOT.
    Desmond Crakehall(326) took 40 damage as DOT.
    William Mooton(165) hit Desmond Crakehall(286) 157.
    Desmond Crakehall(129) hit William Mooton(165) 130.
    ****
    William Mooton(35) took 90 damage as DOT.
    Desmond Crakehall(129) took 60 damage as DOT.
    William Mooton(-55) hit Desmond Crakehall(69) 157.
    Desmond Crakehall(-88) hit William Mooton(-55) 130.
    ****
    Both of them are dead. A draw.
  Duel between Mallisters(24) -WIZ- and Sarsfields(21) -WIZ- has begun.
    Jason Mallister(490) hit Eldrick Sarsfield(535) 144.
    Eldrick Sarsfield(391) hit Jason Mallister(490) 126.
    ****
    Jason Mallister(364) took 20 damage as DOT.
    Eldrick Sarsfield(391) took 20 damage as DOT.
    Jason Mallister(344) hit Eldrick Sarsfield(371) 144.
    Eldrick Sarsfield(227) hit Jason Mallister(344) 126.
    ****
    Jason Mallister(218) took 40 damage as DOT.
    Eldrick Sarsfield(227) took 40 damage as DOT.
    Jason Mallister(178) hit Eldrick Sarsfield(187) 144.
    Eldrick Sarsfield(43) hit Jason Mallister(178) 126.
    ****
    Jason Mallister(52) took 60 damage as DOT.
    Eldrick Sarsfield(43) took 60 damage as DOT.
    Jason Mallister(-8) hit Eldrick Sarsfield(-17) 144.
    Eldrick Sarsfield(-161) hit Jason Mallister(-8) 126.
    ****
    Both of them are dead. A draw.
  Duel between Smallwoods(39) -WIL- and Crakehalls(30) -WHI- has begun.
    Theomar Smallwood(515) hit Desmond Crakehall(660) 184.
    Desmond Crakehall(476) hit Theomar Smallwood(515) 130.
    ****
    Theomar Smallwood(385) took 30 damage as DOT.
    Desmond Crakehall(476) took 25 damage as DOT.
    Theomar Smallwood(355) hit Desmond Crakehall(451) 184.
    Desmond Crakehall(267) hit Theomar Smallwood(355) 130.
    ****
    Theomar Smallwood(225) took 60 damage as DOT.
    Desmond Crakehall(267) took 50 damage as DOT.
    Theomar Smallwood(165) hit Desmond Crakehall(217) 184.
    Desmond Crakehall(33) hit Theomar Smallwood(165) 130.
    ****
    Theomar Smallwood(35) took 90 damage as DOT.
    Desmond Crakehall(33) took 75 damage as DOT.
    Theomar Smallwood(-55) hit Desmond Crakehall(-42) 184.
    Desmond Crakehall(-226) hit Theomar Smallwood(-55) 130.
    ****
    Both of them are dead. A draw.
  Duel between Mootons(27) -WIZ- and Leffords(21) -WIZ- has begun.
    William Mooton(515) hit Leo Lefford(510) 157.
    Leo Lefford(353) hit William Mooton(515) 131.
    ****
    William Mooton(384) took 20 damage as DOT.
    Leo Lefford(353) took 20 damage as DOT.
    William Mooton(364) hit Leo Lefford(333) 157.
    Leo Lefford(176) hit William Mooton(364) 131.
    ****
    William Mooton(233) took 40 damage as DOT.
    Leo Lefford(176) took 40 damage as DOT.
    William Mooton(193) hit Leo Lefford(136) 157.
    Leo Lefford(-21) hit William Mooton(193) 131.
    ****
    William Mooton(62) has won.
  Duel between House Bolton(55) -WHI- and House Frey(55) -WIL- has begun.
    Stevron Frey(640) hit Tyrion Lannister(560) 175.
    Tyrion Lannister(385) hit Stevron Frey(640) 180.
    ****
    Stevron Frey(460) took 25 damage as DOT.
    Tyrion Lannister(385) took 30 damage as DOT.
    Stevron Frey(435) hit Tyrion Lannister(355) 175.
    Tyrion Lannister(180) hit Stevron Frey(435) 180.
    ****
    Stevron Frey(255) took 50 damage as DOT.
    Tyrion Lannister(180) took 60 damage as DOT.
    Stevron Frey(205) hit Tyrion Lannister(120) 175.
    Tyrion Lannister(-55) hit Stevron Frey(205) 180.
    ****
    Stevron Frey(25) has won.
  The Riverlands got 6 house points. The Westernlands got 0 house points.

The winner is: The Riverlands with currently 2 kingdom points.
---------------
The War is over. The new owner of King's Landing is The Riverlands with a total of 2 points.

