War has started with 3 kingdoms.
---------------
Duel 1: The Westernlands vs The Reach
  Duel between Westerlings(30) -WIZ- and Bulwers(30) -WIL- has begun.
    Gawen Westerling(525) hit Jack Bulwer(490) 130.
    Jack Bulwer(360) hit Gawen Westerling(525) 175.
    ****
    Gawen Westerling(350) took 25 damage as DOT.
    Jack Bulwer(360) took 20 damage as DOT.
    Gawen Westerling(325) hit Jack Bulwer(340) 130.
    Jack Bulwer(210) hit Gawen Westerling(325) 175.
    ****
    Gawen Westerling(150) took 50 damage as DOT.
    Jack Bulwer(210) took 40 damage as DOT.
    Gawen Westerling(100) hit Jack Bulwer(170) 130.
    Jack Bulwer(40) hit Gawen Westerling(100) 175.
    ****
    Jack Bulwer(40) has won.
  Duel between Serretts(30) -WIZ- and Ashfords(30) -WIZ- has begun.
    Lord Serrett(475) hit Lord Ashford(565) 125.
    Lord Ashford(440) hit Lord Serrett(475) 160.
    ****
    Lord Serrett(315) took 20 damage as DOT.
    Lord Ashford(440) took 20 damage as DOT.
    Lord Serrett(295) hit Lord Ashford(420) 125.
    Lord Ashford(295) hit Lord Serrett(295) 160.
    ****
    Lord Serrett(135) took 40 damage as DOT.
    Lord Ashford(295) took 40 damage as DOT.
    Lord Serrett(95) hit Lord Ashford(255) 125.
    Lord Ashford(130) hit Lord Serrett(95) 160.
    ****
    Lord Ashford(130) has won.
  Duel between Leffords(30) -WIZ- and Hightowers(30) -WIL- has begun.
    Leo Lefford(475) hit Leyton Hightower(515) 130.
    Leyton Hightower(385) hit Leo Lefford(475) 170.
    ****
    Leo Lefford(305) took 25 damage as DOT.
    Leyton Hightower(385) took 20 damage as DOT.
    Leo Lefford(280) hit Leyton Hightower(365) 130.
    Leyton Hightower(235) hit Leo Lefford(280) 170.
    ****
    Leo Lefford(110) took 50 damage as DOT.
    Leyton Hightower(235) took 40 damage as DOT.
    Leo Lefford(60) hit Leyton Hightower(195) 130.
    Leyton Hightower(65) hit Leo Lefford(60) 170.
    ****
    Leyton Hightower(65) has won.
  Duel between Westerlings(27) -WIZ- and Ashfords(33) -WIZ- has begun.
    Gawen Westerling(525) hit Lord Ashford(565) 127.
    Lord Ashford(438) hit Gawen Westerling(525) 163.
    ****
    Gawen Westerling(362) took 20 damage as DOT.
    Lord Ashford(438) took 20 damage as DOT.
    Gawen Westerling(342) hit Lord Ashford(418) 127.
    Lord Ashford(291) hit Gawen Westerling(342) 163.
    ****
    Gawen Westerling(179) took 40 damage as DOT.
    Lord Ashford(291) took 40 damage as DOT.
    Gawen Westerling(139) hit Lord Ashford(251) 127.
    Lord Ashford(124) hit Gawen Westerling(139) 163.
    ****
    Lord Ashford(124) has won.
  Duel between Serretts(27) -WIZ- and Hightowers(33) -WIL- has begun.
    Lord Serrett(475) hit Leyton Hightower(515) 122.
    Leyton Hightower(393) hit Lord Serrett(475) 173.
    ****
    Lord Serrett(302) took 25 damage as DOT.
    Leyton Hightower(393) took 20 damage as DOT.
    Lord Serrett(277) hit Leyton Hightower(373) 122.
    Leyton Hightower(251) hit Lord Serrett(277) 173.
    ****
    Lord Serrett(104) took 50 damage as DOT.
    Leyton Hightower(251) took 40 damage as DOT.
    Lord Serrett(54) hit Leyton Hightower(211) 122.
    Leyton Hightower(89) hit Lord Serrett(54) 173.
    ****
    Leyton Hightower(89) has won.
  Duel between Leffords(27) -WIZ- and Bulwers(33) -WIL- has begun.
    Leo Lefford(475) hit Jack Bulwer(490) 127.
    Jack Bulwer(363) hit Leo Lefford(475) 178.
    ****
    Leo Lefford(297) took 25 damage as DOT.
    Jack Bulwer(363) took 20 damage as DOT.
    Leo Lefford(272) hit Jack Bulwer(343) 127.
    Jack Bulwer(216) hit Leo Lefford(272) 178.
    ****
    Leo Lefford(94) took 50 damage as DOT.
    Jack Bulwer(216) took 40 damage as DOT.
    Leo Lefford(44) hit Jack Bulwer(176) 127.
    Jack Bulwer(49) hit Leo Lefford(44) 178.
    ****
    Jack Bulwer(49) has won.
  Duel between Westerlings(24) -WIZ- and Hightowers(36) -WIL- has begun.
    Gawen Westerling(525) hit Leyton Hightower(515) 124.
    Leyton Hightower(391) hit Gawen Westerling(525) 176.
    ****
    Gawen Westerling(349) took 25 damage as DOT.
    Leyton Hightower(391) took 20 damage as DOT.
    Gawen Westerling(324) hit Leyton Hightower(371) 124.
    Leyton Hightower(247) hit Gawen Westerling(324) 176.
    ****
    Gawen Westerling(148) took 50 damage as DOT.
    Leyton Hightower(247) took 40 damage as DOT.
    Gawen Westerling(98) hit Leyton Hightower(207) 124.
    Leyton Hightower(83) hit Gawen Westerling(98) 176.
    ****
    Leyton Hightower(83) has won.
  Duel between Serretts(24) -WIZ- and Bulwers(36) -WIL- has begun.
    Lord Serrett(475) hit Jack Bulwer(490) 119.
    Jack Bulwer(371) hit Lord Serrett(475) 181.
    ****
    Lord Serrett(294) took 25 damage as DOT.
    Jack Bulwer(371) took 20 damage as DOT.
    Lord Serrett(269) hit Jack Bulwer(351) 119.
    Jack Bulwer(232) hit Lord Serrett(269) 181.
    ****
    Lord Serrett(88) took 50 damage as DOT.
    Jack Bulwer(232) took 40 damage as DOT.
    Lord Serrett(38) hit Jack Bulwer(192) 119.
    Jack Bulwer(73) hit Lord Serrett(38) 181.
    ****
    Jack Bulwer(73) has won.
  Duel between Leffords(24) -WIZ- and Ashfords(36) -WIZ- has begun.
    Leo Lefford(475) hit Lord Ashford(565) 124.
    Lord Ashford(441) hit Leo Lefford(475) 166.
    ****
    Leo Lefford(309) took 20 damage as DOT.
    Lord Ashford(441) took 20 damage as DOT.
    Leo Lefford(289) hit Lord Ashford(421) 124.
    Lord Ashford(297) hit Leo Lefford(289) 166.
    ****
    Leo Lefford(123) took 40 damage as DOT.
    Lord Ashford(297) took 40 damage as DOT.
    Leo Lefford(83) hit Lord Ashford(257) 124.
    Lord Ashford(133) hit Leo Lefford(83) 166.
    ****
    Lord Ashford(133) has won.
  Duel between House Frey(50) -WIZ- and House Lannister(50) -WIZ- has begun.
    Lancel Lannister(450) hit Mace Tyrell(515) 150.
    Mace Tyrell(365) hit Lancel Lannister(450) 180.
    ****
    Lancel Lannister(270) took 20 damage as DOT.
    Mace Tyrell(365) took 20 damage as DOT.
    Lancel Lannister(250) hit Mace Tyrell(345) 150.
    Mace Tyrell(195) hit Lancel Lannister(250) 180.
    ****
    Lancel Lannister(70) took 40 damage as DOT.
    Mace Tyrell(195) took 40 damage as DOT.
    Lancel Lannister(30) hit Mace Tyrell(155) 150.
    Mace Tyrell(5) hit Lancel Lannister(30) 180.
    ****
    Mace Tyrell(5) has won.
  The Westernlands got 0 house points. The Reach got 12 house points.

The winner is: The Reach with currently 1 kingdom points.
---------------
---------------
Duel 2: The Reach vs The Vale of Arryn
  Duel between Bulwers(39) -WIL- and Moores(30) -WIZ- has begun.
    Jack Bulwer(490) hit Mandon Moore(508) 184.
    Mandon Moore(324) hit Jack Bulwer(490) 148.
    ****
    Jack Bulwer(342) took 20 damage as DOT.
    Mandon Moore(324) took 25 damage as DOT.
    Jack Bulwer(322) hit Mandon Moore(299) 184.
    Mandon Moore(115) hit Jack Bulwer(322) 148.
    ****
    Jack Bulwer(174) took 40 damage as DOT.
    Mandon Moore(115) took 50 damage as DOT.
    Jack Bulwer(134) hit Mandon Moore(65) 184.
    Mandon Moore(-119) hit Jack Bulwer(134) 148.
    ****
    Both of them are dead. A draw.
  Duel between Ashfords(39) -WIZ- and Lynderlys(30) -WIL- has begun.
    Lord Ashford(565) hit Jon Lynderly(458) 169.
    Jon Lynderly(289) hit Lord Ashford(565) 178.
    ****
    Lord Ashford(387) took 25 damage as DOT.
    Jon Lynderly(289) took 20 damage as DOT.
    Lord Ashford(362) hit Jon Lynderly(269) 169.
    Jon Lynderly(100) hit Lord Ashford(362) 178.
    ****
    Lord Ashford(184) took 50 damage as DOT.
    Jon Lynderly(100) took 40 damage as DOT.
    Lord Ashford(134) hit Jon Lynderly(60) 169.
    Jon Lynderly(-109) hit Lord Ashford(134) 178.
    ****
    Both of them are dead. A draw.
  Duel between Hightowers(39) -WIL- and Corbrays(30) -WIL- has begun.
    Leyton Hightower(515) hit Vance Corbray(508) 179.
    Vance Corbray(329) hit Leyton Hightower(515) 178.
    ****
    Leyton Hightower(337) took 25 damage as DOT.
    Vance Corbray(329) took 25 damage as DOT.
    Leyton Hightower(312) hit Vance Corbray(304) 179.
    Vance Corbray(125) hit Leyton Hightower(312) 178.
    ****
    Leyton Hightower(134) took 50 damage as DOT.
    Vance Corbray(125) took 50 damage as DOT.
    Leyton Hightower(84) hit Vance Corbray(75) 179.
    Vance Corbray(-104) hit Leyton Hightower(84) 178.
    ****
    Both of them are dead. A draw.
  Duel between Bulwers(39) -WIL- and Lynderlys(30) -WIL- has begun.
    Jack Bulwer(490) hit Jon Lynderly(458) 184.
    Jon Lynderly(274) hit Jack Bulwer(490) 178.
    ****
    Jack Bulwer(312) took 25 damage as DOT.
    Jon Lynderly(274) took 25 damage as DOT.
    Jack Bulwer(287) hit Jon Lynderly(249) 184.
    Jon Lynderly(65) hit Jack Bulwer(287) 178.
    ****
    Jack Bulwer(109) took 50 damage as DOT.
    Jon Lynderly(65) took 50 damage as DOT.
    Jack Bulwer(59) hit Jon Lynderly(15) 184.
    Jon Lynderly(-169) hit Jack Bulwer(59) 178.
    ****
    Both of them are dead. A draw.
  Duel between Ashfords(39) -WIZ- and Corbrays(30) -WIL- has begun.
    Lord Ashford(565) hit Vance Corbray(508) 169.
    Vance Corbray(339) hit Lord Ashford(565) 178.
    ****
    Lord Ashford(387) took 25 damage as DOT.
    Vance Corbray(339) took 20 damage as DOT.
    Lord Ashford(362) hit Vance Corbray(319) 169.
    Vance Corbray(150) hit Lord Ashford(362) 178.
    ****
    Lord Ashford(184) took 50 damage as DOT.
    Vance Corbray(150) took 40 damage as DOT.
    Lord Ashford(134) hit Vance Corbray(110) 169.
    Vance Corbray(-59) hit Lord Ashford(134) 178.
    ****
    Both of them are dead. A draw.
  Duel between Hightowers(39) -WIL- and Moores(30) -WIZ- has begun.
    Leyton Hightower(515) hit Mandon Moore(508) 179.
    Mandon Moore(329) hit Leyton Hightower(515) 148.
    ****
    Leyton Hightower(367) took 20 damage as DOT.
    Mandon Moore(329) took 25 damage as DOT.
    Leyton Hightower(347) hit Mandon Moore(304) 179.
    Mandon Moore(125) hit Leyton Hightower(347) 148.
    ****
    Leyton Hightower(199) took 40 damage as DOT.
    Mandon Moore(125) took 50 damage as DOT.
    Leyton Hightower(159) hit Mandon Moore(75) 179.
    Mandon Moore(-104) hit Leyton Hightower(159) 148.
    ****
    Leyton Hightower(11) has won.
  Duel between Bulwers(39) -WIL- and Corbrays(30) -WIL- has begun.
    Jack Bulwer(490) hit Vance Corbray(508) 184.
    Vance Corbray(324) hit Jack Bulwer(490) 178.
    ****
    Jack Bulwer(312) took 25 damage as DOT.
    Vance Corbray(324) took 25 damage as DOT.
    Jack Bulwer(287) hit Vance Corbray(299) 184.
    Vance Corbray(115) hit Jack Bulwer(287) 178.
    ****
    Jack Bulwer(109) took 50 damage as DOT.
    Vance Corbray(115) took 50 damage as DOT.
    Jack Bulwer(59) hit Vance Corbray(65) 184.
    Vance Corbray(-119) hit Jack Bulwer(59) 178.
    ****
    Both of them are dead. A draw.
  Duel between Ashfords(39) -WIZ- and Moores(27) -WIZ- has begun.
    Lord Ashford(565) hit Mandon Moore(508) 169.
    Mandon Moore(339) hit Lord Ashford(565) 145.
    ****
    Lord Ashford(420) took 20 damage as DOT.
    Mandon Moore(339) took 20 damage as DOT.
    Lord Ashford(400) hit Mandon Moore(319) 169.
    Mandon Moore(150) hit Lord Ashford(400) 145.
    ****
    Lord Ashford(255) took 40 damage as DOT.
    Mandon Moore(150) took 40 damage as DOT.
    Lord Ashford(215) hit Mandon Moore(110) 169.
    Mandon Moore(-59) hit Lord Ashford(215) 145.
    ****
    Lord Ashford(70) has won.
  Duel between Hightowers(42) -WIL- and Lynderlys(30) -WIL- has begun.
    Leyton Hightower(515) hit Jon Lynderly(458) 182.
    Jon Lynderly(276) hit Leyton Hightower(515) 178.
    ****
    Leyton Hightower(337) took 25 damage as DOT.
    Jon Lynderly(276) took 25 damage as DOT.
    Leyton Hightower(312) hit Jon Lynderly(251) 182.
    Jon Lynderly(69) hit Leyton Hightower(312) 178.
    ****
    Leyton Hightower(134) took 50 damage as DOT.
    Jon Lynderly(69) took 50 damage as DOT.
    Leyton Hightower(84) hit Jon Lynderly(19) 182.
    Jon Lynderly(-163) hit Leyton Hightower(84) 178.
    ****
    Both of them are dead. A draw.
  Duel between House Lannister(55) -WIZ- and House Arryn(50) -WIL- has begun.
    Mace Tyrell(515) hit Petry Baelish(508) 185.
    Petry Baelish(323) hit Mace Tyrell(515) 193.
    ****
    Mace Tyrell(322) took 25 damage as DOT.
    Petry Baelish(323) took 20 damage as DOT.
    Mace Tyrell(297) hit Petry Baelish(303) 185.
    Petry Baelish(118) hit Mace Tyrell(297) 193.
    ****
    Mace Tyrell(104) took 50 damage as DOT.
    Petry Baelish(118) took 40 damage as DOT.
    Mace Tyrell(54) hit Petry Baelish(78) 185.
    Petry Baelish(-107) hit Mace Tyrell(54) 193.
    ****
    Both of them are dead. A draw.
  The Reach got 2 house points. The Vale of Arryn got 0 house points.

The winner is: The Reach with currently 2 kingdom points.
---------------
---------------
Duel 3: The Westernlands vs The Vale of Arryn
  Duel between Westerlings(21) -WIZ- and Moores(24) -WIZ- has begun.
    Gawen Westerling(525) hit Mandon Moore(508) 121.
    Mandon Moore(387) hit Gawen Westerling(525) 142.
    ****
    Gawen Westerling(383) took 20 damage as DOT.
    Mandon Moore(387) took 20 damage as DOT.
    Gawen Westerling(363) hit Mandon Moore(367) 121.
    Mandon Moore(246) hit Gawen Westerling(363) 142.
    ****
    Gawen Westerling(221) took 40 damage as DOT.
    Mandon Moore(246) took 40 damage as DOT.
    Gawen Westerling(181) hit Mandon Moore(206) 121.
    Mandon Moore(85) hit Gawen Westerling(181) 142.
    ****
    Gawen Westerling(39) took 60 damage as DOT.
    Mandon Moore(85) took 60 damage as DOT.
    Gawen Westerling(-21) hit Mandon Moore(25) 121.
    Mandon Moore(-96) hit Gawen Westerling(-21) 142.
    ****
    Both of them are dead. A draw.
  Duel between Serretts(21) -WIZ- and Lynderlys(30) -WIL- has begun.
    Lord Serrett(475) hit Jon Lynderly(458) 116.
    Jon Lynderly(342) hit Lord Serrett(475) 178.
    ****
    Lord Serrett(297) took 25 damage as DOT.
    Jon Lynderly(342) took 20 damage as DOT.
    Lord Serrett(272) hit Jon Lynderly(322) 116.
    Jon Lynderly(206) hit Lord Serrett(272) 178.
    ****
    Lord Serrett(94) took 50 damage as DOT.
    Jon Lynderly(206) took 40 damage as DOT.
    Lord Serrett(44) hit Jon Lynderly(166) 116.
    Jon Lynderly(50) hit Lord Serrett(44) 178.
    ****
    Jon Lynderly(50) has won.
  Duel between Leffords(21) -WIZ- and Corbrays(30) -WIL- has begun.
    Leo Lefford(475) hit Vance Corbray(508) 121.
    Vance Corbray(387) hit Leo Lefford(475) 178.
    ****
    Leo Lefford(297) took 25 damage as DOT.
    Vance Corbray(387) took 20 damage as DOT.
    Leo Lefford(272) hit Vance Corbray(367) 121.
    Vance Corbray(246) hit Leo Lefford(272) 178.
    ****
    Leo Lefford(94) took 50 damage as DOT.
    Vance Corbray(246) took 40 damage as DOT.
    Leo Lefford(44) hit Vance Corbray(206) 121.
    Vance Corbray(85) hit Leo Lefford(44) 178.
    ****
    Vance Corbray(85) has won.
  Duel between Westerlings(21) -WIZ- and Lynderlys(33) -WIL- has begun.
    Gawen Westerling(525) hit Jon Lynderly(458) 121.
    Jon Lynderly(337) hit Gawen Westerling(525) 181.
    ****
    Gawen Westerling(344) took 25 damage as DOT.
    Jon Lynderly(337) took 20 damage as DOT.
    Gawen Westerling(319) hit Jon Lynderly(317) 121.
    Jon Lynderly(196) hit Gawen Westerling(319) 181.
    ****
    Gawen Westerling(138) took 50 damage as DOT.
    Jon Lynderly(196) took 40 damage as DOT.
    Gawen Westerling(88) hit Jon Lynderly(156) 121.
    Jon Lynderly(35) hit Gawen Westerling(88) 181.
    ****
    Jon Lynderly(35) has won.
  Duel between Serretts(18) -WIZ- and Corbrays(33) -WIL- has begun.
    Lord Serrett(475) hit Vance Corbray(508) 113.
    Vance Corbray(395) hit Lord Serrett(475) 181.
    ****
    Lord Serrett(294) took 25 damage as DOT.
    Vance Corbray(395) took 20 damage as DOT.
    Lord Serrett(269) hit Vance Corbray(375) 113.
    Vance Corbray(262) hit Lord Serrett(269) 181.
    ****
    Lord Serrett(88) took 50 damage as DOT.
    Vance Corbray(262) took 40 damage as DOT.
    Lord Serrett(38) hit Vance Corbray(222) 113.
    Vance Corbray(109) hit Lord Serrett(38) 181.
    ****
    Vance Corbray(109) has won.
  Duel between Leffords(18) -WIZ- and Moores(24) -WIZ- has begun.
    Leo Lefford(475) hit Mandon Moore(508) 118.
    Mandon Moore(390) hit Leo Lefford(475) 142.
    ****
    Leo Lefford(333) took 20 damage as DOT.
    Mandon Moore(390) took 20 damage as DOT.
    Leo Lefford(313) hit Mandon Moore(370) 118.
    Mandon Moore(252) hit Leo Lefford(313) 142.
    ****
    Leo Lefford(171) took 40 damage as DOT.
    Mandon Moore(252) took 40 damage as DOT.
    Leo Lefford(131) hit Mandon Moore(212) 118.
    Mandon Moore(94) hit Leo Lefford(131) 142.
    ****
    Mandon Moore(94) has won.
  Duel between Westerlings(18) -WIZ- and Corbrays(36) -WIL- has begun.
    Gawen Westerling(525) hit Vance Corbray(508) 118.
    Vance Corbray(390) hit Gawen Westerling(525) 184.
    ****
    Gawen Westerling(341) took 25 damage as DOT.
    Vance Corbray(390) took 20 damage as DOT.
    Gawen Westerling(316) hit Vance Corbray(370) 118.
    Vance Corbray(252) hit Gawen Westerling(316) 184.
    ****
    Gawen Westerling(132) took 50 damage as DOT.
    Vance Corbray(252) took 40 damage as DOT.
    Gawen Westerling(82) hit Vance Corbray(212) 118.
    Vance Corbray(94) hit Gawen Westerling(82) 184.
    ****
    Vance Corbray(94) has won.
  Duel between Serretts(15) -WIZ- and Moores(27) -WIZ- has begun.
    Lord Serrett(475) hit Mandon Moore(508) 110.
    Mandon Moore(398) hit Lord Serrett(475) 145.
    ****
    Lord Serrett(330) took 20 damage as DOT.
    Mandon Moore(398) took 20 damage as DOT.
    Lord Serrett(310) hit Mandon Moore(378) 110.
    Mandon Moore(268) hit Lord Serrett(310) 145.
    ****
    Lord Serrett(165) took 40 damage as DOT.
    Mandon Moore(268) took 40 damage as DOT.
    Lord Serrett(125) hit Mandon Moore(228) 110.
    Mandon Moore(118) hit Lord Serrett(125) 145.
    ****
    Mandon Moore(118) has won.
  Duel between Leffords(15) -WIZ- and Lynderlys(36) -WIL- has begun.
    Leo Lefford(475) hit Jon Lynderly(458) 115.
    Jon Lynderly(343) hit Leo Lefford(475) 184.
    ****
    Leo Lefford(291) took 25 damage as DOT.
    Jon Lynderly(343) took 20 damage as DOT.
    Leo Lefford(266) hit Jon Lynderly(323) 115.
    Jon Lynderly(208) hit Leo Lefford(266) 184.
    ****
    Leo Lefford(82) took 50 damage as DOT.
    Jon Lynderly(208) took 40 damage as DOT.
    Leo Lefford(32) hit Jon Lynderly(168) 115.
    Jon Lynderly(53) hit Leo Lefford(32) 184.
    ****
    Jon Lynderly(53) has won.
  Duel between House Frey(45) -WIZ- and House Arryn(50) -WIL- has begun.
    Lancel Lannister(450) hit Petry Baelish(508) 145.
    Petry Baelish(363) hit Lancel Lannister(450) 193.
    ****
    Lancel Lannister(257) took 25 damage as DOT.
    Petry Baelish(363) took 20 damage as DOT.
    Lancel Lannister(232) hit Petry Baelish(343) 145.
    Petry Baelish(198) hit Lancel Lannister(232) 193.
    ****
    Lancel Lannister(39) took 50 damage as DOT.
    Petry Baelish(198) took 40 damage as DOT.
    Lancel Lannister(-11) hit Petry Baelish(158) 145.
    Petry Baelish(13) hit Lancel Lannister(-11) 193.
    ****
    Petry Baelish(13) has won.
  The Westernlands got 0 house points. The Vale of Arryn got 11 house points.

The winner is: The Vale of Arryn with currently 1 kingdom points.
---------------
The War is over. The new owner of King's Landing is The Reach with a total of 2 points.

