War has started with 2 kingdoms.
---------------
Duel 1: The North vs The Westernlands
  Duel between Karstarks(30) -WIL- and Yarwycks(30) -WHI- has begun.
    Rickard Karstark(458) hit Othell Yarwyck(630) 173.
    Othell Yarwyck(457) hit Rickard Karstark(458) 160.
    ****
    Rickard Karstark(298) took 30 damage as DOT.
    Othell Yarwyck(457) took 25 damage as DOT.
    Rickard Karstark(268) hit Othell Yarwyck(432) 173.
    Othell Yarwyck(259) hit Rickard Karstark(268) 160.
    ****
    Rickard Karstark(108) took 60 damage as DOT.
    Othell Yarwyck(259) took 50 damage as DOT.
    Rickard Karstark(48) hit Othell Yarwyck(209) 173.
    Othell Yarwyck(36) hit Rickard Karstark(48) 160.
    ****
    Othell Yarwyck(36) has won.
  Duel between Manderlys(30) -WIL- and Serretts(30) -WHI- has begun.
    Wendel Manderly(508) hit Lord Serrett(705) 178.
    Lord Serrett(527) hit Wendel Manderly(508) 160.
    ****
    Wendel Manderly(348) took 30 damage as DOT.
    Lord Serrett(527) took 25 damage as DOT.
    Wendel Manderly(318) hit Lord Serrett(502) 178.
    Lord Serrett(324) hit Wendel Manderly(318) 160.
    ****
    Wendel Manderly(158) took 60 damage as DOT.
    Lord Serrett(324) took 50 damage as DOT.
    Wendel Manderly(98) hit Lord Serrett(274) 178.
    Lord Serrett(96) hit Wendel Manderly(98) 160.
    ****
    Lord Serrett(96) has won.
  Duel between Hornwoods(30) -WIZ- and Crakehalls(30) -WHI- has begun.
    Halys Hornwood(483) hit Desmond Crakehall(705) 153.
    Desmond Crakehall(552) hit Halys Hornwood(483) 160.
    ****
    Halys Hornwood(323) took 30 damage as DOT.
    Desmond Crakehall(552) took 20 damage as DOT.
    Halys Hornwood(293) hit Desmond Crakehall(532) 153.
    Desmond Crakehall(379) hit Halys Hornwood(293) 160.
    ****
    Halys Hornwood(133) took 60 damage as DOT.
    Desmond Crakehall(379) took 40 damage as DOT.
    Halys Hornwood(73) hit Desmond Crakehall(339) 153.
    Desmond Crakehall(186) hit Halys Hornwood(73) 160.
    ****
    Desmond Crakehall(186) has won.
  Duel between Karstarks(27) -WIL- and Serretts(33) -WHI- has begun.
    Rickard Karstark(458) hit Lord Serrett(705) 170.
    Lord Serrett(535) hit Rickard Karstark(458) 163.
    ****
    Rickard Karstark(295) took 30 damage as DOT.
    Lord Serrett(535) took 25 damage as DOT.
    Rickard Karstark(265) hit Lord Serrett(510) 170.
    Lord Serrett(340) hit Rickard Karstark(265) 163.
    ****
    Rickard Karstark(102) took 60 damage as DOT.
    Lord Serrett(340) took 50 damage as DOT.
    Rickard Karstark(42) hit Lord Serrett(290) 170.
    Lord Serrett(120) hit Rickard Karstark(42) 163.
    ****
    Lord Serrett(120) has won.
  Duel between Manderlys(27) -WIL- and Crakehalls(33) -WHI- has begun.
    Wendel Manderly(508) hit Desmond Crakehall(705) 175.
    Desmond Crakehall(530) hit Wendel Manderly(508) 163.
    ****
    Wendel Manderly(345) took 30 damage as DOT.
    Desmond Crakehall(530) took 25 damage as DOT.
    Wendel Manderly(315) hit Desmond Crakehall(505) 175.
    Desmond Crakehall(330) hit Wendel Manderly(315) 163.
    ****
    Wendel Manderly(152) took 60 damage as DOT.
    Desmond Crakehall(330) took 50 damage as DOT.
    Wendel Manderly(92) hit Desmond Crakehall(280) 175.
    Desmond Crakehall(105) hit Wendel Manderly(92) 163.
    ****
    Desmond Crakehall(105) has won.
  Duel between Hornwoods(27) -WIZ- and Yarwycks(33) -WHI- has begun.
    Halys Hornwood(483) hit Othell Yarwyck(630) 150.
    Othell Yarwyck(480) hit Halys Hornwood(483) 163.
    ****
    Halys Hornwood(320) took 30 damage as DOT.
    Othell Yarwyck(480) took 20 damage as DOT.
    Halys Hornwood(290) hit Othell Yarwyck(460) 150.
    Othell Yarwyck(310) hit Halys Hornwood(290) 163.
    ****
    Halys Hornwood(127) took 60 damage as DOT.
    Othell Yarwyck(310) took 40 damage as DOT.
    Halys Hornwood(67) hit Othell Yarwyck(270) 150.
    Othell Yarwyck(120) hit Halys Hornwood(67) 163.
    ****
    Othell Yarwyck(120) has won.
  Duel between Karstarks(24) -WIL- and Crakehalls(36) -WHI- has begun.
    Rickard Karstark(458) hit Desmond Crakehall(705) 167.
    Desmond Crakehall(538) hit Rickard Karstark(458) 166.
    ****
    Rickard Karstark(292) took 30 damage as DOT.
    Desmond Crakehall(538) took 25 damage as DOT.
    Rickard Karstark(262) hit Desmond Crakehall(513) 167.
    Desmond Crakehall(346) hit Rickard Karstark(262) 166.
    ****
    Rickard Karstark(96) took 60 damage as DOT.
    Desmond Crakehall(346) took 50 damage as DOT.
    Rickard Karstark(36) hit Desmond Crakehall(296) 167.
    Desmond Crakehall(129) hit Rickard Karstark(36) 166.
    ****
    Desmond Crakehall(129) has won.
  Duel between Manderlys(24) -WIL- and Yarwycks(36) -WHI- has begun.
    Wendel Manderly(508) hit Othell Yarwyck(630) 172.
    Othell Yarwyck(458) hit Wendel Manderly(508) 166.
    ****
    Wendel Manderly(342) took 30 damage as DOT.
    Othell Yarwyck(458) took 25 damage as DOT.
    Wendel Manderly(312) hit Othell Yarwyck(433) 172.
    Othell Yarwyck(261) hit Wendel Manderly(312) 166.
    ****
    Wendel Manderly(146) took 60 damage as DOT.
    Othell Yarwyck(261) took 50 damage as DOT.
    Wendel Manderly(86) hit Othell Yarwyck(211) 172.
    Othell Yarwyck(39) hit Wendel Manderly(86) 166.
    ****
    Othell Yarwyck(39) has won.
  Duel between Hornwoods(24) -WIZ- and Serretts(36) -WHI- has begun.
    Halys Hornwood(483) hit Lord Serrett(705) 147.
    Lord Serrett(558) hit Halys Hornwood(483) 166.
    ****
    Halys Hornwood(317) took 30 damage as DOT.
    Lord Serrett(558) took 20 damage as DOT.
    Halys Hornwood(287) hit Lord Serrett(538) 147.
    Lord Serrett(391) hit Halys Hornwood(287) 166.
    ****
    Halys Hornwood(121) took 60 damage as DOT.
    Lord Serrett(391) took 40 damage as DOT.
    Halys Hornwood(61) hit Lord Serrett(351) 147.
    Lord Serrett(204) hit Halys Hornwood(61) 166.
    ****
    Lord Serrett(204) has won.
  Duel between House Stark(50) -WIZ- and House Frey(50) -WHI- has begun.
    Brandon Stark(533) hit Lancel Lannister(630) 168.
    Lancel Lannister(462) hit Brandon Stark(533) 180.
    ****
    Brandon Stark(353) took 30 damage as DOT.
    Lancel Lannister(462) took 20 damage as DOT.
    Brandon Stark(323) hit Lancel Lannister(442) 168.
    Lancel Lannister(274) hit Brandon Stark(323) 180.
    ****
    Brandon Stark(143) took 60 damage as DOT.
    Lancel Lannister(274) took 40 damage as DOT.
    Brandon Stark(83) hit Lancel Lannister(234) 168.
    Lancel Lannister(66) hit Brandon Stark(83) 180.
    ****
    Lancel Lannister(66) has won.
  The North got 0 house points. The Westernlands got 12 house points.

The winner is: The Westernlands with currently 1 kingdom points.
---------------
The War is over. The new owner of King's Landing is The Westernlands with a total of 1 points.

