War has started with 4 kingdoms.
---------------
Duel 1: Dorne vs The Iron Islands
  Duel between Jordaynes(30) -WIL- and Goodbrothers(30) -WIZ- has begun.
    Trebor Jordayne(500) hit Urragon Goodbrother(500) 140.
    Urragon Goodbrother(360) hit Trebor Jordayne(500) 115.
    ****
    Trebor Jordayne(385) took 20 damage as DOT.
    Urragon Goodbrother(360) took 25 damage as DOT.
    Trebor Jordayne(365) hit Urragon Goodbrother(335) 140.
    Urragon Goodbrother(195) hit Trebor Jordayne(365) 115.
    ****
    Trebor Jordayne(250) took 40 damage as DOT.
    Urragon Goodbrother(195) took 50 damage as DOT.
    Trebor Jordayne(210) hit Urragon Goodbrother(145) 140.
    Urragon Goodbrother(5) hit Trebor Jordayne(210) 115.
    ****
    Trebor Jordayne(95) took 60 damage as DOT.
    Urragon Goodbrother(5) took 75 damage as DOT.
    Trebor Jordayne(35) hit Urragon Goodbrother(-70) 140.
    Urragon Goodbrother(-210) hit Trebor Jordayne(35) 115.
    ****
    Both of them are dead. A draw.
  Duel between Manwoodys(30) -WIZ- and Merlyns(30) -WHI- has begun.
    Dagos Manwoody(500) hit Meldred Merlyn(675) 120.
    Meldred Merlyn(555) hit Dagos Manwoody(500) 120.
    ****
    Dagos Manwoody(380) took 30 damage as DOT.
    Meldred Merlyn(555) took 20 damage as DOT.
    Dagos Manwoody(350) hit Meldred Merlyn(535) 120.
    Meldred Merlyn(415) hit Dagos Manwoody(350) 120.
    ****
    Dagos Manwoody(230) took 60 damage as DOT.
    Meldred Merlyn(415) took 40 damage as DOT.
    Dagos Manwoody(170) hit Meldred Merlyn(375) 120.
    Meldred Merlyn(255) hit Dagos Manwoody(170) 120.
    ****
    Dagos Manwoody(50) took 90 damage as DOT.
    Meldred Merlyn(255) took 60 damage as DOT.
    Dagos Manwoody(-40) hit Meldred Merlyn(195) 120.
    Meldred Merlyn(75) hit Dagos Manwoody(-40) 120.
    ****
    Meldred Merlyn(75) has won.
  Duel between Allyrions(30) -WIZ- and Blacktydes(30) -WHI- has begun.
    Daemon Sand(450) hit Baelor Blacktyde(650) 130.
    Baelor Blacktyde(520) hit Daemon Sand(450) 120.
    ****
    Daemon Sand(330) took 30 damage as DOT.
    Baelor Blacktyde(520) took 20 damage as DOT.
    Daemon Sand(300) hit Baelor Blacktyde(500) 130.
    Baelor Blacktyde(370) hit Daemon Sand(300) 120.
    ****
    Daemon Sand(180) took 60 damage as DOT.
    Baelor Blacktyde(370) took 40 damage as DOT.
    Daemon Sand(120) hit Baelor Blacktyde(330) 130.
    Baelor Blacktyde(200) hit Daemon Sand(120) 120.
    ****
    Baelor Blacktyde(200) has won.
  Duel between Jordaynes(30) -WIL- and Merlyns(33) -WHI- has begun.
    Trebor Jordayne(500) hit Meldred Merlyn(675) 140.
    Meldred Merlyn(535) hit Trebor Jordayne(500) 123.
    ****
    Trebor Jordayne(377) took 30 damage as DOT.
    Meldred Merlyn(535) took 25 damage as DOT.
    Trebor Jordayne(347) hit Meldred Merlyn(510) 140.
    Meldred Merlyn(370) hit Trebor Jordayne(347) 123.
    ****
    Trebor Jordayne(224) took 60 damage as DOT.
    Meldred Merlyn(370) took 50 damage as DOT.
    Trebor Jordayne(164) hit Meldred Merlyn(320) 140.
    Meldred Merlyn(180) hit Trebor Jordayne(164) 123.
    ****
    Trebor Jordayne(41) took 90 damage as DOT.
    Meldred Merlyn(180) took 75 damage as DOT.
    Trebor Jordayne(-49) hit Meldred Merlyn(105) 140.
    Meldred Merlyn(-35) hit Trebor Jordayne(-49) 123.
    ****
    Both of them are dead. A draw.
  Duel between Manwoodys(27) -WIZ- and Blacktydes(33) -WHI- has begun.
    Dagos Manwoody(500) hit Baelor Blacktyde(650) 117.
    Baelor Blacktyde(533) hit Dagos Manwoody(500) 123.
    ****
    Dagos Manwoody(377) took 30 damage as DOT.
    Baelor Blacktyde(533) took 20 damage as DOT.
    Dagos Manwoody(347) hit Baelor Blacktyde(513) 117.
    Baelor Blacktyde(396) hit Dagos Manwoody(347) 123.
    ****
    Dagos Manwoody(224) took 60 damage as DOT.
    Baelor Blacktyde(396) took 40 damage as DOT.
    Dagos Manwoody(164) hit Baelor Blacktyde(356) 117.
    Baelor Blacktyde(239) hit Dagos Manwoody(164) 123.
    ****
    Dagos Manwoody(41) took 90 damage as DOT.
    Baelor Blacktyde(239) took 60 damage as DOT.
    Dagos Manwoody(-49) hit Baelor Blacktyde(179) 117.
    Baelor Blacktyde(62) hit Dagos Manwoody(-49) 123.
    ****
    Baelor Blacktyde(62) has won.
  Duel between Allyrions(27) -WIZ- and Goodbrothers(30) -WIZ- has begun.
    Daemon Sand(450) hit Urragon Goodbrother(500) 127.
    Urragon Goodbrother(373) hit Daemon Sand(450) 115.
    ****
    Daemon Sand(335) took 20 damage as DOT.
    Urragon Goodbrother(373) took 20 damage as DOT.
    Daemon Sand(315) hit Urragon Goodbrother(353) 127.
    Urragon Goodbrother(226) hit Daemon Sand(315) 115.
    ****
    Daemon Sand(200) took 40 damage as DOT.
    Urragon Goodbrother(226) took 40 damage as DOT.
    Daemon Sand(160) hit Urragon Goodbrother(186) 127.
    Urragon Goodbrother(59) hit Daemon Sand(160) 115.
    ****
    Daemon Sand(45) took 60 damage as DOT.
    Urragon Goodbrother(59) took 60 damage as DOT.
    Daemon Sand(-15) hit Urragon Goodbrother(-1) 127.
    Urragon Goodbrother(-128) hit Daemon Sand(-15) 115.
    ****
    Both of them are dead. A draw.
  Duel between Jordaynes(30) -WIL- and Blacktydes(36) -WHI- has begun.
    Trebor Jordayne(500) hit Baelor Blacktyde(650) 140.
    Baelor Blacktyde(510) hit Trebor Jordayne(500) 126.
    ****
    Trebor Jordayne(374) took 30 damage as DOT.
    Baelor Blacktyde(510) took 25 damage as DOT.
    Trebor Jordayne(344) hit Baelor Blacktyde(485) 140.
    Baelor Blacktyde(345) hit Trebor Jordayne(344) 126.
    ****
    Trebor Jordayne(218) took 60 damage as DOT.
    Baelor Blacktyde(345) took 50 damage as DOT.
    Trebor Jordayne(158) hit Baelor Blacktyde(295) 140.
    Baelor Blacktyde(155) hit Trebor Jordayne(158) 126.
    ****
    Trebor Jordayne(32) took 90 damage as DOT.
    Baelor Blacktyde(155) took 75 damage as DOT.
    Trebor Jordayne(-58) hit Baelor Blacktyde(80) 140.
    Baelor Blacktyde(-60) hit Trebor Jordayne(-58) 126.
    ****
    Both of them are dead. A draw.
  Duel between Manwoodys(24) -WIZ- and Goodbrothers(30) -WIZ- has begun.
    Dagos Manwoody(500) hit Urragon Goodbrother(500) 114.
    Urragon Goodbrother(386) hit Dagos Manwoody(500) 115.
    ****
    Dagos Manwoody(385) took 20 damage as DOT.
    Urragon Goodbrother(386) took 20 damage as DOT.
    Dagos Manwoody(365) hit Urragon Goodbrother(366) 114.
    Urragon Goodbrother(252) hit Dagos Manwoody(365) 115.
    ****
    Dagos Manwoody(250) took 40 damage as DOT.
    Urragon Goodbrother(252) took 40 damage as DOT.
    Dagos Manwoody(210) hit Urragon Goodbrother(212) 114.
    Urragon Goodbrother(98) hit Dagos Manwoody(210) 115.
    ****
    Dagos Manwoody(95) took 60 damage as DOT.
    Urragon Goodbrother(98) took 60 damage as DOT.
    Dagos Manwoody(35) hit Urragon Goodbrother(38) 114.
    Urragon Goodbrother(-76) hit Dagos Manwoody(35) 115.
    ****
    Both of them are dead. A draw.
  Duel between Allyrions(27) -WIZ- and Merlyns(33) -WHI- has begun.
    Daemon Sand(450) hit Meldred Merlyn(675) 127.
    Meldred Merlyn(548) hit Daemon Sand(450) 123.
    ****
    Daemon Sand(327) took 30 damage as DOT.
    Meldred Merlyn(548) took 20 damage as DOT.
    Daemon Sand(297) hit Meldred Merlyn(528) 127.
    Meldred Merlyn(401) hit Daemon Sand(297) 123.
    ****
    Daemon Sand(174) took 60 damage as DOT.
    Meldred Merlyn(401) took 40 damage as DOT.
    Daemon Sand(114) hit Meldred Merlyn(361) 127.
    Meldred Merlyn(234) hit Daemon Sand(114) 123.
    ****
    Meldred Merlyn(234) has won.
  Duel between House Martell(50) -WIZ- and House Greyjoy(50) -WHI- has begun.
    Oberyn Martell(525) hit Aeron Greyjoy(650) 135.
    Aeron Greyjoy(515) hit Oberyn Martell(525) 140.
    ****
    Oberyn Martell(385) took 30 damage as DOT.
    Aeron Greyjoy(515) took 20 damage as DOT.
    Oberyn Martell(355) hit Aeron Greyjoy(495) 135.
    Aeron Greyjoy(360) hit Oberyn Martell(355) 140.
    ****
    Oberyn Martell(215) took 60 damage as DOT.
    Aeron Greyjoy(360) took 40 damage as DOT.
    Oberyn Martell(155) hit Aeron Greyjoy(320) 135.
    Aeron Greyjoy(185) hit Oberyn Martell(155) 140.
    ****
    Oberyn Martell(15) took 90 damage as DOT.
    Aeron Greyjoy(185) took 60 damage as DOT.
    Oberyn Martell(-75) hit Aeron Greyjoy(125) 135.
    Aeron Greyjoy(-10) hit Oberyn Martell(-75) 140.
    ****
    Both of them are dead. A draw.
  Dorne got 0 house points. The Iron Islands got 4 house points.

The winner is: The Iron Islands with currently 1 kingdom points.
---------------
---------------
Duel 2: The Iron Islands vs The Vale of Arryn
  Duel between Goodbrothers(30) -WIZ- and Tolletts(30) -WIZ- has begun.
    Urragon Goodbrother(500) hit Eddison Tollett(530) 115.
    Eddison Tollett(415) hit Urragon Goodbrother(500) 170.
    ****
    Urragon Goodbrother(330) took 20 damage as DOT.
    Eddison Tollett(415) took 20 damage as DOT.
    Urragon Goodbrother(310) hit Eddison Tollett(395) 115.
    Eddison Tollett(280) hit Urragon Goodbrother(310) 170.
    ****
    Urragon Goodbrother(140) took 40 damage as DOT.
    Eddison Tollett(280) took 40 damage as DOT.
    Urragon Goodbrother(100) hit Eddison Tollett(240) 115.
    Eddison Tollett(125) hit Urragon Goodbrother(100) 170.
    ****
    Eddison Tollett(125) has won.
  Duel between Merlyns(36) -WHI- and Royces(30) -WHI- has begun.
    Meldred Merlyn(675) hit Yohn Royce(705) 126.
    Yohn Royce(579) hit Meldred Merlyn(675) 160.
    ****
    Meldred Merlyn(515) took 30 damage as DOT.
    Yohn Royce(579) took 30 damage as DOT.
    Meldred Merlyn(485) hit Yohn Royce(549) 126.
    Yohn Royce(423) hit Meldred Merlyn(485) 160.
    ****
    Meldred Merlyn(325) took 60 damage as DOT.
    Yohn Royce(423) took 60 damage as DOT.
    Meldred Merlyn(265) hit Yohn Royce(363) 126.
    Yohn Royce(237) hit Meldred Merlyn(265) 160.
    ****
    Meldred Merlyn(105) took 90 damage as DOT.
    Yohn Royce(237) took 90 damage as DOT.
    Meldred Merlyn(15) hit Yohn Royce(147) 126.
    Yohn Royce(21) hit Meldred Merlyn(15) 160.
    ****
    Yohn Royce(21) has won.
  Duel between Blacktydes(36) -WHI- and Corbrays(30) -WIL- has begun.
    Baelor Blacktyde(650) hit Vance Corbray(530) 126.
    Vance Corbray(404) hit Baelor Blacktyde(650) 185.
    ****
    Baelor Blacktyde(465) took 25 damage as DOT.
    Vance Corbray(404) took 30 damage as DOT.
    Baelor Blacktyde(440) hit Vance Corbray(374) 126.
    Vance Corbray(248) hit Baelor Blacktyde(440) 185.
    ****
    Baelor Blacktyde(255) took 50 damage as DOT.
    Vance Corbray(248) took 60 damage as DOT.
    Baelor Blacktyde(205) hit Vance Corbray(188) 126.
    Vance Corbray(62) hit Baelor Blacktyde(205) 185.
    ****
    Baelor Blacktyde(20) took 75 damage as DOT.
    Vance Corbray(62) took 90 damage as DOT.
    Baelor Blacktyde(-55) hit Vance Corbray(-28) 126.
    Vance Corbray(-154) hit Baelor Blacktyde(-55) 185.
    ****
    Both of them are dead. A draw.
  Duel between Goodbrothers(27) -WIZ- and Royces(27) -WHI- has begun.
    Urragon Goodbrother(500) hit Yohn Royce(705) 112.
    Yohn Royce(593) hit Urragon Goodbrother(500) 157.
    ****
    Urragon Goodbrother(343) took 30 damage as DOT.
    Yohn Royce(593) took 20 damage as DOT.
    Urragon Goodbrother(313) hit Yohn Royce(573) 112.
    Yohn Royce(461) hit Urragon Goodbrother(313) 157.
    ****
    Urragon Goodbrother(156) took 60 damage as DOT.
    Yohn Royce(461) took 40 damage as DOT.
    Urragon Goodbrother(96) hit Yohn Royce(421) 112.
    Yohn Royce(309) hit Urragon Goodbrother(96) 157.
    ****
    Yohn Royce(309) has won.
  Duel between Merlyns(33) -WHI- and Corbrays(30) -WIL- has begun.
    Meldred Merlyn(675) hit Vance Corbray(530) 123.
    Vance Corbray(407) hit Meldred Merlyn(675) 185.
    ****
    Meldred Merlyn(490) took 25 damage as DOT.
    Vance Corbray(407) took 30 damage as DOT.
    Meldred Merlyn(465) hit Vance Corbray(377) 123.
    Vance Corbray(254) hit Meldred Merlyn(465) 185.
    ****
    Meldred Merlyn(280) took 50 damage as DOT.
    Vance Corbray(254) took 60 damage as DOT.
    Meldred Merlyn(230) hit Vance Corbray(194) 123.
    Vance Corbray(71) hit Meldred Merlyn(230) 185.
    ****
    Meldred Merlyn(45) took 75 damage as DOT.
    Vance Corbray(71) took 90 damage as DOT.
    Meldred Merlyn(-30) hit Vance Corbray(-19) 123.
    Vance Corbray(-142) hit Meldred Merlyn(-30) 185.
    ****
    Both of them are dead. A draw.
  Duel between Blacktydes(36) -WHI- and Tolletts(33) -WIZ- has begun.
    Baelor Blacktyde(650) hit Eddison Tollett(530) 126.
    Eddison Tollett(404) hit Baelor Blacktyde(650) 173.
    ****
    Baelor Blacktyde(477) took 20 damage as DOT.
    Eddison Tollett(404) took 30 damage as DOT.
    Baelor Blacktyde(457) hit Eddison Tollett(374) 126.
    Eddison Tollett(248) hit Baelor Blacktyde(457) 173.
    ****
    Baelor Blacktyde(284) took 40 damage as DOT.
    Eddison Tollett(248) took 60 damage as DOT.
    Baelor Blacktyde(244) hit Eddison Tollett(188) 126.
    Eddison Tollett(62) hit Baelor Blacktyde(244) 173.
    ****
    Baelor Blacktyde(71) took 60 damage as DOT.
    Eddison Tollett(62) took 90 damage as DOT.
    Baelor Blacktyde(11) hit Eddison Tollett(-28) 126.
    Eddison Tollett(-154) hit Baelor Blacktyde(11) 173.
    ****
    Both of them are dead. A draw.
  Duel between Goodbrothers(24) -WIZ- and Corbrays(30) -WIL- has begun.
    Urragon Goodbrother(500) hit Vance Corbray(530) 109.
    Vance Corbray(421) hit Urragon Goodbrother(500) 185.
    ****
    Urragon Goodbrother(315) took 25 damage as DOT.
    Vance Corbray(421) took 20 damage as DOT.
    Urragon Goodbrother(290) hit Vance Corbray(401) 109.
    Vance Corbray(292) hit Urragon Goodbrother(290) 185.
    ****
    Urragon Goodbrother(105) took 50 damage as DOT.
    Vance Corbray(292) took 40 damage as DOT.
    Urragon Goodbrother(55) hit Vance Corbray(252) 109.
    Vance Corbray(143) hit Urragon Goodbrother(55) 185.
    ****
    Vance Corbray(143) has won.
  Duel between Merlyns(33) -WHI- and Tolletts(33) -WIZ- has begun.
    Meldred Merlyn(675) hit Eddison Tollett(530) 123.
    Eddison Tollett(407) hit Meldred Merlyn(675) 173.
    ****
    Meldred Merlyn(502) took 20 damage as DOT.
    Eddison Tollett(407) took 30 damage as DOT.
    Meldred Merlyn(482) hit Eddison Tollett(377) 123.
    Eddison Tollett(254) hit Meldred Merlyn(482) 173.
    ****
    Meldred Merlyn(309) took 40 damage as DOT.
    Eddison Tollett(254) took 60 damage as DOT.
    Meldred Merlyn(269) hit Eddison Tollett(194) 123.
    Eddison Tollett(71) hit Meldred Merlyn(269) 173.
    ****
    Meldred Merlyn(96) took 60 damage as DOT.
    Eddison Tollett(71) took 90 damage as DOT.
    Meldred Merlyn(36) hit Eddison Tollett(-19) 123.
    Eddison Tollett(-142) hit Meldred Merlyn(36) 173.
    ****
    Both of them are dead. A draw.
  Duel between Blacktydes(36) -WHI- and Royces(30) -WHI- has begun.
    Baelor Blacktyde(650) hit Yohn Royce(705) 126.
    Yohn Royce(579) hit Baelor Blacktyde(650) 160.
    ****
    Baelor Blacktyde(490) took 30 damage as DOT.
    Yohn Royce(579) took 30 damage as DOT.
    Baelor Blacktyde(460) hit Yohn Royce(549) 126.
    Yohn Royce(423) hit Baelor Blacktyde(460) 160.
    ****
    Baelor Blacktyde(300) took 60 damage as DOT.
    Yohn Royce(423) took 60 damage as DOT.
    Baelor Blacktyde(240) hit Yohn Royce(363) 126.
    Yohn Royce(237) hit Baelor Blacktyde(240) 160.
    ****
    Baelor Blacktyde(80) took 90 damage as DOT.
    Yohn Royce(237) took 90 damage as DOT.
    Baelor Blacktyde(-10) hit Yohn Royce(147) 126.
    Yohn Royce(21) hit Baelor Blacktyde(-10) 160.
    ****
    Yohn Royce(21) has won.
  Duel between House Greyjoy(50) -WHI- and House Arryn(50) -WIL- has begun.
    Aeron Greyjoy(650) hit Jon Arryn(530) 140.
    Jon Arryn(390) hit Aeron Greyjoy(650) 200.
    ****
    Aeron Greyjoy(450) took 25 damage as DOT.
    Jon Arryn(390) took 30 damage as DOT.
    Aeron Greyjoy(425) hit Jon Arryn(360) 140.
    Jon Arryn(220) hit Aeron Greyjoy(425) 200.
    ****
    Aeron Greyjoy(225) took 50 damage as DOT.
    Jon Arryn(220) took 60 damage as DOT.
    Aeron Greyjoy(175) hit Jon Arryn(160) 140.
    Jon Arryn(20) hit Aeron Greyjoy(175) 200.
    ****
    Jon Arryn(20) has won.
  The Iron Islands got 0 house points. The Vale of Arryn got 8 house points.

The winner is: The Vale of Arryn with currently 1 kingdom points.
---------------
---------------
Duel 3: The Vale of Arryn vs The Riverlands
  Duel between Tolletts(33) -WIZ- and Brackens(30) -WIL- has begun.
    Eddison Tollett(530) hit Jonos Bracken(425) 173.
    Jonos Bracken(252) hit Eddison Tollett(530) 215.
    ****
    Eddison Tollett(315) took 25 damage as DOT.
    Jonos Bracken(252) took 20 damage as DOT.
    Eddison Tollett(290) hit Jonos Bracken(232) 173.
    Jonos Bracken(59) hit Eddison Tollett(290) 215.
    ****
    Eddison Tollett(75) took 50 damage as DOT.
    Jonos Bracken(59) took 40 damage as DOT.
    Eddison Tollett(25) hit Jonos Bracken(19) 173.
    Jonos Bracken(-154) hit Eddison Tollett(25) 215.
    ****
    Both of them are dead. A draw.
  Duel between Royces(27) -WHI- and Smallwoods(30) -WIL- has begun.
    Yohn Royce(705) hit Theomar Smallwood(475) 157.
    Theomar Smallwood(318) hit Yohn Royce(705) 210.
    ****
    Yohn Royce(495) took 25 damage as DOT.
    Theomar Smallwood(318) took 30 damage as DOT.
    Yohn Royce(470) hit Theomar Smallwood(288) 157.
    Theomar Smallwood(131) hit Yohn Royce(470) 210.
    ****
    Yohn Royce(260) took 50 damage as DOT.
    Theomar Smallwood(131) took 60 damage as DOT.
    Yohn Royce(210) hit Theomar Smallwood(71) 157.
    Theomar Smallwood(-86) hit Yohn Royce(210) 210.
    ****
    Both of them are dead. A draw.
  Duel between Corbrays(33) -WIL- and Mootons(30) -WIZ- has begun.
    Vance Corbray(530) hit William Mooton(450) 188.
    William Mooton(262) hit Vance Corbray(530) 190.
    ****
    Vance Corbray(340) took 20 damage as DOT.
    William Mooton(262) took 25 damage as DOT.
    Vance Corbray(320) hit William Mooton(237) 188.
    William Mooton(49) hit Vance Corbray(320) 190.
    ****
    Vance Corbray(130) took 40 damage as DOT.
    William Mooton(49) took 50 damage as DOT.
    Vance Corbray(90) hit William Mooton(-1) 188.
    William Mooton(-189) hit Vance Corbray(90) 190.
    ****
    Both of them are dead. A draw.
  Duel between Tolletts(33) -WIZ- and Smallwoods(30) -WIL- has begun.
    Eddison Tollett(530) hit Theomar Smallwood(475) 173.
    Theomar Smallwood(302) hit Eddison Tollett(530) 210.
    ****
    Eddison Tollett(320) took 25 damage as DOT.
    Theomar Smallwood(302) took 20 damage as DOT.
    Eddison Tollett(295) hit Theomar Smallwood(282) 173.
    Theomar Smallwood(109) hit Eddison Tollett(295) 210.
    ****
    Eddison Tollett(85) took 50 damage as DOT.
    Theomar Smallwood(109) took 40 damage as DOT.
    Eddison Tollett(35) hit Theomar Smallwood(69) 173.
    Theomar Smallwood(-104) hit Eddison Tollett(35) 210.
    ****
    Both of them are dead. A draw.
  Duel between Royces(27) -WHI- and Mootons(30) -WIZ- has begun.
    Yohn Royce(705) hit William Mooton(450) 157.
    William Mooton(293) hit Yohn Royce(705) 190.
    ****
    Yohn Royce(515) took 20 damage as DOT.
    William Mooton(293) took 30 damage as DOT.
    Yohn Royce(495) hit William Mooton(263) 157.
    William Mooton(106) hit Yohn Royce(495) 190.
    ****
    Yohn Royce(305) took 40 damage as DOT.
    William Mooton(106) took 60 damage as DOT.
    Yohn Royce(265) hit William Mooton(46) 157.
    William Mooton(-111) hit Yohn Royce(265) 190.
    ****
    Yohn Royce(75) has won.
  Duel between Corbrays(33) -WIL- and Brackens(30) -WIL- has begun.
    Vance Corbray(530) hit Jonos Bracken(425) 188.
    Jonos Bracken(237) hit Vance Corbray(530) 215.
    ****
    Vance Corbray(315) took 25 damage as DOT.
    Jonos Bracken(237) took 25 damage as DOT.
    Vance Corbray(290) hit Jonos Bracken(212) 188.
    Jonos Bracken(24) hit Vance Corbray(290) 215.
    ****
    Vance Corbray(75) took 50 damage as DOT.
    Jonos Bracken(24) took 50 damage as DOT.
    Vance Corbray(25) hit Jonos Bracken(-26) 188.
    Jonos Bracken(-214) hit Vance Corbray(25) 215.
    ****
    Both of them are dead. A draw.
  Duel between Tolletts(33) -WIZ- and Mootons(27) -WIZ- has begun.
    Eddison Tollett(530) hit William Mooton(450) 173.
    William Mooton(277) hit Eddison Tollett(530) 187.
    ****
    Eddison Tollett(343) took 20 damage as DOT.
    William Mooton(277) took 20 damage as DOT.
    Eddison Tollett(323) hit William Mooton(257) 173.
    William Mooton(84) hit Eddison Tollett(323) 187.
    ****
    Eddison Tollett(136) took 40 damage as DOT.
    William Mooton(84) took 40 damage as DOT.
    Eddison Tollett(96) hit William Mooton(44) 173.
    William Mooton(-129) hit Eddison Tollett(96) 187.
    ****
    Both of them are dead. A draw.
  Duel between Royces(25) -WHI- and Brackens(30) -WIL- has begun.
    Yohn Royce(705) hit Jonos Bracken(425) 155.
    Jonos Bracken(270) hit Yohn Royce(705) 215.
    ****
    Yohn Royce(490) took 25 damage as DOT.
    Jonos Bracken(270) took 30 damage as DOT.
    Yohn Royce(465) hit Jonos Bracken(240) 155.
    Jonos Bracken(85) hit Yohn Royce(465) 215.
    ****
    Yohn Royce(250) took 50 damage as DOT.
    Jonos Bracken(85) took 60 damage as DOT.
    Yohn Royce(200) hit Jonos Bracken(25) 155.
    Jonos Bracken(-130) hit Yohn Royce(200) 215.
    ****
    Both of them are dead. A draw.
  Duel between Corbrays(33) -WIL- and Smallwoods(30) -WIL- has begun.
    Vance Corbray(530) hit Theomar Smallwood(475) 188.
    Theomar Smallwood(287) hit Vance Corbray(530) 210.
    ****
    Vance Corbray(320) took 25 damage as DOT.
    Theomar Smallwood(287) took 25 damage as DOT.
    Vance Corbray(295) hit Theomar Smallwood(262) 188.
    Theomar Smallwood(74) hit Vance Corbray(295) 210.
    ****
    Vance Corbray(85) took 50 damage as DOT.
    Theomar Smallwood(74) took 50 damage as DOT.
    Vance Corbray(35) hit Theomar Smallwood(24) 188.
    Theomar Smallwood(-164) hit Vance Corbray(35) 210.
    ****
    Both of them are dead. A draw.
  Duel between House Arryn(55) -WIL- and House Bolton(50) -WHI- has begun.
    Jon Arryn(530) hit Lothar Frey(625) 205.
    Lothar Frey(420) hit Jon Arryn(530) 210.
    ****
    Jon Arryn(320) took 30 damage as DOT.
    Lothar Frey(420) took 25 damage as DOT.
    Jon Arryn(290) hit Lothar Frey(395) 205.
    Lothar Frey(190) hit Jon Arryn(290) 210.
    ****
    Jon Arryn(80) took 60 damage as DOT.
    Lothar Frey(190) took 50 damage as DOT.
    Jon Arryn(20) hit Lothar Frey(140) 205.
    Lothar Frey(-65) hit Jon Arryn(20) 210.
    ****
    Both of them are dead. A draw.
  The Vale of Arryn got 1 house points. The Riverlands got 0 house points.

The winner is: The Vale of Arryn with currently 2 kingdom points.
---------------
---------------
Duel 4: Dorne vs The Vale of Arryn
  Duel between Jordaynes(30) -WIL- and Tolletts(33) -WIZ- has begun.
    Trebor Jordayne(500) hit Eddison Tollett(530) 140.
    Eddison Tollett(390) hit Trebor Jordayne(500) 173.
    ****
    Trebor Jordayne(327) took 20 damage as DOT.
    Eddison Tollett(390) took 25 damage as DOT.
    Trebor Jordayne(307) hit Eddison Tollett(365) 140.
    Eddison Tollett(225) hit Trebor Jordayne(307) 173.
    ****
    Trebor Jordayne(134) took 40 damage as DOT.
    Eddison Tollett(225) took 50 damage as DOT.
    Trebor Jordayne(94) hit Eddison Tollett(175) 140.
    Eddison Tollett(35) hit Trebor Jordayne(94) 173.
    ****
    Eddison Tollett(35) has won.
  Duel between Manwoodys(24) -WIZ- and Royces(25) -WHI- has begun.
    Dagos Manwoody(500) hit Yohn Royce(705) 114.
    Yohn Royce(591) hit Dagos Manwoody(500) 155.
    ****
    Dagos Manwoody(345) took 30 damage as DOT.
    Yohn Royce(591) took 20 damage as DOT.
    Dagos Manwoody(315) hit Yohn Royce(571) 114.
    Yohn Royce(457) hit Dagos Manwoody(315) 155.
    ****
    Dagos Manwoody(160) took 60 damage as DOT.
    Yohn Royce(457) took 40 damage as DOT.
    Dagos Manwoody(100) hit Yohn Royce(417) 114.
    Yohn Royce(303) hit Dagos Manwoody(100) 155.
    ****
    Yohn Royce(303) has won.
  Duel between Allyrions(24) -WIZ- and Corbrays(33) -WIL- has begun.
    Daemon Sand(450) hit Vance Corbray(530) 124.
    Vance Corbray(406) hit Daemon Sand(450) 188.
    ****
    Daemon Sand(262) took 25 damage as DOT.
    Vance Corbray(406) took 20 damage as DOT.
    Daemon Sand(237) hit Vance Corbray(386) 124.
    Vance Corbray(262) hit Daemon Sand(237) 188.
    ****
    Daemon Sand(49) took 50 damage as DOT.
    Vance Corbray(262) took 40 damage as DOT.
    Daemon Sand(-1) hit Vance Corbray(222) 124.
    Vance Corbray(98) hit Daemon Sand(-1) 188.
    ****
    Vance Corbray(98) has won.
  Duel between Jordaynes(27) -WIL- and Royces(28) -WHI- has begun.
    Trebor Jordayne(500) hit Yohn Royce(705) 137.
    Yohn Royce(568) hit Trebor Jordayne(500) 158.
    ****
    Trebor Jordayne(342) took 30 damage as DOT.
    Yohn Royce(568) took 25 damage as DOT.
    Trebor Jordayne(312) hit Yohn Royce(543) 137.
    Yohn Royce(406) hit Trebor Jordayne(312) 158.
    ****
    Trebor Jordayne(154) took 60 damage as DOT.
    Yohn Royce(406) took 50 damage as DOT.
    Trebor Jordayne(94) hit Yohn Royce(356) 137.
    Yohn Royce(219) hit Trebor Jordayne(94) 158.
    ****
    Yohn Royce(219) has won.
  Duel between Manwoodys(21) -WIZ- and Corbrays(36) -WIL- has begun.
    Dagos Manwoody(500) hit Vance Corbray(530) 111.
    Vance Corbray(419) hit Dagos Manwoody(500) 191.
    ****
    Dagos Manwoody(309) took 25 damage as DOT.
    Vance Corbray(419) took 20 damage as DOT.
    Dagos Manwoody(284) hit Vance Corbray(399) 111.
    Vance Corbray(288) hit Dagos Manwoody(284) 191.
    ****
    Dagos Manwoody(93) took 50 damage as DOT.
    Vance Corbray(288) took 40 damage as DOT.
    Dagos Manwoody(43) hit Vance Corbray(248) 111.
    Vance Corbray(137) hit Dagos Manwoody(43) 191.
    ****
    Vance Corbray(137) has won.
  Duel between Allyrions(21) -WIZ- and Tolletts(36) -WIZ- has begun.
    Daemon Sand(450) hit Eddison Tollett(530) 121.
    Eddison Tollett(409) hit Daemon Sand(450) 176.
    ****
    Daemon Sand(274) took 20 damage as DOT.
    Eddison Tollett(409) took 20 damage as DOT.
    Daemon Sand(254) hit Eddison Tollett(389) 121.
    Eddison Tollett(268) hit Daemon Sand(254) 176.
    ****
    Daemon Sand(78) took 40 damage as DOT.
    Eddison Tollett(268) took 40 damage as DOT.
    Daemon Sand(38) hit Eddison Tollett(228) 121.
    Eddison Tollett(107) hit Daemon Sand(38) 176.
    ****
    Eddison Tollett(107) has won.
  Duel between Jordaynes(24) -WIL- and Corbrays(39) -WIL- has begun.
    Trebor Jordayne(500) hit Vance Corbray(530) 134.
    Vance Corbray(396) hit Trebor Jordayne(500) 194.
    ****
    Trebor Jordayne(306) took 25 damage as DOT.
    Vance Corbray(396) took 25 damage as DOT.
    Trebor Jordayne(281) hit Vance Corbray(371) 134.
    Vance Corbray(237) hit Trebor Jordayne(281) 194.
    ****
    Trebor Jordayne(87) took 50 damage as DOT.
    Vance Corbray(237) took 50 damage as DOT.
    Trebor Jordayne(37) hit Vance Corbray(187) 134.
    Vance Corbray(53) hit Trebor Jordayne(37) 194.
    ****
    Vance Corbray(53) has won.
  Duel between Manwoodys(18) -WIZ- and Tolletts(39) -WIZ- has begun.
    Dagos Manwoody(500) hit Eddison Tollett(530) 108.
    Eddison Tollett(422) hit Dagos Manwoody(500) 179.
    ****
    Dagos Manwoody(321) took 20 damage as DOT.
    Eddison Tollett(422) took 20 damage as DOT.
    Dagos Manwoody(301) hit Eddison Tollett(402) 108.
    Eddison Tollett(294) hit Dagos Manwoody(301) 179.
    ****
    Dagos Manwoody(122) took 40 damage as DOT.
    Eddison Tollett(294) took 40 damage as DOT.
    Dagos Manwoody(82) hit Eddison Tollett(254) 108.
    Eddison Tollett(146) hit Dagos Manwoody(82) 179.
    ****
    Eddison Tollett(146) has won.
  Duel between Allyrions(18) -WIZ- and Royces(31) -WHI- has begun.
    Daemon Sand(450) hit Yohn Royce(705) 118.
    Yohn Royce(587) hit Daemon Sand(450) 161.
    ****
    Daemon Sand(289) took 30 damage as DOT.
    Yohn Royce(587) took 20 damage as DOT.
    Daemon Sand(259) hit Yohn Royce(567) 118.
    Yohn Royce(449) hit Daemon Sand(259) 161.
    ****
    Daemon Sand(98) took 60 damage as DOT.
    Yohn Royce(449) took 40 damage as DOT.
    Daemon Sand(38) hit Yohn Royce(409) 118.
    Yohn Royce(291) hit Daemon Sand(38) 161.
    ****
    Yohn Royce(291) has won.
  Duel between House Martell(50) -WIZ- and House Arryn(55) -WIL- has begun.
    Oberyn Martell(525) hit Jon Arryn(530) 135.
    Jon Arryn(395) hit Oberyn Martell(525) 205.
    ****
    Oberyn Martell(320) took 25 damage as DOT.
    Jon Arryn(395) took 20 damage as DOT.
    Oberyn Martell(295) hit Jon Arryn(375) 135.
    Jon Arryn(240) hit Oberyn Martell(295) 205.
    ****
    Oberyn Martell(90) took 50 damage as DOT.
    Jon Arryn(240) took 40 damage as DOT.
    Oberyn Martell(40) hit Jon Arryn(200) 135.
    Jon Arryn(65) hit Oberyn Martell(40) 205.
    ****
    Jon Arryn(65) has won.
  Dorne got 0 house points. The Vale of Arryn got 12 house points.

The winner is: The Vale of Arryn with currently 3 kingdom points.
---------------
---------------
Duel 5: The Iron Islands vs The Riverlands
  Duel between Goodbrothers(21) -WIZ- and Brackens(30) -WIL- has begun.
    Urragon Goodbrother(500) hit Jonos Bracken(425) 106.
    Jonos Bracken(319) hit Urragon Goodbrother(500) 215.
    ****
    Urragon Goodbrother(285) took 25 damage as DOT.
    Jonos Bracken(319) took 20 damage as DOT.
    Urragon Goodbrother(260) hit Jonos Bracken(299) 106.
    Jonos Bracken(193) hit Urragon Goodbrother(260) 215.
    ****
    Urragon Goodbrother(45) took 50 damage as DOT.
    Jonos Bracken(193) took 40 damage as DOT.
    Urragon Goodbrother(-5) hit Jonos Bracken(153) 106.
    Jonos Bracken(47) hit Urragon Goodbrother(-5) 215.
    ****
    Jonos Bracken(47) has won.
  Duel between Merlyns(33) -WHI- and Smallwoods(30) -WIL- has begun.
    Meldred Merlyn(675) hit Theomar Smallwood(475) 123.
    Theomar Smallwood(352) hit Meldred Merlyn(675) 210.
    ****
    Meldred Merlyn(465) took 25 damage as DOT.
    Theomar Smallwood(352) took 30 damage as DOT.
    Meldred Merlyn(440) hit Theomar Smallwood(322) 123.
    Theomar Smallwood(199) hit Meldred Merlyn(440) 210.
    ****
    Meldred Merlyn(230) took 50 damage as DOT.
    Theomar Smallwood(199) took 60 damage as DOT.
    Meldred Merlyn(180) hit Theomar Smallwood(139) 123.
    Theomar Smallwood(16) hit Meldred Merlyn(180) 210.
    ****
    Theomar Smallwood(16) has won.
  Duel between Blacktydes(33) -WHI- and Mootons(27) -WIZ- has begun.
    Baelor Blacktyde(650) hit William Mooton(450) 123.
    William Mooton(327) hit Baelor Blacktyde(650) 187.
    ****
    Baelor Blacktyde(463) took 20 damage as DOT.
    William Mooton(327) took 30 damage as DOT.
    Baelor Blacktyde(443) hit William Mooton(297) 123.
    William Mooton(174) hit Baelor Blacktyde(443) 187.
    ****
    Baelor Blacktyde(256) took 40 damage as DOT.
    William Mooton(174) took 60 damage as DOT.
    Baelor Blacktyde(216) hit William Mooton(114) 123.
    William Mooton(-9) hit Baelor Blacktyde(216) 187.
    ****
    Baelor Blacktyde(29) has won.
  Duel between Goodbrothers(18) -WIZ- and Smallwoods(27) -WIL- has begun.
    Urragon Goodbrother(500) hit Theomar Smallwood(475) 103.
    Theomar Smallwood(372) hit Urragon Goodbrother(500) 207.
    ****
    Urragon Goodbrother(293) took 25 damage as DOT.
    Theomar Smallwood(372) took 20 damage as DOT.
    Urragon Goodbrother(268) hit Theomar Smallwood(352) 103.
    Theomar Smallwood(249) hit Urragon Goodbrother(268) 207.
    ****
    Urragon Goodbrother(61) took 50 damage as DOT.
    Theomar Smallwood(249) took 40 damage as DOT.
    Urragon Goodbrother(11) hit Theomar Smallwood(209) 103.
    Theomar Smallwood(106) hit Urragon Goodbrother(11) 207.
    ****
    Theomar Smallwood(106) has won.
  Duel between Merlyns(30) -WHI- and Mootons(24) -WIZ- has begun.
    Meldred Merlyn(675) hit William Mooton(450) 120.
    William Mooton(330) hit Meldred Merlyn(675) 184.
    ****
    Meldred Merlyn(491) took 20 damage as DOT.
    William Mooton(330) took 30 damage as DOT.
    Meldred Merlyn(471) hit William Mooton(300) 120.
    William Mooton(180) hit Meldred Merlyn(471) 184.
    ****
    Meldred Merlyn(287) took 40 damage as DOT.
    William Mooton(180) took 60 damage as DOT.
    Meldred Merlyn(247) hit William Mooton(120) 120.
    William Mooton(0) hit Meldred Merlyn(247) 184.
    ****
    Meldred Merlyn(63) has won.
  Duel between Blacktydes(36) -WHI- and Brackens(33) -WIL- has begun.
    Baelor Blacktyde(650) hit Jonos Bracken(425) 126.
    Jonos Bracken(299) hit Baelor Blacktyde(650) 218.
    ****
    Baelor Blacktyde(432) took 25 damage as DOT.
    Jonos Bracken(299) took 30 damage as DOT.
    Baelor Blacktyde(407) hit Jonos Bracken(269) 126.
    Jonos Bracken(143) hit Baelor Blacktyde(407) 218.
    ****
    Baelor Blacktyde(189) took 50 damage as DOT.
    Jonos Bracken(143) took 60 damage as DOT.
    Baelor Blacktyde(139) hit Jonos Bracken(83) 126.
    Jonos Bracken(-43) hit Baelor Blacktyde(139) 218.
    ****
    Both of them are dead. A draw.
  Duel between Goodbrothers(15) -WIZ- and Mootons(21) -WIZ- has begun.
    Urragon Goodbrother(500) hit William Mooton(450) 100.
    William Mooton(350) hit Urragon Goodbrother(500) 181.
    ****
    Urragon Goodbrother(319) took 20 damage as DOT.
    William Mooton(350) took 20 damage as DOT.
    Urragon Goodbrother(299) hit William Mooton(330) 100.
    William Mooton(230) hit Urragon Goodbrother(299) 181.
    ****
    Urragon Goodbrother(118) took 40 damage as DOT.
    William Mooton(230) took 40 damage as DOT.
    Urragon Goodbrother(78) hit William Mooton(190) 100.
    William Mooton(90) hit Urragon Goodbrother(78) 181.
    ****
    William Mooton(90) has won.
  Duel between Merlyns(33) -WHI- and Brackens(33) -WIL- has begun.
    Meldred Merlyn(675) hit Jonos Bracken(425) 123.
    Jonos Bracken(302) hit Meldred Merlyn(675) 218.
    ****
    Meldred Merlyn(457) took 25 damage as DOT.
    Jonos Bracken(302) took 30 damage as DOT.
    Meldred Merlyn(432) hit Jonos Bracken(272) 123.
    Jonos Bracken(149) hit Meldred Merlyn(432) 218.
    ****
    Meldred Merlyn(214) took 50 damage as DOT.
    Jonos Bracken(149) took 60 damage as DOT.
    Meldred Merlyn(164) hit Jonos Bracken(89) 123.
    Jonos Bracken(-34) hit Meldred Merlyn(164) 218.
    ****
    Both of them are dead. A draw.
  Duel between Blacktydes(36) -WHI- and Smallwoods(30) -WIL- has begun.
    Baelor Blacktyde(650) hit Theomar Smallwood(475) 126.
    Theomar Smallwood(349) hit Baelor Blacktyde(650) 210.
    ****
    Baelor Blacktyde(440) took 25 damage as DOT.
    Theomar Smallwood(349) took 30 damage as DOT.
    Baelor Blacktyde(415) hit Theomar Smallwood(319) 126.
    Theomar Smallwood(193) hit Baelor Blacktyde(415) 210.
    ****
    Baelor Blacktyde(205) took 50 damage as DOT.
    Theomar Smallwood(193) took 60 damage as DOT.
    Baelor Blacktyde(155) hit Theomar Smallwood(133) 126.
    Theomar Smallwood(7) hit Baelor Blacktyde(155) 210.
    ****
    Theomar Smallwood(7) has won.
  Duel between House Greyjoy(45) -WHI- and House Bolton(50) -WHI- has begun.
    Aeron Greyjoy(650) hit Lothar Frey(625) 135.
    Lothar Frey(490) hit Aeron Greyjoy(650) 210.
    ****
    Aeron Greyjoy(440) took 30 damage as DOT.
    Lothar Frey(490) took 30 damage as DOT.
    Aeron Greyjoy(410) hit Lothar Frey(460) 135.
    Lothar Frey(325) hit Aeron Greyjoy(410) 210.
    ****
    Aeron Greyjoy(200) took 60 damage as DOT.
    Lothar Frey(325) took 60 damage as DOT.
    Aeron Greyjoy(140) hit Lothar Frey(265) 135.
    Lothar Frey(130) hit Aeron Greyjoy(140) 210.
    ****
    Lothar Frey(130) has won.
  The Iron Islands got 2 house points. The Riverlands got 8 house points.

The winner is: The Riverlands with currently 1 kingdom points.
---------------
---------------
Duel 6: Dorne vs The Riverlands
  Duel between Jordaynes(21) -WIL- and Brackens(33) -WIL- has begun.
    Trebor Jordayne(500) hit Jonos Bracken(425) 131.
    Jonos Bracken(294) hit Trebor Jordayne(500) 218.
    ****
    Trebor Jordayne(282) took 25 damage as DOT.
    Jonos Bracken(294) took 25 damage as DOT.
    Trebor Jordayne(257) hit Jonos Bracken(269) 131.
    Jonos Bracken(138) hit Trebor Jordayne(257) 218.
    ****
    Trebor Jordayne(39) took 50 damage as DOT.
    Jonos Bracken(138) took 50 damage as DOT.
    Trebor Jordayne(-11) hit Jonos Bracken(88) 131.
    Jonos Bracken(-43) hit Trebor Jordayne(-11) 218.
    ****
    Both of them are dead. A draw.
  Duel between Manwoodys(15) -WIZ- and Smallwoods(27) -WIL- has begun.
    Dagos Manwoody(500) hit Theomar Smallwood(475) 105.
    Theomar Smallwood(370) hit Dagos Manwoody(500) 207.
    ****
    Dagos Manwoody(293) took 25 damage as DOT.
    Theomar Smallwood(370) took 20 damage as DOT.
    Dagos Manwoody(268) hit Theomar Smallwood(350) 105.
    Theomar Smallwood(245) hit Dagos Manwoody(268) 207.
    ****
    Dagos Manwoody(61) took 50 damage as DOT.
    Theomar Smallwood(245) took 40 damage as DOT.
    Dagos Manwoody(11) hit Theomar Smallwood(205) 105.
    Theomar Smallwood(100) hit Dagos Manwoody(11) 207.
    ****
    Theomar Smallwood(100) has won.
  Duel between Allyrions(15) -WIZ- and Mootons(24) -WIZ- has begun.
    Daemon Sand(450) hit William Mooton(450) 115.
    William Mooton(335) hit Daemon Sand(450) 184.
    ****
    Daemon Sand(266) took 20 damage as DOT.
    William Mooton(335) took 20 damage as DOT.
    Daemon Sand(246) hit William Mooton(315) 115.
    William Mooton(200) hit Daemon Sand(246) 184.
    ****
    Daemon Sand(62) took 40 damage as DOT.
    William Mooton(200) took 40 damage as DOT.
    Daemon Sand(22) hit William Mooton(160) 115.
    William Mooton(45) hit Daemon Sand(22) 184.
    ****
    William Mooton(45) has won.
  Duel between Jordaynes(21) -WIL- and Smallwoods(30) -WIL- has begun.
    Trebor Jordayne(500) hit Theomar Smallwood(475) 131.
    Theomar Smallwood(344) hit Trebor Jordayne(500) 210.
    ****
    Trebor Jordayne(290) took 25 damage as DOT.
    Theomar Smallwood(344) took 25 damage as DOT.
    Trebor Jordayne(265) hit Theomar Smallwood(319) 131.
    Theomar Smallwood(188) hit Trebor Jordayne(265) 210.
    ****
    Trebor Jordayne(55) took 50 damage as DOT.
    Theomar Smallwood(188) took 50 damage as DOT.
    Trebor Jordayne(5) hit Theomar Smallwood(138) 131.
    Theomar Smallwood(7) hit Trebor Jordayne(5) 210.
    ****
    Theomar Smallwood(7) has won.
  Duel between Manwoodys(12) -WIZ- and Mootons(27) -WIZ- has begun.
    Dagos Manwoody(500) hit William Mooton(450) 102.
    William Mooton(348) hit Dagos Manwoody(500) 187.
    ****
    Dagos Manwoody(313) took 20 damage as DOT.
    William Mooton(348) took 20 damage as DOT.
    Dagos Manwoody(293) hit William Mooton(328) 102.
    William Mooton(226) hit Dagos Manwoody(293) 187.
    ****
    Dagos Manwoody(106) took 40 damage as DOT.
    William Mooton(226) took 40 damage as DOT.
    Dagos Manwoody(66) hit William Mooton(186) 102.
    William Mooton(84) hit Dagos Manwoody(66) 187.
    ****
    William Mooton(84) has won.
  Duel between Allyrions(12) -WIZ- and Brackens(33) -WIL- has begun.
    Daemon Sand(450) hit Jonos Bracken(425) 112.
    Jonos Bracken(313) hit Daemon Sand(450) 218.
    ****
    Daemon Sand(232) took 25 damage as DOT.
    Jonos Bracken(313) took 20 damage as DOT.
    Daemon Sand(207) hit Jonos Bracken(293) 112.
    Jonos Bracken(181) hit Daemon Sand(207) 218.
    ****
    Jonos Bracken(181) has won.
  Duel between Jordaynes(18) -WIL- and Mootons(30) -WIZ- has begun.
    Trebor Jordayne(500) hit William Mooton(450) 128.
    William Mooton(322) hit Trebor Jordayne(500) 190.
    ****
    Trebor Jordayne(310) took 20 damage as DOT.
    William Mooton(322) took 25 damage as DOT.
    Trebor Jordayne(290) hit William Mooton(297) 128.
    William Mooton(169) hit Trebor Jordayne(290) 190.
    ****
    Trebor Jordayne(100) took 40 damage as DOT.
    William Mooton(169) took 50 damage as DOT.
    Trebor Jordayne(60) hit William Mooton(119) 128.
    William Mooton(-9) hit Trebor Jordayne(60) 190.
    ****
    Both of them are dead. A draw.
  Duel between Manwoodys(9) -WIZ- and Brackens(36) -WIL- has begun.
    Dagos Manwoody(500) hit Jonos Bracken(425) 99.
    Jonos Bracken(326) hit Dagos Manwoody(500) 221.
    ****
    Dagos Manwoody(279) took 25 damage as DOT.
    Jonos Bracken(326) took 20 damage as DOT.
    Dagos Manwoody(254) hit Jonos Bracken(306) 99.
    Jonos Bracken(207) hit Dagos Manwoody(254) 221.
    ****
    Dagos Manwoody(33) took 50 damage as DOT.
    Jonos Bracken(207) took 40 damage as DOT.
    Dagos Manwoody(-17) hit Jonos Bracken(167) 99.
    Jonos Bracken(68) hit Dagos Manwoody(-17) 221.
    ****
    Jonos Bracken(68) has won.
  Duel between Allyrions(9) -WIZ- and Smallwoods(33) -WIL- has begun.
    Daemon Sand(450) hit Theomar Smallwood(475) 109.
    Theomar Smallwood(366) hit Daemon Sand(450) 213.
    ****
    Daemon Sand(237) took 25 damage as DOT.
    Theomar Smallwood(366) took 20 damage as DOT.
    Daemon Sand(212) hit Theomar Smallwood(346) 109.
    Theomar Smallwood(237) hit Daemon Sand(212) 213.
    ****
    Theomar Smallwood(237) has won.
  Duel between House Martell(45) -WIZ- and House Bolton(55) -WHI- has begun.
    Oberyn Martell(525) hit Lothar Frey(625) 130.
    Lothar Frey(495) hit Oberyn Martell(525) 215.
    ****
    Oberyn Martell(310) took 30 damage as DOT.
    Lothar Frey(495) took 20 damage as DOT.
    Oberyn Martell(280) hit Lothar Frey(475) 130.
    Lothar Frey(345) hit Oberyn Martell(280) 215.
    ****
    Oberyn Martell(65) took 60 damage as DOT.
    Lothar Frey(345) took 40 damage as DOT.
    Oberyn Martell(5) hit Lothar Frey(305) 130.
    Lothar Frey(175) hit Oberyn Martell(5) 215.
    ****
    Lothar Frey(175) has won.
  Dorne got 0 house points. The Riverlands got 10 house points.

The winner is: The Riverlands with currently 2 kingdom points.
---------------
The War is over. The new owner of King's Landing is The Vale of Arryn with a total of 3 points.

