War has started with 4 kingdoms.
---------------
Duel 1: The Vale of Arryn vs The Stormlands
  Duel between Egens(30) -WIZ- and Musgoods(30) -WHI- has begun.
    Vardis Egen(500) hit Lord Musgood(715) 125.
    Lord Musgood(590) hit Vardis Egen(500) 150.
    ****
    Vardis Egen(350) took 30 damage as DOT.
    Lord Musgood(590) took 20 damage as DOT.
    Vardis Egen(320) hit Lord Musgood(570) 125.
    Lord Musgood(445) hit Vardis Egen(320) 150.
    ****
    Vardis Egen(170) took 60 damage as DOT.
    Lord Musgood(445) took 40 damage as DOT.
    Vardis Egen(110) hit Lord Musgood(405) 125.
    Lord Musgood(280) hit Vardis Egen(110) 150.
    ****
    Lord Musgood(280) has won.
  Duel between Royces(30) -WHI- and Peaseburys(30) -WIZ- has begun.
    Yohn Royce(675) hit Lord Peasebury(565) 120.
    Lord Peasebury(445) hit Yohn Royce(675) 150.
    ****
    Yohn Royce(525) took 20 damage as DOT.
    Lord Peasebury(445) took 30 damage as DOT.
    Yohn Royce(505) hit Lord Peasebury(415) 120.
    Lord Peasebury(295) hit Yohn Royce(505) 150.
    ****
    Yohn Royce(355) took 40 damage as DOT.
    Lord Peasebury(295) took 60 damage as DOT.
    Yohn Royce(315) hit Lord Peasebury(235) 120.
    Lord Peasebury(115) hit Yohn Royce(315) 150.
    ****
    Yohn Royce(165) took 60 damage as DOT.
    Lord Peasebury(115) took 90 damage as DOT.
    Yohn Royce(105) hit Lord Peasebury(25) 120.
    Lord Peasebury(-95) hit Yohn Royce(105) 150.
    ****
    Both of them are dead. A draw.
  Duel between Lynderlys(30) -WHI- and Errols(30) -WIZ- has begun.
    Jon Lynderly(650) hit Lord Errol(565) 120.
    Lord Errol(445) hit Jon Lynderly(650) 145.
    ****
    Jon Lynderly(505) took 20 damage as DOT.
    Lord Errol(445) took 30 damage as DOT.
    Jon Lynderly(485) hit Lord Errol(415) 120.
    Lord Errol(295) hit Jon Lynderly(485) 145.
    ****
    Jon Lynderly(340) took 40 damage as DOT.
    Lord Errol(295) took 60 damage as DOT.
    Jon Lynderly(300) hit Lord Errol(235) 120.
    Lord Errol(115) hit Jon Lynderly(300) 145.
    ****
    Jon Lynderly(155) took 60 damage as DOT.
    Lord Errol(115) took 90 damage as DOT.
    Jon Lynderly(95) hit Lord Errol(25) 120.
    Lord Errol(-95) hit Jon Lynderly(95) 145.
    ****
    Both of them are dead. A draw.
  Duel between Egens(27) -WIZ- and Peaseburys(30) -WIZ- has begun.
    Vardis Egen(500) hit Lord Peasebury(565) 122.
    Lord Peasebury(443) hit Vardis Egen(500) 150.
    ****
    Vardis Egen(350) took 20 damage as DOT.
    Lord Peasebury(443) took 20 damage as DOT.
    Vardis Egen(330) hit Lord Peasebury(423) 122.
    Lord Peasebury(301) hit Vardis Egen(330) 150.
    ****
    Vardis Egen(180) took 40 damage as DOT.
    Lord Peasebury(301) took 40 damage as DOT.
    Vardis Egen(140) hit Lord Peasebury(261) 122.
    Lord Peasebury(139) hit Vardis Egen(140) 150.
    ****
    Lord Peasebury(139) has won.
  Duel between Royces(30) -WHI- and Errols(30) -WIZ- has begun.
    Yohn Royce(675) hit Lord Errol(565) 120.
    Lord Errol(445) hit Yohn Royce(675) 145.
    ****
    Yohn Royce(530) took 20 damage as DOT.
    Lord Errol(445) took 30 damage as DOT.
    Yohn Royce(510) hit Lord Errol(415) 120.
    Lord Errol(295) hit Yohn Royce(510) 145.
    ****
    Yohn Royce(365) took 40 damage as DOT.
    Lord Errol(295) took 60 damage as DOT.
    Yohn Royce(325) hit Lord Errol(235) 120.
    Lord Errol(115) hit Yohn Royce(325) 145.
    ****
    Yohn Royce(180) took 60 damage as DOT.
    Lord Errol(115) took 90 damage as DOT.
    Yohn Royce(120) hit Lord Errol(25) 120.
    Lord Errol(-95) hit Yohn Royce(120) 145.
    ****
    Both of them are dead. A draw.
  Duel between Lynderlys(30) -WHI- and Musgoods(33) -WHI- has begun.
    Jon Lynderly(650) hit Lord Musgood(715) 120.
    Lord Musgood(595) hit Jon Lynderly(650) 153.
    ****
    Jon Lynderly(497) took 30 damage as DOT.
    Lord Musgood(595) took 30 damage as DOT.
    Jon Lynderly(467) hit Lord Musgood(565) 120.
    Lord Musgood(445) hit Jon Lynderly(467) 153.
    ****
    Jon Lynderly(314) took 60 damage as DOT.
    Lord Musgood(445) took 60 damage as DOT.
    Jon Lynderly(254) hit Lord Musgood(385) 120.
    Lord Musgood(265) hit Jon Lynderly(254) 153.
    ****
    Jon Lynderly(101) took 90 damage as DOT.
    Lord Musgood(265) took 90 damage as DOT.
    Jon Lynderly(11) hit Lord Musgood(175) 120.
    Lord Musgood(55) hit Jon Lynderly(11) 153.
    ****
    Lord Musgood(55) has won.
  Duel between Egens(24) -WIZ- and Errols(30) -WIZ- has begun.
    Vardis Egen(500) hit Lord Errol(565) 119.
    Lord Errol(446) hit Vardis Egen(500) 145.
    ****
    Vardis Egen(355) took 20 damage as DOT.
    Lord Errol(446) took 20 damage as DOT.
    Vardis Egen(335) hit Lord Errol(426) 119.
    Lord Errol(307) hit Vardis Egen(335) 145.
    ****
    Vardis Egen(190) took 40 damage as DOT.
    Lord Errol(307) took 40 damage as DOT.
    Vardis Egen(150) hit Lord Errol(267) 119.
    Lord Errol(148) hit Vardis Egen(150) 145.
    ****
    Vardis Egen(5) took 60 damage as DOT.
    Lord Errol(148) took 60 damage as DOT.
    Vardis Egen(-55) hit Lord Errol(88) 119.
    Lord Errol(-31) hit Vardis Egen(-55) 145.
    ****
    Both of them are dead. A draw.
  Duel between Royces(30) -WHI- and Musgoods(36) -WHI- has begun.
    Yohn Royce(675) hit Lord Musgood(715) 120.
    Lord Musgood(595) hit Yohn Royce(675) 156.
    ****
    Yohn Royce(519) took 30 damage as DOT.
    Lord Musgood(595) took 30 damage as DOT.
    Yohn Royce(489) hit Lord Musgood(565) 120.
    Lord Musgood(445) hit Yohn Royce(489) 156.
    ****
    Yohn Royce(333) took 60 damage as DOT.
    Lord Musgood(445) took 60 damage as DOT.
    Yohn Royce(273) hit Lord Musgood(385) 120.
    Lord Musgood(265) hit Yohn Royce(273) 156.
    ****
    Yohn Royce(117) took 90 damage as DOT.
    Lord Musgood(265) took 90 damage as DOT.
    Yohn Royce(27) hit Lord Musgood(175) 120.
    Lord Musgood(55) hit Yohn Royce(27) 156.
    ****
    Lord Musgood(55) has won.
  Duel between Lynderlys(27) -WHI- and Peaseburys(33) -WIZ- has begun.
    Jon Lynderly(650) hit Lord Peasebury(565) 117.
    Lord Peasebury(448) hit Jon Lynderly(650) 153.
    ****
    Jon Lynderly(497) took 20 damage as DOT.
    Lord Peasebury(448) took 30 damage as DOT.
    Jon Lynderly(477) hit Lord Peasebury(418) 117.
    Lord Peasebury(301) hit Jon Lynderly(477) 153.
    ****
    Jon Lynderly(324) took 40 damage as DOT.
    Lord Peasebury(301) took 60 damage as DOT.
    Jon Lynderly(284) hit Lord Peasebury(241) 117.
    Lord Peasebury(124) hit Jon Lynderly(284) 153.
    ****
    Jon Lynderly(131) took 60 damage as DOT.
    Lord Peasebury(124) took 90 damage as DOT.
    Jon Lynderly(71) hit Lord Peasebury(34) 117.
    Lord Peasebury(-83) hit Jon Lynderly(71) 153.
    ****
    Both of them are dead. A draw.
  Duel between House Arryn(50) -WHI- and House Tyrell(50) -WIL- has begun.
    Robin Arryn(600) hit Robert Baratheon(540) 140.
    Robert Baratheon(400) hit Robin Arryn(600) 190.
    ****
    Robin Arryn(410) took 25 damage as DOT.
    Robert Baratheon(400) took 30 damage as DOT.
    Robin Arryn(385) hit Robert Baratheon(370) 140.
    Robert Baratheon(230) hit Robin Arryn(385) 190.
    ****
    Robin Arryn(195) took 50 damage as DOT.
    Robert Baratheon(230) took 60 damage as DOT.
    Robin Arryn(145) hit Robert Baratheon(170) 140.
    Robert Baratheon(30) hit Robin Arryn(145) 190.
    ****
    Robert Baratheon(30) has won.
  The Vale of Arryn got 0 house points. The Stormlands got 7 house points.

The winner is: The Stormlands with currently 1 kingdom points.
---------------
---------------
Duel 2: The Stormlands vs The North
  Duel between Musgoods(39) -WHI- and Dormunds(30) -WHI- has begun.
    Lord Musgood(715) hit Marlin Dormund(705) 159.
    Marlin Dormund(546) hit Lord Musgood(715) 160.
    ****
    Lord Musgood(555) took 30 damage as DOT.
    Marlin Dormund(546) took 30 damage as DOT.
    Lord Musgood(525) hit Marlin Dormund(516) 159.
    Marlin Dormund(357) hit Lord Musgood(525) 160.
    ****
    Lord Musgood(365) took 60 damage as DOT.
    Marlin Dormund(357) took 60 damage as DOT.
    Lord Musgood(305) hit Marlin Dormund(297) 159.
    Marlin Dormund(138) hit Lord Musgood(305) 160.
    ****
    Lord Musgood(145) took 90 damage as DOT.
    Marlin Dormund(138) took 90 damage as DOT.
    Lord Musgood(55) hit Marlin Dormund(48) 159.
    Marlin Dormund(-111) hit Lord Musgood(55) 160.
    ****
    Both of them are dead. A draw.
  Duel between Peaseburys(33) -WIZ- and Dustins(30) -WIL- has begun.
    Lord Peasebury(565) hit Barbrey Ryswell(505) 153.
    Barbrey Ryswell(352) hit Lord Peasebury(565) 180.
    ****
    Lord Peasebury(385) took 25 damage as DOT.
    Barbrey Ryswell(352) took 20 damage as DOT.
    Lord Peasebury(360) hit Barbrey Ryswell(332) 153.
    Barbrey Ryswell(179) hit Lord Peasebury(360) 180.
    ****
    Lord Peasebury(180) took 50 damage as DOT.
    Barbrey Ryswell(179) took 40 damage as DOT.
    Lord Peasebury(130) hit Barbrey Ryswell(139) 153.
    Barbrey Ryswell(-14) hit Lord Peasebury(130) 180.
    ****
    Both of them are dead. A draw.
  Duel between Errols(30) -WIZ- and Cerwyns(30) -WHI- has begun.
    Lord Errol(565) hit Medger Cerwyn(655) 145.
    Medger Cerwyn(510) hit Lord Errol(565) 160.
    ****
    Lord Errol(405) took 30 damage as DOT.
    Medger Cerwyn(510) took 20 damage as DOT.
    Lord Errol(375) hit Medger Cerwyn(490) 145.
    Medger Cerwyn(345) hit Lord Errol(375) 160.
    ****
    Lord Errol(215) took 60 damage as DOT.
    Medger Cerwyn(345) took 40 damage as DOT.
    Lord Errol(155) hit Medger Cerwyn(305) 145.
    Medger Cerwyn(160) hit Lord Errol(155) 160.
    ****
    Medger Cerwyn(160) has won.
  Duel between Musgoods(39) -WHI- and Dustins(30) -WIL- has begun.
    Lord Musgood(715) hit Barbrey Ryswell(505) 159.
    Barbrey Ryswell(346) hit Lord Musgood(715) 180.
    ****
    Lord Musgood(535) took 25 damage as DOT.
    Barbrey Ryswell(346) took 30 damage as DOT.
    Lord Musgood(510) hit Barbrey Ryswell(316) 159.
    Barbrey Ryswell(157) hit Lord Musgood(510) 180.
    ****
    Lord Musgood(330) took 50 damage as DOT.
    Barbrey Ryswell(157) took 60 damage as DOT.
    Lord Musgood(280) hit Barbrey Ryswell(97) 159.
    Barbrey Ryswell(-62) hit Lord Musgood(280) 180.
    ****
    Lord Musgood(100) has won.
  Duel between Peaseburys(33) -WIZ- and Cerwyns(33) -WHI- has begun.
    Lord Peasebury(565) hit Medger Cerwyn(655) 153.
    Medger Cerwyn(502) hit Lord Peasebury(565) 163.
    ****
    Lord Peasebury(402) took 30 damage as DOT.
    Medger Cerwyn(502) took 20 damage as DOT.
    Lord Peasebury(372) hit Medger Cerwyn(482) 153.
    Medger Cerwyn(329) hit Lord Peasebury(372) 163.
    ****
    Lord Peasebury(209) took 60 damage as DOT.
    Medger Cerwyn(329) took 40 damage as DOT.
    Lord Peasebury(149) hit Medger Cerwyn(289) 153.
    Medger Cerwyn(136) hit Lord Peasebury(149) 163.
    ****
    Medger Cerwyn(136) has won.
  Duel between Errols(27) -WIZ- and Dormunds(30) -WHI- has begun.
    Lord Errol(565) hit Marlin Dormund(705) 142.
    Marlin Dormund(563) hit Lord Errol(565) 160.
    ****
    Lord Errol(405) took 30 damage as DOT.
    Marlin Dormund(563) took 20 damage as DOT.
    Lord Errol(375) hit Marlin Dormund(543) 142.
    Marlin Dormund(401) hit Lord Errol(375) 160.
    ****
    Lord Errol(215) took 60 damage as DOT.
    Marlin Dormund(401) took 40 damage as DOT.
    Lord Errol(155) hit Marlin Dormund(361) 142.
    Marlin Dormund(219) hit Lord Errol(155) 160.
    ****
    Marlin Dormund(219) has won.
  Duel between Musgoods(42) -WHI- and Cerwyns(36) -WHI- has begun.
    Lord Musgood(715) hit Medger Cerwyn(655) 162.
    Medger Cerwyn(493) hit Lord Musgood(715) 166.
    ****
    Lord Musgood(549) took 30 damage as DOT.
    Medger Cerwyn(493) took 30 damage as DOT.
    Lord Musgood(519) hit Medger Cerwyn(463) 162.
    Medger Cerwyn(301) hit Lord Musgood(519) 166.
    ****
    Lord Musgood(353) took 60 damage as DOT.
    Medger Cerwyn(301) took 60 damage as DOT.
    Lord Musgood(293) hit Medger Cerwyn(241) 162.
    Medger Cerwyn(79) hit Lord Musgood(293) 166.
    ****
    Lord Musgood(127) took 90 damage as DOT.
    Medger Cerwyn(79) took 90 damage as DOT.
    Lord Musgood(37) hit Medger Cerwyn(-11) 162.
    Medger Cerwyn(-173) hit Lord Musgood(37) 166.
    ****
    Both of them are dead. A draw.
  Duel between Peaseburys(30) -WIZ- and Dormunds(33) -WHI- has begun.
    Lord Peasebury(565) hit Marlin Dormund(705) 150.
    Marlin Dormund(555) hit Lord Peasebury(565) 163.
    ****
    Lord Peasebury(402) took 30 damage as DOT.
    Marlin Dormund(555) took 20 damage as DOT.
    Lord Peasebury(372) hit Marlin Dormund(535) 150.
    Marlin Dormund(385) hit Lord Peasebury(372) 163.
    ****
    Lord Peasebury(209) took 60 damage as DOT.
    Marlin Dormund(385) took 40 damage as DOT.
    Lord Peasebury(149) hit Marlin Dormund(345) 150.
    Marlin Dormund(195) hit Lord Peasebury(149) 163.
    ****
    Marlin Dormund(195) has won.
  Duel between Errols(24) -WIZ- and Dustins(27) -WIL- has begun.
    Lord Errol(565) hit Barbrey Ryswell(505) 139.
    Barbrey Ryswell(366) hit Lord Errol(565) 177.
    ****
    Lord Errol(388) took 25 damage as DOT.
    Barbrey Ryswell(366) took 20 damage as DOT.
    Lord Errol(363) hit Barbrey Ryswell(346) 139.
    Barbrey Ryswell(207) hit Lord Errol(363) 177.
    ****
    Lord Errol(186) took 50 damage as DOT.
    Barbrey Ryswell(207) took 40 damage as DOT.
    Lord Errol(136) hit Barbrey Ryswell(167) 139.
    Barbrey Ryswell(28) hit Lord Errol(136) 177.
    ****
    Barbrey Ryswell(28) has won.
  Duel between House Tyrell(55) -WIL- and House Stark(50) -WIL- has begun.
    Robert Baratheon(540) hit Ramsay Bolton(480) 195.
    Ramsay Bolton(285) hit Robert Baratheon(540) 205.
    ****
    Robert Baratheon(335) took 25 damage as DOT.
    Ramsay Bolton(285) took 25 damage as DOT.
    Robert Baratheon(310) hit Ramsay Bolton(260) 195.
    Ramsay Bolton(65) hit Robert Baratheon(310) 205.
    ****
    Robert Baratheon(105) took 50 damage as DOT.
    Ramsay Bolton(65) took 50 damage as DOT.
    Robert Baratheon(55) hit Ramsay Bolton(15) 195.
    Ramsay Bolton(-180) hit Robert Baratheon(55) 205.
    ****
    Both of them are dead. A draw.
  The Stormlands got 1 house points. The North got 5 house points.

The winner is: The North with currently 1 kingdom points.
---------------
---------------
Duel 3: The North vs The Westernlands
  Duel between Dormunds(36) -WHI- and Paynes(30) -WIL- has begun.
    Marlin Dormund(705) hit Ilyn Payne(500) 166.
    Ilyn Payne(334) hit Marlin Dormund(705) 215.
    ****
    Marlin Dormund(490) took 25 damage as DOT.
    Ilyn Payne(334) took 30 damage as DOT.
    Marlin Dormund(465) hit Ilyn Payne(304) 166.
    Ilyn Payne(138) hit Marlin Dormund(465) 215.
    ****
    Marlin Dormund(250) took 50 damage as DOT.
    Ilyn Payne(138) took 60 damage as DOT.
    Marlin Dormund(200) hit Ilyn Payne(78) 166.
    Ilyn Payne(-88) hit Marlin Dormund(200) 215.
    ****
    Both of them are dead. A draw.
  Duel between Dustins(30) -WIL- and Yarwycks(30) -WIL- has begun.
    Barbrey Ryswell(505) hit Othell Yarwyck(475) 180.
    Othell Yarwyck(295) hit Barbrey Ryswell(505) 215.
    ****
    Barbrey Ryswell(290) took 25 damage as DOT.
    Othell Yarwyck(295) took 25 damage as DOT.
    Barbrey Ryswell(265) hit Othell Yarwyck(270) 180.
    Othell Yarwyck(90) hit Barbrey Ryswell(265) 215.
    ****
    Barbrey Ryswell(50) took 50 damage as DOT.
    Othell Yarwyck(90) took 50 damage as DOT.
    Barbrey Ryswell(0) hit Othell Yarwyck(40) 180.
    Othell Yarwyck(-140) hit Barbrey Ryswell(0) 215.
    ****
    Both of them are dead. A draw.
  Duel between Cerwyns(36) -WHI- and Crakehalls(30) -WHI- has begun.
    Medger Cerwyn(655) hit Desmond Crakehall(600) 166.
    Desmond Crakehall(434) hit Medger Cerwyn(655) 190.
    ****
    Medger Cerwyn(465) took 30 damage as DOT.
    Desmond Crakehall(434) took 30 damage as DOT.
    Medger Cerwyn(435) hit Desmond Crakehall(404) 166.
    Desmond Crakehall(238) hit Medger Cerwyn(435) 190.
    ****
    Medger Cerwyn(245) took 60 damage as DOT.
    Desmond Crakehall(238) took 60 damage as DOT.
    Medger Cerwyn(185) hit Desmond Crakehall(178) 166.
    Desmond Crakehall(12) hit Medger Cerwyn(185) 190.
    ****
    Desmond Crakehall(12) has won.
  Duel between Dormunds(36) -WHI- and Yarwycks(30) -WIL- has begun.
    Marlin Dormund(705) hit Othell Yarwyck(475) 166.
    Othell Yarwyck(309) hit Marlin Dormund(705) 215.
    ****
    Marlin Dormund(490) took 25 damage as DOT.
    Othell Yarwyck(309) took 30 damage as DOT.
    Marlin Dormund(465) hit Othell Yarwyck(279) 166.
    Othell Yarwyck(113) hit Marlin Dormund(465) 215.
    ****
    Marlin Dormund(250) took 50 damage as DOT.
    Othell Yarwyck(113) took 60 damage as DOT.
    Marlin Dormund(200) hit Othell Yarwyck(53) 166.
    Othell Yarwyck(-113) hit Marlin Dormund(200) 215.
    ****
    Both of them are dead. A draw.
  Duel between Dustins(30) -WIL- and Crakehalls(27) -WHI- has begun.
    Barbrey Ryswell(505) hit Desmond Crakehall(600) 180.
    Desmond Crakehall(420) hit Barbrey Ryswell(505) 187.
    ****
    Barbrey Ryswell(318) took 30 damage as DOT.
    Desmond Crakehall(420) took 25 damage as DOT.
    Barbrey Ryswell(288) hit Desmond Crakehall(395) 180.
    Desmond Crakehall(215) hit Barbrey Ryswell(288) 187.
    ****
    Barbrey Ryswell(101) took 60 damage as DOT.
    Desmond Crakehall(215) took 50 damage as DOT.
    Barbrey Ryswell(41) hit Desmond Crakehall(165) 180.
    Desmond Crakehall(-15) hit Barbrey Ryswell(41) 187.
    ****
    Both of them are dead. A draw.
  Duel between Cerwyns(33) -WHI- and Paynes(30) -WIL- has begun.
    Medger Cerwyn(655) hit Ilyn Payne(500) 163.
    Ilyn Payne(337) hit Medger Cerwyn(655) 215.
    ****
    Medger Cerwyn(440) took 25 damage as DOT.
    Ilyn Payne(337) took 30 damage as DOT.
    Medger Cerwyn(415) hit Ilyn Payne(307) 163.
    Ilyn Payne(144) hit Medger Cerwyn(415) 215.
    ****
    Medger Cerwyn(200) took 50 damage as DOT.
    Ilyn Payne(144) took 60 damage as DOT.
    Medger Cerwyn(150) hit Ilyn Payne(84) 163.
    Ilyn Payne(-79) hit Medger Cerwyn(150) 215.
    ****
    Both of them are dead. A draw.
  Duel between Dormunds(36) -WHI- and Crakehalls(27) -WHI- has begun.
    Marlin Dormund(705) hit Desmond Crakehall(600) 166.
    Desmond Crakehall(434) hit Marlin Dormund(705) 187.
    ****
    Marlin Dormund(518) took 30 damage as DOT.
    Desmond Crakehall(434) took 30 damage as DOT.
    Marlin Dormund(488) hit Desmond Crakehall(404) 166.
    Desmond Crakehall(238) hit Marlin Dormund(488) 187.
    ****
    Marlin Dormund(301) took 60 damage as DOT.
    Desmond Crakehall(238) took 60 damage as DOT.
    Marlin Dormund(241) hit Desmond Crakehall(178) 166.
    Desmond Crakehall(12) hit Marlin Dormund(241) 187.
    ****
    Marlin Dormund(54) took 90 damage as DOT.
    Desmond Crakehall(12) took 90 damage as DOT.
    Marlin Dormund(-36) hit Desmond Crakehall(-78) 166.
    Desmond Crakehall(-244) hit Marlin Dormund(-36) 187.
    ****
    Both of them are dead. A draw.
  Duel between Dustins(30) -WIL- and Paynes(30) -WIL- has begun.
    Barbrey Ryswell(505) hit Ilyn Payne(500) 180.
    Ilyn Payne(320) hit Barbrey Ryswell(505) 215.
    ****
    Barbrey Ryswell(290) took 25 damage as DOT.
    Ilyn Payne(320) took 25 damage as DOT.
    Barbrey Ryswell(265) hit Ilyn Payne(295) 180.
    Ilyn Payne(115) hit Barbrey Ryswell(265) 215.
    ****
    Barbrey Ryswell(50) took 50 damage as DOT.
    Ilyn Payne(115) took 50 damage as DOT.
    Barbrey Ryswell(0) hit Ilyn Payne(65) 180.
    Ilyn Payne(-115) hit Barbrey Ryswell(0) 215.
    ****
    Both of them are dead. A draw.
  Duel between Cerwyns(33) -WHI- and Yarwycks(30) -WIL- has begun.
    Medger Cerwyn(655) hit Othell Yarwyck(475) 163.
    Othell Yarwyck(312) hit Medger Cerwyn(655) 215.
    ****
    Medger Cerwyn(440) took 25 damage as DOT.
    Othell Yarwyck(312) took 30 damage as DOT.
    Medger Cerwyn(415) hit Othell Yarwyck(282) 163.
    Othell Yarwyck(119) hit Medger Cerwyn(415) 215.
    ****
    Medger Cerwyn(200) took 50 damage as DOT.
    Othell Yarwyck(119) took 60 damage as DOT.
    Medger Cerwyn(150) hit Othell Yarwyck(59) 163.
    Othell Yarwyck(-104) hit Medger Cerwyn(150) 215.
    ****
    Both of them are dead. A draw.
  Duel between House Stark(50) -WIL- and House Frey(50) -WIL- has begun.
    Ramsay Bolton(480) hit Tyrion Lannister(425) 205.
    Tyrion Lannister(220) hit Ramsay Bolton(480) 230.
    ****
    Ramsay Bolton(250) took 25 damage as DOT.
    Tyrion Lannister(220) took 25 damage as DOT.
    Ramsay Bolton(225) hit Tyrion Lannister(195) 205.
    Tyrion Lannister(-10) hit Ramsay Bolton(225) 230.
    ****
    Both of them are dead. A draw.
  The North got 0 house points. The Westernlands got 1 house points.

The winner is: The Westernlands with currently 1 kingdom points.
---------------
---------------
Duel 4: The Vale of Arryn vs The North
  Duel between Egens(24) -WIZ- and Dormunds(36) -WHI- has begun.
    Vardis Egen(500) hit Marlin Dormund(705) 119.
    Marlin Dormund(586) hit Vardis Egen(500) 166.
    ****
    Vardis Egen(334) took 30 damage as DOT.
    Marlin Dormund(586) took 20 damage as DOT.
    Vardis Egen(304) hit Marlin Dormund(566) 119.
    Marlin Dormund(447) hit Vardis Egen(304) 166.
    ****
    Vardis Egen(138) took 60 damage as DOT.
    Marlin Dormund(447) took 40 damage as DOT.
    Vardis Egen(78) hit Marlin Dormund(407) 119.
    Marlin Dormund(288) hit Vardis Egen(78) 166.
    ****
    Marlin Dormund(288) has won.
  Duel between Royces(27) -WHI- and Dustins(30) -WIL- has begun.
    Yohn Royce(675) hit Barbrey Ryswell(505) 117.
    Barbrey Ryswell(388) hit Yohn Royce(675) 180.
    ****
    Yohn Royce(495) took 25 damage as DOT.
    Barbrey Ryswell(388) took 30 damage as DOT.
    Yohn Royce(470) hit Barbrey Ryswell(358) 117.
    Barbrey Ryswell(241) hit Yohn Royce(470) 180.
    ****
    Yohn Royce(290) took 50 damage as DOT.
    Barbrey Ryswell(241) took 60 damage as DOT.
    Yohn Royce(240) hit Barbrey Ryswell(181) 117.
    Barbrey Ryswell(64) hit Yohn Royce(240) 180.
    ****
    Yohn Royce(60) took 75 damage as DOT.
    Barbrey Ryswell(64) took 90 damage as DOT.
    Yohn Royce(-15) hit Barbrey Ryswell(-26) 117.
    Barbrey Ryswell(-143) hit Yohn Royce(-15) 180.
    ****
    Both of them are dead. A draw.
  Duel between Lynderlys(27) -WHI- and Cerwyns(33) -WHI- has begun.
    Jon Lynderly(650) hit Medger Cerwyn(655) 117.
    Medger Cerwyn(538) hit Jon Lynderly(650) 163.
    ****
    Jon Lynderly(487) took 30 damage as DOT.
    Medger Cerwyn(538) took 30 damage as DOT.
    Jon Lynderly(457) hit Medger Cerwyn(508) 117.
    Medger Cerwyn(391) hit Jon Lynderly(457) 163.
    ****
    Jon Lynderly(294) took 60 damage as DOT.
    Medger Cerwyn(391) took 60 damage as DOT.
    Jon Lynderly(234) hit Medger Cerwyn(331) 117.
    Medger Cerwyn(214) hit Jon Lynderly(234) 163.
    ****
    Jon Lynderly(71) took 90 damage as DOT.
    Medger Cerwyn(214) took 90 damage as DOT.
    Jon Lynderly(-19) hit Medger Cerwyn(124) 117.
    Medger Cerwyn(7) hit Jon Lynderly(-19) 163.
    ****
    Medger Cerwyn(7) has won.
  Duel between Egens(21) -WIZ- and Dustins(30) -WIL- has begun.
    Vardis Egen(500) hit Barbrey Ryswell(505) 116.
    Barbrey Ryswell(389) hit Vardis Egen(500) 180.
    ****
    Vardis Egen(320) took 25 damage as DOT.
    Barbrey Ryswell(389) took 20 damage as DOT.
    Vardis Egen(295) hit Barbrey Ryswell(369) 116.
    Barbrey Ryswell(253) hit Vardis Egen(295) 180.
    ****
    Vardis Egen(115) took 50 damage as DOT.
    Barbrey Ryswell(253) took 40 damage as DOT.
    Vardis Egen(65) hit Barbrey Ryswell(213) 116.
    Barbrey Ryswell(97) hit Vardis Egen(65) 180.
    ****
    Barbrey Ryswell(97) has won.
  Duel between Royces(27) -WHI- and Cerwyns(36) -WHI- has begun.
    Yohn Royce(675) hit Medger Cerwyn(655) 117.
    Medger Cerwyn(538) hit Yohn Royce(675) 166.
    ****
    Yohn Royce(509) took 30 damage as DOT.
    Medger Cerwyn(538) took 30 damage as DOT.
    Yohn Royce(479) hit Medger Cerwyn(508) 117.
    Medger Cerwyn(391) hit Yohn Royce(479) 166.
    ****
    Yohn Royce(313) took 60 damage as DOT.
    Medger Cerwyn(391) took 60 damage as DOT.
    Yohn Royce(253) hit Medger Cerwyn(331) 117.
    Medger Cerwyn(214) hit Yohn Royce(253) 166.
    ****
    Yohn Royce(87) took 90 damage as DOT.
    Medger Cerwyn(214) took 90 damage as DOT.
    Yohn Royce(-3) hit Medger Cerwyn(124) 117.
    Medger Cerwyn(7) hit Yohn Royce(-3) 166.
    ****
    Medger Cerwyn(7) has won.
  Duel between Lynderlys(24) -WHI- and Dormunds(39) -WHI- has begun.
    Jon Lynderly(650) hit Marlin Dormund(705) 114.
    Marlin Dormund(591) hit Jon Lynderly(650) 169.
    ****
    Jon Lynderly(481) took 30 damage as DOT.
    Marlin Dormund(591) took 30 damage as DOT.
    Jon Lynderly(451) hit Marlin Dormund(561) 114.
    Marlin Dormund(447) hit Jon Lynderly(451) 169.
    ****
    Jon Lynderly(282) took 60 damage as DOT.
    Marlin Dormund(447) took 60 damage as DOT.
    Jon Lynderly(222) hit Marlin Dormund(387) 114.
    Marlin Dormund(273) hit Jon Lynderly(222) 169.
    ****
    Jon Lynderly(53) took 90 damage as DOT.
    Marlin Dormund(273) took 90 damage as DOT.
    Jon Lynderly(-37) hit Marlin Dormund(183) 114.
    Marlin Dormund(69) hit Jon Lynderly(-37) 169.
    ****
    Marlin Dormund(69) has won.
  Duel between Egens(18) -WIZ- and Cerwyns(39) -WHI- has begun.
    Vardis Egen(500) hit Medger Cerwyn(655) 113.
    Medger Cerwyn(542) hit Vardis Egen(500) 169.
    ****
    Vardis Egen(331) took 30 damage as DOT.
    Medger Cerwyn(542) took 20 damage as DOT.
    Vardis Egen(301) hit Medger Cerwyn(522) 113.
    Medger Cerwyn(409) hit Vardis Egen(301) 169.
    ****
    Vardis Egen(132) took 60 damage as DOT.
    Medger Cerwyn(409) took 40 damage as DOT.
    Vardis Egen(72) hit Medger Cerwyn(369) 113.
    Medger Cerwyn(256) hit Vardis Egen(72) 169.
    ****
    Medger Cerwyn(256) has won.
  Duel between Royces(24) -WHI- and Dormunds(42) -WHI- has begun.
    Yohn Royce(675) hit Marlin Dormund(705) 114.
    Marlin Dormund(591) hit Yohn Royce(675) 172.
    ****
    Yohn Royce(503) took 30 damage as DOT.
    Marlin Dormund(591) took 30 damage as DOT.
    Yohn Royce(473) hit Marlin Dormund(561) 114.
    Marlin Dormund(447) hit Yohn Royce(473) 172.
    ****
    Yohn Royce(301) took 60 damage as DOT.
    Marlin Dormund(447) took 60 damage as DOT.
    Yohn Royce(241) hit Marlin Dormund(387) 114.
    Marlin Dormund(273) hit Yohn Royce(241) 172.
    ****
    Yohn Royce(69) took 90 damage as DOT.
    Marlin Dormund(273) took 90 damage as DOT.
    Yohn Royce(-21) hit Marlin Dormund(183) 114.
    Marlin Dormund(69) hit Yohn Royce(-21) 172.
    ****
    Marlin Dormund(69) has won.
  Duel between Lynderlys(21) -WHI- and Dustins(33) -WIL- has begun.
    Jon Lynderly(650) hit Barbrey Ryswell(505) 111.
    Barbrey Ryswell(394) hit Jon Lynderly(650) 183.
    ****
    Jon Lynderly(467) took 25 damage as DOT.
    Barbrey Ryswell(394) took 30 damage as DOT.
    Jon Lynderly(442) hit Barbrey Ryswell(364) 111.
    Barbrey Ryswell(253) hit Jon Lynderly(442) 183.
    ****
    Jon Lynderly(259) took 50 damage as DOT.
    Barbrey Ryswell(253) took 60 damage as DOT.
    Jon Lynderly(209) hit Barbrey Ryswell(193) 111.
    Barbrey Ryswell(82) hit Jon Lynderly(209) 183.
    ****
    Jon Lynderly(26) took 75 damage as DOT.
    Barbrey Ryswell(82) took 90 damage as DOT.
    Jon Lynderly(-49) hit Barbrey Ryswell(-8) 111.
    Barbrey Ryswell(-119) hit Jon Lynderly(-49) 183.
    ****
    Both of them are dead. A draw.
  Duel between House Arryn(45) -WHI- and House Stark(50) -WIL- has begun.
    Robin Arryn(600) hit Ramsay Bolton(480) 135.
    Ramsay Bolton(345) hit Robin Arryn(600) 205.
    ****
    Robin Arryn(395) took 25 damage as DOT.
    Ramsay Bolton(345) took 30 damage as DOT.
    Robin Arryn(370) hit Ramsay Bolton(315) 135.
    Ramsay Bolton(180) hit Robin Arryn(370) 205.
    ****
    Robin Arryn(165) took 50 damage as DOT.
    Ramsay Bolton(180) took 60 damage as DOT.
    Robin Arryn(115) hit Ramsay Bolton(120) 135.
    Ramsay Bolton(-15) hit Robin Arryn(115) 205.
    ****
    Both of them are dead. A draw.
  The Vale of Arryn got 0 house points. The North got 7 house points.

The winner is: The North with currently 2 kingdom points.
---------------
---------------
Duel 5: The Stormlands vs The Westernlands
  Duel between Musgoods(42) -WHI- and Paynes(30) -WIL- has begun.
    Lord Musgood(715) hit Ilyn Payne(500) 162.
    Ilyn Payne(338) hit Lord Musgood(715) 215.
    ****
    Lord Musgood(500) took 25 damage as DOT.
    Ilyn Payne(338) took 30 damage as DOT.
    Lord Musgood(475) hit Ilyn Payne(308) 162.
    Ilyn Payne(146) hit Lord Musgood(475) 215.
    ****
    Lord Musgood(260) took 50 damage as DOT.
    Ilyn Payne(146) took 60 damage as DOT.
    Lord Musgood(210) hit Ilyn Payne(86) 162.
    Ilyn Payne(-76) hit Lord Musgood(210) 215.
    ****
    Both of them are dead. A draw.
  Duel between Peaseburys(27) -WIZ- and Yarwycks(30) -WIL- has begun.
    Lord Peasebury(565) hit Othell Yarwyck(475) 147.
    Othell Yarwyck(328) hit Lord Peasebury(565) 215.
    ****
    Lord Peasebury(350) took 25 damage as DOT.
    Othell Yarwyck(328) took 20 damage as DOT.
    Lord Peasebury(325) hit Othell Yarwyck(308) 147.
    Othell Yarwyck(161) hit Lord Peasebury(325) 215.
    ****
    Lord Peasebury(110) took 50 damage as DOT.
    Othell Yarwyck(161) took 40 damage as DOT.
    Lord Peasebury(60) hit Othell Yarwyck(121) 147.
    Othell Yarwyck(-26) hit Lord Peasebury(60) 215.
    ****
    Both of them are dead. A draw.
  Duel between Errols(21) -WIZ- and Crakehalls(27) -WHI- has begun.
    Lord Errol(565) hit Desmond Crakehall(600) 136.
    Desmond Crakehall(464) hit Lord Errol(565) 187.
    ****
    Lord Errol(378) took 30 damage as DOT.
    Desmond Crakehall(464) took 20 damage as DOT.
    Lord Errol(348) hit Desmond Crakehall(444) 136.
    Desmond Crakehall(308) hit Lord Errol(348) 187.
    ****
    Lord Errol(161) took 60 damage as DOT.
    Desmond Crakehall(308) took 40 damage as DOT.
    Lord Errol(101) hit Desmond Crakehall(268) 136.
    Desmond Crakehall(132) hit Lord Errol(101) 187.
    ****
    Desmond Crakehall(132) has won.
  Duel between Musgoods(42) -WHI- and Yarwycks(30) -WIL- has begun.
    Lord Musgood(715) hit Othell Yarwyck(475) 162.
    Othell Yarwyck(313) hit Lord Musgood(715) 215.
    ****
    Lord Musgood(500) took 25 damage as DOT.
    Othell Yarwyck(313) took 30 damage as DOT.
    Lord Musgood(475) hit Othell Yarwyck(283) 162.
    Othell Yarwyck(121) hit Lord Musgood(475) 215.
    ****
    Lord Musgood(260) took 50 damage as DOT.
    Othell Yarwyck(121) took 60 damage as DOT.
    Lord Musgood(210) hit Othell Yarwyck(61) 162.
    Othell Yarwyck(-101) hit Lord Musgood(210) 215.
    ****
    Both of them are dead. A draw.
  Duel between Peaseburys(27) -WIZ- and Crakehalls(30) -WHI- has begun.
    Lord Peasebury(565) hit Desmond Crakehall(600) 147.
    Desmond Crakehall(453) hit Lord Peasebury(565) 190.
    ****
    Lord Peasebury(375) took 30 damage as DOT.
    Desmond Crakehall(453) took 20 damage as DOT.
    Lord Peasebury(345) hit Desmond Crakehall(433) 147.
    Desmond Crakehall(286) hit Lord Peasebury(345) 190.
    ****
    Lord Peasebury(155) took 60 damage as DOT.
    Desmond Crakehall(286) took 40 damage as DOT.
    Lord Peasebury(95) hit Desmond Crakehall(246) 147.
    Desmond Crakehall(99) hit Lord Peasebury(95) 190.
    ****
    Desmond Crakehall(99) has won.
  Duel between Errols(18) -WIZ- and Paynes(30) -WIL- has begun.
    Lord Errol(565) hit Ilyn Payne(500) 133.
    Ilyn Payne(367) hit Lord Errol(565) 215.
    ****
    Lord Errol(350) took 25 damage as DOT.
    Ilyn Payne(367) took 20 damage as DOT.
    Lord Errol(325) hit Ilyn Payne(347) 133.
    Ilyn Payne(214) hit Lord Errol(325) 215.
    ****
    Lord Errol(110) took 50 damage as DOT.
    Ilyn Payne(214) took 40 damage as DOT.
    Lord Errol(60) hit Ilyn Payne(174) 133.
    Ilyn Payne(41) hit Lord Errol(60) 215.
    ****
    Ilyn Payne(41) has won.
  Duel between Musgoods(42) -WHI- and Crakehalls(33) -WHI- has begun.
    Lord Musgood(715) hit Desmond Crakehall(600) 162.
    Desmond Crakehall(438) hit Lord Musgood(715) 193.
    ****
    Lord Musgood(522) took 30 damage as DOT.
    Desmond Crakehall(438) took 30 damage as DOT.
    Lord Musgood(492) hit Desmond Crakehall(408) 162.
    Desmond Crakehall(246) hit Lord Musgood(492) 193.
    ****
    Lord Musgood(299) took 60 damage as DOT.
    Desmond Crakehall(246) took 60 damage as DOT.
    Lord Musgood(239) hit Desmond Crakehall(186) 162.
    Desmond Crakehall(24) hit Lord Musgood(239) 193.
    ****
    Lord Musgood(46) took 90 damage as DOT.
    Desmond Crakehall(24) took 90 damage as DOT.
    Lord Musgood(-44) hit Desmond Crakehall(-66) 162.
    Desmond Crakehall(-228) hit Lord Musgood(-44) 193.
    ****
    Both of them are dead. A draw.
  Duel between Peaseburys(24) -WIZ- and Paynes(33) -WIL- has begun.
    Lord Peasebury(565) hit Ilyn Payne(500) 144.
    Ilyn Payne(356) hit Lord Peasebury(565) 218.
    ****
    Lord Peasebury(347) took 25 damage as DOT.
    Ilyn Payne(356) took 20 damage as DOT.
    Lord Peasebury(322) hit Ilyn Payne(336) 144.
    Ilyn Payne(192) hit Lord Peasebury(322) 218.
    ****
    Lord Peasebury(104) took 50 damage as DOT.
    Ilyn Payne(192) took 40 damage as DOT.
    Lord Peasebury(54) hit Ilyn Payne(152) 144.
    Ilyn Payne(8) hit Lord Peasebury(54) 218.
    ****
    Ilyn Payne(8) has won.
  Duel between Errols(15) -WIZ- and Yarwycks(30) -WIL- has begun.
    Lord Errol(565) hit Othell Yarwyck(475) 130.
    Othell Yarwyck(345) hit Lord Errol(565) 215.
    ****
    Lord Errol(350) took 25 damage as DOT.
    Othell Yarwyck(345) took 20 damage as DOT.
    Lord Errol(325) hit Othell Yarwyck(325) 130.
    Othell Yarwyck(195) hit Lord Errol(325) 215.
    ****
    Lord Errol(110) took 50 damage as DOT.
    Othell Yarwyck(195) took 40 damage as DOT.
    Lord Errol(60) hit Othell Yarwyck(155) 130.
    Othell Yarwyck(25) hit Lord Errol(60) 215.
    ****
    Othell Yarwyck(25) has won.
  Duel between House Tyrell(55) -WIL- and House Frey(50) -WIL- has begun.
    Robert Baratheon(540) hit Tyrion Lannister(425) 195.
    Tyrion Lannister(230) hit Robert Baratheon(540) 230.
    ****
    Robert Baratheon(310) took 25 damage as DOT.
    Tyrion Lannister(230) took 25 damage as DOT.
    Robert Baratheon(285) hit Tyrion Lannister(205) 195.
    Tyrion Lannister(10) hit Robert Baratheon(285) 230.
    ****
    Robert Baratheon(55) took 50 damage as DOT.
    Tyrion Lannister(10) took 50 damage as DOT.
    Robert Baratheon(5) hit Tyrion Lannister(-40) 195.
    Tyrion Lannister(-235) hit Robert Baratheon(5) 230.
    ****
    Both of them are dead. A draw.
  The Stormlands got 0 house points. The Westernlands got 5 house points.

The winner is: The Westernlands with currently 2 kingdom points.
---------------
---------------
Duel 6: The Vale of Arryn vs The Westernlands
  Duel between Egens(15) -WIZ- and Paynes(36) -WIL- has begun.
    Vardis Egen(500) hit Ilyn Payne(500) 110.
    Ilyn Payne(390) hit Vardis Egen(500) 221.
    ****
    Vardis Egen(279) took 25 damage as DOT.
    Ilyn Payne(390) took 20 damage as DOT.
    Vardis Egen(254) hit Ilyn Payne(370) 110.
    Ilyn Payne(260) hit Vardis Egen(254) 221.
    ****
    Vardis Egen(33) took 50 damage as DOT.
    Ilyn Payne(260) took 40 damage as DOT.
    Vardis Egen(-17) hit Ilyn Payne(220) 110.
    Ilyn Payne(110) hit Vardis Egen(-17) 221.
    ****
    Ilyn Payne(110) has won.
  Duel between Royces(21) -WHI- and Yarwycks(33) -WIL- has begun.
    Yohn Royce(675) hit Othell Yarwyck(475) 111.
    Othell Yarwyck(364) hit Yohn Royce(675) 218.
    ****
    Yohn Royce(457) took 25 damage as DOT.
    Othell Yarwyck(364) took 30 damage as DOT.
    Yohn Royce(432) hit Othell Yarwyck(334) 111.
    Othell Yarwyck(223) hit Yohn Royce(432) 218.
    ****
    Yohn Royce(214) took 50 damage as DOT.
    Othell Yarwyck(223) took 60 damage as DOT.
    Yohn Royce(164) hit Othell Yarwyck(163) 111.
    Othell Yarwyck(52) hit Yohn Royce(164) 218.
    ****
    Othell Yarwyck(52) has won.
  Duel between Lynderlys(21) -WHI- and Crakehalls(33) -WHI- has begun.
    Jon Lynderly(650) hit Desmond Crakehall(600) 111.
    Desmond Crakehall(489) hit Jon Lynderly(650) 193.
    ****
    Jon Lynderly(457) took 30 damage as DOT.
    Desmond Crakehall(489) took 30 damage as DOT.
    Jon Lynderly(427) hit Desmond Crakehall(459) 111.
    Desmond Crakehall(348) hit Jon Lynderly(427) 193.
    ****
    Jon Lynderly(234) took 60 damage as DOT.
    Desmond Crakehall(348) took 60 damage as DOT.
    Jon Lynderly(174) hit Desmond Crakehall(288) 111.
    Desmond Crakehall(177) hit Jon Lynderly(174) 193.
    ****
    Desmond Crakehall(177) has won.
  Duel between Egens(12) -WIZ- and Yarwycks(36) -WIL- has begun.
    Vardis Egen(500) hit Othell Yarwyck(475) 107.
    Othell Yarwyck(368) hit Vardis Egen(500) 221.
    ****
    Vardis Egen(279) took 25 damage as DOT.
    Othell Yarwyck(368) took 20 damage as DOT.
    Vardis Egen(254) hit Othell Yarwyck(348) 107.
    Othell Yarwyck(241) hit Vardis Egen(254) 221.
    ****
    Vardis Egen(33) took 50 damage as DOT.
    Othell Yarwyck(241) took 40 damage as DOT.
    Vardis Egen(-17) hit Othell Yarwyck(201) 107.
    Othell Yarwyck(94) hit Vardis Egen(-17) 221.
    ****
    Othell Yarwyck(94) has won.
  Duel between Royces(18) -WHI- and Crakehalls(36) -WHI- has begun.
    Yohn Royce(675) hit Desmond Crakehall(600) 108.
    Desmond Crakehall(492) hit Yohn Royce(675) 196.
    ****
    Yohn Royce(479) took 30 damage as DOT.
    Desmond Crakehall(492) took 30 damage as DOT.
    Yohn Royce(449) hit Desmond Crakehall(462) 108.
    Desmond Crakehall(354) hit Yohn Royce(449) 196.
    ****
    Yohn Royce(253) took 60 damage as DOT.
    Desmond Crakehall(354) took 60 damage as DOT.
    Yohn Royce(193) hit Desmond Crakehall(294) 108.
    Desmond Crakehall(186) hit Yohn Royce(193) 196.
    ****
    Desmond Crakehall(186) has won.
  Duel between Lynderlys(18) -WHI- and Paynes(39) -WIL- has begun.
    Jon Lynderly(650) hit Ilyn Payne(500) 108.
    Ilyn Payne(392) hit Jon Lynderly(650) 224.
    ****
    Jon Lynderly(426) took 25 damage as DOT.
    Ilyn Payne(392) took 30 damage as DOT.
    Jon Lynderly(401) hit Ilyn Payne(362) 108.
    Ilyn Payne(254) hit Jon Lynderly(401) 224.
    ****
    Jon Lynderly(177) took 50 damage as DOT.
    Ilyn Payne(254) took 60 damage as DOT.
    Jon Lynderly(127) hit Ilyn Payne(194) 108.
    Ilyn Payne(86) hit Jon Lynderly(127) 224.
    ****
    Ilyn Payne(86) has won.
  Duel between Egens(9) -WIZ- and Crakehalls(39) -WHI- has begun.
    Vardis Egen(500) hit Desmond Crakehall(600) 104.
    Desmond Crakehall(496) hit Vardis Egen(500) 199.
    ****
    Vardis Egen(301) took 30 damage as DOT.
    Desmond Crakehall(496) took 20 damage as DOT.
    Vardis Egen(271) hit Desmond Crakehall(476) 104.
    Desmond Crakehall(372) hit Vardis Egen(271) 199.
    ****
    Vardis Egen(72) took 60 damage as DOT.
    Desmond Crakehall(372) took 40 damage as DOT.
    Vardis Egen(12) hit Desmond Crakehall(332) 104.
    Desmond Crakehall(228) hit Vardis Egen(12) 199.
    ****
    Desmond Crakehall(228) has won.
  Duel between Royces(15) -WHI- and Paynes(42) -WIL- has begun.
    Yohn Royce(675) hit Ilyn Payne(500) 105.
    Ilyn Payne(395) hit Yohn Royce(675) 227.
    ****
    Yohn Royce(448) took 25 damage as DOT.
    Ilyn Payne(395) took 30 damage as DOT.
    Yohn Royce(423) hit Ilyn Payne(365) 105.
    Ilyn Payne(260) hit Yohn Royce(423) 227.
    ****
    Yohn Royce(196) took 50 damage as DOT.
    Ilyn Payne(260) took 60 damage as DOT.
    Yohn Royce(146) hit Ilyn Payne(200) 105.
    Ilyn Payne(95) hit Yohn Royce(146) 227.
    ****
    Ilyn Payne(95) has won.
  Duel between Lynderlys(15) -WHI- and Yarwycks(39) -WIL- has begun.
    Jon Lynderly(650) hit Othell Yarwyck(475) 105.
    Othell Yarwyck(370) hit Jon Lynderly(650) 224.
    ****
    Jon Lynderly(426) took 25 damage as DOT.
    Othell Yarwyck(370) took 30 damage as DOT.
    Jon Lynderly(401) hit Othell Yarwyck(340) 105.
    Othell Yarwyck(235) hit Jon Lynderly(401) 224.
    ****
    Jon Lynderly(177) took 50 damage as DOT.
    Othell Yarwyck(235) took 60 damage as DOT.
    Jon Lynderly(127) hit Othell Yarwyck(175) 105.
    Othell Yarwyck(70) hit Jon Lynderly(127) 224.
    ****
    Othell Yarwyck(70) has won.
  Duel between House Arryn(45) -WHI- and House Frey(50) -WIL- has begun.
    Robin Arryn(600) hit Tyrion Lannister(425) 135.
    Tyrion Lannister(290) hit Robin Arryn(600) 230.
    ****
    Robin Arryn(370) took 25 damage as DOT.
    Tyrion Lannister(290) took 30 damage as DOT.
    Robin Arryn(345) hit Tyrion Lannister(260) 135.
    Tyrion Lannister(125) hit Robin Arryn(345) 230.
    ****
    Robin Arryn(115) took 50 damage as DOT.
    Tyrion Lannister(125) took 60 damage as DOT.
    Robin Arryn(65) hit Tyrion Lannister(65) 135.
    Tyrion Lannister(-70) hit Robin Arryn(65) 230.
    ****
    Both of them are dead. A draw.
  The Vale of Arryn got 0 house points. The Westernlands got 9 house points.

The winner is: The Westernlands with currently 3 kingdom points.
---------------
The War is over. The new owner of King's Landing is The Westernlands with a total of 3 points.

