War has started with 4 kingdoms.
---------------
Duel 1: The Vale of Arryn vs The North
  Duel between Waynwoods(30) -WHI- and Hornwoods(30) -WHI- has begun.
    Anya Waynwood(710) hit Halys Hornwood(685) 130.
    Halys Hornwood(555) hit Anya Waynwood(710) 130.
    ****
    Anya Waynwood(580) took 30 damage as DOT.
    Halys Hornwood(555) took 30 damage as DOT.
    Anya Waynwood(550) hit Halys Hornwood(525) 130.
    Halys Hornwood(395) hit Anya Waynwood(550) 130.
    ****
    Anya Waynwood(420) took 60 damage as DOT.
    Halys Hornwood(395) took 60 damage as DOT.
    Anya Waynwood(360) hit Halys Hornwood(335) 130.
    Halys Hornwood(205) hit Anya Waynwood(360) 130.
    ****
    Anya Waynwood(230) took 90 damage as DOT.
    Halys Hornwood(205) took 90 damage as DOT.
    Anya Waynwood(140) hit Halys Hornwood(115) 130.
    Halys Hornwood(-15) hit Anya Waynwood(140) 130.
    ****
    Anya Waynwood(10) has won.
  Duel between Egens(30) -WIZ- and Ryswells(30) -WIZ- has begun.
    Vardis Egen(510) hit Barbrey Ryswell(510) 125.
    Barbrey Ryswell(385) hit Vardis Egen(510) 125.
    ****
    Vardis Egen(385) took 20 damage as DOT.
    Barbrey Ryswell(385) took 20 damage as DOT.
    Vardis Egen(365) hit Barbrey Ryswell(365) 125.
    Barbrey Ryswell(240) hit Vardis Egen(365) 125.
    ****
    Vardis Egen(240) took 40 damage as DOT.
    Barbrey Ryswell(240) took 40 damage as DOT.
    Vardis Egen(200) hit Barbrey Ryswell(200) 125.
    Barbrey Ryswell(75) hit Vardis Egen(200) 125.
    ****
    Vardis Egen(75) took 60 damage as DOT.
    Barbrey Ryswell(75) took 60 damage as DOT.
    Vardis Egen(15) hit Barbrey Ryswell(15) 125.
    Barbrey Ryswell(-110) hit Vardis Egen(15) 125.
    ****
    Both of them are dead. A draw.
  Duel between Corbrays(30) -WIL- and Mormonts(30) -WIL- has begun.
    Vance Corbray(560) hit Jeor Mormont(535) 150.
    Jeor Mormont(385) hit Vance Corbray(560) 155.
    ****
    Vance Corbray(405) took 25 damage as DOT.
    Jeor Mormont(385) took 25 damage as DOT.
    Vance Corbray(380) hit Jeor Mormont(360) 150.
    Jeor Mormont(210) hit Vance Corbray(380) 155.
    ****
    Vance Corbray(225) took 50 damage as DOT.
    Jeor Mormont(210) took 50 damage as DOT.
    Vance Corbray(175) hit Jeor Mormont(160) 150.
    Jeor Mormont(10) hit Vance Corbray(175) 155.
    ****
    Vance Corbray(20) took 75 damage as DOT.
    Jeor Mormont(10) took 75 damage as DOT.
    Vance Corbray(-55) hit Jeor Mormont(-65) 150.
    Jeor Mormont(-215) hit Vance Corbray(-55) 155.
    ****
    Both of them are dead. A draw.
  Duel between Waynwoods(33) -WHI- and Ryswells(30) -WIZ- has begun.
    Anya Waynwood(710) hit Barbrey Ryswell(510) 133.
    Barbrey Ryswell(377) hit Anya Waynwood(710) 125.
    ****
    Anya Waynwood(585) took 20 damage as DOT.
    Barbrey Ryswell(377) took 30 damage as DOT.
    Anya Waynwood(565) hit Barbrey Ryswell(347) 133.
    Barbrey Ryswell(214) hit Anya Waynwood(565) 125.
    ****
    Anya Waynwood(440) took 40 damage as DOT.
    Barbrey Ryswell(214) took 60 damage as DOT.
    Anya Waynwood(400) hit Barbrey Ryswell(154) 133.
    Barbrey Ryswell(21) hit Anya Waynwood(400) 125.
    ****
    Anya Waynwood(275) took 60 damage as DOT.
    Barbrey Ryswell(21) took 90 damage as DOT.
    Anya Waynwood(215) hit Barbrey Ryswell(-69) 133.
    Barbrey Ryswell(-202) hit Anya Waynwood(215) 125.
    ****
    Anya Waynwood(90) has won.
  Duel between Egens(30) -WIZ- and Mormonts(30) -WIL- has begun.
    Vardis Egen(510) hit Jeor Mormont(535) 125.
    Jeor Mormont(410) hit Vardis Egen(510) 155.
    ****
    Vardis Egen(355) took 25 damage as DOT.
    Jeor Mormont(410) took 20 damage as DOT.
    Vardis Egen(330) hit Jeor Mormont(390) 125.
    Jeor Mormont(265) hit Vardis Egen(330) 155.
    ****
    Vardis Egen(175) took 50 damage as DOT.
    Jeor Mormont(265) took 40 damage as DOT.
    Vardis Egen(125) hit Jeor Mormont(225) 125.
    Jeor Mormont(100) hit Vardis Egen(125) 155.
    ****
    Jeor Mormont(100) has won.
  Duel between Corbrays(30) -WIL- and Hornwoods(27) -WHI- has begun.
    Vance Corbray(560) hit Halys Hornwood(685) 150.
    Halys Hornwood(535) hit Vance Corbray(560) 127.
    ****
    Vance Corbray(433) took 30 damage as DOT.
    Halys Hornwood(535) took 25 damage as DOT.
    Vance Corbray(403) hit Halys Hornwood(510) 150.
    Halys Hornwood(360) hit Vance Corbray(403) 127.
    ****
    Vance Corbray(276) took 60 damage as DOT.
    Halys Hornwood(360) took 50 damage as DOT.
    Vance Corbray(216) hit Halys Hornwood(310) 150.
    Halys Hornwood(160) hit Vance Corbray(216) 127.
    ****
    Vance Corbray(89) took 90 damage as DOT.
    Halys Hornwood(160) took 75 damage as DOT.
    Vance Corbray(-1) hit Halys Hornwood(85) 150.
    Halys Hornwood(-65) hit Vance Corbray(-1) 127.
    ****
    Both of them are dead. A draw.
  Duel between Waynwoods(36) -WHI- and Mormonts(33) -WIL- has begun.
    Anya Waynwood(710) hit Jeor Mormont(535) 136.
    Jeor Mormont(399) hit Anya Waynwood(710) 158.
    ****
    Anya Waynwood(552) took 25 damage as DOT.
    Jeor Mormont(399) took 30 damage as DOT.
    Anya Waynwood(527) hit Jeor Mormont(369) 136.
    Jeor Mormont(233) hit Anya Waynwood(527) 158.
    ****
    Anya Waynwood(369) took 50 damage as DOT.
    Jeor Mormont(233) took 60 damage as DOT.
    Anya Waynwood(319) hit Jeor Mormont(173) 136.
    Jeor Mormont(37) hit Anya Waynwood(319) 158.
    ****
    Anya Waynwood(161) took 75 damage as DOT.
    Jeor Mormont(37) took 90 damage as DOT.
    Anya Waynwood(86) hit Jeor Mormont(-53) 136.
    Jeor Mormont(-189) hit Anya Waynwood(86) 158.
    ****
    Both of them are dead. A draw.
  Duel between Egens(27) -WIZ- and Hornwoods(27) -WHI- has begun.
    Vardis Egen(510) hit Halys Hornwood(685) 122.
    Halys Hornwood(563) hit Vardis Egen(510) 127.
    ****
    Vardis Egen(383) took 30 damage as DOT.
    Halys Hornwood(563) took 20 damage as DOT.
    Vardis Egen(353) hit Halys Hornwood(543) 122.
    Halys Hornwood(421) hit Vardis Egen(353) 127.
    ****
    Vardis Egen(226) took 60 damage as DOT.
    Halys Hornwood(421) took 40 damage as DOT.
    Vardis Egen(166) hit Halys Hornwood(381) 122.
    Halys Hornwood(259) hit Vardis Egen(166) 127.
    ****
    Vardis Egen(39) took 90 damage as DOT.
    Halys Hornwood(259) took 60 damage as DOT.
    Vardis Egen(-51) hit Halys Hornwood(199) 122.
    Halys Hornwood(77) hit Vardis Egen(-51) 127.
    ****
    Halys Hornwood(77) has won.
  Duel between Corbrays(30) -WIL- and Ryswells(27) -WIZ- has begun.
    Vance Corbray(560) hit Barbrey Ryswell(510) 150.
    Barbrey Ryswell(360) hit Vance Corbray(560) 122.
    ****
    Vance Corbray(438) took 20 damage as DOT.
    Barbrey Ryswell(360) took 25 damage as DOT.
    Vance Corbray(418) hit Barbrey Ryswell(335) 150.
    Barbrey Ryswell(185) hit Vance Corbray(418) 122.
    ****
    Vance Corbray(296) took 40 damage as DOT.
    Barbrey Ryswell(185) took 50 damage as DOT.
    Vance Corbray(256) hit Barbrey Ryswell(135) 150.
    Barbrey Ryswell(-15) hit Vance Corbray(256) 122.
    ****
    Vance Corbray(134) has won.
  Duel between House Arryn(50) -WIZ- and House Stark(50) -WIZ- has begun.
    Robin Arryn(585) hit Benjen Stark(510) 150.
    Benjen Stark(360) hit Robin Arryn(585) 160.
    ****
    Robin Arryn(425) took 20 damage as DOT.
    Benjen Stark(360) took 20 damage as DOT.
    Robin Arryn(405) hit Benjen Stark(340) 150.
    Benjen Stark(190) hit Robin Arryn(405) 160.
    ****
    Robin Arryn(245) took 40 damage as DOT.
    Benjen Stark(190) took 40 damage as DOT.
    Robin Arryn(205) hit Benjen Stark(150) 150.
    Benjen Stark(0) hit Robin Arryn(205) 160.
    ****
    Robin Arryn(45) has won.
  The Vale of Arryn got 6 house points. The North got 2 house points.

The winner is: The Vale of Arryn with currently 1 kingdom points.
---------------
---------------
Duel 2: The North vs The Reach
  Duel between Hornwoods(30) -WHI- and Florents(30) -WIL- has begun.
    Halys Hornwood(685) hit Axell Florent(500) 130.
    Axell Florent(370) hit Halys Hornwood(685) 215.
    ****
    Halys Hornwood(470) took 25 damage as DOT.
    Axell Florent(370) took 30 damage as DOT.
    Halys Hornwood(445) hit Axell Florent(340) 130.
    Axell Florent(210) hit Halys Hornwood(445) 215.
    ****
    Halys Hornwood(230) took 50 damage as DOT.
    Axell Florent(210) took 60 damage as DOT.
    Halys Hornwood(180) hit Axell Florent(150) 130.
    Axell Florent(20) hit Halys Hornwood(180) 215.
    ****
    Axell Florent(20) has won.
  Duel between Ryswells(24) -WIZ- and Leygoods(30) -WIL- has begun.
    Barbrey Ryswell(510) hit Lord Leygood(450) 119.
    Lord Leygood(331) hit Barbrey Ryswell(510) 215.
    ****
    Barbrey Ryswell(295) took 25 damage as DOT.
    Lord Leygood(331) took 20 damage as DOT.
    Barbrey Ryswell(270) hit Lord Leygood(311) 119.
    Lord Leygood(192) hit Barbrey Ryswell(270) 215.
    ****
    Barbrey Ryswell(55) took 50 damage as DOT.
    Lord Leygood(192) took 40 damage as DOT.
    Barbrey Ryswell(5) hit Lord Leygood(152) 119.
    Lord Leygood(33) hit Barbrey Ryswell(5) 215.
    ****
    Lord Leygood(33) has won.
  Duel between Mormonts(33) -WIL- and Bulwers(30) -WHI- has begun.
    Jeor Mormont(535) hit Jack Bulwer(600) 158.
    Jack Bulwer(442) hit Jeor Mormont(535) 190.
    ****
    Jeor Mormont(345) took 30 damage as DOT.
    Jack Bulwer(442) took 25 damage as DOT.
    Jeor Mormont(315) hit Jack Bulwer(417) 158.
    Jack Bulwer(259) hit Jeor Mormont(315) 190.
    ****
    Jeor Mormont(125) took 60 damage as DOT.
    Jack Bulwer(259) took 50 damage as DOT.
    Jeor Mormont(65) hit Jack Bulwer(209) 158.
    Jack Bulwer(51) hit Jeor Mormont(65) 190.
    ****
    Jack Bulwer(51) has won.
  Duel between Hornwoods(27) -WHI- and Leygoods(33) -WIL- has begun.
    Halys Hornwood(685) hit Lord Leygood(450) 127.
    Lord Leygood(323) hit Halys Hornwood(685) 218.
    ****
    Halys Hornwood(467) took 25 damage as DOT.
    Lord Leygood(323) took 30 damage as DOT.
    Halys Hornwood(442) hit Lord Leygood(293) 127.
    Lord Leygood(166) hit Halys Hornwood(442) 218.
    ****
    Halys Hornwood(224) took 50 damage as DOT.
    Lord Leygood(166) took 60 damage as DOT.
    Halys Hornwood(174) hit Lord Leygood(106) 127.
    Lord Leygood(-21) hit Halys Hornwood(174) 218.
    ****
    Both of them are dead. A draw.
  Duel between Ryswells(21) -WIZ- and Bulwers(27) -WHI- has begun.
    Barbrey Ryswell(510) hit Jack Bulwer(600) 116.
    Jack Bulwer(484) hit Barbrey Ryswell(510) 187.
    ****
    Barbrey Ryswell(323) took 30 damage as DOT.
    Jack Bulwer(484) took 20 damage as DOT.
    Barbrey Ryswell(293) hit Jack Bulwer(464) 116.
    Jack Bulwer(348) hit Barbrey Ryswell(293) 187.
    ****
    Barbrey Ryswell(106) took 60 damage as DOT.
    Jack Bulwer(348) took 40 damage as DOT.
    Barbrey Ryswell(46) hit Jack Bulwer(308) 116.
    Jack Bulwer(192) hit Barbrey Ryswell(46) 187.
    ****
    Jack Bulwer(192) has won.
  Duel between Mormonts(30) -WIL- and Florents(33) -WIL- has begun.
    Jeor Mormont(535) hit Axell Florent(500) 155.
    Axell Florent(345) hit Jeor Mormont(535) 218.
    ****
    Jeor Mormont(317) took 25 damage as DOT.
    Axell Florent(345) took 25 damage as DOT.
    Jeor Mormont(292) hit Axell Florent(320) 155.
    Axell Florent(165) hit Jeor Mormont(292) 218.
    ****
    Jeor Mormont(74) took 50 damage as DOT.
    Axell Florent(165) took 50 damage as DOT.
    Jeor Mormont(24) hit Axell Florent(115) 155.
    Axell Florent(-40) hit Jeor Mormont(24) 218.
    ****
    Both of them are dead. A draw.
  Duel between Hornwoods(27) -WHI- and Bulwers(30) -WHI- has begun.
    Halys Hornwood(685) hit Jack Bulwer(600) 127.
    Jack Bulwer(473) hit Halys Hornwood(685) 190.
    ****
    Halys Hornwood(495) took 30 damage as DOT.
    Jack Bulwer(473) took 30 damage as DOT.
    Halys Hornwood(465) hit Jack Bulwer(443) 127.
    Jack Bulwer(316) hit Halys Hornwood(465) 190.
    ****
    Halys Hornwood(275) took 60 damage as DOT.
    Jack Bulwer(316) took 60 damage as DOT.
    Halys Hornwood(215) hit Jack Bulwer(256) 127.
    Jack Bulwer(129) hit Halys Hornwood(215) 190.
    ****
    Halys Hornwood(25) took 90 damage as DOT.
    Jack Bulwer(129) took 90 damage as DOT.
    Halys Hornwood(-65) hit Jack Bulwer(39) 127.
    Jack Bulwer(-88) hit Halys Hornwood(-65) 190.
    ****
    Both of them are dead. A draw.
  Duel between Ryswells(18) -WIZ- and Florents(33) -WIL- has begun.
    Barbrey Ryswell(510) hit Axell Florent(500) 113.
    Axell Florent(387) hit Barbrey Ryswell(510) 218.
    ****
    Barbrey Ryswell(292) took 25 damage as DOT.
    Axell Florent(387) took 20 damage as DOT.
    Barbrey Ryswell(267) hit Axell Florent(367) 113.
    Axell Florent(254) hit Barbrey Ryswell(267) 218.
    ****
    Barbrey Ryswell(49) took 50 damage as DOT.
    Axell Florent(254) took 40 damage as DOT.
    Barbrey Ryswell(-1) hit Axell Florent(214) 113.
    Axell Florent(101) hit Barbrey Ryswell(-1) 218.
    ****
    Axell Florent(101) has won.
  Duel between Mormonts(30) -WIL- and Leygoods(33) -WIL- has begun.
    Jeor Mormont(535) hit Lord Leygood(450) 155.
    Lord Leygood(295) hit Jeor Mormont(535) 218.
    ****
    Jeor Mormont(317) took 25 damage as DOT.
    Lord Leygood(295) took 25 damage as DOT.
    Jeor Mormont(292) hit Lord Leygood(270) 155.
    Lord Leygood(115) hit Jeor Mormont(292) 218.
    ****
    Jeor Mormont(74) took 50 damage as DOT.
    Lord Leygood(115) took 50 damage as DOT.
    Jeor Mormont(24) hit Lord Leygood(65) 155.
    Lord Leygood(-90) hit Jeor Mormont(24) 218.
    ****
    Both of them are dead. A draw.
  Duel between House Stark(45) -WIZ- and House Lannister(50) -WHI- has begun.
    Benjen Stark(510) hit Luthor Tyrell(675) 155.
    Luthor Tyrell(520) hit Benjen Stark(510) 210.
    ****
    Benjen Stark(300) took 30 damage as DOT.
    Luthor Tyrell(520) took 20 damage as DOT.
    Benjen Stark(270) hit Luthor Tyrell(500) 155.
    Luthor Tyrell(345) hit Benjen Stark(270) 210.
    ****
    Benjen Stark(60) took 60 damage as DOT.
    Luthor Tyrell(345) took 40 damage as DOT.
    Benjen Stark(0) hit Luthor Tyrell(305) 155.
    Luthor Tyrell(150) hit Benjen Stark(0) 210.
    ****
    Luthor Tyrell(150) has won.
  The North got 0 house points. The Reach got 8 house points.

The winner is: The Reach with currently 1 kingdom points.
---------------
---------------
Duel 3: The Reach vs The Stormlands
  Duel between Florents(36) -WIL- and Wyldes(30) -WIL- has begun.
    Axell Florent(500) hit Williem Wylde(530) 221.
    Williem Wylde(309) hit Axell Florent(500) 180.
    ****
    Axell Florent(320) took 25 damage as DOT.
    Williem Wylde(309) took 25 damage as DOT.
    Axell Florent(295) hit Williem Wylde(284) 221.
    Williem Wylde(63) hit Axell Florent(295) 180.
    ****
    Axell Florent(115) took 50 damage as DOT.
    Williem Wylde(63) took 50 damage as DOT.
    Axell Florent(65) hit Williem Wylde(13) 221.
    Williem Wylde(-208) hit Axell Florent(65) 180.
    ****
    Both of them are dead. A draw.
  Duel between Leygoods(33) -WIL- and Trants(30) -WIL- has begun.
    Lord Leygood(450) hit Meryn Trant(455) 218.
    Meryn Trant(237) hit Lord Leygood(450) 185.
    ****
    Lord Leygood(265) took 25 damage as DOT.
    Meryn Trant(237) took 25 damage as DOT.
    Lord Leygood(240) hit Meryn Trant(212) 218.
    Meryn Trant(-6) hit Lord Leygood(240) 185.
    ****
    Lord Leygood(55) has won.
  Duel between Bulwers(30) -WHI- and Errols(30) -WIZ- has begun.
    Jack Bulwer(600) hit Lord Errol(555) 190.
    Lord Errol(365) hit Jack Bulwer(600) 155.
    ****
    Jack Bulwer(445) took 20 damage as DOT.
    Lord Errol(365) took 30 damage as DOT.
    Jack Bulwer(425) hit Lord Errol(335) 190.
    Lord Errol(145) hit Jack Bulwer(425) 155.
    ****
    Jack Bulwer(270) took 40 damage as DOT.
    Lord Errol(145) took 60 damage as DOT.
    Jack Bulwer(230) hit Lord Errol(85) 190.
    Lord Errol(-105) hit Jack Bulwer(230) 155.
    ****
    Jack Bulwer(75) has won.
  Duel between Florents(36) -WIL- and Trants(27) -WIL- has begun.
    Axell Florent(500) hit Meryn Trant(455) 221.
    Meryn Trant(234) hit Axell Florent(500) 182.
    ****
    Axell Florent(318) took 25 damage as DOT.
    Meryn Trant(234) took 25 damage as DOT.
    Axell Florent(293) hit Meryn Trant(209) 221.
    Meryn Trant(-12) hit Axell Florent(293) 182.
    ****
    Axell Florent(111) has won.
  Duel between Leygoods(36) -WIL- and Errols(27) -WIZ- has begun.
    Lord Leygood(450) hit Lord Errol(555) 221.
    Lord Errol(334) hit Lord Leygood(450) 152.
    ****
    Lord Leygood(298) took 20 damage as DOT.
    Lord Errol(334) took 25 damage as DOT.
    Lord Leygood(278) hit Lord Errol(309) 221.
    Lord Errol(88) hit Lord Leygood(278) 152.
    ****
    Lord Leygood(126) took 40 damage as DOT.
    Lord Errol(88) took 50 damage as DOT.
    Lord Leygood(86) hit Lord Errol(38) 221.
    Lord Errol(-183) hit Lord Leygood(86) 152.
    ****
    Both of them are dead. A draw.
  Duel between Bulwers(33) -WHI- and Wyldes(30) -WIL- has begun.
    Jack Bulwer(600) hit Williem Wylde(530) 193.
    Williem Wylde(337) hit Jack Bulwer(600) 180.
    ****
    Jack Bulwer(420) took 25 damage as DOT.
    Williem Wylde(337) took 30 damage as DOT.
    Jack Bulwer(395) hit Williem Wylde(307) 193.
    Williem Wylde(114) hit Jack Bulwer(395) 180.
    ****
    Jack Bulwer(215) took 50 damage as DOT.
    Williem Wylde(114) took 60 damage as DOT.
    Jack Bulwer(165) hit Williem Wylde(54) 193.
    Williem Wylde(-139) hit Jack Bulwer(165) 180.
    ****
    Both of them are dead. A draw.
  Duel between Florents(39) -WIL- and Errols(27) -WIZ- has begun.
    Axell Florent(500) hit Lord Errol(555) 224.
    Lord Errol(331) hit Axell Florent(500) 152.
    ****
    Axell Florent(348) took 20 damage as DOT.
    Lord Errol(331) took 25 damage as DOT.
    Axell Florent(328) hit Lord Errol(306) 224.
    Lord Errol(82) hit Axell Florent(328) 152.
    ****
    Axell Florent(176) took 40 damage as DOT.
    Lord Errol(82) took 50 damage as DOT.
    Axell Florent(136) hit Lord Errol(32) 224.
    Lord Errol(-192) hit Axell Florent(136) 152.
    ****
    Both of them are dead. A draw.
  Duel between Leygoods(36) -WIL- and Wyldes(30) -WIL- has begun.
    Lord Leygood(450) hit Williem Wylde(530) 221.
    Williem Wylde(309) hit Lord Leygood(450) 180.
    ****
    Lord Leygood(270) took 25 damage as DOT.
    Williem Wylde(309) took 25 damage as DOT.
    Lord Leygood(245) hit Williem Wylde(284) 221.
    Williem Wylde(63) hit Lord Leygood(245) 180.
    ****
    Lord Leygood(65) took 50 damage as DOT.
    Williem Wylde(63) took 50 damage as DOT.
    Lord Leygood(15) hit Williem Wylde(13) 221.
    Williem Wylde(-208) hit Lord Leygood(15) 180.
    ****
    Both of them are dead. A draw.
  Duel between Bulwers(33) -WHI- and Trants(24) -WIL- has begun.
    Jack Bulwer(600) hit Meryn Trant(455) 193.
    Meryn Trant(262) hit Jack Bulwer(600) 179.
    ****
    Jack Bulwer(421) took 25 damage as DOT.
    Meryn Trant(262) took 30 damage as DOT.
    Jack Bulwer(396) hit Meryn Trant(232) 193.
    Meryn Trant(39) hit Jack Bulwer(396) 179.
    ****
    Jack Bulwer(217) took 50 damage as DOT.
    Meryn Trant(39) took 60 damage as DOT.
    Jack Bulwer(167) hit Meryn Trant(-21) 193.
    Meryn Trant(-214) hit Jack Bulwer(167) 179.
    ****
    Both of them are dead. A draw.
  Duel between House Lannister(55) -WHI- and House Tyrell(50) -WIZ- has begun.
    Luthor Tyrell(675) hit Renly Baratheon(530) 215.
    Renly Baratheon(315) hit Luthor Tyrell(675) 180.
    ****
    Luthor Tyrell(495) took 20 damage as DOT.
    Renly Baratheon(315) took 30 damage as DOT.
    Luthor Tyrell(475) hit Renly Baratheon(285) 215.
    Renly Baratheon(70) hit Luthor Tyrell(475) 180.
    ****
    Luthor Tyrell(295) took 40 damage as DOT.
    Renly Baratheon(70) took 60 damage as DOT.
    Luthor Tyrell(255) hit Renly Baratheon(10) 215.
    Renly Baratheon(-205) hit Luthor Tyrell(255) 180.
    ****
    Luthor Tyrell(75) has won.
  The Reach got 6 house points. The Stormlands got 0 house points.

The winner is: The Reach with currently 2 kingdom points.
---------------
---------------
Duel 4: The Vale of Arryn vs The Reach
  Duel between Waynwoods(36) -WHI- and Florents(39) -WIL- has begun.
    Anya Waynwood(710) hit Axell Florent(500) 136.
    Axell Florent(364) hit Anya Waynwood(710) 224.
    ****
    Anya Waynwood(486) took 25 damage as DOT.
    Axell Florent(364) took 30 damage as DOT.
    Anya Waynwood(461) hit Axell Florent(334) 136.
    Axell Florent(198) hit Anya Waynwood(461) 224.
    ****
    Anya Waynwood(237) took 50 damage as DOT.
    Axell Florent(198) took 60 damage as DOT.
    Anya Waynwood(187) hit Axell Florent(138) 136.
    Axell Florent(2) hit Anya Waynwood(187) 224.
    ****
    Axell Florent(2) has won.
  Duel between Egens(24) -WIZ- and Leygoods(36) -WIL- has begun.
    Vardis Egen(510) hit Lord Leygood(450) 119.
    Lord Leygood(331) hit Vardis Egen(510) 221.
    ****
    Vardis Egen(289) took 25 damage as DOT.
    Lord Leygood(331) took 20 damage as DOT.
    Vardis Egen(264) hit Lord Leygood(311) 119.
    Lord Leygood(192) hit Vardis Egen(264) 221.
    ****
    Vardis Egen(43) took 50 damage as DOT.
    Lord Leygood(192) took 40 damage as DOT.
    Vardis Egen(-7) hit Lord Leygood(152) 119.
    Lord Leygood(33) hit Vardis Egen(-7) 221.
    ****
    Lord Leygood(33) has won.
  Duel between Corbrays(33) -WIL- and Bulwers(33) -WHI- has begun.
    Vance Corbray(560) hit Jack Bulwer(600) 153.
    Jack Bulwer(447) hit Vance Corbray(560) 193.
    ****
    Vance Corbray(367) took 30 damage as DOT.
    Jack Bulwer(447) took 25 damage as DOT.
    Vance Corbray(337) hit Jack Bulwer(422) 153.
    Jack Bulwer(269) hit Vance Corbray(337) 193.
    ****
    Vance Corbray(144) took 60 damage as DOT.
    Jack Bulwer(269) took 50 damage as DOT.
    Vance Corbray(84) hit Jack Bulwer(219) 153.
    Jack Bulwer(66) hit Vance Corbray(84) 193.
    ****
    Jack Bulwer(66) has won.
  Duel between Waynwoods(33) -WHI- and Leygoods(39) -WIL- has begun.
    Anya Waynwood(710) hit Lord Leygood(450) 133.
    Lord Leygood(317) hit Anya Waynwood(710) 224.
    ****
    Anya Waynwood(486) took 25 damage as DOT.
    Lord Leygood(317) took 30 damage as DOT.
    Anya Waynwood(461) hit Lord Leygood(287) 133.
    Lord Leygood(154) hit Anya Waynwood(461) 224.
    ****
    Anya Waynwood(237) took 50 damage as DOT.
    Lord Leygood(154) took 60 damage as DOT.
    Anya Waynwood(187) hit Lord Leygood(94) 133.
    Lord Leygood(-39) hit Anya Waynwood(187) 224.
    ****
    Both of them are dead. A draw.
  Duel between Egens(21) -WIZ- and Bulwers(36) -WHI- has begun.
    Vardis Egen(510) hit Jack Bulwer(600) 116.
    Jack Bulwer(484) hit Vardis Egen(510) 196.
    ****
    Vardis Egen(314) took 30 damage as DOT.
    Jack Bulwer(484) took 20 damage as DOT.
    Vardis Egen(284) hit Jack Bulwer(464) 116.
    Jack Bulwer(348) hit Vardis Egen(284) 196.
    ****
    Vardis Egen(88) took 60 damage as DOT.
    Jack Bulwer(348) took 40 damage as DOT.
    Vardis Egen(28) hit Jack Bulwer(308) 116.
    Jack Bulwer(192) hit Vardis Egen(28) 196.
    ****
    Jack Bulwer(192) has won.
  Duel between Corbrays(30) -WIL- and Florents(42) -WIL- has begun.
    Vance Corbray(560) hit Axell Florent(500) 150.
    Axell Florent(350) hit Vance Corbray(560) 227.
    ****
    Vance Corbray(333) took 25 damage as DOT.
    Axell Florent(350) took 25 damage as DOT.
    Vance Corbray(308) hit Axell Florent(325) 150.
    Axell Florent(175) hit Vance Corbray(308) 227.
    ****
    Vance Corbray(81) took 50 damage as DOT.
    Axell Florent(175) took 50 damage as DOT.
    Vance Corbray(31) hit Axell Florent(125) 150.
    Axell Florent(-25) hit Vance Corbray(31) 227.
    ****
    Both of them are dead. A draw.
  Duel between Waynwoods(33) -WHI- and Bulwers(39) -WHI- has begun.
    Anya Waynwood(710) hit Jack Bulwer(600) 133.
    Jack Bulwer(467) hit Anya Waynwood(710) 199.
    ****
    Anya Waynwood(511) took 30 damage as DOT.
    Jack Bulwer(467) took 30 damage as DOT.
    Anya Waynwood(481) hit Jack Bulwer(437) 133.
    Jack Bulwer(304) hit Anya Waynwood(481) 199.
    ****
    Anya Waynwood(282) took 60 damage as DOT.
    Jack Bulwer(304) took 60 damage as DOT.
    Anya Waynwood(222) hit Jack Bulwer(244) 133.
    Jack Bulwer(111) hit Anya Waynwood(222) 199.
    ****
    Anya Waynwood(23) took 90 damage as DOT.
    Jack Bulwer(111) took 90 damage as DOT.
    Anya Waynwood(-67) hit Jack Bulwer(21) 133.
    Jack Bulwer(-112) hit Anya Waynwood(-67) 199.
    ****
    Both of them are dead. A draw.
  Duel between Egens(18) -WIZ- and Florents(42) -WIL- has begun.
    Vardis Egen(510) hit Axell Florent(500) 113.
    Axell Florent(387) hit Vardis Egen(510) 227.
    ****
    Vardis Egen(283) took 25 damage as DOT.
    Axell Florent(387) took 20 damage as DOT.
    Vardis Egen(258) hit Axell Florent(367) 113.
    Axell Florent(254) hit Vardis Egen(258) 227.
    ****
    Vardis Egen(31) took 50 damage as DOT.
    Axell Florent(254) took 40 damage as DOT.
    Vardis Egen(-19) hit Axell Florent(214) 113.
    Axell Florent(101) hit Vardis Egen(-19) 227.
    ****
    Axell Florent(101) has won.
  Duel between Corbrays(30) -WIL- and Leygoods(39) -WIL- has begun.
    Vance Corbray(560) hit Lord Leygood(450) 150.
    Lord Leygood(300) hit Vance Corbray(560) 224.
    ****
    Vance Corbray(336) took 25 damage as DOT.
    Lord Leygood(300) took 25 damage as DOT.
    Vance Corbray(311) hit Lord Leygood(275) 150.
    Lord Leygood(125) hit Vance Corbray(311) 224.
    ****
    Vance Corbray(87) took 50 damage as DOT.
    Lord Leygood(125) took 50 damage as DOT.
    Vance Corbray(37) hit Lord Leygood(75) 150.
    Lord Leygood(-75) hit Vance Corbray(37) 224.
    ****
    Both of them are dead. A draw.
  Duel between House Arryn(55) -WIZ- and House Lannister(60) -WHI- has begun.
    Robin Arryn(585) hit Luthor Tyrell(675) 155.
    Luthor Tyrell(520) hit Robin Arryn(585) 220.
    ****
    Robin Arryn(365) took 30 damage as DOT.
    Luthor Tyrell(520) took 20 damage as DOT.
    Robin Arryn(335) hit Luthor Tyrell(500) 155.
    Luthor Tyrell(345) hit Robin Arryn(335) 220.
    ****
    Robin Arryn(115) took 60 damage as DOT.
    Luthor Tyrell(345) took 40 damage as DOT.
    Robin Arryn(55) hit Luthor Tyrell(305) 155.
    Luthor Tyrell(150) hit Robin Arryn(55) 220.
    ****
    Luthor Tyrell(150) has won.
  The Vale of Arryn got 0 house points. The Reach got 8 house points.

The winner is: The Reach with currently 3 kingdom points.
---------------
---------------
Duel 5: The North vs The Stormlands
  Duel between Hornwoods(27) -WHI- and Wyldes(30) -WIL- has begun.
    Halys Hornwood(685) hit Williem Wylde(530) 127.
    Williem Wylde(403) hit Halys Hornwood(685) 180.
    ****
    Halys Hornwood(505) took 25 damage as DOT.
    Williem Wylde(403) took 30 damage as DOT.
    Halys Hornwood(480) hit Williem Wylde(373) 127.
    Williem Wylde(246) hit Halys Hornwood(480) 180.
    ****
    Halys Hornwood(300) took 50 damage as DOT.
    Williem Wylde(246) took 60 damage as DOT.
    Halys Hornwood(250) hit Williem Wylde(186) 127.
    Williem Wylde(59) hit Halys Hornwood(250) 180.
    ****
    Halys Hornwood(70) took 75 damage as DOT.
    Williem Wylde(59) took 90 damage as DOT.
    Halys Hornwood(-5) hit Williem Wylde(-31) 127.
    Williem Wylde(-158) hit Halys Hornwood(-5) 180.
    ****
    Both of them are dead. A draw.
  Duel between Ryswells(15) -WIZ- and Trants(24) -WIL- has begun.
    Barbrey Ryswell(510) hit Meryn Trant(455) 110.
    Meryn Trant(345) hit Barbrey Ryswell(510) 179.
    ****
    Barbrey Ryswell(331) took 25 damage as DOT.
    Meryn Trant(345) took 20 damage as DOT.
    Barbrey Ryswell(306) hit Meryn Trant(325) 110.
    Meryn Trant(215) hit Barbrey Ryswell(306) 179.
    ****
    Barbrey Ryswell(127) took 50 damage as DOT.
    Meryn Trant(215) took 40 damage as DOT.
    Barbrey Ryswell(77) hit Meryn Trant(175) 110.
    Meryn Trant(65) hit Barbrey Ryswell(77) 179.
    ****
    Meryn Trant(65) has won.
  Duel between Mormonts(30) -WIL- and Errols(27) -WIZ- has begun.
    Jeor Mormont(535) hit Lord Errol(555) 155.
    Lord Errol(400) hit Jeor Mormont(535) 152.
    ****
    Jeor Mormont(383) took 20 damage as DOT.
    Lord Errol(400) took 25 damage as DOT.
    Jeor Mormont(363) hit Lord Errol(375) 155.
    Lord Errol(220) hit Jeor Mormont(363) 152.
    ****
    Jeor Mormont(211) took 40 damage as DOT.
    Lord Errol(220) took 50 damage as DOT.
    Jeor Mormont(171) hit Lord Errol(170) 155.
    Lord Errol(15) hit Jeor Mormont(171) 152.
    ****
    Jeor Mormont(19) took 60 damage as DOT.
    Lord Errol(15) took 75 damage as DOT.
    Jeor Mormont(-41) hit Lord Errol(-60) 155.
    Lord Errol(-215) hit Jeor Mormont(-41) 152.
    ****
    Both of them are dead. A draw.
  Duel between Hornwoods(27) -WHI- and Trants(27) -WIL- has begun.
    Halys Hornwood(685) hit Meryn Trant(455) 127.
    Meryn Trant(328) hit Halys Hornwood(685) 182.
    ****
    Halys Hornwood(503) took 25 damage as DOT.
    Meryn Trant(328) took 30 damage as DOT.
    Halys Hornwood(478) hit Meryn Trant(298) 127.
    Meryn Trant(171) hit Halys Hornwood(478) 182.
    ****
    Halys Hornwood(296) took 50 damage as DOT.
    Meryn Trant(171) took 60 damage as DOT.
    Halys Hornwood(246) hit Meryn Trant(111) 127.
    Meryn Trant(-16) hit Halys Hornwood(246) 182.
    ****
    Halys Hornwood(64) has won.
  Duel between Ryswells(12) -WIZ- and Errols(27) -WIZ- has begun.
    Barbrey Ryswell(510) hit Lord Errol(555) 107.
    Lord Errol(448) hit Barbrey Ryswell(510) 152.
    ****
    Barbrey Ryswell(358) took 20 damage as DOT.
    Lord Errol(448) took 20 damage as DOT.
    Barbrey Ryswell(338) hit Lord Errol(428) 107.
    Lord Errol(321) hit Barbrey Ryswell(338) 152.
    ****
    Barbrey Ryswell(186) took 40 damage as DOT.
    Lord Errol(321) took 40 damage as DOT.
    Barbrey Ryswell(146) hit Lord Errol(281) 107.
    Lord Errol(174) hit Barbrey Ryswell(146) 152.
    ****
    Lord Errol(174) has won.
  Duel between Mormonts(30) -WIL- and Wyldes(30) -WIL- has begun.
    Jeor Mormont(535) hit Williem Wylde(530) 155.
    Williem Wylde(375) hit Jeor Mormont(535) 180.
    ****
    Jeor Mormont(355) took 25 damage as DOT.
    Williem Wylde(375) took 25 damage as DOT.
    Jeor Mormont(330) hit Williem Wylde(350) 155.
    Williem Wylde(195) hit Jeor Mormont(330) 180.
    ****
    Jeor Mormont(150) took 50 damage as DOT.
    Williem Wylde(195) took 50 damage as DOT.
    Jeor Mormont(100) hit Williem Wylde(145) 155.
    Williem Wylde(-10) hit Jeor Mormont(100) 180.
    ****
    Both of them are dead. A draw.
  Duel between Hornwoods(30) -WHI- and Errols(30) -WIZ- has begun.
    Halys Hornwood(685) hit Lord Errol(555) 130.
    Lord Errol(425) hit Halys Hornwood(685) 155.
    ****
    Halys Hornwood(530) took 20 damage as DOT.
    Lord Errol(425) took 30 damage as DOT.
    Halys Hornwood(510) hit Lord Errol(395) 130.
    Lord Errol(265) hit Halys Hornwood(510) 155.
    ****
    Halys Hornwood(355) took 40 damage as DOT.
    Lord Errol(265) took 60 damage as DOT.
    Halys Hornwood(315) hit Lord Errol(205) 130.
    Lord Errol(75) hit Halys Hornwood(315) 155.
    ****
    Halys Hornwood(160) took 60 damage as DOT.
    Lord Errol(75) took 90 damage as DOT.
    Halys Hornwood(100) hit Lord Errol(-15) 130.
    Lord Errol(-145) hit Halys Hornwood(100) 155.
    ****
    Both of them are dead. A draw.
  Duel between Ryswells(9) -WIZ- and Wyldes(30) -WIL- has begun.
    Barbrey Ryswell(510) hit Williem Wylde(530) 104.
    Williem Wylde(426) hit Barbrey Ryswell(510) 180.
    ****
    Barbrey Ryswell(330) took 25 damage as DOT.
    Williem Wylde(426) took 20 damage as DOT.
    Barbrey Ryswell(305) hit Williem Wylde(406) 104.
    Williem Wylde(302) hit Barbrey Ryswell(305) 180.
    ****
    Barbrey Ryswell(125) took 50 damage as DOT.
    Williem Wylde(302) took 40 damage as DOT.
    Barbrey Ryswell(75) hit Williem Wylde(262) 104.
    Williem Wylde(158) hit Barbrey Ryswell(75) 180.
    ****
    Williem Wylde(158) has won.
  Duel between Mormonts(30) -WIL- and Trants(24) -WIL- has begun.
    Jeor Mormont(535) hit Meryn Trant(455) 155.
    Meryn Trant(300) hit Jeor Mormont(535) 179.
    ****
    Jeor Mormont(356) took 25 damage as DOT.
    Meryn Trant(300) took 25 damage as DOT.
    Jeor Mormont(331) hit Meryn Trant(275) 155.
    Meryn Trant(120) hit Jeor Mormont(331) 179.
    ****
    Jeor Mormont(152) took 50 damage as DOT.
    Meryn Trant(120) took 50 damage as DOT.
    Jeor Mormont(102) hit Meryn Trant(70) 155.
    Meryn Trant(-85) hit Jeor Mormont(102) 179.
    ****
    Both of them are dead. A draw.
  Duel between House Stark(40) -WIZ- and House Tyrell(45) -WIZ- has begun.
    Benjen Stark(510) hit Renly Baratheon(530) 150.
    Renly Baratheon(380) hit Benjen Stark(510) 175.
    ****
    Benjen Stark(335) took 20 damage as DOT.
    Renly Baratheon(380) took 20 damage as DOT.
    Benjen Stark(315) hit Renly Baratheon(360) 150.
    Renly Baratheon(210) hit Benjen Stark(315) 175.
    ****
    Benjen Stark(140) took 40 damage as DOT.
    Renly Baratheon(210) took 40 damage as DOT.
    Benjen Stark(100) hit Renly Baratheon(170) 150.
    Renly Baratheon(20) hit Benjen Stark(100) 175.
    ****
    Renly Baratheon(20) has won.
  The North got 1 house points. The Stormlands got 6 house points.

The winner is: The Stormlands with currently 1 kingdom points.
---------------
---------------
Duel 6: The Vale of Arryn vs The Stormlands
  Duel between Waynwoods(33) -WHI- and Wyldes(33) -WIL- has begun.
    Anya Waynwood(710) hit Williem Wylde(530) 133.
    Williem Wylde(397) hit Anya Waynwood(710) 183.
    ****
    Anya Waynwood(527) took 25 damage as DOT.
    Williem Wylde(397) took 30 damage as DOT.
    Anya Waynwood(502) hit Williem Wylde(367) 133.
    Williem Wylde(234) hit Anya Waynwood(502) 183.
    ****
    Anya Waynwood(319) took 50 damage as DOT.
    Williem Wylde(234) took 60 damage as DOT.
    Anya Waynwood(269) hit Williem Wylde(174) 133.
    Williem Wylde(41) hit Anya Waynwood(269) 183.
    ****
    Anya Waynwood(86) took 75 damage as DOT.
    Williem Wylde(41) took 90 damage as DOT.
    Anya Waynwood(11) hit Williem Wylde(-49) 133.
    Williem Wylde(-182) hit Anya Waynwood(11) 183.
    ****
    Both of them are dead. A draw.
  Duel between Egens(15) -WIZ- and Trants(24) -WIL- has begun.
    Vardis Egen(510) hit Meryn Trant(455) 110.
    Meryn Trant(345) hit Vardis Egen(510) 179.
    ****
    Vardis Egen(331) took 25 damage as DOT.
    Meryn Trant(345) took 20 damage as DOT.
    Vardis Egen(306) hit Meryn Trant(325) 110.
    Meryn Trant(215) hit Vardis Egen(306) 179.
    ****
    Vardis Egen(127) took 50 damage as DOT.
    Meryn Trant(215) took 40 damage as DOT.
    Vardis Egen(77) hit Meryn Trant(175) 110.
    Meryn Trant(65) hit Vardis Egen(77) 179.
    ****
    Meryn Trant(65) has won.
  Duel between Corbrays(30) -WIL- and Errols(30) -WIZ- has begun.
    Vance Corbray(560) hit Lord Errol(555) 150.
    Lord Errol(405) hit Vance Corbray(560) 155.
    ****
    Vance Corbray(405) took 20 damage as DOT.
    Lord Errol(405) took 25 damage as DOT.
    Vance Corbray(385) hit Lord Errol(380) 150.
    Lord Errol(230) hit Vance Corbray(385) 155.
    ****
    Vance Corbray(230) took 40 damage as DOT.
    Lord Errol(230) took 50 damage as DOT.
    Vance Corbray(190) hit Lord Errol(180) 150.
    Lord Errol(30) hit Vance Corbray(190) 155.
    ****
    Vance Corbray(35) took 60 damage as DOT.
    Lord Errol(30) took 75 damage as DOT.
    Vance Corbray(-25) hit Lord Errol(-45) 150.
    Lord Errol(-195) hit Vance Corbray(-25) 155.
    ****
    Both of them are dead. A draw.
  Duel between Waynwoods(33) -WHI- and Trants(27) -WIL- has begun.
    Anya Waynwood(710) hit Meryn Trant(455) 133.
    Meryn Trant(322) hit Anya Waynwood(710) 182.
    ****
    Anya Waynwood(528) took 25 damage as DOT.
    Meryn Trant(322) took 30 damage as DOT.
    Anya Waynwood(503) hit Meryn Trant(292) 133.
    Meryn Trant(159) hit Anya Waynwood(503) 182.
    ****
    Anya Waynwood(321) took 50 damage as DOT.
    Meryn Trant(159) took 60 damage as DOT.
    Anya Waynwood(271) hit Meryn Trant(99) 133.
    Meryn Trant(-34) hit Anya Waynwood(271) 182.
    ****
    Anya Waynwood(89) has won.
  Duel between Egens(12) -WIZ- and Errols(30) -WIZ- has begun.
    Vardis Egen(510) hit Lord Errol(555) 107.
    Lord Errol(448) hit Vardis Egen(510) 155.
    ****
    Vardis Egen(355) took 20 damage as DOT.
    Lord Errol(448) took 20 damage as DOT.
    Vardis Egen(335) hit Lord Errol(428) 107.
    Lord Errol(321) hit Vardis Egen(335) 155.
    ****
    Vardis Egen(180) took 40 damage as DOT.
    Lord Errol(321) took 40 damage as DOT.
    Vardis Egen(140) hit Lord Errol(281) 107.
    Lord Errol(174) hit Vardis Egen(140) 155.
    ****
    Lord Errol(174) has won.
  Duel between Corbrays(30) -WIL- and Wyldes(33) -WIL- has begun.
    Vance Corbray(560) hit Williem Wylde(530) 150.
    Williem Wylde(380) hit Vance Corbray(560) 183.
    ****
    Vance Corbray(377) took 25 damage as DOT.
    Williem Wylde(380) took 25 damage as DOT.
    Vance Corbray(352) hit Williem Wylde(355) 150.
    Williem Wylde(205) hit Vance Corbray(352) 183.
    ****
    Vance Corbray(169) took 50 damage as DOT.
    Williem Wylde(205) took 50 damage as DOT.
    Vance Corbray(119) hit Williem Wylde(155) 150.
    Williem Wylde(5) hit Vance Corbray(119) 183.
    ****
    Williem Wylde(5) has won.
  Duel between Waynwoods(36) -WHI- and Errols(33) -WIZ- has begun.
    Anya Waynwood(710) hit Lord Errol(555) 136.
    Lord Errol(419) hit Anya Waynwood(710) 158.
    ****
    Anya Waynwood(552) took 20 damage as DOT.
    Lord Errol(419) took 30 damage as DOT.
    Anya Waynwood(532) hit Lord Errol(389) 136.
    Lord Errol(253) hit Anya Waynwood(532) 158.
    ****
    Anya Waynwood(374) took 40 damage as DOT.
    Lord Errol(253) took 60 damage as DOT.
    Anya Waynwood(334) hit Lord Errol(193) 136.
    Lord Errol(57) hit Anya Waynwood(334) 158.
    ****
    Anya Waynwood(176) took 60 damage as DOT.
    Lord Errol(57) took 90 damage as DOT.
    Anya Waynwood(116) hit Lord Errol(-33) 136.
    Lord Errol(-169) hit Anya Waynwood(116) 158.
    ****
    Both of them are dead. A draw.
  Duel between Egens(9) -WIZ- and Wyldes(36) -WIL- has begun.
    Vardis Egen(510) hit Williem Wylde(530) 104.
    Williem Wylde(426) hit Vardis Egen(510) 186.
    ****
    Vardis Egen(324) took 25 damage as DOT.
    Williem Wylde(426) took 20 damage as DOT.
    Vardis Egen(299) hit Williem Wylde(406) 104.
    Williem Wylde(302) hit Vardis Egen(299) 186.
    ****
    Vardis Egen(113) took 50 damage as DOT.
    Williem Wylde(302) took 40 damage as DOT.
    Vardis Egen(63) hit Williem Wylde(262) 104.
    Williem Wylde(158) hit Vardis Egen(63) 186.
    ****
    Williem Wylde(158) has won.
  Duel between Corbrays(27) -WIL- and Trants(24) -WIL- has begun.
    Vance Corbray(560) hit Meryn Trant(455) 147.
    Meryn Trant(308) hit Vance Corbray(560) 179.
    ****
    Vance Corbray(381) took 25 damage as DOT.
    Meryn Trant(308) took 25 damage as DOT.
    Vance Corbray(356) hit Meryn Trant(283) 147.
    Meryn Trant(136) hit Vance Corbray(356) 179.
    ****
    Vance Corbray(177) took 50 damage as DOT.
    Meryn Trant(136) took 50 damage as DOT.
    Vance Corbray(127) hit Meryn Trant(86) 147.
    Meryn Trant(-61) hit Vance Corbray(127) 179.
    ****
    Both of them are dead. A draw.
  Duel between House Arryn(50) -WIZ- and House Tyrell(50) -WIZ- has begun.
    Robin Arryn(585) hit Renly Baratheon(530) 150.
    Renly Baratheon(380) hit Robin Arryn(585) 180.
    ****
    Robin Arryn(405) took 20 damage as DOT.
    Renly Baratheon(380) took 20 damage as DOT.
    Robin Arryn(385) hit Renly Baratheon(360) 150.
    Renly Baratheon(210) hit Robin Arryn(385) 180.
    ****
    Robin Arryn(205) took 40 damage as DOT.
    Renly Baratheon(210) took 40 damage as DOT.
    Robin Arryn(165) hit Renly Baratheon(170) 150.
    Renly Baratheon(20) hit Robin Arryn(165) 180.
    ****
    Renly Baratheon(20) has won.
  The Vale of Arryn got 1 house points. The Stormlands got 7 house points.

The winner is: The Stormlands with currently 2 kingdom points.
---------------
The War is over. The new owner of King's Landing is The Reach with a total of 3 points.

