War has started with 5 kingdoms.
---------------
Duel 1: The Reach vs The North
  Duel between Oakhearts(30) -WIL- and Dormunds(30) -WIL- has begun.
    Arys Oakheart(535) hit Marlin Dormund(405) 150.
    Marlin Dormund(255) hit Arys Oakheart(535) 230.
    ****
    Arys Oakheart(305) took 25 damage as DOT.
    Marlin Dormund(255) took 25 damage as DOT.
    Arys Oakheart(280) hit Marlin Dormund(230) 150.
    Marlin Dormund(80) hit Arys Oakheart(280) 230.
    ****
    Arys Oakheart(50) took 50 damage as DOT.
    Marlin Dormund(80) took 50 damage as DOT.
    Arys Oakheart(0) hit Marlin Dormund(30) 150.
    Marlin Dormund(-120) hit Arys Oakheart(0) 230.
    ****
    Both of them are dead. A draw.
  Duel between Cuys(30) -WIZ- and Manderlys(30) -WIL- has begun.
    Emmon Cuy(560) hit Wendel Manderly(405) 125.
    Wendel Manderly(280) hit Emmon Cuy(560) 235.
    ****
    Emmon Cuy(325) took 25 damage as DOT.
    Wendel Manderly(280) took 20 damage as DOT.
    Emmon Cuy(300) hit Wendel Manderly(260) 125.
    Wendel Manderly(135) hit Emmon Cuy(300) 235.
    ****
    Emmon Cuy(65) took 50 damage as DOT.
    Wendel Manderly(135) took 40 damage as DOT.
    Emmon Cuy(15) hit Wendel Manderly(95) 125.
    Wendel Manderly(-30) hit Emmon Cuy(15) 235.
    ****
    Both of them are dead. A draw.
  Duel between Fossoways(30) -WIL- and Dustins(30) -WHI- has begun.
    Lord Fossoway(510) hit Barbrey Ryswell(630) 155.
    Barbrey Ryswell(475) hit Lord Fossoway(510) 210.
    ****
    Lord Fossoway(300) took 30 damage as DOT.
    Barbrey Ryswell(475) took 25 damage as DOT.
    Lord Fossoway(270) hit Barbrey Ryswell(450) 155.
    Barbrey Ryswell(295) hit Lord Fossoway(270) 210.
    ****
    Lord Fossoway(60) took 60 damage as DOT.
    Barbrey Ryswell(295) took 50 damage as DOT.
    Lord Fossoway(0) hit Barbrey Ryswell(245) 155.
    Barbrey Ryswell(90) hit Lord Fossoway(0) 210.
    ****
    Barbrey Ryswell(90) has won.
  Duel between Oakhearts(30) -WIL- and Manderlys(30) -WIL- has begun.
    Arys Oakheart(535) hit Wendel Manderly(405) 150.
    Wendel Manderly(255) hit Arys Oakheart(535) 235.
    ****
    Arys Oakheart(300) took 25 damage as DOT.
    Wendel Manderly(255) took 25 damage as DOT.
    Arys Oakheart(275) hit Wendel Manderly(230) 150.
    Wendel Manderly(80) hit Arys Oakheart(275) 235.
    ****
    Arys Oakheart(40) took 50 damage as DOT.
    Wendel Manderly(80) took 50 damage as DOT.
    Arys Oakheart(-10) hit Wendel Manderly(30) 150.
    Wendel Manderly(-120) hit Arys Oakheart(-10) 235.
    ****
    Both of them are dead. A draw.
  Duel between Cuys(30) -WIZ- and Dustins(33) -WHI- has begun.
    Emmon Cuy(560) hit Barbrey Ryswell(630) 125.
    Barbrey Ryswell(505) hit Emmon Cuy(560) 213.
    ****
    Emmon Cuy(347) took 30 damage as DOT.
    Barbrey Ryswell(505) took 20 damage as DOT.
    Emmon Cuy(317) hit Barbrey Ryswell(485) 125.
    Barbrey Ryswell(360) hit Emmon Cuy(317) 213.
    ****
    Emmon Cuy(104) took 60 damage as DOT.
    Barbrey Ryswell(360) took 40 damage as DOT.
    Emmon Cuy(44) hit Barbrey Ryswell(320) 125.
    Barbrey Ryswell(195) hit Emmon Cuy(44) 213.
    ****
    Barbrey Ryswell(195) has won.
  Duel between Fossoways(27) -WIL- and Dormunds(30) -WIL- has begun.
    Lord Fossoway(510) hit Marlin Dormund(405) 152.
    Marlin Dormund(253) hit Lord Fossoway(510) 230.
    ****
    Lord Fossoway(280) took 25 damage as DOT.
    Marlin Dormund(253) took 25 damage as DOT.
    Lord Fossoway(255) hit Marlin Dormund(228) 152.
    Marlin Dormund(76) hit Lord Fossoway(255) 230.
    ****
    Lord Fossoway(25) took 50 damage as DOT.
    Marlin Dormund(76) took 50 damage as DOT.
    Lord Fossoway(-25) hit Marlin Dormund(26) 152.
    Marlin Dormund(-126) hit Lord Fossoway(-25) 230.
    ****
    Both of them are dead. A draw.
  Duel between Oakhearts(30) -WIL- and Dustins(36) -WHI- has begun.
    Arys Oakheart(535) hit Barbrey Ryswell(630) 150.
    Barbrey Ryswell(480) hit Arys Oakheart(535) 216.
    ****
    Arys Oakheart(319) took 30 damage as DOT.
    Barbrey Ryswell(480) took 25 damage as DOT.
    Arys Oakheart(289) hit Barbrey Ryswell(455) 150.
    Barbrey Ryswell(305) hit Arys Oakheart(289) 216.
    ****
    Arys Oakheart(73) took 60 damage as DOT.
    Barbrey Ryswell(305) took 50 damage as DOT.
    Arys Oakheart(13) hit Barbrey Ryswell(255) 150.
    Barbrey Ryswell(105) hit Arys Oakheart(13) 216.
    ****
    Barbrey Ryswell(105) has won.
  Duel between Cuys(27) -WIZ- and Dormunds(30) -WIL- has begun.
    Emmon Cuy(560) hit Marlin Dormund(405) 122.
    Marlin Dormund(283) hit Emmon Cuy(560) 230.
    ****
    Emmon Cuy(330) took 25 damage as DOT.
    Marlin Dormund(283) took 20 damage as DOT.
    Emmon Cuy(305) hit Marlin Dormund(263) 122.
    Marlin Dormund(141) hit Emmon Cuy(305) 230.
    ****
    Emmon Cuy(75) took 50 damage as DOT.
    Marlin Dormund(141) took 40 damage as DOT.
    Emmon Cuy(25) hit Marlin Dormund(101) 122.
    Marlin Dormund(-21) hit Emmon Cuy(25) 230.
    ****
    Both of them are dead. A draw.
  Duel between Fossoways(27) -WIL- and Manderlys(30) -WIL- has begun.
    Lord Fossoway(510) hit Wendel Manderly(405) 152.
    Wendel Manderly(253) hit Lord Fossoway(510) 235.
    ****
    Lord Fossoway(275) took 25 damage as DOT.
    Wendel Manderly(253) took 25 damage as DOT.
    Lord Fossoway(250) hit Wendel Manderly(228) 152.
    Wendel Manderly(76) hit Lord Fossoway(250) 235.
    ****
    Lord Fossoway(15) took 50 damage as DOT.
    Wendel Manderly(76) took 50 damage as DOT.
    Lord Fossoway(-35) hit Wendel Manderly(26) 152.
    Wendel Manderly(-126) hit Lord Fossoway(-35) 235.
    ****
    Both of them are dead. A draw.
  Duel between House Lannister(50) -WHI- and House Stark(50) -WIZ- has begun.
    Luthor Tyrell(710) hit Arya Stark(455) 150.
    Arya Stark(305) hit Luthor Tyrell(710) 235.
    ****
    Luthor Tyrell(475) took 20 damage as DOT.
    Arya Stark(305) took 30 damage as DOT.
    Luthor Tyrell(455) hit Arya Stark(275) 150.
    Arya Stark(125) hit Luthor Tyrell(455) 235.
    ****
    Luthor Tyrell(220) took 40 damage as DOT.
    Arya Stark(125) took 60 damage as DOT.
    Luthor Tyrell(180) hit Arya Stark(65) 150.
    Arya Stark(-85) hit Luthor Tyrell(180) 235.
    ****
    Both of them are dead. A draw.
  The Reach got 0 house points. The North got 3 house points.

The winner is: The North with currently 1 kingdom points.
---------------
---------------
Duel 2: The North vs The Vale of Arryn
  Duel between Dormunds(30) -WIL- and Egens(30) -WIL- has begun.
    Marlin Dormund(405) hit Vardis Egen(560) 230.
    Vardis Egen(330) hit Marlin Dormund(405) 150.
    ****
    Marlin Dormund(255) took 25 damage as DOT.
    Vardis Egen(330) took 25 damage as DOT.
    Marlin Dormund(230) hit Vardis Egen(305) 230.
    Vardis Egen(75) hit Marlin Dormund(230) 150.
    ****
    Marlin Dormund(80) took 50 damage as DOT.
    Vardis Egen(75) took 50 damage as DOT.
    Marlin Dormund(30) hit Vardis Egen(25) 230.
    Vardis Egen(-205) hit Marlin Dormund(30) 150.
    ****
    Both of them are dead. A draw.
  Duel between Manderlys(30) -WIL- and Hunters(30) -WHI- has begun.
    Wendel Manderly(405) hit Eon Hunter(660) 235.
    Eon Hunter(425) hit Wendel Manderly(405) 130.
    ****
    Wendel Manderly(275) took 30 damage as DOT.
    Eon Hunter(425) took 25 damage as DOT.
    Wendel Manderly(245) hit Eon Hunter(400) 235.
    Eon Hunter(165) hit Wendel Manderly(245) 130.
    ****
    Wendel Manderly(115) took 60 damage as DOT.
    Eon Hunter(165) took 50 damage as DOT.
    Wendel Manderly(55) hit Eon Hunter(115) 235.
    Eon Hunter(-120) hit Wendel Manderly(55) 130.
    ****
    Both of them are dead. A draw.
  Duel between Dustins(39) -WHI- and Corbrays(30) -WHI- has begun.
    Barbrey Ryswell(630) hit Vance Corbray(685) 219.
    Vance Corbray(466) hit Barbrey Ryswell(630) 130.
    ****
    Barbrey Ryswell(500) took 30 damage as DOT.
    Vance Corbray(466) took 30 damage as DOT.
    Barbrey Ryswell(470) hit Vance Corbray(436) 219.
    Vance Corbray(217) hit Barbrey Ryswell(470) 130.
    ****
    Barbrey Ryswell(340) took 60 damage as DOT.
    Vance Corbray(217) took 60 damage as DOT.
    Barbrey Ryswell(280) hit Vance Corbray(157) 219.
    Vance Corbray(-62) hit Barbrey Ryswell(280) 130.
    ****
    Barbrey Ryswell(150) has won.
  Duel between Dormunds(30) -WIL- and Hunters(30) -WHI- has begun.
    Marlin Dormund(405) hit Eon Hunter(660) 230.
    Eon Hunter(430) hit Marlin Dormund(405) 130.
    ****
    Marlin Dormund(275) took 30 damage as DOT.
    Eon Hunter(430) took 25 damage as DOT.
    Marlin Dormund(245) hit Eon Hunter(405) 230.
    Eon Hunter(175) hit Marlin Dormund(245) 130.
    ****
    Marlin Dormund(115) took 60 damage as DOT.
    Eon Hunter(175) took 50 damage as DOT.
    Marlin Dormund(55) hit Eon Hunter(125) 230.
    Eon Hunter(-105) hit Marlin Dormund(55) 130.
    ****
    Both of them are dead. A draw.
  Duel between Manderlys(30) -WIL- and Corbrays(27) -WHI- has begun.
    Wendel Manderly(405) hit Vance Corbray(685) 235.
    Vance Corbray(450) hit Wendel Manderly(405) 127.
    ****
    Wendel Manderly(278) took 30 damage as DOT.
    Vance Corbray(450) took 25 damage as DOT.
    Wendel Manderly(248) hit Vance Corbray(425) 235.
    Vance Corbray(190) hit Wendel Manderly(248) 127.
    ****
    Wendel Manderly(121) took 60 damage as DOT.
    Vance Corbray(190) took 50 damage as DOT.
    Wendel Manderly(61) hit Vance Corbray(140) 235.
    Vance Corbray(-95) hit Wendel Manderly(61) 127.
    ****
    Both of them are dead. A draw.
  Duel between Dustins(42) -WHI- and Egens(30) -WIL- has begun.
    Barbrey Ryswell(630) hit Vardis Egen(560) 222.
    Vardis Egen(338) hit Barbrey Ryswell(630) 150.
    ****
    Barbrey Ryswell(480) took 25 damage as DOT.
    Vardis Egen(338) took 30 damage as DOT.
    Barbrey Ryswell(455) hit Vardis Egen(308) 222.
    Vardis Egen(86) hit Barbrey Ryswell(455) 150.
    ****
    Barbrey Ryswell(305) took 50 damage as DOT.
    Vardis Egen(86) took 60 damage as DOT.
    Barbrey Ryswell(255) hit Vardis Egen(26) 222.
    Vardis Egen(-196) hit Barbrey Ryswell(255) 150.
    ****
    Barbrey Ryswell(105) has won.
  Duel between Dormunds(30) -WIL- and Corbrays(27) -WHI- has begun.
    Marlin Dormund(405) hit Vance Corbray(685) 230.
    Vance Corbray(455) hit Marlin Dormund(405) 127.
    ****
    Marlin Dormund(278) took 30 damage as DOT.
    Vance Corbray(455) took 25 damage as DOT.
    Marlin Dormund(248) hit Vance Corbray(430) 230.
    Vance Corbray(200) hit Marlin Dormund(248) 127.
    ****
    Marlin Dormund(121) took 60 damage as DOT.
    Vance Corbray(200) took 50 damage as DOT.
    Marlin Dormund(61) hit Vance Corbray(150) 230.
    Vance Corbray(-80) hit Marlin Dormund(61) 127.
    ****
    Both of them are dead. A draw.
  Duel between Manderlys(30) -WIL- and Egens(27) -WIL- has begun.
    Wendel Manderly(405) hit Vardis Egen(560) 235.
    Vardis Egen(325) hit Wendel Manderly(405) 147.
    ****
    Wendel Manderly(258) took 25 damage as DOT.
    Vardis Egen(325) took 25 damage as DOT.
    Wendel Manderly(233) hit Vardis Egen(300) 235.
    Vardis Egen(65) hit Wendel Manderly(233) 147.
    ****
    Wendel Manderly(86) took 50 damage as DOT.
    Vardis Egen(65) took 50 damage as DOT.
    Wendel Manderly(36) hit Vardis Egen(15) 235.
    Vardis Egen(-220) hit Wendel Manderly(36) 147.
    ****
    Both of them are dead. A draw.
  Duel between Dustins(45) -WHI- and Hunters(30) -WHI- has begun.
    Barbrey Ryswell(630) hit Eon Hunter(660) 225.
    Eon Hunter(435) hit Barbrey Ryswell(630) 130.
    ****
    Barbrey Ryswell(500) took 30 damage as DOT.
    Eon Hunter(435) took 30 damage as DOT.
    Barbrey Ryswell(470) hit Eon Hunter(405) 225.
    Eon Hunter(180) hit Barbrey Ryswell(470) 130.
    ****
    Barbrey Ryswell(340) took 60 damage as DOT.
    Eon Hunter(180) took 60 damage as DOT.
    Barbrey Ryswell(280) hit Eon Hunter(120) 225.
    Eon Hunter(-105) hit Barbrey Ryswell(280) 130.
    ****
    Barbrey Ryswell(150) has won.
  Duel between House Stark(50) -WIZ- and House Arryn(50) -WIL- has begun.
    Arya Stark(455) hit Jon Arryn(485) 235.
    Jon Arryn(250) hit Arya Stark(455) 170.
    ****
    Arya Stark(285) took 25 damage as DOT.
    Jon Arryn(250) took 20 damage as DOT.
    Arya Stark(260) hit Jon Arryn(230) 235.
    Jon Arryn(-5) hit Arya Stark(260) 170.
    ****
    Arya Stark(90) has won.
  The North got 6 house points. The Vale of Arryn got 0 house points.

The winner is: The North with currently 2 kingdom points.
---------------
---------------
Duel 3: The Vale of Arryn vs The Stormlands
  Duel between Egens(27) -WIL- and Morrigens(30) -WHI- has begun.
    Vardis Egen(560) hit Damon Morrigen(710) 147.
    Damon Morrigen(563) hit Vardis Egen(560) 130.
    ****
    Vardis Egen(430) took 30 damage as DOT.
    Damon Morrigen(563) took 25 damage as DOT.
    Vardis Egen(400) hit Damon Morrigen(538) 147.
    Damon Morrigen(391) hit Vardis Egen(400) 130.
    ****
    Vardis Egen(270) took 60 damage as DOT.
    Damon Morrigen(391) took 50 damage as DOT.
    Vardis Egen(210) hit Damon Morrigen(341) 147.
    Damon Morrigen(194) hit Vardis Egen(210) 130.
    ****
    Vardis Egen(80) took 90 damage as DOT.
    Damon Morrigen(194) took 75 damage as DOT.
    Vardis Egen(-10) hit Damon Morrigen(119) 147.
    Damon Morrigen(-28) hit Vardis Egen(-10) 130.
    ****
    Both of them are dead. A draw.
  Duel between Hunters(27) -WHI- and Estermonts(30) -WIL- has begun.
    Eon Hunter(660) hit Cassana Estermont(560) 127.
    Cassana Estermont(433) hit Eon Hunter(660) 155.
    ****
    Eon Hunter(505) took 25 damage as DOT.
    Cassana Estermont(433) took 30 damage as DOT.
    Eon Hunter(480) hit Cassana Estermont(403) 127.
    Cassana Estermont(276) hit Eon Hunter(480) 155.
    ****
    Eon Hunter(325) took 50 damage as DOT.
    Cassana Estermont(276) took 60 damage as DOT.
    Eon Hunter(275) hit Cassana Estermont(216) 127.
    Cassana Estermont(89) hit Eon Hunter(275) 155.
    ****
    Eon Hunter(120) took 75 damage as DOT.
    Cassana Estermont(89) took 90 damage as DOT.
    Eon Hunter(45) hit Cassana Estermont(-1) 127.
    Cassana Estermont(-128) hit Eon Hunter(45) 155.
    ****
    Both of them are dead. A draw.
  Duel between Corbrays(27) -WHI- and Wyldes(30) -WIL- has begun.
    Vance Corbray(685) hit Williem Wylde(485) 127.
    Williem Wylde(358) hit Vance Corbray(685) 150.
    ****
    Vance Corbray(535) took 25 damage as DOT.
    Williem Wylde(358) took 30 damage as DOT.
    Vance Corbray(510) hit Williem Wylde(328) 127.
    Williem Wylde(201) hit Vance Corbray(510) 150.
    ****
    Vance Corbray(360) took 50 damage as DOT.
    Williem Wylde(201) took 60 damage as DOT.
    Vance Corbray(310) hit Williem Wylde(141) 127.
    Williem Wylde(14) hit Vance Corbray(310) 150.
    ****
    Vance Corbray(160) took 75 damage as DOT.
    Williem Wylde(14) took 90 damage as DOT.
    Vance Corbray(85) hit Williem Wylde(-76) 127.
    Williem Wylde(-203) hit Vance Corbray(85) 150.
    ****
    Both of them are dead. A draw.
  Duel between Egens(27) -WIL- and Estermonts(30) -WIL- has begun.
    Vardis Egen(560) hit Cassana Estermont(560) 147.
    Cassana Estermont(413) hit Vardis Egen(560) 155.
    ****
    Vardis Egen(405) took 25 damage as DOT.
    Cassana Estermont(413) took 25 damage as DOT.
    Vardis Egen(380) hit Cassana Estermont(388) 147.
    Cassana Estermont(241) hit Vardis Egen(380) 155.
    ****
    Vardis Egen(225) took 50 damage as DOT.
    Cassana Estermont(241) took 50 damage as DOT.
    Vardis Egen(175) hit Cassana Estermont(191) 147.
    Cassana Estermont(44) hit Vardis Egen(175) 155.
    ****
    Vardis Egen(20) took 75 damage as DOT.
    Cassana Estermont(44) took 75 damage as DOT.
    Vardis Egen(-55) hit Cassana Estermont(-31) 147.
    Cassana Estermont(-178) hit Vardis Egen(-55) 155.
    ****
    Both of them are dead. A draw.
  Duel between Hunters(27) -WHI- and Wyldes(30) -WIL- has begun.
    Eon Hunter(660) hit Williem Wylde(485) 127.
    Williem Wylde(358) hit Eon Hunter(660) 150.
    ****
    Eon Hunter(510) took 25 damage as DOT.
    Williem Wylde(358) took 30 damage as DOT.
    Eon Hunter(485) hit Williem Wylde(328) 127.
    Williem Wylde(201) hit Eon Hunter(485) 150.
    ****
    Eon Hunter(335) took 50 damage as DOT.
    Williem Wylde(201) took 60 damage as DOT.
    Eon Hunter(285) hit Williem Wylde(141) 127.
    Williem Wylde(14) hit Eon Hunter(285) 150.
    ****
    Eon Hunter(135) took 75 damage as DOT.
    Williem Wylde(14) took 90 damage as DOT.
    Eon Hunter(60) hit Williem Wylde(-76) 127.
    Williem Wylde(-203) hit Eon Hunter(60) 150.
    ****
    Both of them are dead. A draw.
  Duel between Corbrays(27) -WHI- and Morrigens(30) -WHI- has begun.
    Vance Corbray(685) hit Damon Morrigen(710) 127.
    Damon Morrigen(583) hit Vance Corbray(685) 130.
    ****
    Vance Corbray(555) took 30 damage as DOT.
    Damon Morrigen(583) took 30 damage as DOT.
    Vance Corbray(525) hit Damon Morrigen(553) 127.
    Damon Morrigen(426) hit Vance Corbray(525) 130.
    ****
    Vance Corbray(395) took 60 damage as DOT.
    Damon Morrigen(426) took 60 damage as DOT.
    Vance Corbray(335) hit Damon Morrigen(366) 127.
    Damon Morrigen(239) hit Vance Corbray(335) 130.
    ****
    Vance Corbray(205) took 90 damage as DOT.
    Damon Morrigen(239) took 90 damage as DOT.
    Vance Corbray(115) hit Damon Morrigen(149) 127.
    Damon Morrigen(22) hit Vance Corbray(115) 130.
    ****
    Damon Morrigen(22) has won.
  Duel between Egens(27) -WIL- and Wyldes(30) -WIL- has begun.
    Vardis Egen(560) hit Williem Wylde(485) 147.
    Williem Wylde(338) hit Vardis Egen(560) 150.
    ****
    Vardis Egen(410) took 25 damage as DOT.
    Williem Wylde(338) took 25 damage as DOT.
    Vardis Egen(385) hit Williem Wylde(313) 147.
    Williem Wylde(166) hit Vardis Egen(385) 150.
    ****
    Vardis Egen(235) took 50 damage as DOT.
    Williem Wylde(166) took 50 damage as DOT.
    Vardis Egen(185) hit Williem Wylde(116) 147.
    Williem Wylde(-31) hit Vardis Egen(185) 150.
    ****
    Vardis Egen(35) has won.
  Duel between Hunters(27) -WHI- and Morrigens(33) -WHI- has begun.
    Eon Hunter(660) hit Damon Morrigen(710) 127.
    Damon Morrigen(583) hit Eon Hunter(660) 133.
    ****
    Eon Hunter(527) took 30 damage as DOT.
    Damon Morrigen(583) took 30 damage as DOT.
    Eon Hunter(497) hit Damon Morrigen(553) 127.
    Damon Morrigen(426) hit Eon Hunter(497) 133.
    ****
    Eon Hunter(364) took 60 damage as DOT.
    Damon Morrigen(426) took 60 damage as DOT.
    Eon Hunter(304) hit Damon Morrigen(366) 127.
    Damon Morrigen(239) hit Eon Hunter(304) 133.
    ****
    Eon Hunter(171) took 90 damage as DOT.
    Damon Morrigen(239) took 90 damage as DOT.
    Eon Hunter(81) hit Damon Morrigen(149) 127.
    Damon Morrigen(22) hit Eon Hunter(81) 133.
    ****
    Damon Morrigen(22) has won.
  Duel between Corbrays(24) -WHI- and Estermonts(30) -WIL- has begun.
    Vance Corbray(685) hit Cassana Estermont(560) 124.
    Cassana Estermont(436) hit Vance Corbray(685) 155.
    ****
    Vance Corbray(530) took 25 damage as DOT.
    Cassana Estermont(436) took 30 damage as DOT.
    Vance Corbray(505) hit Cassana Estermont(406) 124.
    Cassana Estermont(282) hit Vance Corbray(505) 155.
    ****
    Vance Corbray(350) took 50 damage as DOT.
    Cassana Estermont(282) took 60 damage as DOT.
    Vance Corbray(300) hit Cassana Estermont(222) 124.
    Cassana Estermont(98) hit Vance Corbray(300) 155.
    ****
    Vance Corbray(145) took 75 damage as DOT.
    Cassana Estermont(98) took 90 damage as DOT.
    Vance Corbray(70) hit Cassana Estermont(8) 124.
    Cassana Estermont(-116) hit Vance Corbray(70) 155.
    ****
    Both of them are dead. A draw.
  Duel between House Arryn(37) -WIL- and House Tyrell(50) -WIL- has begun.
    Jon Arryn(485) hit Renly Baratheon(535) 157.
    Renly Baratheon(378) hit Jon Arryn(485) 170.
    ****
    Jon Arryn(315) took 25 damage as DOT.
    Renly Baratheon(378) took 25 damage as DOT.
    Jon Arryn(290) hit Renly Baratheon(353) 157.
    Renly Baratheon(196) hit Jon Arryn(290) 170.
    ****
    Jon Arryn(120) took 50 damage as DOT.
    Renly Baratheon(196) took 50 damage as DOT.
    Jon Arryn(70) hit Renly Baratheon(146) 157.
    Renly Baratheon(-11) hit Jon Arryn(70) 170.
    ****
    Both of them are dead. A draw.
  The Vale of Arryn got 1 house points. The Stormlands got 2 house points.

The winner is: The Stormlands with currently 1 kingdom points.
---------------
---------------
Duel 4: The Stormlands vs The Westernlands
  Duel between Morrigens(36) -WHI- and Yarwycks(30) -WHI- has begun.
    Damon Morrigen(710) hit Othell Yarwyck(600) 136.
    Othell Yarwyck(464) hit Damon Morrigen(710) 120.
    ****
    Damon Morrigen(590) took 30 damage as DOT.
    Othell Yarwyck(464) took 30 damage as DOT.
    Damon Morrigen(560) hit Othell Yarwyck(434) 136.
    Othell Yarwyck(298) hit Damon Morrigen(560) 120.
    ****
    Damon Morrigen(440) took 60 damage as DOT.
    Othell Yarwyck(298) took 60 damage as DOT.
    Damon Morrigen(380) hit Othell Yarwyck(238) 136.
    Othell Yarwyck(102) hit Damon Morrigen(380) 120.
    ****
    Damon Morrigen(260) took 90 damage as DOT.
    Othell Yarwyck(102) took 90 damage as DOT.
    Damon Morrigen(170) hit Othell Yarwyck(12) 136.
    Othell Yarwyck(-124) hit Damon Morrigen(170) 120.
    ****
    Damon Morrigen(50) has won.
  Duel between Estermonts(30) -WIL- and Crakehalls(30) -WIZ- has begun.
    Cassana Estermont(560) hit Desmond Crakehall(475) 155.
    Desmond Crakehall(320) hit Cassana Estermont(560) 130.
    ****
    Cassana Estermont(430) took 20 damage as DOT.
    Desmond Crakehall(320) took 25 damage as DOT.
    Cassana Estermont(410) hit Desmond Crakehall(295) 155.
    Desmond Crakehall(140) hit Cassana Estermont(410) 130.
    ****
    Cassana Estermont(280) took 40 damage as DOT.
    Desmond Crakehall(140) took 50 damage as DOT.
    Cassana Estermont(240) hit Desmond Crakehall(90) 155.
    Desmond Crakehall(-65) hit Cassana Estermont(240) 130.
    ****
    Cassana Estermont(110) has won.
  Duel between Wyldes(27) -WIL- and Sarsfields(30) -WHI- has begun.
    Williem Wylde(485) hit Eldrick Sarsfield(600) 147.
    Eldrick Sarsfield(453) hit Williem Wylde(485) 120.
    ****
    Williem Wylde(365) took 30 damage as DOT.
    Eldrick Sarsfield(453) took 25 damage as DOT.
    Williem Wylde(335) hit Eldrick Sarsfield(428) 147.
    Eldrick Sarsfield(281) hit Williem Wylde(335) 120.
    ****
    Williem Wylde(215) took 60 damage as DOT.
    Eldrick Sarsfield(281) took 50 damage as DOT.
    Williem Wylde(155) hit Eldrick Sarsfield(231) 147.
    Eldrick Sarsfield(84) hit Williem Wylde(155) 120.
    ****
    Williem Wylde(35) took 90 damage as DOT.
    Eldrick Sarsfield(84) took 75 damage as DOT.
    Williem Wylde(-55) hit Eldrick Sarsfield(9) 147.
    Eldrick Sarsfield(-138) hit Williem Wylde(-55) 120.
    ****
    Both of them are dead. A draw.
  Duel between Morrigens(39) -WHI- and Crakehalls(27) -WIZ- has begun.
    Damon Morrigen(710) hit Desmond Crakehall(475) 139.
    Desmond Crakehall(336) hit Damon Morrigen(710) 127.
    ****
    Damon Morrigen(583) took 20 damage as DOT.
    Desmond Crakehall(336) took 30 damage as DOT.
    Damon Morrigen(563) hit Desmond Crakehall(306) 139.
    Desmond Crakehall(167) hit Damon Morrigen(563) 127.
    ****
    Damon Morrigen(436) took 40 damage as DOT.
    Desmond Crakehall(167) took 60 damage as DOT.
    Damon Morrigen(396) hit Desmond Crakehall(107) 139.
    Desmond Crakehall(-32) hit Damon Morrigen(396) 127.
    ****
    Damon Morrigen(269) has won.
  Duel between Estermonts(33) -WIL- and Sarsfields(30) -WHI- has begun.
    Cassana Estermont(560) hit Eldrick Sarsfield(600) 158.
    Eldrick Sarsfield(442) hit Cassana Estermont(560) 120.
    ****
    Cassana Estermont(440) took 30 damage as DOT.
    Eldrick Sarsfield(442) took 25 damage as DOT.
    Cassana Estermont(410) hit Eldrick Sarsfield(417) 158.
    Eldrick Sarsfield(259) hit Cassana Estermont(410) 120.
    ****
    Cassana Estermont(290) took 60 damage as DOT.
    Eldrick Sarsfield(259) took 50 damage as DOT.
    Cassana Estermont(230) hit Eldrick Sarsfield(209) 158.
    Eldrick Sarsfield(51) hit Cassana Estermont(230) 120.
    ****
    Cassana Estermont(110) took 90 damage as DOT.
    Eldrick Sarsfield(51) took 75 damage as DOT.
    Cassana Estermont(20) hit Eldrick Sarsfield(-24) 158.
    Eldrick Sarsfield(-182) hit Cassana Estermont(20) 120.
    ****
    Both of them are dead. A draw.
  Duel between Wyldes(27) -WIL- and Yarwycks(27) -WHI- has begun.
    Williem Wylde(485) hit Othell Yarwyck(600) 147.
    Othell Yarwyck(453) hit Williem Wylde(485) 117.
    ****
    Williem Wylde(368) took 30 damage as DOT.
    Othell Yarwyck(453) took 25 damage as DOT.
    Williem Wylde(338) hit Othell Yarwyck(428) 147.
    Othell Yarwyck(281) hit Williem Wylde(338) 117.
    ****
    Williem Wylde(221) took 60 damage as DOT.
    Othell Yarwyck(281) took 50 damage as DOT.
    Williem Wylde(161) hit Othell Yarwyck(231) 147.
    Othell Yarwyck(84) hit Williem Wylde(161) 117.
    ****
    Williem Wylde(44) took 90 damage as DOT.
    Othell Yarwyck(84) took 75 damage as DOT.
    Williem Wylde(-46) hit Othell Yarwyck(9) 147.
    Othell Yarwyck(-138) hit Williem Wylde(-46) 117.
    ****
    Both of them are dead. A draw.
  Duel between Morrigens(42) -WHI- and Sarsfields(30) -WHI- has begun.
    Damon Morrigen(710) hit Eldrick Sarsfield(600) 142.
    Eldrick Sarsfield(458) hit Damon Morrigen(710) 120.
    ****
    Damon Morrigen(590) took 30 damage as DOT.
    Eldrick Sarsfield(458) took 30 damage as DOT.
    Damon Morrigen(560) hit Eldrick Sarsfield(428) 142.
    Eldrick Sarsfield(286) hit Damon Morrigen(560) 120.
    ****
    Damon Morrigen(440) took 60 damage as DOT.
    Eldrick Sarsfield(286) took 60 damage as DOT.
    Damon Morrigen(380) hit Eldrick Sarsfield(226) 142.
    Eldrick Sarsfield(84) hit Damon Morrigen(380) 120.
    ****
    Damon Morrigen(260) took 90 damage as DOT.
    Eldrick Sarsfield(84) took 90 damage as DOT.
    Damon Morrigen(170) hit Eldrick Sarsfield(-6) 142.
    Eldrick Sarsfield(-148) hit Damon Morrigen(170) 120.
    ****
    Damon Morrigen(50) has won.
  Duel between Estermonts(33) -WIL- and Yarwycks(27) -WHI- has begun.
    Cassana Estermont(560) hit Othell Yarwyck(600) 158.
    Othell Yarwyck(442) hit Cassana Estermont(560) 117.
    ****
    Cassana Estermont(443) took 30 damage as DOT.
    Othell Yarwyck(442) took 25 damage as DOT.
    Cassana Estermont(413) hit Othell Yarwyck(417) 158.
    Othell Yarwyck(259) hit Cassana Estermont(413) 117.
    ****
    Cassana Estermont(296) took 60 damage as DOT.
    Othell Yarwyck(259) took 50 damage as DOT.
    Cassana Estermont(236) hit Othell Yarwyck(209) 158.
    Othell Yarwyck(51) hit Cassana Estermont(236) 117.
    ****
    Cassana Estermont(119) took 90 damage as DOT.
    Othell Yarwyck(51) took 75 damage as DOT.
    Cassana Estermont(29) hit Othell Yarwyck(-24) 158.
    Othell Yarwyck(-182) hit Cassana Estermont(29) 117.
    ****
    Both of them are dead. A draw.
  Duel between Wyldes(27) -WIL- and Crakehalls(24) -WIZ- has begun.
    Williem Wylde(485) hit Desmond Crakehall(475) 147.
    Desmond Crakehall(328) hit Williem Wylde(485) 124.
    ****
    Williem Wylde(361) took 20 damage as DOT.
    Desmond Crakehall(328) took 25 damage as DOT.
    Williem Wylde(341) hit Desmond Crakehall(303) 147.
    Desmond Crakehall(156) hit Williem Wylde(341) 124.
    ****
    Williem Wylde(217) took 40 damage as DOT.
    Desmond Crakehall(156) took 50 damage as DOT.
    Williem Wylde(177) hit Desmond Crakehall(106) 147.
    Desmond Crakehall(-41) hit Williem Wylde(177) 124.
    ****
    Williem Wylde(53) has won.
  Duel between House Tyrell(50) -WIL- and House Frey(50) -WHI- has begun.
    Renly Baratheon(535) hit Kevan Lannister(675) 170.
    Kevan Lannister(505) hit Renly Baratheon(535) 140.
    ****
    Renly Baratheon(395) took 30 damage as DOT.
    Kevan Lannister(505) took 25 damage as DOT.
    Renly Baratheon(365) hit Kevan Lannister(480) 170.
    Kevan Lannister(310) hit Renly Baratheon(365) 140.
    ****
    Renly Baratheon(225) took 60 damage as DOT.
    Kevan Lannister(310) took 50 damage as DOT.
    Renly Baratheon(165) hit Kevan Lannister(260) 170.
    Kevan Lannister(90) hit Renly Baratheon(165) 140.
    ****
    Renly Baratheon(25) took 90 damage as DOT.
    Kevan Lannister(90) took 75 damage as DOT.
    Renly Baratheon(-65) hit Kevan Lannister(15) 170.
    Kevan Lannister(-155) hit Renly Baratheon(-65) 140.
    ****
    Both of them are dead. A draw.
  The Stormlands got 5 house points. The Westernlands got 0 house points.

The winner is: The Stormlands with currently 2 kingdom points.
---------------
---------------
Duel 5: The Reach vs The Vale of Arryn
  Duel between Oakhearts(27) -WIL- and Egens(25) -WIL- has begun.
    Arys Oakheart(535) hit Vardis Egen(560) 147.
    Vardis Egen(413) hit Arys Oakheart(535) 145.
    ****
    Arys Oakheart(390) took 25 damage as DOT.
    Vardis Egen(413) took 25 damage as DOT.
    Arys Oakheart(365) hit Vardis Egen(388) 147.
    Vardis Egen(241) hit Arys Oakheart(365) 145.
    ****
    Arys Oakheart(220) took 50 damage as DOT.
    Vardis Egen(241) took 50 damage as DOT.
    Arys Oakheart(170) hit Vardis Egen(191) 147.
    Vardis Egen(44) hit Arys Oakheart(170) 145.
    ****
    Arys Oakheart(25) took 75 damage as DOT.
    Vardis Egen(44) took 75 damage as DOT.
    Arys Oakheart(-50) hit Vardis Egen(-31) 147.
    Vardis Egen(-178) hit Arys Oakheart(-50) 145.
    ****
    Both of them are dead. A draw.
  Duel between Cuys(27) -WIZ- and Hunters(24) -WHI- has begun.
    Emmon Cuy(560) hit Eon Hunter(660) 122.
    Eon Hunter(538) hit Emmon Cuy(560) 124.
    ****
    Emmon Cuy(436) took 30 damage as DOT.
    Eon Hunter(538) took 20 damage as DOT.
    Emmon Cuy(406) hit Eon Hunter(518) 122.
    Eon Hunter(396) hit Emmon Cuy(406) 124.
    ****
    Emmon Cuy(282) took 60 damage as DOT.
    Eon Hunter(396) took 40 damage as DOT.
    Emmon Cuy(222) hit Eon Hunter(356) 122.
    Eon Hunter(234) hit Emmon Cuy(222) 124.
    ****
    Emmon Cuy(98) took 90 damage as DOT.
    Eon Hunter(234) took 60 damage as DOT.
    Emmon Cuy(8) hit Eon Hunter(174) 122.
    Eon Hunter(52) hit Emmon Cuy(8) 124.
    ****
    Eon Hunter(52) has won.
  Duel between Fossoways(27) -WIL- and Corbrays(24) -WHI- has begun.
    Lord Fossoway(510) hit Vance Corbray(685) 152.
    Vance Corbray(533) hit Lord Fossoway(510) 124.
    ****
    Lord Fossoway(386) took 30 damage as DOT.
    Vance Corbray(533) took 25 damage as DOT.
    Lord Fossoway(356) hit Vance Corbray(508) 152.
    Vance Corbray(356) hit Lord Fossoway(356) 124.
    ****
    Lord Fossoway(232) took 60 damage as DOT.
    Vance Corbray(356) took 50 damage as DOT.
    Lord Fossoway(172) hit Vance Corbray(306) 152.
    Vance Corbray(154) hit Lord Fossoway(172) 124.
    ****
    Lord Fossoway(48) took 90 damage as DOT.
    Vance Corbray(154) took 75 damage as DOT.
    Lord Fossoway(-42) hit Vance Corbray(79) 152.
    Vance Corbray(-73) hit Lord Fossoway(-42) 124.
    ****
    Both of them are dead. A draw.
  Duel between Oakhearts(27) -WIL- and Hunters(23) -WHI- has begun.
    Arys Oakheart(535) hit Eon Hunter(660) 147.
    Eon Hunter(513) hit Arys Oakheart(535) 123.
    ****
    Arys Oakheart(412) took 30 damage as DOT.
    Eon Hunter(513) took 25 damage as DOT.
    Arys Oakheart(382) hit Eon Hunter(488) 147.
    Eon Hunter(341) hit Arys Oakheart(382) 123.
    ****
    Arys Oakheart(259) took 60 damage as DOT.
    Eon Hunter(341) took 50 damage as DOT.
    Arys Oakheart(199) hit Eon Hunter(291) 147.
    Eon Hunter(144) hit Arys Oakheart(199) 123.
    ****
    Arys Oakheart(76) took 90 damage as DOT.
    Eon Hunter(144) took 75 damage as DOT.
    Arys Oakheart(-14) hit Eon Hunter(69) 147.
    Eon Hunter(-78) hit Arys Oakheart(-14) 123.
    ****
    Both of them are dead. A draw.
  Duel between Cuys(24) -WIZ- and Corbrays(24) -WHI- has begun.
    Emmon Cuy(560) hit Vance Corbray(685) 119.
    Vance Corbray(566) hit Emmon Cuy(560) 124.
    ****
    Emmon Cuy(436) took 30 damage as DOT.
    Vance Corbray(566) took 20 damage as DOT.
    Emmon Cuy(406) hit Vance Corbray(546) 119.
    Vance Corbray(427) hit Emmon Cuy(406) 124.
    ****
    Emmon Cuy(282) took 60 damage as DOT.
    Vance Corbray(427) took 40 damage as DOT.
    Emmon Cuy(222) hit Vance Corbray(387) 119.
    Vance Corbray(268) hit Emmon Cuy(222) 124.
    ****
    Emmon Cuy(98) took 90 damage as DOT.
    Vance Corbray(268) took 60 damage as DOT.
    Emmon Cuy(8) hit Vance Corbray(208) 119.
    Vance Corbray(89) hit Emmon Cuy(8) 124.
    ****
    Vance Corbray(89) has won.
  Duel between Fossoways(27) -WIL- and Egens(25) -WIL- has begun.
    Lord Fossoway(510) hit Vardis Egen(560) 152.
    Vardis Egen(408) hit Lord Fossoway(510) 145.
    ****
    Lord Fossoway(365) took 25 damage as DOT.
    Vardis Egen(408) took 25 damage as DOT.
    Lord Fossoway(340) hit Vardis Egen(383) 152.
    Vardis Egen(231) hit Lord Fossoway(340) 145.
    ****
    Lord Fossoway(195) took 50 damage as DOT.
    Vardis Egen(231) took 50 damage as DOT.
    Lord Fossoway(145) hit Vardis Egen(181) 152.
    Vardis Egen(29) hit Lord Fossoway(145) 145.
    ****
    Vardis Egen(29) has won.
  Duel between Oakhearts(27) -WIL- and Corbrays(27) -WHI- has begun.
    Arys Oakheart(535) hit Vance Corbray(685) 147.
    Vance Corbray(538) hit Arys Oakheart(535) 127.
    ****
    Arys Oakheart(408) took 30 damage as DOT.
    Vance Corbray(538) took 25 damage as DOT.
    Arys Oakheart(378) hit Vance Corbray(513) 147.
    Vance Corbray(366) hit Arys Oakheart(378) 127.
    ****
    Arys Oakheart(251) took 60 damage as DOT.
    Vance Corbray(366) took 50 damage as DOT.
    Arys Oakheart(191) hit Vance Corbray(316) 147.
    Vance Corbray(169) hit Arys Oakheart(191) 127.
    ****
    Arys Oakheart(64) took 90 damage as DOT.
    Vance Corbray(169) took 75 damage as DOT.
    Arys Oakheart(-26) hit Vance Corbray(94) 147.
    Vance Corbray(-53) hit Arys Oakheart(-26) 127.
    ****
    Both of them are dead. A draw.
  Duel between Cuys(21) -WIZ- and Egens(23) -WIL- has begun.
    Emmon Cuy(560) hit Vardis Egen(560) 116.
    Vardis Egen(444) hit Emmon Cuy(560) 143.
    ****
    Emmon Cuy(417) took 25 damage as DOT.
    Vardis Egen(444) took 20 damage as DOT.
    Emmon Cuy(392) hit Vardis Egen(424) 116.
    Vardis Egen(308) hit Emmon Cuy(392) 143.
    ****
    Emmon Cuy(249) took 50 damage as DOT.
    Vardis Egen(308) took 40 damage as DOT.
    Emmon Cuy(199) hit Vardis Egen(268) 116.
    Vardis Egen(152) hit Emmon Cuy(199) 143.
    ****
    Emmon Cuy(56) took 75 damage as DOT.
    Vardis Egen(152) took 60 damage as DOT.
    Emmon Cuy(-19) hit Vardis Egen(92) 116.
    Vardis Egen(-24) hit Emmon Cuy(-19) 143.
    ****
    Both of them are dead. A draw.
  Duel between Fossoways(24) -WIL- and Hunters(23) -WHI- has begun.
    Lord Fossoway(510) hit Eon Hunter(660) 149.
    Eon Hunter(511) hit Lord Fossoway(510) 123.
    ****
    Lord Fossoway(387) took 30 damage as DOT.
    Eon Hunter(511) took 25 damage as DOT.
    Lord Fossoway(357) hit Eon Hunter(486) 149.
    Eon Hunter(337) hit Lord Fossoway(357) 123.
    ****
    Lord Fossoway(234) took 60 damage as DOT.
    Eon Hunter(337) took 50 damage as DOT.
    Lord Fossoway(174) hit Eon Hunter(287) 149.
    Eon Hunter(138) hit Lord Fossoway(174) 123.
    ****
    Lord Fossoway(51) took 90 damage as DOT.
    Eon Hunter(138) took 75 damage as DOT.
    Lord Fossoway(-39) hit Eon Hunter(63) 149.
    Eon Hunter(-86) hit Lord Fossoway(-39) 123.
    ****
    Both of them are dead. A draw.
  Duel between House Lannister(50) -WHI- and House Arryn(37) -WIL- has begun.
    Luthor Tyrell(710) hit Jon Arryn(485) 150.
    Jon Arryn(335) hit Luthor Tyrell(710) 157.
    ****
    Luthor Tyrell(553) took 25 damage as DOT.
    Jon Arryn(335) took 30 damage as DOT.
    Luthor Tyrell(528) hit Jon Arryn(305) 150.
    Jon Arryn(155) hit Luthor Tyrell(528) 157.
    ****
    Luthor Tyrell(371) took 50 damage as DOT.
    Jon Arryn(155) took 60 damage as DOT.
    Luthor Tyrell(321) hit Jon Arryn(95) 150.
    Jon Arryn(-55) hit Luthor Tyrell(321) 157.
    ****
    Luthor Tyrell(164) has won.
  The Reach got 3 house points. The Vale of Arryn got 3 house points.

A draw.
---------------
---------------
Duel 6: The North vs The Stormlands
  Duel between Dormunds(30) -WIL- and Morrigens(45) -WHI- has begun.
    Marlin Dormund(405) hit Damon Morrigen(710) 230.
    Damon Morrigen(480) hit Marlin Dormund(405) 145.
    ****
    Marlin Dormund(260) took 30 damage as DOT.
    Damon Morrigen(480) took 25 damage as DOT.
    Marlin Dormund(230) hit Damon Morrigen(455) 230.
    Damon Morrigen(225) hit Marlin Dormund(230) 145.
    ****
    Marlin Dormund(85) took 60 damage as DOT.
    Damon Morrigen(225) took 50 damage as DOT.
    Marlin Dormund(25) hit Damon Morrigen(175) 230.
    Damon Morrigen(-55) hit Marlin Dormund(25) 145.
    ****
    Both of them are dead. A draw.
  Duel between Manderlys(30) -WIL- and Estermonts(33) -WIL- has begun.
    Wendel Manderly(405) hit Cassana Estermont(560) 235.
    Cassana Estermont(325) hit Wendel Manderly(405) 158.
    ****
    Wendel Manderly(247) took 25 damage as DOT.
    Cassana Estermont(325) took 25 damage as DOT.
    Wendel Manderly(222) hit Cassana Estermont(300) 235.
    Cassana Estermont(65) hit Wendel Manderly(222) 158.
    ****
    Wendel Manderly(64) took 50 damage as DOT.
    Cassana Estermont(65) took 50 damage as DOT.
    Wendel Manderly(14) hit Cassana Estermont(15) 235.
    Cassana Estermont(-220) hit Wendel Manderly(14) 158.
    ****
    Both of them are dead. A draw.
  Duel between Dustins(48) -WHI- and Wyldes(30) -WIL- has begun.
    Barbrey Ryswell(630) hit Williem Wylde(485) 228.
    Williem Wylde(257) hit Barbrey Ryswell(630) 150.
    ****
    Barbrey Ryswell(480) took 25 damage as DOT.
    Williem Wylde(257) took 30 damage as DOT.
    Barbrey Ryswell(455) hit Williem Wylde(227) 228.
    Williem Wylde(-1) hit Barbrey Ryswell(455) 150.
    ****
    Barbrey Ryswell(305) has won.
  Duel between Dormunds(30) -WIL- and Estermonts(33) -WIL- has begun.
    Marlin Dormund(405) hit Cassana Estermont(560) 230.
    Cassana Estermont(330) hit Marlin Dormund(405) 158.
    ****
    Marlin Dormund(247) took 25 damage as DOT.
    Cassana Estermont(330) took 25 damage as DOT.
    Marlin Dormund(222) hit Cassana Estermont(305) 230.
    Cassana Estermont(75) hit Marlin Dormund(222) 158.
    ****
    Marlin Dormund(64) took 50 damage as DOT.
    Cassana Estermont(75) took 50 damage as DOT.
    Marlin Dormund(14) hit Cassana Estermont(25) 230.
    Cassana Estermont(-205) hit Marlin Dormund(14) 158.
    ****
    Both of them are dead. A draw.
  Duel between Manderlys(30) -WIL- and Wyldes(27) -WIL- has begun.
    Wendel Manderly(405) hit Williem Wylde(485) 235.
    Williem Wylde(250) hit Wendel Manderly(405) 147.
    ****
    Wendel Manderly(258) took 25 damage as DOT.
    Williem Wylde(250) took 25 damage as DOT.
    Wendel Manderly(233) hit Williem Wylde(225) 235.
    Williem Wylde(-10) hit Wendel Manderly(233) 147.
    ****
    Wendel Manderly(86) has won.
  Duel between Dustins(51) -WHI- and Morrigens(45) -WHI- has begun.
    Barbrey Ryswell(630) hit Damon Morrigen(710) 231.
    Damon Morrigen(479) hit Barbrey Ryswell(630) 145.
    ****
    Barbrey Ryswell(485) took 30 damage as DOT.
    Damon Morrigen(479) took 30 damage as DOT.
    Barbrey Ryswell(455) hit Damon Morrigen(449) 231.
    Damon Morrigen(218) hit Barbrey Ryswell(455) 145.
    ****
    Barbrey Ryswell(310) took 60 damage as DOT.
    Damon Morrigen(218) took 60 damage as DOT.
    Barbrey Ryswell(250) hit Damon Morrigen(158) 231.
    Damon Morrigen(-73) hit Barbrey Ryswell(250) 145.
    ****
    Barbrey Ryswell(105) has won.
  Duel between Dormunds(30) -WIL- and Wyldes(24) -WIL- has begun.
    Marlin Dormund(405) hit Williem Wylde(485) 230.
    Williem Wylde(255) hit Marlin Dormund(405) 144.
    ****
    Marlin Dormund(261) took 25 damage as DOT.
    Williem Wylde(255) took 25 damage as DOT.
    Marlin Dormund(236) hit Williem Wylde(230) 230.
    Williem Wylde(0) hit Marlin Dormund(236) 144.
    ****
    Marlin Dormund(92) has won.
  Duel between Manderlys(33) -WIL- and Morrigens(42) -WHI- has begun.
    Wendel Manderly(405) hit Damon Morrigen(710) 238.
    Damon Morrigen(472) hit Wendel Manderly(405) 142.
    ****
    Wendel Manderly(263) took 30 damage as DOT.
    Damon Morrigen(472) took 25 damage as DOT.
    Wendel Manderly(233) hit Damon Morrigen(447) 238.
    Damon Morrigen(209) hit Wendel Manderly(233) 142.
    ****
    Wendel Manderly(91) took 60 damage as DOT.
    Damon Morrigen(209) took 50 damage as DOT.
    Wendel Manderly(31) hit Damon Morrigen(159) 238.
    Damon Morrigen(-79) hit Wendel Manderly(31) 142.
    ****
    Both of them are dead. A draw.
  Duel between Dustins(54) -WHI- and Estermonts(33) -WIL- has begun.
    Barbrey Ryswell(630) hit Cassana Estermont(560) 234.
    Cassana Estermont(326) hit Barbrey Ryswell(630) 158.
    ****
    Barbrey Ryswell(472) took 25 damage as DOT.
    Cassana Estermont(326) took 30 damage as DOT.
    Barbrey Ryswell(447) hit Cassana Estermont(296) 234.
    Cassana Estermont(62) hit Barbrey Ryswell(447) 158.
    ****
    Barbrey Ryswell(289) took 50 damage as DOT.
    Cassana Estermont(62) took 60 damage as DOT.
    Barbrey Ryswell(239) hit Cassana Estermont(2) 234.
    Cassana Estermont(-232) hit Barbrey Ryswell(239) 158.
    ****
    Barbrey Ryswell(81) has won.
  Duel between House Stark(59) -WIZ- and House Tyrell(50) -WIL- has begun.
    Arya Stark(455) hit Renly Baratheon(535) 244.
    Renly Baratheon(291) hit Arya Stark(455) 170.
    ****
    Arya Stark(285) took 25 damage as DOT.
    Renly Baratheon(291) took 20 damage as DOT.
    Arya Stark(260) hit Renly Baratheon(271) 244.
    Renly Baratheon(27) hit Arya Stark(260) 170.
    ****
    Arya Stark(90) took 50 damage as DOT.
    Renly Baratheon(27) took 40 damage as DOT.
    Arya Stark(40) hit Renly Baratheon(-13) 244.
    Renly Baratheon(-257) hit Arya Stark(40) 170.
    ****
    Both of them are dead. A draw.
  The North got 5 house points. The Stormlands got 0 house points.

The winner is: The North with currently 3 kingdom points.
---------------
---------------
Duel 7: The Vale of Arryn vs The Westernlands
  Duel between Egens(23) -WIL- and Yarwycks(27) -WHI- has begun.
    Vardis Egen(560) hit Othell Yarwyck(600) 143.
    Othell Yarwyck(457) hit Vardis Egen(560) 117.
    ****
    Vardis Egen(443) took 30 damage as DOT.
    Othell Yarwyck(457) took 25 damage as DOT.
    Vardis Egen(413) hit Othell Yarwyck(432) 143.
    Othell Yarwyck(289) hit Vardis Egen(413) 117.
    ****
    Vardis Egen(296) took 60 damage as DOT.
    Othell Yarwyck(289) took 50 damage as DOT.
    Vardis Egen(236) hit Othell Yarwyck(239) 143.
    Othell Yarwyck(96) hit Vardis Egen(236) 117.
    ****
    Vardis Egen(119) took 90 damage as DOT.
    Othell Yarwyck(96) took 75 damage as DOT.
    Vardis Egen(29) hit Othell Yarwyck(21) 143.
    Othell Yarwyck(-122) hit Vardis Egen(29) 117.
    ****
    Both of them are dead. A draw.
  Duel between Hunters(23) -WHI- and Crakehalls(21) -WIZ- has begun.
    Eon Hunter(660) hit Desmond Crakehall(475) 123.
    Desmond Crakehall(352) hit Eon Hunter(660) 121.
    ****
    Eon Hunter(539) took 20 damage as DOT.
    Desmond Crakehall(352) took 30 damage as DOT.
    Eon Hunter(519) hit Desmond Crakehall(322) 123.
    Desmond Crakehall(199) hit Eon Hunter(519) 121.
    ****
    Eon Hunter(398) took 40 damage as DOT.
    Desmond Crakehall(199) took 60 damage as DOT.
    Eon Hunter(358) hit Desmond Crakehall(139) 123.
    Desmond Crakehall(16) hit Eon Hunter(358) 121.
    ****
    Eon Hunter(237) took 60 damage as DOT.
    Desmond Crakehall(16) took 90 damage as DOT.
    Eon Hunter(177) hit Desmond Crakehall(-74) 123.
    Desmond Crakehall(-197) hit Eon Hunter(177) 121.
    ****
    Eon Hunter(56) has won.
  Duel between Corbrays(27) -WHI- and Sarsfields(27) -WHI- has begun.
    Vance Corbray(685) hit Eldrick Sarsfield(600) 127.
    Eldrick Sarsfield(473) hit Vance Corbray(685) 117.
    ****
    Vance Corbray(568) took 30 damage as DOT.
    Eldrick Sarsfield(473) took 30 damage as DOT.
    Vance Corbray(538) hit Eldrick Sarsfield(443) 127.
    Eldrick Sarsfield(316) hit Vance Corbray(538) 117.
    ****
    Vance Corbray(421) took 60 damage as DOT.
    Eldrick Sarsfield(316) took 60 damage as DOT.
    Vance Corbray(361) hit Eldrick Sarsfield(256) 127.
    Eldrick Sarsfield(129) hit Vance Corbray(361) 117.
    ****
    Vance Corbray(244) took 90 damage as DOT.
    Eldrick Sarsfield(129) took 90 damage as DOT.
    Vance Corbray(154) hit Eldrick Sarsfield(39) 127.
    Eldrick Sarsfield(-88) hit Vance Corbray(154) 117.
    ****
    Vance Corbray(37) has won.
  Duel between Egens(23) -WIL- and Crakehalls(18) -WIZ- has begun.
    Vardis Egen(560) hit Desmond Crakehall(475) 143.
    Desmond Crakehall(332) hit Vardis Egen(560) 118.
    ****
    Vardis Egen(442) took 20 damage as DOT.
    Desmond Crakehall(332) took 25 damage as DOT.
    Vardis Egen(422) hit Desmond Crakehall(307) 143.
    Desmond Crakehall(164) hit Vardis Egen(422) 118.
    ****
    Vardis Egen(304) took 40 damage as DOT.
    Desmond Crakehall(164) took 50 damage as DOT.
    Vardis Egen(264) hit Desmond Crakehall(114) 143.
    Desmond Crakehall(-29) hit Vardis Egen(264) 118.
    ****
    Vardis Egen(146) has won.
  Duel between Hunters(26) -WHI- and Sarsfields(24) -WHI- has begun.
    Eon Hunter(660) hit Eldrick Sarsfield(600) 126.
    Eldrick Sarsfield(474) hit Eon Hunter(660) 114.
    ****
    Eon Hunter(546) took 30 damage as DOT.
    Eldrick Sarsfield(474) took 30 damage as DOT.
    Eon Hunter(516) hit Eldrick Sarsfield(444) 126.
    Eldrick Sarsfield(318) hit Eon Hunter(516) 114.
    ****
    Eon Hunter(402) took 60 damage as DOT.
    Eldrick Sarsfield(318) took 60 damage as DOT.
    Eon Hunter(342) hit Eldrick Sarsfield(258) 126.
    Eldrick Sarsfield(132) hit Eon Hunter(342) 114.
    ****
    Eon Hunter(228) took 90 damage as DOT.
    Eldrick Sarsfield(132) took 90 damage as DOT.
    Eon Hunter(138) hit Eldrick Sarsfield(42) 126.
    Eldrick Sarsfield(-84) hit Eon Hunter(138) 114.
    ****
    Eon Hunter(24) has won.
  Duel between Corbrays(30) -WHI- and Yarwycks(27) -WHI- has begun.
    Vance Corbray(685) hit Othell Yarwyck(600) 130.
    Othell Yarwyck(470) hit Vance Corbray(685) 117.
    ****
    Vance Corbray(568) took 30 damage as DOT.
    Othell Yarwyck(470) took 30 damage as DOT.
    Vance Corbray(538) hit Othell Yarwyck(440) 130.
    Othell Yarwyck(310) hit Vance Corbray(538) 117.
    ****
    Vance Corbray(421) took 60 damage as DOT.
    Othell Yarwyck(310) took 60 damage as DOT.
    Vance Corbray(361) hit Othell Yarwyck(250) 130.
    Othell Yarwyck(120) hit Vance Corbray(361) 117.
    ****
    Vance Corbray(244) took 90 damage as DOT.
    Othell Yarwyck(120) took 90 damage as DOT.
    Vance Corbray(154) hit Othell Yarwyck(30) 130.
    Othell Yarwyck(-100) hit Vance Corbray(154) 117.
    ****
    Vance Corbray(37) has won.
  Duel between Egens(26) -WIL- and Sarsfields(21) -WHI- has begun.
    Vardis Egen(560) hit Eldrick Sarsfield(600) 146.
    Eldrick Sarsfield(454) hit Vardis Egen(560) 111.
    ****
    Vardis Egen(449) took 30 damage as DOT.
    Eldrick Sarsfield(454) took 25 damage as DOT.
    Vardis Egen(419) hit Eldrick Sarsfield(429) 146.
    Eldrick Sarsfield(283) hit Vardis Egen(419) 111.
    ****
    Vardis Egen(308) took 60 damage as DOT.
    Eldrick Sarsfield(283) took 50 damage as DOT.
    Vardis Egen(248) hit Eldrick Sarsfield(233) 146.
    Eldrick Sarsfield(87) hit Vardis Egen(248) 111.
    ****
    Vardis Egen(137) took 90 damage as DOT.
    Eldrick Sarsfield(87) took 75 damage as DOT.
    Vardis Egen(47) hit Eldrick Sarsfield(12) 146.
    Eldrick Sarsfield(-134) hit Vardis Egen(47) 111.
    ****
    Both of them are dead. A draw.
  Duel between Hunters(29) -WHI- and Yarwycks(24) -WHI- has begun.
    Eon Hunter(660) hit Othell Yarwyck(600) 129.
    Othell Yarwyck(471) hit Eon Hunter(660) 114.
    ****
    Eon Hunter(546) took 30 damage as DOT.
    Othell Yarwyck(471) took 30 damage as DOT.
    Eon Hunter(516) hit Othell Yarwyck(441) 129.
    Othell Yarwyck(312) hit Eon Hunter(516) 114.
    ****
    Eon Hunter(402) took 60 damage as DOT.
    Othell Yarwyck(312) took 60 damage as DOT.
    Eon Hunter(342) hit Othell Yarwyck(252) 129.
    Othell Yarwyck(123) hit Eon Hunter(342) 114.
    ****
    Eon Hunter(228) took 90 damage as DOT.
    Othell Yarwyck(123) took 90 damage as DOT.
    Eon Hunter(138) hit Othell Yarwyck(33) 129.
    Othell Yarwyck(-96) hit Eon Hunter(138) 114.
    ****
    Eon Hunter(24) has won.
  Duel between Corbrays(33) -WHI- and Crakehalls(15) -WIZ- has begun.
    Vance Corbray(685) hit Desmond Crakehall(475) 133.
    Desmond Crakehall(342) hit Vance Corbray(685) 115.
    ****
    Vance Corbray(570) took 20 damage as DOT.
    Desmond Crakehall(342) took 30 damage as DOT.
    Vance Corbray(550) hit Desmond Crakehall(312) 133.
    Desmond Crakehall(179) hit Vance Corbray(550) 115.
    ****
    Vance Corbray(435) took 40 damage as DOT.
    Desmond Crakehall(179) took 60 damage as DOT.
    Vance Corbray(395) hit Desmond Crakehall(119) 133.
    Desmond Crakehall(-14) hit Vance Corbray(395) 115.
    ****
    Vance Corbray(280) has won.
  Duel between House Arryn(32) -WIL- and House Frey(50) -WHI- has begun.
    Jon Arryn(485) hit Kevan Lannister(675) 152.
    Kevan Lannister(523) hit Jon Arryn(485) 140.
    ****
    Jon Arryn(345) took 30 damage as DOT.
    Kevan Lannister(523) took 25 damage as DOT.
    Jon Arryn(315) hit Kevan Lannister(498) 152.
    Kevan Lannister(346) hit Jon Arryn(315) 140.
    ****
    Jon Arryn(175) took 60 damage as DOT.
    Kevan Lannister(346) took 50 damage as DOT.
    Jon Arryn(115) hit Kevan Lannister(296) 152.
    Kevan Lannister(144) hit Jon Arryn(115) 140.
    ****
    Kevan Lannister(144) has won.
  The Vale of Arryn got 7 house points. The Westernlands got 3 house points.

The winner is: The Vale of Arryn with currently 2 kingdom points.
---------------
---------------
Duel 8: The Reach vs The Stormlands
  Duel between Oakhearts(27) -WIL- and Morrigens(42) -WHI- has begun.
    Arys Oakheart(535) hit Damon Morrigen(710) 147.
    Damon Morrigen(563) hit Arys Oakheart(535) 142.
    ****
    Arys Oakheart(393) took 30 damage as DOT.
    Damon Morrigen(563) took 25 damage as DOT.
    Arys Oakheart(363) hit Damon Morrigen(538) 147.
    Damon Morrigen(391) hit Arys Oakheart(363) 142.
    ****
    Arys Oakheart(221) took 60 damage as DOT.
    Damon Morrigen(391) took 50 damage as DOT.
    Arys Oakheart(161) hit Damon Morrigen(341) 147.
    Damon Morrigen(194) hit Arys Oakheart(161) 142.
    ****
    Arys Oakheart(19) took 90 damage as DOT.
    Damon Morrigen(194) took 75 damage as DOT.
    Arys Oakheart(-71) hit Damon Morrigen(119) 147.
    Damon Morrigen(-28) hit Arys Oakheart(-71) 142.
    ****
    Both of them are dead. A draw.
  Duel between Cuys(21) -WIZ- and Estermonts(30) -WIL- has begun.
    Emmon Cuy(560) hit Cassana Estermont(560) 116.
    Cassana Estermont(444) hit Emmon Cuy(560) 155.
    ****
    Emmon Cuy(405) took 25 damage as DOT.
    Cassana Estermont(444) took 20 damage as DOT.
    Emmon Cuy(380) hit Cassana Estermont(424) 116.
    Cassana Estermont(308) hit Emmon Cuy(380) 155.
    ****
    Emmon Cuy(225) took 50 damage as DOT.
    Cassana Estermont(308) took 40 damage as DOT.
    Emmon Cuy(175) hit Cassana Estermont(268) 116.
    Cassana Estermont(152) hit Emmon Cuy(175) 155.
    ****
    Emmon Cuy(20) took 75 damage as DOT.
    Cassana Estermont(152) took 60 damage as DOT.
    Emmon Cuy(-55) hit Cassana Estermont(92) 116.
    Cassana Estermont(-24) hit Emmon Cuy(-55) 155.
    ****
    Both of them are dead. A draw.
  Duel between Fossoways(24) -WIL- and Wyldes(21) -WIL- has begun.
    Lord Fossoway(510) hit Williem Wylde(485) 149.
    Williem Wylde(336) hit Lord Fossoway(510) 141.
    ****
    Lord Fossoway(369) took 25 damage as DOT.
    Williem Wylde(336) took 25 damage as DOT.
    Lord Fossoway(344) hit Williem Wylde(311) 149.
    Williem Wylde(162) hit Lord Fossoway(344) 141.
    ****
    Lord Fossoway(203) took 50 damage as DOT.
    Williem Wylde(162) took 50 damage as DOT.
    Lord Fossoway(153) hit Williem Wylde(112) 149.
    Williem Wylde(-37) hit Lord Fossoway(153) 141.
    ****
    Lord Fossoway(12) has won.
  Duel between Oakhearts(27) -WIL- and Estermonts(30) -WIL- has begun.
    Arys Oakheart(535) hit Cassana Estermont(560) 147.
    Cassana Estermont(413) hit Arys Oakheart(535) 155.
    ****
    Arys Oakheart(380) took 25 damage as DOT.
    Cassana Estermont(413) took 25 damage as DOT.
    Arys Oakheart(355) hit Cassana Estermont(388) 147.
    Cassana Estermont(241) hit Arys Oakheart(355) 155.
    ****
    Arys Oakheart(200) took 50 damage as DOT.
    Cassana Estermont(241) took 50 damage as DOT.
    Arys Oakheart(150) hit Cassana Estermont(191) 147.
    Cassana Estermont(44) hit Arys Oakheart(150) 155.
    ****
    Cassana Estermont(44) has won.
  Duel between Cuys(21) -WIZ- and Wyldes(18) -WIL- has begun.
    Emmon Cuy(560) hit Williem Wylde(485) 116.
    Williem Wylde(369) hit Emmon Cuy(560) 138.
    ****
    Emmon Cuy(422) took 25 damage as DOT.
    Williem Wylde(369) took 20 damage as DOT.
    Emmon Cuy(397) hit Williem Wylde(349) 116.
    Williem Wylde(233) hit Emmon Cuy(397) 138.
    ****
    Emmon Cuy(259) took 50 damage as DOT.
    Williem Wylde(233) took 40 damage as DOT.
    Emmon Cuy(209) hit Williem Wylde(193) 116.
    Williem Wylde(77) hit Emmon Cuy(209) 138.
    ****
    Emmon Cuy(71) took 75 damage as DOT.
    Williem Wylde(77) took 60 damage as DOT.
    Emmon Cuy(-4) hit Williem Wylde(17) 116.
    Williem Wylde(-99) hit Emmon Cuy(-4) 138.
    ****
    Both of them are dead. A draw.
  Duel between Fossoways(27) -WIL- and Morrigens(42) -WHI- has begun.
    Lord Fossoway(510) hit Damon Morrigen(710) 152.
    Damon Morrigen(558) hit Lord Fossoway(510) 142.
    ****
    Lord Fossoway(368) took 30 damage as DOT.
    Damon Morrigen(558) took 25 damage as DOT.
    Lord Fossoway(338) hit Damon Morrigen(533) 152.
    Damon Morrigen(381) hit Lord Fossoway(338) 142.
    ****
    Lord Fossoway(196) took 60 damage as DOT.
    Damon Morrigen(381) took 50 damage as DOT.
    Lord Fossoway(136) hit Damon Morrigen(331) 152.
    Damon Morrigen(179) hit Lord Fossoway(136) 142.
    ****
    Damon Morrigen(179) has won.
  Duel between Oakhearts(24) -WIL- and Wyldes(18) -WIL- has begun.
    Arys Oakheart(535) hit Williem Wylde(485) 144.
    Williem Wylde(341) hit Arys Oakheart(535) 138.
    ****
    Arys Oakheart(397) took 25 damage as DOT.
    Williem Wylde(341) took 25 damage as DOT.
    Arys Oakheart(372) hit Williem Wylde(316) 144.
    Williem Wylde(172) hit Arys Oakheart(372) 138.
    ****
    Arys Oakheart(234) took 50 damage as DOT.
    Williem Wylde(172) took 50 damage as DOT.
    Arys Oakheart(184) hit Williem Wylde(122) 144.
    Williem Wylde(-22) hit Arys Oakheart(184) 138.
    ****
    Arys Oakheart(46) has won.
  Duel between Cuys(21) -WIZ- and Morrigens(45) -WHI- has begun.
    Emmon Cuy(560) hit Damon Morrigen(710) 116.
    Damon Morrigen(594) hit Emmon Cuy(560) 145.
    ****
    Emmon Cuy(415) took 30 damage as DOT.
    Damon Morrigen(594) took 20 damage as DOT.
    Emmon Cuy(385) hit Damon Morrigen(574) 116.
    Damon Morrigen(458) hit Emmon Cuy(385) 145.
    ****
    Emmon Cuy(240) took 60 damage as DOT.
    Damon Morrigen(458) took 40 damage as DOT.
    Emmon Cuy(180) hit Damon Morrigen(418) 116.
    Damon Morrigen(302) hit Emmon Cuy(180) 145.
    ****
    Emmon Cuy(35) took 90 damage as DOT.
    Damon Morrigen(302) took 60 damage as DOT.
    Emmon Cuy(-55) hit Damon Morrigen(242) 116.
    Damon Morrigen(126) hit Emmon Cuy(-55) 145.
    ****
    Damon Morrigen(126) has won.
  Duel between Fossoways(24) -WIL- and Estermonts(33) -WIL- has begun.
    Lord Fossoway(510) hit Cassana Estermont(560) 149.
    Cassana Estermont(411) hit Lord Fossoway(510) 158.
    ****
    Lord Fossoway(352) took 25 damage as DOT.
    Cassana Estermont(411) took 25 damage as DOT.
    Lord Fossoway(327) hit Cassana Estermont(386) 149.
    Cassana Estermont(237) hit Lord Fossoway(327) 158.
    ****
    Lord Fossoway(169) took 50 damage as DOT.
    Cassana Estermont(237) took 50 damage as DOT.
    Lord Fossoway(119) hit Cassana Estermont(187) 149.
    Cassana Estermont(38) hit Lord Fossoway(119) 158.
    ****
    Cassana Estermont(38) has won.
  Duel between House Lannister(55) -WHI- and House Tyrell(50) -WIL- has begun.
    Luthor Tyrell(710) hit Renly Baratheon(535) 155.
    Renly Baratheon(380) hit Luthor Tyrell(710) 170.
    ****
    Luthor Tyrell(540) took 25 damage as DOT.
    Renly Baratheon(380) took 30 damage as DOT.
    Luthor Tyrell(515) hit Renly Baratheon(350) 155.
    Renly Baratheon(195) hit Luthor Tyrell(515) 170.
    ****
    Luthor Tyrell(345) took 50 damage as DOT.
    Renly Baratheon(195) took 60 damage as DOT.
    Luthor Tyrell(295) hit Renly Baratheon(135) 155.
    Renly Baratheon(-20) hit Luthor Tyrell(295) 170.
    ****
    Luthor Tyrell(125) has won.
  The Reach got 5 house points. The Stormlands got 4 house points.

The winner is: The Reach with currently 2 kingdom points.
---------------
---------------
Duel 9: The North vs The Westernlands
  Duel between Dormunds(33) -WIL- and Yarwycks(21) -WHI- has begun.
    Marlin Dormund(405) hit Othell Yarwyck(600) 233.
    Othell Yarwyck(367) hit Marlin Dormund(405) 111.
    ****
    Marlin Dormund(294) took 30 damage as DOT.
    Othell Yarwyck(367) took 25 damage as DOT.
    Marlin Dormund(264) hit Othell Yarwyck(342) 233.
    Othell Yarwyck(109) hit Marlin Dormund(264) 111.
    ****
    Marlin Dormund(153) took 60 damage as DOT.
    Othell Yarwyck(109) took 50 damage as DOT.
    Marlin Dormund(93) hit Othell Yarwyck(59) 233.
    Othell Yarwyck(-174) hit Marlin Dormund(93) 111.
    ****
    Both of them are dead. A draw.
  Duel between Manderlys(33) -WIL- and Crakehalls(12) -WIZ- has begun.
    Wendel Manderly(405) hit Desmond Crakehall(475) 238.
    Desmond Crakehall(237) hit Wendel Manderly(405) 112.
    ****
    Wendel Manderly(293) took 20 damage as DOT.
    Desmond Crakehall(237) took 25 damage as DOT.
    Wendel Manderly(273) hit Desmond Crakehall(212) 238.
    Desmond Crakehall(-26) hit Wendel Manderly(273) 112.
    ****
    Wendel Manderly(161) has won.
  Duel between Dustins(57) -WHI- and Sarsfields(21) -WHI- has begun.
    Barbrey Ryswell(630) hit Eldrick Sarsfield(600) 237.
    Eldrick Sarsfield(363) hit Barbrey Ryswell(630) 111.
    ****
    Barbrey Ryswell(519) took 30 damage as DOT.
    Eldrick Sarsfield(363) took 30 damage as DOT.
    Barbrey Ryswell(489) hit Eldrick Sarsfield(333) 237.
    Eldrick Sarsfield(96) hit Barbrey Ryswell(489) 111.
    ****
    Barbrey Ryswell(378) took 60 damage as DOT.
    Eldrick Sarsfield(96) took 60 damage as DOT.
    Barbrey Ryswell(318) hit Eldrick Sarsfield(36) 237.
    Eldrick Sarsfield(-201) hit Barbrey Ryswell(318) 111.
    ****
    Barbrey Ryswell(207) has won.
  Duel between Dormunds(33) -WIL- and Crakehalls(9) -WIZ- has begun.
    Marlin Dormund(405) hit Desmond Crakehall(475) 233.
    Desmond Crakehall(242) hit Marlin Dormund(405) 109.
    ****
    Marlin Dormund(296) took 20 damage as DOT.
    Desmond Crakehall(242) took 25 damage as DOT.
    Marlin Dormund(276) hit Desmond Crakehall(217) 233.
    Desmond Crakehall(-16) hit Marlin Dormund(276) 109.
    ****
    Marlin Dormund(167) has won.
  Duel between Manderlys(36) -WIL- and Sarsfields(18) -WHI- has begun.
    Wendel Manderly(405) hit Eldrick Sarsfield(600) 241.
    Eldrick Sarsfield(359) hit Wendel Manderly(405) 108.
    ****
    Wendel Manderly(297) took 30 damage as DOT.
    Eldrick Sarsfield(359) took 25 damage as DOT.
    Wendel Manderly(267) hit Eldrick Sarsfield(334) 241.
    Eldrick Sarsfield(93) hit Wendel Manderly(267) 108.
    ****
    Wendel Manderly(159) took 60 damage as DOT.
    Eldrick Sarsfield(93) took 50 damage as DOT.
    Wendel Manderly(99) hit Eldrick Sarsfield(43) 241.
    Eldrick Sarsfield(-198) hit Wendel Manderly(99) 108.
    ****
    Both of them are dead. A draw.
  Duel between Dustins(60) -WHI- and Yarwycks(21) -WHI- has begun.
    Barbrey Ryswell(630) hit Othell Yarwyck(600) 240.
    Othell Yarwyck(360) hit Barbrey Ryswell(630) 111.
    ****
    Barbrey Ryswell(519) took 30 damage as DOT.
    Othell Yarwyck(360) took 30 damage as DOT.
    Barbrey Ryswell(489) hit Othell Yarwyck(330) 240.
    Othell Yarwyck(90) hit Barbrey Ryswell(489) 111.
    ****
    Barbrey Ryswell(378) took 60 damage as DOT.
    Othell Yarwyck(90) took 60 damage as DOT.
    Barbrey Ryswell(318) hit Othell Yarwyck(30) 240.
    Othell Yarwyck(-210) hit Barbrey Ryswell(318) 111.
    ****
    Barbrey Ryswell(207) has won.
  Duel between Dormunds(36) -WIL- and Sarsfields(18) -WHI- has begun.
    Marlin Dormund(405) hit Eldrick Sarsfield(600) 236.
    Eldrick Sarsfield(364) hit Marlin Dormund(405) 108.
    ****
    Marlin Dormund(297) took 30 damage as DOT.
    Eldrick Sarsfield(364) took 25 damage as DOT.
    Marlin Dormund(267) hit Eldrick Sarsfield(339) 236.
    Eldrick Sarsfield(103) hit Marlin Dormund(267) 108.
    ****
    Marlin Dormund(159) took 60 damage as DOT.
    Eldrick Sarsfield(103) took 50 damage as DOT.
    Marlin Dormund(99) hit Eldrick Sarsfield(53) 236.
    Eldrick Sarsfield(-183) hit Marlin Dormund(99) 108.
    ****
    Both of them are dead. A draw.
  Duel between Manderlys(36) -WIL- and Yarwycks(18) -WHI- has begun.
    Wendel Manderly(405) hit Othell Yarwyck(600) 241.
    Othell Yarwyck(359) hit Wendel Manderly(405) 108.
    ****
    Wendel Manderly(297) took 30 damage as DOT.
    Othell Yarwyck(359) took 25 damage as DOT.
    Wendel Manderly(267) hit Othell Yarwyck(334) 241.
    Othell Yarwyck(93) hit Wendel Manderly(267) 108.
    ****
    Wendel Manderly(159) took 60 damage as DOT.
    Othell Yarwyck(93) took 50 damage as DOT.
    Wendel Manderly(99) hit Othell Yarwyck(43) 241.
    Othell Yarwyck(-198) hit Wendel Manderly(99) 108.
    ****
    Both of them are dead. A draw.
  Duel between Dustins(60) -WHI- and Crakehalls(6) -WIZ- has begun.
    Barbrey Ryswell(630) hit Desmond Crakehall(475) 240.
    Desmond Crakehall(235) hit Barbrey Ryswell(630) 106.
    ****
    Barbrey Ryswell(524) took 20 damage as DOT.
    Desmond Crakehall(235) took 30 damage as DOT.
    Barbrey Ryswell(504) hit Desmond Crakehall(205) 240.
    Desmond Crakehall(-35) hit Barbrey Ryswell(504) 106.
    ****
    Barbrey Ryswell(398) has won.
  Duel between House Stark(59) -WIZ- and House Frey(55) -WHI- has begun.
    Arya Stark(455) hit Kevan Lannister(675) 244.
    Kevan Lannister(431) hit Arya Stark(455) 145.
    ****
    Arya Stark(310) took 30 damage as DOT.
    Kevan Lannister(431) took 20 damage as DOT.
    Arya Stark(280) hit Kevan Lannister(411) 244.
    Kevan Lannister(167) hit Arya Stark(280) 145.
    ****
    Arya Stark(135) took 60 damage as DOT.
    Kevan Lannister(167) took 40 damage as DOT.
    Arya Stark(75) hit Kevan Lannister(127) 244.
    Kevan Lannister(-117) hit Arya Stark(75) 145.
    ****
    Both of them are dead. A draw.
  The North got 5 house points. The Westernlands got 0 house points.

The winner is: The North with currently 4 kingdom points.
---------------
---------------
Duel 10: The Reach vs The Westernlands
  Duel between Oakhearts(27) -WIL- and Yarwycks(18) -WHI- has begun.
    Arys Oakheart(535) hit Othell Yarwyck(600) 147.
    Othell Yarwyck(453) hit Arys Oakheart(535) 108.
    ****
    Arys Oakheart(427) took 30 damage as DOT.
    Othell Yarwyck(453) took 25 damage as DOT.
    Arys Oakheart(397) hit Othell Yarwyck(428) 147.
    Othell Yarwyck(281) hit Arys Oakheart(397) 108.
    ****
    Arys Oakheart(289) took 60 damage as DOT.
    Othell Yarwyck(281) took 50 damage as DOT.
    Arys Oakheart(229) hit Othell Yarwyck(231) 147.
    Othell Yarwyck(84) hit Arys Oakheart(229) 108.
    ****
    Arys Oakheart(121) took 90 damage as DOT.
    Othell Yarwyck(84) took 75 damage as DOT.
    Arys Oakheart(31) hit Othell Yarwyck(9) 147.
    Othell Yarwyck(-138) hit Arys Oakheart(31) 108.
    ****
    Both of them are dead. A draw.
  Duel between Cuys(18) -WIZ- and Crakehalls(3) -WIZ- has begun.
    Emmon Cuy(560) hit Desmond Crakehall(475) 113.
    Desmond Crakehall(362) hit Emmon Cuy(560) 103.
    ****
    Emmon Cuy(457) took 20 damage as DOT.
    Desmond Crakehall(362) took 20 damage as DOT.
    Emmon Cuy(437) hit Desmond Crakehall(342) 113.
    Desmond Crakehall(229) hit Emmon Cuy(437) 103.
    ****
    Emmon Cuy(334) took 40 damage as DOT.
    Desmond Crakehall(229) took 40 damage as DOT.
    Emmon Cuy(294) hit Desmond Crakehall(189) 113.
    Desmond Crakehall(76) hit Emmon Cuy(294) 103.
    ****
    Emmon Cuy(191) took 60 damage as DOT.
    Desmond Crakehall(76) took 60 damage as DOT.
    Emmon Cuy(131) hit Desmond Crakehall(16) 113.
    Desmond Crakehall(-97) hit Emmon Cuy(131) 103.
    ****
    Emmon Cuy(28) has won.
  Duel between Fossoways(21) -WIL- and Sarsfields(18) -WHI- has begun.
    Lord Fossoway(510) hit Eldrick Sarsfield(600) 146.
    Eldrick Sarsfield(454) hit Lord Fossoway(510) 108.
    ****
    Lord Fossoway(402) took 30 damage as DOT.
    Eldrick Sarsfield(454) took 25 damage as DOT.
    Lord Fossoway(372) hit Eldrick Sarsfield(429) 146.
    Eldrick Sarsfield(283) hit Lord Fossoway(372) 108.
    ****
    Lord Fossoway(264) took 60 damage as DOT.
    Eldrick Sarsfield(283) took 50 damage as DOT.
    Lord Fossoway(204) hit Eldrick Sarsfield(233) 146.
    Eldrick Sarsfield(87) hit Lord Fossoway(204) 108.
    ****
    Lord Fossoway(96) took 90 damage as DOT.
    Eldrick Sarsfield(87) took 75 damage as DOT.
    Lord Fossoway(6) hit Eldrick Sarsfield(12) 146.
    Eldrick Sarsfield(-134) hit Lord Fossoway(6) 108.
    ****
    Both of them are dead. A draw.
  Duel between Oakhearts(27) -WIL- and Crakehalls(0) -WIZ- has begun.
    Arys Oakheart(535) hit Desmond Crakehall(475) 147.
    Desmond Crakehall(328) hit Arys Oakheart(535) 100.
    ****
    Arys Oakheart(435) took 20 damage as DOT.
    Desmond Crakehall(328) took 25 damage as DOT.
    Arys Oakheart(415) hit Desmond Crakehall(303) 147.
    Desmond Crakehall(156) hit Arys Oakheart(415) 100.
    ****
    Arys Oakheart(315) took 40 damage as DOT.
    Desmond Crakehall(156) took 50 damage as DOT.
    Arys Oakheart(275) hit Desmond Crakehall(106) 147.
    Desmond Crakehall(-41) hit Arys Oakheart(275) 100.
    ****
    Arys Oakheart(175) has won.
  Duel between Cuys(21) -WIZ- and Sarsfields(18) -WHI- has begun.
    Emmon Cuy(560) hit Eldrick Sarsfield(600) 116.
    Eldrick Sarsfield(484) hit Emmon Cuy(560) 108.
    ****
    Emmon Cuy(452) took 30 damage as DOT.
    Eldrick Sarsfield(484) took 20 damage as DOT.
    Emmon Cuy(422) hit Eldrick Sarsfield(464) 116.
    Eldrick Sarsfield(348) hit Emmon Cuy(422) 108.
    ****
    Emmon Cuy(314) took 60 damage as DOT.
    Eldrick Sarsfield(348) took 40 damage as DOT.
    Emmon Cuy(254) hit Eldrick Sarsfield(308) 116.
    Eldrick Sarsfield(192) hit Emmon Cuy(254) 108.
    ****
    Emmon Cuy(146) took 90 damage as DOT.
    Eldrick Sarsfield(192) took 60 damage as DOT.
    Emmon Cuy(56) hit Eldrick Sarsfield(132) 116.
    Eldrick Sarsfield(16) hit Emmon Cuy(56) 108.
    ****
    Eldrick Sarsfield(16) has won.
  Duel between Fossoways(21) -WIL- and Yarwycks(18) -WHI- has begun.
    Lord Fossoway(510) hit Othell Yarwyck(600) 146.
    Othell Yarwyck(454) hit Lord Fossoway(510) 108.
    ****
    Lord Fossoway(402) took 30 damage as DOT.
    Othell Yarwyck(454) took 25 damage as DOT.
    Lord Fossoway(372) hit Othell Yarwyck(429) 146.
    Othell Yarwyck(283) hit Lord Fossoway(372) 108.
    ****
    Lord Fossoway(264) took 60 damage as DOT.
    Othell Yarwyck(283) took 50 damage as DOT.
    Lord Fossoway(204) hit Othell Yarwyck(233) 146.
    Othell Yarwyck(87) hit Lord Fossoway(204) 108.
    ****
    Lord Fossoway(96) took 90 damage as DOT.
    Othell Yarwyck(87) took 75 damage as DOT.
    Lord Fossoway(6) hit Othell Yarwyck(12) 146.
    Othell Yarwyck(-134) hit Lord Fossoway(6) 108.
    ****
    Both of them are dead. A draw.
  Duel between Oakhearts(30) -WIL- and Sarsfields(18) -WHI- has begun.
    Arys Oakheart(535) hit Eldrick Sarsfield(600) 150.
    Eldrick Sarsfield(450) hit Arys Oakheart(535) 108.
    ****
    Arys Oakheart(427) took 30 damage as DOT.
    Eldrick Sarsfield(450) took 25 damage as DOT.
    Arys Oakheart(397) hit Eldrick Sarsfield(425) 150.
    Eldrick Sarsfield(275) hit Arys Oakheart(397) 108.
    ****
    Arys Oakheart(289) took 60 damage as DOT.
    Eldrick Sarsfield(275) took 50 damage as DOT.
    Arys Oakheart(229) hit Eldrick Sarsfield(225) 150.
    Eldrick Sarsfield(75) hit Arys Oakheart(229) 108.
    ****
    Arys Oakheart(121) took 90 damage as DOT.
    Eldrick Sarsfield(75) took 75 damage as DOT.
    Arys Oakheart(31) hit Eldrick Sarsfield(0) 150.
    Eldrick Sarsfield(-150) hit Arys Oakheart(31) 108.
    ****
    Both of them are dead. A draw.
  Duel between Cuys(18) -WIZ- and Yarwycks(18) -WHI- has begun.
    Emmon Cuy(560) hit Othell Yarwyck(600) 113.
    Othell Yarwyck(487) hit Emmon Cuy(560) 108.
    ****
    Emmon Cuy(452) took 30 damage as DOT.
    Othell Yarwyck(487) took 20 damage as DOT.
    Emmon Cuy(422) hit Othell Yarwyck(467) 113.
    Othell Yarwyck(354) hit Emmon Cuy(422) 108.
    ****
    Emmon Cuy(314) took 60 damage as DOT.
    Othell Yarwyck(354) took 40 damage as DOT.
    Emmon Cuy(254) hit Othell Yarwyck(314) 113.
    Othell Yarwyck(201) hit Emmon Cuy(254) 108.
    ****
    Emmon Cuy(146) took 90 damage as DOT.
    Othell Yarwyck(201) took 60 damage as DOT.
    Emmon Cuy(56) hit Othell Yarwyck(141) 113.
    Othell Yarwyck(28) hit Emmon Cuy(56) 108.
    ****
    Othell Yarwyck(28) has won.
  Duel between Fossoways(21) -WIL- and Crakehalls(0) -WIZ- has begun.
    Lord Fossoway(510) hit Desmond Crakehall(475) 146.
    Desmond Crakehall(329) hit Lord Fossoway(510) 100.
    ****
    Lord Fossoway(410) took 20 damage as DOT.
    Desmond Crakehall(329) took 25 damage as DOT.
    Lord Fossoway(390) hit Desmond Crakehall(304) 146.
    Desmond Crakehall(158) hit Lord Fossoway(390) 100.
    ****
    Lord Fossoway(290) took 40 damage as DOT.
    Desmond Crakehall(158) took 50 damage as DOT.
    Lord Fossoway(250) hit Desmond Crakehall(108) 146.
    Desmond Crakehall(-38) hit Lord Fossoway(250) 100.
    ****
    Lord Fossoway(150) has won.
  Duel between House Lannister(60) -WHI- and House Frey(55) -WHI- has begun.
    Luthor Tyrell(710) hit Kevan Lannister(675) 160.
    Kevan Lannister(515) hit Luthor Tyrell(710) 145.
    ****
    Luthor Tyrell(565) took 30 damage as DOT.
    Kevan Lannister(515) took 30 damage as DOT.
    Luthor Tyrell(535) hit Kevan Lannister(485) 160.
    Kevan Lannister(325) hit Luthor Tyrell(535) 145.
    ****
    Luthor Tyrell(390) took 60 damage as DOT.
    Kevan Lannister(325) took 60 damage as DOT.
    Luthor Tyrell(330) hit Kevan Lannister(265) 160.
    Kevan Lannister(105) hit Luthor Tyrell(330) 145.
    ****
    Luthor Tyrell(185) took 90 damage as DOT.
    Kevan Lannister(105) took 90 damage as DOT.
    Luthor Tyrell(95) hit Kevan Lannister(15) 160.
    Kevan Lannister(-145) hit Luthor Tyrell(95) 145.
    ****
    Both of them are dead. A draw.
  The Reach got 3 house points. The Westernlands got 2 house points.

The winner is: The Reach with currently 3 kingdom points.
---------------
The War is over. The new owner of King's Landing is The North with a total of 4 points.

