War has started with 5 kingdoms.
---------------
Duel 1: The Vale of Arryn vs Dorne
  Duel between Corbrays(30) -WIL- and Yronwoods(30) -WHI- has begun.
    Vance Corbray(450) hit Edgar Yronwood(650) 145.
    Edgar Yronwood(505) hit Vance Corbray(450) 190.
    ****
    Vance Corbray(260) took 30 damage as DOT.
    Edgar Yronwood(505) took 25 damage as DOT.
    Vance Corbray(230) hit Edgar Yronwood(480) 145.
    Edgar Yronwood(335) hit Vance Corbray(230) 190.
    ****
    Vance Corbray(40) took 60 damage as DOT.
    Edgar Yronwood(335) took 50 damage as DOT.
    Vance Corbray(-20) hit Edgar Yronwood(285) 145.
    Edgar Yronwood(140) hit Vance Corbray(-20) 190.
    ****
    Edgar Yronwood(140) has won.
  Duel between Hunters(30) -WIZ- and Daynes(30) -WHI- has begun.
    Eon Hunter(475) hit Beric Dayne(625) 115.
    Beric Dayne(510) hit Eon Hunter(475) 190.
    ****
    Eon Hunter(285) took 30 damage as DOT.
    Beric Dayne(510) took 20 damage as DOT.
    Eon Hunter(255) hit Beric Dayne(490) 115.
    Beric Dayne(375) hit Eon Hunter(255) 190.
    ****
    Eon Hunter(65) took 60 damage as DOT.
    Beric Dayne(375) took 40 damage as DOT.
    Eon Hunter(5) hit Beric Dayne(335) 115.
    Beric Dayne(220) hit Eon Hunter(5) 190.
    ****
    Beric Dayne(220) has won.
  Duel between Moores(30) -WIZ- and Blackmonts(30) -WIZ- has begun.
    Mandon Moore(500) hit Larra Blackmont(525) 115.
    Larra Blackmont(410) hit Mandon Moore(500) 190.
    ****
    Mandon Moore(310) took 20 damage as DOT.
    Larra Blackmont(410) took 20 damage as DOT.
    Mandon Moore(290) hit Larra Blackmont(390) 115.
    Larra Blackmont(275) hit Mandon Moore(290) 190.
    ****
    Mandon Moore(100) took 40 damage as DOT.
    Larra Blackmont(275) took 40 damage as DOT.
    Mandon Moore(60) hit Larra Blackmont(235) 115.
    Larra Blackmont(120) hit Mandon Moore(60) 190.
    ****
    Larra Blackmont(120) has won.
  Duel between Corbrays(27) -WIL- and Daynes(33) -WHI- has begun.
    Vance Corbray(450) hit Beric Dayne(625) 142.
    Beric Dayne(483) hit Vance Corbray(450) 193.
    ****
    Vance Corbray(257) took 30 damage as DOT.
    Beric Dayne(483) took 25 damage as DOT.
    Vance Corbray(227) hit Beric Dayne(458) 142.
    Beric Dayne(316) hit Vance Corbray(227) 193.
    ****
    Vance Corbray(34) took 60 damage as DOT.
    Beric Dayne(316) took 50 damage as DOT.
    Vance Corbray(-26) hit Beric Dayne(266) 142.
    Beric Dayne(124) hit Vance Corbray(-26) 193.
    ****
    Beric Dayne(124) has won.
  Duel between Hunters(27) -WIZ- and Blackmonts(33) -WIZ- has begun.
    Eon Hunter(475) hit Larra Blackmont(525) 112.
    Larra Blackmont(413) hit Eon Hunter(475) 193.
    ****
    Eon Hunter(282) took 20 damage as DOT.
    Larra Blackmont(413) took 20 damage as DOT.
    Eon Hunter(262) hit Larra Blackmont(393) 112.
    Larra Blackmont(281) hit Eon Hunter(262) 193.
    ****
    Eon Hunter(69) took 40 damage as DOT.
    Larra Blackmont(281) took 40 damage as DOT.
    Eon Hunter(29) hit Larra Blackmont(241) 112.
    Larra Blackmont(129) hit Eon Hunter(29) 193.
    ****
    Larra Blackmont(129) has won.
  Duel between Moores(27) -WIZ- and Yronwoods(33) -WHI- has begun.
    Mandon Moore(500) hit Edgar Yronwood(650) 112.
    Edgar Yronwood(538) hit Mandon Moore(500) 193.
    ****
    Mandon Moore(307) took 30 damage as DOT.
    Edgar Yronwood(538) took 20 damage as DOT.
    Mandon Moore(277) hit Edgar Yronwood(518) 112.
    Edgar Yronwood(406) hit Mandon Moore(277) 193.
    ****
    Mandon Moore(84) took 60 damage as DOT.
    Edgar Yronwood(406) took 40 damage as DOT.
    Mandon Moore(24) hit Edgar Yronwood(366) 112.
    Edgar Yronwood(254) hit Mandon Moore(24) 193.
    ****
    Edgar Yronwood(254) has won.
  Duel between Corbrays(24) -WIL- and Blackmonts(36) -WIZ- has begun.
    Vance Corbray(450) hit Larra Blackmont(525) 139.
    Larra Blackmont(386) hit Vance Corbray(450) 196.
    ****
    Vance Corbray(254) took 20 damage as DOT.
    Larra Blackmont(386) took 25 damage as DOT.
    Vance Corbray(234) hit Larra Blackmont(361) 139.
    Larra Blackmont(222) hit Vance Corbray(234) 196.
    ****
    Vance Corbray(38) took 40 damage as DOT.
    Larra Blackmont(222) took 50 damage as DOT.
    Vance Corbray(-2) hit Larra Blackmont(172) 139.
    Larra Blackmont(33) hit Vance Corbray(-2) 196.
    ****
    Larra Blackmont(33) has won.
  Duel between Hunters(24) -WIZ- and Yronwoods(36) -WHI- has begun.
    Eon Hunter(475) hit Edgar Yronwood(650) 109.
    Edgar Yronwood(541) hit Eon Hunter(475) 196.
    ****
    Eon Hunter(279) took 30 damage as DOT.
    Edgar Yronwood(541) took 20 damage as DOT.
    Eon Hunter(249) hit Edgar Yronwood(521) 109.
    Edgar Yronwood(412) hit Eon Hunter(249) 196.
    ****
    Eon Hunter(53) took 60 damage as DOT.
    Edgar Yronwood(412) took 40 damage as DOT.
    Eon Hunter(-7) hit Edgar Yronwood(372) 109.
    Edgar Yronwood(263) hit Eon Hunter(-7) 196.
    ****
    Edgar Yronwood(263) has won.
  Duel between Moores(24) -WIZ- and Daynes(36) -WHI- has begun.
    Mandon Moore(500) hit Beric Dayne(625) 109.
    Beric Dayne(516) hit Mandon Moore(500) 196.
    ****
    Mandon Moore(304) took 30 damage as DOT.
    Beric Dayne(516) took 20 damage as DOT.
    Mandon Moore(274) hit Beric Dayne(496) 109.
    Beric Dayne(387) hit Mandon Moore(274) 196.
    ****
    Mandon Moore(78) took 60 damage as DOT.
    Beric Dayne(387) took 40 damage as DOT.
    Mandon Moore(18) hit Beric Dayne(347) 109.
    Beric Dayne(238) hit Mandon Moore(18) 196.
    ****
    Beric Dayne(238) has won.
  Duel between House Arryn(50) -WHI- and House Martell(50) -WHI- has begun.
    Robin Arryn(675) hit Obara Sand(650) 140.
    Obara Sand(510) hit Robin Arryn(675) 210.
    ****
    Robin Arryn(465) took 30 damage as DOT.
    Obara Sand(510) took 30 damage as DOT.
    Robin Arryn(435) hit Obara Sand(480) 140.
    Obara Sand(340) hit Robin Arryn(435) 210.
    ****
    Robin Arryn(225) took 60 damage as DOT.
    Obara Sand(340) took 60 damage as DOT.
    Robin Arryn(165) hit Obara Sand(280) 140.
    Obara Sand(140) hit Robin Arryn(165) 210.
    ****
    Obara Sand(140) has won.
  The Vale of Arryn got 0 house points. Dorne got 12 house points.

The winner is: Dorne with currently 1 kingdom points.
---------------
---------------
Duel 2: Dorne vs The Crownlands
  Duel between Yronwoods(39) -WHI- and Blounts(30) -WHI- has begun.
    Edgar Yronwood(650) hit Boros Blount(580) 199.
    Boros Blount(381) hit Edgar Yronwood(650) 210.
    ****
    Edgar Yronwood(440) took 30 damage as DOT.
    Boros Blount(381) took 30 damage as DOT.
    Edgar Yronwood(410) hit Boros Blount(351) 199.
    Boros Blount(152) hit Edgar Yronwood(410) 210.
    ****
    Edgar Yronwood(200) took 60 damage as DOT.
    Boros Blount(152) took 60 damage as DOT.
    Edgar Yronwood(140) hit Boros Blount(92) 199.
    Boros Blount(-107) hit Edgar Yronwood(140) 210.
    ****
    Both of them are dead. A draw.
  Duel between Daynes(39) -WHI- and Rosbys(30) -WHI- has begun.
    Beric Dayne(625) hit Gyles Rosby(580) 199.
    Gyles Rosby(381) hit Beric Dayne(625) 210.
    ****
    Beric Dayne(415) took 30 damage as DOT.
    Gyles Rosby(381) took 30 damage as DOT.
    Beric Dayne(385) hit Gyles Rosby(351) 199.
    Gyles Rosby(152) hit Beric Dayne(385) 210.
    ****
    Beric Dayne(175) took 60 damage as DOT.
    Gyles Rosby(152) took 60 damage as DOT.
    Beric Dayne(115) hit Gyles Rosby(92) 199.
    Gyles Rosby(-107) hit Beric Dayne(115) 210.
    ****
    Both of them are dead. A draw.
  Duel between Blackmonts(39) -WIZ- and Slynts(30) -WIL- has begun.
    Larra Blackmont(525) hit Janos Slynt(430) 199.
    Janos Slynt(231) hit Larra Blackmont(525) 235.
    ****
    Larra Blackmont(290) took 25 damage as DOT.
    Janos Slynt(231) took 20 damage as DOT.
    Larra Blackmont(265) hit Janos Slynt(211) 199.
    Janos Slynt(12) hit Larra Blackmont(265) 235.
    ****
    Larra Blackmont(30) took 50 damage as DOT.
    Janos Slynt(12) took 40 damage as DOT.
    Larra Blackmont(-20) hit Janos Slynt(-28) 199.
    Janos Slynt(-227) hit Larra Blackmont(-20) 235.
    ****
    Both of them are dead. A draw.
  Duel between Yronwoods(39) -WHI- and Rosbys(30) -WHI- has begun.
    Edgar Yronwood(650) hit Gyles Rosby(580) 199.
    Gyles Rosby(381) hit Edgar Yronwood(650) 210.
    ****
    Edgar Yronwood(440) took 30 damage as DOT.
    Gyles Rosby(381) took 30 damage as DOT.
    Edgar Yronwood(410) hit Gyles Rosby(351) 199.
    Gyles Rosby(152) hit Edgar Yronwood(410) 210.
    ****
    Edgar Yronwood(200) took 60 damage as DOT.
    Gyles Rosby(152) took 60 damage as DOT.
    Edgar Yronwood(140) hit Gyles Rosby(92) 199.
    Gyles Rosby(-107) hit Edgar Yronwood(140) 210.
    ****
    Both of them are dead. A draw.
  Duel between Daynes(39) -WHI- and Slynts(30) -WIL- has begun.
    Beric Dayne(625) hit Janos Slynt(430) 199.
    Janos Slynt(231) hit Beric Dayne(625) 235.
    ****
    Beric Dayne(390) took 25 damage as DOT.
    Janos Slynt(231) took 30 damage as DOT.
    Beric Dayne(365) hit Janos Slynt(201) 199.
    Janos Slynt(2) hit Beric Dayne(365) 235.
    ****
    Beric Dayne(130) took 50 damage as DOT.
    Janos Slynt(2) took 60 damage as DOT.
    Beric Dayne(80) hit Janos Slynt(-58) 199.
    Janos Slynt(-257) hit Beric Dayne(80) 235.
    ****
    Both of them are dead. A draw.
  Duel between Blackmonts(39) -WIZ- and Blounts(30) -WHI- has begun.
    Larra Blackmont(525) hit Boros Blount(580) 199.
    Boros Blount(381) hit Larra Blackmont(525) 210.
    ****
    Larra Blackmont(315) took 30 damage as DOT.
    Boros Blount(381) took 20 damage as DOT.
    Larra Blackmont(285) hit Boros Blount(361) 199.
    Boros Blount(162) hit Larra Blackmont(285) 210.
    ****
    Larra Blackmont(75) took 60 damage as DOT.
    Boros Blount(162) took 40 damage as DOT.
    Larra Blackmont(15) hit Boros Blount(122) 199.
    Boros Blount(-77) hit Larra Blackmont(15) 210.
    ****
    Both of them are dead. A draw.
  Duel between Yronwoods(39) -WHI- and Slynts(30) -WIL- has begun.
    Edgar Yronwood(650) hit Janos Slynt(430) 199.
    Janos Slynt(231) hit Edgar Yronwood(650) 235.
    ****
    Edgar Yronwood(415) took 25 damage as DOT.
    Janos Slynt(231) took 30 damage as DOT.
    Edgar Yronwood(390) hit Janos Slynt(201) 199.
    Janos Slynt(2) hit Edgar Yronwood(390) 235.
    ****
    Edgar Yronwood(155) took 50 damage as DOT.
    Janos Slynt(2) took 60 damage as DOT.
    Edgar Yronwood(105) hit Janos Slynt(-58) 199.
    Janos Slynt(-257) hit Edgar Yronwood(105) 235.
    ****
    Both of them are dead. A draw.
  Duel between Daynes(39) -WHI- and Blounts(30) -WHI- has begun.
    Beric Dayne(625) hit Boros Blount(580) 199.
    Boros Blount(381) hit Beric Dayne(625) 210.
    ****
    Beric Dayne(415) took 30 damage as DOT.
    Boros Blount(381) took 30 damage as DOT.
    Beric Dayne(385) hit Boros Blount(351) 199.
    Boros Blount(152) hit Beric Dayne(385) 210.
    ****
    Beric Dayne(175) took 60 damage as DOT.
    Boros Blount(152) took 60 damage as DOT.
    Beric Dayne(115) hit Boros Blount(92) 199.
    Boros Blount(-107) hit Beric Dayne(115) 210.
    ****
    Both of them are dead. A draw.
  Duel between Blackmonts(39) -WIZ- and Rosbys(30) -WHI- has begun.
    Larra Blackmont(525) hit Gyles Rosby(580) 199.
    Gyles Rosby(381) hit Larra Blackmont(525) 210.
    ****
    Larra Blackmont(315) took 30 damage as DOT.
    Gyles Rosby(381) took 20 damage as DOT.
    Larra Blackmont(285) hit Gyles Rosby(361) 199.
    Gyles Rosby(162) hit Larra Blackmont(285) 210.
    ****
    Larra Blackmont(75) took 60 damage as DOT.
    Gyles Rosby(162) took 40 damage as DOT.
    Larra Blackmont(15) hit Gyles Rosby(122) 199.
    Gyles Rosby(-77) hit Larra Blackmont(15) 210.
    ****
    Both of them are dead. A draw.
  Duel between House Martell(55) -WHI- and House Baratheon(50) -WHI- has begun.
    Obara Sand(650) hit Rhaegar Targaryen(655) 215.
    Rhaegar Targaryen(440) hit Obara Sand(650) 230.
    ****
    Obara Sand(420) took 30 damage as DOT.
    Rhaegar Targaryen(440) took 30 damage as DOT.
    Obara Sand(390) hit Rhaegar Targaryen(410) 215.
    Rhaegar Targaryen(195) hit Obara Sand(390) 230.
    ****
    Obara Sand(160) took 60 damage as DOT.
    Rhaegar Targaryen(195) took 60 damage as DOT.
    Obara Sand(100) hit Rhaegar Targaryen(135) 215.
    Rhaegar Targaryen(-80) hit Obara Sand(100) 230.
    ****
    Both of them are dead. A draw.
  Dorne got 0 house points. The Crownlands got 0 house points.

A draw.
---------------
---------------
Duel 3: The Crownlands vs The Iron Islands
  Duel between Blounts(30) -WHI- and Kennings(30) -WIZ- has begun.
    Boros Blount(580) hit Ralf Kenning(505) 210.
    Ralf Kenning(295) hit Boros Blount(580) 160.
    ****
    Boros Blount(420) took 20 damage as DOT.
    Ralf Kenning(295) took 30 damage as DOT.
    Boros Blount(400) hit Ralf Kenning(265) 210.
    Ralf Kenning(55) hit Boros Blount(400) 160.
    ****
    Boros Blount(240) took 40 damage as DOT.
    Ralf Kenning(55) took 60 damage as DOT.
    Boros Blount(200) hit Ralf Kenning(-5) 210.
    Ralf Kenning(-215) hit Boros Blount(200) 160.
    ****
    Boros Blount(40) has won.
  Duel between Rosbys(30) -WHI- and Sparrs(30) -WIZ- has begun.
    Gyles Rosby(580) hit Lord Sparr(480) 210.
    Lord Sparr(270) hit Gyles Rosby(580) 165.
    ****
    Gyles Rosby(415) took 20 damage as DOT.
    Lord Sparr(270) took 30 damage as DOT.
    Gyles Rosby(395) hit Lord Sparr(240) 210.
    Lord Sparr(30) hit Gyles Rosby(395) 165.
    ****
    Gyles Rosby(230) took 40 damage as DOT.
    Lord Sparr(30) took 60 damage as DOT.
    Gyles Rosby(190) hit Lord Sparr(-30) 210.
    Lord Sparr(-240) hit Gyles Rosby(190) 165.
    ****
    Gyles Rosby(25) has won.
  Duel between Slynts(30) -WIL- and Botleys(30) -WIZ- has begun.
    Janos Slynt(430) hit Sawane Botley(555) 235.
    Sawane Botley(320) hit Janos Slynt(430) 155.
    ****
    Janos Slynt(275) took 20 damage as DOT.
    Sawane Botley(320) took 25 damage as DOT.
    Janos Slynt(255) hit Sawane Botley(295) 235.
    Sawane Botley(60) hit Janos Slynt(255) 155.
    ****
    Janos Slynt(100) took 40 damage as DOT.
    Sawane Botley(60) took 50 damage as DOT.
    Janos Slynt(60) hit Sawane Botley(10) 235.
    Sawane Botley(-225) hit Janos Slynt(60) 155.
    ****
    Both of them are dead. A draw.
  Duel between Blounts(33) -WHI- and Sparrs(27) -WIZ- has begun.
    Boros Blount(580) hit Lord Sparr(480) 213.
    Lord Sparr(267) hit Boros Blount(580) 162.
    ****
    Boros Blount(418) took 20 damage as DOT.
    Lord Sparr(267) took 30 damage as DOT.
    Boros Blount(398) hit Lord Sparr(237) 213.
    Lord Sparr(24) hit Boros Blount(398) 162.
    ****
    Boros Blount(236) took 40 damage as DOT.
    Lord Sparr(24) took 60 damage as DOT.
    Boros Blount(196) hit Lord Sparr(-36) 213.
    Lord Sparr(-249) hit Boros Blount(196) 162.
    ****
    Boros Blount(34) has won.
  Duel between Rosbys(33) -WHI- and Botleys(30) -WIZ- has begun.
    Gyles Rosby(580) hit Sawane Botley(555) 213.
    Sawane Botley(342) hit Gyles Rosby(580) 155.
    ****
    Gyles Rosby(425) took 20 damage as DOT.
    Sawane Botley(342) took 30 damage as DOT.
    Gyles Rosby(405) hit Sawane Botley(312) 213.
    Sawane Botley(99) hit Gyles Rosby(405) 155.
    ****
    Gyles Rosby(250) took 40 damage as DOT.
    Sawane Botley(99) took 60 damage as DOT.
    Gyles Rosby(210) hit Sawane Botley(39) 213.
    Sawane Botley(-174) hit Gyles Rosby(210) 155.
    ****
    Gyles Rosby(55) has won.
  Duel between Slynts(30) -WIL- and Kennings(27) -WIZ- has begun.
    Janos Slynt(430) hit Ralf Kenning(505) 235.
    Ralf Kenning(270) hit Janos Slynt(430) 157.
    ****
    Janos Slynt(273) took 20 damage as DOT.
    Ralf Kenning(270) took 25 damage as DOT.
    Janos Slynt(253) hit Ralf Kenning(245) 235.
    Ralf Kenning(10) hit Janos Slynt(253) 157.
    ****
    Janos Slynt(96) took 40 damage as DOT.
    Ralf Kenning(10) took 50 damage as DOT.
    Janos Slynt(56) hit Ralf Kenning(-40) 235.
    Ralf Kenning(-275) hit Janos Slynt(56) 157.
    ****
    Both of them are dead. A draw.
  Duel between Blounts(36) -WHI- and Botleys(27) -WIZ- has begun.
    Boros Blount(580) hit Sawane Botley(555) 216.
    Sawane Botley(339) hit Boros Blount(580) 152.
    ****
    Boros Blount(428) took 20 damage as DOT.
    Sawane Botley(339) took 30 damage as DOT.
    Boros Blount(408) hit Sawane Botley(309) 216.
    Sawane Botley(93) hit Boros Blount(408) 152.
    ****
    Boros Blount(256) took 40 damage as DOT.
    Sawane Botley(93) took 60 damage as DOT.
    Boros Blount(216) hit Sawane Botley(33) 216.
    Sawane Botley(-183) hit Boros Blount(216) 152.
    ****
    Boros Blount(64) has won.
  Duel between Rosbys(36) -WHI- and Kennings(27) -WIZ- has begun.
    Gyles Rosby(580) hit Ralf Kenning(505) 216.
    Ralf Kenning(289) hit Gyles Rosby(580) 157.
    ****
    Gyles Rosby(423) took 20 damage as DOT.
    Ralf Kenning(289) took 30 damage as DOT.
    Gyles Rosby(403) hit Ralf Kenning(259) 216.
    Ralf Kenning(43) hit Gyles Rosby(403) 157.
    ****
    Gyles Rosby(246) took 40 damage as DOT.
    Ralf Kenning(43) took 60 damage as DOT.
    Gyles Rosby(206) hit Ralf Kenning(-17) 216.
    Ralf Kenning(-233) hit Gyles Rosby(206) 157.
    ****
    Gyles Rosby(49) has won.
  Duel between Slynts(30) -WIL- and Sparrs(24) -WIZ- has begun.
    Janos Slynt(430) hit Lord Sparr(480) 235.
    Lord Sparr(245) hit Janos Slynt(430) 159.
    ****
    Janos Slynt(271) took 20 damage as DOT.
    Lord Sparr(245) took 25 damage as DOT.
    Janos Slynt(251) hit Lord Sparr(220) 235.
    Lord Sparr(-15) hit Janos Slynt(251) 159.
    ****
    Janos Slynt(92) has won.
  Duel between House Baratheon(50) -WHI- and House Greyjoy(50) -WHI- has begun.
    Rhaegar Targaryen(655) hit Euron Greyjoy(705) 230.
    Euron Greyjoy(475) hit Rhaegar Targaryen(655) 180.
    ****
    Rhaegar Targaryen(475) took 30 damage as DOT.
    Euron Greyjoy(475) took 30 damage as DOT.
    Rhaegar Targaryen(445) hit Euron Greyjoy(445) 230.
    Euron Greyjoy(215) hit Rhaegar Targaryen(445) 180.
    ****
    Rhaegar Targaryen(265) took 60 damage as DOT.
    Euron Greyjoy(215) took 60 damage as DOT.
    Rhaegar Targaryen(205) hit Euron Greyjoy(155) 230.
    Euron Greyjoy(-75) hit Rhaegar Targaryen(205) 180.
    ****
    Rhaegar Targaryen(25) has won.
  The Crownlands got 10 house points. The Iron Islands got 0 house points.

The winner is: The Crownlands with currently 2 kingdom points.
---------------
---------------
Duel 4: The Iron Islands vs The Reach
  Duel between Kennings(24) -WIZ- and Florents(30) -WIZ- has begun.
    Ralf Kenning(505) hit Axell Florent(560) 154.
    Axell Florent(406) hit Ralf Kenning(505) 140.
    ****
    Ralf Kenning(365) took 20 damage as DOT.
    Axell Florent(406) took 20 damage as DOT.
    Ralf Kenning(345) hit Axell Florent(386) 154.
    Axell Florent(232) hit Ralf Kenning(345) 140.
    ****
    Ralf Kenning(205) took 40 damage as DOT.
    Axell Florent(232) took 40 damage as DOT.
    Ralf Kenning(165) hit Axell Florent(192) 154.
    Axell Florent(38) hit Ralf Kenning(165) 140.
    ****
    Ralf Kenning(25) took 60 damage as DOT.
    Axell Florent(38) took 60 damage as DOT.
    Ralf Kenning(-35) hit Axell Florent(-22) 154.
    Axell Florent(-176) hit Ralf Kenning(-35) 140.
    ****
    Both of them are dead. A draw.
  Duel between Sparrs(21) -WIZ- and Beesburys(30) -WHI- has begun.
    Lord Sparr(480) hit Lyman Beesbury(710) 156.
    Lyman Beesbury(554) hit Lord Sparr(480) 130.
    ****
    Lord Sparr(350) took 30 damage as DOT.
    Lyman Beesbury(554) took 20 damage as DOT.
    Lord Sparr(320) hit Lyman Beesbury(534) 156.
    Lyman Beesbury(378) hit Lord Sparr(320) 130.
    ****
    Lord Sparr(190) took 60 damage as DOT.
    Lyman Beesbury(378) took 40 damage as DOT.
    Lord Sparr(130) hit Lyman Beesbury(338) 156.
    Lyman Beesbury(182) hit Lord Sparr(130) 130.
    ****
    Lyman Beesbury(182) has won.
  Duel between Botleys(24) -WIZ- and Cuys(30) -WHI- has begun.
    Sawane Botley(555) hit Emmon Cuy(710) 149.
    Emmon Cuy(561) hit Sawane Botley(555) 130.
    ****
    Sawane Botley(425) took 30 damage as DOT.
    Emmon Cuy(561) took 20 damage as DOT.
    Sawane Botley(395) hit Emmon Cuy(541) 149.
    Emmon Cuy(392) hit Sawane Botley(395) 130.
    ****
    Sawane Botley(265) took 60 damage as DOT.
    Emmon Cuy(392) took 40 damage as DOT.
    Sawane Botley(205) hit Emmon Cuy(352) 149.
    Emmon Cuy(203) hit Sawane Botley(205) 130.
    ****
    Sawane Botley(75) took 90 damage as DOT.
    Emmon Cuy(203) took 60 damage as DOT.
    Sawane Botley(-15) hit Emmon Cuy(143) 149.
    Emmon Cuy(-6) hit Sawane Botley(-15) 130.
    ****
    Both of them are dead. A draw.
  Duel between Kennings(24) -WIZ- and Beesburys(33) -WHI- has begun.
    Ralf Kenning(505) hit Lyman Beesbury(710) 154.
    Lyman Beesbury(556) hit Ralf Kenning(505) 133.
    ****
    Ralf Kenning(372) took 30 damage as DOT.
    Lyman Beesbury(556) took 20 damage as DOT.
    Ralf Kenning(342) hit Lyman Beesbury(536) 154.
    Lyman Beesbury(382) hit Ralf Kenning(342) 133.
    ****
    Ralf Kenning(209) took 60 damage as DOT.
    Lyman Beesbury(382) took 40 damage as DOT.
    Ralf Kenning(149) hit Lyman Beesbury(342) 154.
    Lyman Beesbury(188) hit Ralf Kenning(149) 133.
    ****
    Ralf Kenning(16) took 90 damage as DOT.
    Lyman Beesbury(188) took 60 damage as DOT.
    Ralf Kenning(-74) hit Lyman Beesbury(128) 154.
    Lyman Beesbury(-26) hit Ralf Kenning(-74) 133.
    ****
    Both of them are dead. A draw.
  Duel between Sparrs(18) -WIZ- and Cuys(30) -WHI- has begun.
    Lord Sparr(480) hit Emmon Cuy(710) 153.
    Emmon Cuy(557) hit Lord Sparr(480) 130.
    ****
    Lord Sparr(350) took 30 damage as DOT.
    Emmon Cuy(557) took 20 damage as DOT.
    Lord Sparr(320) hit Emmon Cuy(537) 153.
    Emmon Cuy(384) hit Lord Sparr(320) 130.
    ****
    Lord Sparr(190) took 60 damage as DOT.
    Emmon Cuy(384) took 40 damage as DOT.
    Lord Sparr(130) hit Emmon Cuy(344) 153.
    Emmon Cuy(191) hit Lord Sparr(130) 130.
    ****
    Emmon Cuy(191) has won.
  Duel between Botleys(24) -WIZ- and Florents(30) -WIZ- has begun.
    Sawane Botley(555) hit Axell Florent(560) 149.
    Axell Florent(411) hit Sawane Botley(555) 140.
    ****
    Sawane Botley(415) took 20 damage as DOT.
    Axell Florent(411) took 20 damage as DOT.
    Sawane Botley(395) hit Axell Florent(391) 149.
    Axell Florent(242) hit Sawane Botley(395) 140.
    ****
    Sawane Botley(255) took 40 damage as DOT.
    Axell Florent(242) took 40 damage as DOT.
    Sawane Botley(215) hit Axell Florent(202) 149.
    Axell Florent(53) hit Sawane Botley(215) 140.
    ****
    Sawane Botley(75) took 60 damage as DOT.
    Axell Florent(53) took 60 damage as DOT.
    Sawane Botley(15) hit Axell Florent(-7) 149.
    Axell Florent(-156) hit Sawane Botley(15) 140.
    ****
    Both of them are dead. A draw.
  Duel between Kennings(24) -WIZ- and Cuys(33) -WHI- has begun.
    Ralf Kenning(505) hit Emmon Cuy(710) 154.
    Emmon Cuy(556) hit Ralf Kenning(505) 133.
    ****
    Ralf Kenning(372) took 30 damage as DOT.
    Emmon Cuy(556) took 20 damage as DOT.
    Ralf Kenning(342) hit Emmon Cuy(536) 154.
    Emmon Cuy(382) hit Ralf Kenning(342) 133.
    ****
    Ralf Kenning(209) took 60 damage as DOT.
    Emmon Cuy(382) took 40 damage as DOT.
    Ralf Kenning(149) hit Emmon Cuy(342) 154.
    Emmon Cuy(188) hit Ralf Kenning(149) 133.
    ****
    Ralf Kenning(16) took 90 damage as DOT.
    Emmon Cuy(188) took 60 damage as DOT.
    Ralf Kenning(-74) hit Emmon Cuy(128) 154.
    Emmon Cuy(-26) hit Ralf Kenning(-74) 133.
    ****
    Both of them are dead. A draw.
  Duel between Sparrs(15) -WIZ- and Florents(30) -WIZ- has begun.
    Lord Sparr(480) hit Axell Florent(560) 150.
    Axell Florent(410) hit Lord Sparr(480) 140.
    ****
    Lord Sparr(340) took 20 damage as DOT.
    Axell Florent(410) took 20 damage as DOT.
    Lord Sparr(320) hit Axell Florent(390) 150.
    Axell Florent(240) hit Lord Sparr(320) 140.
    ****
    Lord Sparr(180) took 40 damage as DOT.
    Axell Florent(240) took 40 damage as DOT.
    Lord Sparr(140) hit Axell Florent(200) 150.
    Axell Florent(50) hit Lord Sparr(140) 140.
    ****
    Axell Florent(50) has won.
  Duel between Botleys(24) -WIZ- and Beesburys(33) -WHI- has begun.
    Sawane Botley(555) hit Lyman Beesbury(710) 149.
    Lyman Beesbury(561) hit Sawane Botley(555) 133.
    ****
    Sawane Botley(422) took 30 damage as DOT.
    Lyman Beesbury(561) took 20 damage as DOT.
    Sawane Botley(392) hit Lyman Beesbury(541) 149.
    Lyman Beesbury(392) hit Sawane Botley(392) 133.
    ****
    Sawane Botley(259) took 60 damage as DOT.
    Lyman Beesbury(392) took 40 damage as DOT.
    Sawane Botley(199) hit Lyman Beesbury(352) 149.
    Lyman Beesbury(203) hit Sawane Botley(199) 133.
    ****
    Sawane Botley(66) took 90 damage as DOT.
    Lyman Beesbury(203) took 60 damage as DOT.
    Sawane Botley(-24) hit Lyman Beesbury(143) 149.
    Lyman Beesbury(-6) hit Sawane Botley(-24) 133.
    ****
    Both of them are dead. A draw.
  Duel between House Greyjoy(45) -WHI- and House Lannister(50) -WHI- has begun.
    Euron Greyjoy(705) hit Luthor Tyrell(710) 175.
    Luthor Tyrell(535) hit Euron Greyjoy(705) 150.
    ****
    Euron Greyjoy(555) took 30 damage as DOT.
    Luthor Tyrell(535) took 30 damage as DOT.
    Euron Greyjoy(525) hit Luthor Tyrell(505) 175.
    Luthor Tyrell(330) hit Euron Greyjoy(525) 150.
    ****
    Euron Greyjoy(375) took 60 damage as DOT.
    Luthor Tyrell(330) took 60 damage as DOT.
    Euron Greyjoy(315) hit Luthor Tyrell(270) 175.
    Luthor Tyrell(95) hit Euron Greyjoy(315) 150.
    ****
    Euron Greyjoy(165) took 90 damage as DOT.
    Luthor Tyrell(95) took 90 damage as DOT.
    Euron Greyjoy(75) hit Luthor Tyrell(5) 175.
    Luthor Tyrell(-170) hit Euron Greyjoy(75) 150.
    ****
    Both of them are dead. A draw.
  The Iron Islands got 0 house points. The Reach got 3 house points.

The winner is: The Reach with currently 1 kingdom points.
---------------
---------------
Duel 5: The Vale of Arryn vs The Crownlands
  Duel between Corbrays(21) -WIL- and Blounts(39) -WHI- has begun.
    Vance Corbray(450) hit Boros Blount(580) 136.
    Boros Blount(444) hit Vance Corbray(450) 219.
    ****
    Vance Corbray(231) took 30 damage as DOT.
    Boros Blount(444) took 25 damage as DOT.
    Vance Corbray(201) hit Boros Blount(419) 136.
    Boros Blount(283) hit Vance Corbray(201) 219.
    ****
    Boros Blount(283) has won.
  Duel between Hunters(21) -WIZ- and Rosbys(39) -WHI- has begun.
    Eon Hunter(475) hit Gyles Rosby(580) 106.
    Gyles Rosby(474) hit Eon Hunter(475) 219.
    ****
    Eon Hunter(256) took 30 damage as DOT.
    Gyles Rosby(474) took 20 damage as DOT.
    Eon Hunter(226) hit Gyles Rosby(454) 106.
    Gyles Rosby(348) hit Eon Hunter(226) 219.
    ****
    Eon Hunter(7) took 60 damage as DOT.
    Gyles Rosby(348) took 40 damage as DOT.
    Eon Hunter(-53) hit Gyles Rosby(308) 106.
    Gyles Rosby(202) hit Eon Hunter(-53) 219.
    ****
    Gyles Rosby(202) has won.
  Duel between Moores(21) -WIZ- and Slynts(33) -WIL- has begun.
    Mandon Moore(500) hit Janos Slynt(430) 106.
    Janos Slynt(324) hit Mandon Moore(500) 238.
    ****
    Mandon Moore(262) took 25 damage as DOT.
    Janos Slynt(324) took 20 damage as DOT.
    Mandon Moore(237) hit Janos Slynt(304) 106.
    Janos Slynt(198) hit Mandon Moore(237) 238.
    ****
    Janos Slynt(198) has won.
  Duel between Corbrays(18) -WIL- and Rosbys(42) -WHI- has begun.
    Vance Corbray(450) hit Gyles Rosby(580) 133.
    Gyles Rosby(447) hit Vance Corbray(450) 222.
    ****
    Vance Corbray(228) took 30 damage as DOT.
    Gyles Rosby(447) took 25 damage as DOT.
    Vance Corbray(198) hit Gyles Rosby(422) 133.
    Gyles Rosby(289) hit Vance Corbray(198) 222.
    ****
    Gyles Rosby(289) has won.
  Duel between Hunters(18) -WIZ- and Slynts(36) -WIL- has begun.
    Eon Hunter(475) hit Janos Slynt(430) 103.
    Janos Slynt(327) hit Eon Hunter(475) 241.
    ****
    Eon Hunter(234) took 25 damage as DOT.
    Janos Slynt(327) took 20 damage as DOT.
    Eon Hunter(209) hit Janos Slynt(307) 103.
    Janos Slynt(204) hit Eon Hunter(209) 241.
    ****
    Janos Slynt(204) has won.
  Duel between Moores(18) -WIZ- and Blounts(42) -WHI- has begun.
    Mandon Moore(500) hit Boros Blount(580) 103.
    Boros Blount(477) hit Mandon Moore(500) 222.
    ****
    Mandon Moore(278) took 30 damage as DOT.
    Boros Blount(477) took 20 damage as DOT.
    Mandon Moore(248) hit Boros Blount(457) 103.
    Boros Blount(354) hit Mandon Moore(248) 222.
    ****
    Mandon Moore(26) took 60 damage as DOT.
    Boros Blount(354) took 40 damage as DOT.
    Mandon Moore(-34) hit Boros Blount(314) 103.
    Boros Blount(211) hit Mandon Moore(-34) 222.
    ****
    Boros Blount(211) has won.
  Duel between Corbrays(15) -WIL- and Slynts(39) -WIL- has begun.
    Vance Corbray(450) hit Janos Slynt(430) 130.
    Janos Slynt(300) hit Vance Corbray(450) 244.
    ****
    Vance Corbray(206) took 25 damage as DOT.
    Janos Slynt(300) took 25 damage as DOT.
    Vance Corbray(181) hit Janos Slynt(275) 130.
    Janos Slynt(145) hit Vance Corbray(181) 244.
    ****
    Janos Slynt(145) has won.
  Duel between Hunters(15) -WIZ- and Blounts(45) -WHI- has begun.
    Eon Hunter(475) hit Boros Blount(580) 100.
    Boros Blount(480) hit Eon Hunter(475) 225.
    ****
    Eon Hunter(250) took 30 damage as DOT.
    Boros Blount(480) took 20 damage as DOT.
    Eon Hunter(220) hit Boros Blount(460) 100.
    Boros Blount(360) hit Eon Hunter(220) 225.
    ****
    Boros Blount(360) has won.
  Duel between Moores(15) -WIZ- and Rosbys(45) -WHI- has begun.
    Mandon Moore(500) hit Gyles Rosby(580) 100.
    Gyles Rosby(480) hit Mandon Moore(500) 225.
    ****
    Mandon Moore(275) took 30 damage as DOT.
    Gyles Rosby(480) took 20 damage as DOT.
    Mandon Moore(245) hit Gyles Rosby(460) 100.
    Gyles Rosby(360) hit Mandon Moore(245) 225.
    ****
    Mandon Moore(20) took 60 damage as DOT.
    Gyles Rosby(360) took 40 damage as DOT.
    Mandon Moore(-40) hit Gyles Rosby(320) 100.
    Gyles Rosby(220) hit Mandon Moore(-40) 225.
    ****
    Gyles Rosby(220) has won.
  Duel between House Arryn(45) -WHI- and House Baratheon(55) -WHI- has begun.
    Robin Arryn(675) hit Rhaegar Targaryen(655) 135.
    Rhaegar Targaryen(520) hit Robin Arryn(675) 235.
    ****
    Robin Arryn(440) took 30 damage as DOT.
    Rhaegar Targaryen(520) took 30 damage as DOT.
    Robin Arryn(410) hit Rhaegar Targaryen(490) 135.
    Rhaegar Targaryen(355) hit Robin Arryn(410) 235.
    ****
    Robin Arryn(175) took 60 damage as DOT.
    Rhaegar Targaryen(355) took 60 damage as DOT.
    Robin Arryn(115) hit Rhaegar Targaryen(295) 135.
    Rhaegar Targaryen(160) hit Robin Arryn(115) 235.
    ****
    Rhaegar Targaryen(160) has won.
  The Vale of Arryn got 0 house points. The Crownlands got 12 house points.

The winner is: The Crownlands with currently 3 kingdom points.
---------------
---------------
Duel 6: Dorne vs The Iron Islands
  Duel between Yronwoods(39) -WHI- and Kennings(24) -WIZ- has begun.
    Edgar Yronwood(650) hit Ralf Kenning(505) 199.
    Ralf Kenning(306) hit Edgar Yronwood(650) 154.
    ****
    Edgar Yronwood(496) took 20 damage as DOT.
    Ralf Kenning(306) took 30 damage as DOT.
    Edgar Yronwood(476) hit Ralf Kenning(276) 199.
    Ralf Kenning(77) hit Edgar Yronwood(476) 154.
    ****
    Edgar Yronwood(322) took 40 damage as DOT.
    Ralf Kenning(77) took 60 damage as DOT.
    Edgar Yronwood(282) hit Ralf Kenning(17) 199.
    Ralf Kenning(-182) hit Edgar Yronwood(282) 154.
    ****
    Edgar Yronwood(128) has won.
  Duel between Daynes(39) -WHI- and Sparrs(12) -WIZ- has begun.
    Beric Dayne(625) hit Lord Sparr(480) 199.
    Lord Sparr(281) hit Beric Dayne(625) 147.
    ****
    Beric Dayne(478) took 20 damage as DOT.
    Lord Sparr(281) took 30 damage as DOT.
    Beric Dayne(458) hit Lord Sparr(251) 199.
    Lord Sparr(52) hit Beric Dayne(458) 147.
    ****
    Beric Dayne(311) took 40 damage as DOT.
    Lord Sparr(52) took 60 damage as DOT.
    Beric Dayne(271) hit Lord Sparr(-8) 199.
    Lord Sparr(-207) hit Beric Dayne(271) 147.
    ****
    Beric Dayne(124) has won.
  Duel between Blackmonts(39) -WIZ- and Botleys(24) -WIZ- has begun.
    Larra Blackmont(525) hit Sawane Botley(555) 199.
    Sawane Botley(356) hit Larra Blackmont(525) 149.
    ****
    Larra Blackmont(376) took 20 damage as DOT.
    Sawane Botley(356) took 20 damage as DOT.
    Larra Blackmont(356) hit Sawane Botley(336) 199.
    Sawane Botley(137) hit Larra Blackmont(356) 149.
    ****
    Larra Blackmont(207) took 40 damage as DOT.
    Sawane Botley(137) took 40 damage as DOT.
    Larra Blackmont(167) hit Sawane Botley(97) 199.
    Sawane Botley(-102) hit Larra Blackmont(167) 149.
    ****
    Larra Blackmont(18) has won.
  Duel between Yronwoods(42) -WHI- and Sparrs(9) -WIZ- has begun.
    Edgar Yronwood(650) hit Lord Sparr(480) 202.
    Lord Sparr(278) hit Edgar Yronwood(650) 144.
    ****
    Edgar Yronwood(506) took 20 damage as DOT.
    Lord Sparr(278) took 30 damage as DOT.
    Edgar Yronwood(486) hit Lord Sparr(248) 202.
    Lord Sparr(46) hit Edgar Yronwood(486) 144.
    ****
    Edgar Yronwood(342) took 40 damage as DOT.
    Lord Sparr(46) took 60 damage as DOT.
    Edgar Yronwood(302) hit Lord Sparr(-14) 202.
    Lord Sparr(-216) hit Edgar Yronwood(302) 144.
    ****
    Edgar Yronwood(158) has won.
  Duel between Daynes(42) -WHI- and Botleys(21) -WIZ- has begun.
    Beric Dayne(625) hit Sawane Botley(555) 202.
    Sawane Botley(353) hit Beric Dayne(625) 146.
    ****
    Beric Dayne(479) took 20 damage as DOT.
    Sawane Botley(353) took 30 damage as DOT.
    Beric Dayne(459) hit Sawane Botley(323) 202.
    Sawane Botley(121) hit Beric Dayne(459) 146.
    ****
    Beric Dayne(313) took 40 damage as DOT.
    Sawane Botley(121) took 60 damage as DOT.
    Beric Dayne(273) hit Sawane Botley(61) 202.
    Sawane Botley(-141) hit Beric Dayne(273) 146.
    ****
    Beric Dayne(127) has won.
  Duel between Blackmonts(42) -WIZ- and Kennings(21) -WIZ- has begun.
    Larra Blackmont(525) hit Ralf Kenning(505) 202.
    Ralf Kenning(303) hit Larra Blackmont(525) 151.
    ****
    Larra Blackmont(374) took 20 damage as DOT.
    Ralf Kenning(303) took 20 damage as DOT.
    Larra Blackmont(354) hit Ralf Kenning(283) 202.
    Ralf Kenning(81) hit Larra Blackmont(354) 151.
    ****
    Larra Blackmont(203) took 40 damage as DOT.
    Ralf Kenning(81) took 40 damage as DOT.
    Larra Blackmont(163) hit Ralf Kenning(41) 202.
    Ralf Kenning(-161) hit Larra Blackmont(163) 151.
    ****
    Larra Blackmont(12) has won.
  Duel between Yronwoods(45) -WHI- and Botleys(18) -WIZ- has begun.
    Edgar Yronwood(650) hit Sawane Botley(555) 205.
    Sawane Botley(350) hit Edgar Yronwood(650) 143.
    ****
    Edgar Yronwood(507) took 20 damage as DOT.
    Sawane Botley(350) took 30 damage as DOT.
    Edgar Yronwood(487) hit Sawane Botley(320) 205.
    Sawane Botley(115) hit Edgar Yronwood(487) 143.
    ****
    Edgar Yronwood(344) took 40 damage as DOT.
    Sawane Botley(115) took 60 damage as DOT.
    Edgar Yronwood(304) hit Sawane Botley(55) 205.
    Sawane Botley(-150) hit Edgar Yronwood(304) 143.
    ****
    Edgar Yronwood(161) has won.
  Duel between Daynes(45) -WHI- and Kennings(18) -WIZ- has begun.
    Beric Dayne(625) hit Ralf Kenning(505) 205.
    Ralf Kenning(300) hit Beric Dayne(625) 148.
    ****
    Beric Dayne(477) took 20 damage as DOT.
    Ralf Kenning(300) took 30 damage as DOT.
    Beric Dayne(457) hit Ralf Kenning(270) 205.
    Ralf Kenning(65) hit Beric Dayne(457) 148.
    ****
    Beric Dayne(309) took 40 damage as DOT.
    Ralf Kenning(65) took 60 damage as DOT.
    Beric Dayne(269) hit Ralf Kenning(5) 205.
    Ralf Kenning(-200) hit Beric Dayne(269) 148.
    ****
    Beric Dayne(121) has won.
  Duel between Blackmonts(45) -WIZ- and Sparrs(6) -WIZ- has begun.
    Larra Blackmont(525) hit Lord Sparr(480) 205.
    Lord Sparr(275) hit Larra Blackmont(525) 141.
    ****
    Larra Blackmont(384) took 20 damage as DOT.
    Lord Sparr(275) took 20 damage as DOT.
    Larra Blackmont(364) hit Lord Sparr(255) 205.
    Lord Sparr(50) hit Larra Blackmont(364) 141.
    ****
    Larra Blackmont(223) took 40 damage as DOT.
    Lord Sparr(50) took 40 damage as DOT.
    Larra Blackmont(183) hit Lord Sparr(10) 205.
    Lord Sparr(-195) hit Larra Blackmont(183) 141.
    ****
    Larra Blackmont(42) has won.
  Duel between House Martell(55) -WHI- and House Greyjoy(45) -WHI- has begun.
    Obara Sand(650) hit Euron Greyjoy(705) 215.
    Euron Greyjoy(490) hit Obara Sand(650) 175.
    ****
    Obara Sand(475) took 30 damage as DOT.
    Euron Greyjoy(490) took 30 damage as DOT.
    Obara Sand(445) hit Euron Greyjoy(460) 215.
    Euron Greyjoy(245) hit Obara Sand(445) 175.
    ****
    Obara Sand(270) took 60 damage as DOT.
    Euron Greyjoy(245) took 60 damage as DOT.
    Obara Sand(210) hit Euron Greyjoy(185) 215.
    Euron Greyjoy(-30) hit Obara Sand(210) 175.
    ****
    Obara Sand(35) has won.
  Dorne got 12 house points. The Iron Islands got 0 house points.

The winner is: Dorne with currently 3 kingdom points.
---------------
---------------
Duel 7: The Crownlands vs The Reach
  Duel between Blounts(48) -WHI- and Florents(33) -WIZ- has begun.
    Boros Blount(580) hit Axell Florent(560) 228.
    Axell Florent(332) hit Boros Blount(580) 143.
    ****
    Boros Blount(437) took 20 damage as DOT.
    Axell Florent(332) took 30 damage as DOT.
    Boros Blount(417) hit Axell Florent(302) 228.
    Axell Florent(74) hit Boros Blount(417) 143.
    ****
    Boros Blount(274) took 40 damage as DOT.
    Axell Florent(74) took 60 damage as DOT.
    Boros Blount(234) hit Axell Florent(14) 228.
    Axell Florent(-214) hit Boros Blount(234) 143.
    ****
    Boros Blount(91) has won.
  Duel between Rosbys(48) -WHI- and Beesburys(33) -WHI- has begun.
    Gyles Rosby(580) hit Lyman Beesbury(710) 228.
    Lyman Beesbury(482) hit Gyles Rosby(580) 133.
    ****
    Gyles Rosby(447) took 30 damage as DOT.
    Lyman Beesbury(482) took 30 damage as DOT.
    Gyles Rosby(417) hit Lyman Beesbury(452) 228.
    Lyman Beesbury(224) hit Gyles Rosby(417) 133.
    ****
    Gyles Rosby(284) took 60 damage as DOT.
    Lyman Beesbury(224) took 60 damage as DOT.
    Gyles Rosby(224) hit Lyman Beesbury(164) 228.
    Lyman Beesbury(-64) hit Gyles Rosby(224) 133.
    ****
    Gyles Rosby(91) has won.
  Duel between Slynts(42) -WIL- and Cuys(33) -WHI- has begun.
    Janos Slynt(430) hit Emmon Cuy(710) 247.
    Emmon Cuy(463) hit Janos Slynt(430) 133.
    ****
    Janos Slynt(297) took 30 damage as DOT.
    Emmon Cuy(463) took 25 damage as DOT.
    Janos Slynt(267) hit Emmon Cuy(438) 247.
    Emmon Cuy(191) hit Janos Slynt(267) 133.
    ****
    Janos Slynt(134) took 60 damage as DOT.
    Emmon Cuy(191) took 50 damage as DOT.
    Janos Slynt(74) hit Emmon Cuy(141) 247.
    Emmon Cuy(-106) hit Janos Slynt(74) 133.
    ****
    Both of them are dead. A draw.
  Duel between Blounts(51) -WHI- and Beesburys(30) -WHI- has begun.
    Boros Blount(580) hit Lyman Beesbury(710) 231.
    Lyman Beesbury(479) hit Boros Blount(580) 130.
    ****
    Boros Blount(450) took 30 damage as DOT.
    Lyman Beesbury(479) took 30 damage as DOT.
    Boros Blount(420) hit Lyman Beesbury(449) 231.
    Lyman Beesbury(218) hit Boros Blount(420) 130.
    ****
    Boros Blount(290) took 60 damage as DOT.
    Lyman Beesbury(218) took 60 damage as DOT.
    Boros Blount(230) hit Lyman Beesbury(158) 231.
    Lyman Beesbury(-73) hit Boros Blount(230) 130.
    ****
    Boros Blount(100) has won.
  Duel between Rosbys(51) -WHI- and Cuys(33) -WHI- has begun.
    Gyles Rosby(580) hit Emmon Cuy(710) 231.
    Emmon Cuy(479) hit Gyles Rosby(580) 133.
    ****
    Gyles Rosby(447) took 30 damage as DOT.
    Emmon Cuy(479) took 30 damage as DOT.
    Gyles Rosby(417) hit Emmon Cuy(449) 231.
    Emmon Cuy(218) hit Gyles Rosby(417) 133.
    ****
    Gyles Rosby(284) took 60 damage as DOT.
    Emmon Cuy(218) took 60 damage as DOT.
    Gyles Rosby(224) hit Emmon Cuy(158) 231.
    Emmon Cuy(-73) hit Gyles Rosby(224) 133.
    ****
    Gyles Rosby(91) has won.
  Duel between Slynts(42) -WIL- and Florents(30) -WIZ- has begun.
    Janos Slynt(430) hit Axell Florent(560) 247.
    Axell Florent(313) hit Janos Slynt(430) 140.
    ****
    Janos Slynt(290) took 20 damage as DOT.
    Axell Florent(313) took 25 damage as DOT.
    Janos Slynt(270) hit Axell Florent(288) 247.
    Axell Florent(41) hit Janos Slynt(270) 140.
    ****
    Janos Slynt(130) took 40 damage as DOT.
    Axell Florent(41) took 50 damage as DOT.
    Janos Slynt(90) hit Axell Florent(-9) 247.
    Axell Florent(-256) hit Janos Slynt(90) 140.
    ****
    Both of them are dead. A draw.
  Duel between Blounts(54) -WHI- and Cuys(30) -WHI- has begun.
    Boros Blount(580) hit Emmon Cuy(710) 234.
    Emmon Cuy(476) hit Boros Blount(580) 130.
    ****
    Boros Blount(450) took 30 damage as DOT.
    Emmon Cuy(476) took 30 damage as DOT.
    Boros Blount(420) hit Emmon Cuy(446) 234.
    Emmon Cuy(212) hit Boros Blount(420) 130.
    ****
    Boros Blount(290) took 60 damage as DOT.
    Emmon Cuy(212) took 60 damage as DOT.
    Boros Blount(230) hit Emmon Cuy(152) 234.
    Emmon Cuy(-82) hit Boros Blount(230) 130.
    ****
    Boros Blount(100) has won.
  Duel between Rosbys(54) -WHI- and Florents(30) -WIZ- has begun.
    Gyles Rosby(580) hit Axell Florent(560) 234.
    Axell Florent(326) hit Gyles Rosby(580) 140.
    ****
    Gyles Rosby(440) took 20 damage as DOT.
    Axell Florent(326) took 30 damage as DOT.
    Gyles Rosby(420) hit Axell Florent(296) 234.
    Axell Florent(62) hit Gyles Rosby(420) 140.
    ****
    Gyles Rosby(280) took 40 damage as DOT.
    Axell Florent(62) took 60 damage as DOT.
    Gyles Rosby(240) hit Axell Florent(2) 234.
    Axell Florent(-232) hit Gyles Rosby(240) 140.
    ****
    Gyles Rosby(100) has won.
  Duel between Slynts(42) -WIL- and Beesburys(27) -WHI- has begun.
    Janos Slynt(430) hit Lyman Beesbury(710) 247.
    Lyman Beesbury(463) hit Janos Slynt(430) 127.
    ****
    Janos Slynt(303) took 30 damage as DOT.
    Lyman Beesbury(463) took 25 damage as DOT.
    Janos Slynt(273) hit Lyman Beesbury(438) 247.
    Lyman Beesbury(191) hit Janos Slynt(273) 127.
    ****
    Janos Slynt(146) took 60 damage as DOT.
    Lyman Beesbury(191) took 50 damage as DOT.
    Janos Slynt(86) hit Lyman Beesbury(141) 247.
    Lyman Beesbury(-106) hit Janos Slynt(86) 127.
    ****
    Both of them are dead. A draw.
  Duel between House Baratheon(60) -WHI- and House Lannister(50) -WHI- has begun.
    Rhaegar Targaryen(655) hit Luthor Tyrell(710) 240.
    Luthor Tyrell(470) hit Rhaegar Targaryen(655) 150.
    ****
    Rhaegar Targaryen(505) took 30 damage as DOT.
    Luthor Tyrell(470) took 30 damage as DOT.
    Rhaegar Targaryen(475) hit Luthor Tyrell(440) 240.
    Luthor Tyrell(200) hit Rhaegar Targaryen(475) 150.
    ****
    Rhaegar Targaryen(325) took 60 damage as DOT.
    Luthor Tyrell(200) took 60 damage as DOT.
    Rhaegar Targaryen(265) hit Luthor Tyrell(140) 240.
    Luthor Tyrell(-100) hit Rhaegar Targaryen(265) 150.
    ****
    Rhaegar Targaryen(115) has won.
  The Crownlands got 9 house points. The Reach got 0 house points.

The winner is: The Crownlands with currently 4 kingdom points.
---------------
---------------
Duel 8: The Vale of Arryn vs The Iron Islands
  Duel between Corbrays(12) -WIL- and Kennings(15) -WIZ- has begun.
    Vance Corbray(450) hit Ralf Kenning(505) 127.
    Ralf Kenning(378) hit Vance Corbray(450) 145.
    ****
    Vance Corbray(305) took 20 damage as DOT.
    Ralf Kenning(378) took 25 damage as DOT.
    Vance Corbray(285) hit Ralf Kenning(353) 127.
    Ralf Kenning(226) hit Vance Corbray(285) 145.
    ****
    Vance Corbray(140) took 40 damage as DOT.
    Ralf Kenning(226) took 50 damage as DOT.
    Vance Corbray(100) hit Ralf Kenning(176) 127.
    Ralf Kenning(49) hit Vance Corbray(100) 145.
    ****
    Ralf Kenning(49) has won.
  Duel between Hunters(12) -WIZ- and Sparrs(3) -WIZ- has begun.
    Eon Hunter(475) hit Lord Sparr(480) 97.
    Lord Sparr(383) hit Eon Hunter(475) 138.
    ****
    Eon Hunter(337) took 20 damage as DOT.
    Lord Sparr(383) took 20 damage as DOT.
    Eon Hunter(317) hit Lord Sparr(363) 97.
    Lord Sparr(266) hit Eon Hunter(317) 138.
    ****
    Eon Hunter(179) took 40 damage as DOT.
    Lord Sparr(266) took 40 damage as DOT.
    Eon Hunter(139) hit Lord Sparr(226) 97.
    Lord Sparr(129) hit Eon Hunter(139) 138.
    ****
    Eon Hunter(1) took 60 damage as DOT.
    Lord Sparr(129) took 60 damage as DOT.
    Eon Hunter(-59) hit Lord Sparr(69) 97.
    Lord Sparr(-28) hit Eon Hunter(-59) 138.
    ****
    Both of them are dead. A draw.
  Duel between Moores(12) -WIZ- and Botleys(15) -WIZ- has begun.
    Mandon Moore(500) hit Sawane Botley(555) 97.
    Sawane Botley(458) hit Mandon Moore(500) 140.
    ****
    Mandon Moore(360) took 20 damage as DOT.
    Sawane Botley(458) took 20 damage as DOT.
    Mandon Moore(340) hit Sawane Botley(438) 97.
    Sawane Botley(341) hit Mandon Moore(340) 140.
    ****
    Mandon Moore(200) took 40 damage as DOT.
    Sawane Botley(341) took 40 damage as DOT.
    Mandon Moore(160) hit Sawane Botley(301) 97.
    Sawane Botley(204) hit Mandon Moore(160) 140.
    ****
    Mandon Moore(20) took 60 damage as DOT.
    Sawane Botley(204) took 60 damage as DOT.
    Mandon Moore(-40) hit Sawane Botley(144) 97.
    Sawane Botley(47) hit Mandon Moore(-40) 140.
    ****
    Sawane Botley(47) has won.
  Duel between Corbrays(9) -WIL- and Sparrs(3) -WIZ- has begun.
    Vance Corbray(450) hit Lord Sparr(480) 124.
    Lord Sparr(356) hit Vance Corbray(450) 138.
    ****
    Vance Corbray(312) took 20 damage as DOT.
    Lord Sparr(356) took 25 damage as DOT.
    Vance Corbray(292) hit Lord Sparr(331) 124.
    Lord Sparr(207) hit Vance Corbray(292) 138.
    ****
    Vance Corbray(154) took 40 damage as DOT.
    Lord Sparr(207) took 50 damage as DOT.
    Vance Corbray(114) hit Lord Sparr(157) 124.
    Lord Sparr(33) hit Vance Corbray(114) 138.
    ****
    Lord Sparr(33) has won.
  Duel between Hunters(12) -WIZ- and Botleys(18) -WIZ- has begun.
    Eon Hunter(475) hit Sawane Botley(555) 97.
    Sawane Botley(458) hit Eon Hunter(475) 143.
    ****
    Eon Hunter(332) took 20 damage as DOT.
    Sawane Botley(458) took 20 damage as DOT.
    Eon Hunter(312) hit Sawane Botley(438) 97.
    Sawane Botley(341) hit Eon Hunter(312) 143.
    ****
    Eon Hunter(169) took 40 damage as DOT.
    Sawane Botley(341) took 40 damage as DOT.
    Eon Hunter(129) hit Sawane Botley(301) 97.
    Sawane Botley(204) hit Eon Hunter(129) 143.
    ****
    Sawane Botley(204) has won.
  Duel between Moores(9) -WIZ- and Kennings(18) -WIZ- has begun.
    Mandon Moore(500) hit Ralf Kenning(505) 94.
    Ralf Kenning(411) hit Mandon Moore(500) 148.
    ****
    Mandon Moore(352) took 20 damage as DOT.
    Ralf Kenning(411) took 20 damage as DOT.
    Mandon Moore(332) hit Ralf Kenning(391) 94.
    Ralf Kenning(297) hit Mandon Moore(332) 148.
    ****
    Mandon Moore(184) took 40 damage as DOT.
    Ralf Kenning(297) took 40 damage as DOT.
    Mandon Moore(144) hit Ralf Kenning(257) 94.
    Ralf Kenning(163) hit Mandon Moore(144) 148.
    ****
    Ralf Kenning(163) has won.
  Duel between Corbrays(6) -WIL- and Botleys(21) -WIZ- has begun.
    Vance Corbray(450) hit Sawane Botley(555) 121.
    Sawane Botley(434) hit Vance Corbray(450) 146.
    ****
    Vance Corbray(304) took 20 damage as DOT.
    Sawane Botley(434) took 25 damage as DOT.
    Vance Corbray(284) hit Sawane Botley(409) 121.
    Sawane Botley(288) hit Vance Corbray(284) 146.
    ****
    Vance Corbray(138) took 40 damage as DOT.
    Sawane Botley(288) took 50 damage as DOT.
    Vance Corbray(98) hit Sawane Botley(238) 121.
    Sawane Botley(117) hit Vance Corbray(98) 146.
    ****
    Sawane Botley(117) has won.
  Duel between Hunters(9) -WIZ- and Kennings(21) -WIZ- has begun.
    Eon Hunter(475) hit Ralf Kenning(505) 94.
    Ralf Kenning(411) hit Eon Hunter(475) 151.
    ****
    Eon Hunter(324) took 20 damage as DOT.
    Ralf Kenning(411) took 20 damage as DOT.
    Eon Hunter(304) hit Ralf Kenning(391) 94.
    Ralf Kenning(297) hit Eon Hunter(304) 151.
    ****
    Eon Hunter(153) took 40 damage as DOT.
    Ralf Kenning(297) took 40 damage as DOT.
    Eon Hunter(113) hit Ralf Kenning(257) 94.
    Ralf Kenning(163) hit Eon Hunter(113) 151.
    ****
    Ralf Kenning(163) has won.
  Duel between Moores(6) -WIZ- and Sparrs(6) -WIZ- has begun.
    Mandon Moore(500) hit Lord Sparr(480) 91.
    Lord Sparr(389) hit Mandon Moore(500) 141.
    ****
    Mandon Moore(359) took 20 damage as DOT.
    Lord Sparr(389) took 20 damage as DOT.
    Mandon Moore(339) hit Lord Sparr(369) 91.
    Lord Sparr(278) hit Mandon Moore(339) 141.
    ****
    Mandon Moore(198) took 40 damage as DOT.
    Lord Sparr(278) took 40 damage as DOT.
    Mandon Moore(158) hit Lord Sparr(238) 91.
    Lord Sparr(147) hit Mandon Moore(158) 141.
    ****
    Mandon Moore(17) took 60 damage as DOT.
    Lord Sparr(147) took 60 damage as DOT.
    Mandon Moore(-43) hit Lord Sparr(87) 91.
    Lord Sparr(-4) hit Mandon Moore(-43) 141.
    ****
    Both of them are dead. A draw.
  Duel between House Arryn(40) -WHI- and House Greyjoy(40) -WHI- has begun.
    Robin Arryn(675) hit Euron Greyjoy(705) 130.
    Euron Greyjoy(575) hit Robin Arryn(675) 170.
    ****
    Robin Arryn(505) took 30 damage as DOT.
    Euron Greyjoy(575) took 30 damage as DOT.
    Robin Arryn(475) hit Euron Greyjoy(545) 130.
    Euron Greyjoy(415) hit Robin Arryn(475) 170.
    ****
    Robin Arryn(305) took 60 damage as DOT.
    Euron Greyjoy(415) took 60 damage as DOT.
    Robin Arryn(245) hit Euron Greyjoy(355) 130.
    Euron Greyjoy(225) hit Robin Arryn(245) 170.
    ****
    Robin Arryn(75) took 90 damage as DOT.
    Euron Greyjoy(225) took 90 damage as DOT.
    Robin Arryn(-15) hit Euron Greyjoy(135) 130.
    Euron Greyjoy(5) hit Robin Arryn(-15) 170.
    ****
    Euron Greyjoy(5) has won.
  The Vale of Arryn got 0 house points. The Iron Islands got 10 house points.

The winner is: The Iron Islands with currently 1 kingdom points.
---------------
---------------
Duel 9: Dorne vs The Reach
  Duel between Yronwoods(48) -WHI- and Florents(27) -WIZ- has begun.
    Edgar Yronwood(650) hit Axell Florent(560) 208.
    Axell Florent(352) hit Edgar Yronwood(650) 137.
    ****
    Edgar Yronwood(513) took 20 damage as DOT.
    Axell Florent(352) took 30 damage as DOT.
    Edgar Yronwood(493) hit Axell Florent(322) 208.
    Axell Florent(114) hit Edgar Yronwood(493) 137.
    ****
    Edgar Yronwood(356) took 40 damage as DOT.
    Axell Florent(114) took 60 damage as DOT.
    Edgar Yronwood(316) hit Axell Florent(54) 208.
    Axell Florent(-154) hit Edgar Yronwood(316) 137.
    ****
    Edgar Yronwood(179) has won.
  Duel between Daynes(48) -WHI- and Beesburys(27) -WHI- has begun.
    Beric Dayne(625) hit Lyman Beesbury(710) 208.
    Lyman Beesbury(502) hit Beric Dayne(625) 127.
    ****
    Beric Dayne(498) took 30 damage as DOT.
    Lyman Beesbury(502) took 30 damage as DOT.
    Beric Dayne(468) hit Lyman Beesbury(472) 208.
    Lyman Beesbury(264) hit Beric Dayne(468) 127.
    ****
    Beric Dayne(341) took 60 damage as DOT.
    Lyman Beesbury(264) took 60 damage as DOT.
    Beric Dayne(281) hit Lyman Beesbury(204) 208.
    Lyman Beesbury(-4) hit Beric Dayne(281) 127.
    ****
    Beric Dayne(154) has won.
  Duel between Blackmonts(48) -WIZ- and Cuys(27) -WHI- has begun.
    Larra Blackmont(525) hit Emmon Cuy(710) 208.
    Emmon Cuy(502) hit Larra Blackmont(525) 127.
    ****
    Larra Blackmont(398) took 30 damage as DOT.
    Emmon Cuy(502) took 20 damage as DOT.
    Larra Blackmont(368) hit Emmon Cuy(482) 208.
    Emmon Cuy(274) hit Larra Blackmont(368) 127.
    ****
    Larra Blackmont(241) took 60 damage as DOT.
    Emmon Cuy(274) took 40 damage as DOT.
    Larra Blackmont(181) hit Emmon Cuy(234) 208.
    Emmon Cuy(26) hit Larra Blackmont(181) 127.
    ****
    Larra Blackmont(54) took 90 damage as DOT.
    Emmon Cuy(26) took 60 damage as DOT.
    Larra Blackmont(-36) hit Emmon Cuy(-34) 208.
    Emmon Cuy(-242) hit Larra Blackmont(-36) 127.
    ****
    Both of them are dead. A draw.
  Duel between Yronwoods(51) -WHI- and Beesburys(24) -WHI- has begun.
    Edgar Yronwood(650) hit Lyman Beesbury(710) 211.
    Lyman Beesbury(499) hit Edgar Yronwood(650) 124.
    ****
    Edgar Yronwood(526) took 30 damage as DOT.
    Lyman Beesbury(499) took 30 damage as DOT.
    Edgar Yronwood(496) hit Lyman Beesbury(469) 211.
    Lyman Beesbury(258) hit Edgar Yronwood(496) 124.
    ****
    Edgar Yronwood(372) took 60 damage as DOT.
    Lyman Beesbury(258) took 60 damage as DOT.
    Edgar Yronwood(312) hit Lyman Beesbury(198) 211.
    Lyman Beesbury(-13) hit Edgar Yronwood(312) 124.
    ****
    Edgar Yronwood(188) has won.
  Duel between Daynes(51) -WHI- and Cuys(27) -WHI- has begun.
    Beric Dayne(625) hit Emmon Cuy(710) 211.
    Emmon Cuy(499) hit Beric Dayne(625) 127.
    ****
    Beric Dayne(498) took 30 damage as DOT.
    Emmon Cuy(499) took 30 damage as DOT.
    Beric Dayne(468) hit Emmon Cuy(469) 211.
    Emmon Cuy(258) hit Beric Dayne(468) 127.
    ****
    Beric Dayne(341) took 60 damage as DOT.
    Emmon Cuy(258) took 60 damage as DOT.
    Beric Dayne(281) hit Emmon Cuy(198) 211.
    Emmon Cuy(-13) hit Beric Dayne(281) 127.
    ****
    Beric Dayne(154) has won.
  Duel between Blackmonts(48) -WIZ- and Florents(24) -WIZ- has begun.
    Larra Blackmont(525) hit Axell Florent(560) 208.
    Axell Florent(352) hit Larra Blackmont(525) 134.
    ****
    Larra Blackmont(391) took 20 damage as DOT.
    Axell Florent(352) took 20 damage as DOT.
    Larra Blackmont(371) hit Axell Florent(332) 208.
    Axell Florent(124) hit Larra Blackmont(371) 134.
    ****
    Larra Blackmont(237) took 40 damage as DOT.
    Axell Florent(124) took 40 damage as DOT.
    Larra Blackmont(197) hit Axell Florent(84) 208.
    Axell Florent(-124) hit Larra Blackmont(197) 134.
    ****
    Larra Blackmont(63) has won.
  Duel between Yronwoods(54) -WHI- and Cuys(24) -WHI- has begun.
    Edgar Yronwood(650) hit Emmon Cuy(710) 214.
    Emmon Cuy(496) hit Edgar Yronwood(650) 124.
    ****
    Edgar Yronwood(526) took 30 damage as DOT.
    Emmon Cuy(496) took 30 damage as DOT.
    Edgar Yronwood(496) hit Emmon Cuy(466) 214.
    Emmon Cuy(252) hit Edgar Yronwood(496) 124.
    ****
    Edgar Yronwood(372) took 60 damage as DOT.
    Emmon Cuy(252) took 60 damage as DOT.
    Edgar Yronwood(312) hit Emmon Cuy(192) 214.
    Emmon Cuy(-22) hit Edgar Yronwood(312) 124.
    ****
    Edgar Yronwood(188) has won.
  Duel between Daynes(54) -WHI- and Florents(21) -WIZ- has begun.
    Beric Dayne(625) hit Axell Florent(560) 214.
    Axell Florent(346) hit Beric Dayne(625) 131.
    ****
    Beric Dayne(494) took 20 damage as DOT.
    Axell Florent(346) took 30 damage as DOT.
    Beric Dayne(474) hit Axell Florent(316) 214.
    Axell Florent(102) hit Beric Dayne(474) 131.
    ****
    Beric Dayne(343) took 40 damage as DOT.
    Axell Florent(102) took 60 damage as DOT.
    Beric Dayne(303) hit Axell Florent(42) 214.
    Axell Florent(-172) hit Beric Dayne(303) 131.
    ****
    Beric Dayne(172) has won.
  Duel between Blackmonts(51) -WIZ- and Beesburys(21) -WHI- has begun.
    Larra Blackmont(525) hit Lyman Beesbury(710) 211.
    Lyman Beesbury(499) hit Larra Blackmont(525) 121.
    ****
    Larra Blackmont(404) took 30 damage as DOT.
    Lyman Beesbury(499) took 20 damage as DOT.
    Larra Blackmont(374) hit Lyman Beesbury(479) 211.
    Lyman Beesbury(268) hit Larra Blackmont(374) 121.
    ****
    Larra Blackmont(253) took 60 damage as DOT.
    Lyman Beesbury(268) took 40 damage as DOT.
    Larra Blackmont(193) hit Lyman Beesbury(228) 211.
    Lyman Beesbury(17) hit Larra Blackmont(193) 121.
    ****
    Larra Blackmont(72) took 90 damage as DOT.
    Lyman Beesbury(17) took 60 damage as DOT.
    Larra Blackmont(-18) hit Lyman Beesbury(-43) 211.
    Lyman Beesbury(-254) hit Larra Blackmont(-18) 121.
    ****
    Both of them are dead. A draw.
  Duel between House Martell(60) -WHI- and House Lannister(45) -WHI- has begun.
    Obara Sand(650) hit Luthor Tyrell(710) 220.
    Luthor Tyrell(490) hit Obara Sand(650) 145.
    ****
    Obara Sand(505) took 30 damage as DOT.
    Luthor Tyrell(490) took 30 damage as DOT.
    Obara Sand(475) hit Luthor Tyrell(460) 220.
    Luthor Tyrell(240) hit Obara Sand(475) 145.
    ****
    Obara Sand(330) took 60 damage as DOT.
    Luthor Tyrell(240) took 60 damage as DOT.
    Obara Sand(270) hit Luthor Tyrell(180) 220.
    Luthor Tyrell(-40) hit Obara Sand(270) 145.
    ****
    Obara Sand(125) has won.
  Dorne got 10 house points. The Reach got 0 house points.

The winner is: Dorne with currently 4 kingdom points.
---------------
---------------
Duel 10: The Vale of Arryn vs The Reach
  Duel between Corbrays(3) -WIL- and Florents(18) -WIZ- has begun.
    Vance Corbray(450) hit Axell Florent(560) 118.
    Axell Florent(442) hit Vance Corbray(450) 128.
    ****
    Vance Corbray(322) took 20 damage as DOT.
    Axell Florent(442) took 25 damage as DOT.
    Vance Corbray(302) hit Axell Florent(417) 118.
    Axell Florent(299) hit Vance Corbray(302) 128.
    ****
    Vance Corbray(174) took 40 damage as DOT.
    Axell Florent(299) took 50 damage as DOT.
    Vance Corbray(134) hit Axell Florent(249) 118.
    Axell Florent(131) hit Vance Corbray(134) 128.
    ****
    Vance Corbray(6) took 60 damage as DOT.
    Axell Florent(131) took 75 damage as DOT.
    Vance Corbray(-54) hit Axell Florent(56) 118.
    Axell Florent(-62) hit Vance Corbray(-54) 128.
    ****
    Both of them are dead. A draw.
  Duel between Hunters(6) -WIZ- and Beesburys(21) -WHI- has begun.
    Eon Hunter(475) hit Lyman Beesbury(710) 91.
    Lyman Beesbury(619) hit Eon Hunter(475) 121.
    ****
    Eon Hunter(354) took 30 damage as DOT.
    Lyman Beesbury(619) took 20 damage as DOT.
    Eon Hunter(324) hit Lyman Beesbury(599) 91.
    Lyman Beesbury(508) hit Eon Hunter(324) 121.
    ****
    Eon Hunter(203) took 60 damage as DOT.
    Lyman Beesbury(508) took 40 damage as DOT.
    Eon Hunter(143) hit Lyman Beesbury(468) 91.
    Lyman Beesbury(377) hit Eon Hunter(143) 121.
    ****
    Eon Hunter(22) took 90 damage as DOT.
    Lyman Beesbury(377) took 60 damage as DOT.
    Eon Hunter(-68) hit Lyman Beesbury(317) 91.
    Lyman Beesbury(226) hit Eon Hunter(-68) 121.
    ****
    Lyman Beesbury(226) has won.
  Duel between Moores(6) -WIZ- and Cuys(21) -WHI- has begun.
    Mandon Moore(500) hit Emmon Cuy(710) 91.
    Emmon Cuy(619) hit Mandon Moore(500) 121.
    ****
    Mandon Moore(379) took 30 damage as DOT.
    Emmon Cuy(619) took 20 damage as DOT.
    Mandon Moore(349) hit Emmon Cuy(599) 91.
    Emmon Cuy(508) hit Mandon Moore(349) 121.
    ****
    Mandon Moore(228) took 60 damage as DOT.
    Emmon Cuy(508) took 40 damage as DOT.
    Mandon Moore(168) hit Emmon Cuy(468) 91.
    Emmon Cuy(377) hit Mandon Moore(168) 121.
    ****
    Mandon Moore(47) took 90 damage as DOT.
    Emmon Cuy(377) took 60 damage as DOT.
    Mandon Moore(-43) hit Emmon Cuy(317) 91.
    Emmon Cuy(226) hit Mandon Moore(-43) 121.
    ****
    Emmon Cuy(226) has won.
  Duel between Corbrays(3) -WIL- and Beesburys(24) -WHI- has begun.
    Vance Corbray(450) hit Lyman Beesbury(710) 118.
    Lyman Beesbury(592) hit Vance Corbray(450) 124.
    ****
    Vance Corbray(326) took 30 damage as DOT.
    Lyman Beesbury(592) took 25 damage as DOT.
    Vance Corbray(296) hit Lyman Beesbury(567) 118.
    Lyman Beesbury(449) hit Vance Corbray(296) 124.
    ****
    Vance Corbray(172) took 60 damage as DOT.
    Lyman Beesbury(449) took 50 damage as DOT.
    Vance Corbray(112) hit Lyman Beesbury(399) 118.
    Lyman Beesbury(281) hit Vance Corbray(112) 124.
    ****
    Lyman Beesbury(281) has won.
  Duel between Hunters(3) -WIZ- and Cuys(24) -WHI- has begun.
    Eon Hunter(475) hit Emmon Cuy(710) 88.
    Emmon Cuy(622) hit Eon Hunter(475) 124.
    ****
    Eon Hunter(351) took 30 damage as DOT.
    Emmon Cuy(622) took 20 damage as DOT.
    Eon Hunter(321) hit Emmon Cuy(602) 88.
    Emmon Cuy(514) hit Eon Hunter(321) 124.
    ****
    Eon Hunter(197) took 60 damage as DOT.
    Emmon Cuy(514) took 40 damage as DOT.
    Eon Hunter(137) hit Emmon Cuy(474) 88.
    Emmon Cuy(386) hit Eon Hunter(137) 124.
    ****
    Eon Hunter(13) took 90 damage as DOT.
    Emmon Cuy(386) took 60 damage as DOT.
    Eon Hunter(-77) hit Emmon Cuy(326) 88.
    Emmon Cuy(238) hit Eon Hunter(-77) 124.
    ****
    Emmon Cuy(238) has won.
  Duel between Moores(3) -WIZ- and Florents(18) -WIZ- has begun.
    Mandon Moore(500) hit Axell Florent(560) 88.
    Axell Florent(472) hit Mandon Moore(500) 128.
    ****
    Mandon Moore(372) took 20 damage as DOT.
    Axell Florent(472) took 20 damage as DOT.
    Mandon Moore(352) hit Axell Florent(452) 88.
    Axell Florent(364) hit Mandon Moore(352) 128.
    ****
    Mandon Moore(224) took 40 damage as DOT.
    Axell Florent(364) took 40 damage as DOT.
    Mandon Moore(184) hit Axell Florent(324) 88.
    Axell Florent(236) hit Mandon Moore(184) 128.
    ****
    Mandon Moore(56) took 60 damage as DOT.
    Axell Florent(236) took 60 damage as DOT.
    Mandon Moore(-4) hit Axell Florent(176) 88.
    Axell Florent(88) hit Mandon Moore(-4) 128.
    ****
    Axell Florent(88) has won.
  Duel between Corbrays(0) -WIL- and Cuys(27) -WHI- has begun.
    Vance Corbray(450) hit Emmon Cuy(710) 115.
    Emmon Cuy(595) hit Vance Corbray(450) 127.
    ****
    Vance Corbray(323) took 30 damage as DOT.
    Emmon Cuy(595) took 25 damage as DOT.
    Vance Corbray(293) hit Emmon Cuy(570) 115.
    Emmon Cuy(455) hit Vance Corbray(293) 127.
    ****
    Vance Corbray(166) took 60 damage as DOT.
    Emmon Cuy(455) took 50 damage as DOT.
    Vance Corbray(106) hit Emmon Cuy(405) 115.
    Emmon Cuy(290) hit Vance Corbray(106) 127.
    ****
    Emmon Cuy(290) has won.
  Duel between Hunters(0) -WIZ- and Florents(21) -WIZ- has begun.
    Eon Hunter(475) hit Axell Florent(560) 85.
    Axell Florent(475) hit Eon Hunter(475) 131.
    ****
    Eon Hunter(344) took 20 damage as DOT.
    Axell Florent(475) took 20 damage as DOT.
    Eon Hunter(324) hit Axell Florent(455) 85.
    Axell Florent(370) hit Eon Hunter(324) 131.
    ****
    Eon Hunter(193) took 40 damage as DOT.
    Axell Florent(370) took 40 damage as DOT.
    Eon Hunter(153) hit Axell Florent(330) 85.
    Axell Florent(245) hit Eon Hunter(153) 131.
    ****
    Eon Hunter(22) took 60 damage as DOT.
    Axell Florent(245) took 60 damage as DOT.
    Eon Hunter(-38) hit Axell Florent(185) 85.
    Axell Florent(100) hit Eon Hunter(-38) 131.
    ****
    Axell Florent(100) has won.
  Duel between Moores(0) -WIZ- and Beesburys(27) -WHI- has begun.
    Mandon Moore(500) hit Lyman Beesbury(710) 85.
    Lyman Beesbury(625) hit Mandon Moore(500) 127.
    ****
    Mandon Moore(373) took 30 damage as DOT.
    Lyman Beesbury(625) took 20 damage as DOT.
    Mandon Moore(343) hit Lyman Beesbury(605) 85.
    Lyman Beesbury(520) hit Mandon Moore(343) 127.
    ****
    Mandon Moore(216) took 60 damage as DOT.
    Lyman Beesbury(520) took 40 damage as DOT.
    Mandon Moore(156) hit Lyman Beesbury(480) 85.
    Lyman Beesbury(395) hit Mandon Moore(156) 127.
    ****
    Mandon Moore(29) took 90 damage as DOT.
    Lyman Beesbury(395) took 60 damage as DOT.
    Mandon Moore(-61) hit Lyman Beesbury(335) 85.
    Lyman Beesbury(250) hit Mandon Moore(-61) 127.
    ****
    Lyman Beesbury(250) has won.
  Duel between House Arryn(35) -WHI- and House Lannister(40) -WHI- has begun.
    Robin Arryn(675) hit Luthor Tyrell(710) 125.
    Luthor Tyrell(585) hit Robin Arryn(675) 140.
    ****
    Robin Arryn(535) took 30 damage as DOT.
    Luthor Tyrell(585) took 30 damage as DOT.
    Robin Arryn(505) hit Luthor Tyrell(555) 125.
    Luthor Tyrell(430) hit Robin Arryn(505) 140.
    ****
    Robin Arryn(365) took 60 damage as DOT.
    Luthor Tyrell(430) took 60 damage as DOT.
    Robin Arryn(305) hit Luthor Tyrell(370) 125.
    Luthor Tyrell(245) hit Robin Arryn(305) 140.
    ****
    Robin Arryn(165) took 90 damage as DOT.
    Luthor Tyrell(245) took 90 damage as DOT.
    Robin Arryn(75) hit Luthor Tyrell(155) 125.
    Luthor Tyrell(30) hit Robin Arryn(75) 140.
    ****
    Luthor Tyrell(30) has won.
  The Vale of Arryn got 0 house points. The Reach got 11 house points.

The winner is: The Reach with currently 2 kingdom points.
---------------
The War is over. The new owners of King's Landing are Dorne, and The Crownlands.

