War has started with 5 kingdoms.
---------------
Duel 1: The Iron Islands vs The Riverlands
  Duel between Blacktydes(30) -WHI- and Mootons(30) -WIL- has begun.
    Baelor Blacktyde(665) hit William Mooton(490) 150.
    William Mooton(340) hit Baelor Blacktyde(665) 175.
    ****
    Baelor Blacktyde(490) took 25 damage as DOT.
    William Mooton(340) took 30 damage as DOT.
    Baelor Blacktyde(465) hit William Mooton(310) 150.
    William Mooton(160) hit Baelor Blacktyde(465) 175.
    ****
    Baelor Blacktyde(290) took 50 damage as DOT.
    William Mooton(160) took 60 damage as DOT.
    Baelor Blacktyde(240) hit William Mooton(100) 150.
    William Mooton(-50) hit Baelor Blacktyde(240) 175.
    ****
    Baelor Blacktyde(65) has won.
  Duel between Kennings(30) -WHI- and Smallwoods(30) -WHI- has begun.
    Ralf Kenning(640) hit Theomar Smallwood(640) 150.
    Theomar Smallwood(490) hit Ralf Kenning(640) 150.
    ****
    Ralf Kenning(490) took 30 damage as DOT.
    Theomar Smallwood(490) took 30 damage as DOT.
    Ralf Kenning(460) hit Theomar Smallwood(460) 150.
    Theomar Smallwood(310) hit Ralf Kenning(460) 150.
    ****
    Ralf Kenning(310) took 60 damage as DOT.
    Theomar Smallwood(310) took 60 damage as DOT.
    Ralf Kenning(250) hit Theomar Smallwood(250) 150.
    Theomar Smallwood(100) hit Ralf Kenning(250) 150.
    ****
    Ralf Kenning(100) took 90 damage as DOT.
    Theomar Smallwood(100) took 90 damage as DOT.
    Ralf Kenning(10) hit Theomar Smallwood(10) 150.
    Theomar Smallwood(-140) hit Ralf Kenning(10) 150.
    ****
    Both of them are dead. A draw.
  Duel between Botleys(30) -WHI- and Blackwoods(30) -WHI- has begun.
    Sawane Botley(665) hit Tytos Blackwood(640) 150.
    Tytos Blackwood(490) hit Sawane Botley(665) 150.
    ****
    Sawane Botley(515) took 30 damage as DOT.
    Tytos Blackwood(490) took 30 damage as DOT.
    Sawane Botley(485) hit Tytos Blackwood(460) 150.
    Tytos Blackwood(310) hit Sawane Botley(485) 150.
    ****
    Sawane Botley(335) took 60 damage as DOT.
    Tytos Blackwood(310) took 60 damage as DOT.
    Sawane Botley(275) hit Tytos Blackwood(250) 150.
    Tytos Blackwood(100) hit Sawane Botley(275) 150.
    ****
    Sawane Botley(125) took 90 damage as DOT.
    Tytos Blackwood(100) took 90 damage as DOT.
    Sawane Botley(35) hit Tytos Blackwood(10) 150.
    Tytos Blackwood(-140) hit Sawane Botley(35) 150.
    ****
    Both of them are dead. A draw.
  Duel between Blacktydes(33) -WHI- and Smallwoods(30) -WHI- has begun.
    Baelor Blacktyde(665) hit Theomar Smallwood(640) 153.
    Theomar Smallwood(487) hit Baelor Blacktyde(665) 150.
    ****
    Baelor Blacktyde(515) took 30 damage as DOT.
    Theomar Smallwood(487) took 30 damage as DOT.
    Baelor Blacktyde(485) hit Theomar Smallwood(457) 153.
    Theomar Smallwood(304) hit Baelor Blacktyde(485) 150.
    ****
    Baelor Blacktyde(335) took 60 damage as DOT.
    Theomar Smallwood(304) took 60 damage as DOT.
    Baelor Blacktyde(275) hit Theomar Smallwood(244) 153.
    Theomar Smallwood(91) hit Baelor Blacktyde(275) 150.
    ****
    Baelor Blacktyde(125) took 90 damage as DOT.
    Theomar Smallwood(91) took 90 damage as DOT.
    Baelor Blacktyde(35) hit Theomar Smallwood(1) 153.
    Theomar Smallwood(-152) hit Baelor Blacktyde(35) 150.
    ****
    Both of them are dead. A draw.
  Duel between Kennings(30) -WHI- and Blackwoods(30) -WHI- has begun.
    Ralf Kenning(640) hit Tytos Blackwood(640) 150.
    Tytos Blackwood(490) hit Ralf Kenning(640) 150.
    ****
    Ralf Kenning(490) took 30 damage as DOT.
    Tytos Blackwood(490) took 30 damage as DOT.
    Ralf Kenning(460) hit Tytos Blackwood(460) 150.
    Tytos Blackwood(310) hit Ralf Kenning(460) 150.
    ****
    Ralf Kenning(310) took 60 damage as DOT.
    Tytos Blackwood(310) took 60 damage as DOT.
    Ralf Kenning(250) hit Tytos Blackwood(250) 150.
    Tytos Blackwood(100) hit Ralf Kenning(250) 150.
    ****
    Ralf Kenning(100) took 90 damage as DOT.
    Tytos Blackwood(100) took 90 damage as DOT.
    Ralf Kenning(10) hit Tytos Blackwood(10) 150.
    Tytos Blackwood(-140) hit Ralf Kenning(10) 150.
    ****
    Both of them are dead. A draw.
  Duel between Botleys(30) -WHI- and Mootons(27) -WIL- has begun.
    Sawane Botley(665) hit William Mooton(490) 150.
    William Mooton(340) hit Sawane Botley(665) 172.
    ****
    Sawane Botley(493) took 25 damage as DOT.
    William Mooton(340) took 30 damage as DOT.
    Sawane Botley(468) hit William Mooton(310) 150.
    William Mooton(160) hit Sawane Botley(468) 172.
    ****
    Sawane Botley(296) took 50 damage as DOT.
    William Mooton(160) took 60 damage as DOT.
    Sawane Botley(246) hit William Mooton(100) 150.
    William Mooton(-50) hit Sawane Botley(246) 172.
    ****
    Sawane Botley(74) has won.
  Duel between Blacktydes(33) -WHI- and Blackwoods(30) -WHI- has begun.
    Baelor Blacktyde(665) hit Tytos Blackwood(640) 153.
    Tytos Blackwood(487) hit Baelor Blacktyde(665) 150.
    ****
    Baelor Blacktyde(515) took 30 damage as DOT.
    Tytos Blackwood(487) took 30 damage as DOT.
    Baelor Blacktyde(485) hit Tytos Blackwood(457) 153.
    Tytos Blackwood(304) hit Baelor Blacktyde(485) 150.
    ****
    Baelor Blacktyde(335) took 60 damage as DOT.
    Tytos Blackwood(304) took 60 damage as DOT.
    Baelor Blacktyde(275) hit Tytos Blackwood(244) 153.
    Tytos Blackwood(91) hit Baelor Blacktyde(275) 150.
    ****
    Baelor Blacktyde(125) took 90 damage as DOT.
    Tytos Blackwood(91) took 90 damage as DOT.
    Baelor Blacktyde(35) hit Tytos Blackwood(1) 153.
    Tytos Blackwood(-152) hit Baelor Blacktyde(35) 150.
    ****
    Both of them are dead. A draw.
  Duel between Kennings(30) -WHI- and Mootons(24) -WIL- has begun.
    Ralf Kenning(640) hit William Mooton(490) 150.
    William Mooton(340) hit Ralf Kenning(640) 169.
    ****
    Ralf Kenning(471) took 25 damage as DOT.
    William Mooton(340) took 30 damage as DOT.
    Ralf Kenning(446) hit William Mooton(310) 150.
    William Mooton(160) hit Ralf Kenning(446) 169.
    ****
    Ralf Kenning(277) took 50 damage as DOT.
    William Mooton(160) took 60 damage as DOT.
    Ralf Kenning(227) hit William Mooton(100) 150.
    William Mooton(-50) hit Ralf Kenning(227) 169.
    ****
    Ralf Kenning(58) has won.
  Duel between Botleys(33) -WHI- and Smallwoods(30) -WHI- has begun.
    Sawane Botley(665) hit Theomar Smallwood(640) 153.
    Theomar Smallwood(487) hit Sawane Botley(665) 150.
    ****
    Sawane Botley(515) took 30 damage as DOT.
    Theomar Smallwood(487) took 30 damage as DOT.
    Sawane Botley(485) hit Theomar Smallwood(457) 153.
    Theomar Smallwood(304) hit Sawane Botley(485) 150.
    ****
    Sawane Botley(335) took 60 damage as DOT.
    Theomar Smallwood(304) took 60 damage as DOT.
    Sawane Botley(275) hit Theomar Smallwood(244) 153.
    Theomar Smallwood(91) hit Sawane Botley(275) 150.
    ****
    Sawane Botley(125) took 90 damage as DOT.
    Theomar Smallwood(91) took 90 damage as DOT.
    Sawane Botley(35) hit Theomar Smallwood(1) 153.
    Theomar Smallwood(-152) hit Sawane Botley(35) 150.
    ****
    Both of them are dead. A draw.
  Duel between House Greyjoy(50) -WHI- and House Bolton(50) -WHI- has begun.
    Balon Greyjoy(690) hit Stevron Frey(640) 170.
    Stevron Frey(470) hit Balon Greyjoy(690) 170.
    ****
    Balon Greyjoy(520) took 30 damage as DOT.
    Stevron Frey(470) took 30 damage as DOT.
    Balon Greyjoy(490) hit Stevron Frey(440) 170.
    Stevron Frey(270) hit Balon Greyjoy(490) 170.
    ****
    Balon Greyjoy(320) took 60 damage as DOT.
    Stevron Frey(270) took 60 damage as DOT.
    Balon Greyjoy(260) hit Stevron Frey(210) 170.
    Stevron Frey(40) hit Balon Greyjoy(260) 170.
    ****
    Balon Greyjoy(90) took 90 damage as DOT.
    Stevron Frey(40) took 90 damage as DOT.
    Balon Greyjoy(0) hit Stevron Frey(-50) 170.
    Stevron Frey(-220) hit Balon Greyjoy(0) 170.
    ****
    Both of them are dead. A draw.
  The Iron Islands got 3 house points. The Riverlands got 0 house points.

The winner is: The Iron Islands with currently 1 kingdom points.
---------------
---------------
Duel 2: The Riverlands vs The Reach
  Duel between Mootons(21) -WIL- and Hightowers(30) -WIL- has begun.
    William Mooton(490) hit Leyton Hightower(505) 166.
    Leyton Hightower(339) hit William Mooton(490) 185.
    ****
    William Mooton(305) took 25 damage as DOT.
    Leyton Hightower(339) took 25 damage as DOT.
    William Mooton(280) hit Leyton Hightower(314) 166.
    Leyton Hightower(148) hit William Mooton(280) 185.
    ****
    William Mooton(95) took 50 damage as DOT.
    Leyton Hightower(148) took 50 damage as DOT.
    William Mooton(45) hit Leyton Hightower(98) 166.
    Leyton Hightower(-68) hit William Mooton(45) 185.
    ****
    Both of them are dead. A draw.
  Duel between Smallwoods(30) -WHI- and Beesburys(30) -WIZ- has begun.
    Theomar Smallwood(640) hit Lyman Beesbury(505) 150.
    Lyman Beesbury(355) hit Theomar Smallwood(640) 165.
    ****
    Theomar Smallwood(475) took 20 damage as DOT.
    Lyman Beesbury(355) took 30 damage as DOT.
    Theomar Smallwood(455) hit Lyman Beesbury(325) 150.
    Lyman Beesbury(175) hit Theomar Smallwood(455) 165.
    ****
    Theomar Smallwood(290) took 40 damage as DOT.
    Lyman Beesbury(175) took 60 damage as DOT.
    Theomar Smallwood(250) hit Lyman Beesbury(115) 150.
    Lyman Beesbury(-35) hit Theomar Smallwood(250) 165.
    ****
    Theomar Smallwood(85) has won.
  Duel between Blackwoods(30) -WHI- and Florents(30) -WIZ- has begun.
    Tytos Blackwood(640) hit Axell Florent(555) 150.
    Axell Florent(405) hit Tytos Blackwood(640) 165.
    ****
    Tytos Blackwood(475) took 20 damage as DOT.
    Axell Florent(405) took 30 damage as DOT.
    Tytos Blackwood(455) hit Axell Florent(375) 150.
    Axell Florent(225) hit Tytos Blackwood(455) 165.
    ****
    Tytos Blackwood(290) took 40 damage as DOT.
    Axell Florent(225) took 60 damage as DOT.
    Tytos Blackwood(250) hit Axell Florent(165) 150.
    Axell Florent(15) hit Tytos Blackwood(250) 165.
    ****
    Tytos Blackwood(85) took 60 damage as DOT.
    Axell Florent(15) took 90 damage as DOT.
    Tytos Blackwood(25) hit Axell Florent(-75) 150.
    Axell Florent(-225) hit Tytos Blackwood(25) 165.
    ****
    Both of them are dead. A draw.
  Duel between Mootons(21) -WIL- and Beesburys(27) -WIZ- has begun.
    William Mooton(490) hit Lyman Beesbury(505) 166.
    Lyman Beesbury(339) hit William Mooton(490) 162.
    ****
    William Mooton(328) took 20 damage as DOT.
    Lyman Beesbury(339) took 25 damage as DOT.
    William Mooton(308) hit Lyman Beesbury(314) 166.
    Lyman Beesbury(148) hit William Mooton(308) 162.
    ****
    William Mooton(146) took 40 damage as DOT.
    Lyman Beesbury(148) took 50 damage as DOT.
    William Mooton(106) hit Lyman Beesbury(98) 166.
    Lyman Beesbury(-68) hit William Mooton(106) 162.
    ****
    Both of them are dead. A draw.
  Duel between Smallwoods(33) -WHI- and Florents(30) -WIZ- has begun.
    Theomar Smallwood(640) hit Axell Florent(555) 153.
    Axell Florent(402) hit Theomar Smallwood(640) 165.
    ****
    Theomar Smallwood(475) took 20 damage as DOT.
    Axell Florent(402) took 30 damage as DOT.
    Theomar Smallwood(455) hit Axell Florent(372) 153.
    Axell Florent(219) hit Theomar Smallwood(455) 165.
    ****
    Theomar Smallwood(290) took 40 damage as DOT.
    Axell Florent(219) took 60 damage as DOT.
    Theomar Smallwood(250) hit Axell Florent(159) 153.
    Axell Florent(6) hit Theomar Smallwood(250) 165.
    ****
    Theomar Smallwood(85) took 60 damage as DOT.
    Axell Florent(6) took 90 damage as DOT.
    Theomar Smallwood(25) hit Axell Florent(-84) 153.
    Axell Florent(-237) hit Theomar Smallwood(25) 165.
    ****
    Both of them are dead. A draw.
  Duel between Blackwoods(30) -WHI- and Hightowers(30) -WIL- has begun.
    Tytos Blackwood(640) hit Leyton Hightower(505) 150.
    Leyton Hightower(355) hit Tytos Blackwood(640) 185.
    ****
    Tytos Blackwood(455) took 25 damage as DOT.
    Leyton Hightower(355) took 30 damage as DOT.
    Tytos Blackwood(430) hit Leyton Hightower(325) 150.
    Leyton Hightower(175) hit Tytos Blackwood(430) 185.
    ****
    Tytos Blackwood(245) took 50 damage as DOT.
    Leyton Hightower(175) took 60 damage as DOT.
    Tytos Blackwood(195) hit Leyton Hightower(115) 150.
    Leyton Hightower(-35) hit Tytos Blackwood(195) 185.
    ****
    Tytos Blackwood(10) has won.
  Duel between Mootons(21) -WIL- and Florents(30) -WIZ- has begun.
    William Mooton(490) hit Axell Florent(555) 166.
    Axell Florent(389) hit William Mooton(490) 165.
    ****
    William Mooton(325) took 20 damage as DOT.
    Axell Florent(389) took 25 damage as DOT.
    William Mooton(305) hit Axell Florent(364) 166.
    Axell Florent(198) hit William Mooton(305) 165.
    ****
    William Mooton(140) took 40 damage as DOT.
    Axell Florent(198) took 50 damage as DOT.
    William Mooton(100) hit Axell Florent(148) 166.
    Axell Florent(-18) hit William Mooton(100) 165.
    ****
    Both of them are dead. A draw.
  Duel between Smallwoods(33) -WHI- and Hightowers(27) -WIL- has begun.
    Theomar Smallwood(640) hit Leyton Hightower(505) 153.
    Leyton Hightower(352) hit Theomar Smallwood(640) 182.
    ****
    Theomar Smallwood(458) took 25 damage as DOT.
    Leyton Hightower(352) took 30 damage as DOT.
    Theomar Smallwood(433) hit Leyton Hightower(322) 153.
    Leyton Hightower(169) hit Theomar Smallwood(433) 182.
    ****
    Theomar Smallwood(251) took 50 damage as DOT.
    Leyton Hightower(169) took 60 damage as DOT.
    Theomar Smallwood(201) hit Leyton Hightower(109) 153.
    Leyton Hightower(-44) hit Theomar Smallwood(201) 182.
    ****
    Theomar Smallwood(19) has won.
  Duel between Blackwoods(33) -WHI- and Beesburys(27) -WIZ- has begun.
    Tytos Blackwood(640) hit Lyman Beesbury(505) 153.
    Lyman Beesbury(352) hit Tytos Blackwood(640) 162.
    ****
    Tytos Blackwood(478) took 20 damage as DOT.
    Lyman Beesbury(352) took 30 damage as DOT.
    Tytos Blackwood(458) hit Lyman Beesbury(322) 153.
    Lyman Beesbury(169) hit Tytos Blackwood(458) 162.
    ****
    Tytos Blackwood(296) took 40 damage as DOT.
    Lyman Beesbury(169) took 60 damage as DOT.
    Tytos Blackwood(256) hit Lyman Beesbury(109) 153.
    Lyman Beesbury(-44) hit Tytos Blackwood(256) 162.
    ****
    Tytos Blackwood(94) has won.
  Duel between House Bolton(50) -WHI- and House Lannister(50) -WIZ- has begun.
    Stevron Frey(640) hit Mace Tyrell(555) 170.
    Mace Tyrell(385) hit Stevron Frey(640) 180.
    ****
    Stevron Frey(460) took 20 damage as DOT.
    Mace Tyrell(385) took 30 damage as DOT.
    Stevron Frey(440) hit Mace Tyrell(355) 170.
    Mace Tyrell(185) hit Stevron Frey(440) 180.
    ****
    Stevron Frey(260) took 40 damage as DOT.
    Mace Tyrell(185) took 60 damage as DOT.
    Stevron Frey(220) hit Mace Tyrell(125) 170.
    Mace Tyrell(-45) hit Stevron Frey(220) 180.
    ****
    Stevron Frey(40) has won.
  The Riverlands got 7 house points. The Reach got 0 house points.

The winner is: The Riverlands with currently 1 kingdom points.
---------------
---------------
Duel 3: The Reach vs The Crownlands
  Duel between Hightowers(24) -WIL- and Thornes(30) -WIZ- has begun.
    Leyton Hightower(505) hit Alliser Thorne(508) 179.
    Alliser Thorne(329) hit Leyton Hightower(505) 163.
    ****
    Leyton Hightower(342) took 20 damage as DOT.
    Alliser Thorne(329) took 25 damage as DOT.
    Leyton Hightower(322) hit Alliser Thorne(304) 179.
    Alliser Thorne(125) hit Leyton Hightower(322) 163.
    ****
    Leyton Hightower(159) took 40 damage as DOT.
    Alliser Thorne(125) took 50 damage as DOT.
    Leyton Hightower(119) hit Alliser Thorne(75) 179.
    Alliser Thorne(-104) hit Leyton Hightower(119) 163.
    ****
    Both of them are dead. A draw.
  Duel between Beesburys(24) -WIZ- and Slynts(30) -WHI- has begun.
    Lyman Beesbury(505) hit Janos Slynt(633) 159.
    Janos Slynt(474) hit Lyman Beesbury(505) 153.
    ****
    Lyman Beesbury(352) took 30 damage as DOT.
    Janos Slynt(474) took 20 damage as DOT.
    Lyman Beesbury(322) hit Janos Slynt(454) 159.
    Janos Slynt(295) hit Lyman Beesbury(322) 153.
    ****
    Lyman Beesbury(169) took 60 damage as DOT.
    Janos Slynt(295) took 40 damage as DOT.
    Lyman Beesbury(109) hit Janos Slynt(255) 159.
    Janos Slynt(96) hit Lyman Beesbury(109) 153.
    ****
    Janos Slynt(96) has won.
  Duel between Florents(30) -WIZ- and Brunes(30) -WIL- has begun.
    Axell Florent(555) hit Lothor Brune(533) 165.
    Lothor Brune(368) hit Axell Florent(555) 173.
    ****
    Axell Florent(382) took 25 damage as DOT.
    Lothor Brune(368) took 20 damage as DOT.
    Axell Florent(357) hit Lothor Brune(348) 165.
    Lothor Brune(183) hit Axell Florent(357) 173.
    ****
    Axell Florent(184) took 50 damage as DOT.
    Lothor Brune(183) took 40 damage as DOT.
    Axell Florent(134) hit Lothor Brune(143) 165.
    Lothor Brune(-22) hit Axell Florent(134) 173.
    ****
    Both of them are dead. A draw.
  Duel between Hightowers(24) -WIL- and Slynts(33) -WHI- has begun.
    Leyton Hightower(505) hit Janos Slynt(633) 179.
    Janos Slynt(454) hit Leyton Hightower(505) 156.
    ****
    Leyton Hightower(349) took 30 damage as DOT.
    Janos Slynt(454) took 25 damage as DOT.
    Leyton Hightower(319) hit Janos Slynt(429) 179.
    Janos Slynt(250) hit Leyton Hightower(319) 156.
    ****
    Leyton Hightower(163) took 60 damage as DOT.
    Janos Slynt(250) took 50 damage as DOT.
    Leyton Hightower(103) hit Janos Slynt(200) 179.
    Janos Slynt(21) hit Leyton Hightower(103) 156.
    ****
    Janos Slynt(21) has won.
  Duel between Beesburys(21) -WIZ- and Brunes(30) -WIL- has begun.
    Lyman Beesbury(505) hit Lothor Brune(533) 156.
    Lothor Brune(377) hit Lyman Beesbury(505) 173.
    ****
    Lyman Beesbury(332) took 25 damage as DOT.
    Lothor Brune(377) took 20 damage as DOT.
    Lyman Beesbury(307) hit Lothor Brune(357) 156.
    Lothor Brune(201) hit Lyman Beesbury(307) 173.
    ****
    Lyman Beesbury(134) took 50 damage as DOT.
    Lothor Brune(201) took 40 damage as DOT.
    Lyman Beesbury(84) hit Lothor Brune(161) 156.
    Lothor Brune(5) hit Lyman Beesbury(84) 173.
    ****
    Lothor Brune(5) has won.
  Duel between Florents(30) -WIZ- and Thornes(30) -WIZ- has begun.
    Axell Florent(555) hit Alliser Thorne(508) 165.
    Alliser Thorne(343) hit Axell Florent(555) 163.
    ****
    Axell Florent(392) took 20 damage as DOT.
    Alliser Thorne(343) took 20 damage as DOT.
    Axell Florent(372) hit Alliser Thorne(323) 165.
    Alliser Thorne(158) hit Axell Florent(372) 163.
    ****
    Axell Florent(209) took 40 damage as DOT.
    Alliser Thorne(158) took 40 damage as DOT.
    Axell Florent(169) hit Alliser Thorne(118) 165.
    Alliser Thorne(-47) hit Axell Florent(169) 163.
    ****
    Axell Florent(6) has won.
  Duel between Hightowers(21) -WIL- and Brunes(33) -WIL- has begun.
    Leyton Hightower(505) hit Lothor Brune(533) 176.
    Lothor Brune(357) hit Leyton Hightower(505) 176.
    ****
    Leyton Hightower(329) took 25 damage as DOT.
    Lothor Brune(357) took 25 damage as DOT.
    Leyton Hightower(304) hit Lothor Brune(332) 176.
    Lothor Brune(156) hit Leyton Hightower(304) 176.
    ****
    Leyton Hightower(128) took 50 damage as DOT.
    Lothor Brune(156) took 50 damage as DOT.
    Leyton Hightower(78) hit Lothor Brune(106) 176.
    Lothor Brune(-70) hit Leyton Hightower(78) 176.
    ****
    Both of them are dead. A draw.
  Duel between Beesburys(18) -WIZ- and Thornes(27) -WIZ- has begun.
    Lyman Beesbury(505) hit Alliser Thorne(508) 153.
    Alliser Thorne(355) hit Lyman Beesbury(505) 160.
    ****
    Lyman Beesbury(345) took 20 damage as DOT.
    Alliser Thorne(355) took 20 damage as DOT.
    Lyman Beesbury(325) hit Alliser Thorne(335) 153.
    Alliser Thorne(182) hit Lyman Beesbury(325) 160.
    ****
    Lyman Beesbury(165) took 40 damage as DOT.
    Alliser Thorne(182) took 40 damage as DOT.
    Lyman Beesbury(125) hit Alliser Thorne(142) 153.
    Alliser Thorne(-11) hit Lyman Beesbury(125) 160.
    ****
    Both of them are dead. A draw.
  Duel between Florents(33) -WIZ- and Slynts(36) -WHI- has begun.
    Axell Florent(555) hit Janos Slynt(633) 168.
    Janos Slynt(465) hit Axell Florent(555) 159.
    ****
    Axell Florent(396) took 30 damage as DOT.
    Janos Slynt(465) took 20 damage as DOT.
    Axell Florent(366) hit Janos Slynt(445) 168.
    Janos Slynt(277) hit Axell Florent(366) 159.
    ****
    Axell Florent(207) took 60 damage as DOT.
    Janos Slynt(277) took 40 damage as DOT.
    Axell Florent(147) hit Janos Slynt(237) 168.
    Janos Slynt(69) hit Axell Florent(147) 159.
    ****
    Janos Slynt(69) has won.
  Duel between House Lannister(45) -WIZ- and House Baratheon(50) -WIZ- has begun.
    Mace Tyrell(555) hit Viserys Targaryen(508) 175.
    Viserys Targaryen(333) hit Mace Tyrell(555) 168.
    ****
    Mace Tyrell(387) took 20 damage as DOT.
    Viserys Targaryen(333) took 20 damage as DOT.
    Mace Tyrell(367) hit Viserys Targaryen(313) 175.
    Viserys Targaryen(138) hit Mace Tyrell(367) 168.
    ****
    Mace Tyrell(199) took 40 damage as DOT.
    Viserys Targaryen(138) took 40 damage as DOT.
    Mace Tyrell(159) hit Viserys Targaryen(98) 175.
    Viserys Targaryen(-77) hit Mace Tyrell(159) 168.
    ****
    Both of them are dead. A draw.
  The Reach got 1 house points. The Crownlands got 4 house points.

The winner is: The Crownlands with currently 1 kingdom points.
---------------
---------------
Duel 4: The Crownlands vs The Westernlands
  Duel between Thornes(27) -WIZ- and Marbrands(30) -WIZ- has begun.
    Alliser Thorne(508) hit Damon Marbrand(558) 160.
    Damon Marbrand(398) hit Alliser Thorne(508) 163.
    ****
    Alliser Thorne(345) took 20 damage as DOT.
    Damon Marbrand(398) took 20 damage as DOT.
    Alliser Thorne(325) hit Damon Marbrand(378) 160.
    Damon Marbrand(218) hit Alliser Thorne(325) 163.
    ****
    Alliser Thorne(162) took 40 damage as DOT.
    Damon Marbrand(218) took 40 damage as DOT.
    Alliser Thorne(122) hit Damon Marbrand(178) 160.
    Damon Marbrand(18) hit Alliser Thorne(122) 163.
    ****
    Damon Marbrand(18) has won.
  Duel between Slynts(39) -WHI- and Paynes(30) -WIL- has begun.
    Janos Slynt(633) hit Ilyn Payne(483) 162.
    Ilyn Payne(321) hit Janos Slynt(633) 178.
    ****
    Janos Slynt(455) took 25 damage as DOT.
    Ilyn Payne(321) took 30 damage as DOT.
    Janos Slynt(430) hit Ilyn Payne(291) 162.
    Ilyn Payne(129) hit Janos Slynt(430) 178.
    ****
    Janos Slynt(252) took 50 damage as DOT.
    Ilyn Payne(129) took 60 damage as DOT.
    Janos Slynt(202) hit Ilyn Payne(69) 162.
    Ilyn Payne(-93) hit Janos Slynt(202) 178.
    ****
    Janos Slynt(24) has won.
  Duel between Brunes(33) -WIL- and Leffords(30) -WHI- has begun.
    Lothor Brune(533) hit Leo Lefford(708) 176.
    Leo Lefford(532) hit Lothor Brune(533) 153.
    ****
    Lothor Brune(380) took 30 damage as DOT.
    Leo Lefford(532) took 25 damage as DOT.
    Lothor Brune(350) hit Leo Lefford(507) 176.
    Leo Lefford(331) hit Lothor Brune(350) 153.
    ****
    Lothor Brune(197) took 60 damage as DOT.
    Leo Lefford(331) took 50 damage as DOT.
    Lothor Brune(137) hit Leo Lefford(281) 176.
    Leo Lefford(105) hit Lothor Brune(137) 153.
    ****
    Leo Lefford(105) has won.
  Duel between Thornes(24) -WIZ- and Paynes(27) -WIL- has begun.
    Alliser Thorne(508) hit Ilyn Payne(483) 157.
    Ilyn Payne(326) hit Alliser Thorne(508) 175.
    ****
    Alliser Thorne(333) took 25 damage as DOT.
    Ilyn Payne(326) took 20 damage as DOT.
    Alliser Thorne(308) hit Ilyn Payne(306) 157.
    Ilyn Payne(149) hit Alliser Thorne(308) 175.
    ****
    Alliser Thorne(133) took 50 damage as DOT.
    Ilyn Payne(149) took 40 damage as DOT.
    Alliser Thorne(83) hit Ilyn Payne(109) 157.
    Ilyn Payne(-48) hit Alliser Thorne(83) 175.
    ****
    Both of them are dead. A draw.
  Duel between Slynts(42) -WHI- and Leffords(27) -WHI- has begun.
    Janos Slynt(633) hit Leo Lefford(708) 165.
    Leo Lefford(543) hit Janos Slynt(633) 150.
    ****
    Janos Slynt(483) took 30 damage as DOT.
    Leo Lefford(543) took 30 damage as DOT.
    Janos Slynt(453) hit Leo Lefford(513) 165.
    Leo Lefford(348) hit Janos Slynt(453) 150.
    ****
    Janos Slynt(303) took 60 damage as DOT.
    Leo Lefford(348) took 60 damage as DOT.
    Janos Slynt(243) hit Leo Lefford(288) 165.
    Leo Lefford(123) hit Janos Slynt(243) 150.
    ****
    Janos Slynt(93) took 90 damage as DOT.
    Leo Lefford(123) took 90 damage as DOT.
    Janos Slynt(3) hit Leo Lefford(33) 165.
    Leo Lefford(-132) hit Janos Slynt(3) 150.
    ****
    Both of them are dead. A draw.
  Duel between Brunes(30) -WIL- and Marbrands(33) -WIZ- has begun.
    Lothor Brune(533) hit Damon Marbrand(558) 173.
    Damon Marbrand(385) hit Lothor Brune(533) 166.
    ****
    Lothor Brune(367) took 20 damage as DOT.
    Damon Marbrand(385) took 25 damage as DOT.
    Lothor Brune(347) hit Damon Marbrand(360) 173.
    Damon Marbrand(187) hit Lothor Brune(347) 166.
    ****
    Lothor Brune(181) took 40 damage as DOT.
    Damon Marbrand(187) took 50 damage as DOT.
    Lothor Brune(141) hit Damon Marbrand(137) 173.
    Damon Marbrand(-36) hit Lothor Brune(141) 166.
    ****
    Both of them are dead. A draw.
  Duel between Thornes(24) -WIZ- and Leffords(27) -WHI- has begun.
    Alliser Thorne(508) hit Leo Lefford(708) 157.
    Leo Lefford(551) hit Alliser Thorne(508) 150.
    ****
    Alliser Thorne(358) took 30 damage as DOT.
    Leo Lefford(551) took 20 damage as DOT.
    Alliser Thorne(328) hit Leo Lefford(531) 157.
    Leo Lefford(374) hit Alliser Thorne(328) 150.
    ****
    Alliser Thorne(178) took 60 damage as DOT.
    Leo Lefford(374) took 40 damage as DOT.
    Alliser Thorne(118) hit Leo Lefford(334) 157.
    Leo Lefford(177) hit Alliser Thorne(118) 150.
    ****
    Leo Lefford(177) has won.
  Duel between Slynts(42) -WHI- and Marbrands(33) -WIZ- has begun.
    Janos Slynt(633) hit Damon Marbrand(558) 165.
    Damon Marbrand(393) hit Janos Slynt(633) 166.
    ****
    Janos Slynt(467) took 20 damage as DOT.
    Damon Marbrand(393) took 30 damage as DOT.
    Janos Slynt(447) hit Damon Marbrand(363) 165.
    Damon Marbrand(198) hit Janos Slynt(447) 166.
    ****
    Janos Slynt(281) took 40 damage as DOT.
    Damon Marbrand(198) took 60 damage as DOT.
    Janos Slynt(241) hit Damon Marbrand(138) 165.
    Damon Marbrand(-27) hit Janos Slynt(241) 166.
    ****
    Janos Slynt(75) has won.
  Duel between Brunes(30) -WIL- and Paynes(27) -WIL- has begun.
    Lothor Brune(533) hit Ilyn Payne(483) 173.
    Ilyn Payne(310) hit Lothor Brune(533) 175.
    ****
    Lothor Brune(358) took 25 damage as DOT.
    Ilyn Payne(310) took 25 damage as DOT.
    Lothor Brune(333) hit Ilyn Payne(285) 173.
    Ilyn Payne(112) hit Lothor Brune(333) 175.
    ****
    Lothor Brune(158) took 50 damage as DOT.
    Ilyn Payne(112) took 50 damage as DOT.
    Lothor Brune(108) hit Ilyn Payne(62) 173.
    Ilyn Payne(-111) hit Lothor Brune(108) 175.
    ****
    Both of them are dead. A draw.
  Duel between House Baratheon(50) -WIZ- and House Frey(50) -WHI- has begun.
    Viserys Targaryen(508) hit Lancel Lannister(658) 168.
    Lancel Lannister(490) hit Viserys Targaryen(508) 173.
    ****
    Viserys Targaryen(335) took 30 damage as DOT.
    Lancel Lannister(490) took 20 damage as DOT.
    Viserys Targaryen(305) hit Lancel Lannister(470) 168.
    Lancel Lannister(302) hit Viserys Targaryen(305) 173.
    ****
    Viserys Targaryen(132) took 60 damage as DOT.
    Lancel Lannister(302) took 40 damage as DOT.
    Viserys Targaryen(72) hit Lancel Lannister(262) 168.
    Lancel Lannister(94) hit Viserys Targaryen(72) 173.
    ****
    Lancel Lannister(94) has won.
  The Crownlands got 2 house points. The Westernlands got 6 house points.

The winner is: The Westernlands with currently 1 kingdom points.
---------------
---------------
Duel 5: The Iron Islands vs The Reach
  Duel between Blacktydes(33) -WHI- and Hightowers(21) -WIL- has begun.
    Baelor Blacktyde(665) hit Leyton Hightower(505) 153.
    Leyton Hightower(352) hit Baelor Blacktyde(665) 176.
    ****
    Baelor Blacktyde(489) took 25 damage as DOT.
    Leyton Hightower(352) took 30 damage as DOT.
    Baelor Blacktyde(464) hit Leyton Hightower(322) 153.
    Leyton Hightower(169) hit Baelor Blacktyde(464) 176.
    ****
    Baelor Blacktyde(288) took 50 damage as DOT.
    Leyton Hightower(169) took 60 damage as DOT.
    Baelor Blacktyde(238) hit Leyton Hightower(109) 153.
    Leyton Hightower(-44) hit Baelor Blacktyde(238) 176.
    ****
    Baelor Blacktyde(62) has won.
  Duel between Kennings(33) -WHI- and Beesburys(18) -WIZ- has begun.
    Ralf Kenning(640) hit Lyman Beesbury(505) 153.
    Lyman Beesbury(352) hit Ralf Kenning(640) 153.
    ****
    Ralf Kenning(487) took 20 damage as DOT.
    Lyman Beesbury(352) took 30 damage as DOT.
    Ralf Kenning(467) hit Lyman Beesbury(322) 153.
    Lyman Beesbury(169) hit Ralf Kenning(467) 153.
    ****
    Ralf Kenning(314) took 40 damage as DOT.
    Lyman Beesbury(169) took 60 damage as DOT.
    Ralf Kenning(274) hit Lyman Beesbury(109) 153.
    Lyman Beesbury(-44) hit Ralf Kenning(274) 153.
    ****
    Ralf Kenning(121) has won.
  Duel between Botleys(33) -WHI- and Florents(30) -WIZ- has begun.
    Sawane Botley(665) hit Axell Florent(555) 153.
    Axell Florent(402) hit Sawane Botley(665) 165.
    ****
    Sawane Botley(500) took 20 damage as DOT.
    Axell Florent(402) took 30 damage as DOT.
    Sawane Botley(480) hit Axell Florent(372) 153.
    Axell Florent(219) hit Sawane Botley(480) 165.
    ****
    Sawane Botley(315) took 40 damage as DOT.
    Axell Florent(219) took 60 damage as DOT.
    Sawane Botley(275) hit Axell Florent(159) 153.
    Axell Florent(6) hit Sawane Botley(275) 165.
    ****
    Sawane Botley(110) took 60 damage as DOT.
    Axell Florent(6) took 90 damage as DOT.
    Sawane Botley(50) hit Axell Florent(-84) 153.
    Axell Florent(-237) hit Sawane Botley(50) 165.
    ****
    Both of them are dead. A draw.
  Duel between Blacktydes(36) -WHI- and Beesburys(15) -WIZ- has begun.
    Baelor Blacktyde(665) hit Lyman Beesbury(505) 156.
    Lyman Beesbury(349) hit Baelor Blacktyde(665) 150.
    ****
    Baelor Blacktyde(515) took 20 damage as DOT.
    Lyman Beesbury(349) took 30 damage as DOT.
    Baelor Blacktyde(495) hit Lyman Beesbury(319) 156.
    Lyman Beesbury(163) hit Baelor Blacktyde(495) 150.
    ****
    Baelor Blacktyde(345) took 40 damage as DOT.
    Lyman Beesbury(163) took 60 damage as DOT.
    Baelor Blacktyde(305) hit Lyman Beesbury(103) 156.
    Lyman Beesbury(-53) hit Baelor Blacktyde(305) 150.
    ****
    Baelor Blacktyde(155) has won.
  Duel between Kennings(36) -WHI- and Florents(30) -WIZ- has begun.
    Ralf Kenning(640) hit Axell Florent(555) 156.
    Axell Florent(399) hit Ralf Kenning(640) 165.
    ****
    Ralf Kenning(475) took 20 damage as DOT.
    Axell Florent(399) took 30 damage as DOT.
    Ralf Kenning(455) hit Axell Florent(369) 156.
    Axell Florent(213) hit Ralf Kenning(455) 165.
    ****
    Ralf Kenning(290) took 40 damage as DOT.
    Axell Florent(213) took 60 damage as DOT.
    Ralf Kenning(250) hit Axell Florent(153) 156.
    Axell Florent(-3) hit Ralf Kenning(250) 165.
    ****
    Ralf Kenning(85) has won.
  Duel between Botleys(33) -WHI- and Hightowers(18) -WIL- has begun.
    Sawane Botley(665) hit Leyton Hightower(505) 153.
    Leyton Hightower(352) hit Sawane Botley(665) 173.
    ****
    Sawane Botley(492) took 25 damage as DOT.
    Leyton Hightower(352) took 30 damage as DOT.
    Sawane Botley(467) hit Leyton Hightower(322) 153.
    Leyton Hightower(169) hit Sawane Botley(467) 173.
    ****
    Sawane Botley(294) took 50 damage as DOT.
    Leyton Hightower(169) took 60 damage as DOT.
    Sawane Botley(244) hit Leyton Hightower(109) 153.
    Leyton Hightower(-44) hit Sawane Botley(244) 173.
    ****
    Sawane Botley(71) has won.
  Duel between Blacktydes(39) -WHI- and Florents(27) -WIZ- has begun.
    Baelor Blacktyde(665) hit Axell Florent(555) 159.
    Axell Florent(396) hit Baelor Blacktyde(665) 162.
    ****
    Baelor Blacktyde(503) took 20 damage as DOT.
    Axell Florent(396) took 30 damage as DOT.
    Baelor Blacktyde(483) hit Axell Florent(366) 159.
    Axell Florent(207) hit Baelor Blacktyde(483) 162.
    ****
    Baelor Blacktyde(321) took 40 damage as DOT.
    Axell Florent(207) took 60 damage as DOT.
    Baelor Blacktyde(281) hit Axell Florent(147) 159.
    Axell Florent(-12) hit Baelor Blacktyde(281) 162.
    ****
    Baelor Blacktyde(119) has won.
  Duel between Kennings(39) -WHI- and Hightowers(15) -WIL- has begun.
    Ralf Kenning(640) hit Leyton Hightower(505) 159.
    Leyton Hightower(346) hit Ralf Kenning(640) 170.
    ****
    Ralf Kenning(470) took 25 damage as DOT.
    Leyton Hightower(346) took 30 damage as DOT.
    Ralf Kenning(445) hit Leyton Hightower(316) 159.
    Leyton Hightower(157) hit Ralf Kenning(445) 170.
    ****
    Ralf Kenning(275) took 50 damage as DOT.
    Leyton Hightower(157) took 60 damage as DOT.
    Ralf Kenning(225) hit Leyton Hightower(97) 159.
    Leyton Hightower(-62) hit Ralf Kenning(225) 170.
    ****
    Ralf Kenning(55) has won.
  Duel between Botleys(36) -WHI- and Beesburys(12) -WIZ- has begun.
    Sawane Botley(665) hit Lyman Beesbury(505) 156.
    Lyman Beesbury(349) hit Sawane Botley(665) 147.
    ****
    Sawane Botley(518) took 20 damage as DOT.
    Lyman Beesbury(349) took 30 damage as DOT.
    Sawane Botley(498) hit Lyman Beesbury(319) 156.
    Lyman Beesbury(163) hit Sawane Botley(498) 147.
    ****
    Sawane Botley(351) took 40 damage as DOT.
    Lyman Beesbury(163) took 60 damage as DOT.
    Sawane Botley(311) hit Lyman Beesbury(103) 156.
    Lyman Beesbury(-53) hit Sawane Botley(311) 147.
    ****
    Sawane Botley(164) has won.
  Duel between House Greyjoy(50) -WHI- and House Lannister(45) -WIZ- has begun.
    Balon Greyjoy(690) hit Mace Tyrell(555) 170.
    Mace Tyrell(385) hit Balon Greyjoy(690) 175.
    ****
    Balon Greyjoy(515) took 20 damage as DOT.
    Mace Tyrell(385) took 30 damage as DOT.
    Balon Greyjoy(495) hit Mace Tyrell(355) 170.
    Mace Tyrell(185) hit Balon Greyjoy(495) 175.
    ****
    Balon Greyjoy(320) took 40 damage as DOT.
    Mace Tyrell(185) took 60 damage as DOT.
    Balon Greyjoy(280) hit Mace Tyrell(125) 170.
    Mace Tyrell(-45) hit Balon Greyjoy(280) 175.
    ****
    Balon Greyjoy(105) has won.
  The Iron Islands got 11 house points. The Reach got 0 house points.

The winner is: The Iron Islands with currently 2 kingdom points.
---------------
---------------
Duel 6: The Riverlands vs The Crownlands
  Duel between Mootons(21) -WIL- and Thornes(21) -WIZ- has begun.
    William Mooton(490) hit Alliser Thorne(508) 166.
    Alliser Thorne(342) hit William Mooton(490) 154.
    ****
    William Mooton(336) took 20 damage as DOT.
    Alliser Thorne(342) took 25 damage as DOT.
    William Mooton(316) hit Alliser Thorne(317) 166.
    Alliser Thorne(151) hit William Mooton(316) 154.
    ****
    William Mooton(162) took 40 damage as DOT.
    Alliser Thorne(151) took 50 damage as DOT.
    William Mooton(122) hit Alliser Thorne(101) 166.
    Alliser Thorne(-65) hit William Mooton(122) 154.
    ****
    Both of them are dead. A draw.
  Duel between Smallwoods(36) -WHI- and Slynts(45) -WHI- has begun.
    Theomar Smallwood(640) hit Janos Slynt(633) 156.
    Janos Slynt(477) hit Theomar Smallwood(640) 168.
    ****
    Theomar Smallwood(472) took 30 damage as DOT.
    Janos Slynt(477) took 30 damage as DOT.
    Theomar Smallwood(442) hit Janos Slynt(447) 156.
    Janos Slynt(291) hit Theomar Smallwood(442) 168.
    ****
    Theomar Smallwood(274) took 60 damage as DOT.
    Janos Slynt(291) took 60 damage as DOT.
    Theomar Smallwood(214) hit Janos Slynt(231) 156.
    Janos Slynt(75) hit Theomar Smallwood(214) 168.
    ****
    Theomar Smallwood(46) took 90 damage as DOT.
    Janos Slynt(75) took 90 damage as DOT.
    Theomar Smallwood(-44) hit Janos Slynt(-15) 156.
    Janos Slynt(-171) hit Theomar Smallwood(-44) 168.
    ****
    Both of them are dead. A draw.
  Duel between Blackwoods(36) -WHI- and Brunes(30) -WIL- has begun.
    Tytos Blackwood(640) hit Lothor Brune(533) 156.
    Lothor Brune(377) hit Tytos Blackwood(640) 173.
    ****
    Tytos Blackwood(467) took 25 damage as DOT.
    Lothor Brune(377) took 30 damage as DOT.
    Tytos Blackwood(442) hit Lothor Brune(347) 156.
    Lothor Brune(191) hit Tytos Blackwood(442) 173.
    ****
    Tytos Blackwood(269) took 50 damage as DOT.
    Lothor Brune(191) took 60 damage as DOT.
    Tytos Blackwood(219) hit Lothor Brune(131) 156.
    Lothor Brune(-25) hit Tytos Blackwood(219) 173.
    ****
    Tytos Blackwood(46) has won.
  Duel between Mootons(21) -WIL- and Slynts(45) -WHI- has begun.
    William Mooton(490) hit Janos Slynt(633) 166.
    Janos Slynt(467) hit William Mooton(490) 168.
    ****
    William Mooton(322) took 30 damage as DOT.
    Janos Slynt(467) took 25 damage as DOT.
    William Mooton(292) hit Janos Slynt(442) 166.
    Janos Slynt(276) hit William Mooton(292) 168.
    ****
    William Mooton(124) took 60 damage as DOT.
    Janos Slynt(276) took 50 damage as DOT.
    William Mooton(64) hit Janos Slynt(226) 166.
    Janos Slynt(60) hit William Mooton(64) 168.
    ****
    Janos Slynt(60) has won.
  Duel between Smallwoods(36) -WHI- and Brunes(27) -WIL- has begun.
    Theomar Smallwood(640) hit Lothor Brune(533) 156.
    Lothor Brune(377) hit Theomar Smallwood(640) 170.
    ****
    Theomar Smallwood(470) took 25 damage as DOT.
    Lothor Brune(377) took 30 damage as DOT.
    Theomar Smallwood(445) hit Lothor Brune(347) 156.
    Lothor Brune(191) hit Theomar Smallwood(445) 170.
    ****
    Theomar Smallwood(275) took 50 damage as DOT.
    Lothor Brune(191) took 60 damage as DOT.
    Theomar Smallwood(225) hit Lothor Brune(131) 156.
    Lothor Brune(-25) hit Theomar Smallwood(225) 170.
    ****
    Theomar Smallwood(55) has won.
  Duel between Blackwoods(39) -WHI- and Thornes(21) -WIZ- has begun.
    Tytos Blackwood(640) hit Alliser Thorne(508) 159.
    Alliser Thorne(349) hit Tytos Blackwood(640) 154.
    ****
    Tytos Blackwood(486) took 20 damage as DOT.
    Alliser Thorne(349) took 30 damage as DOT.
    Tytos Blackwood(466) hit Alliser Thorne(319) 159.
    Alliser Thorne(160) hit Tytos Blackwood(466) 154.
    ****
    Tytos Blackwood(312) took 40 damage as DOT.
    Alliser Thorne(160) took 60 damage as DOT.
    Tytos Blackwood(272) hit Alliser Thorne(100) 159.
    Alliser Thorne(-59) hit Tytos Blackwood(272) 154.
    ****
    Tytos Blackwood(118) has won.
  Duel between Mootons(18) -WIL- and Brunes(24) -WIL- has begun.
    William Mooton(490) hit Lothor Brune(533) 163.
    Lothor Brune(370) hit William Mooton(490) 167.
    ****
    William Mooton(323) took 25 damage as DOT.
    Lothor Brune(370) took 25 damage as DOT.
    William Mooton(298) hit Lothor Brune(345) 163.
    Lothor Brune(182) hit William Mooton(298) 167.
    ****
    William Mooton(131) took 50 damage as DOT.
    Lothor Brune(182) took 50 damage as DOT.
    William Mooton(81) hit Lothor Brune(132) 163.
    Lothor Brune(-31) hit William Mooton(81) 167.
    ****
    Both of them are dead. A draw.
  Duel between Smallwoods(39) -WHI- and Thornes(18) -WIZ- has begun.
    Theomar Smallwood(640) hit Alliser Thorne(508) 159.
    Alliser Thorne(349) hit Theomar Smallwood(640) 151.
    ****
    Theomar Smallwood(489) took 20 damage as DOT.
    Alliser Thorne(349) took 30 damage as DOT.
    Theomar Smallwood(469) hit Alliser Thorne(319) 159.
    Alliser Thorne(160) hit Theomar Smallwood(469) 151.
    ****
    Theomar Smallwood(318) took 40 damage as DOT.
    Alliser Thorne(160) took 60 damage as DOT.
    Theomar Smallwood(278) hit Alliser Thorne(100) 159.
    Alliser Thorne(-59) hit Theomar Smallwood(278) 151.
    ****
    Theomar Smallwood(127) has won.
  Duel between Blackwoods(42) -WHI- and Slynts(48) -WHI- has begun.
    Tytos Blackwood(640) hit Janos Slynt(633) 162.
    Janos Slynt(471) hit Tytos Blackwood(640) 171.
    ****
    Tytos Blackwood(469) took 30 damage as DOT.
    Janos Slynt(471) took 30 damage as DOT.
    Tytos Blackwood(439) hit Janos Slynt(441) 162.
    Janos Slynt(279) hit Tytos Blackwood(439) 171.
    ****
    Tytos Blackwood(268) took 60 damage as DOT.
    Janos Slynt(279) took 60 damage as DOT.
    Tytos Blackwood(208) hit Janos Slynt(219) 162.
    Janos Slynt(57) hit Tytos Blackwood(208) 171.
    ****
    Tytos Blackwood(37) took 90 damage as DOT.
    Janos Slynt(57) took 90 damage as DOT.
    Tytos Blackwood(-53) hit Janos Slynt(-33) 162.
    Janos Slynt(-195) hit Tytos Blackwood(-53) 171.
    ****
    Both of them are dead. A draw.
  Duel between House Bolton(55) -WHI- and House Baratheon(45) -WIZ- has begun.
    Stevron Frey(640) hit Viserys Targaryen(508) 175.
    Viserys Targaryen(333) hit Stevron Frey(640) 163.
    ****
    Stevron Frey(477) took 20 damage as DOT.
    Viserys Targaryen(333) took 30 damage as DOT.
    Stevron Frey(457) hit Viserys Targaryen(303) 175.
    Viserys Targaryen(128) hit Stevron Frey(457) 163.
    ****
    Stevron Frey(294) took 40 damage as DOT.
    Viserys Targaryen(128) took 60 damage as DOT.
    Stevron Frey(254) hit Viserys Targaryen(68) 175.
    Viserys Targaryen(-107) hit Stevron Frey(254) 163.
    ****
    Stevron Frey(91) has won.
  The Riverlands got 7 house points. The Crownlands got 1 house points.

The winner is: The Riverlands with currently 2 kingdom points.
---------------
---------------
Duel 7: The Reach vs The Westernlands
  Duel between Hightowers(12) -WIL- and Marbrands(30) -WIZ- has begun.
    Leyton Hightower(505) hit Damon Marbrand(558) 167.
    Damon Marbrand(391) hit Leyton Hightower(505) 163.
    ****
    Leyton Hightower(342) took 20 damage as DOT.
    Damon Marbrand(391) took 25 damage as DOT.
    Leyton Hightower(322) hit Damon Marbrand(366) 167.
    Damon Marbrand(199) hit Leyton Hightower(322) 163.
    ****
    Leyton Hightower(159) took 40 damage as DOT.
    Damon Marbrand(199) took 50 damage as DOT.
    Leyton Hightower(119) hit Damon Marbrand(149) 167.
    Damon Marbrand(-18) hit Leyton Hightower(119) 163.
    ****
    Both of them are dead. A draw.
  Duel between Beesburys(9) -WIZ- and Paynes(27) -WIL- has begun.
    Lyman Beesbury(505) hit Ilyn Payne(483) 144.
    Ilyn Payne(339) hit Lyman Beesbury(505) 175.
    ****
    Lyman Beesbury(330) took 25 damage as DOT.
    Ilyn Payne(339) took 20 damage as DOT.
    Lyman Beesbury(305) hit Ilyn Payne(319) 144.
    Ilyn Payne(175) hit Lyman Beesbury(305) 175.
    ****
    Lyman Beesbury(130) took 50 damage as DOT.
    Ilyn Payne(175) took 40 damage as DOT.
    Lyman Beesbury(80) hit Ilyn Payne(135) 144.
    Ilyn Payne(-9) hit Lyman Beesbury(80) 175.
    ****
    Both of them are dead. A draw.
  Duel between Florents(24) -WIZ- and Leffords(30) -WHI- has begun.
    Axell Florent(555) hit Leo Lefford(708) 159.
    Leo Lefford(549) hit Axell Florent(555) 153.
    ****
    Axell Florent(402) took 30 damage as DOT.
    Leo Lefford(549) took 20 damage as DOT.
    Axell Florent(372) hit Leo Lefford(529) 159.
    Leo Lefford(370) hit Axell Florent(372) 153.
    ****
    Axell Florent(219) took 60 damage as DOT.
    Leo Lefford(370) took 40 damage as DOT.
    Axell Florent(159) hit Leo Lefford(330) 159.
    Leo Lefford(171) hit Axell Florent(159) 153.
    ****
    Axell Florent(6) took 90 damage as DOT.
    Leo Lefford(171) took 60 damage as DOT.
    Axell Florent(-84) hit Leo Lefford(111) 159.
    Leo Lefford(-48) hit Axell Florent(-84) 153.
    ****
    Both of them are dead. A draw.
  Duel between Hightowers(12) -WIL- and Paynes(27) -WIL- has begun.
    Leyton Hightower(505) hit Ilyn Payne(483) 167.
    Ilyn Payne(316) hit Leyton Hightower(505) 175.
    ****
    Leyton Hightower(330) took 25 damage as DOT.
    Ilyn Payne(316) took 25 damage as DOT.
    Leyton Hightower(305) hit Ilyn Payne(291) 167.
    Ilyn Payne(124) hit Leyton Hightower(305) 175.
    ****
    Leyton Hightower(130) took 50 damage as DOT.
    Ilyn Payne(124) took 50 damage as DOT.
    Leyton Hightower(80) hit Ilyn Payne(74) 167.
    Ilyn Payne(-93) hit Leyton Hightower(80) 175.
    ****
    Both of them are dead. A draw.
  Duel between Beesburys(9) -WIZ- and Leffords(30) -WHI- has begun.
    Lyman Beesbury(505) hit Leo Lefford(708) 144.
    Leo Lefford(564) hit Lyman Beesbury(505) 153.
    ****
    Lyman Beesbury(352) took 30 damage as DOT.
    Leo Lefford(564) took 20 damage as DOT.
    Lyman Beesbury(322) hit Leo Lefford(544) 144.
    Leo Lefford(400) hit Lyman Beesbury(322) 153.
    ****
    Lyman Beesbury(169) took 60 damage as DOT.
    Leo Lefford(400) took 40 damage as DOT.
    Lyman Beesbury(109) hit Leo Lefford(360) 144.
    Leo Lefford(216) hit Lyman Beesbury(109) 153.
    ****
    Leo Lefford(216) has won.
  Duel between Florents(24) -WIZ- and Marbrands(30) -WIZ- has begun.
    Axell Florent(555) hit Damon Marbrand(558) 159.
    Damon Marbrand(399) hit Axell Florent(555) 163.
    ****
    Axell Florent(392) took 20 damage as DOT.
    Damon Marbrand(399) took 20 damage as DOT.
    Axell Florent(372) hit Damon Marbrand(379) 159.
    Damon Marbrand(220) hit Axell Florent(372) 163.
    ****
    Axell Florent(209) took 40 damage as DOT.
    Damon Marbrand(220) took 40 damage as DOT.
    Axell Florent(169) hit Damon Marbrand(180) 159.
    Damon Marbrand(21) hit Axell Florent(169) 163.
    ****
    Axell Florent(6) took 60 damage as DOT.
    Damon Marbrand(21) took 60 damage as DOT.
    Axell Florent(-54) hit Damon Marbrand(-39) 159.
    Damon Marbrand(-198) hit Axell Florent(-54) 163.
    ****
    Both of them are dead. A draw.
  Duel between Hightowers(12) -WIL- and Leffords(33) -WHI- has begun.
    Leyton Hightower(505) hit Leo Lefford(708) 167.
    Leo Lefford(541) hit Leyton Hightower(505) 156.
    ****
    Leyton Hightower(349) took 30 damage as DOT.
    Leo Lefford(541) took 25 damage as DOT.
    Leyton Hightower(319) hit Leo Lefford(516) 167.
    Leo Lefford(349) hit Leyton Hightower(319) 156.
    ****
    Leyton Hightower(163) took 60 damage as DOT.
    Leo Lefford(349) took 50 damage as DOT.
    Leyton Hightower(103) hit Leo Lefford(299) 167.
    Leo Lefford(132) hit Leyton Hightower(103) 156.
    ****
    Leo Lefford(132) has won.
  Duel between Beesburys(6) -WIZ- and Marbrands(30) -WIZ- has begun.
    Lyman Beesbury(505) hit Damon Marbrand(558) 141.
    Damon Marbrand(417) hit Lyman Beesbury(505) 163.
    ****
    Lyman Beesbury(342) took 20 damage as DOT.
    Damon Marbrand(417) took 20 damage as DOT.
    Lyman Beesbury(322) hit Damon Marbrand(397) 141.
    Damon Marbrand(256) hit Lyman Beesbury(322) 163.
    ****
    Lyman Beesbury(159) took 40 damage as DOT.
    Damon Marbrand(256) took 40 damage as DOT.
    Lyman Beesbury(119) hit Damon Marbrand(216) 141.
    Damon Marbrand(75) hit Lyman Beesbury(119) 163.
    ****
    Damon Marbrand(75) has won.
  Duel between Florents(24) -WIZ- and Paynes(27) -WIL- has begun.
    Axell Florent(555) hit Ilyn Payne(483) 159.
    Ilyn Payne(324) hit Axell Florent(555) 175.
    ****
    Axell Florent(380) took 25 damage as DOT.
    Ilyn Payne(324) took 20 damage as DOT.
    Axell Florent(355) hit Ilyn Payne(304) 159.
    Ilyn Payne(145) hit Axell Florent(355) 175.
    ****
    Axell Florent(180) took 50 damage as DOT.
    Ilyn Payne(145) took 40 damage as DOT.
    Axell Florent(130) hit Ilyn Payne(105) 159.
    Ilyn Payne(-54) hit Axell Florent(130) 175.
    ****
    Both of them are dead. A draw.
  Duel between House Lannister(40) -WIZ- and House Frey(55) -WHI- has begun.
    Mace Tyrell(555) hit Lancel Lannister(658) 170.
    Lancel Lannister(488) hit Mace Tyrell(555) 178.
    ****
    Mace Tyrell(377) took 30 damage as DOT.
    Lancel Lannister(488) took 20 damage as DOT.
    Mace Tyrell(347) hit Lancel Lannister(468) 170.
    Lancel Lannister(298) hit Mace Tyrell(347) 178.
    ****
    Mace Tyrell(169) took 60 damage as DOT.
    Lancel Lannister(298) took 40 damage as DOT.
    Mace Tyrell(109) hit Lancel Lannister(258) 170.
    Lancel Lannister(88) hit Mace Tyrell(109) 178.
    ****
    Lancel Lannister(88) has won.
  The Reach got 0 house points. The Westernlands got 6 house points.

The winner is: The Westernlands with currently 2 kingdom points.
---------------
---------------
Duel 8: The Iron Islands vs The Crownlands
  Duel between Blacktydes(42) -WHI- and Thornes(15) -WIZ- has begun.
    Baelor Blacktyde(665) hit Alliser Thorne(508) 162.
    Alliser Thorne(346) hit Baelor Blacktyde(665) 148.
    ****
    Baelor Blacktyde(517) took 20 damage as DOT.
    Alliser Thorne(346) took 30 damage as DOT.
    Baelor Blacktyde(497) hit Alliser Thorne(316) 162.
    Alliser Thorne(154) hit Baelor Blacktyde(497) 148.
    ****
    Baelor Blacktyde(349) took 40 damage as DOT.
    Alliser Thorne(154) took 60 damage as DOT.
    Baelor Blacktyde(309) hit Alliser Thorne(94) 162.
    Alliser Thorne(-68) hit Baelor Blacktyde(309) 148.
    ****
    Baelor Blacktyde(161) has won.
  Duel between Kennings(42) -WHI- and Slynts(48) -WHI- has begun.
    Ralf Kenning(640) hit Janos Slynt(633) 162.
    Janos Slynt(471) hit Ralf Kenning(640) 171.
    ****
    Ralf Kenning(469) took 30 damage as DOT.
    Janos Slynt(471) took 30 damage as DOT.
    Ralf Kenning(439) hit Janos Slynt(441) 162.
    Janos Slynt(279) hit Ralf Kenning(439) 171.
    ****
    Ralf Kenning(268) took 60 damage as DOT.
    Janos Slynt(279) took 60 damage as DOT.
    Ralf Kenning(208) hit Janos Slynt(219) 162.
    Janos Slynt(57) hit Ralf Kenning(208) 171.
    ****
    Ralf Kenning(37) took 90 damage as DOT.
    Janos Slynt(57) took 90 damage as DOT.
    Ralf Kenning(-53) hit Janos Slynt(-33) 162.
    Janos Slynt(-195) hit Ralf Kenning(-53) 171.
    ****
    Both of them are dead. A draw.
  Duel between Botleys(39) -WHI- and Brunes(24) -WIL- has begun.
    Sawane Botley(665) hit Lothor Brune(533) 159.
    Lothor Brune(374) hit Sawane Botley(665) 167.
    ****
    Sawane Botley(498) took 25 damage as DOT.
    Lothor Brune(374) took 30 damage as DOT.
    Sawane Botley(473) hit Lothor Brune(344) 159.
    Lothor Brune(185) hit Sawane Botley(473) 167.
    ****
    Sawane Botley(306) took 50 damage as DOT.
    Lothor Brune(185) took 60 damage as DOT.
    Sawane Botley(256) hit Lothor Brune(125) 159.
    Lothor Brune(-34) hit Sawane Botley(256) 167.
    ****
    Sawane Botley(89) has won.
  Duel between Blacktydes(45) -WHI- and Slynts(48) -WHI- has begun.
    Baelor Blacktyde(665) hit Janos Slynt(633) 165.
    Janos Slynt(468) hit Baelor Blacktyde(665) 171.
    ****
    Baelor Blacktyde(494) took 30 damage as DOT.
    Janos Slynt(468) took 30 damage as DOT.
    Baelor Blacktyde(464) hit Janos Slynt(438) 165.
    Janos Slynt(273) hit Baelor Blacktyde(464) 171.
    ****
    Baelor Blacktyde(293) took 60 damage as DOT.
    Janos Slynt(273) took 60 damage as DOT.
    Baelor Blacktyde(233) hit Janos Slynt(213) 165.
    Janos Slynt(48) hit Baelor Blacktyde(233) 171.
    ****
    Baelor Blacktyde(62) took 90 damage as DOT.
    Janos Slynt(48) took 90 damage as DOT.
    Baelor Blacktyde(-28) hit Janos Slynt(-42) 165.
    Janos Slynt(-207) hit Baelor Blacktyde(-28) 171.
    ****
    Both of them are dead. A draw.
  Duel between Kennings(42) -WHI- and Brunes(21) -WIL- has begun.
    Ralf Kenning(640) hit Lothor Brune(533) 162.
    Lothor Brune(371) hit Ralf Kenning(640) 164.
    ****
    Ralf Kenning(476) took 25 damage as DOT.
    Lothor Brune(371) took 30 damage as DOT.
    Ralf Kenning(451) hit Lothor Brune(341) 162.
    Lothor Brune(179) hit Ralf Kenning(451) 164.
    ****
    Ralf Kenning(287) took 50 damage as DOT.
    Lothor Brune(179) took 60 damage as DOT.
    Ralf Kenning(237) hit Lothor Brune(119) 162.
    Lothor Brune(-43) hit Ralf Kenning(237) 164.
    ****
    Ralf Kenning(73) has won.
  Duel between Botleys(42) -WHI- and Thornes(12) -WIZ- has begun.
    Sawane Botley(665) hit Alliser Thorne(508) 162.
    Alliser Thorne(346) hit Sawane Botley(665) 145.
    ****
    Sawane Botley(520) took 20 damage as DOT.
    Alliser Thorne(346) took 30 damage as DOT.
    Sawane Botley(500) hit Alliser Thorne(316) 162.
    Alliser Thorne(154) hit Sawane Botley(500) 145.
    ****
    Sawane Botley(355) took 40 damage as DOT.
    Alliser Thorne(154) took 60 damage as DOT.
    Sawane Botley(315) hit Alliser Thorne(94) 162.
    Alliser Thorne(-68) hit Sawane Botley(315) 145.
    ****
    Sawane Botley(170) has won.
  Duel between Blacktydes(45) -WHI- and Brunes(18) -WIL- has begun.
    Baelor Blacktyde(665) hit Lothor Brune(533) 165.
    Lothor Brune(368) hit Baelor Blacktyde(665) 161.
    ****
    Baelor Blacktyde(504) took 25 damage as DOT.
    Lothor Brune(368) took 30 damage as DOT.
    Baelor Blacktyde(479) hit Lothor Brune(338) 165.
    Lothor Brune(173) hit Baelor Blacktyde(479) 161.
    ****
    Baelor Blacktyde(318) took 50 damage as DOT.
    Lothor Brune(173) took 60 damage as DOT.
    Baelor Blacktyde(268) hit Lothor Brune(113) 165.
    Lothor Brune(-52) hit Baelor Blacktyde(268) 161.
    ****
    Baelor Blacktyde(107) has won.
  Duel between Kennings(45) -WHI- and Thornes(9) -WIZ- has begun.
    Ralf Kenning(640) hit Alliser Thorne(508) 165.
    Alliser Thorne(343) hit Ralf Kenning(640) 142.
    ****
    Ralf Kenning(498) took 20 damage as DOT.
    Alliser Thorne(343) took 30 damage as DOT.
    Ralf Kenning(478) hit Alliser Thorne(313) 165.
    Alliser Thorne(148) hit Ralf Kenning(478) 142.
    ****
    Ralf Kenning(336) took 40 damage as DOT.
    Alliser Thorne(148) took 60 damage as DOT.
    Ralf Kenning(296) hit Alliser Thorne(88) 165.
    Alliser Thorne(-77) hit Ralf Kenning(296) 142.
    ****
    Ralf Kenning(154) has won.
  Duel between Botleys(45) -WHI- and Slynts(48) -WHI- has begun.
    Sawane Botley(665) hit Janos Slynt(633) 165.
    Janos Slynt(468) hit Sawane Botley(665) 171.
    ****
    Sawane Botley(494) took 30 damage as DOT.
    Janos Slynt(468) took 30 damage as DOT.
    Sawane Botley(464) hit Janos Slynt(438) 165.
    Janos Slynt(273) hit Sawane Botley(464) 171.
    ****
    Sawane Botley(293) took 60 damage as DOT.
    Janos Slynt(273) took 60 damage as DOT.
    Sawane Botley(233) hit Janos Slynt(213) 165.
    Janos Slynt(48) hit Sawane Botley(233) 171.
    ****
    Sawane Botley(62) took 90 damage as DOT.
    Janos Slynt(48) took 90 damage as DOT.
    Sawane Botley(-28) hit Janos Slynt(-42) 165.
    Janos Slynt(-207) hit Sawane Botley(-28) 171.
    ****
    Both of them are dead. A draw.
  Duel between House Greyjoy(55) -WHI- and House Baratheon(40) -WIZ- has begun.
    Balon Greyjoy(690) hit Viserys Targaryen(508) 175.
    Viserys Targaryen(333) hit Balon Greyjoy(690) 158.
    ****
    Balon Greyjoy(532) took 20 damage as DOT.
    Viserys Targaryen(333) took 30 damage as DOT.
    Balon Greyjoy(512) hit Viserys Targaryen(303) 175.
    Viserys Targaryen(128) hit Balon Greyjoy(512) 158.
    ****
    Balon Greyjoy(354) took 40 damage as DOT.
    Viserys Targaryen(128) took 60 damage as DOT.
    Balon Greyjoy(314) hit Viserys Targaryen(68) 175.
    Viserys Targaryen(-107) hit Balon Greyjoy(314) 158.
    ****
    Balon Greyjoy(156) has won.
  The Iron Islands got 9 house points. The Crownlands got 0 house points.

The winner is: The Iron Islands with currently 3 kingdom points.
---------------
---------------
Duel 9: The Riverlands vs The Westernlands
  Duel between Mootons(18) -WIL- and Marbrands(33) -WIZ- has begun.
    William Mooton(490) hit Damon Marbrand(558) 163.
    Damon Marbrand(395) hit William Mooton(490) 166.
    ****
    William Mooton(324) took 20 damage as DOT.
    Damon Marbrand(395) took 25 damage as DOT.
    William Mooton(304) hit Damon Marbrand(370) 163.
    Damon Marbrand(207) hit William Mooton(304) 166.
    ****
    William Mooton(138) took 40 damage as DOT.
    Damon Marbrand(207) took 50 damage as DOT.
    William Mooton(98) hit Damon Marbrand(157) 163.
    Damon Marbrand(-6) hit William Mooton(98) 166.
    ****
    Both of them are dead. A draw.
  Duel between Smallwoods(42) -WHI- and Paynes(27) -WIL- has begun.
    Theomar Smallwood(640) hit Ilyn Payne(483) 162.
    Ilyn Payne(321) hit Theomar Smallwood(640) 175.
    ****
    Theomar Smallwood(465) took 25 damage as DOT.
    Ilyn Payne(321) took 30 damage as DOT.
    Theomar Smallwood(440) hit Ilyn Payne(291) 162.
    Ilyn Payne(129) hit Theomar Smallwood(440) 175.
    ****
    Theomar Smallwood(265) took 50 damage as DOT.
    Ilyn Payne(129) took 60 damage as DOT.
    Theomar Smallwood(215) hit Ilyn Payne(69) 162.
    Ilyn Payne(-93) hit Theomar Smallwood(215) 175.
    ****
    Theomar Smallwood(40) has won.
  Duel between Blackwoods(42) -WHI- and Leffords(36) -WHI- has begun.
    Tytos Blackwood(640) hit Leo Lefford(708) 162.
    Leo Lefford(546) hit Tytos Blackwood(640) 159.
    ****
    Tytos Blackwood(481) took 30 damage as DOT.
    Leo Lefford(546) took 30 damage as DOT.
    Tytos Blackwood(451) hit Leo Lefford(516) 162.
    Leo Lefford(354) hit Tytos Blackwood(451) 159.
    ****
    Tytos Blackwood(292) took 60 damage as DOT.
    Leo Lefford(354) took 60 damage as DOT.
    Tytos Blackwood(232) hit Leo Lefford(294) 162.
    Leo Lefford(132) hit Tytos Blackwood(232) 159.
    ****
    Tytos Blackwood(73) took 90 damage as DOT.
    Leo Lefford(132) took 90 damage as DOT.
    Tytos Blackwood(-17) hit Leo Lefford(42) 162.
    Leo Lefford(-120) hit Tytos Blackwood(-17) 159.
    ****
    Both of them are dead. A draw.
  Duel between Mootons(18) -WIL- and Paynes(24) -WIL- has begun.
    William Mooton(490) hit Ilyn Payne(483) 163.
    Ilyn Payne(320) hit William Mooton(490) 172.
    ****
    William Mooton(318) took 25 damage as DOT.
    Ilyn Payne(320) took 25 damage as DOT.
    William Mooton(293) hit Ilyn Payne(295) 163.
    Ilyn Payne(132) hit William Mooton(293) 172.
    ****
    William Mooton(121) took 50 damage as DOT.
    Ilyn Payne(132) took 50 damage as DOT.
    William Mooton(71) hit Ilyn Payne(82) 163.
    Ilyn Payne(-81) hit William Mooton(71) 172.
    ****
    Both of them are dead. A draw.
  Duel between Smallwoods(45) -WHI- and Leffords(36) -WHI- has begun.
    Theomar Smallwood(640) hit Leo Lefford(708) 165.
    Leo Lefford(543) hit Theomar Smallwood(640) 159.
    ****
    Theomar Smallwood(481) took 30 damage as DOT.
    Leo Lefford(543) took 30 damage as DOT.
    Theomar Smallwood(451) hit Leo Lefford(513) 165.
    Leo Lefford(348) hit Theomar Smallwood(451) 159.
    ****
    Theomar Smallwood(292) took 60 damage as DOT.
    Leo Lefford(348) took 60 damage as DOT.
    Theomar Smallwood(232) hit Leo Lefford(288) 165.
    Leo Lefford(123) hit Theomar Smallwood(232) 159.
    ****
    Theomar Smallwood(73) took 90 damage as DOT.
    Leo Lefford(123) took 90 damage as DOT.
    Theomar Smallwood(-17) hit Leo Lefford(33) 165.
    Leo Lefford(-132) hit Theomar Smallwood(-17) 159.
    ****
    Both of them are dead. A draw.
  Duel between Blackwoods(42) -WHI- and Marbrands(33) -WIZ- has begun.
    Tytos Blackwood(640) hit Damon Marbrand(558) 162.
    Damon Marbrand(396) hit Tytos Blackwood(640) 166.
    ****
    Tytos Blackwood(474) took 20 damage as DOT.
    Damon Marbrand(396) took 30 damage as DOT.
    Tytos Blackwood(454) hit Damon Marbrand(366) 162.
    Damon Marbrand(204) hit Tytos Blackwood(454) 166.
    ****
    Tytos Blackwood(288) took 40 damage as DOT.
    Damon Marbrand(204) took 60 damage as DOT.
    Tytos Blackwood(248) hit Damon Marbrand(144) 162.
    Damon Marbrand(-18) hit Tytos Blackwood(248) 166.
    ****
    Tytos Blackwood(82) has won.
  Duel between Mootons(18) -WIL- and Leffords(36) -WHI- has begun.
    William Mooton(490) hit Leo Lefford(708) 163.
    Leo Lefford(545) hit William Mooton(490) 159.
    ****
    William Mooton(331) took 30 damage as DOT.
    Leo Lefford(545) took 25 damage as DOT.
    William Mooton(301) hit Leo Lefford(520) 163.
    Leo Lefford(357) hit William Mooton(301) 159.
    ****
    William Mooton(142) took 60 damage as DOT.
    Leo Lefford(357) took 50 damage as DOT.
    William Mooton(82) hit Leo Lefford(307) 163.
    Leo Lefford(144) hit William Mooton(82) 159.
    ****
    Leo Lefford(144) has won.
  Duel between Smallwoods(45) -WHI- and Marbrands(30) -WIZ- has begun.
    Theomar Smallwood(640) hit Damon Marbrand(558) 165.
    Damon Marbrand(393) hit Theomar Smallwood(640) 163.
    ****
    Theomar Smallwood(477) took 20 damage as DOT.
    Damon Marbrand(393) took 30 damage as DOT.
    Theomar Smallwood(457) hit Damon Marbrand(363) 165.
    Damon Marbrand(198) hit Theomar Smallwood(457) 163.
    ****
    Theomar Smallwood(294) took 40 damage as DOT.
    Damon Marbrand(198) took 60 damage as DOT.
    Theomar Smallwood(254) hit Damon Marbrand(138) 165.
    Damon Marbrand(-27) hit Theomar Smallwood(254) 163.
    ****
    Theomar Smallwood(91) has won.
  Duel between Blackwoods(45) -WHI- and Paynes(24) -WIL- has begun.
    Tytos Blackwood(640) hit Ilyn Payne(483) 165.
    Ilyn Payne(318) hit Tytos Blackwood(640) 172.
    ****
    Tytos Blackwood(468) took 25 damage as DOT.
    Ilyn Payne(318) took 30 damage as DOT.
    Tytos Blackwood(443) hit Ilyn Payne(288) 165.
    Ilyn Payne(123) hit Tytos Blackwood(443) 172.
    ****
    Tytos Blackwood(271) took 50 damage as DOT.
    Ilyn Payne(123) took 60 damage as DOT.
    Tytos Blackwood(221) hit Ilyn Payne(63) 165.
    Ilyn Payne(-102) hit Tytos Blackwood(221) 172.
    ****
    Tytos Blackwood(49) has won.
  Duel between House Bolton(60) -WHI- and House Frey(60) -WHI- has begun.
    Stevron Frey(640) hit Lancel Lannister(658) 180.
    Lancel Lannister(478) hit Stevron Frey(640) 183.
    ****
    Stevron Frey(457) took 30 damage as DOT.
    Lancel Lannister(478) took 30 damage as DOT.
    Stevron Frey(427) hit Lancel Lannister(448) 180.
    Lancel Lannister(268) hit Stevron Frey(427) 183.
    ****
    Stevron Frey(244) took 60 damage as DOT.
    Lancel Lannister(268) took 60 damage as DOT.
    Stevron Frey(184) hit Lancel Lannister(208) 180.
    Lancel Lannister(28) hit Stevron Frey(184) 183.
    ****
    Stevron Frey(1) took 90 damage as DOT.
    Lancel Lannister(28) took 90 damage as DOT.
    Stevron Frey(-89) hit Lancel Lannister(-62) 180.
    Lancel Lannister(-242) hit Stevron Frey(-89) 183.
    ****
    Both of them are dead. A draw.
  The Riverlands got 4 house points. The Westernlands got 1 house points.

The winner is: The Riverlands with currently 3 kingdom points.
---------------
---------------
Duel 10: The Iron Islands vs The Westernlands
  Duel between Blacktydes(48) -WHI- and Marbrands(27) -WIZ- has begun.
    Baelor Blacktyde(665) hit Damon Marbrand(558) 168.
    Damon Marbrand(390) hit Baelor Blacktyde(665) 160.
    ****
    Baelor Blacktyde(505) took 20 damage as DOT.
    Damon Marbrand(390) took 30 damage as DOT.
    Baelor Blacktyde(485) hit Damon Marbrand(360) 168.
    Damon Marbrand(192) hit Baelor Blacktyde(485) 160.
    ****
    Baelor Blacktyde(325) took 40 damage as DOT.
    Damon Marbrand(192) took 60 damage as DOT.
    Baelor Blacktyde(285) hit Damon Marbrand(132) 168.
    Damon Marbrand(-36) hit Baelor Blacktyde(285) 160.
    ****
    Baelor Blacktyde(125) has won.
  Duel between Kennings(48) -WHI- and Paynes(21) -WIL- has begun.
    Ralf Kenning(640) hit Ilyn Payne(483) 168.
    Ilyn Payne(315) hit Ralf Kenning(640) 169.
    ****
    Ralf Kenning(471) took 25 damage as DOT.
    Ilyn Payne(315) took 30 damage as DOT.
    Ralf Kenning(446) hit Ilyn Payne(285) 168.
    Ilyn Payne(117) hit Ralf Kenning(446) 169.
    ****
    Ralf Kenning(277) took 50 damage as DOT.
    Ilyn Payne(117) took 60 damage as DOT.
    Ralf Kenning(227) hit Ilyn Payne(57) 168.
    Ilyn Payne(-111) hit Ralf Kenning(227) 169.
    ****
    Ralf Kenning(58) has won.
  Duel between Botleys(45) -WHI- and Leffords(39) -WHI- has begun.
    Sawane Botley(665) hit Leo Lefford(708) 165.
    Leo Lefford(543) hit Sawane Botley(665) 162.
    ****
    Sawane Botley(503) took 30 damage as DOT.
    Leo Lefford(543) took 30 damage as DOT.
    Sawane Botley(473) hit Leo Lefford(513) 165.
    Leo Lefford(348) hit Sawane Botley(473) 162.
    ****
    Sawane Botley(311) took 60 damage as DOT.
    Leo Lefford(348) took 60 damage as DOT.
    Sawane Botley(251) hit Leo Lefford(288) 165.
    Leo Lefford(123) hit Sawane Botley(251) 162.
    ****
    Sawane Botley(89) took 90 damage as DOT.
    Leo Lefford(123) took 90 damage as DOT.
    Sawane Botley(-1) hit Leo Lefford(33) 165.
    Leo Lefford(-132) hit Sawane Botley(-1) 162.
    ****
    Both of them are dead. A draw.
  Duel between Blacktydes(51) -WHI- and Paynes(18) -WIL- has begun.
    Baelor Blacktyde(665) hit Ilyn Payne(483) 171.
    Ilyn Payne(312) hit Baelor Blacktyde(665) 166.
    ****
    Baelor Blacktyde(499) took 25 damage as DOT.
    Ilyn Payne(312) took 30 damage as DOT.
    Baelor Blacktyde(474) hit Ilyn Payne(282) 171.
    Ilyn Payne(111) hit Baelor Blacktyde(474) 166.
    ****
    Baelor Blacktyde(308) took 50 damage as DOT.
    Ilyn Payne(111) took 60 damage as DOT.
    Baelor Blacktyde(258) hit Ilyn Payne(51) 171.
    Ilyn Payne(-120) hit Baelor Blacktyde(258) 166.
    ****
    Baelor Blacktyde(92) has won.
  Duel between Kennings(51) -WHI- and Leffords(39) -WHI- has begun.
    Ralf Kenning(640) hit Leo Lefford(708) 171.
    Leo Lefford(537) hit Ralf Kenning(640) 162.
    ****
    Ralf Kenning(478) took 30 damage as DOT.
    Leo Lefford(537) took 30 damage as DOT.
    Ralf Kenning(448) hit Leo Lefford(507) 171.
    Leo Lefford(336) hit Ralf Kenning(448) 162.
    ****
    Ralf Kenning(286) took 60 damage as DOT.
    Leo Lefford(336) took 60 damage as DOT.
    Ralf Kenning(226) hit Leo Lefford(276) 171.
    Leo Lefford(105) hit Ralf Kenning(226) 162.
    ****
    Ralf Kenning(64) took 90 damage as DOT.
    Leo Lefford(105) took 90 damage as DOT.
    Ralf Kenning(-26) hit Leo Lefford(15) 171.
    Leo Lefford(-156) hit Ralf Kenning(-26) 162.
    ****
    Both of them are dead. A draw.
  Duel between Botleys(45) -WHI- and Marbrands(24) -WIZ- has begun.
    Sawane Botley(665) hit Damon Marbrand(558) 165.
    Damon Marbrand(393) hit Sawane Botley(665) 157.
    ****
    Sawane Botley(508) took 20 damage as DOT.
    Damon Marbrand(393) took 30 damage as DOT.
    Sawane Botley(488) hit Damon Marbrand(363) 165.
    Damon Marbrand(198) hit Sawane Botley(488) 157.
    ****
    Sawane Botley(331) took 40 damage as DOT.
    Damon Marbrand(198) took 60 damage as DOT.
    Sawane Botley(291) hit Damon Marbrand(138) 165.
    Damon Marbrand(-27) hit Sawane Botley(291) 157.
    ****
    Sawane Botley(134) has won.
  Duel between Blacktydes(54) -WHI- and Leffords(39) -WHI- has begun.
    Baelor Blacktyde(665) hit Leo Lefford(708) 174.
    Leo Lefford(534) hit Baelor Blacktyde(665) 162.
    ****
    Baelor Blacktyde(503) took 30 damage as DOT.
    Leo Lefford(534) took 30 damage as DOT.
    Baelor Blacktyde(473) hit Leo Lefford(504) 174.
    Leo Lefford(330) hit Baelor Blacktyde(473) 162.
    ****
    Baelor Blacktyde(311) took 60 damage as DOT.
    Leo Lefford(330) took 60 damage as DOT.
    Baelor Blacktyde(251) hit Leo Lefford(270) 174.
    Leo Lefford(96) hit Baelor Blacktyde(251) 162.
    ****
    Baelor Blacktyde(89) took 90 damage as DOT.
    Leo Lefford(96) took 90 damage as DOT.
    Baelor Blacktyde(-1) hit Leo Lefford(6) 174.
    Leo Lefford(-168) hit Baelor Blacktyde(-1) 162.
    ****
    Both of them are dead. A draw.
  Duel between Kennings(51) -WHI- and Marbrands(21) -WIZ- has begun.
    Ralf Kenning(640) hit Damon Marbrand(558) 171.
    Damon Marbrand(387) hit Ralf Kenning(640) 154.
    ****
    Ralf Kenning(486) took 20 damage as DOT.
    Damon Marbrand(387) took 30 damage as DOT.
    Ralf Kenning(466) hit Damon Marbrand(357) 171.
    Damon Marbrand(186) hit Ralf Kenning(466) 154.
    ****
    Ralf Kenning(312) took 40 damage as DOT.
    Damon Marbrand(186) took 60 damage as DOT.
    Ralf Kenning(272) hit Damon Marbrand(126) 171.
    Damon Marbrand(-45) hit Ralf Kenning(272) 154.
    ****
    Ralf Kenning(118) has won.
  Duel between Botleys(48) -WHI- and Paynes(15) -WIL- has begun.
    Sawane Botley(665) hit Ilyn Payne(483) 168.
    Ilyn Payne(315) hit Sawane Botley(665) 163.
    ****
    Sawane Botley(502) took 25 damage as DOT.
    Ilyn Payne(315) took 30 damage as DOT.
    Sawane Botley(477) hit Ilyn Payne(285) 168.
    Ilyn Payne(117) hit Sawane Botley(477) 163.
    ****
    Sawane Botley(314) took 50 damage as DOT.
    Ilyn Payne(117) took 60 damage as DOT.
    Sawane Botley(264) hit Ilyn Payne(57) 168.
    Ilyn Payne(-111) hit Sawane Botley(264) 163.
    ****
    Sawane Botley(101) has won.
  Duel between House Greyjoy(60) -WHI- and House Frey(60) -WHI- has begun.
    Balon Greyjoy(690) hit Lancel Lannister(658) 180.
    Lancel Lannister(478) hit Balon Greyjoy(690) 183.
    ****
    Balon Greyjoy(507) took 30 damage as DOT.
    Lancel Lannister(478) took 30 damage as DOT.
    Balon Greyjoy(477) hit Lancel Lannister(448) 180.
    Lancel Lannister(268) hit Balon Greyjoy(477) 183.
    ****
    Balon Greyjoy(294) took 60 damage as DOT.
    Lancel Lannister(268) took 60 damage as DOT.
    Balon Greyjoy(234) hit Lancel Lannister(208) 180.
    Lancel Lannister(28) hit Balon Greyjoy(234) 183.
    ****
    Balon Greyjoy(51) took 90 damage as DOT.
    Lancel Lannister(28) took 90 damage as DOT.
    Balon Greyjoy(-39) hit Lancel Lannister(-62) 180.
    Lancel Lannister(-242) hit Balon Greyjoy(-39) 183.
    ****
    Both of them are dead. A draw.
  The Iron Islands got 6 house points. The Westernlands got 0 house points.

The winner is: The Iron Islands with currently 4 kingdom points.
---------------
The War is over. The new owner of King's Landing is The Iron Islands with a total of 4 points.

