War has started with 5 kingdoms.
---------------
Duel 1: The Riverlands vs Dorne
  Duel between Blackwoods(30) -WIL- and Manwoodys(30) -WHI- has begun.
    Tytos Blackwood(483) hit Dagos Manwoody(625) 178.
    Dagos Manwoody(447) hit Tytos Blackwood(483) 190.
    ****
    Tytos Blackwood(293) took 30 damage as DOT.
    Dagos Manwoody(447) took 25 damage as DOT.
    Tytos Blackwood(263) hit Dagos Manwoody(422) 178.
    Dagos Manwoody(244) hit Tytos Blackwood(263) 190.
    ****
    Tytos Blackwood(73) took 60 damage as DOT.
    Dagos Manwoody(244) took 50 damage as DOT.
    Tytos Blackwood(13) hit Dagos Manwoody(194) 178.
    Dagos Manwoody(16) hit Tytos Blackwood(13) 190.
    ****
    Dagos Manwoody(16) has won.
  Duel between Mallisters(30) -WIZ- and Blackmonts(30) -WHI- has begun.
    Jason Mallister(508) hit Larra Blackmont(650) 158.
    Larra Blackmont(492) hit Jason Mallister(508) 190.
    ****
    Jason Mallister(318) took 30 damage as DOT.
    Larra Blackmont(492) took 20 damage as DOT.
    Jason Mallister(288) hit Larra Blackmont(472) 158.
    Larra Blackmont(314) hit Jason Mallister(288) 190.
    ****
    Jason Mallister(98) took 60 damage as DOT.
    Larra Blackmont(314) took 40 damage as DOT.
    Jason Mallister(38) hit Larra Blackmont(274) 158.
    Larra Blackmont(116) hit Jason Mallister(38) 190.
    ****
    Larra Blackmont(116) has won.
  Duel between Brackens(30) -WIZ- and Ullers(30) -WIL- has begun.
    Jonos Bracken(508) hit Mantral Uller(450) 153.
    Mantral Uller(297) hit Jonos Bracken(508) 215.
    ****
    Jonos Bracken(293) took 25 damage as DOT.
    Mantral Uller(297) took 20 damage as DOT.
    Jonos Bracken(268) hit Mantral Uller(277) 153.
    Mantral Uller(124) hit Jonos Bracken(268) 215.
    ****
    Jonos Bracken(53) took 50 damage as DOT.
    Mantral Uller(124) took 40 damage as DOT.
    Jonos Bracken(3) hit Mantral Uller(84) 153.
    Mantral Uller(-69) hit Jonos Bracken(3) 215.
    ****
    Both of them are dead. A draw.
  Duel between Blackwoods(27) -WIL- and Blackmonts(33) -WHI- has begun.
    Tytos Blackwood(483) hit Larra Blackmont(650) 175.
    Larra Blackmont(475) hit Tytos Blackwood(483) 193.
    ****
    Tytos Blackwood(290) took 30 damage as DOT.
    Larra Blackmont(475) took 25 damage as DOT.
    Tytos Blackwood(260) hit Larra Blackmont(450) 175.
    Larra Blackmont(275) hit Tytos Blackwood(260) 193.
    ****
    Tytos Blackwood(67) took 60 damage as DOT.
    Larra Blackmont(275) took 50 damage as DOT.
    Tytos Blackwood(7) hit Larra Blackmont(225) 175.
    Larra Blackmont(50) hit Tytos Blackwood(7) 193.
    ****
    Larra Blackmont(50) has won.
  Duel between Mallisters(27) -WIZ- and Ullers(30) -WIL- has begun.
    Jason Mallister(508) hit Mantral Uller(450) 155.
    Mantral Uller(295) hit Jason Mallister(508) 215.
    ****
    Jason Mallister(293) took 25 damage as DOT.
    Mantral Uller(295) took 20 damage as DOT.
    Jason Mallister(268) hit Mantral Uller(275) 155.
    Mantral Uller(120) hit Jason Mallister(268) 215.
    ****
    Jason Mallister(53) took 50 damage as DOT.
    Mantral Uller(120) took 40 damage as DOT.
    Jason Mallister(3) hit Mantral Uller(80) 155.
    Mantral Uller(-75) hit Jason Mallister(3) 215.
    ****
    Both of them are dead. A draw.
  Duel between Brackens(30) -WIZ- and Manwoodys(33) -WHI- has begun.
    Jonos Bracken(508) hit Dagos Manwoody(625) 153.
    Dagos Manwoody(472) hit Jonos Bracken(508) 193.
    ****
    Jonos Bracken(315) took 30 damage as DOT.
    Dagos Manwoody(472) took 20 damage as DOT.
    Jonos Bracken(285) hit Dagos Manwoody(452) 153.
    Dagos Manwoody(299) hit Jonos Bracken(285) 193.
    ****
    Jonos Bracken(92) took 60 damage as DOT.
    Dagos Manwoody(299) took 40 damage as DOT.
    Jonos Bracken(32) hit Dagos Manwoody(259) 153.
    Dagos Manwoody(106) hit Jonos Bracken(32) 193.
    ****
    Dagos Manwoody(106) has won.
  Duel between Blackwoods(24) -WIL- and Ullers(30) -WIL- has begun.
    Tytos Blackwood(483) hit Mantral Uller(450) 172.
    Mantral Uller(278) hit Tytos Blackwood(483) 215.
    ****
    Tytos Blackwood(268) took 25 damage as DOT.
    Mantral Uller(278) took 25 damage as DOT.
    Tytos Blackwood(243) hit Mantral Uller(253) 172.
    Mantral Uller(81) hit Tytos Blackwood(243) 215.
    ****
    Tytos Blackwood(28) took 50 damage as DOT.
    Mantral Uller(81) took 50 damage as DOT.
    Tytos Blackwood(-22) hit Mantral Uller(31) 172.
    Mantral Uller(-141) hit Tytos Blackwood(-22) 215.
    ****
    Both of them are dead. A draw.
  Duel between Mallisters(27) -WIZ- and Manwoodys(36) -WHI- has begun.
    Jason Mallister(508) hit Dagos Manwoody(625) 155.
    Dagos Manwoody(470) hit Jason Mallister(508) 196.
    ****
    Jason Mallister(312) took 30 damage as DOT.
    Dagos Manwoody(470) took 20 damage as DOT.
    Jason Mallister(282) hit Dagos Manwoody(450) 155.
    Dagos Manwoody(295) hit Jason Mallister(282) 196.
    ****
    Jason Mallister(86) took 60 damage as DOT.
    Dagos Manwoody(295) took 40 damage as DOT.
    Jason Mallister(26) hit Dagos Manwoody(255) 155.
    Dagos Manwoody(100) hit Jason Mallister(26) 196.
    ****
    Dagos Manwoody(100) has won.
  Duel between Brackens(27) -WIZ- and Blackmonts(36) -WHI- has begun.
    Jonos Bracken(508) hit Larra Blackmont(650) 150.
    Larra Blackmont(500) hit Jonos Bracken(508) 196.
    ****
    Jonos Bracken(312) took 30 damage as DOT.
    Larra Blackmont(500) took 20 damage as DOT.
    Jonos Bracken(282) hit Larra Blackmont(480) 150.
    Larra Blackmont(330) hit Jonos Bracken(282) 196.
    ****
    Jonos Bracken(86) took 60 damage as DOT.
    Larra Blackmont(330) took 40 damage as DOT.
    Jonos Bracken(26) hit Larra Blackmont(290) 150.
    Larra Blackmont(140) hit Jonos Bracken(26) 196.
    ****
    Larra Blackmont(140) has won.
  Duel between House Bolton(50) -WIL- and House Martell(50) -WHI- has begun.
    Walder Frey(508) hit Obara Sand(600) 198.
    Obara Sand(402) hit Walder Frey(508) 210.
    ****
    Walder Frey(298) took 30 damage as DOT.
    Obara Sand(402) took 25 damage as DOT.
    Walder Frey(268) hit Obara Sand(377) 198.
    Obara Sand(179) hit Walder Frey(268) 210.
    ****
    Walder Frey(58) took 60 damage as DOT.
    Obara Sand(179) took 50 damage as DOT.
    Walder Frey(-2) hit Obara Sand(129) 198.
    Obara Sand(-69) hit Walder Frey(-2) 210.
    ****
    Both of them are dead. A draw.
  The Riverlands got 0 house points. Dorne got 6 house points.

The winner is: Dorne with currently 1 kingdom points.
---------------
---------------
Duel 2: Dorne vs The Iron Islands
  Duel between Manwoodys(39) -WHI- and Merlyns(30) -WIZ- has begun.
    Dagos Manwoody(625) hit Meldred Merlyn(515) 199.
    Meldred Merlyn(316) hit Dagos Manwoody(625) 150.
    ****
    Dagos Manwoody(475) took 20 damage as DOT.
    Meldred Merlyn(316) took 30 damage as DOT.
    Dagos Manwoody(455) hit Meldred Merlyn(286) 199.
    Meldred Merlyn(87) hit Dagos Manwoody(455) 150.
    ****
    Dagos Manwoody(305) took 40 damage as DOT.
    Meldred Merlyn(87) took 60 damage as DOT.
    Dagos Manwoody(265) hit Meldred Merlyn(27) 199.
    Meldred Merlyn(-172) hit Dagos Manwoody(265) 150.
    ****
    Dagos Manwoody(115) has won.
  Duel between Blackmonts(39) -WHI- and Botleys(30) -WIL- has begun.
    Larra Blackmont(650) hit Sawane Botley(540) 199.
    Sawane Botley(341) hit Larra Blackmont(650) 170.
    ****
    Larra Blackmont(480) took 25 damage as DOT.
    Sawane Botley(341) took 30 damage as DOT.
    Larra Blackmont(455) hit Sawane Botley(311) 199.
    Sawane Botley(112) hit Larra Blackmont(455) 170.
    ****
    Larra Blackmont(285) took 50 damage as DOT.
    Sawane Botley(112) took 60 damage as DOT.
    Larra Blackmont(235) hit Sawane Botley(52) 199.
    Sawane Botley(-147) hit Larra Blackmont(235) 170.
    ****
    Larra Blackmont(65) has won.
  Duel between Ullers(30) -WIL- and Sparrs(30) -WHI- has begun.
    Mantral Uller(450) hit Lord Sparr(640) 215.
    Lord Sparr(425) hit Mantral Uller(450) 150.
    ****
    Mantral Uller(300) took 30 damage as DOT.
    Lord Sparr(425) took 25 damage as DOT.
    Mantral Uller(270) hit Lord Sparr(400) 215.
    Lord Sparr(185) hit Mantral Uller(270) 150.
    ****
    Mantral Uller(120) took 60 damage as DOT.
    Lord Sparr(185) took 50 damage as DOT.
    Mantral Uller(60) hit Lord Sparr(135) 215.
    Lord Sparr(-80) hit Mantral Uller(60) 150.
    ****
    Both of them are dead. A draw.
  Duel between Manwoodys(42) -WHI- and Botleys(27) -WIL- has begun.
    Dagos Manwoody(625) hit Sawane Botley(540) 202.
    Sawane Botley(338) hit Dagos Manwoody(625) 167.
    ****
    Dagos Manwoody(458) took 25 damage as DOT.
    Sawane Botley(338) took 30 damage as DOT.
    Dagos Manwoody(433) hit Sawane Botley(308) 202.
    Sawane Botley(106) hit Dagos Manwoody(433) 167.
    ****
    Dagos Manwoody(266) took 50 damage as DOT.
    Sawane Botley(106) took 60 damage as DOT.
    Dagos Manwoody(216) hit Sawane Botley(46) 202.
    Sawane Botley(-156) hit Dagos Manwoody(216) 167.
    ****
    Dagos Manwoody(49) has won.
  Duel between Blackmonts(42) -WHI- and Sparrs(30) -WHI- has begun.
    Larra Blackmont(650) hit Lord Sparr(640) 202.
    Lord Sparr(438) hit Larra Blackmont(650) 150.
    ****
    Larra Blackmont(500) took 30 damage as DOT.
    Lord Sparr(438) took 30 damage as DOT.
    Larra Blackmont(470) hit Lord Sparr(408) 202.
    Lord Sparr(206) hit Larra Blackmont(470) 150.
    ****
    Larra Blackmont(320) took 60 damage as DOT.
    Lord Sparr(206) took 60 damage as DOT.
    Larra Blackmont(260) hit Lord Sparr(146) 202.
    Lord Sparr(-56) hit Larra Blackmont(260) 150.
    ****
    Larra Blackmont(110) has won.
  Duel between Ullers(30) -WIL- and Merlyns(27) -WIZ- has begun.
    Mantral Uller(450) hit Meldred Merlyn(515) 215.
    Meldred Merlyn(300) hit Mantral Uller(450) 147.
    ****
    Mantral Uller(303) took 20 damage as DOT.
    Meldred Merlyn(300) took 25 damage as DOT.
    Mantral Uller(283) hit Meldred Merlyn(275) 215.
    Meldred Merlyn(60) hit Mantral Uller(283) 147.
    ****
    Mantral Uller(136) took 40 damage as DOT.
    Meldred Merlyn(60) took 50 damage as DOT.
    Mantral Uller(96) hit Meldred Merlyn(10) 215.
    Meldred Merlyn(-205) hit Mantral Uller(96) 147.
    ****
    Both of them are dead. A draw.
  Duel between Manwoodys(45) -WHI- and Sparrs(27) -WHI- has begun.
    Dagos Manwoody(625) hit Lord Sparr(640) 205.
    Lord Sparr(435) hit Dagos Manwoody(625) 147.
    ****
    Dagos Manwoody(478) took 30 damage as DOT.
    Lord Sparr(435) took 30 damage as DOT.
    Dagos Manwoody(448) hit Lord Sparr(405) 205.
    Lord Sparr(200) hit Dagos Manwoody(448) 147.
    ****
    Dagos Manwoody(301) took 60 damage as DOT.
    Lord Sparr(200) took 60 damage as DOT.
    Dagos Manwoody(241) hit Lord Sparr(140) 205.
    Lord Sparr(-65) hit Dagos Manwoody(241) 147.
    ****
    Dagos Manwoody(94) has won.
  Duel between Blackmonts(45) -WHI- and Merlyns(27) -WIZ- has begun.
    Larra Blackmont(650) hit Meldred Merlyn(515) 205.
    Meldred Merlyn(310) hit Larra Blackmont(650) 147.
    ****
    Larra Blackmont(503) took 20 damage as DOT.
    Meldred Merlyn(310) took 30 damage as DOT.
    Larra Blackmont(483) hit Meldred Merlyn(280) 205.
    Meldred Merlyn(75) hit Larra Blackmont(483) 147.
    ****
    Larra Blackmont(336) took 40 damage as DOT.
    Meldred Merlyn(75) took 60 damage as DOT.
    Larra Blackmont(296) hit Meldred Merlyn(15) 205.
    Meldred Merlyn(-190) hit Larra Blackmont(296) 147.
    ****
    Larra Blackmont(149) has won.
  Duel between Ullers(30) -WIL- and Botleys(24) -WIL- has begun.
    Mantral Uller(450) hit Sawane Botley(540) 215.
    Sawane Botley(325) hit Mantral Uller(450) 164.
    ****
    Mantral Uller(286) took 25 damage as DOT.
    Sawane Botley(325) took 25 damage as DOT.
    Mantral Uller(261) hit Sawane Botley(300) 215.
    Sawane Botley(85) hit Mantral Uller(261) 164.
    ****
    Mantral Uller(97) took 50 damage as DOT.
    Sawane Botley(85) took 50 damage as DOT.
    Mantral Uller(47) hit Sawane Botley(35) 215.
    Sawane Botley(-180) hit Mantral Uller(47) 164.
    ****
    Both of them are dead. A draw.
  Duel between House Martell(50) -WHI- and House Greyjoy(50) -WIZ- has begun.
    Obara Sand(600) hit Rodrik Greyjoy(515) 210.
    Rodrik Greyjoy(305) hit Obara Sand(600) 180.
    ****
    Obara Sand(420) took 20 damage as DOT.
    Rodrik Greyjoy(305) took 30 damage as DOT.
    Obara Sand(400) hit Rodrik Greyjoy(275) 210.
    Rodrik Greyjoy(65) hit Obara Sand(400) 180.
    ****
    Obara Sand(220) took 40 damage as DOT.
    Rodrik Greyjoy(65) took 60 damage as DOT.
    Obara Sand(180) hit Rodrik Greyjoy(5) 210.
    Rodrik Greyjoy(-205) hit Obara Sand(180) 180.
    ****
    Both of them are dead. A draw.
  Dorne got 6 house points. The Iron Islands got 0 house points.

The winner is: Dorne with currently 2 kingdom points.
---------------
---------------
Duel 3: The Iron Islands vs The Stormlands
  Duel between Merlyns(24) -WIZ- and Errols(30) -WHI- has begun.
    Meldred Merlyn(515) hit Lord Errol(625) 144.
    Lord Errol(481) hit Meldred Merlyn(515) 120.
    ****
    Meldred Merlyn(395) took 30 damage as DOT.
    Lord Errol(481) took 20 damage as DOT.
    Meldred Merlyn(365) hit Lord Errol(461) 144.
    Lord Errol(317) hit Meldred Merlyn(365) 120.
    ****
    Meldred Merlyn(245) took 60 damage as DOT.
    Lord Errol(317) took 40 damage as DOT.
    Meldred Merlyn(185) hit Lord Errol(277) 144.
    Lord Errol(133) hit Meldred Merlyn(185) 120.
    ****
    Meldred Merlyn(65) took 90 damage as DOT.
    Lord Errol(133) took 60 damage as DOT.
    Meldred Merlyn(-25) hit Lord Errol(73) 144.
    Lord Errol(-71) hit Meldred Merlyn(-25) 120.
    ****
    Both of them are dead. A draw.
  Duel between Botleys(24) -WIL- and Wyldes(30) -WHI- has begun.
    Sawane Botley(540) hit Williem Wylde(600) 164.
    Williem Wylde(436) hit Sawane Botley(540) 120.
    ****
    Sawane Botley(420) took 30 damage as DOT.
    Williem Wylde(436) took 25 damage as DOT.
    Sawane Botley(390) hit Williem Wylde(411) 164.
    Williem Wylde(247) hit Sawane Botley(390) 120.
    ****
    Sawane Botley(270) took 60 damage as DOT.
    Williem Wylde(247) took 50 damage as DOT.
    Sawane Botley(210) hit Williem Wylde(197) 164.
    Williem Wylde(33) hit Sawane Botley(210) 120.
    ****
    Sawane Botley(90) took 90 damage as DOT.
    Williem Wylde(33) took 75 damage as DOT.
    Sawane Botley(0) hit Williem Wylde(-42) 164.
    Williem Wylde(-206) hit Sawane Botley(0) 120.
    ****
    Both of them are dead. A draw.
  Duel between Sparrs(24) -WHI- and Morrigens(30) -WIL- has begun.
    Lord Sparr(640) hit Damon Morrigen(500) 144.
    Damon Morrigen(356) hit Lord Sparr(640) 140.
    ****
    Lord Sparr(500) took 25 damage as DOT.
    Damon Morrigen(356) took 30 damage as DOT.
    Lord Sparr(475) hit Damon Morrigen(326) 144.
    Damon Morrigen(182) hit Lord Sparr(475) 140.
    ****
    Lord Sparr(335) took 50 damage as DOT.
    Damon Morrigen(182) took 60 damage as DOT.
    Lord Sparr(285) hit Damon Morrigen(122) 144.
    Damon Morrigen(-22) hit Lord Sparr(285) 140.
    ****
    Lord Sparr(145) has won.
  Duel between Merlyns(24) -WIZ- and Wyldes(30) -WHI- has begun.
    Meldred Merlyn(515) hit Williem Wylde(600) 144.
    Williem Wylde(456) hit Meldred Merlyn(515) 120.
    ****
    Meldred Merlyn(395) took 30 damage as DOT.
    Williem Wylde(456) took 20 damage as DOT.
    Meldred Merlyn(365) hit Williem Wylde(436) 144.
    Williem Wylde(292) hit Meldred Merlyn(365) 120.
    ****
    Meldred Merlyn(245) took 60 damage as DOT.
    Williem Wylde(292) took 40 damage as DOT.
    Meldred Merlyn(185) hit Williem Wylde(252) 144.
    Williem Wylde(108) hit Meldred Merlyn(185) 120.
    ****
    Meldred Merlyn(65) took 90 damage as DOT.
    Williem Wylde(108) took 60 damage as DOT.
    Meldred Merlyn(-25) hit Williem Wylde(48) 144.
    Williem Wylde(-96) hit Meldred Merlyn(-25) 120.
    ****
    Both of them are dead. A draw.
  Duel between Botleys(24) -WIL- and Morrigens(27) -WIL- has begun.
    Sawane Botley(540) hit Damon Morrigen(500) 164.
    Damon Morrigen(336) hit Sawane Botley(540) 137.
    ****
    Sawane Botley(403) took 25 damage as DOT.
    Damon Morrigen(336) took 25 damage as DOT.
    Sawane Botley(378) hit Damon Morrigen(311) 164.
    Damon Morrigen(147) hit Sawane Botley(378) 137.
    ****
    Sawane Botley(241) took 50 damage as DOT.
    Damon Morrigen(147) took 50 damage as DOT.
    Sawane Botley(191) hit Damon Morrigen(97) 164.
    Damon Morrigen(-67) hit Sawane Botley(191) 137.
    ****
    Sawane Botley(54) has won.
  Duel between Sparrs(23) -WHI- and Errols(30) -WHI- has begun.
    Lord Sparr(640) hit Lord Errol(625) 143.
    Lord Errol(482) hit Lord Sparr(640) 120.
    ****
    Lord Sparr(520) took 30 damage as DOT.
    Lord Errol(482) took 30 damage as DOT.
    Lord Sparr(490) hit Lord Errol(452) 143.
    Lord Errol(309) hit Lord Sparr(490) 120.
    ****
    Lord Sparr(370) took 60 damage as DOT.
    Lord Errol(309) took 60 damage as DOT.
    Lord Sparr(310) hit Lord Errol(249) 143.
    Lord Errol(106) hit Lord Sparr(310) 120.
    ****
    Lord Sparr(190) took 90 damage as DOT.
    Lord Errol(106) took 90 damage as DOT.
    Lord Sparr(100) hit Lord Errol(16) 143.
    Lord Errol(-127) hit Lord Sparr(100) 120.
    ****
    Both of them are dead. A draw.
  Duel between Merlyns(24) -WIZ- and Morrigens(24) -WIL- has begun.
    Meldred Merlyn(515) hit Damon Morrigen(500) 144.
    Damon Morrigen(356) hit Meldred Merlyn(515) 134.
    ****
    Meldred Merlyn(381) took 25 damage as DOT.
    Damon Morrigen(356) took 20 damage as DOT.
    Meldred Merlyn(356) hit Damon Morrigen(336) 144.
    Damon Morrigen(192) hit Meldred Merlyn(356) 134.
    ****
    Meldred Merlyn(222) took 50 damage as DOT.
    Damon Morrigen(192) took 40 damage as DOT.
    Meldred Merlyn(172) hit Damon Morrigen(152) 144.
    Damon Morrigen(8) hit Meldred Merlyn(172) 134.
    ****
    Meldred Merlyn(38) took 75 damage as DOT.
    Damon Morrigen(8) took 60 damage as DOT.
    Meldred Merlyn(-37) hit Damon Morrigen(-52) 144.
    Damon Morrigen(-196) hit Meldred Merlyn(-37) 134.
    ****
    Both of them are dead. A draw.
  Duel between Botleys(23) -WIL- and Errols(30) -WHI- has begun.
    Sawane Botley(540) hit Lord Errol(625) 163.
    Lord Errol(462) hit Sawane Botley(540) 120.
    ****
    Sawane Botley(420) took 30 damage as DOT.
    Lord Errol(462) took 25 damage as DOT.
    Sawane Botley(390) hit Lord Errol(437) 163.
    Lord Errol(274) hit Sawane Botley(390) 120.
    ****
    Sawane Botley(270) took 60 damage as DOT.
    Lord Errol(274) took 50 damage as DOT.
    Sawane Botley(210) hit Lord Errol(224) 163.
    Lord Errol(61) hit Sawane Botley(210) 120.
    ****
    Sawane Botley(90) took 90 damage as DOT.
    Lord Errol(61) took 75 damage as DOT.
    Sawane Botley(0) hit Lord Errol(-14) 163.
    Lord Errol(-177) hit Sawane Botley(0) 120.
    ****
    Both of them are dead. A draw.
  Duel between Sparrs(23) -WHI- and Wyldes(30) -WHI- has begun.
    Lord Sparr(640) hit Williem Wylde(600) 143.
    Williem Wylde(457) hit Lord Sparr(640) 120.
    ****
    Lord Sparr(520) took 30 damage as DOT.
    Williem Wylde(457) took 30 damage as DOT.
    Lord Sparr(490) hit Williem Wylde(427) 143.
    Williem Wylde(284) hit Lord Sparr(490) 120.
    ****
    Lord Sparr(370) took 60 damage as DOT.
    Williem Wylde(284) took 60 damage as DOT.
    Lord Sparr(310) hit Williem Wylde(224) 143.
    Williem Wylde(81) hit Lord Sparr(310) 120.
    ****
    Lord Sparr(190) took 90 damage as DOT.
    Williem Wylde(81) took 90 damage as DOT.
    Lord Sparr(100) hit Williem Wylde(-9) 143.
    Williem Wylde(-152) hit Lord Sparr(100) 120.
    ****
    Both of them are dead. A draw.
  Duel between House Greyjoy(50) -WIZ- and House Tyrell(50) -WIL- has begun.
    Rodrik Greyjoy(515) hit Stannis Baratheon(450) 180.
    Stannis Baratheon(270) hit Rodrik Greyjoy(515) 160.
    ****
    Rodrik Greyjoy(355) took 25 damage as DOT.
    Stannis Baratheon(270) took 20 damage as DOT.
    Rodrik Greyjoy(330) hit Stannis Baratheon(250) 180.
    Stannis Baratheon(70) hit Rodrik Greyjoy(330) 160.
    ****
    Rodrik Greyjoy(170) took 50 damage as DOT.
    Stannis Baratheon(70) took 40 damage as DOT.
    Rodrik Greyjoy(120) hit Stannis Baratheon(30) 180.
    Stannis Baratheon(-150) hit Rodrik Greyjoy(120) 160.
    ****
    Both of them are dead. A draw.
  The Iron Islands got 2 house points. The Stormlands got 0 house points.

The winner is: The Iron Islands with currently 1 kingdom points.
---------------
---------------
Duel 4: The Stormlands vs The North
  Duel between Errols(30) -WHI- and Dustins(30) -WIL- has begun.
    Lord Errol(625) hit Barbrey Ryswell(530) 120.
    Barbrey Ryswell(410) hit Lord Errol(625) 185.
    ****
    Lord Errol(440) took 25 damage as DOT.
    Barbrey Ryswell(410) took 30 damage as DOT.
    Lord Errol(415) hit Barbrey Ryswell(380) 120.
    Barbrey Ryswell(260) hit Lord Errol(415) 185.
    ****
    Lord Errol(230) took 50 damage as DOT.
    Barbrey Ryswell(260) took 60 damage as DOT.
    Lord Errol(180) hit Barbrey Ryswell(200) 120.
    Barbrey Ryswell(80) hit Lord Errol(180) 185.
    ****
    Barbrey Ryswell(80) has won.
  Duel between Wyldes(30) -WHI- and Ryswells(30) -WIL- has begun.
    Williem Wylde(600) hit Barbrey Ryswell(530) 120.
    Barbrey Ryswell(410) hit Williem Wylde(600) 180.
    ****
    Williem Wylde(420) took 25 damage as DOT.
    Barbrey Ryswell(410) took 30 damage as DOT.
    Williem Wylde(395) hit Barbrey Ryswell(380) 120.
    Barbrey Ryswell(260) hit Williem Wylde(395) 180.
    ****
    Williem Wylde(215) took 50 damage as DOT.
    Barbrey Ryswell(260) took 60 damage as DOT.
    Williem Wylde(165) hit Barbrey Ryswell(200) 120.
    Barbrey Ryswell(80) hit Williem Wylde(165) 180.
    ****
    Barbrey Ryswell(80) has won.
  Duel between Morrigens(24) -WIL- and Mormonts(30) -WHI- has begun.
    Damon Morrigen(500) hit Jeor Mormont(655) 134.
    Jeor Mormont(521) hit Damon Morrigen(500) 160.
    ****
    Damon Morrigen(340) took 30 damage as DOT.
    Jeor Mormont(521) took 25 damage as DOT.
    Damon Morrigen(310) hit Jeor Mormont(496) 134.
    Jeor Mormont(362) hit Damon Morrigen(310) 160.
    ****
    Damon Morrigen(150) took 60 damage as DOT.
    Jeor Mormont(362) took 50 damage as DOT.
    Damon Morrigen(90) hit Jeor Mormont(312) 134.
    Jeor Mormont(178) hit Damon Morrigen(90) 160.
    ****
    Jeor Mormont(178) has won.
  Duel between Errols(27) -WHI- and Ryswells(33) -WIL- has begun.
    Lord Errol(625) hit Barbrey Ryswell(530) 117.
    Barbrey Ryswell(413) hit Lord Errol(625) 183.
    ****
    Lord Errol(442) took 25 damage as DOT.
    Barbrey Ryswell(413) took 30 damage as DOT.
    Lord Errol(417) hit Barbrey Ryswell(383) 117.
    Barbrey Ryswell(266) hit Lord Errol(417) 183.
    ****
    Lord Errol(234) took 50 damage as DOT.
    Barbrey Ryswell(266) took 60 damage as DOT.
    Lord Errol(184) hit Barbrey Ryswell(206) 117.
    Barbrey Ryswell(89) hit Lord Errol(184) 183.
    ****
    Lord Errol(1) took 75 damage as DOT.
    Barbrey Ryswell(89) took 90 damage as DOT.
    Lord Errol(-74) hit Barbrey Ryswell(-1) 117.
    Barbrey Ryswell(-118) hit Lord Errol(-74) 183.
    ****
    Both of them are dead. A draw.
  Duel between Wyldes(27) -WHI- and Mormonts(33) -WHI- has begun.
    Williem Wylde(600) hit Jeor Mormont(655) 117.
    Jeor Mormont(538) hit Williem Wylde(600) 163.
    ****
    Williem Wylde(437) took 30 damage as DOT.
    Jeor Mormont(538) took 30 damage as DOT.
    Williem Wylde(407) hit Jeor Mormont(508) 117.
    Jeor Mormont(391) hit Williem Wylde(407) 163.
    ****
    Williem Wylde(244) took 60 damage as DOT.
    Jeor Mormont(391) took 60 damage as DOT.
    Williem Wylde(184) hit Jeor Mormont(331) 117.
    Jeor Mormont(214) hit Williem Wylde(184) 163.
    ****
    Williem Wylde(21) took 90 damage as DOT.
    Jeor Mormont(214) took 90 damage as DOT.
    Williem Wylde(-69) hit Jeor Mormont(124) 117.
    Jeor Mormont(7) hit Williem Wylde(-69) 163.
    ****
    Jeor Mormont(7) has won.
  Duel between Morrigens(21) -WIL- and Dustins(33) -WIL- has begun.
    Damon Morrigen(500) hit Barbrey Ryswell(530) 131.
    Barbrey Ryswell(399) hit Damon Morrigen(500) 188.
    ****
    Damon Morrigen(312) took 25 damage as DOT.
    Barbrey Ryswell(399) took 25 damage as DOT.
    Damon Morrigen(287) hit Barbrey Ryswell(374) 131.
    Barbrey Ryswell(243) hit Damon Morrigen(287) 188.
    ****
    Damon Morrigen(99) took 50 damage as DOT.
    Barbrey Ryswell(243) took 50 damage as DOT.
    Damon Morrigen(49) hit Barbrey Ryswell(193) 131.
    Barbrey Ryswell(62) hit Damon Morrigen(49) 188.
    ****
    Barbrey Ryswell(62) has won.
  Duel between Errols(27) -WHI- and Mormonts(36) -WHI- has begun.
    Lord Errol(625) hit Jeor Mormont(655) 117.
    Jeor Mormont(538) hit Lord Errol(625) 166.
    ****
    Lord Errol(459) took 30 damage as DOT.
    Jeor Mormont(538) took 30 damage as DOT.
    Lord Errol(429) hit Jeor Mormont(508) 117.
    Jeor Mormont(391) hit Lord Errol(429) 166.
    ****
    Lord Errol(263) took 60 damage as DOT.
    Jeor Mormont(391) took 60 damage as DOT.
    Lord Errol(203) hit Jeor Mormont(331) 117.
    Jeor Mormont(214) hit Lord Errol(203) 166.
    ****
    Lord Errol(37) took 90 damage as DOT.
    Jeor Mormont(214) took 90 damage as DOT.
    Lord Errol(-53) hit Jeor Mormont(124) 117.
    Jeor Mormont(7) hit Lord Errol(-53) 166.
    ****
    Jeor Mormont(7) has won.
  Duel between Wyldes(24) -WHI- and Dustins(36) -WIL- has begun.
    Williem Wylde(600) hit Barbrey Ryswell(530) 114.
    Barbrey Ryswell(416) hit Williem Wylde(600) 191.
    ****
    Williem Wylde(409) took 25 damage as DOT.
    Barbrey Ryswell(416) took 30 damage as DOT.
    Williem Wylde(384) hit Barbrey Ryswell(386) 114.
    Barbrey Ryswell(272) hit Williem Wylde(384) 191.
    ****
    Williem Wylde(193) took 50 damage as DOT.
    Barbrey Ryswell(272) took 60 damage as DOT.
    Williem Wylde(143) hit Barbrey Ryswell(212) 114.
    Barbrey Ryswell(98) hit Williem Wylde(143) 191.
    ****
    Barbrey Ryswell(98) has won.
  Duel between Morrigens(18) -WIL- and Ryswells(33) -WIL- has begun.
    Damon Morrigen(500) hit Barbrey Ryswell(530) 128.
    Barbrey Ryswell(402) hit Damon Morrigen(500) 183.
    ****
    Damon Morrigen(317) took 25 damage as DOT.
    Barbrey Ryswell(402) took 25 damage as DOT.
    Damon Morrigen(292) hit Barbrey Ryswell(377) 128.
    Barbrey Ryswell(249) hit Damon Morrigen(292) 183.
    ****
    Damon Morrigen(109) took 50 damage as DOT.
    Barbrey Ryswell(249) took 50 damage as DOT.
    Damon Morrigen(59) hit Barbrey Ryswell(199) 128.
    Barbrey Ryswell(71) hit Damon Morrigen(59) 183.
    ****
    Barbrey Ryswell(71) has won.
  Duel between House Tyrell(50) -WIL- and House Stark(50) -WHI- has begun.
    Stannis Baratheon(450) hit Arya Stark(655) 160.
    Arya Stark(495) hit Stannis Baratheon(450) 180.
    ****
    Stannis Baratheon(270) took 30 damage as DOT.
    Arya Stark(495) took 25 damage as DOT.
    Stannis Baratheon(240) hit Arya Stark(470) 160.
    Arya Stark(310) hit Stannis Baratheon(240) 180.
    ****
    Stannis Baratheon(60) took 60 damage as DOT.
    Arya Stark(310) took 50 damage as DOT.
    Stannis Baratheon(0) hit Arya Stark(260) 160.
    Arya Stark(100) hit Stannis Baratheon(0) 180.
    ****
    Arya Stark(100) has won.
  The Stormlands got 0 house points. The North got 11 house points.

The winner is: The North with currently 1 kingdom points.
---------------
---------------
Duel 5: The Riverlands vs The Iron Islands
  Duel between Blackwoods(24) -WIL- and Merlyns(24) -WIZ- has begun.
    Tytos Blackwood(483) hit Meldred Merlyn(515) 172.
    Meldred Merlyn(343) hit Tytos Blackwood(483) 144.
    ****
    Tytos Blackwood(339) took 20 damage as DOT.
    Meldred Merlyn(343) took 25 damage as DOT.
    Tytos Blackwood(319) hit Meldred Merlyn(318) 172.
    Meldred Merlyn(146) hit Tytos Blackwood(319) 144.
    ****
    Tytos Blackwood(175) took 40 damage as DOT.
    Meldred Merlyn(146) took 50 damage as DOT.
    Tytos Blackwood(135) hit Meldred Merlyn(96) 172.
    Meldred Merlyn(-76) hit Tytos Blackwood(135) 144.
    ****
    Both of them are dead. A draw.
  Duel between Mallisters(24) -WIZ- and Botleys(23) -WIL- has begun.
    Jason Mallister(508) hit Sawane Botley(540) 152.
    Sawane Botley(388) hit Jason Mallister(508) 163.
    ****
    Jason Mallister(345) took 25 damage as DOT.
    Sawane Botley(388) took 20 damage as DOT.
    Jason Mallister(320) hit Sawane Botley(368) 152.
    Sawane Botley(216) hit Jason Mallister(320) 163.
    ****
    Jason Mallister(157) took 50 damage as DOT.
    Sawane Botley(216) took 40 damage as DOT.
    Jason Mallister(107) hit Sawane Botley(176) 152.
    Sawane Botley(24) hit Jason Mallister(107) 163.
    ****
    Sawane Botley(24) has won.
  Duel between Brackens(24) -WIZ- and Sparrs(23) -WHI- has begun.
    Jonos Bracken(508) hit Lord Sparr(640) 147.
    Lord Sparr(493) hit Jonos Bracken(508) 143.
    ****
    Jonos Bracken(365) took 30 damage as DOT.
    Lord Sparr(493) took 20 damage as DOT.
    Jonos Bracken(335) hit Lord Sparr(473) 147.
    Lord Sparr(326) hit Jonos Bracken(335) 143.
    ****
    Jonos Bracken(192) took 60 damage as DOT.
    Lord Sparr(326) took 40 damage as DOT.
    Jonos Bracken(132) hit Lord Sparr(286) 147.
    Lord Sparr(139) hit Jonos Bracken(132) 143.
    ****
    Lord Sparr(139) has won.
  Duel between Blackwoods(24) -WIL- and Botleys(22) -WIL- has begun.
    Tytos Blackwood(483) hit Sawane Botley(540) 172.
    Sawane Botley(368) hit Tytos Blackwood(483) 162.
    ****
    Tytos Blackwood(321) took 25 damage as DOT.
    Sawane Botley(368) took 25 damage as DOT.
    Tytos Blackwood(296) hit Sawane Botley(343) 172.
    Sawane Botley(171) hit Tytos Blackwood(296) 162.
    ****
    Tytos Blackwood(134) took 50 damage as DOT.
    Sawane Botley(171) took 50 damage as DOT.
    Tytos Blackwood(84) hit Sawane Botley(121) 172.
    Sawane Botley(-51) hit Tytos Blackwood(84) 162.
    ****
    Both of them are dead. A draw.
  Duel between Mallisters(21) -WIZ- and Sparrs(22) -WHI- has begun.
    Jason Mallister(508) hit Lord Sparr(640) 149.
    Lord Sparr(491) hit Jason Mallister(508) 142.
    ****
    Jason Mallister(366) took 30 damage as DOT.
    Lord Sparr(491) took 20 damage as DOT.
    Jason Mallister(336) hit Lord Sparr(471) 149.
    Lord Sparr(322) hit Jason Mallister(336) 142.
    ****
    Jason Mallister(194) took 60 damage as DOT.
    Lord Sparr(322) took 40 damage as DOT.
    Jason Mallister(134) hit Lord Sparr(282) 149.
    Lord Sparr(133) hit Jason Mallister(134) 142.
    ****
    Lord Sparr(133) has won.
  Duel between Brackens(21) -WIZ- and Merlyns(24) -WIZ- has begun.
    Jonos Bracken(508) hit Meldred Merlyn(515) 144.
    Meldred Merlyn(371) hit Jonos Bracken(508) 144.
    ****
    Jonos Bracken(364) took 20 damage as DOT.
    Meldred Merlyn(371) took 20 damage as DOT.
    Jonos Bracken(344) hit Meldred Merlyn(351) 144.
    Meldred Merlyn(207) hit Jonos Bracken(344) 144.
    ****
    Jonos Bracken(200) took 40 damage as DOT.
    Meldred Merlyn(207) took 40 damage as DOT.
    Jonos Bracken(160) hit Meldred Merlyn(167) 144.
    Meldred Merlyn(23) hit Jonos Bracken(160) 144.
    ****
    Jonos Bracken(16) took 60 damage as DOT.
    Meldred Merlyn(23) took 60 damage as DOT.
    Jonos Bracken(-44) hit Meldred Merlyn(-37) 144.
    Meldred Merlyn(-181) hit Jonos Bracken(-44) 144.
    ****
    Both of them are dead. A draw.
  Duel between Blackwoods(24) -WIL- and Sparrs(25) -WHI- has begun.
    Tytos Blackwood(483) hit Lord Sparr(640) 172.
    Lord Sparr(468) hit Tytos Blackwood(483) 145.
    ****
    Tytos Blackwood(338) took 30 damage as DOT.
    Lord Sparr(468) took 25 damage as DOT.
    Tytos Blackwood(308) hit Lord Sparr(443) 172.
    Lord Sparr(271) hit Tytos Blackwood(308) 145.
    ****
    Tytos Blackwood(163) took 60 damage as DOT.
    Lord Sparr(271) took 50 damage as DOT.
    Tytos Blackwood(103) hit Lord Sparr(221) 172.
    Lord Sparr(49) hit Tytos Blackwood(103) 145.
    ****
    Lord Sparr(49) has won.
  Duel between Mallisters(18) -WIZ- and Merlyns(24) -WIZ- has begun.
    Jason Mallister(508) hit Meldred Merlyn(515) 146.
    Meldred Merlyn(369) hit Jason Mallister(508) 144.
    ****
    Jason Mallister(364) took 20 damage as DOT.
    Meldred Merlyn(369) took 20 damage as DOT.
    Jason Mallister(344) hit Meldred Merlyn(349) 146.
    Meldred Merlyn(203) hit Jason Mallister(344) 144.
    ****
    Jason Mallister(200) took 40 damage as DOT.
    Meldred Merlyn(203) took 40 damage as DOT.
    Jason Mallister(160) hit Meldred Merlyn(163) 146.
    Meldred Merlyn(17) hit Jason Mallister(160) 144.
    ****
    Jason Mallister(16) took 60 damage as DOT.
    Meldred Merlyn(17) took 60 damage as DOT.
    Jason Mallister(-44) hit Meldred Merlyn(-43) 146.
    Meldred Merlyn(-189) hit Jason Mallister(-44) 144.
    ****
    Both of them are dead. A draw.
  Duel between Brackens(21) -WIZ- and Botleys(22) -WIL- has begun.
    Jonos Bracken(508) hit Sawane Botley(540) 144.
    Sawane Botley(396) hit Jonos Bracken(508) 162.
    ****
    Jonos Bracken(346) took 25 damage as DOT.
    Sawane Botley(396) took 20 damage as DOT.
    Jonos Bracken(321) hit Sawane Botley(376) 144.
    Sawane Botley(232) hit Jonos Bracken(321) 162.
    ****
    Jonos Bracken(159) took 50 damage as DOT.
    Sawane Botley(232) took 40 damage as DOT.
    Jonos Bracken(109) hit Sawane Botley(192) 144.
    Sawane Botley(48) hit Jonos Bracken(109) 162.
    ****
    Sawane Botley(48) has won.
  Duel between House Bolton(50) -WIL- and House Greyjoy(50) -WIZ- has begun.
    Walder Frey(508) hit Rodrik Greyjoy(515) 198.
    Rodrik Greyjoy(317) hit Walder Frey(508) 180.
    ****
    Walder Frey(328) took 20 damage as DOT.
    Rodrik Greyjoy(317) took 25 damage as DOT.
    Walder Frey(308) hit Rodrik Greyjoy(292) 198.
    Rodrik Greyjoy(94) hit Walder Frey(308) 180.
    ****
    Walder Frey(128) took 40 damage as DOT.
    Rodrik Greyjoy(94) took 50 damage as DOT.
    Walder Frey(88) hit Rodrik Greyjoy(44) 198.
    Rodrik Greyjoy(-154) hit Walder Frey(88) 180.
    ****
    Both of them are dead. A draw.
  The Riverlands got 0 house points. The Iron Islands got 5 house points.

The winner is: The Iron Islands with currently 2 kingdom points.
---------------
---------------
Duel 6: Dorne vs The Stormlands
  Duel between Manwoodys(48) -WHI- and Errols(24) -WHI- has begun.
    Dagos Manwoody(625) hit Lord Errol(625) 208.
    Lord Errol(417) hit Dagos Manwoody(625) 114.
    ****
    Dagos Manwoody(511) took 30 damage as DOT.
    Lord Errol(417) took 30 damage as DOT.
    Dagos Manwoody(481) hit Lord Errol(387) 208.
    Lord Errol(179) hit Dagos Manwoody(481) 114.
    ****
    Dagos Manwoody(367) took 60 damage as DOT.
    Lord Errol(179) took 60 damage as DOT.
    Dagos Manwoody(307) hit Lord Errol(119) 208.
    Lord Errol(-89) hit Dagos Manwoody(307) 114.
    ****
    Dagos Manwoody(193) has won.
  Duel between Blackmonts(48) -WHI- and Wyldes(21) -WHI- has begun.
    Larra Blackmont(650) hit Williem Wylde(600) 208.
    Williem Wylde(392) hit Larra Blackmont(650) 111.
    ****
    Larra Blackmont(539) took 30 damage as DOT.
    Williem Wylde(392) took 30 damage as DOT.
    Larra Blackmont(509) hit Williem Wylde(362) 208.
    Williem Wylde(154) hit Larra Blackmont(509) 111.
    ****
    Larra Blackmont(398) took 60 damage as DOT.
    Williem Wylde(154) took 60 damage as DOT.
    Larra Blackmont(338) hit Williem Wylde(94) 208.
    Williem Wylde(-114) hit Larra Blackmont(338) 111.
    ****
    Larra Blackmont(227) has won.
  Duel between Ullers(30) -WIL- and Morrigens(15) -WIL- has begun.
    Mantral Uller(450) hit Damon Morrigen(500) 215.
    Damon Morrigen(285) hit Mantral Uller(450) 125.
    ****
    Mantral Uller(325) took 25 damage as DOT.
    Damon Morrigen(285) took 25 damage as DOT.
    Mantral Uller(300) hit Damon Morrigen(260) 215.
    Damon Morrigen(45) hit Mantral Uller(300) 125.
    ****
    Mantral Uller(175) took 50 damage as DOT.
    Damon Morrigen(45) took 50 damage as DOT.
    Mantral Uller(125) hit Damon Morrigen(-5) 215.
    Damon Morrigen(-220) hit Mantral Uller(125) 125.
    ****
    Both of them are dead. A draw.
  Duel between Manwoodys(51) -WHI- and Wyldes(18) -WHI- has begun.
    Dagos Manwoody(625) hit Williem Wylde(600) 211.
    Williem Wylde(389) hit Dagos Manwoody(625) 108.
    ****
    Dagos Manwoody(517) took 30 damage as DOT.
    Williem Wylde(389) took 30 damage as DOT.
    Dagos Manwoody(487) hit Williem Wylde(359) 211.
    Williem Wylde(148) hit Dagos Manwoody(487) 108.
    ****
    Dagos Manwoody(379) took 60 damage as DOT.
    Williem Wylde(148) took 60 damage as DOT.
    Dagos Manwoody(319) hit Williem Wylde(88) 211.
    Williem Wylde(-123) hit Dagos Manwoody(319) 108.
    ****
    Dagos Manwoody(211) has won.
  Duel between Blackmonts(51) -WHI- and Morrigens(15) -WIL- has begun.
    Larra Blackmont(650) hit Damon Morrigen(500) 211.
    Damon Morrigen(289) hit Larra Blackmont(650) 125.
    ****
    Larra Blackmont(525) took 25 damage as DOT.
    Damon Morrigen(289) took 30 damage as DOT.
    Larra Blackmont(500) hit Damon Morrigen(259) 211.
    Damon Morrigen(48) hit Larra Blackmont(500) 125.
    ****
    Larra Blackmont(375) took 50 damage as DOT.
    Damon Morrigen(48) took 60 damage as DOT.
    Larra Blackmont(325) hit Damon Morrigen(-12) 211.
    Damon Morrigen(-223) hit Larra Blackmont(325) 125.
    ****
    Larra Blackmont(200) has won.
  Duel between Ullers(30) -WIL- and Errols(21) -WHI- has begun.
    Mantral Uller(450) hit Lord Errol(625) 215.
    Lord Errol(410) hit Mantral Uller(450) 111.
    ****
    Mantral Uller(339) took 30 damage as DOT.
    Lord Errol(410) took 25 damage as DOT.
    Mantral Uller(309) hit Lord Errol(385) 215.
    Lord Errol(170) hit Mantral Uller(309) 111.
    ****
    Mantral Uller(198) took 60 damage as DOT.
    Lord Errol(170) took 50 damage as DOT.
    Mantral Uller(138) hit Lord Errol(120) 215.
    Lord Errol(-95) hit Mantral Uller(138) 111.
    ****
    Mantral Uller(27) has won.
  Duel between Manwoodys(54) -WHI- and Morrigens(12) -WIL- has begun.
    Dagos Manwoody(625) hit Damon Morrigen(500) 214.
    Damon Morrigen(286) hit Dagos Manwoody(625) 122.
    ****
    Dagos Manwoody(503) took 25 damage as DOT.
    Damon Morrigen(286) took 30 damage as DOT.
    Dagos Manwoody(478) hit Damon Morrigen(256) 214.
    Damon Morrigen(42) hit Dagos Manwoody(478) 122.
    ****
    Dagos Manwoody(356) took 50 damage as DOT.
    Damon Morrigen(42) took 60 damage as DOT.
    Dagos Manwoody(306) hit Damon Morrigen(-18) 214.
    Damon Morrigen(-232) hit Dagos Manwoody(306) 122.
    ****
    Dagos Manwoody(184) has won.
  Duel between Blackmonts(54) -WHI- and Errols(18) -WHI- has begun.
    Larra Blackmont(650) hit Lord Errol(625) 214.
    Lord Errol(411) hit Larra Blackmont(650) 108.
    ****
    Larra Blackmont(542) took 30 damage as DOT.
    Lord Errol(411) took 30 damage as DOT.
    Larra Blackmont(512) hit Lord Errol(381) 214.
    Lord Errol(167) hit Larra Blackmont(512) 108.
    ****
    Larra Blackmont(404) took 60 damage as DOT.
    Lord Errol(167) took 60 damage as DOT.
    Larra Blackmont(344) hit Lord Errol(107) 214.
    Lord Errol(-107) hit Larra Blackmont(344) 108.
    ****
    Larra Blackmont(236) has won.
  Duel between Ullers(33) -WIL- and Wyldes(15) -WHI- has begun.
    Mantral Uller(450) hit Williem Wylde(600) 218.
    Williem Wylde(382) hit Mantral Uller(450) 105.
    ****
    Mantral Uller(345) took 30 damage as DOT.
    Williem Wylde(382) took 25 damage as DOT.
    Mantral Uller(315) hit Williem Wylde(357) 218.
    Williem Wylde(139) hit Mantral Uller(315) 105.
    ****
    Mantral Uller(210) took 60 damage as DOT.
    Williem Wylde(139) took 50 damage as DOT.
    Mantral Uller(150) hit Williem Wylde(89) 218.
    Williem Wylde(-129) hit Mantral Uller(150) 105.
    ****
    Mantral Uller(45) has won.
  Duel between House Martell(50) -WHI- and House Tyrell(45) -WIL- has begun.
    Obara Sand(600) hit Stannis Baratheon(450) 210.
    Stannis Baratheon(240) hit Obara Sand(600) 155.
    ****
    Obara Sand(445) took 25 damage as DOT.
    Stannis Baratheon(240) took 30 damage as DOT.
    Obara Sand(420) hit Stannis Baratheon(210) 210.
    Stannis Baratheon(0) hit Obara Sand(420) 155.
    ****
    Obara Sand(265) has won.
  Dorne got 11 house points. The Stormlands got 0 house points.

The winner is: Dorne with currently 3 kingdom points.
---------------
---------------
Duel 7: The Iron Islands vs The North
  Duel between Merlyns(24) -WIZ- and Dustins(39) -WIL- has begun.
    Meldred Merlyn(515) hit Barbrey Ryswell(530) 144.
    Barbrey Ryswell(386) hit Meldred Merlyn(515) 194.
    ****
    Meldred Merlyn(321) took 25 damage as DOT.
    Barbrey Ryswell(386) took 20 damage as DOT.
    Meldred Merlyn(296) hit Barbrey Ryswell(366) 144.
    Barbrey Ryswell(222) hit Meldred Merlyn(296) 194.
    ****
    Meldred Merlyn(102) took 50 damage as DOT.
    Barbrey Ryswell(222) took 40 damage as DOT.
    Meldred Merlyn(52) hit Barbrey Ryswell(182) 144.
    Barbrey Ryswell(38) hit Meldred Merlyn(52) 194.
    ****
    Barbrey Ryswell(38) has won.
  Duel between Botleys(25) -WIL- and Ryswells(36) -WIL- has begun.
    Sawane Botley(540) hit Barbrey Ryswell(530) 165.
    Barbrey Ryswell(365) hit Sawane Botley(540) 186.
    ****
    Sawane Botley(354) took 25 damage as DOT.
    Barbrey Ryswell(365) took 25 damage as DOT.
    Sawane Botley(329) hit Barbrey Ryswell(340) 165.
    Barbrey Ryswell(175) hit Sawane Botley(329) 186.
    ****
    Sawane Botley(143) took 50 damage as DOT.
    Barbrey Ryswell(175) took 50 damage as DOT.
    Sawane Botley(93) hit Barbrey Ryswell(125) 165.
    Barbrey Ryswell(-40) hit Sawane Botley(93) 186.
    ****
    Both of them are dead. A draw.
  Duel between Sparrs(28) -WHI- and Mormonts(39) -WHI- has begun.
    Lord Sparr(640) hit Jeor Mormont(655) 148.
    Jeor Mormont(507) hit Lord Sparr(640) 169.
    ****
    Lord Sparr(471) took 30 damage as DOT.
    Jeor Mormont(507) took 30 damage as DOT.
    Lord Sparr(441) hit Jeor Mormont(477) 148.
    Jeor Mormont(329) hit Lord Sparr(441) 169.
    ****
    Lord Sparr(272) took 60 damage as DOT.
    Jeor Mormont(329) took 60 damage as DOT.
    Lord Sparr(212) hit Jeor Mormont(269) 148.
    Jeor Mormont(121) hit Lord Sparr(212) 169.
    ****
    Lord Sparr(43) took 90 damage as DOT.
    Jeor Mormont(121) took 90 damage as DOT.
    Lord Sparr(-47) hit Jeor Mormont(31) 148.
    Jeor Mormont(-117) hit Lord Sparr(-47) 169.
    ****
    Both of them are dead. A draw.
  Duel between Merlyns(21) -WIZ- and Ryswells(36) -WIL- has begun.
    Meldred Merlyn(515) hit Barbrey Ryswell(530) 141.
    Barbrey Ryswell(389) hit Meldred Merlyn(515) 186.
    ****
    Meldred Merlyn(329) took 25 damage as DOT.
    Barbrey Ryswell(389) took 20 damage as DOT.
    Meldred Merlyn(304) hit Barbrey Ryswell(369) 141.
    Barbrey Ryswell(228) hit Meldred Merlyn(304) 186.
    ****
    Meldred Merlyn(118) took 50 damage as DOT.
    Barbrey Ryswell(228) took 40 damage as DOT.
    Meldred Merlyn(68) hit Barbrey Ryswell(188) 141.
    Barbrey Ryswell(47) hit Meldred Merlyn(68) 186.
    ****
    Barbrey Ryswell(47) has won.
  Duel between Botleys(25) -WIL- and Mormonts(39) -WHI- has begun.
    Sawane Botley(540) hit Jeor Mormont(655) 165.
    Jeor Mormont(490) hit Sawane Botley(540) 169.
    ****
    Sawane Botley(371) took 30 damage as DOT.
    Jeor Mormont(490) took 25 damage as DOT.
    Sawane Botley(341) hit Jeor Mormont(465) 165.
    Jeor Mormont(300) hit Sawane Botley(341) 169.
    ****
    Sawane Botley(172) took 60 damage as DOT.
    Jeor Mormont(300) took 50 damage as DOT.
    Sawane Botley(112) hit Jeor Mormont(250) 165.
    Jeor Mormont(85) hit Sawane Botley(112) 169.
    ****
    Jeor Mormont(85) has won.
  Duel between Sparrs(28) -WHI- and Dustins(42) -WIL- has begun.
    Lord Sparr(640) hit Barbrey Ryswell(530) 148.
    Barbrey Ryswell(382) hit Lord Sparr(640) 197.
    ****
    Lord Sparr(443) took 25 damage as DOT.
    Barbrey Ryswell(382) took 30 damage as DOT.
    Lord Sparr(418) hit Barbrey Ryswell(352) 148.
    Barbrey Ryswell(204) hit Lord Sparr(418) 197.
    ****
    Lord Sparr(221) took 50 damage as DOT.
    Barbrey Ryswell(204) took 60 damage as DOT.
    Lord Sparr(171) hit Barbrey Ryswell(144) 148.
    Barbrey Ryswell(-4) hit Lord Sparr(171) 197.
    ****
    Both of them are dead. A draw.
  Duel between Merlyns(18) -WIZ- and Mormonts(42) -WHI- has begun.
    Meldred Merlyn(515) hit Jeor Mormont(655) 138.
    Jeor Mormont(517) hit Meldred Merlyn(515) 172.
    ****
    Meldred Merlyn(343) took 30 damage as DOT.
    Jeor Mormont(517) took 20 damage as DOT.
    Meldred Merlyn(313) hit Jeor Mormont(497) 138.
    Jeor Mormont(359) hit Meldred Merlyn(313) 172.
    ****
    Meldred Merlyn(141) took 60 damage as DOT.
    Jeor Mormont(359) took 40 damage as DOT.
    Meldred Merlyn(81) hit Jeor Mormont(319) 138.
    Jeor Mormont(181) hit Meldred Merlyn(81) 172.
    ****
    Jeor Mormont(181) has won.
  Duel between Botleys(22) -WIL- and Dustins(42) -WIL- has begun.
    Sawane Botley(540) hit Barbrey Ryswell(530) 162.
    Barbrey Ryswell(368) hit Sawane Botley(540) 197.
    ****
    Sawane Botley(343) took 25 damage as DOT.
    Barbrey Ryswell(368) took 25 damage as DOT.
    Sawane Botley(318) hit Barbrey Ryswell(343) 162.
    Barbrey Ryswell(181) hit Sawane Botley(318) 197.
    ****
    Sawane Botley(121) took 50 damage as DOT.
    Barbrey Ryswell(181) took 50 damage as DOT.
    Sawane Botley(71) hit Barbrey Ryswell(131) 162.
    Barbrey Ryswell(-31) hit Sawane Botley(71) 197.
    ****
    Both of them are dead. A draw.
  Duel between Sparrs(28) -WHI- and Ryswells(39) -WIL- has begun.
    Lord Sparr(640) hit Barbrey Ryswell(530) 148.
    Barbrey Ryswell(382) hit Lord Sparr(640) 189.
    ****
    Lord Sparr(451) took 25 damage as DOT.
    Barbrey Ryswell(382) took 30 damage as DOT.
    Lord Sparr(426) hit Barbrey Ryswell(352) 148.
    Barbrey Ryswell(204) hit Lord Sparr(426) 189.
    ****
    Lord Sparr(237) took 50 damage as DOT.
    Barbrey Ryswell(204) took 60 damage as DOT.
    Lord Sparr(187) hit Barbrey Ryswell(144) 148.
    Barbrey Ryswell(-4) hit Lord Sparr(187) 189.
    ****
    Both of them are dead. A draw.
  Duel between House Greyjoy(50) -WIZ- and House Stark(55) -WHI- has begun.
    Rodrik Greyjoy(515) hit Arya Stark(655) 180.
    Arya Stark(475) hit Rodrik Greyjoy(515) 185.
    ****
    Rodrik Greyjoy(330) took 30 damage as DOT.
    Arya Stark(475) took 20 damage as DOT.
    Rodrik Greyjoy(300) hit Arya Stark(455) 180.
    Arya Stark(275) hit Rodrik Greyjoy(300) 185.
    ****
    Rodrik Greyjoy(115) took 60 damage as DOT.
    Arya Stark(275) took 40 damage as DOT.
    Rodrik Greyjoy(55) hit Arya Stark(235) 180.
    Arya Stark(55) hit Rodrik Greyjoy(55) 185.
    ****
    Arya Stark(55) has won.
  The Iron Islands got 0 house points. The North got 7 house points.

The winner is: The North with currently 2 kingdom points.
---------------
---------------
Duel 8: The Riverlands vs The Stormlands
  Duel between Blackwoods(21) -WIL- and Errols(15) -WHI- has begun.
    Tytos Blackwood(483) hit Lord Errol(625) 169.
    Lord Errol(456) hit Tytos Blackwood(483) 105.
    ****
    Tytos Blackwood(378) took 30 damage as DOT.
    Lord Errol(456) took 25 damage as DOT.
    Tytos Blackwood(348) hit Lord Errol(431) 169.
    Lord Errol(262) hit Tytos Blackwood(348) 105.
    ****
    Tytos Blackwood(243) took 60 damage as DOT.
    Lord Errol(262) took 50 damage as DOT.
    Tytos Blackwood(183) hit Lord Errol(212) 169.
    Lord Errol(43) hit Tytos Blackwood(183) 105.
    ****
    Tytos Blackwood(78) took 90 damage as DOT.
    Lord Errol(43) took 75 damage as DOT.
    Tytos Blackwood(-12) hit Lord Errol(-32) 169.
    Lord Errol(-201) hit Tytos Blackwood(-12) 105.
    ****
    Both of them are dead. A draw.
  Duel between Mallisters(18) -WIZ- and Wyldes(12) -WHI- has begun.
    Jason Mallister(508) hit Williem Wylde(600) 146.
    Williem Wylde(454) hit Jason Mallister(508) 102.
    ****
    Jason Mallister(406) took 30 damage as DOT.
    Williem Wylde(454) took 20 damage as DOT.
    Jason Mallister(376) hit Williem Wylde(434) 146.
    Williem Wylde(288) hit Jason Mallister(376) 102.
    ****
    Jason Mallister(274) took 60 damage as DOT.
    Williem Wylde(288) took 40 damage as DOT.
    Jason Mallister(214) hit Williem Wylde(248) 146.
    Williem Wylde(102) hit Jason Mallister(214) 102.
    ****
    Jason Mallister(112) took 90 damage as DOT.
    Williem Wylde(102) took 60 damage as DOT.
    Jason Mallister(22) hit Williem Wylde(42) 146.
    Williem Wylde(-104) hit Jason Mallister(22) 102.
    ****
    Both of them are dead. A draw.
  Duel between Brackens(18) -WIZ- and Morrigens(9) -WIL- has begun.
    Jonos Bracken(508) hit Damon Morrigen(500) 141.
    Damon Morrigen(359) hit Jonos Bracken(508) 119.
    ****
    Jonos Bracken(389) took 25 damage as DOT.
    Damon Morrigen(359) took 20 damage as DOT.
    Jonos Bracken(364) hit Damon Morrigen(339) 141.
    Damon Morrigen(198) hit Jonos Bracken(364) 119.
    ****
    Jonos Bracken(245) took 50 damage as DOT.
    Damon Morrigen(198) took 40 damage as DOT.
    Jonos Bracken(195) hit Damon Morrigen(158) 141.
    Damon Morrigen(17) hit Jonos Bracken(195) 119.
    ****
    Jonos Bracken(76) took 75 damage as DOT.
    Damon Morrigen(17) took 60 damage as DOT.
    Jonos Bracken(1) hit Damon Morrigen(-43) 141.
    Damon Morrigen(-184) hit Jonos Bracken(1) 119.
    ****
    Both of them are dead. A draw.
  Duel between Blackwoods(21) -WIL- and Wyldes(12) -WHI- has begun.
    Tytos Blackwood(483) hit Williem Wylde(600) 169.
    Williem Wylde(431) hit Tytos Blackwood(483) 102.
    ****
    Tytos Blackwood(381) took 30 damage as DOT.
    Williem Wylde(431) took 25 damage as DOT.
    Tytos Blackwood(351) hit Williem Wylde(406) 169.
    Williem Wylde(237) hit Tytos Blackwood(351) 102.
    ****
    Tytos Blackwood(249) took 60 damage as DOT.
    Williem Wylde(237) took 50 damage as DOT.
    Tytos Blackwood(189) hit Williem Wylde(187) 169.
    Williem Wylde(18) hit Tytos Blackwood(189) 102.
    ****
    Tytos Blackwood(87) took 90 damage as DOT.
    Williem Wylde(18) took 75 damage as DOT.
    Tytos Blackwood(-3) hit Williem Wylde(-57) 169.
    Williem Wylde(-226) hit Tytos Blackwood(-3) 102.
    ****
    Both of them are dead. A draw.
  Duel between Mallisters(18) -WIZ- and Morrigens(9) -WIL- has begun.
    Jason Mallister(508) hit Damon Morrigen(500) 146.
    Damon Morrigen(354) hit Jason Mallister(508) 119.
    ****
    Jason Mallister(389) took 25 damage as DOT.
    Damon Morrigen(354) took 20 damage as DOT.
    Jason Mallister(364) hit Damon Morrigen(334) 146.
    Damon Morrigen(188) hit Jason Mallister(364) 119.
    ****
    Jason Mallister(245) took 50 damage as DOT.
    Damon Morrigen(188) took 40 damage as DOT.
    Jason Mallister(195) hit Damon Morrigen(148) 146.
    Damon Morrigen(2) hit Jason Mallister(195) 119.
    ****
    Jason Mallister(76) took 75 damage as DOT.
    Damon Morrigen(2) took 60 damage as DOT.
    Jason Mallister(1) hit Damon Morrigen(-58) 146.
    Damon Morrigen(-204) hit Jason Mallister(1) 119.
    ****
    Both of them are dead. A draw.
  Duel between Brackens(18) -WIZ- and Errols(15) -WHI- has begun.
    Jonos Bracken(508) hit Lord Errol(625) 141.
    Lord Errol(484) hit Jonos Bracken(508) 105.
    ****
    Jonos Bracken(403) took 30 damage as DOT.
    Lord Errol(484) took 20 damage as DOT.
    Jonos Bracken(373) hit Lord Errol(464) 141.
    Lord Errol(323) hit Jonos Bracken(373) 105.
    ****
    Jonos Bracken(268) took 60 damage as DOT.
    Lord Errol(323) took 40 damage as DOT.
    Jonos Bracken(208) hit Lord Errol(283) 141.
    Lord Errol(142) hit Jonos Bracken(208) 105.
    ****
    Jonos Bracken(103) took 90 damage as DOT.
    Lord Errol(142) took 60 damage as DOT.
    Jonos Bracken(13) hit Lord Errol(82) 141.
    Lord Errol(-59) hit Jonos Bracken(13) 105.
    ****
    Both of them are dead. A draw.
  Duel between Blackwoods(21) -WIL- and Morrigens(9) -WIL- has begun.
    Tytos Blackwood(483) hit Damon Morrigen(500) 169.
    Damon Morrigen(331) hit Tytos Blackwood(483) 119.
    ****
    Tytos Blackwood(364) took 25 damage as DOT.
    Damon Morrigen(331) took 25 damage as DOT.
    Tytos Blackwood(339) hit Damon Morrigen(306) 169.
    Damon Morrigen(137) hit Tytos Blackwood(339) 119.
    ****
    Tytos Blackwood(220) took 50 damage as DOT.
    Damon Morrigen(137) took 50 damage as DOT.
    Tytos Blackwood(170) hit Damon Morrigen(87) 169.
    Damon Morrigen(-82) hit Tytos Blackwood(170) 119.
    ****
    Tytos Blackwood(51) has won.
  Duel between Mallisters(18) -WIZ- and Errols(15) -WHI- has begun.
    Jason Mallister(508) hit Lord Errol(625) 146.
    Lord Errol(479) hit Jason Mallister(508) 105.
    ****
    Jason Mallister(403) took 30 damage as DOT.
    Lord Errol(479) took 20 damage as DOT.
    Jason Mallister(373) hit Lord Errol(459) 146.
    Lord Errol(313) hit Jason Mallister(373) 105.
    ****
    Jason Mallister(268) took 60 damage as DOT.
    Lord Errol(313) took 40 damage as DOT.
    Jason Mallister(208) hit Lord Errol(273) 146.
    Lord Errol(127) hit Jason Mallister(208) 105.
    ****
    Jason Mallister(103) took 90 damage as DOT.
    Lord Errol(127) took 60 damage as DOT.
    Jason Mallister(13) hit Lord Errol(67) 146.
    Lord Errol(-79) hit Jason Mallister(13) 105.
    ****
    Both of them are dead. A draw.
  Duel between Brackens(18) -WIZ- and Wyldes(12) -WHI- has begun.
    Jonos Bracken(508) hit Williem Wylde(600) 141.
    Williem Wylde(459) hit Jonos Bracken(508) 102.
    ****
    Jonos Bracken(406) took 30 damage as DOT.
    Williem Wylde(459) took 20 damage as DOT.
    Jonos Bracken(376) hit Williem Wylde(439) 141.
    Williem Wylde(298) hit Jonos Bracken(376) 102.
    ****
    Jonos Bracken(274) took 60 damage as DOT.
    Williem Wylde(298) took 40 damage as DOT.
    Jonos Bracken(214) hit Williem Wylde(258) 141.
    Williem Wylde(117) hit Jonos Bracken(214) 102.
    ****
    Jonos Bracken(112) took 90 damage as DOT.
    Williem Wylde(117) took 60 damage as DOT.
    Jonos Bracken(22) hit Williem Wylde(57) 141.
    Williem Wylde(-84) hit Jonos Bracken(22) 102.
    ****
    Both of them are dead. A draw.
  Duel between House Bolton(50) -WIL- and House Tyrell(32) -WIL- has begun.
    Walder Frey(508) hit Stannis Baratheon(450) 198.
    Stannis Baratheon(252) hit Walder Frey(508) 142.
    ****
    Walder Frey(366) took 25 damage as DOT.
    Stannis Baratheon(252) took 25 damage as DOT.
    Walder Frey(341) hit Stannis Baratheon(227) 198.
    Stannis Baratheon(29) hit Walder Frey(341) 142.
    ****
    Walder Frey(199) took 50 damage as DOT.
    Stannis Baratheon(29) took 50 damage as DOT.
    Walder Frey(149) hit Stannis Baratheon(-21) 198.
    Stannis Baratheon(-219) hit Walder Frey(149) 142.
    ****
    Walder Frey(7) has won.
  The Riverlands got 4 house points. The Stormlands got 0 house points.

The winner is: The Riverlands with currently 1 kingdom points.
---------------
---------------
Duel 9: Dorne vs The North
  Duel between Manwoodys(57) -WHI- and Dustins(42) -WIL- has begun.
    Dagos Manwoody(625) hit Barbrey Ryswell(530) 217.
    Barbrey Ryswell(313) hit Dagos Manwoody(625) 197.
    ****
    Dagos Manwoody(428) took 25 damage as DOT.
    Barbrey Ryswell(313) took 30 damage as DOT.
    Dagos Manwoody(403) hit Barbrey Ryswell(283) 217.
    Barbrey Ryswell(66) hit Dagos Manwoody(403) 197.
    ****
    Dagos Manwoody(206) took 50 damage as DOT.
    Barbrey Ryswell(66) took 60 damage as DOT.
    Dagos Manwoody(156) hit Barbrey Ryswell(6) 217.
    Barbrey Ryswell(-211) hit Dagos Manwoody(156) 197.
    ****
    Both of them are dead. A draw.
  Duel between Blackmonts(57) -WHI- and Ryswells(39) -WIL- has begun.
    Larra Blackmont(650) hit Barbrey Ryswell(530) 217.
    Barbrey Ryswell(313) hit Larra Blackmont(650) 189.
    ****
    Larra Blackmont(461) took 25 damage as DOT.
    Barbrey Ryswell(313) took 30 damage as DOT.
    Larra Blackmont(436) hit Barbrey Ryswell(283) 217.
    Barbrey Ryswell(66) hit Larra Blackmont(436) 189.
    ****
    Larra Blackmont(247) took 50 damage as DOT.
    Barbrey Ryswell(66) took 60 damage as DOT.
    Larra Blackmont(197) hit Barbrey Ryswell(6) 217.
    Barbrey Ryswell(-211) hit Larra Blackmont(197) 189.
    ****
    Larra Blackmont(8) has won.
  Duel between Ullers(36) -WIL- and Mormonts(45) -WHI- has begun.
    Mantral Uller(450) hit Jeor Mormont(655) 221.
    Jeor Mormont(434) hit Mantral Uller(450) 175.
    ****
    Mantral Uller(275) took 30 damage as DOT.
    Jeor Mormont(434) took 25 damage as DOT.
    Mantral Uller(245) hit Jeor Mormont(409) 221.
    Jeor Mormont(188) hit Mantral Uller(245) 175.
    ****
    Mantral Uller(70) took 60 damage as DOT.
    Jeor Mormont(188) took 50 damage as DOT.
    Mantral Uller(10) hit Jeor Mormont(138) 221.
    Jeor Mormont(-83) hit Mantral Uller(10) 175.
    ****
    Both of them are dead. A draw.
  Duel between Manwoodys(57) -WHI- and Ryswells(36) -WIL- has begun.
    Dagos Manwoody(625) hit Barbrey Ryswell(530) 217.
    Barbrey Ryswell(313) hit Dagos Manwoody(625) 186.
    ****
    Dagos Manwoody(439) took 25 damage as DOT.
    Barbrey Ryswell(313) took 30 damage as DOT.
    Dagos Manwoody(414) hit Barbrey Ryswell(283) 217.
    Barbrey Ryswell(66) hit Dagos Manwoody(414) 186.
    ****
    Dagos Manwoody(228) took 50 damage as DOT.
    Barbrey Ryswell(66) took 60 damage as DOT.
    Dagos Manwoody(178) hit Barbrey Ryswell(6) 217.
    Barbrey Ryswell(-211) hit Dagos Manwoody(178) 186.
    ****
    Both of them are dead. A draw.
  Duel between Blackmonts(60) -WHI- and Mormonts(45) -WHI- has begun.
    Larra Blackmont(650) hit Jeor Mormont(655) 220.
    Jeor Mormont(435) hit Larra Blackmont(650) 175.
    ****
    Larra Blackmont(475) took 30 damage as DOT.
    Jeor Mormont(435) took 30 damage as DOT.
    Larra Blackmont(445) hit Jeor Mormont(405) 220.
    Jeor Mormont(185) hit Larra Blackmont(445) 175.
    ****
    Larra Blackmont(270) took 60 damage as DOT.
    Jeor Mormont(185) took 60 damage as DOT.
    Larra Blackmont(210) hit Jeor Mormont(125) 220.
    Jeor Mormont(-95) hit Larra Blackmont(210) 175.
    ****
    Larra Blackmont(35) has won.
  Duel between Ullers(36) -WIL- and Dustins(42) -WIL- has begun.
    Mantral Uller(450) hit Barbrey Ryswell(530) 221.
    Barbrey Ryswell(309) hit Mantral Uller(450) 197.
    ****
    Mantral Uller(253) took 25 damage as DOT.
    Barbrey Ryswell(309) took 25 damage as DOT.
    Mantral Uller(228) hit Barbrey Ryswell(284) 221.
    Barbrey Ryswell(63) hit Mantral Uller(228) 197.
    ****
    Mantral Uller(31) took 50 damage as DOT.
    Barbrey Ryswell(63) took 50 damage as DOT.
    Mantral Uller(-19) hit Barbrey Ryswell(13) 221.
    Barbrey Ryswell(-208) hit Mantral Uller(-19) 197.
    ****
    Both of them are dead. A draw.
  Duel between Manwoodys(57) -WHI- and Mormonts(42) -WHI- has begun.
    Dagos Manwoody(625) hit Jeor Mormont(655) 217.
    Jeor Mormont(438) hit Dagos Manwoody(625) 172.
    ****
    Dagos Manwoody(453) took 30 damage as DOT.
    Jeor Mormont(438) took 30 damage as DOT.
    Dagos Manwoody(423) hit Jeor Mormont(408) 217.
    Jeor Mormont(191) hit Dagos Manwoody(423) 172.
    ****
    Dagos Manwoody(251) took 60 damage as DOT.
    Jeor Mormont(191) took 60 damage as DOT.
    Dagos Manwoody(191) hit Jeor Mormont(131) 217.
    Jeor Mormont(-86) hit Dagos Manwoody(191) 172.
    ****
    Dagos Manwoody(19) has won.
  Duel between Blackmonts(60) -WHI- and Dustins(42) -WIL- has begun.
    Larra Blackmont(650) hit Barbrey Ryswell(530) 220.
    Barbrey Ryswell(310) hit Larra Blackmont(650) 197.
    ****
    Larra Blackmont(453) took 25 damage as DOT.
    Barbrey Ryswell(310) took 30 damage as DOT.
    Larra Blackmont(428) hit Barbrey Ryswell(280) 220.
    Barbrey Ryswell(60) hit Larra Blackmont(428) 197.
    ****
    Larra Blackmont(231) took 50 damage as DOT.
    Barbrey Ryswell(60) took 60 damage as DOT.
    Larra Blackmont(181) hit Barbrey Ryswell(0) 220.
    Barbrey Ryswell(-220) hit Larra Blackmont(181) 197.
    ****
    Both of them are dead. A draw.
  Duel between Ullers(36) -WIL- and Ryswells(36) -WIL- has begun.
    Mantral Uller(450) hit Barbrey Ryswell(530) 221.
    Barbrey Ryswell(309) hit Mantral Uller(450) 186.
    ****
    Mantral Uller(264) took 25 damage as DOT.
    Barbrey Ryswell(309) took 25 damage as DOT.
    Mantral Uller(239) hit Barbrey Ryswell(284) 221.
    Barbrey Ryswell(63) hit Mantral Uller(239) 186.
    ****
    Mantral Uller(53) took 50 damage as DOT.
    Barbrey Ryswell(63) took 50 damage as DOT.
    Mantral Uller(3) hit Barbrey Ryswell(13) 221.
    Barbrey Ryswell(-208) hit Mantral Uller(3) 186.
    ****
    Both of them are dead. A draw.
  Duel between House Martell(59) -WHI- and House Stark(60) -WHI- has begun.
    Obara Sand(600) hit Arya Stark(655) 219.
    Arya Stark(436) hit Obara Sand(600) 190.
    ****
    Obara Sand(410) took 30 damage as DOT.
    Arya Stark(436) took 30 damage as DOT.
    Obara Sand(380) hit Arya Stark(406) 219.
    Arya Stark(187) hit Obara Sand(380) 190.
    ****
    Obara Sand(190) took 60 damage as DOT.
    Arya Stark(187) took 60 damage as DOT.
    Obara Sand(130) hit Arya Stark(127) 219.
    Arya Stark(-92) hit Obara Sand(130) 190.
    ****
    Both of them are dead. A draw.
  Dorne got 3 house points. The North got 0 house points.

The winner is: Dorne with currently 4 kingdom points.
---------------
---------------
Duel 10: The Riverlands vs The North
  Duel between Blackwoods(24) -WIL- and Dustins(42) -WIL- has begun.
    Tytos Blackwood(483) hit Barbrey Ryswell(530) 172.
    Barbrey Ryswell(358) hit Tytos Blackwood(483) 197.
    ****
    Tytos Blackwood(286) took 25 damage as DOT.
    Barbrey Ryswell(358) took 25 damage as DOT.
    Tytos Blackwood(261) hit Barbrey Ryswell(333) 172.
    Barbrey Ryswell(161) hit Tytos Blackwood(261) 197.
    ****
    Tytos Blackwood(64) took 50 damage as DOT.
    Barbrey Ryswell(161) took 50 damage as DOT.
    Tytos Blackwood(14) hit Barbrey Ryswell(111) 172.
    Barbrey Ryswell(-61) hit Tytos Blackwood(14) 197.
    ****
    Both of them are dead. A draw.
  Duel between Mallisters(18) -WIZ- and Ryswells(36) -WIL- has begun.
    Jason Mallister(508) hit Barbrey Ryswell(530) 146.
    Barbrey Ryswell(384) hit Jason Mallister(508) 186.
    ****
    Jason Mallister(322) took 25 damage as DOT.
    Barbrey Ryswell(384) took 20 damage as DOT.
    Jason Mallister(297) hit Barbrey Ryswell(364) 146.
    Barbrey Ryswell(218) hit Jason Mallister(297) 186.
    ****
    Jason Mallister(111) took 50 damage as DOT.
    Barbrey Ryswell(218) took 40 damage as DOT.
    Jason Mallister(61) hit Barbrey Ryswell(178) 146.
    Barbrey Ryswell(32) hit Jason Mallister(61) 186.
    ****
    Barbrey Ryswell(32) has won.
  Duel between Brackens(18) -WIZ- and Mormonts(39) -WHI- has begun.
    Jonos Bracken(508) hit Jeor Mormont(655) 141.
    Jeor Mormont(514) hit Jonos Bracken(508) 169.
    ****
    Jonos Bracken(339) took 30 damage as DOT.
    Jeor Mormont(514) took 20 damage as DOT.
    Jonos Bracken(309) hit Jeor Mormont(494) 141.
    Jeor Mormont(353) hit Jonos Bracken(309) 169.
    ****
    Jonos Bracken(140) took 60 damage as DOT.
    Jeor Mormont(353) took 40 damage as DOT.
    Jonos Bracken(80) hit Jeor Mormont(313) 141.
    Jeor Mormont(172) hit Jonos Bracken(80) 169.
    ****
    Jeor Mormont(172) has won.
  Duel between Blackwoods(24) -WIL- and Ryswells(39) -WIL- has begun.
    Tytos Blackwood(483) hit Barbrey Ryswell(530) 172.
    Barbrey Ryswell(358) hit Tytos Blackwood(483) 189.
    ****
    Tytos Blackwood(294) took 25 damage as DOT.
    Barbrey Ryswell(358) took 25 damage as DOT.
    Tytos Blackwood(269) hit Barbrey Ryswell(333) 172.
    Barbrey Ryswell(161) hit Tytos Blackwood(269) 189.
    ****
    Tytos Blackwood(80) took 50 damage as DOT.
    Barbrey Ryswell(161) took 50 damage as DOT.
    Tytos Blackwood(30) hit Barbrey Ryswell(111) 172.
    Barbrey Ryswell(-61) hit Tytos Blackwood(30) 189.
    ****
    Both of them are dead. A draw.
  Duel between Mallisters(15) -WIZ- and Mormonts(42) -WHI- has begun.
    Jason Mallister(508) hit Jeor Mormont(655) 143.
    Jeor Mormont(512) hit Jason Mallister(508) 172.
    ****
    Jason Mallister(336) took 30 damage as DOT.
    Jeor Mormont(512) took 20 damage as DOT.
    Jason Mallister(306) hit Jeor Mormont(492) 143.
    Jeor Mormont(349) hit Jason Mallister(306) 172.
    ****
    Jason Mallister(134) took 60 damage as DOT.
    Jeor Mormont(349) took 40 damage as DOT.
    Jason Mallister(74) hit Jeor Mormont(309) 143.
    Jeor Mormont(166) hit Jason Mallister(74) 172.
    ****
    Jeor Mormont(166) has won.
  Duel between Brackens(15) -WIZ- and Dustins(42) -WIL- has begun.
    Jonos Bracken(508) hit Barbrey Ryswell(530) 138.
    Barbrey Ryswell(392) hit Jonos Bracken(508) 197.
    ****
    Jonos Bracken(311) took 25 damage as DOT.
    Barbrey Ryswell(392) took 20 damage as DOT.
    Jonos Bracken(286) hit Barbrey Ryswell(372) 138.
    Barbrey Ryswell(234) hit Jonos Bracken(286) 197.
    ****
    Jonos Bracken(89) took 50 damage as DOT.
    Barbrey Ryswell(234) took 40 damage as DOT.
    Jonos Bracken(39) hit Barbrey Ryswell(194) 138.
    Barbrey Ryswell(56) hit Jonos Bracken(39) 197.
    ****
    Barbrey Ryswell(56) has won.
  Duel between Blackwoods(24) -WIL- and Mormonts(45) -WHI- has begun.
    Tytos Blackwood(483) hit Jeor Mormont(655) 172.
    Jeor Mormont(483) hit Tytos Blackwood(483) 175.
    ****
    Tytos Blackwood(308) took 30 damage as DOT.
    Jeor Mormont(483) took 25 damage as DOT.
    Tytos Blackwood(278) hit Jeor Mormont(458) 172.
    Jeor Mormont(286) hit Tytos Blackwood(278) 175.
    ****
    Tytos Blackwood(103) took 60 damage as DOT.
    Jeor Mormont(286) took 50 damage as DOT.
    Tytos Blackwood(43) hit Jeor Mormont(236) 172.
    Jeor Mormont(64) hit Tytos Blackwood(43) 175.
    ****
    Jeor Mormont(64) has won.
  Duel between Mallisters(12) -WIZ- and Dustins(45) -WIL- has begun.
    Jason Mallister(508) hit Barbrey Ryswell(530) 140.
    Barbrey Ryswell(390) hit Jason Mallister(508) 200.
    ****
    Jason Mallister(308) took 25 damage as DOT.
    Barbrey Ryswell(390) took 20 damage as DOT.
    Jason Mallister(283) hit Barbrey Ryswell(370) 140.
    Barbrey Ryswell(230) hit Jason Mallister(283) 200.
    ****
    Jason Mallister(83) took 50 damage as DOT.
    Barbrey Ryswell(230) took 40 damage as DOT.
    Jason Mallister(33) hit Barbrey Ryswell(190) 140.
    Barbrey Ryswell(50) hit Jason Mallister(33) 200.
    ****
    Barbrey Ryswell(50) has won.
  Duel between Brackens(12) -WIZ- and Ryswells(39) -WIL- has begun.
    Jonos Bracken(508) hit Barbrey Ryswell(530) 135.
    Barbrey Ryswell(395) hit Jonos Bracken(508) 189.
    ****
    Jonos Bracken(319) took 25 damage as DOT.
    Barbrey Ryswell(395) took 20 damage as DOT.
    Jonos Bracken(294) hit Barbrey Ryswell(375) 135.
    Barbrey Ryswell(240) hit Jonos Bracken(294) 189.
    ****
    Jonos Bracken(105) took 50 damage as DOT.
    Barbrey Ryswell(240) took 40 damage as DOT.
    Jonos Bracken(55) hit Barbrey Ryswell(200) 135.
    Barbrey Ryswell(65) hit Jonos Bracken(55) 189.
    ****
    Barbrey Ryswell(65) has won.
  Duel between House Bolton(55) -WIL- and House Stark(60) -WHI- has begun.
    Walder Frey(508) hit Arya Stark(655) 203.
    Arya Stark(452) hit Walder Frey(508) 190.
    ****
    Walder Frey(318) took 30 damage as DOT.
    Arya Stark(452) took 25 damage as DOT.
    Walder Frey(288) hit Arya Stark(427) 203.
    Arya Stark(224) hit Walder Frey(288) 190.
    ****
    Walder Frey(98) took 60 damage as DOT.
    Arya Stark(224) took 50 damage as DOT.
    Walder Frey(38) hit Arya Stark(174) 203.
    Arya Stark(-29) hit Walder Frey(38) 190.
    ****
    Both of them are dead. A draw.
  The Riverlands got 0 house points. The North got 7 house points.

The winner is: The North with currently 3 kingdom points.
---------------
The War is over. The new owner of King's Landing is Dorne with a total of 4 points.

