War has started with 5 kingdoms.
---------------
Duel 1: The Riverlands vs The Reach
  Duel between Mootons(30) -WIL- and Leygoods(30) -WIL- has begun.
    William Mooton(500) hit Lord Leygood(495) 210.
    Lord Leygood(285) hit William Mooton(500) 195.
    ****
    William Mooton(305) took 25 damage as DOT.
    Lord Leygood(285) took 25 damage as DOT.
    William Mooton(280) hit Lord Leygood(260) 210.
    Lord Leygood(50) hit William Mooton(280) 195.
    ****
    William Mooton(85) took 50 damage as DOT.
    Lord Leygood(50) took 50 damage as DOT.
    William Mooton(35) hit Lord Leygood(0) 210.
    Lord Leygood(-210) hit William Mooton(35) 195.
    ****
    Both of them are dead. A draw.
  Duel between Mallisters(30) -WHI- and Beesburys(30) -WIZ- has begun.
    Jason Mallister(675) hit Lyman Beesbury(470) 190.
    Lyman Beesbury(280) hit Jason Mallister(675) 170.
    ****
    Jason Mallister(505) took 20 damage as DOT.
    Lyman Beesbury(280) took 30 damage as DOT.
    Jason Mallister(485) hit Lyman Beesbury(250) 190.
    Lyman Beesbury(60) hit Jason Mallister(485) 170.
    ****
    Jason Mallister(315) took 40 damage as DOT.
    Lyman Beesbury(60) took 60 damage as DOT.
    Jason Mallister(275) hit Lyman Beesbury(0) 190.
    Lyman Beesbury(-190) hit Jason Mallister(275) 170.
    ****
    Jason Mallister(105) has won.
  Duel between Smallwoods(30) -WHI- and Hightowers(30) -WIZ- has begun.
    Theomar Smallwood(650) hit Leyton Hightower(495) 190.
    Leyton Hightower(305) hit Theomar Smallwood(650) 175.
    ****
    Theomar Smallwood(475) took 20 damage as DOT.
    Leyton Hightower(305) took 30 damage as DOT.
    Theomar Smallwood(455) hit Leyton Hightower(275) 190.
    Leyton Hightower(85) hit Theomar Smallwood(455) 175.
    ****
    Theomar Smallwood(280) took 40 damage as DOT.
    Leyton Hightower(85) took 60 damage as DOT.
    Theomar Smallwood(240) hit Leyton Hightower(25) 190.
    Leyton Hightower(-165) hit Theomar Smallwood(240) 175.
    ****
    Theomar Smallwood(65) has won.
  Duel between Mootons(30) -WIL- and Beesburys(27) -WIZ- has begun.
    William Mooton(500) hit Lyman Beesbury(470) 210.
    Lyman Beesbury(260) hit William Mooton(500) 167.
    ****
    William Mooton(333) took 20 damage as DOT.
    Lyman Beesbury(260) took 25 damage as DOT.
    William Mooton(313) hit Lyman Beesbury(235) 210.
    Lyman Beesbury(25) hit William Mooton(313) 167.
    ****
    William Mooton(146) took 40 damage as DOT.
    Lyman Beesbury(25) took 50 damage as DOT.
    William Mooton(106) hit Lyman Beesbury(-25) 210.
    Lyman Beesbury(-235) hit William Mooton(106) 167.
    ****
    Both of them are dead. A draw.
  Duel between Mallisters(33) -WHI- and Hightowers(27) -WIZ- has begun.
    Jason Mallister(675) hit Leyton Hightower(495) 193.
    Leyton Hightower(302) hit Jason Mallister(675) 172.
    ****
    Jason Mallister(503) took 20 damage as DOT.
    Leyton Hightower(302) took 30 damage as DOT.
    Jason Mallister(483) hit Leyton Hightower(272) 193.
    Leyton Hightower(79) hit Jason Mallister(483) 172.
    ****
    Jason Mallister(311) took 40 damage as DOT.
    Leyton Hightower(79) took 60 damage as DOT.
    Jason Mallister(271) hit Leyton Hightower(19) 193.
    Leyton Hightower(-174) hit Jason Mallister(271) 172.
    ****
    Jason Mallister(99) has won.
  Duel between Smallwoods(33) -WHI- and Leygoods(30) -WIL- has begun.
    Theomar Smallwood(650) hit Lord Leygood(495) 193.
    Lord Leygood(302) hit Theomar Smallwood(650) 195.
    ****
    Theomar Smallwood(455) took 25 damage as DOT.
    Lord Leygood(302) took 30 damage as DOT.
    Theomar Smallwood(430) hit Lord Leygood(272) 193.
    Lord Leygood(79) hit Theomar Smallwood(430) 195.
    ****
    Theomar Smallwood(235) took 50 damage as DOT.
    Lord Leygood(79) took 60 damage as DOT.
    Theomar Smallwood(185) hit Lord Leygood(19) 193.
    Lord Leygood(-174) hit Theomar Smallwood(185) 195.
    ****
    Both of them are dead. A draw.
  Duel between Mootons(30) -WIL- and Hightowers(24) -WIZ- has begun.
    William Mooton(500) hit Leyton Hightower(495) 210.
    Leyton Hightower(285) hit William Mooton(500) 169.
    ****
    William Mooton(331) took 20 damage as DOT.
    Leyton Hightower(285) took 25 damage as DOT.
    William Mooton(311) hit Leyton Hightower(260) 210.
    Leyton Hightower(50) hit William Mooton(311) 169.
    ****
    William Mooton(142) took 40 damage as DOT.
    Leyton Hightower(50) took 50 damage as DOT.
    William Mooton(102) hit Leyton Hightower(0) 210.
    Leyton Hightower(-210) hit William Mooton(102) 169.
    ****
    Both of them are dead. A draw.
  Duel between Mallisters(36) -WHI- and Leygoods(30) -WIL- has begun.
    Jason Mallister(675) hit Lord Leygood(495) 196.
    Lord Leygood(299) hit Jason Mallister(675) 195.
    ****
    Jason Mallister(480) took 25 damage as DOT.
    Lord Leygood(299) took 30 damage as DOT.
    Jason Mallister(455) hit Lord Leygood(269) 196.
    Lord Leygood(73) hit Jason Mallister(455) 195.
    ****
    Jason Mallister(260) took 50 damage as DOT.
    Lord Leygood(73) took 60 damage as DOT.
    Jason Mallister(210) hit Lord Leygood(13) 196.
    Lord Leygood(-183) hit Jason Mallister(210) 195.
    ****
    Jason Mallister(15) has won.
  Duel between Smallwoods(33) -WHI- and Beesburys(27) -WIZ- has begun.
    Theomar Smallwood(650) hit Lyman Beesbury(470) 193.
    Lyman Beesbury(277) hit Theomar Smallwood(650) 167.
    ****
    Theomar Smallwood(483) took 20 damage as DOT.
    Lyman Beesbury(277) took 30 damage as DOT.
    Theomar Smallwood(463) hit Lyman Beesbury(247) 193.
    Lyman Beesbury(54) hit Theomar Smallwood(463) 167.
    ****
    Theomar Smallwood(296) took 40 damage as DOT.
    Lyman Beesbury(54) took 60 damage as DOT.
    Theomar Smallwood(256) hit Lyman Beesbury(-6) 193.
    Lyman Beesbury(-199) hit Theomar Smallwood(256) 167.
    ****
    Theomar Smallwood(89) has won.
  Duel between House Bolton(50) -WIL- and House Lannister(50) -WHI- has begun.
    Stevron Frey(425) hit Luthor Tyrell(670) 230.
    Luthor Tyrell(440) hit Stevron Frey(425) 190.
    ****
    Stevron Frey(235) took 30 damage as DOT.
    Luthor Tyrell(440) took 25 damage as DOT.
    Stevron Frey(205) hit Luthor Tyrell(415) 230.
    Luthor Tyrell(185) hit Stevron Frey(205) 190.
    ****
    Stevron Frey(15) took 60 damage as DOT.
    Luthor Tyrell(185) took 50 damage as DOT.
    Stevron Frey(-45) hit Luthor Tyrell(135) 230.
    Luthor Tyrell(-95) hit Stevron Frey(-45) 190.
    ****
    Both of them are dead. A draw.
  The Riverlands got 5 house points. The Reach got 0 house points.

The winner is: The Riverlands with currently 1 kingdom points.
---------------
---------------
Duel 2: The Reach vs The Stormlands
  Duel between Leygoods(27) -WIL- and Morrigens(30) -WIL- has begun.
    Lord Leygood(495) hit Damon Morrigen(500) 192.
    Damon Morrigen(308) hit Lord Leygood(495) 140.
    ****
    Lord Leygood(355) took 25 damage as DOT.
    Damon Morrigen(308) took 25 damage as DOT.
    Lord Leygood(330) hit Damon Morrigen(283) 192.
    Damon Morrigen(91) hit Lord Leygood(330) 140.
    ****
    Lord Leygood(190) took 50 damage as DOT.
    Damon Morrigen(91) took 50 damage as DOT.
    Lord Leygood(140) hit Damon Morrigen(41) 192.
    Damon Morrigen(-151) hit Lord Leygood(140) 140.
    ****
    Both of them are dead. A draw.
  Duel between Beesburys(24) -WIZ- and Trants(30) -WIL- has begun.
    Lyman Beesbury(470) hit Meryn Trant(500) 164.
    Meryn Trant(336) hit Lyman Beesbury(470) 145.
    ****
    Lyman Beesbury(325) took 25 damage as DOT.
    Meryn Trant(336) took 20 damage as DOT.
    Lyman Beesbury(300) hit Meryn Trant(316) 164.
    Meryn Trant(152) hit Lyman Beesbury(300) 145.
    ****
    Lyman Beesbury(155) took 50 damage as DOT.
    Meryn Trant(152) took 40 damage as DOT.
    Lyman Beesbury(105) hit Meryn Trant(112) 164.
    Meryn Trant(-52) hit Lyman Beesbury(105) 145.
    ****
    Both of them are dead. A draw.
  Duel between Hightowers(24) -WIZ- and Grandisons(30) -WHI- has begun.
    Leyton Hightower(495) hit Hugh Grandison(675) 169.
    Hugh Grandison(506) hit Leyton Hightower(495) 120.
    ****
    Leyton Hightower(375) took 30 damage as DOT.
    Hugh Grandison(506) took 20 damage as DOT.
    Leyton Hightower(345) hit Hugh Grandison(486) 169.
    Hugh Grandison(317) hit Leyton Hightower(345) 120.
    ****
    Leyton Hightower(225) took 60 damage as DOT.
    Hugh Grandison(317) took 40 damage as DOT.
    Leyton Hightower(165) hit Hugh Grandison(277) 169.
    Hugh Grandison(108) hit Leyton Hightower(165) 120.
    ****
    Leyton Hightower(45) took 90 damage as DOT.
    Hugh Grandison(108) took 60 damage as DOT.
    Leyton Hightower(-45) hit Hugh Grandison(48) 169.
    Hugh Grandison(-121) hit Leyton Hightower(-45) 120.
    ****
    Both of them are dead. A draw.
  Duel between Leygoods(27) -WIL- and Trants(30) -WIL- has begun.
    Lord Leygood(495) hit Meryn Trant(500) 192.
    Meryn Trant(308) hit Lord Leygood(495) 145.
    ****
    Lord Leygood(350) took 25 damage as DOT.
    Meryn Trant(308) took 25 damage as DOT.
    Lord Leygood(325) hit Meryn Trant(283) 192.
    Meryn Trant(91) hit Lord Leygood(325) 145.
    ****
    Lord Leygood(180) took 50 damage as DOT.
    Meryn Trant(91) took 50 damage as DOT.
    Lord Leygood(130) hit Meryn Trant(41) 192.
    Meryn Trant(-151) hit Lord Leygood(130) 145.
    ****
    Both of them are dead. A draw.
  Duel between Beesburys(24) -WIZ- and Grandisons(30) -WHI- has begun.
    Lyman Beesbury(470) hit Hugh Grandison(675) 164.
    Hugh Grandison(511) hit Lyman Beesbury(470) 120.
    ****
    Lyman Beesbury(350) took 30 damage as DOT.
    Hugh Grandison(511) took 20 damage as DOT.
    Lyman Beesbury(320) hit Hugh Grandison(491) 164.
    Hugh Grandison(327) hit Lyman Beesbury(320) 120.
    ****
    Lyman Beesbury(200) took 60 damage as DOT.
    Hugh Grandison(327) took 40 damage as DOT.
    Lyman Beesbury(140) hit Hugh Grandison(287) 164.
    Hugh Grandison(123) hit Lyman Beesbury(140) 120.
    ****
    Lyman Beesbury(20) took 90 damage as DOT.
    Hugh Grandison(123) took 60 damage as DOT.
    Lyman Beesbury(-70) hit Hugh Grandison(63) 164.
    Hugh Grandison(-101) hit Lyman Beesbury(-70) 120.
    ****
    Both of them are dead. A draw.
  Duel between Hightowers(24) -WIZ- and Morrigens(30) -WIL- has begun.
    Leyton Hightower(495) hit Damon Morrigen(500) 169.
    Damon Morrigen(331) hit Leyton Hightower(495) 140.
    ****
    Leyton Hightower(355) took 25 damage as DOT.
    Damon Morrigen(331) took 20 damage as DOT.
    Leyton Hightower(330) hit Damon Morrigen(311) 169.
    Damon Morrigen(142) hit Leyton Hightower(330) 140.
    ****
    Leyton Hightower(190) took 50 damage as DOT.
    Damon Morrigen(142) took 40 damage as DOT.
    Leyton Hightower(140) hit Damon Morrigen(102) 169.
    Damon Morrigen(-67) hit Leyton Hightower(140) 140.
    ****
    Both of them are dead. A draw.
  Duel between Leygoods(27) -WIL- and Grandisons(30) -WHI- has begun.
    Lord Leygood(495) hit Hugh Grandison(675) 192.
    Hugh Grandison(483) hit Lord Leygood(495) 120.
    ****
    Lord Leygood(375) took 30 damage as DOT.
    Hugh Grandison(483) took 25 damage as DOT.
    Lord Leygood(345) hit Hugh Grandison(458) 192.
    Hugh Grandison(266) hit Lord Leygood(345) 120.
    ****
    Lord Leygood(225) took 60 damage as DOT.
    Hugh Grandison(266) took 50 damage as DOT.
    Lord Leygood(165) hit Hugh Grandison(216) 192.
    Hugh Grandison(24) hit Lord Leygood(165) 120.
    ****
    Lord Leygood(45) took 90 damage as DOT.
    Hugh Grandison(24) took 75 damage as DOT.
    Lord Leygood(-45) hit Hugh Grandison(-51) 192.
    Hugh Grandison(-243) hit Lord Leygood(-45) 120.
    ****
    Both of them are dead. A draw.
  Duel between Beesburys(24) -WIZ- and Morrigens(30) -WIL- has begun.
    Lyman Beesbury(470) hit Damon Morrigen(500) 164.
    Damon Morrigen(336) hit Lyman Beesbury(470) 140.
    ****
    Lyman Beesbury(330) took 25 damage as DOT.
    Damon Morrigen(336) took 20 damage as DOT.
    Lyman Beesbury(305) hit Damon Morrigen(316) 164.
    Damon Morrigen(152) hit Lyman Beesbury(305) 140.
    ****
    Lyman Beesbury(165) took 50 damage as DOT.
    Damon Morrigen(152) took 40 damage as DOT.
    Lyman Beesbury(115) hit Damon Morrigen(112) 164.
    Damon Morrigen(-52) hit Lyman Beesbury(115) 140.
    ****
    Both of them are dead. A draw.
  Duel between Hightowers(24) -WIZ- and Trants(30) -WIL- has begun.
    Leyton Hightower(495) hit Meryn Trant(500) 169.
    Meryn Trant(331) hit Leyton Hightower(495) 145.
    ****
    Leyton Hightower(350) took 25 damage as DOT.
    Meryn Trant(331) took 20 damage as DOT.
    Leyton Hightower(325) hit Meryn Trant(311) 169.
    Meryn Trant(142) hit Leyton Hightower(325) 145.
    ****
    Leyton Hightower(180) took 50 damage as DOT.
    Meryn Trant(142) took 40 damage as DOT.
    Leyton Hightower(130) hit Meryn Trant(102) 169.
    Meryn Trant(-67) hit Leyton Hightower(130) 145.
    ****
    Both of them are dead. A draw.
  Duel between House Lannister(50) -WHI- and House Tyrell(50) -WHI- has begun.
    Luthor Tyrell(670) hit Stannis Baratheon(600) 190.
    Stannis Baratheon(410) hit Luthor Tyrell(670) 140.
    ****
    Luthor Tyrell(530) took 30 damage as DOT.
    Stannis Baratheon(410) took 30 damage as DOT.
    Luthor Tyrell(500) hit Stannis Baratheon(380) 190.
    Stannis Baratheon(190) hit Luthor Tyrell(500) 140.
    ****
    Luthor Tyrell(360) took 60 damage as DOT.
    Stannis Baratheon(190) took 60 damage as DOT.
    Luthor Tyrell(300) hit Stannis Baratheon(130) 190.
    Stannis Baratheon(-60) hit Luthor Tyrell(300) 140.
    ****
    Luthor Tyrell(160) has won.
  The Reach got 3 house points. The Stormlands got 0 house points.

The winner is: The Reach with currently 1 kingdom points.
---------------
---------------
Duel 3: The Stormlands vs The Crownlands
  Duel between Morrigens(30) -WIL- and Rykkers(30) -WIZ- has begun.
    Damon Morrigen(500) hit Jaremy Rykker(585) 140.
    Jaremy Rykker(445) hit Damon Morrigen(500) 130.
    ****
    Damon Morrigen(370) took 20 damage as DOT.
    Jaremy Rykker(445) took 25 damage as DOT.
    Damon Morrigen(350) hit Jaremy Rykker(420) 140.
    Jaremy Rykker(280) hit Damon Morrigen(350) 130.
    ****
    Damon Morrigen(220) took 40 damage as DOT.
    Jaremy Rykker(280) took 50 damage as DOT.
    Damon Morrigen(180) hit Jaremy Rykker(230) 140.
    Jaremy Rykker(90) hit Damon Morrigen(180) 130.
    ****
    Damon Morrigen(50) took 60 damage as DOT.
    Jaremy Rykker(90) took 75 damage as DOT.
    Damon Morrigen(-10) hit Jaremy Rykker(15) 140.
    Jaremy Rykker(-125) hit Damon Morrigen(-10) 130.
    ****
    Both of them are dead. A draw.
  Duel between Trants(30) -WIL- and Brunes(30) -WIZ- has begun.
    Meryn Trant(500) hit Lothor Brune(535) 145.
    Lothor Brune(390) hit Meryn Trant(500) 135.
    ****
    Meryn Trant(365) took 20 damage as DOT.
    Lothor Brune(390) took 25 damage as DOT.
    Meryn Trant(345) hit Lothor Brune(365) 145.
    Lothor Brune(220) hit Meryn Trant(345) 135.
    ****
    Meryn Trant(210) took 40 damage as DOT.
    Lothor Brune(220) took 50 damage as DOT.
    Meryn Trant(170) hit Lothor Brune(170) 145.
    Lothor Brune(25) hit Meryn Trant(170) 135.
    ****
    Meryn Trant(35) took 60 damage as DOT.
    Lothor Brune(25) took 75 damage as DOT.
    Meryn Trant(-25) hit Lothor Brune(-50) 145.
    Lothor Brune(-195) hit Meryn Trant(-25) 135.
    ****
    Both of them are dead. A draw.
  Duel between Grandisons(30) -WHI- and Stokeworths(30) -WIL- has begun.
    Hugh Grandison(675) hit Tanda Stokeworth(560) 120.
    Tanda Stokeworth(440) hit Hugh Grandison(675) 155.
    ****
    Hugh Grandison(520) took 25 damage as DOT.
    Tanda Stokeworth(440) took 30 damage as DOT.
    Hugh Grandison(495) hit Tanda Stokeworth(410) 120.
    Tanda Stokeworth(290) hit Hugh Grandison(495) 155.
    ****
    Hugh Grandison(340) took 50 damage as DOT.
    Tanda Stokeworth(290) took 60 damage as DOT.
    Hugh Grandison(290) hit Tanda Stokeworth(230) 120.
    Tanda Stokeworth(110) hit Hugh Grandison(290) 155.
    ****
    Hugh Grandison(135) took 75 damage as DOT.
    Tanda Stokeworth(110) took 90 damage as DOT.
    Hugh Grandison(60) hit Tanda Stokeworth(20) 120.
    Tanda Stokeworth(-100) hit Hugh Grandison(60) 155.
    ****
    Both of them are dead. A draw.
  Duel between Morrigens(30) -WIL- and Brunes(30) -WIZ- has begun.
    Damon Morrigen(500) hit Lothor Brune(535) 140.
    Lothor Brune(395) hit Damon Morrigen(500) 135.
    ****
    Damon Morrigen(365) took 20 damage as DOT.
    Lothor Brune(395) took 25 damage as DOT.
    Damon Morrigen(345) hit Lothor Brune(370) 140.
    Lothor Brune(230) hit Damon Morrigen(345) 135.
    ****
    Damon Morrigen(210) took 40 damage as DOT.
    Lothor Brune(230) took 50 damage as DOT.
    Damon Morrigen(170) hit Lothor Brune(180) 140.
    Lothor Brune(40) hit Damon Morrigen(170) 135.
    ****
    Damon Morrigen(35) took 60 damage as DOT.
    Lothor Brune(40) took 75 damage as DOT.
    Damon Morrigen(-25) hit Lothor Brune(-35) 140.
    Lothor Brune(-175) hit Damon Morrigen(-25) 135.
    ****
    Both of them are dead. A draw.
  Duel between Trants(30) -WIL- and Stokeworths(30) -WIL- has begun.
    Meryn Trant(500) hit Tanda Stokeworth(560) 145.
    Tanda Stokeworth(415) hit Meryn Trant(500) 155.
    ****
    Meryn Trant(345) took 25 damage as DOT.
    Tanda Stokeworth(415) took 25 damage as DOT.
    Meryn Trant(320) hit Tanda Stokeworth(390) 145.
    Tanda Stokeworth(245) hit Meryn Trant(320) 155.
    ****
    Meryn Trant(165) took 50 damage as DOT.
    Tanda Stokeworth(245) took 50 damage as DOT.
    Meryn Trant(115) hit Tanda Stokeworth(195) 145.
    Tanda Stokeworth(50) hit Meryn Trant(115) 155.
    ****
    Tanda Stokeworth(50) has won.
  Duel between Grandisons(30) -WHI- and Rykkers(30) -WIZ- has begun.
    Hugh Grandison(675) hit Jaremy Rykker(585) 120.
    Jaremy Rykker(465) hit Hugh Grandison(675) 130.
    ****
    Hugh Grandison(545) took 20 damage as DOT.
    Jaremy Rykker(465) took 30 damage as DOT.
    Hugh Grandison(525) hit Jaremy Rykker(435) 120.
    Jaremy Rykker(315) hit Hugh Grandison(525) 130.
    ****
    Hugh Grandison(395) took 40 damage as DOT.
    Jaremy Rykker(315) took 60 damage as DOT.
    Hugh Grandison(355) hit Jaremy Rykker(255) 120.
    Jaremy Rykker(135) hit Hugh Grandison(355) 130.
    ****
    Hugh Grandison(225) took 60 damage as DOT.
    Jaremy Rykker(135) took 90 damage as DOT.
    Hugh Grandison(165) hit Jaremy Rykker(45) 120.
    Jaremy Rykker(-75) hit Hugh Grandison(165) 130.
    ****
    Hugh Grandison(35) has won.
  Duel between Morrigens(30) -WIL- and Stokeworths(33) -WIL- has begun.
    Damon Morrigen(500) hit Tanda Stokeworth(560) 140.
    Tanda Stokeworth(420) hit Damon Morrigen(500) 158.
    ****
    Damon Morrigen(342) took 25 damage as DOT.
    Tanda Stokeworth(420) took 25 damage as DOT.
    Damon Morrigen(317) hit Tanda Stokeworth(395) 140.
    Tanda Stokeworth(255) hit Damon Morrigen(317) 158.
    ****
    Damon Morrigen(159) took 50 damage as DOT.
    Tanda Stokeworth(255) took 50 damage as DOT.
    Damon Morrigen(109) hit Tanda Stokeworth(205) 140.
    Tanda Stokeworth(65) hit Damon Morrigen(109) 158.
    ****
    Tanda Stokeworth(65) has won.
  Duel between Trants(27) -WIL- and Rykkers(27) -WIZ- has begun.
    Meryn Trant(500) hit Jaremy Rykker(585) 142.
    Jaremy Rykker(443) hit Meryn Trant(500) 127.
    ****
    Meryn Trant(373) took 20 damage as DOT.
    Jaremy Rykker(443) took 25 damage as DOT.
    Meryn Trant(353) hit Jaremy Rykker(418) 142.
    Jaremy Rykker(276) hit Meryn Trant(353) 127.
    ****
    Meryn Trant(226) took 40 damage as DOT.
    Jaremy Rykker(276) took 50 damage as DOT.
    Meryn Trant(186) hit Jaremy Rykker(226) 142.
    Jaremy Rykker(84) hit Meryn Trant(186) 127.
    ****
    Meryn Trant(59) took 60 damage as DOT.
    Jaremy Rykker(84) took 75 damage as DOT.
    Meryn Trant(-1) hit Jaremy Rykker(9) 142.
    Jaremy Rykker(-133) hit Meryn Trant(-1) 127.
    ****
    Both of them are dead. A draw.
  Duel between Grandisons(33) -WHI- and Brunes(30) -WIZ- has begun.
    Hugh Grandison(675) hit Lothor Brune(535) 123.
    Lothor Brune(412) hit Hugh Grandison(675) 135.
    ****
    Hugh Grandison(540) took 20 damage as DOT.
    Lothor Brune(412) took 30 damage as DOT.
    Hugh Grandison(520) hit Lothor Brune(382) 123.
    Lothor Brune(259) hit Hugh Grandison(520) 135.
    ****
    Hugh Grandison(385) took 40 damage as DOT.
    Lothor Brune(259) took 60 damage as DOT.
    Hugh Grandison(345) hit Lothor Brune(199) 123.
    Lothor Brune(76) hit Hugh Grandison(345) 135.
    ****
    Hugh Grandison(210) took 60 damage as DOT.
    Lothor Brune(76) took 90 damage as DOT.
    Hugh Grandison(150) hit Lothor Brune(-14) 123.
    Lothor Brune(-137) hit Hugh Grandison(150) 135.
    ****
    Hugh Grandison(15) has won.
  Duel between House Tyrell(45) -WHI- and House Baratheon(50) -WHI- has begun.
    Stannis Baratheon(600) hit Viserys Targaryen(735) 135.
    Viserys Targaryen(600) hit Stannis Baratheon(600) 150.
    ****
    Stannis Baratheon(450) took 30 damage as DOT.
    Viserys Targaryen(600) took 30 damage as DOT.
    Stannis Baratheon(420) hit Viserys Targaryen(570) 135.
    Viserys Targaryen(435) hit Stannis Baratheon(420) 150.
    ****
    Stannis Baratheon(270) took 60 damage as DOT.
    Viserys Targaryen(435) took 60 damage as DOT.
    Stannis Baratheon(210) hit Viserys Targaryen(375) 135.
    Viserys Targaryen(240) hit Stannis Baratheon(210) 150.
    ****
    Stannis Baratheon(60) took 90 damage as DOT.
    Viserys Targaryen(240) took 90 damage as DOT.
    Stannis Baratheon(-30) hit Viserys Targaryen(150) 135.
    Viserys Targaryen(15) hit Stannis Baratheon(-30) 150.
    ****
    Viserys Targaryen(15) has won.
  The Stormlands got 2 house points. The Crownlands got 5 house points.

The winner is: The Crownlands with currently 1 kingdom points.
---------------
---------------
Duel 4: The Crownlands vs The Vale of Arryn
  Duel between Rykkers(27) -WIZ- and Tolletts(30) -WIL- has begun.
    Jaremy Rykker(585) hit Eddison Tollett(535) 127.
    Eddison Tollett(408) hit Jaremy Rykker(585) 155.
    ****
    Jaremy Rykker(430) took 25 damage as DOT.
    Eddison Tollett(408) took 20 damage as DOT.
    Jaremy Rykker(405) hit Eddison Tollett(388) 127.
    Eddison Tollett(261) hit Jaremy Rykker(405) 155.
    ****
    Jaremy Rykker(250) took 50 damage as DOT.
    Eddison Tollett(261) took 40 damage as DOT.
    Jaremy Rykker(200) hit Eddison Tollett(221) 127.
    Eddison Tollett(94) hit Jaremy Rykker(200) 155.
    ****
    Jaremy Rykker(45) took 75 damage as DOT.
    Eddison Tollett(94) took 60 damage as DOT.
    Jaremy Rykker(-30) hit Eddison Tollett(34) 127.
    Eddison Tollett(-93) hit Jaremy Rykker(-30) 155.
    ****
    Both of them are dead. A draw.
  Duel between Brunes(27) -WIZ- and Waynwoods(30) -WIZ- has begun.
    Lothor Brune(535) hit Anya Waynwood(585) 132.
    Anya Waynwood(453) hit Lothor Brune(535) 130.
    ****
    Lothor Brune(405) took 20 damage as DOT.
    Anya Waynwood(453) took 20 damage as DOT.
    Lothor Brune(385) hit Anya Waynwood(433) 132.
    Anya Waynwood(301) hit Lothor Brune(385) 130.
    ****
    Lothor Brune(255) took 40 damage as DOT.
    Anya Waynwood(301) took 40 damage as DOT.
    Lothor Brune(215) hit Anya Waynwood(261) 132.
    Anya Waynwood(129) hit Lothor Brune(215) 130.
    ****
    Lothor Brune(85) took 60 damage as DOT.
    Anya Waynwood(129) took 60 damage as DOT.
    Lothor Brune(25) hit Anya Waynwood(69) 132.
    Anya Waynwood(-63) hit Lothor Brune(25) 130.
    ****
    Both of them are dead. A draw.
  Duel between Stokeworths(36) -WIL- and Royces(30) -WHI- has begun.
    Tanda Stokeworth(560) hit Yohn Royce(660) 161.
    Yohn Royce(499) hit Tanda Stokeworth(560) 130.
    ****
    Tanda Stokeworth(430) took 30 damage as DOT.
    Yohn Royce(499) took 25 damage as DOT.
    Tanda Stokeworth(400) hit Yohn Royce(474) 161.
    Yohn Royce(313) hit Tanda Stokeworth(400) 130.
    ****
    Tanda Stokeworth(270) took 60 damage as DOT.
    Yohn Royce(313) took 50 damage as DOT.
    Tanda Stokeworth(210) hit Yohn Royce(263) 161.
    Yohn Royce(102) hit Tanda Stokeworth(210) 130.
    ****
    Tanda Stokeworth(80) took 90 damage as DOT.
    Yohn Royce(102) took 75 damage as DOT.
    Tanda Stokeworth(-10) hit Yohn Royce(27) 161.
    Yohn Royce(-134) hit Tanda Stokeworth(-10) 130.
    ****
    Both of them are dead. A draw.
  Duel between Rykkers(27) -WIZ- and Waynwoods(30) -WIZ- has begun.
    Jaremy Rykker(585) hit Anya Waynwood(585) 127.
    Anya Waynwood(458) hit Jaremy Rykker(585) 130.
    ****
    Jaremy Rykker(455) took 20 damage as DOT.
    Anya Waynwood(458) took 20 damage as DOT.
    Jaremy Rykker(435) hit Anya Waynwood(438) 127.
    Anya Waynwood(311) hit Jaremy Rykker(435) 130.
    ****
    Jaremy Rykker(305) took 40 damage as DOT.
    Anya Waynwood(311) took 40 damage as DOT.
    Jaremy Rykker(265) hit Anya Waynwood(271) 127.
    Anya Waynwood(144) hit Jaremy Rykker(265) 130.
    ****
    Jaremy Rykker(135) took 60 damage as DOT.
    Anya Waynwood(144) took 60 damage as DOT.
    Jaremy Rykker(75) hit Anya Waynwood(84) 127.
    Anya Waynwood(-43) hit Jaremy Rykker(75) 130.
    ****
    Both of them are dead. A draw.
  Duel between Brunes(27) -WIZ- and Royces(30) -WHI- has begun.
    Lothor Brune(535) hit Yohn Royce(660) 132.
    Yohn Royce(528) hit Lothor Brune(535) 130.
    ****
    Lothor Brune(405) took 30 damage as DOT.
    Yohn Royce(528) took 20 damage as DOT.
    Lothor Brune(375) hit Yohn Royce(508) 132.
    Yohn Royce(376) hit Lothor Brune(375) 130.
    ****
    Lothor Brune(245) took 60 damage as DOT.
    Yohn Royce(376) took 40 damage as DOT.
    Lothor Brune(185) hit Yohn Royce(336) 132.
    Yohn Royce(204) hit Lothor Brune(185) 130.
    ****
    Lothor Brune(55) took 90 damage as DOT.
    Yohn Royce(204) took 60 damage as DOT.
    Lothor Brune(-35) hit Yohn Royce(144) 132.
    Yohn Royce(12) hit Lothor Brune(-35) 130.
    ****
    Yohn Royce(12) has won.
  Duel between Stokeworths(36) -WIL- and Tolletts(30) -WIL- has begun.
    Tanda Stokeworth(560) hit Eddison Tollett(535) 161.
    Eddison Tollett(374) hit Tanda Stokeworth(560) 155.
    ****
    Tanda Stokeworth(405) took 25 damage as DOT.
    Eddison Tollett(374) took 25 damage as DOT.
    Tanda Stokeworth(380) hit Eddison Tollett(349) 161.
    Eddison Tollett(188) hit Tanda Stokeworth(380) 155.
    ****
    Tanda Stokeworth(225) took 50 damage as DOT.
    Eddison Tollett(188) took 50 damage as DOT.
    Tanda Stokeworth(175) hit Eddison Tollett(138) 161.
    Eddison Tollett(-23) hit Tanda Stokeworth(175) 155.
    ****
    Tanda Stokeworth(20) has won.
  Duel between Rykkers(27) -WIZ- and Royces(33) -WHI- has begun.
    Jaremy Rykker(585) hit Yohn Royce(660) 127.
    Yohn Royce(533) hit Jaremy Rykker(585) 133.
    ****
    Jaremy Rykker(452) took 30 damage as DOT.
    Yohn Royce(533) took 20 damage as DOT.
    Jaremy Rykker(422) hit Yohn Royce(513) 127.
    Yohn Royce(386) hit Jaremy Rykker(422) 133.
    ****
    Jaremy Rykker(289) took 60 damage as DOT.
    Yohn Royce(386) took 40 damage as DOT.
    Jaremy Rykker(229) hit Yohn Royce(346) 127.
    Yohn Royce(219) hit Jaremy Rykker(229) 133.
    ****
    Jaremy Rykker(96) took 90 damage as DOT.
    Yohn Royce(219) took 60 damage as DOT.
    Jaremy Rykker(6) hit Yohn Royce(159) 127.
    Yohn Royce(32) hit Jaremy Rykker(6) 133.
    ****
    Yohn Royce(32) has won.
  Duel between Brunes(24) -WIZ- and Tolletts(27) -WIL- has begun.
    Lothor Brune(535) hit Eddison Tollett(535) 129.
    Eddison Tollett(406) hit Lothor Brune(535) 152.
    ****
    Lothor Brune(383) took 25 damage as DOT.
    Eddison Tollett(406) took 20 damage as DOT.
    Lothor Brune(358) hit Eddison Tollett(386) 129.
    Eddison Tollett(257) hit Lothor Brune(358) 152.
    ****
    Lothor Brune(206) took 50 damage as DOT.
    Eddison Tollett(257) took 40 damage as DOT.
    Lothor Brune(156) hit Eddison Tollett(217) 129.
    Eddison Tollett(88) hit Lothor Brune(156) 152.
    ****
    Lothor Brune(4) took 75 damage as DOT.
    Eddison Tollett(88) took 60 damage as DOT.
    Lothor Brune(-71) hit Eddison Tollett(28) 129.
    Eddison Tollett(-101) hit Lothor Brune(-71) 152.
    ****
    Both of them are dead. A draw.
  Duel between Stokeworths(39) -WIL- and Waynwoods(30) -WIZ- has begun.
    Tanda Stokeworth(560) hit Anya Waynwood(585) 164.
    Anya Waynwood(421) hit Tanda Stokeworth(560) 130.
    ****
    Tanda Stokeworth(430) took 20 damage as DOT.
    Anya Waynwood(421) took 25 damage as DOT.
    Tanda Stokeworth(410) hit Anya Waynwood(396) 164.
    Anya Waynwood(232) hit Tanda Stokeworth(410) 130.
    ****
    Tanda Stokeworth(280) took 40 damage as DOT.
    Anya Waynwood(232) took 50 damage as DOT.
    Tanda Stokeworth(240) hit Anya Waynwood(182) 164.
    Anya Waynwood(18) hit Tanda Stokeworth(240) 130.
    ****
    Tanda Stokeworth(110) took 60 damage as DOT.
    Anya Waynwood(18) took 75 damage as DOT.
    Tanda Stokeworth(50) hit Anya Waynwood(-57) 164.
    Anya Waynwood(-221) hit Tanda Stokeworth(50) 130.
    ****
    Both of them are dead. A draw.
  Duel between House Baratheon(55) -WHI- and House Arryn(50) -WHI- has begun.
    Viserys Targaryen(735) hit Petry Baelish(685) 155.
    Petry Baelish(530) hit Viserys Targaryen(735) 150.
    ****
    Viserys Targaryen(585) took 30 damage as DOT.
    Petry Baelish(530) took 30 damage as DOT.
    Viserys Targaryen(555) hit Petry Baelish(500) 155.
    Petry Baelish(345) hit Viserys Targaryen(555) 150.
    ****
    Viserys Targaryen(405) took 60 damage as DOT.
    Petry Baelish(345) took 60 damage as DOT.
    Viserys Targaryen(345) hit Petry Baelish(285) 155.
    Petry Baelish(130) hit Viserys Targaryen(345) 150.
    ****
    Viserys Targaryen(195) took 90 damage as DOT.
    Petry Baelish(130) took 90 damage as DOT.
    Viserys Targaryen(105) hit Petry Baelish(40) 155.
    Petry Baelish(-115) hit Viserys Targaryen(105) 150.
    ****
    Both of them are dead. A draw.
  The Crownlands got 1 house points. The Vale of Arryn got 2 house points.

The winner is: The Vale of Arryn with currently 1 kingdom points.
---------------
---------------
Duel 5: The Riverlands vs The Stormlands
  Duel between Mootons(30) -WIL- and Morrigens(27) -WIL- has begun.
    William Mooton(500) hit Damon Morrigen(500) 210.
    Damon Morrigen(290) hit William Mooton(500) 137.
    ****
    William Mooton(363) took 25 damage as DOT.
    Damon Morrigen(290) took 25 damage as DOT.
    William Mooton(338) hit Damon Morrigen(265) 210.
    Damon Morrigen(55) hit William Mooton(338) 137.
    ****
    William Mooton(201) took 50 damage as DOT.
    Damon Morrigen(55) took 50 damage as DOT.
    William Mooton(151) hit Damon Morrigen(5) 210.
    Damon Morrigen(-205) hit William Mooton(151) 137.
    ****
    William Mooton(14) has won.
  Duel between Mallisters(39) -WHI- and Trants(27) -WIL- has begun.
    Jason Mallister(675) hit Meryn Trant(500) 199.
    Meryn Trant(301) hit Jason Mallister(675) 142.
    ****
    Jason Mallister(533) took 25 damage as DOT.
    Meryn Trant(301) took 30 damage as DOT.
    Jason Mallister(508) hit Meryn Trant(271) 199.
    Meryn Trant(72) hit Jason Mallister(508) 142.
    ****
    Jason Mallister(366) took 50 damage as DOT.
    Meryn Trant(72) took 60 damage as DOT.
    Jason Mallister(316) hit Meryn Trant(12) 199.
    Meryn Trant(-187) hit Jason Mallister(316) 142.
    ****
    Jason Mallister(174) has won.
  Duel between Smallwoods(36) -WHI- and Grandisons(36) -WHI- has begun.
    Theomar Smallwood(650) hit Hugh Grandison(675) 196.
    Hugh Grandison(479) hit Theomar Smallwood(650) 126.
    ****
    Theomar Smallwood(524) took 30 damage as DOT.
    Hugh Grandison(479) took 30 damage as DOT.
    Theomar Smallwood(494) hit Hugh Grandison(449) 196.
    Hugh Grandison(253) hit Theomar Smallwood(494) 126.
    ****
    Theomar Smallwood(368) took 60 damage as DOT.
    Hugh Grandison(253) took 60 damage as DOT.
    Theomar Smallwood(308) hit Hugh Grandison(193) 196.
    Hugh Grandison(-3) hit Theomar Smallwood(308) 126.
    ****
    Theomar Smallwood(182) has won.
  Duel between Mootons(33) -WIL- and Trants(24) -WIL- has begun.
    William Mooton(500) hit Meryn Trant(500) 213.
    Meryn Trant(287) hit William Mooton(500) 139.
    ****
    William Mooton(361) took 25 damage as DOT.
    Meryn Trant(287) took 25 damage as DOT.
    William Mooton(336) hit Meryn Trant(262) 213.
    Meryn Trant(49) hit William Mooton(336) 139.
    ****
    William Mooton(197) took 50 damage as DOT.
    Meryn Trant(49) took 50 damage as DOT.
    William Mooton(147) hit Meryn Trant(-1) 213.
    Meryn Trant(-214) hit William Mooton(147) 139.
    ****
    William Mooton(8) has won.
  Duel between Mallisters(42) -WHI- and Grandisons(33) -WHI- has begun.
    Jason Mallister(675) hit Hugh Grandison(675) 202.
    Hugh Grandison(473) hit Jason Mallister(675) 123.
    ****
    Jason Mallister(552) took 30 damage as DOT.
    Hugh Grandison(473) took 30 damage as DOT.
    Jason Mallister(522) hit Hugh Grandison(443) 202.
    Hugh Grandison(241) hit Jason Mallister(522) 123.
    ****
    Jason Mallister(399) took 60 damage as DOT.
    Hugh Grandison(241) took 60 damage as DOT.
    Jason Mallister(339) hit Hugh Grandison(181) 202.
    Hugh Grandison(-21) hit Jason Mallister(339) 123.
    ****
    Jason Mallister(216) has won.
  Duel between Smallwoods(39) -WHI- and Morrigens(24) -WIL- has begun.
    Theomar Smallwood(650) hit Damon Morrigen(500) 199.
    Damon Morrigen(301) hit Theomar Smallwood(650) 134.
    ****
    Theomar Smallwood(516) took 25 damage as DOT.
    Damon Morrigen(301) took 30 damage as DOT.
    Theomar Smallwood(491) hit Damon Morrigen(271) 199.
    Damon Morrigen(72) hit Theomar Smallwood(491) 134.
    ****
    Theomar Smallwood(357) took 50 damage as DOT.
    Damon Morrigen(72) took 60 damage as DOT.
    Theomar Smallwood(307) hit Damon Morrigen(12) 199.
    Damon Morrigen(-187) hit Theomar Smallwood(307) 134.
    ****
    Theomar Smallwood(173) has won.
  Duel between Mootons(36) -WIL- and Grandisons(30) -WHI- has begun.
    William Mooton(500) hit Hugh Grandison(675) 216.
    Hugh Grandison(459) hit William Mooton(500) 120.
    ****
    William Mooton(380) took 30 damage as DOT.
    Hugh Grandison(459) took 25 damage as DOT.
    William Mooton(350) hit Hugh Grandison(434) 216.
    Hugh Grandison(218) hit William Mooton(350) 120.
    ****
    William Mooton(230) took 60 damage as DOT.
    Hugh Grandison(218) took 50 damage as DOT.
    William Mooton(170) hit Hugh Grandison(168) 216.
    Hugh Grandison(-48) hit William Mooton(170) 120.
    ****
    William Mooton(50) has won.
  Duel between Mallisters(45) -WHI- and Morrigens(21) -WIL- has begun.
    Jason Mallister(675) hit Damon Morrigen(500) 205.
    Damon Morrigen(295) hit Jason Mallister(675) 131.
    ****
    Jason Mallister(544) took 25 damage as DOT.
    Damon Morrigen(295) took 30 damage as DOT.
    Jason Mallister(519) hit Damon Morrigen(265) 205.
    Damon Morrigen(60) hit Jason Mallister(519) 131.
    ****
    Jason Mallister(388) took 50 damage as DOT.
    Damon Morrigen(60) took 60 damage as DOT.
    Jason Mallister(338) hit Damon Morrigen(0) 205.
    Damon Morrigen(-205) hit Jason Mallister(338) 131.
    ****
    Jason Mallister(207) has won.
  Duel between Smallwoods(42) -WHI- and Trants(21) -WIL- has begun.
    Theomar Smallwood(650) hit Meryn Trant(500) 202.
    Meryn Trant(298) hit Theomar Smallwood(650) 136.
    ****
    Theomar Smallwood(514) took 25 damage as DOT.
    Meryn Trant(298) took 30 damage as DOT.
    Theomar Smallwood(489) hit Meryn Trant(268) 202.
    Meryn Trant(66) hit Theomar Smallwood(489) 136.
    ****
    Theomar Smallwood(353) took 50 damage as DOT.
    Meryn Trant(66) took 60 damage as DOT.
    Theomar Smallwood(303) hit Meryn Trant(6) 202.
    Meryn Trant(-196) hit Theomar Smallwood(303) 136.
    ****
    Theomar Smallwood(167) has won.
  Duel between House Bolton(50) -WIL- and House Tyrell(40) -WHI- has begun.
    Stevron Frey(425) hit Stannis Baratheon(600) 230.
    Stannis Baratheon(370) hit Stevron Frey(425) 130.
    ****
    Stevron Frey(295) took 30 damage as DOT.
    Stannis Baratheon(370) took 25 damage as DOT.
    Stevron Frey(265) hit Stannis Baratheon(345) 230.
    Stannis Baratheon(115) hit Stevron Frey(265) 130.
    ****
    Stevron Frey(135) took 60 damage as DOT.
    Stannis Baratheon(115) took 50 damage as DOT.
    Stevron Frey(75) hit Stannis Baratheon(65) 230.
    Stannis Baratheon(-165) hit Stevron Frey(75) 130.
    ****
    Both of them are dead. A draw.
  The Riverlands got 9 house points. The Stormlands got 0 house points.

The winner is: The Riverlands with currently 2 kingdom points.
---------------
---------------
Duel 6: The Reach vs The Crownlands
  Duel between Leygoods(27) -WIL- and Rykkers(24) -WIZ- has begun.
    Lord Leygood(495) hit Jaremy Rykker(585) 192.
    Jaremy Rykker(393) hit Lord Leygood(495) 124.
    ****
    Lord Leygood(371) took 20 damage as DOT.
    Jaremy Rykker(393) took 25 damage as DOT.
    Lord Leygood(351) hit Jaremy Rykker(368) 192.
    Jaremy Rykker(176) hit Lord Leygood(351) 124.
    ****
    Lord Leygood(227) took 40 damage as DOT.
    Jaremy Rykker(176) took 50 damage as DOT.
    Lord Leygood(187) hit Jaremy Rykker(126) 192.
    Jaremy Rykker(-66) hit Lord Leygood(187) 124.
    ****
    Lord Leygood(63) has won.
  Duel between Beesburys(24) -WIZ- and Brunes(24) -WIZ- has begun.
    Lyman Beesbury(470) hit Lothor Brune(535) 164.
    Lothor Brune(371) hit Lyman Beesbury(470) 129.
    ****
    Lyman Beesbury(341) took 20 damage as DOT.
    Lothor Brune(371) took 20 damage as DOT.
    Lyman Beesbury(321) hit Lothor Brune(351) 164.
    Lothor Brune(187) hit Lyman Beesbury(321) 129.
    ****
    Lyman Beesbury(192) took 40 damage as DOT.
    Lothor Brune(187) took 40 damage as DOT.
    Lyman Beesbury(152) hit Lothor Brune(147) 164.
    Lothor Brune(-17) hit Lyman Beesbury(152) 129.
    ****
    Lyman Beesbury(23) has won.
  Duel between Hightowers(24) -WIZ- and Stokeworths(39) -WIL- has begun.
    Leyton Hightower(495) hit Tanda Stokeworth(560) 169.
    Tanda Stokeworth(391) hit Leyton Hightower(495) 164.
    ****
    Leyton Hightower(331) took 25 damage as DOT.
    Tanda Stokeworth(391) took 20 damage as DOT.
    Leyton Hightower(306) hit Tanda Stokeworth(371) 169.
    Tanda Stokeworth(202) hit Leyton Hightower(306) 164.
    ****
    Leyton Hightower(142) took 50 damage as DOT.
    Tanda Stokeworth(202) took 40 damage as DOT.
    Leyton Hightower(92) hit Tanda Stokeworth(162) 169.
    Tanda Stokeworth(-7) hit Leyton Hightower(92) 164.
    ****
    Both of them are dead. A draw.
  Duel between Leygoods(30) -WIL- and Brunes(21) -WIZ- has begun.
    Lord Leygood(495) hit Lothor Brune(535) 195.
    Lothor Brune(340) hit Lord Leygood(495) 126.
    ****
    Lord Leygood(369) took 20 damage as DOT.
    Lothor Brune(340) took 25 damage as DOT.
    Lord Leygood(349) hit Lothor Brune(315) 195.
    Lothor Brune(120) hit Lord Leygood(349) 126.
    ****
    Lord Leygood(223) took 40 damage as DOT.
    Lothor Brune(120) took 50 damage as DOT.
    Lord Leygood(183) hit Lothor Brune(70) 195.
    Lothor Brune(-125) hit Lord Leygood(183) 126.
    ****
    Lord Leygood(57) has won.
  Duel between Beesburys(27) -WIZ- and Stokeworths(39) -WIL- has begun.
    Lyman Beesbury(470) hit Tanda Stokeworth(560) 167.
    Tanda Stokeworth(393) hit Lyman Beesbury(470) 164.
    ****
    Lyman Beesbury(306) took 25 damage as DOT.
    Tanda Stokeworth(393) took 20 damage as DOT.
    Lyman Beesbury(281) hit Tanda Stokeworth(373) 167.
    Tanda Stokeworth(206) hit Lyman Beesbury(281) 164.
    ****
    Lyman Beesbury(117) took 50 damage as DOT.
    Tanda Stokeworth(206) took 40 damage as DOT.
    Lyman Beesbury(67) hit Tanda Stokeworth(166) 167.
    Tanda Stokeworth(-1) hit Lyman Beesbury(67) 164.
    ****
    Both of them are dead. A draw.
  Duel between Hightowers(24) -WIZ- and Rykkers(21) -WIZ- has begun.
    Leyton Hightower(495) hit Jaremy Rykker(585) 169.
    Jaremy Rykker(416) hit Leyton Hightower(495) 121.
    ****
    Leyton Hightower(374) took 20 damage as DOT.
    Jaremy Rykker(416) took 20 damage as DOT.
    Leyton Hightower(354) hit Jaremy Rykker(396) 169.
    Jaremy Rykker(227) hit Leyton Hightower(354) 121.
    ****
    Leyton Hightower(233) took 40 damage as DOT.
    Jaremy Rykker(227) took 40 damage as DOT.
    Leyton Hightower(193) hit Jaremy Rykker(187) 169.
    Jaremy Rykker(18) hit Leyton Hightower(193) 121.
    ****
    Leyton Hightower(72) took 60 damage as DOT.
    Jaremy Rykker(18) took 60 damage as DOT.
    Leyton Hightower(12) hit Jaremy Rykker(-42) 169.
    Jaremy Rykker(-211) hit Leyton Hightower(12) 121.
    ****
    Both of them are dead. A draw.
  Duel between Leygoods(33) -WIL- and Stokeworths(39) -WIL- has begun.
    Lord Leygood(495) hit Tanda Stokeworth(560) 198.
    Tanda Stokeworth(362) hit Lord Leygood(495) 164.
    ****
    Lord Leygood(331) took 25 damage as DOT.
    Tanda Stokeworth(362) took 25 damage as DOT.
    Lord Leygood(306) hit Tanda Stokeworth(337) 198.
    Tanda Stokeworth(139) hit Lord Leygood(306) 164.
    ****
    Lord Leygood(142) took 50 damage as DOT.
    Tanda Stokeworth(139) took 50 damage as DOT.
    Lord Leygood(92) hit Tanda Stokeworth(89) 198.
    Tanda Stokeworth(-109) hit Lord Leygood(92) 164.
    ****
    Both of them are dead. A draw.
  Duel between Beesburys(27) -WIZ- and Rykkers(21) -WIZ- has begun.
    Lyman Beesbury(470) hit Jaremy Rykker(585) 167.
    Jaremy Rykker(418) hit Lyman Beesbury(470) 121.
    ****
    Lyman Beesbury(349) took 20 damage as DOT.
    Jaremy Rykker(418) took 20 damage as DOT.
    Lyman Beesbury(329) hit Jaremy Rykker(398) 167.
    Jaremy Rykker(231) hit Lyman Beesbury(329) 121.
    ****
    Lyman Beesbury(208) took 40 damage as DOT.
    Jaremy Rykker(231) took 40 damage as DOT.
    Lyman Beesbury(168) hit Jaremy Rykker(191) 167.
    Jaremy Rykker(24) hit Lyman Beesbury(168) 121.
    ****
    Lyman Beesbury(47) took 60 damage as DOT.
    Jaremy Rykker(24) took 60 damage as DOT.
    Lyman Beesbury(-13) hit Jaremy Rykker(-36) 167.
    Jaremy Rykker(-203) hit Lyman Beesbury(-13) 121.
    ****
    Both of them are dead. A draw.
  Duel between Hightowers(24) -WIZ- and Brunes(18) -WIZ- has begun.
    Leyton Hightower(495) hit Lothor Brune(535) 169.
    Lothor Brune(366) hit Leyton Hightower(495) 123.
    ****
    Leyton Hightower(372) took 20 damage as DOT.
    Lothor Brune(366) took 20 damage as DOT.
    Leyton Hightower(352) hit Lothor Brune(346) 169.
    Lothor Brune(177) hit Leyton Hightower(352) 123.
    ****
    Leyton Hightower(229) took 40 damage as DOT.
    Lothor Brune(177) took 40 damage as DOT.
    Leyton Hightower(189) hit Lothor Brune(137) 169.
    Lothor Brune(-32) hit Leyton Hightower(189) 123.
    ****
    Leyton Hightower(66) has won.
  Duel between House Lannister(55) -WHI- and House Baratheon(55) -WHI- has begun.
    Luthor Tyrell(670) hit Viserys Targaryen(735) 195.
    Viserys Targaryen(540) hit Luthor Tyrell(670) 155.
    ****
    Luthor Tyrell(515) took 30 damage as DOT.
    Viserys Targaryen(540) took 30 damage as DOT.
    Luthor Tyrell(485) hit Viserys Targaryen(510) 195.
    Viserys Targaryen(315) hit Luthor Tyrell(485) 155.
    ****
    Luthor Tyrell(330) took 60 damage as DOT.
    Viserys Targaryen(315) took 60 damage as DOT.
    Luthor Tyrell(270) hit Viserys Targaryen(255) 195.
    Viserys Targaryen(60) hit Luthor Tyrell(270) 155.
    ****
    Luthor Tyrell(115) took 90 damage as DOT.
    Viserys Targaryen(60) took 90 damage as DOT.
    Luthor Tyrell(25) hit Viserys Targaryen(-30) 195.
    Viserys Targaryen(-225) hit Luthor Tyrell(25) 155.
    ****
    Both of them are dead. A draw.
  The Reach got 4 house points. The Crownlands got 0 house points.

The winner is: The Reach with currently 2 kingdom points.
---------------
---------------
Duel 7: The Stormlands vs The Vale of Arryn
  Duel between Morrigens(18) -WIL- and Tolletts(27) -WIL- has begun.
    Damon Morrigen(500) hit Eddison Tollett(535) 128.
    Eddison Tollett(407) hit Damon Morrigen(500) 152.
    ****
    Damon Morrigen(348) took 25 damage as DOT.
    Eddison Tollett(407) took 25 damage as DOT.
    Damon Morrigen(323) hit Eddison Tollett(382) 128.
    Eddison Tollett(254) hit Damon Morrigen(323) 152.
    ****
    Damon Morrigen(171) took 50 damage as DOT.
    Eddison Tollett(254) took 50 damage as DOT.
    Damon Morrigen(121) hit Eddison Tollett(204) 128.
    Eddison Tollett(76) hit Damon Morrigen(121) 152.
    ****
    Eddison Tollett(76) has won.
  Duel between Trants(18) -WIL- and Waynwoods(30) -WIZ- has begun.
    Meryn Trant(500) hit Anya Waynwood(585) 133.
    Anya Waynwood(452) hit Meryn Trant(500) 130.
    ****
    Meryn Trant(370) took 20 damage as DOT.
    Anya Waynwood(452) took 25 damage as DOT.
    Meryn Trant(350) hit Anya Waynwood(427) 133.
    Anya Waynwood(294) hit Meryn Trant(350) 130.
    ****
    Meryn Trant(220) took 40 damage as DOT.
    Anya Waynwood(294) took 50 damage as DOT.
    Meryn Trant(180) hit Anya Waynwood(244) 133.
    Anya Waynwood(111) hit Meryn Trant(180) 130.
    ****
    Meryn Trant(50) took 60 damage as DOT.
    Anya Waynwood(111) took 75 damage as DOT.
    Meryn Trant(-10) hit Anya Waynwood(36) 133.
    Anya Waynwood(-97) hit Meryn Trant(-10) 130.
    ****
    Both of them are dead. A draw.
  Duel between Grandisons(27) -WHI- and Royces(36) -WHI- has begun.
    Hugh Grandison(675) hit Yohn Royce(660) 117.
    Yohn Royce(543) hit Hugh Grandison(675) 136.
    ****
    Hugh Grandison(539) took 30 damage as DOT.
    Yohn Royce(543) took 30 damage as DOT.
    Hugh Grandison(509) hit Yohn Royce(513) 117.
    Yohn Royce(396) hit Hugh Grandison(509) 136.
    ****
    Hugh Grandison(373) took 60 damage as DOT.
    Yohn Royce(396) took 60 damage as DOT.
    Hugh Grandison(313) hit Yohn Royce(336) 117.
    Yohn Royce(219) hit Hugh Grandison(313) 136.
    ****
    Hugh Grandison(177) took 90 damage as DOT.
    Yohn Royce(219) took 90 damage as DOT.
    Hugh Grandison(87) hit Yohn Royce(129) 117.
    Yohn Royce(12) hit Hugh Grandison(87) 136.
    ****
    Yohn Royce(12) has won.
  Duel between Morrigens(15) -WIL- and Waynwoods(30) -WIZ- has begun.
    Damon Morrigen(500) hit Anya Waynwood(585) 125.
    Anya Waynwood(460) hit Damon Morrigen(500) 130.
    ****
    Damon Morrigen(370) took 20 damage as DOT.
    Anya Waynwood(460) took 25 damage as DOT.
    Damon Morrigen(350) hit Anya Waynwood(435) 125.
    Anya Waynwood(310) hit Damon Morrigen(350) 130.
    ****
    Damon Morrigen(220) took 40 damage as DOT.
    Anya Waynwood(310) took 50 damage as DOT.
    Damon Morrigen(180) hit Anya Waynwood(260) 125.
    Anya Waynwood(135) hit Damon Morrigen(180) 130.
    ****
    Damon Morrigen(50) took 60 damage as DOT.
    Anya Waynwood(135) took 75 damage as DOT.
    Damon Morrigen(-10) hit Anya Waynwood(60) 125.
    Anya Waynwood(-65) hit Damon Morrigen(-10) 130.
    ****
    Both of them are dead. A draw.
  Duel between Trants(18) -WIL- and Royces(39) -WHI- has begun.
    Meryn Trant(500) hit Yohn Royce(660) 133.
    Yohn Royce(527) hit Meryn Trant(500) 139.
    ****
    Meryn Trant(361) took 30 damage as DOT.
    Yohn Royce(527) took 25 damage as DOT.
    Meryn Trant(331) hit Yohn Royce(502) 133.
    Yohn Royce(369) hit Meryn Trant(331) 139.
    ****
    Meryn Trant(192) took 60 damage as DOT.
    Yohn Royce(369) took 50 damage as DOT.
    Meryn Trant(132) hit Yohn Royce(319) 133.
    Yohn Royce(186) hit Meryn Trant(132) 139.
    ****
    Yohn Royce(186) has won.
  Duel between Grandisons(24) -WHI- and Tolletts(30) -WIL- has begun.
    Hugh Grandison(675) hit Eddison Tollett(535) 114.
    Eddison Tollett(421) hit Hugh Grandison(675) 155.
    ****
    Hugh Grandison(520) took 25 damage as DOT.
    Eddison Tollett(421) took 30 damage as DOT.
    Hugh Grandison(495) hit Eddison Tollett(391) 114.
    Eddison Tollett(277) hit Hugh Grandison(495) 155.
    ****
    Hugh Grandison(340) took 50 damage as DOT.
    Eddison Tollett(277) took 60 damage as DOT.
    Hugh Grandison(290) hit Eddison Tollett(217) 114.
    Eddison Tollett(103) hit Hugh Grandison(290) 155.
    ****
    Hugh Grandison(135) took 75 damage as DOT.
    Eddison Tollett(103) took 90 damage as DOT.
    Hugh Grandison(60) hit Eddison Tollett(13) 114.
    Eddison Tollett(-101) hit Hugh Grandison(60) 155.
    ****
    Both of them are dead. A draw.
  Duel between Morrigens(15) -WIL- and Royces(42) -WHI- has begun.
    Damon Morrigen(500) hit Yohn Royce(660) 125.
    Yohn Royce(535) hit Damon Morrigen(500) 142.
    ****
    Damon Morrigen(358) took 30 damage as DOT.
    Yohn Royce(535) took 25 damage as DOT.
    Damon Morrigen(328) hit Yohn Royce(510) 125.
    Yohn Royce(385) hit Damon Morrigen(328) 142.
    ****
    Damon Morrigen(186) took 60 damage as DOT.
    Yohn Royce(385) took 50 damage as DOT.
    Damon Morrigen(126) hit Yohn Royce(335) 125.
    Yohn Royce(210) hit Damon Morrigen(126) 142.
    ****
    Yohn Royce(210) has won.
  Duel between Trants(15) -WIL- and Tolletts(30) -WIL- has begun.
    Meryn Trant(500) hit Eddison Tollett(535) 130.
    Eddison Tollett(405) hit Meryn Trant(500) 155.
    ****
    Meryn Trant(345) took 25 damage as DOT.
    Eddison Tollett(405) took 25 damage as DOT.
    Meryn Trant(320) hit Eddison Tollett(380) 130.
    Eddison Tollett(250) hit Meryn Trant(320) 155.
    ****
    Meryn Trant(165) took 50 damage as DOT.
    Eddison Tollett(250) took 50 damage as DOT.
    Meryn Trant(115) hit Eddison Tollett(200) 130.
    Eddison Tollett(70) hit Meryn Trant(115) 155.
    ****
    Eddison Tollett(70) has won.
  Duel between Grandisons(24) -WHI- and Waynwoods(30) -WIZ- has begun.
    Hugh Grandison(675) hit Anya Waynwood(585) 114.
    Anya Waynwood(471) hit Hugh Grandison(675) 130.
    ****
    Hugh Grandison(545) took 20 damage as DOT.
    Anya Waynwood(471) took 30 damage as DOT.
    Hugh Grandison(525) hit Anya Waynwood(441) 114.
    Anya Waynwood(327) hit Hugh Grandison(525) 130.
    ****
    Hugh Grandison(395) took 40 damage as DOT.
    Anya Waynwood(327) took 60 damage as DOT.
    Hugh Grandison(355) hit Anya Waynwood(267) 114.
    Anya Waynwood(153) hit Hugh Grandison(355) 130.
    ****
    Hugh Grandison(225) took 60 damage as DOT.
    Anya Waynwood(153) took 90 damage as DOT.
    Hugh Grandison(165) hit Anya Waynwood(63) 114.
    Anya Waynwood(-51) hit Hugh Grandison(165) 130.
    ****
    Hugh Grandison(35) has won.
  Duel between House Tyrell(40) -WHI- and House Arryn(50) -WHI- has begun.
    Stannis Baratheon(600) hit Petry Baelish(685) 130.
    Petry Baelish(555) hit Stannis Baratheon(600) 150.
    ****
    Stannis Baratheon(450) took 30 damage as DOT.
    Petry Baelish(555) took 30 damage as DOT.
    Stannis Baratheon(420) hit Petry Baelish(525) 130.
    Petry Baelish(395) hit Stannis Baratheon(420) 150.
    ****
    Stannis Baratheon(270) took 60 damage as DOT.
    Petry Baelish(395) took 60 damage as DOT.
    Stannis Baratheon(210) hit Petry Baelish(335) 130.
    Petry Baelish(205) hit Stannis Baratheon(210) 150.
    ****
    Stannis Baratheon(60) took 90 damage as DOT.
    Petry Baelish(205) took 90 damage as DOT.
    Stannis Baratheon(-30) hit Petry Baelish(115) 130.
    Petry Baelish(-15) hit Stannis Baratheon(-30) 150.
    ****
    Both of them are dead. A draw.
  The Stormlands got 1 house points. The Vale of Arryn got 5 house points.

The winner is: The Vale of Arryn with currently 2 kingdom points.
---------------
---------------
Duel 8: The Riverlands vs The Crownlands
  Duel between Mootons(39) -WIL- and Rykkers(21) -WIZ- has begun.
    William Mooton(500) hit Jaremy Rykker(585) 219.
    Jaremy Rykker(366) hit William Mooton(500) 121.
    ****
    William Mooton(379) took 20 damage as DOT.
    Jaremy Rykker(366) took 25 damage as DOT.
    William Mooton(359) hit Jaremy Rykker(341) 219.
    Jaremy Rykker(122) hit William Mooton(359) 121.
    ****
    William Mooton(238) took 40 damage as DOT.
    Jaremy Rykker(122) took 50 damage as DOT.
    William Mooton(198) hit Jaremy Rykker(72) 219.
    Jaremy Rykker(-147) hit William Mooton(198) 121.
    ****
    William Mooton(77) has won.
  Duel between Mallisters(48) -WHI- and Brunes(15) -WIZ- has begun.
    Jason Mallister(675) hit Lothor Brune(535) 208.
    Lothor Brune(327) hit Jason Mallister(675) 120.
    ****
    Jason Mallister(555) took 20 damage as DOT.
    Lothor Brune(327) took 30 damage as DOT.
    Jason Mallister(535) hit Lothor Brune(297) 208.
    Lothor Brune(89) hit Jason Mallister(535) 120.
    ****
    Jason Mallister(415) took 40 damage as DOT.
    Lothor Brune(89) took 60 damage as DOT.
    Jason Mallister(375) hit Lothor Brune(29) 208.
    Lothor Brune(-179) hit Jason Mallister(375) 120.
    ****
    Jason Mallister(255) has won.
  Duel between Smallwoods(45) -WHI- and Stokeworths(39) -WIL- has begun.
    Theomar Smallwood(650) hit Tanda Stokeworth(560) 205.
    Tanda Stokeworth(355) hit Theomar Smallwood(650) 164.
    ****
    Theomar Smallwood(486) took 25 damage as DOT.
    Tanda Stokeworth(355) took 30 damage as DOT.
    Theomar Smallwood(461) hit Tanda Stokeworth(325) 205.
    Tanda Stokeworth(120) hit Theomar Smallwood(461) 164.
    ****
    Theomar Smallwood(297) took 50 damage as DOT.
    Tanda Stokeworth(120) took 60 damage as DOT.
    Theomar Smallwood(247) hit Tanda Stokeworth(60) 205.
    Tanda Stokeworth(-145) hit Theomar Smallwood(247) 164.
    ****
    Theomar Smallwood(83) has won.
  Duel between Mootons(42) -WIL- and Brunes(12) -WIZ- has begun.
    William Mooton(500) hit Lothor Brune(535) 222.
    Lothor Brune(313) hit William Mooton(500) 117.
    ****
    William Mooton(383) took 20 damage as DOT.
    Lothor Brune(313) took 25 damage as DOT.
    William Mooton(363) hit Lothor Brune(288) 222.
    Lothor Brune(66) hit William Mooton(363) 117.
    ****
    William Mooton(246) took 40 damage as DOT.
    Lothor Brune(66) took 50 damage as DOT.
    William Mooton(206) hit Lothor Brune(16) 222.
    Lothor Brune(-206) hit William Mooton(206) 117.
    ****
    William Mooton(89) has won.
  Duel between Mallisters(51) -WHI- and Stokeworths(36) -WIL- has begun.
    Jason Mallister(675) hit Tanda Stokeworth(560) 211.
    Tanda Stokeworth(349) hit Jason Mallister(675) 161.
    ****
    Jason Mallister(514) took 25 damage as DOT.
    Tanda Stokeworth(349) took 30 damage as DOT.
    Jason Mallister(489) hit Tanda Stokeworth(319) 211.
    Tanda Stokeworth(108) hit Jason Mallister(489) 161.
    ****
    Jason Mallister(328) took 50 damage as DOT.
    Tanda Stokeworth(108) took 60 damage as DOT.
    Jason Mallister(278) hit Tanda Stokeworth(48) 211.
    Tanda Stokeworth(-163) hit Jason Mallister(278) 161.
    ****
    Jason Mallister(117) has won.
  Duel between Smallwoods(48) -WHI- and Rykkers(18) -WIZ- has begun.
    Theomar Smallwood(650) hit Jaremy Rykker(585) 208.
    Jaremy Rykker(377) hit Theomar Smallwood(650) 118.
    ****
    Theomar Smallwood(532) took 20 damage as DOT.
    Jaremy Rykker(377) took 30 damage as DOT.
    Theomar Smallwood(512) hit Jaremy Rykker(347) 208.
    Jaremy Rykker(139) hit Theomar Smallwood(512) 118.
    ****
    Theomar Smallwood(394) took 40 damage as DOT.
    Jaremy Rykker(139) took 60 damage as DOT.
    Theomar Smallwood(354) hit Jaremy Rykker(79) 208.
    Jaremy Rykker(-129) hit Theomar Smallwood(354) 118.
    ****
    Theomar Smallwood(236) has won.
  Duel between Mootons(45) -WIL- and Stokeworths(33) -WIL- has begun.
    William Mooton(500) hit Tanda Stokeworth(560) 225.
    Tanda Stokeworth(335) hit William Mooton(500) 158.
    ****
    William Mooton(342) took 25 damage as DOT.
    Tanda Stokeworth(335) took 25 damage as DOT.
    William Mooton(317) hit Tanda Stokeworth(310) 225.
    Tanda Stokeworth(85) hit William Mooton(317) 158.
    ****
    William Mooton(159) took 50 damage as DOT.
    Tanda Stokeworth(85) took 50 damage as DOT.
    William Mooton(109) hit Tanda Stokeworth(35) 225.
    Tanda Stokeworth(-190) hit William Mooton(109) 158.
    ****
    Both of them are dead. A draw.
  Duel between Mallisters(54) -WHI- and Rykkers(15) -WIZ- has begun.
    Jason Mallister(675) hit Jaremy Rykker(585) 214.
    Jaremy Rykker(371) hit Jason Mallister(675) 115.
    ****
    Jason Mallister(560) took 20 damage as DOT.
    Jaremy Rykker(371) took 30 damage as DOT.
    Jason Mallister(540) hit Jaremy Rykker(341) 214.
    Jaremy Rykker(127) hit Jason Mallister(540) 115.
    ****
    Jason Mallister(425) took 40 damage as DOT.
    Jaremy Rykker(127) took 60 damage as DOT.
    Jason Mallister(385) hit Jaremy Rykker(67) 214.
    Jaremy Rykker(-147) hit Jason Mallister(385) 115.
    ****
    Jason Mallister(270) has won.
  Duel between Smallwoods(51) -WHI- and Brunes(9) -WIZ- has begun.
    Theomar Smallwood(650) hit Lothor Brune(535) 211.
    Lothor Brune(324) hit Theomar Smallwood(650) 114.
    ****
    Theomar Smallwood(536) took 20 damage as DOT.
    Lothor Brune(324) took 30 damage as DOT.
    Theomar Smallwood(516) hit Lothor Brune(294) 211.
    Lothor Brune(83) hit Theomar Smallwood(516) 114.
    ****
    Theomar Smallwood(402) took 40 damage as DOT.
    Lothor Brune(83) took 60 damage as DOT.
    Theomar Smallwood(362) hit Lothor Brune(23) 211.
    Lothor Brune(-188) hit Theomar Smallwood(362) 114.
    ****
    Theomar Smallwood(248) has won.
  Duel between House Bolton(50) -WIL- and House Baratheon(55) -WHI- has begun.
    Stevron Frey(425) hit Viserys Targaryen(735) 230.
    Viserys Targaryen(505) hit Stevron Frey(425) 155.
    ****
    Stevron Frey(270) took 30 damage as DOT.
    Viserys Targaryen(505) took 25 damage as DOT.
    Stevron Frey(240) hit Viserys Targaryen(480) 230.
    Viserys Targaryen(250) hit Stevron Frey(240) 155.
    ****
    Stevron Frey(85) took 60 damage as DOT.
    Viserys Targaryen(250) took 50 damage as DOT.
    Stevron Frey(25) hit Viserys Targaryen(200) 230.
    Viserys Targaryen(-30) hit Stevron Frey(25) 155.
    ****
    Both of them are dead. A draw.
  The Riverlands got 8 house points. The Crownlands got 0 house points.

The winner is: The Riverlands with currently 3 kingdom points.
---------------
---------------
Duel 9: The Reach vs The Vale of Arryn
  Duel between Leygoods(33) -WIL- and Tolletts(33) -WIL- has begun.
    Lord Leygood(495) hit Eddison Tollett(535) 198.
    Eddison Tollett(337) hit Lord Leygood(495) 158.
    ****
    Lord Leygood(337) took 25 damage as DOT.
    Eddison Tollett(337) took 25 damage as DOT.
    Lord Leygood(312) hit Eddison Tollett(312) 198.
    Eddison Tollett(114) hit Lord Leygood(312) 158.
    ****
    Lord Leygood(154) took 50 damage as DOT.
    Eddison Tollett(114) took 50 damage as DOT.
    Lord Leygood(104) hit Eddison Tollett(64) 198.
    Eddison Tollett(-134) hit Lord Leygood(104) 158.
    ****
    Both of them are dead. A draw.
  Duel between Beesburys(27) -WIZ- and Waynwoods(27) -WIZ- has begun.
    Lyman Beesbury(470) hit Anya Waynwood(585) 167.
    Anya Waynwood(418) hit Lyman Beesbury(470) 127.
    ****
    Lyman Beesbury(343) took 20 damage as DOT.
    Anya Waynwood(418) took 20 damage as DOT.
    Lyman Beesbury(323) hit Anya Waynwood(398) 167.
    Anya Waynwood(231) hit Lyman Beesbury(323) 127.
    ****
    Lyman Beesbury(196) took 40 damage as DOT.
    Anya Waynwood(231) took 40 damage as DOT.
    Lyman Beesbury(156) hit Anya Waynwood(191) 167.
    Anya Waynwood(24) hit Lyman Beesbury(156) 127.
    ****
    Lyman Beesbury(29) took 60 damage as DOT.
    Anya Waynwood(24) took 60 damage as DOT.
    Lyman Beesbury(-31) hit Anya Waynwood(-36) 167.
    Anya Waynwood(-203) hit Lyman Beesbury(-31) 127.
    ****
    Both of them are dead. A draw.
  Duel between Hightowers(27) -WIZ- and Royces(45) -WHI- has begun.
    Leyton Hightower(495) hit Yohn Royce(660) 172.
    Yohn Royce(488) hit Leyton Hightower(495) 145.
    ****
    Leyton Hightower(350) took 30 damage as DOT.
    Yohn Royce(488) took 20 damage as DOT.
    Leyton Hightower(320) hit Yohn Royce(468) 172.
    Yohn Royce(296) hit Leyton Hightower(320) 145.
    ****
    Leyton Hightower(175) took 60 damage as DOT.
    Yohn Royce(296) took 40 damage as DOT.
    Leyton Hightower(115) hit Yohn Royce(256) 172.
    Yohn Royce(84) hit Leyton Hightower(115) 145.
    ****
    Yohn Royce(84) has won.
  Duel between Leygoods(33) -WIL- and Waynwoods(27) -WIZ- has begun.
    Lord Leygood(495) hit Anya Waynwood(585) 198.
    Anya Waynwood(387) hit Lord Leygood(495) 127.
    ****
    Lord Leygood(368) took 20 damage as DOT.
    Anya Waynwood(387) took 25 damage as DOT.
    Lord Leygood(348) hit Anya Waynwood(362) 198.
    Anya Waynwood(164) hit Lord Leygood(348) 127.
    ****
    Lord Leygood(221) took 40 damage as DOT.
    Anya Waynwood(164) took 50 damage as DOT.
    Lord Leygood(181) hit Anya Waynwood(114) 198.
    Anya Waynwood(-84) hit Lord Leygood(181) 127.
    ****
    Lord Leygood(54) has won.
  Duel between Beesburys(27) -WIZ- and Royces(48) -WHI- has begun.
    Lyman Beesbury(470) hit Yohn Royce(660) 167.
    Yohn Royce(493) hit Lyman Beesbury(470) 148.
    ****
    Lyman Beesbury(322) took 30 damage as DOT.
    Yohn Royce(493) took 20 damage as DOT.
    Lyman Beesbury(292) hit Yohn Royce(473) 167.
    Yohn Royce(306) hit Lyman Beesbury(292) 148.
    ****
    Lyman Beesbury(144) took 60 damage as DOT.
    Yohn Royce(306) took 40 damage as DOT.
    Lyman Beesbury(84) hit Yohn Royce(266) 167.
    Yohn Royce(99) hit Lyman Beesbury(84) 148.
    ****
    Yohn Royce(99) has won.
  Duel between Hightowers(24) -WIZ- and Tolletts(33) -WIL- has begun.
    Leyton Hightower(495) hit Eddison Tollett(535) 169.
    Eddison Tollett(366) hit Leyton Hightower(495) 158.
    ****
    Leyton Hightower(337) took 25 damage as DOT.
    Eddison Tollett(366) took 20 damage as DOT.
    Leyton Hightower(312) hit Eddison Tollett(346) 169.
    Eddison Tollett(177) hit Leyton Hightower(312) 158.
    ****
    Leyton Hightower(154) took 50 damage as DOT.
    Eddison Tollett(177) took 40 damage as DOT.
    Leyton Hightower(104) hit Eddison Tollett(137) 169.
    Eddison Tollett(-32) hit Leyton Hightower(104) 158.
    ****
    Both of them are dead. A draw.
  Duel between Leygoods(36) -WIL- and Royces(51) -WHI- has begun.
    Lord Leygood(495) hit Yohn Royce(660) 201.
    Yohn Royce(459) hit Lord Leygood(495) 151.
    ****
    Lord Leygood(344) took 30 damage as DOT.
    Yohn Royce(459) took 25 damage as DOT.
    Lord Leygood(314) hit Yohn Royce(434) 201.
    Yohn Royce(233) hit Lord Leygood(314) 151.
    ****
    Lord Leygood(163) took 60 damage as DOT.
    Yohn Royce(233) took 50 damage as DOT.
    Lord Leygood(103) hit Yohn Royce(183) 201.
    Yohn Royce(-18) hit Lord Leygood(103) 151.
    ****
    Both of them are dead. A draw.
  Duel between Beesburys(24) -WIZ- and Tolletts(33) -WIL- has begun.
    Lyman Beesbury(470) hit Eddison Tollett(535) 164.
    Eddison Tollett(371) hit Lyman Beesbury(470) 158.
    ****
    Lyman Beesbury(312) took 25 damage as DOT.
    Eddison Tollett(371) took 20 damage as DOT.
    Lyman Beesbury(287) hit Eddison Tollett(351) 164.
    Eddison Tollett(187) hit Lyman Beesbury(287) 158.
    ****
    Lyman Beesbury(129) took 50 damage as DOT.
    Eddison Tollett(187) took 40 damage as DOT.
    Lyman Beesbury(79) hit Eddison Tollett(147) 164.
    Eddison Tollett(-17) hit Lyman Beesbury(79) 158.
    ****
    Both of them are dead. A draw.
  Duel between Hightowers(24) -WIZ- and Waynwoods(24) -WIZ- has begun.
    Leyton Hightower(495) hit Anya Waynwood(585) 169.
    Anya Waynwood(416) hit Leyton Hightower(495) 124.
    ****
    Leyton Hightower(371) took 20 damage as DOT.
    Anya Waynwood(416) took 20 damage as DOT.
    Leyton Hightower(351) hit Anya Waynwood(396) 169.
    Anya Waynwood(227) hit Leyton Hightower(351) 124.
    ****
    Leyton Hightower(227) took 40 damage as DOT.
    Anya Waynwood(227) took 40 damage as DOT.
    Leyton Hightower(187) hit Anya Waynwood(187) 169.
    Anya Waynwood(18) hit Leyton Hightower(187) 124.
    ****
    Leyton Hightower(63) took 60 damage as DOT.
    Anya Waynwood(18) took 60 damage as DOT.
    Leyton Hightower(3) hit Anya Waynwood(-42) 169.
    Anya Waynwood(-211) hit Leyton Hightower(3) 124.
    ****
    Both of them are dead. A draw.
  Duel between House Lannister(55) -WHI- and House Arryn(50) -WHI- has begun.
    Luthor Tyrell(670) hit Petry Baelish(685) 195.
    Petry Baelish(490) hit Luthor Tyrell(670) 150.
    ****
    Luthor Tyrell(520) took 30 damage as DOT.
    Petry Baelish(490) took 30 damage as DOT.
    Luthor Tyrell(490) hit Petry Baelish(460) 195.
    Petry Baelish(265) hit Luthor Tyrell(490) 150.
    ****
    Luthor Tyrell(340) took 60 damage as DOT.
    Petry Baelish(265) took 60 damage as DOT.
    Luthor Tyrell(280) hit Petry Baelish(205) 195.
    Petry Baelish(10) hit Luthor Tyrell(280) 150.
    ****
    Luthor Tyrell(130) took 90 damage as DOT.
    Petry Baelish(10) took 90 damage as DOT.
    Luthor Tyrell(40) hit Petry Baelish(-80) 195.
    Petry Baelish(-275) hit Luthor Tyrell(40) 150.
    ****
    Both of them are dead. A draw.
  The Reach got 1 house points. The Vale of Arryn got 2 house points.

The winner is: The Vale of Arryn with currently 3 kingdom points.
---------------
---------------
Duel 10: The Riverlands vs The Vale of Arryn
  Duel between Mootons(45) -WIL- and Tolletts(33) -WIL- has begun.
    William Mooton(500) hit Eddison Tollett(535) 225.
    Eddison Tollett(310) hit William Mooton(500) 158.
    ****
    William Mooton(342) took 25 damage as DOT.
    Eddison Tollett(310) took 25 damage as DOT.
    William Mooton(317) hit Eddison Tollett(285) 225.
    Eddison Tollett(60) hit William Mooton(317) 158.
    ****
    William Mooton(159) took 50 damage as DOT.
    Eddison Tollett(60) took 50 damage as DOT.
    William Mooton(109) hit Eddison Tollett(10) 225.
    Eddison Tollett(-215) hit William Mooton(109) 158.
    ****
    Both of them are dead. A draw.
  Duel between Mallisters(57) -WHI- and Waynwoods(24) -WIZ- has begun.
    Jason Mallister(675) hit Anya Waynwood(585) 217.
    Anya Waynwood(368) hit Jason Mallister(675) 124.
    ****
    Jason Mallister(551) took 20 damage as DOT.
    Anya Waynwood(368) took 30 damage as DOT.
    Jason Mallister(531) hit Anya Waynwood(338) 217.
    Anya Waynwood(121) hit Jason Mallister(531) 124.
    ****
    Jason Mallister(407) took 40 damage as DOT.
    Anya Waynwood(121) took 60 damage as DOT.
    Jason Mallister(367) hit Anya Waynwood(61) 217.
    Anya Waynwood(-156) hit Jason Mallister(367) 124.
    ****
    Jason Mallister(243) has won.
  Duel between Smallwoods(54) -WHI- and Royces(51) -WHI- has begun.
    Theomar Smallwood(650) hit Yohn Royce(660) 214.
    Yohn Royce(446) hit Theomar Smallwood(650) 151.
    ****
    Theomar Smallwood(499) took 30 damage as DOT.
    Yohn Royce(446) took 30 damage as DOT.
    Theomar Smallwood(469) hit Yohn Royce(416) 214.
    Yohn Royce(202) hit Theomar Smallwood(469) 151.
    ****
    Theomar Smallwood(318) took 60 damage as DOT.
    Yohn Royce(202) took 60 damage as DOT.
    Theomar Smallwood(258) hit Yohn Royce(142) 214.
    Yohn Royce(-72) hit Theomar Smallwood(258) 151.
    ****
    Theomar Smallwood(107) has won.
  Duel between Mootons(45) -WIL- and Waynwoods(21) -WIZ- has begun.
    William Mooton(500) hit Anya Waynwood(585) 225.
    Anya Waynwood(360) hit William Mooton(500) 121.
    ****
    William Mooton(379) took 20 damage as DOT.
    Anya Waynwood(360) took 25 damage as DOT.
    William Mooton(359) hit Anya Waynwood(335) 225.
    Anya Waynwood(110) hit William Mooton(359) 121.
    ****
    William Mooton(238) took 40 damage as DOT.
    Anya Waynwood(110) took 50 damage as DOT.
    William Mooton(198) hit Anya Waynwood(60) 225.
    Anya Waynwood(-165) hit William Mooton(198) 121.
    ****
    William Mooton(77) has won.
  Duel between Mallisters(60) -WHI- and Royces(48) -WHI- has begun.
    Jason Mallister(675) hit Yohn Royce(660) 220.
    Yohn Royce(440) hit Jason Mallister(675) 148.
    ****
    Jason Mallister(527) took 30 damage as DOT.
    Yohn Royce(440) took 30 damage as DOT.
    Jason Mallister(497) hit Yohn Royce(410) 220.
    Yohn Royce(190) hit Jason Mallister(497) 148.
    ****
    Jason Mallister(349) took 60 damage as DOT.
    Yohn Royce(190) took 60 damage as DOT.
    Jason Mallister(289) hit Yohn Royce(130) 220.
    Yohn Royce(-90) hit Jason Mallister(289) 148.
    ****
    Jason Mallister(141) has won.
  Duel between Smallwoods(57) -WHI- and Tolletts(33) -WIL- has begun.
    Theomar Smallwood(650) hit Eddison Tollett(535) 217.
    Eddison Tollett(318) hit Theomar Smallwood(650) 158.
    ****
    Theomar Smallwood(492) took 25 damage as DOT.
    Eddison Tollett(318) took 30 damage as DOT.
    Theomar Smallwood(467) hit Eddison Tollett(288) 217.
    Eddison Tollett(71) hit Theomar Smallwood(467) 158.
    ****
    Theomar Smallwood(309) took 50 damage as DOT.
    Eddison Tollett(71) took 60 damage as DOT.
    Theomar Smallwood(259) hit Eddison Tollett(11) 217.
    Eddison Tollett(-206) hit Theomar Smallwood(259) 158.
    ****
    Theomar Smallwood(101) has won.
  Duel between Mootons(48) -WIL- and Royces(45) -WHI- has begun.
    William Mooton(500) hit Yohn Royce(660) 228.
    Yohn Royce(432) hit William Mooton(500) 145.
    ****
    William Mooton(355) took 30 damage as DOT.
    Yohn Royce(432) took 25 damage as DOT.
    William Mooton(325) hit Yohn Royce(407) 228.
    Yohn Royce(179) hit William Mooton(325) 145.
    ****
    William Mooton(180) took 60 damage as DOT.
    Yohn Royce(179) took 50 damage as DOT.
    William Mooton(120) hit Yohn Royce(129) 228.
    Yohn Royce(-99) hit William Mooton(120) 145.
    ****
    Both of them are dead. A draw.
  Duel between Mallisters(60) -WHI- and Tolletts(30) -WIL- has begun.
    Jason Mallister(675) hit Eddison Tollett(535) 220.
    Eddison Tollett(315) hit Jason Mallister(675) 155.
    ****
    Jason Mallister(520) took 25 damage as DOT.
    Eddison Tollett(315) took 30 damage as DOT.
    Jason Mallister(495) hit Eddison Tollett(285) 220.
    Eddison Tollett(65) hit Jason Mallister(495) 155.
    ****
    Jason Mallister(340) took 50 damage as DOT.
    Eddison Tollett(65) took 60 damage as DOT.
    Jason Mallister(290) hit Eddison Tollett(5) 220.
    Eddison Tollett(-215) hit Jason Mallister(290) 155.
    ****
    Jason Mallister(135) has won.
  Duel between Smallwoods(60) -WHI- and Waynwoods(18) -WIZ- has begun.
    Theomar Smallwood(650) hit Anya Waynwood(585) 220.
    Anya Waynwood(365) hit Theomar Smallwood(650) 118.
    ****
    Theomar Smallwood(532) took 20 damage as DOT.
    Anya Waynwood(365) took 30 damage as DOT.
    Theomar Smallwood(512) hit Anya Waynwood(335) 220.
    Anya Waynwood(115) hit Theomar Smallwood(512) 118.
    ****
    Theomar Smallwood(394) took 40 damage as DOT.
    Anya Waynwood(115) took 60 damage as DOT.
    Theomar Smallwood(354) hit Anya Waynwood(55) 220.
    Anya Waynwood(-165) hit Theomar Smallwood(354) 118.
    ****
    Theomar Smallwood(236) has won.
  Duel between House Bolton(50) -WIL- and House Arryn(50) -WHI- has begun.
    Stevron Frey(425) hit Petry Baelish(685) 230.
    Petry Baelish(455) hit Stevron Frey(425) 150.
    ****
    Stevron Frey(275) took 30 damage as DOT.
    Petry Baelish(455) took 25 damage as DOT.
    Stevron Frey(245) hit Petry Baelish(430) 230.
    Petry Baelish(200) hit Stevron Frey(245) 150.
    ****
    Stevron Frey(95) took 60 damage as DOT.
    Petry Baelish(200) took 50 damage as DOT.
    Stevron Frey(35) hit Petry Baelish(150) 230.
    Petry Baelish(-80) hit Stevron Frey(35) 150.
    ****
    Both of them are dead. A draw.
  The Riverlands got 7 house points. The Vale of Arryn got 0 house points.

The winner is: The Riverlands with currently 4 kingdom points.
---------------
The War is over. The new owner of King's Landing is The Riverlands with a total of 4 points.

