War has started with 6 kingdoms.
---------------
Duel 1: The Iron Islands vs The Westernlands
  Duel between Kennings(30) -WHI- and Lannister of Lannisports(30) -WHI- has begun.
    Ralf Kenning(683) hit Reginald Lannister(665) 153.
    Reginald Lannister(512) hit Ralf Kenning(683) 150.
    ****
    Ralf Kenning(533) took 30 damage as DOT.
    Reginald Lannister(512) took 30 damage as DOT.
    Ralf Kenning(503) hit Reginald Lannister(482) 153.
    Reginald Lannister(329) hit Ralf Kenning(503) 150.
    ****
    Ralf Kenning(353) took 60 damage as DOT.
    Reginald Lannister(329) took 60 damage as DOT.
    Ralf Kenning(293) hit Reginald Lannister(269) 153.
    Reginald Lannister(116) hit Ralf Kenning(293) 150.
    ****
    Ralf Kenning(143) took 90 damage as DOT.
    Reginald Lannister(116) took 90 damage as DOT.
    Ralf Kenning(53) hit Reginald Lannister(26) 153.
    Reginald Lannister(-127) hit Ralf Kenning(53) 150.
    ****
    Both of them are dead. A draw.
  Duel between Blacktydes(30) -WIL- and Yarwycks(30) -WIZ- has begun.
    Baelor Blacktyde(533) hit Othell Yarwyck(565) 173.
    Othell Yarwyck(392) hit Baelor Blacktyde(533) 155.
    ****
    Baelor Blacktyde(378) took 20 damage as DOT.
    Othell Yarwyck(392) took 25 damage as DOT.
    Baelor Blacktyde(358) hit Othell Yarwyck(367) 173.
    Othell Yarwyck(194) hit Baelor Blacktyde(358) 155.
    ****
    Baelor Blacktyde(203) took 40 damage as DOT.
    Othell Yarwyck(194) took 50 damage as DOT.
    Baelor Blacktyde(163) hit Othell Yarwyck(144) 173.
    Othell Yarwyck(-29) hit Baelor Blacktyde(163) 155.
    ****
    Baelor Blacktyde(8) has won.
  Duel between Goodbrothers(30) -WIZ- and Paynes(30) -WIZ- has begun.
    Urragon Goodbrother(483) hit Ilyn Payne(490) 148.
    Ilyn Payne(342) hit Urragon Goodbrother(483) 150.
    ****
    Urragon Goodbrother(333) took 20 damage as DOT.
    Ilyn Payne(342) took 20 damage as DOT.
    Urragon Goodbrother(313) hit Ilyn Payne(322) 148.
    Ilyn Payne(174) hit Urragon Goodbrother(313) 150.
    ****
    Urragon Goodbrother(163) took 40 damage as DOT.
    Ilyn Payne(174) took 40 damage as DOT.
    Urragon Goodbrother(123) hit Ilyn Payne(134) 148.
    Ilyn Payne(-14) hit Urragon Goodbrother(123) 150.
    ****
    Both of them are dead. A draw.
  Duel between Kennings(30) -WHI- and Yarwycks(27) -WIZ- has begun.
    Ralf Kenning(683) hit Othell Yarwyck(565) 153.
    Othell Yarwyck(412) hit Ralf Kenning(683) 152.
    ****
    Ralf Kenning(531) took 20 damage as DOT.
    Othell Yarwyck(412) took 30 damage as DOT.
    Ralf Kenning(511) hit Othell Yarwyck(382) 153.
    Othell Yarwyck(229) hit Ralf Kenning(511) 152.
    ****
    Ralf Kenning(359) took 40 damage as DOT.
    Othell Yarwyck(229) took 60 damage as DOT.
    Ralf Kenning(319) hit Othell Yarwyck(169) 153.
    Othell Yarwyck(16) hit Ralf Kenning(319) 152.
    ****
    Ralf Kenning(167) took 60 damage as DOT.
    Othell Yarwyck(16) took 90 damage as DOT.
    Ralf Kenning(107) hit Othell Yarwyck(-74) 153.
    Othell Yarwyck(-227) hit Ralf Kenning(107) 152.
    ****
    Both of them are dead. A draw.
  Duel between Blacktydes(33) -WIL- and Paynes(30) -WIZ- has begun.
    Baelor Blacktyde(533) hit Ilyn Payne(490) 176.
    Ilyn Payne(314) hit Baelor Blacktyde(533) 150.
    ****
    Baelor Blacktyde(383) took 20 damage as DOT.
    Ilyn Payne(314) took 25 damage as DOT.
    Baelor Blacktyde(363) hit Ilyn Payne(289) 176.
    Ilyn Payne(113) hit Baelor Blacktyde(363) 150.
    ****
    Baelor Blacktyde(213) took 40 damage as DOT.
    Ilyn Payne(113) took 50 damage as DOT.
    Baelor Blacktyde(173) hit Ilyn Payne(63) 176.
    Ilyn Payne(-113) hit Baelor Blacktyde(173) 150.
    ****
    Baelor Blacktyde(23) has won.
  Duel between Goodbrothers(30) -WIZ- and Lannister of Lannisports(30) -WHI- has begun.
    Urragon Goodbrother(483) hit Reginald Lannister(665) 148.
    Reginald Lannister(517) hit Urragon Goodbrother(483) 150.
    ****
    Urragon Goodbrother(333) took 30 damage as DOT.
    Reginald Lannister(517) took 20 damage as DOT.
    Urragon Goodbrother(303) hit Reginald Lannister(497) 148.
    Reginald Lannister(349) hit Urragon Goodbrother(303) 150.
    ****
    Urragon Goodbrother(153) took 60 damage as DOT.
    Reginald Lannister(349) took 40 damage as DOT.
    Urragon Goodbrother(93) hit Reginald Lannister(309) 148.
    Reginald Lannister(161) hit Urragon Goodbrother(93) 150.
    ****
    Reginald Lannister(161) has won.
  Duel between Kennings(30) -WHI- and Paynes(27) -WIZ- has begun.
    Ralf Kenning(683) hit Ilyn Payne(490) 153.
    Ilyn Payne(337) hit Ralf Kenning(683) 147.
    ****
    Ralf Kenning(536) took 20 damage as DOT.
    Ilyn Payne(337) took 30 damage as DOT.
    Ralf Kenning(516) hit Ilyn Payne(307) 153.
    Ilyn Payne(154) hit Ralf Kenning(516) 147.
    ****
    Ralf Kenning(369) took 40 damage as DOT.
    Ilyn Payne(154) took 60 damage as DOT.
    Ralf Kenning(329) hit Ilyn Payne(94) 153.
    Ilyn Payne(-59) hit Ralf Kenning(329) 147.
    ****
    Ralf Kenning(182) has won.
  Duel between Blacktydes(36) -WIL- and Lannister of Lannisports(33) -WHI- has begun.
    Baelor Blacktyde(533) hit Reginald Lannister(665) 179.
    Reginald Lannister(486) hit Baelor Blacktyde(533) 153.
    ****
    Baelor Blacktyde(380) took 30 damage as DOT.
    Reginald Lannister(486) took 25 damage as DOT.
    Baelor Blacktyde(350) hit Reginald Lannister(461) 179.
    Reginald Lannister(282) hit Baelor Blacktyde(350) 153.
    ****
    Baelor Blacktyde(197) took 60 damage as DOT.
    Reginald Lannister(282) took 50 damage as DOT.
    Baelor Blacktyde(137) hit Reginald Lannister(232) 179.
    Reginald Lannister(53) hit Baelor Blacktyde(137) 153.
    ****
    Reginald Lannister(53) has won.
  Duel between Goodbrothers(27) -WIZ- and Yarwycks(27) -WIZ- has begun.
    Urragon Goodbrother(483) hit Othell Yarwyck(565) 145.
    Othell Yarwyck(420) hit Urragon Goodbrother(483) 152.
    ****
    Urragon Goodbrother(331) took 20 damage as DOT.
    Othell Yarwyck(420) took 20 damage as DOT.
    Urragon Goodbrother(311) hit Othell Yarwyck(400) 145.
    Othell Yarwyck(255) hit Urragon Goodbrother(311) 152.
    ****
    Urragon Goodbrother(159) took 40 damage as DOT.
    Othell Yarwyck(255) took 40 damage as DOT.
    Urragon Goodbrother(119) hit Othell Yarwyck(215) 145.
    Othell Yarwyck(70) hit Urragon Goodbrother(119) 152.
    ****
    Othell Yarwyck(70) has won.
  Duel between House Greyjoy(50) -WIZ- and House Frey(50) -WHI- has begun.
    Victarion Greyjoy(533) hit Lancel Lannister(690) 168.
    Lancel Lannister(522) hit Victarion Greyjoy(533) 170.
    ****
    Victarion Greyjoy(363) took 30 damage as DOT.
    Lancel Lannister(522) took 20 damage as DOT.
    Victarion Greyjoy(333) hit Lancel Lannister(502) 168.
    Lancel Lannister(334) hit Victarion Greyjoy(333) 170.
    ****
    Victarion Greyjoy(163) took 60 damage as DOT.
    Lancel Lannister(334) took 40 damage as DOT.
    Victarion Greyjoy(103) hit Lancel Lannister(294) 168.
    Lancel Lannister(126) hit Victarion Greyjoy(103) 170.
    ****
    Lancel Lannister(126) has won.
  The Iron Islands got 3 house points. The Westernlands got 6 house points.

The winner is: The Westernlands with currently 1 kingdom points.
---------------
---------------
Duel 2: The Westernlands vs The Crownlands
  Duel between Lannister of Lannisports(30) -WHI- and Rosbys(30) -WHI- has begun.
    Reginald Lannister(665) hit Gyles Rosby(680) 150.
    Gyles Rosby(530) hit Reginald Lannister(665) 160.
    ****
    Reginald Lannister(505) took 30 damage as DOT.
    Gyles Rosby(530) took 30 damage as DOT.
    Reginald Lannister(475) hit Gyles Rosby(500) 150.
    Gyles Rosby(350) hit Reginald Lannister(475) 160.
    ****
    Reginald Lannister(315) took 60 damage as DOT.
    Gyles Rosby(350) took 60 damage as DOT.
    Reginald Lannister(255) hit Gyles Rosby(290) 150.
    Gyles Rosby(140) hit Reginald Lannister(255) 160.
    ****
    Reginald Lannister(95) took 90 damage as DOT.
    Gyles Rosby(140) took 90 damage as DOT.
    Reginald Lannister(5) hit Gyles Rosby(50) 150.
    Gyles Rosby(-100) hit Reginald Lannister(5) 160.
    ****
    Both of them are dead. A draw.
  Duel between Yarwycks(30) -WIZ- and Stokeworths(30) -WIL- has begun.
    Othell Yarwyck(565) hit Tanda Stokeworth(480) 155.
    Tanda Stokeworth(325) hit Othell Yarwyck(565) 185.
    ****
    Othell Yarwyck(380) took 25 damage as DOT.
    Tanda Stokeworth(325) took 20 damage as DOT.
    Othell Yarwyck(355) hit Tanda Stokeworth(305) 155.
    Tanda Stokeworth(150) hit Othell Yarwyck(355) 185.
    ****
    Othell Yarwyck(170) took 50 damage as DOT.
    Tanda Stokeworth(150) took 40 damage as DOT.
    Othell Yarwyck(120) hit Tanda Stokeworth(110) 155.
    Tanda Stokeworth(-45) hit Othell Yarwyck(120) 185.
    ****
    Both of them are dead. A draw.
  Duel between Paynes(24) -WIZ- and Slynts(30) -WIL- has begun.
    Ilyn Payne(490) hit Janos Slynt(480) 144.
    Janos Slynt(336) hit Ilyn Payne(490) 185.
    ****
    Ilyn Payne(305) took 25 damage as DOT.
    Janos Slynt(336) took 20 damage as DOT.
    Ilyn Payne(280) hit Janos Slynt(316) 144.
    Janos Slynt(172) hit Ilyn Payne(280) 185.
    ****
    Ilyn Payne(95) took 50 damage as DOT.
    Janos Slynt(172) took 40 damage as DOT.
    Ilyn Payne(45) hit Janos Slynt(132) 144.
    Janos Slynt(-12) hit Ilyn Payne(45) 185.
    ****
    Both of them are dead. A draw.
  Duel between Lannister of Lannisports(30) -WHI- and Stokeworths(30) -WIL- has begun.
    Reginald Lannister(665) hit Tanda Stokeworth(480) 150.
    Tanda Stokeworth(330) hit Reginald Lannister(665) 185.
    ****
    Reginald Lannister(480) took 25 damage as DOT.
    Tanda Stokeworth(330) took 30 damage as DOT.
    Reginald Lannister(455) hit Tanda Stokeworth(300) 150.
    Tanda Stokeworth(150) hit Reginald Lannister(455) 185.
    ****
    Reginald Lannister(270) took 50 damage as DOT.
    Tanda Stokeworth(150) took 60 damage as DOT.
    Reginald Lannister(220) hit Tanda Stokeworth(90) 150.
    Tanda Stokeworth(-60) hit Reginald Lannister(220) 185.
    ****
    Reginald Lannister(35) has won.
  Duel between Yarwycks(30) -WIZ- and Slynts(30) -WIL- has begun.
    Othell Yarwyck(565) hit Janos Slynt(480) 155.
    Janos Slynt(325) hit Othell Yarwyck(565) 185.
    ****
    Othell Yarwyck(380) took 25 damage as DOT.
    Janos Slynt(325) took 20 damage as DOT.
    Othell Yarwyck(355) hit Janos Slynt(305) 155.
    Janos Slynt(150) hit Othell Yarwyck(355) 185.
    ****
    Othell Yarwyck(170) took 50 damage as DOT.
    Janos Slynt(150) took 40 damage as DOT.
    Othell Yarwyck(120) hit Janos Slynt(110) 155.
    Janos Slynt(-45) hit Othell Yarwyck(120) 185.
    ****
    Both of them are dead. A draw.
  Duel between Paynes(24) -WIZ- and Rosbys(30) -WHI- has begun.
    Ilyn Payne(490) hit Gyles Rosby(680) 144.
    Gyles Rosby(536) hit Ilyn Payne(490) 160.
    ****
    Ilyn Payne(330) took 30 damage as DOT.
    Gyles Rosby(536) took 20 damage as DOT.
    Ilyn Payne(300) hit Gyles Rosby(516) 144.
    Gyles Rosby(372) hit Ilyn Payne(300) 160.
    ****
    Ilyn Payne(140) took 60 damage as DOT.
    Gyles Rosby(372) took 40 damage as DOT.
    Ilyn Payne(80) hit Gyles Rosby(332) 144.
    Gyles Rosby(188) hit Ilyn Payne(80) 160.
    ****
    Gyles Rosby(188) has won.
  Duel between Lannister of Lannisports(33) -WHI- and Slynts(30) -WIL- has begun.
    Reginald Lannister(665) hit Janos Slynt(480) 153.
    Janos Slynt(327) hit Reginald Lannister(665) 185.
    ****
    Reginald Lannister(480) took 25 damage as DOT.
    Janos Slynt(327) took 30 damage as DOT.
    Reginald Lannister(455) hit Janos Slynt(297) 153.
    Janos Slynt(144) hit Reginald Lannister(455) 185.
    ****
    Reginald Lannister(270) took 50 damage as DOT.
    Janos Slynt(144) took 60 damage as DOT.
    Reginald Lannister(220) hit Janos Slynt(84) 153.
    Janos Slynt(-69) hit Reginald Lannister(220) 185.
    ****
    Reginald Lannister(35) has won.
  Duel between Yarwycks(30) -WIZ- and Rosbys(33) -WHI- has begun.
    Othell Yarwyck(565) hit Gyles Rosby(680) 155.
    Gyles Rosby(525) hit Othell Yarwyck(565) 163.
    ****
    Othell Yarwyck(402) took 30 damage as DOT.
    Gyles Rosby(525) took 20 damage as DOT.
    Othell Yarwyck(372) hit Gyles Rosby(505) 155.
    Gyles Rosby(350) hit Othell Yarwyck(372) 163.
    ****
    Othell Yarwyck(209) took 60 damage as DOT.
    Gyles Rosby(350) took 40 damage as DOT.
    Othell Yarwyck(149) hit Gyles Rosby(310) 155.
    Gyles Rosby(155) hit Othell Yarwyck(149) 163.
    ****
    Gyles Rosby(155) has won.
  Duel between Paynes(21) -WIZ- and Stokeworths(27) -WIL- has begun.
    Ilyn Payne(490) hit Tanda Stokeworth(480) 141.
    Tanda Stokeworth(339) hit Ilyn Payne(490) 182.
    ****
    Ilyn Payne(308) took 25 damage as DOT.
    Tanda Stokeworth(339) took 20 damage as DOT.
    Ilyn Payne(283) hit Tanda Stokeworth(319) 141.
    Tanda Stokeworth(178) hit Ilyn Payne(283) 182.
    ****
    Ilyn Payne(101) took 50 damage as DOT.
    Tanda Stokeworth(178) took 40 damage as DOT.
    Ilyn Payne(51) hit Tanda Stokeworth(138) 141.
    Tanda Stokeworth(-3) hit Ilyn Payne(51) 182.
    ****
    Both of them are dead. A draw.
  Duel between House Frey(55) -WHI- and House Baratheon(50) -WHI- has begun.
    Lancel Lannister(690) hit Aerys II Targaryen(680) 175.
    Aerys II Targaryen(505) hit Lancel Lannister(690) 180.
    ****
    Lancel Lannister(510) took 30 damage as DOT.
    Aerys II Targaryen(505) took 30 damage as DOT.
    Lancel Lannister(480) hit Aerys II Targaryen(475) 175.
    Aerys II Targaryen(300) hit Lancel Lannister(480) 180.
    ****
    Lancel Lannister(300) took 60 damage as DOT.
    Aerys II Targaryen(300) took 60 damage as DOT.
    Lancel Lannister(240) hit Aerys II Targaryen(240) 175.
    Aerys II Targaryen(65) hit Lancel Lannister(240) 180.
    ****
    Lancel Lannister(60) took 90 damage as DOT.
    Aerys II Targaryen(65) took 90 damage as DOT.
    Lancel Lannister(-30) hit Aerys II Targaryen(-25) 175.
    Aerys II Targaryen(-200) hit Lancel Lannister(-30) 180.
    ****
    Both of them are dead. A draw.
  The Westernlands got 2 house points. The Crownlands got 2 house points.

A draw.
---------------
---------------
Duel 3: The Crownlands vs Dorne
  Duel between Rosbys(36) -WHI- and Daynes(30) -WIL- has begun.
    Gyles Rosby(680) hit Beric Dayne(505) 166.
    Beric Dayne(339) hit Gyles Rosby(680) 180.
    ****
    Gyles Rosby(500) took 25 damage as DOT.
    Beric Dayne(339) took 30 damage as DOT.
    Gyles Rosby(475) hit Beric Dayne(309) 166.
    Beric Dayne(143) hit Gyles Rosby(475) 180.
    ****
    Gyles Rosby(295) took 50 damage as DOT.
    Beric Dayne(143) took 60 damage as DOT.
    Gyles Rosby(245) hit Beric Dayne(83) 166.
    Beric Dayne(-83) hit Gyles Rosby(245) 180.
    ****
    Gyles Rosby(65) has won.
  Duel between Stokeworths(27) -WIL- and Blackmonts(30) -WIL- has begun.
    Tanda Stokeworth(480) hit Larra Blackmont(480) 182.
    Larra Blackmont(298) hit Tanda Stokeworth(480) 185.
    ****
    Tanda Stokeworth(295) took 25 damage as DOT.
    Larra Blackmont(298) took 25 damage as DOT.
    Tanda Stokeworth(270) hit Larra Blackmont(273) 182.
    Larra Blackmont(91) hit Tanda Stokeworth(270) 185.
    ****
    Tanda Stokeworth(85) took 50 damage as DOT.
    Larra Blackmont(91) took 50 damage as DOT.
    Tanda Stokeworth(35) hit Larra Blackmont(41) 182.
    Larra Blackmont(-141) hit Tanda Stokeworth(35) 185.
    ****
    Both of them are dead. A draw.
  Duel between Slynts(27) -WIL- and Manwoodys(30) -WIZ- has begun.
    Janos Slynt(480) hit Dagos Manwoody(530) 182.
    Dagos Manwoody(348) hit Janos Slynt(480) 160.
    ****
    Janos Slynt(320) took 20 damage as DOT.
    Dagos Manwoody(348) took 25 damage as DOT.
    Janos Slynt(300) hit Dagos Manwoody(323) 182.
    Dagos Manwoody(141) hit Janos Slynt(300) 160.
    ****
    Janos Slynt(140) took 40 damage as DOT.
    Dagos Manwoody(141) took 50 damage as DOT.
    Janos Slynt(100) hit Dagos Manwoody(91) 182.
    Dagos Manwoody(-91) hit Janos Slynt(100) 160.
    ****
    Both of them are dead. A draw.
  Duel between Rosbys(39) -WHI- and Blackmonts(30) -WIL- has begun.
    Gyles Rosby(680) hit Larra Blackmont(480) 169.
    Larra Blackmont(311) hit Gyles Rosby(680) 185.
    ****
    Gyles Rosby(495) took 25 damage as DOT.
    Larra Blackmont(311) took 30 damage as DOT.
    Gyles Rosby(470) hit Larra Blackmont(281) 169.
    Larra Blackmont(112) hit Gyles Rosby(470) 185.
    ****
    Gyles Rosby(285) took 50 damage as DOT.
    Larra Blackmont(112) took 60 damage as DOT.
    Gyles Rosby(235) hit Larra Blackmont(52) 169.
    Larra Blackmont(-117) hit Gyles Rosby(235) 185.
    ****
    Gyles Rosby(50) has won.
  Duel between Stokeworths(27) -WIL- and Manwoodys(30) -WIZ- has begun.
    Tanda Stokeworth(480) hit Dagos Manwoody(530) 182.
    Dagos Manwoody(348) hit Tanda Stokeworth(480) 160.
    ****
    Tanda Stokeworth(320) took 20 damage as DOT.
    Dagos Manwoody(348) took 25 damage as DOT.
    Tanda Stokeworth(300) hit Dagos Manwoody(323) 182.
    Dagos Manwoody(141) hit Tanda Stokeworth(300) 160.
    ****
    Tanda Stokeworth(140) took 40 damage as DOT.
    Dagos Manwoody(141) took 50 damage as DOT.
    Tanda Stokeworth(100) hit Dagos Manwoody(91) 182.
    Dagos Manwoody(-91) hit Tanda Stokeworth(100) 160.
    ****
    Both of them are dead. A draw.
  Duel between Slynts(27) -WIL- and Daynes(27) -WIL- has begun.
    Janos Slynt(480) hit Beric Dayne(505) 182.
    Beric Dayne(323) hit Janos Slynt(480) 177.
    ****
    Janos Slynt(303) took 25 damage as DOT.
    Beric Dayne(323) took 25 damage as DOT.
    Janos Slynt(278) hit Beric Dayne(298) 182.
    Beric Dayne(116) hit Janos Slynt(278) 177.
    ****
    Janos Slynt(101) took 50 damage as DOT.
    Beric Dayne(116) took 50 damage as DOT.
    Janos Slynt(51) hit Beric Dayne(66) 182.
    Beric Dayne(-116) hit Janos Slynt(51) 177.
    ****
    Both of them are dead. A draw.
  Duel between Rosbys(42) -WHI- and Manwoodys(30) -WIZ- has begun.
    Gyles Rosby(680) hit Dagos Manwoody(530) 172.
    Dagos Manwoody(358) hit Gyles Rosby(680) 160.
    ****
    Gyles Rosby(520) took 20 damage as DOT.
    Dagos Manwoody(358) took 30 damage as DOT.
    Gyles Rosby(500) hit Dagos Manwoody(328) 172.
    Dagos Manwoody(156) hit Gyles Rosby(500) 160.
    ****
    Gyles Rosby(340) took 40 damage as DOT.
    Dagos Manwoody(156) took 60 damage as DOT.
    Gyles Rosby(300) hit Dagos Manwoody(96) 172.
    Dagos Manwoody(-76) hit Gyles Rosby(300) 160.
    ****
    Gyles Rosby(140) has won.
  Duel between Stokeworths(27) -WIL- and Daynes(27) -WIL- has begun.
    Tanda Stokeworth(480) hit Beric Dayne(505) 182.
    Beric Dayne(323) hit Tanda Stokeworth(480) 177.
    ****
    Tanda Stokeworth(303) took 25 damage as DOT.
    Beric Dayne(323) took 25 damage as DOT.
    Tanda Stokeworth(278) hit Beric Dayne(298) 182.
    Beric Dayne(116) hit Tanda Stokeworth(278) 177.
    ****
    Tanda Stokeworth(101) took 50 damage as DOT.
    Beric Dayne(116) took 50 damage as DOT.
    Tanda Stokeworth(51) hit Beric Dayne(66) 182.
    Beric Dayne(-116) hit Tanda Stokeworth(51) 177.
    ****
    Both of them are dead. A draw.
  Duel between Slynts(27) -WIL- and Blackmonts(27) -WIL- has begun.
    Janos Slynt(480) hit Larra Blackmont(480) 182.
    Larra Blackmont(298) hit Janos Slynt(480) 182.
    ****
    Janos Slynt(298) took 25 damage as DOT.
    Larra Blackmont(298) took 25 damage as DOT.
    Janos Slynt(273) hit Larra Blackmont(273) 182.
    Larra Blackmont(91) hit Janos Slynt(273) 182.
    ****
    Janos Slynt(91) took 50 damage as DOT.
    Larra Blackmont(91) took 50 damage as DOT.
    Janos Slynt(41) hit Larra Blackmont(41) 182.
    Larra Blackmont(-141) hit Janos Slynt(41) 182.
    ****
    Both of them are dead. A draw.
  Duel between House Baratheon(50) -WHI- and House Martell(50) -WIL- has begun.
    Aerys II Targaryen(680) hit Doran Martell(530) 180.
    Doran Martell(350) hit Aerys II Targaryen(680) 200.
    ****
    Aerys II Targaryen(480) took 25 damage as DOT.
    Doran Martell(350) took 30 damage as DOT.
    Aerys II Targaryen(455) hit Doran Martell(320) 180.
    Doran Martell(140) hit Aerys II Targaryen(455) 200.
    ****
    Aerys II Targaryen(255) took 50 damage as DOT.
    Doran Martell(140) took 60 damage as DOT.
    Aerys II Targaryen(205) hit Doran Martell(80) 180.
    Doran Martell(-100) hit Aerys II Targaryen(205) 200.
    ****
    Aerys II Targaryen(5) has won.
  The Crownlands got 6 house points. Dorne got 0 house points.

The winner is: The Crownlands with currently 2 kingdom points.
---------------
---------------
Duel 4: Dorne vs The Stormlands
  Duel between Daynes(27) -WIL- and Tarths(30) -WIZ- has begun.
    Beric Dayne(505) hit Brienne Tarth(483) 177.
    Brienne Tarth(306) hit Beric Dayne(505) 163.
    ****
    Beric Dayne(342) took 20 damage as DOT.
    Brienne Tarth(306) took 25 damage as DOT.
    Beric Dayne(322) hit Brienne Tarth(281) 177.
    Brienne Tarth(104) hit Beric Dayne(322) 163.
    ****
    Beric Dayne(159) took 40 damage as DOT.
    Brienne Tarth(104) took 50 damage as DOT.
    Beric Dayne(119) hit Brienne Tarth(54) 177.
    Brienne Tarth(-123) hit Beric Dayne(119) 163.
    ****
    Both of them are dead. A draw.
  Duel between Blackmonts(27) -WIL- and Morrigens(30) -WIZ- has begun.
    Larra Blackmont(480) hit Damon Morrigen(483) 182.
    Damon Morrigen(301) hit Larra Blackmont(480) 163.
    ****
    Larra Blackmont(317) took 20 damage as DOT.
    Damon Morrigen(301) took 25 damage as DOT.
    Larra Blackmont(297) hit Damon Morrigen(276) 182.
    Damon Morrigen(94) hit Larra Blackmont(297) 163.
    ****
    Larra Blackmont(134) took 40 damage as DOT.
    Damon Morrigen(94) took 50 damage as DOT.
    Larra Blackmont(94) hit Damon Morrigen(44) 182.
    Damon Morrigen(-138) hit Larra Blackmont(94) 163.
    ****
    Both of them are dead. A draw.
  Duel between Manwoodys(27) -WIZ- and Estermonts(30) -WHI- has begun.
    Dagos Manwoody(530) hit Cassana Estermont(658) 157.
    Cassana Estermont(501) hit Dagos Manwoody(530) 153.
    ****
    Dagos Manwoody(377) took 30 damage as DOT.
    Cassana Estermont(501) took 20 damage as DOT.
    Dagos Manwoody(347) hit Cassana Estermont(481) 157.
    Cassana Estermont(324) hit Dagos Manwoody(347) 153.
    ****
    Dagos Manwoody(194) took 60 damage as DOT.
    Cassana Estermont(324) took 40 damage as DOT.
    Dagos Manwoody(134) hit Cassana Estermont(284) 157.
    Cassana Estermont(127) hit Dagos Manwoody(134) 153.
    ****
    Cassana Estermont(127) has won.
  Duel between Daynes(27) -WIL- and Morrigens(30) -WIZ- has begun.
    Beric Dayne(505) hit Damon Morrigen(483) 177.
    Damon Morrigen(306) hit Beric Dayne(505) 163.
    ****
    Beric Dayne(342) took 20 damage as DOT.
    Damon Morrigen(306) took 25 damage as DOT.
    Beric Dayne(322) hit Damon Morrigen(281) 177.
    Damon Morrigen(104) hit Beric Dayne(322) 163.
    ****
    Beric Dayne(159) took 40 damage as DOT.
    Damon Morrigen(104) took 50 damage as DOT.
    Beric Dayne(119) hit Damon Morrigen(54) 177.
    Damon Morrigen(-123) hit Beric Dayne(119) 163.
    ****
    Both of them are dead. A draw.
  Duel between Blackmonts(27) -WIL- and Estermonts(33) -WHI- has begun.
    Larra Blackmont(480) hit Cassana Estermont(658) 182.
    Cassana Estermont(476) hit Larra Blackmont(480) 156.
    ****
    Larra Blackmont(324) took 30 damage as DOT.
    Cassana Estermont(476) took 25 damage as DOT.
    Larra Blackmont(294) hit Cassana Estermont(451) 182.
    Cassana Estermont(269) hit Larra Blackmont(294) 156.
    ****
    Larra Blackmont(138) took 60 damage as DOT.
    Cassana Estermont(269) took 50 damage as DOT.
    Larra Blackmont(78) hit Cassana Estermont(219) 182.
    Cassana Estermont(37) hit Larra Blackmont(78) 156.
    ****
    Cassana Estermont(37) has won.
  Duel between Manwoodys(24) -WIZ- and Tarths(30) -WIZ- has begun.
    Dagos Manwoody(530) hit Brienne Tarth(483) 154.
    Brienne Tarth(329) hit Dagos Manwoody(530) 163.
    ****
    Dagos Manwoody(367) took 20 damage as DOT.
    Brienne Tarth(329) took 20 damage as DOT.
    Dagos Manwoody(347) hit Brienne Tarth(309) 154.
    Brienne Tarth(155) hit Dagos Manwoody(347) 163.
    ****
    Dagos Manwoody(184) took 40 damage as DOT.
    Brienne Tarth(155) took 40 damage as DOT.
    Dagos Manwoody(144) hit Brienne Tarth(115) 154.
    Brienne Tarth(-39) hit Dagos Manwoody(144) 163.
    ****
    Both of them are dead. A draw.
  Duel between Daynes(27) -WIL- and Estermonts(36) -WHI- has begun.
    Beric Dayne(505) hit Cassana Estermont(658) 177.
    Cassana Estermont(481) hit Beric Dayne(505) 159.
    ****
    Beric Dayne(346) took 30 damage as DOT.
    Cassana Estermont(481) took 25 damage as DOT.
    Beric Dayne(316) hit Cassana Estermont(456) 177.
    Cassana Estermont(279) hit Beric Dayne(316) 159.
    ****
    Beric Dayne(157) took 60 damage as DOT.
    Cassana Estermont(279) took 50 damage as DOT.
    Beric Dayne(97) hit Cassana Estermont(229) 177.
    Cassana Estermont(52) hit Beric Dayne(97) 159.
    ****
    Cassana Estermont(52) has won.
  Duel between Blackmonts(24) -WIL- and Tarths(30) -WIZ- has begun.
    Larra Blackmont(480) hit Brienne Tarth(483) 179.
    Brienne Tarth(304) hit Larra Blackmont(480) 163.
    ****
    Larra Blackmont(317) took 20 damage as DOT.
    Brienne Tarth(304) took 25 damage as DOT.
    Larra Blackmont(297) hit Brienne Tarth(279) 179.
    Brienne Tarth(100) hit Larra Blackmont(297) 163.
    ****
    Larra Blackmont(134) took 40 damage as DOT.
    Brienne Tarth(100) took 50 damage as DOT.
    Larra Blackmont(94) hit Brienne Tarth(50) 179.
    Brienne Tarth(-129) hit Larra Blackmont(94) 163.
    ****
    Both of them are dead. A draw.
  Duel between Manwoodys(24) -WIZ- and Morrigens(30) -WIZ- has begun.
    Dagos Manwoody(530) hit Damon Morrigen(483) 154.
    Damon Morrigen(329) hit Dagos Manwoody(530) 163.
    ****
    Dagos Manwoody(367) took 20 damage as DOT.
    Damon Morrigen(329) took 20 damage as DOT.
    Dagos Manwoody(347) hit Damon Morrigen(309) 154.
    Damon Morrigen(155) hit Dagos Manwoody(347) 163.
    ****
    Dagos Manwoody(184) took 40 damage as DOT.
    Damon Morrigen(155) took 40 damage as DOT.
    Dagos Manwoody(144) hit Damon Morrigen(115) 154.
    Damon Morrigen(-39) hit Dagos Manwoody(144) 163.
    ****
    Both of them are dead. A draw.
  Duel between House Martell(45) -WIL- and House Tyrell(50) -WIZ- has begun.
    Doran Martell(530) hit Joffrey Baratheon(558) 195.
    Joffrey Baratheon(363) hit Doran Martell(530) 183.
    ****
    Doran Martell(347) took 20 damage as DOT.
    Joffrey Baratheon(363) took 25 damage as DOT.
    Doran Martell(327) hit Joffrey Baratheon(338) 195.
    Joffrey Baratheon(143) hit Doran Martell(327) 183.
    ****
    Doran Martell(144) took 40 damage as DOT.
    Joffrey Baratheon(143) took 50 damage as DOT.
    Doran Martell(104) hit Joffrey Baratheon(93) 195.
    Joffrey Baratheon(-102) hit Doran Martell(104) 183.
    ****
    Both of them are dead. A draw.
  Dorne got 0 house points. The Stormlands got 3 house points.

The winner is: The Stormlands with currently 1 kingdom points.
---------------
---------------
Duel 5: The Stormlands vs The Vale of Arryn
  Duel between Tarths(30) -WIZ- and Hunters(30) -WHI- has begun.
    Brienne Tarth(483) hit Eon Hunter(655) 163.
    Eon Hunter(492) hit Brienne Tarth(483) 210.
    ****
    Brienne Tarth(273) took 30 damage as DOT.
    Eon Hunter(492) took 20 damage as DOT.
    Brienne Tarth(243) hit Eon Hunter(472) 163.
    Eon Hunter(309) hit Brienne Tarth(243) 210.
    ****
    Brienne Tarth(33) took 60 damage as DOT.
    Eon Hunter(309) took 40 damage as DOT.
    Brienne Tarth(-27) hit Eon Hunter(269) 163.
    Eon Hunter(106) hit Brienne Tarth(-27) 210.
    ****
    Eon Hunter(106) has won.
  Duel between Morrigens(30) -WIZ- and Tolletts(30) -WHI- has begun.
    Damon Morrigen(483) hit Eddison Tollett(605) 163.
    Eddison Tollett(442) hit Damon Morrigen(483) 210.
    ****
    Damon Morrigen(273) took 30 damage as DOT.
    Eddison Tollett(442) took 20 damage as DOT.
    Damon Morrigen(243) hit Eddison Tollett(422) 163.
    Eddison Tollett(259) hit Damon Morrigen(243) 210.
    ****
    Damon Morrigen(33) took 60 damage as DOT.
    Eddison Tollett(259) took 40 damage as DOT.
    Damon Morrigen(-27) hit Eddison Tollett(219) 163.
    Eddison Tollett(56) hit Damon Morrigen(-27) 210.
    ****
    Eddison Tollett(56) has won.
  Duel between Estermonts(39) -WHI- and Egens(30) -WIL- has begun.
    Cassana Estermont(658) hit Vardis Egen(430) 162.
    Vardis Egen(268) hit Cassana Estermont(658) 235.
    ****
    Cassana Estermont(423) took 25 damage as DOT.
    Vardis Egen(268) took 30 damage as DOT.
    Cassana Estermont(398) hit Vardis Egen(238) 162.
    Vardis Egen(76) hit Cassana Estermont(398) 235.
    ****
    Cassana Estermont(163) took 50 damage as DOT.
    Vardis Egen(76) took 60 damage as DOT.
    Cassana Estermont(113) hit Vardis Egen(16) 162.
    Vardis Egen(-146) hit Cassana Estermont(113) 235.
    ****
    Both of them are dead. A draw.
  Duel between Tarths(27) -WIZ- and Tolletts(33) -WHI- has begun.
    Brienne Tarth(483) hit Eddison Tollett(605) 160.
    Eddison Tollett(445) hit Brienne Tarth(483) 213.
    ****
    Brienne Tarth(270) took 30 damage as DOT.
    Eddison Tollett(445) took 20 damage as DOT.
    Brienne Tarth(240) hit Eddison Tollett(425) 160.
    Eddison Tollett(265) hit Brienne Tarth(240) 213.
    ****
    Brienne Tarth(27) took 60 damage as DOT.
    Eddison Tollett(265) took 40 damage as DOT.
    Brienne Tarth(-33) hit Eddison Tollett(225) 160.
    Eddison Tollett(65) hit Brienne Tarth(-33) 213.
    ****
    Eddison Tollett(65) has won.
  Duel between Morrigens(27) -WIZ- and Egens(30) -WIL- has begun.
    Damon Morrigen(483) hit Vardis Egen(430) 160.
    Vardis Egen(270) hit Damon Morrigen(483) 235.
    ****
    Damon Morrigen(248) took 25 damage as DOT.
    Vardis Egen(270) took 20 damage as DOT.
    Damon Morrigen(223) hit Vardis Egen(250) 160.
    Vardis Egen(90) hit Damon Morrigen(223) 235.
    ****
    Vardis Egen(90) has won.
  Duel between Estermonts(39) -WHI- and Hunters(33) -WHI- has begun.
    Cassana Estermont(658) hit Eon Hunter(655) 162.
    Eon Hunter(493) hit Cassana Estermont(658) 213.
    ****
    Cassana Estermont(445) took 30 damage as DOT.
    Eon Hunter(493) took 30 damage as DOT.
    Cassana Estermont(415) hit Eon Hunter(463) 162.
    Eon Hunter(301) hit Cassana Estermont(415) 213.
    ****
    Cassana Estermont(202) took 60 damage as DOT.
    Eon Hunter(301) took 60 damage as DOT.
    Cassana Estermont(142) hit Eon Hunter(241) 162.
    Eon Hunter(79) hit Cassana Estermont(142) 213.
    ****
    Eon Hunter(79) has won.
  Duel between Tarths(24) -WIZ- and Egens(33) -WIL- has begun.
    Brienne Tarth(483) hit Vardis Egen(430) 157.
    Vardis Egen(273) hit Brienne Tarth(483) 238.
    ****
    Brienne Tarth(245) took 25 damage as DOT.
    Vardis Egen(273) took 20 damage as DOT.
    Brienne Tarth(220) hit Vardis Egen(253) 157.
    Vardis Egen(96) hit Brienne Tarth(220) 238.
    ****
    Vardis Egen(96) has won.
  Duel between Morrigens(24) -WIZ- and Hunters(30) -WHI- has begun.
    Damon Morrigen(483) hit Eon Hunter(655) 157.
    Eon Hunter(498) hit Damon Morrigen(483) 210.
    ****
    Damon Morrigen(273) took 30 damage as DOT.
    Eon Hunter(498) took 20 damage as DOT.
    Damon Morrigen(243) hit Eon Hunter(478) 157.
    Eon Hunter(321) hit Damon Morrigen(243) 210.
    ****
    Damon Morrigen(33) took 60 damage as DOT.
    Eon Hunter(321) took 40 damage as DOT.
    Damon Morrigen(-27) hit Eon Hunter(281) 157.
    Eon Hunter(124) hit Damon Morrigen(-27) 210.
    ****
    Eon Hunter(124) has won.
  Duel between Estermonts(36) -WHI- and Tolletts(36) -WHI- has begun.
    Cassana Estermont(658) hit Eddison Tollett(605) 159.
    Eddison Tollett(446) hit Cassana Estermont(658) 216.
    ****
    Cassana Estermont(442) took 30 damage as DOT.
    Eddison Tollett(446) took 30 damage as DOT.
    Cassana Estermont(412) hit Eddison Tollett(416) 159.
    Eddison Tollett(257) hit Cassana Estermont(412) 216.
    ****
    Cassana Estermont(196) took 60 damage as DOT.
    Eddison Tollett(257) took 60 damage as DOT.
    Cassana Estermont(136) hit Eddison Tollett(197) 159.
    Eddison Tollett(38) hit Cassana Estermont(136) 216.
    ****
    Eddison Tollett(38) has won.
  Duel between House Tyrell(50) -WIZ- and House Arryn(50) -WIL- has begun.
    Joffrey Baratheon(558) hit Petry Baelish(405) 183.
    Petry Baelish(222) hit Joffrey Baratheon(558) 250.
    ****
    Joffrey Baratheon(308) took 25 damage as DOT.
    Petry Baelish(222) took 20 damage as DOT.
    Joffrey Baratheon(283) hit Petry Baelish(202) 183.
    Petry Baelish(19) hit Joffrey Baratheon(283) 250.
    ****
    Joffrey Baratheon(33) took 50 damage as DOT.
    Petry Baelish(19) took 40 damage as DOT.
    Joffrey Baratheon(-17) hit Petry Baelish(-21) 183.
    Petry Baelish(-204) hit Joffrey Baratheon(-17) 250.
    ****
    Both of them are dead. A draw.
  The Stormlands got 0 house points. The Vale of Arryn got 8 house points.

The winner is: The Vale of Arryn with currently 1 kingdom points.
---------------
---------------
Duel 6: The Iron Islands vs The Crownlands
  Duel between Kennings(33) -WHI- and Rosbys(45) -WHI- has begun.
    Ralf Kenning(683) hit Gyles Rosby(680) 156.
    Gyles Rosby(524) hit Ralf Kenning(683) 175.
    ****
    Ralf Kenning(508) took 30 damage as DOT.
    Gyles Rosby(524) took 30 damage as DOT.
    Ralf Kenning(478) hit Gyles Rosby(494) 156.
    Gyles Rosby(338) hit Ralf Kenning(478) 175.
    ****
    Ralf Kenning(303) took 60 damage as DOT.
    Gyles Rosby(338) took 60 damage as DOT.
    Ralf Kenning(243) hit Gyles Rosby(278) 156.
    Gyles Rosby(122) hit Ralf Kenning(243) 175.
    ****
    Ralf Kenning(68) took 90 damage as DOT.
    Gyles Rosby(122) took 90 damage as DOT.
    Ralf Kenning(-22) hit Gyles Rosby(32) 156.
    Gyles Rosby(-124) hit Ralf Kenning(-22) 175.
    ****
    Both of them are dead. A draw.
  Duel between Blacktydes(33) -WIL- and Stokeworths(27) -WIL- has begun.
    Baelor Blacktyde(533) hit Tanda Stokeworth(480) 176.
    Tanda Stokeworth(304) hit Baelor Blacktyde(533) 182.
    ****
    Baelor Blacktyde(351) took 25 damage as DOT.
    Tanda Stokeworth(304) took 25 damage as DOT.
    Baelor Blacktyde(326) hit Tanda Stokeworth(279) 176.
    Tanda Stokeworth(103) hit Baelor Blacktyde(326) 182.
    ****
    Baelor Blacktyde(144) took 50 damage as DOT.
    Tanda Stokeworth(103) took 50 damage as DOT.
    Baelor Blacktyde(94) hit Tanda Stokeworth(53) 176.
    Tanda Stokeworth(-123) hit Baelor Blacktyde(94) 182.
    ****
    Both of them are dead. A draw.
  Duel between Goodbrothers(24) -WIZ- and Slynts(27) -WIL- has begun.
    Urragon Goodbrother(483) hit Janos Slynt(480) 142.
    Janos Slynt(338) hit Urragon Goodbrother(483) 182.
    ****
    Urragon Goodbrother(301) took 25 damage as DOT.
    Janos Slynt(338) took 20 damage as DOT.
    Urragon Goodbrother(276) hit Janos Slynt(318) 142.
    Janos Slynt(176) hit Urragon Goodbrother(276) 182.
    ****
    Urragon Goodbrother(94) took 50 damage as DOT.
    Janos Slynt(176) took 40 damage as DOT.
    Urragon Goodbrother(44) hit Janos Slynt(136) 142.
    Janos Slynt(-6) hit Urragon Goodbrother(44) 182.
    ****
    Both of them are dead. A draw.
  Duel between Kennings(33) -WHI- and Stokeworths(27) -WIL- has begun.
    Ralf Kenning(683) hit Tanda Stokeworth(480) 156.
    Tanda Stokeworth(324) hit Ralf Kenning(683) 182.
    ****
    Ralf Kenning(501) took 25 damage as DOT.
    Tanda Stokeworth(324) took 30 damage as DOT.
    Ralf Kenning(476) hit Tanda Stokeworth(294) 156.
    Tanda Stokeworth(138) hit Ralf Kenning(476) 182.
    ****
    Ralf Kenning(294) took 50 damage as DOT.
    Tanda Stokeworth(138) took 60 damage as DOT.
    Ralf Kenning(244) hit Tanda Stokeworth(78) 156.
    Tanda Stokeworth(-78) hit Ralf Kenning(244) 182.
    ****
    Ralf Kenning(62) has won.
  Duel between Blacktydes(33) -WIL- and Slynts(27) -WIL- has begun.
    Baelor Blacktyde(533) hit Janos Slynt(480) 176.
    Janos Slynt(304) hit Baelor Blacktyde(533) 182.
    ****
    Baelor Blacktyde(351) took 25 damage as DOT.
    Janos Slynt(304) took 25 damage as DOT.
    Baelor Blacktyde(326) hit Janos Slynt(279) 176.
    Janos Slynt(103) hit Baelor Blacktyde(326) 182.
    ****
    Baelor Blacktyde(144) took 50 damage as DOT.
    Janos Slynt(103) took 50 damage as DOT.
    Baelor Blacktyde(94) hit Janos Slynt(53) 176.
    Janos Slynt(-123) hit Baelor Blacktyde(94) 182.
    ****
    Both of them are dead. A draw.
  Duel between Goodbrothers(24) -WIZ- and Rosbys(45) -WHI- has begun.
    Urragon Goodbrother(483) hit Gyles Rosby(680) 142.
    Gyles Rosby(538) hit Urragon Goodbrother(483) 175.
    ****
    Urragon Goodbrother(308) took 30 damage as DOT.
    Gyles Rosby(538) took 20 damage as DOT.
    Urragon Goodbrother(278) hit Gyles Rosby(518) 142.
    Gyles Rosby(376) hit Urragon Goodbrother(278) 175.
    ****
    Urragon Goodbrother(103) took 60 damage as DOT.
    Gyles Rosby(376) took 40 damage as DOT.
    Urragon Goodbrother(43) hit Gyles Rosby(336) 142.
    Gyles Rosby(194) hit Urragon Goodbrother(43) 175.
    ****
    Gyles Rosby(194) has won.
  Duel between Kennings(36) -WHI- and Slynts(27) -WIL- has begun.
    Ralf Kenning(683) hit Janos Slynt(480) 159.
    Janos Slynt(321) hit Ralf Kenning(683) 182.
    ****
    Ralf Kenning(501) took 25 damage as DOT.
    Janos Slynt(321) took 30 damage as DOT.
    Ralf Kenning(476) hit Janos Slynt(291) 159.
    Janos Slynt(132) hit Ralf Kenning(476) 182.
    ****
    Ralf Kenning(294) took 50 damage as DOT.
    Janos Slynt(132) took 60 damage as DOT.
    Ralf Kenning(244) hit Janos Slynt(72) 159.
    Janos Slynt(-87) hit Ralf Kenning(244) 182.
    ****
    Ralf Kenning(62) has won.
  Duel between Blacktydes(33) -WIL- and Rosbys(48) -WHI- has begun.
    Baelor Blacktyde(533) hit Gyles Rosby(680) 176.
    Gyles Rosby(504) hit Baelor Blacktyde(533) 178.
    ****
    Baelor Blacktyde(355) took 30 damage as DOT.
    Gyles Rosby(504) took 25 damage as DOT.
    Baelor Blacktyde(325) hit Gyles Rosby(479) 176.
    Gyles Rosby(303) hit Baelor Blacktyde(325) 178.
    ****
    Baelor Blacktyde(147) took 60 damage as DOT.
    Gyles Rosby(303) took 50 damage as DOT.
    Baelor Blacktyde(87) hit Gyles Rosby(253) 176.
    Gyles Rosby(77) hit Baelor Blacktyde(87) 178.
    ****
    Gyles Rosby(77) has won.
  Duel between Goodbrothers(21) -WIZ- and Stokeworths(24) -WIL- has begun.
    Urragon Goodbrother(483) hit Tanda Stokeworth(480) 139.
    Tanda Stokeworth(341) hit Urragon Goodbrother(483) 179.
    ****
    Urragon Goodbrother(304) took 25 damage as DOT.
    Tanda Stokeworth(341) took 20 damage as DOT.
    Urragon Goodbrother(279) hit Tanda Stokeworth(321) 139.
    Tanda Stokeworth(182) hit Urragon Goodbrother(279) 179.
    ****
    Urragon Goodbrother(100) took 50 damage as DOT.
    Tanda Stokeworth(182) took 40 damage as DOT.
    Urragon Goodbrother(50) hit Tanda Stokeworth(142) 139.
    Tanda Stokeworth(3) hit Urragon Goodbrother(50) 179.
    ****
    Tanda Stokeworth(3) has won.
  Duel between House Greyjoy(45) -WIZ- and House Baratheon(55) -WHI- has begun.
    Victarion Greyjoy(533) hit Aerys II Targaryen(680) 163.
    Aerys II Targaryen(517) hit Victarion Greyjoy(533) 185.
    ****
    Victarion Greyjoy(348) took 30 damage as DOT.
    Aerys II Targaryen(517) took 20 damage as DOT.
    Victarion Greyjoy(318) hit Aerys II Targaryen(497) 163.
    Aerys II Targaryen(334) hit Victarion Greyjoy(318) 185.
    ****
    Victarion Greyjoy(133) took 60 damage as DOT.
    Aerys II Targaryen(334) took 40 damage as DOT.
    Victarion Greyjoy(73) hit Aerys II Targaryen(294) 163.
    Aerys II Targaryen(131) hit Victarion Greyjoy(73) 185.
    ****
    Aerys II Targaryen(131) has won.
  The Iron Islands got 2 house points. The Crownlands got 6 house points.

The winner is: The Crownlands with currently 3 kingdom points.
---------------
---------------
Duel 7: The Westernlands vs Dorne
  Duel between Lannister of Lannisports(36) -WHI- and Daynes(24) -WIL- has begun.
    Reginald Lannister(665) hit Beric Dayne(505) 156.
    Beric Dayne(349) hit Reginald Lannister(665) 174.
    ****
    Reginald Lannister(491) took 25 damage as DOT.
    Beric Dayne(349) took 30 damage as DOT.
    Reginald Lannister(466) hit Beric Dayne(319) 156.
    Beric Dayne(163) hit Reginald Lannister(466) 174.
    ****
    Reginald Lannister(292) took 50 damage as DOT.
    Beric Dayne(163) took 60 damage as DOT.
    Reginald Lannister(242) hit Beric Dayne(103) 156.
    Beric Dayne(-53) hit Reginald Lannister(242) 174.
    ****
    Reginald Lannister(68) has won.
  Duel between Yarwycks(27) -WIZ- and Blackmonts(24) -WIL- has begun.
    Othell Yarwyck(565) hit Larra Blackmont(480) 152.
    Larra Blackmont(328) hit Othell Yarwyck(565) 179.
    ****
    Othell Yarwyck(386) took 25 damage as DOT.
    Larra Blackmont(328) took 20 damage as DOT.
    Othell Yarwyck(361) hit Larra Blackmont(308) 152.
    Larra Blackmont(156) hit Othell Yarwyck(361) 179.
    ****
    Othell Yarwyck(182) took 50 damage as DOT.
    Larra Blackmont(156) took 40 damage as DOT.
    Othell Yarwyck(132) hit Larra Blackmont(116) 152.
    Larra Blackmont(-36) hit Othell Yarwyck(132) 179.
    ****
    Both of them are dead. A draw.
  Duel between Paynes(21) -WIZ- and Manwoodys(24) -WIZ- has begun.
    Ilyn Payne(490) hit Dagos Manwoody(530) 141.
    Dagos Manwoody(389) hit Ilyn Payne(490) 154.
    ****
    Ilyn Payne(336) took 20 damage as DOT.
    Dagos Manwoody(389) took 20 damage as DOT.
    Ilyn Payne(316) hit Dagos Manwoody(369) 141.
    Dagos Manwoody(228) hit Ilyn Payne(316) 154.
    ****
    Ilyn Payne(162) took 40 damage as DOT.
    Dagos Manwoody(228) took 40 damage as DOT.
    Ilyn Payne(122) hit Dagos Manwoody(188) 141.
    Dagos Manwoody(47) hit Ilyn Payne(122) 154.
    ****
    Dagos Manwoody(47) has won.
  Duel between Lannister of Lannisports(39) -WHI- and Blackmonts(24) -WIL- has begun.
    Reginald Lannister(665) hit Larra Blackmont(480) 159.
    Larra Blackmont(321) hit Reginald Lannister(665) 179.
    ****
    Reginald Lannister(486) took 25 damage as DOT.
    Larra Blackmont(321) took 30 damage as DOT.
    Reginald Lannister(461) hit Larra Blackmont(291) 159.
    Larra Blackmont(132) hit Reginald Lannister(461) 179.
    ****
    Reginald Lannister(282) took 50 damage as DOT.
    Larra Blackmont(132) took 60 damage as DOT.
    Reginald Lannister(232) hit Larra Blackmont(72) 159.
    Larra Blackmont(-87) hit Reginald Lannister(232) 179.
    ****
    Reginald Lannister(53) has won.
  Duel between Yarwycks(27) -WIZ- and Manwoodys(27) -WIZ- has begun.
    Othell Yarwyck(565) hit Dagos Manwoody(530) 152.
    Dagos Manwoody(378) hit Othell Yarwyck(565) 157.
    ****
    Othell Yarwyck(408) took 20 damage as DOT.
    Dagos Manwoody(378) took 20 damage as DOT.
    Othell Yarwyck(388) hit Dagos Manwoody(358) 152.
    Dagos Manwoody(206) hit Othell Yarwyck(388) 157.
    ****
    Othell Yarwyck(231) took 40 damage as DOT.
    Dagos Manwoody(206) took 40 damage as DOT.
    Othell Yarwyck(191) hit Dagos Manwoody(166) 152.
    Dagos Manwoody(14) hit Othell Yarwyck(191) 157.
    ****
    Othell Yarwyck(34) took 60 damage as DOT.
    Dagos Manwoody(14) took 60 damage as DOT.
    Othell Yarwyck(-26) hit Dagos Manwoody(-46) 152.
    Dagos Manwoody(-198) hit Othell Yarwyck(-26) 157.
    ****
    Both of them are dead. A draw.
  Duel between Paynes(18) -WIZ- and Daynes(21) -WIL- has begun.
    Ilyn Payne(490) hit Beric Dayne(505) 138.
    Beric Dayne(367) hit Ilyn Payne(490) 171.
    ****
    Ilyn Payne(319) took 25 damage as DOT.
    Beric Dayne(367) took 20 damage as DOT.
    Ilyn Payne(294) hit Beric Dayne(347) 138.
    Beric Dayne(209) hit Ilyn Payne(294) 171.
    ****
    Ilyn Payne(123) took 50 damage as DOT.
    Beric Dayne(209) took 40 damage as DOT.
    Ilyn Payne(73) hit Beric Dayne(169) 138.
    Beric Dayne(31) hit Ilyn Payne(73) 171.
    ****
    Beric Dayne(31) has won.
  Duel between Lannister of Lannisports(42) -WHI- and Manwoodys(27) -WIZ- has begun.
    Reginald Lannister(665) hit Dagos Manwoody(530) 162.
    Dagos Manwoody(368) hit Reginald Lannister(665) 157.
    ****
    Reginald Lannister(508) took 20 damage as DOT.
    Dagos Manwoody(368) took 30 damage as DOT.
    Reginald Lannister(488) hit Dagos Manwoody(338) 162.
    Dagos Manwoody(176) hit Reginald Lannister(488) 157.
    ****
    Reginald Lannister(331) took 40 damage as DOT.
    Dagos Manwoody(176) took 60 damage as DOT.
    Reginald Lannister(291) hit Dagos Manwoody(116) 162.
    Dagos Manwoody(-46) hit Reginald Lannister(291) 157.
    ****
    Reginald Lannister(134) has won.
  Duel between Yarwycks(27) -WIZ- and Daynes(24) -WIL- has begun.
    Othell Yarwyck(565) hit Beric Dayne(505) 152.
    Beric Dayne(353) hit Othell Yarwyck(565) 174.
    ****
    Othell Yarwyck(391) took 25 damage as DOT.
    Beric Dayne(353) took 20 damage as DOT.
    Othell Yarwyck(366) hit Beric Dayne(333) 152.
    Beric Dayne(181) hit Othell Yarwyck(366) 174.
    ****
    Othell Yarwyck(192) took 50 damage as DOT.
    Beric Dayne(181) took 40 damage as DOT.
    Othell Yarwyck(142) hit Beric Dayne(141) 152.
    Beric Dayne(-11) hit Othell Yarwyck(142) 174.
    ****
    Both of them are dead. A draw.
  Duel between Paynes(15) -WIZ- and Blackmonts(21) -WIL- has begun.
    Ilyn Payne(490) hit Larra Blackmont(480) 135.
    Larra Blackmont(345) hit Ilyn Payne(490) 176.
    ****
    Ilyn Payne(314) took 25 damage as DOT.
    Larra Blackmont(345) took 20 damage as DOT.
    Ilyn Payne(289) hit Larra Blackmont(325) 135.
    Larra Blackmont(190) hit Ilyn Payne(289) 176.
    ****
    Ilyn Payne(113) took 50 damage as DOT.
    Larra Blackmont(190) took 40 damage as DOT.
    Ilyn Payne(63) hit Larra Blackmont(150) 135.
    Larra Blackmont(15) hit Ilyn Payne(63) 176.
    ****
    Larra Blackmont(15) has won.
  Duel between House Frey(55) -WHI- and House Martell(45) -WIL- has begun.
    Lancel Lannister(690) hit Doran Martell(530) 175.
    Doran Martell(355) hit Lancel Lannister(690) 195.
    ****
    Lancel Lannister(495) took 25 damage as DOT.
    Doran Martell(355) took 30 damage as DOT.
    Lancel Lannister(470) hit Doran Martell(325) 175.
    Doran Martell(150) hit Lancel Lannister(470) 195.
    ****
    Lancel Lannister(275) took 50 damage as DOT.
    Doran Martell(150) took 60 damage as DOT.
    Lancel Lannister(225) hit Doran Martell(90) 175.
    Doran Martell(-85) hit Lancel Lannister(225) 195.
    ****
    Lancel Lannister(30) has won.
  The Westernlands got 6 house points. Dorne got 3 house points.

The winner is: The Westernlands with currently 3 kingdom points.
---------------
---------------
Duel 8: The Crownlands vs The Stormlands
  Duel between Rosbys(51) -WHI- and Tarths(21) -WIZ- has begun.
    Gyles Rosby(680) hit Brienne Tarth(483) 181.
    Brienne Tarth(302) hit Gyles Rosby(680) 154.
    ****
    Gyles Rosby(526) took 20 damage as DOT.
    Brienne Tarth(302) took 30 damage as DOT.
    Gyles Rosby(506) hit Brienne Tarth(272) 181.
    Brienne Tarth(91) hit Gyles Rosby(506) 154.
    ****
    Gyles Rosby(352) took 40 damage as DOT.
    Brienne Tarth(91) took 60 damage as DOT.
    Gyles Rosby(312) hit Brienne Tarth(31) 181.
    Brienne Tarth(-150) hit Gyles Rosby(312) 154.
    ****
    Gyles Rosby(158) has won.
  Duel between Stokeworths(27) -WIL- and Morrigens(21) -WIZ- has begun.
    Tanda Stokeworth(480) hit Damon Morrigen(483) 182.
    Damon Morrigen(301) hit Tanda Stokeworth(480) 154.
    ****
    Tanda Stokeworth(326) took 20 damage as DOT.
    Damon Morrigen(301) took 25 damage as DOT.
    Tanda Stokeworth(306) hit Damon Morrigen(276) 182.
    Damon Morrigen(94) hit Tanda Stokeworth(306) 154.
    ****
    Tanda Stokeworth(152) took 40 damage as DOT.
    Damon Morrigen(94) took 50 damage as DOT.
    Tanda Stokeworth(112) hit Damon Morrigen(44) 182.
    Damon Morrigen(-138) hit Tanda Stokeworth(112) 154.
    ****
    Both of them are dead. A draw.
  Duel between Slynts(24) -WIL- and Estermonts(33) -WHI- has begun.
    Janos Slynt(480) hit Cassana Estermont(658) 179.
    Cassana Estermont(479) hit Janos Slynt(480) 156.
    ****
    Janos Slynt(324) took 30 damage as DOT.
    Cassana Estermont(479) took 25 damage as DOT.
    Janos Slynt(294) hit Cassana Estermont(454) 179.
    Cassana Estermont(275) hit Janos Slynt(294) 156.
    ****
    Janos Slynt(138) took 60 damage as DOT.
    Cassana Estermont(275) took 50 damage as DOT.
    Janos Slynt(78) hit Cassana Estermont(225) 179.
    Cassana Estermont(46) hit Janos Slynt(78) 156.
    ****
    Cassana Estermont(46) has won.
  Duel between Rosbys(54) -WHI- and Morrigens(21) -WIZ- has begun.
    Gyles Rosby(680) hit Damon Morrigen(483) 184.
    Damon Morrigen(299) hit Gyles Rosby(680) 154.
    ****
    Gyles Rosby(526) took 20 damage as DOT.
    Damon Morrigen(299) took 30 damage as DOT.
    Gyles Rosby(506) hit Damon Morrigen(269) 184.
    Damon Morrigen(85) hit Gyles Rosby(506) 154.
    ****
    Gyles Rosby(352) took 40 damage as DOT.
    Damon Morrigen(85) took 60 damage as DOT.
    Gyles Rosby(312) hit Damon Morrigen(25) 184.
    Damon Morrigen(-159) hit Gyles Rosby(312) 154.
    ****
    Gyles Rosby(158) has won.
  Duel between Stokeworths(27) -WIL- and Estermonts(36) -WHI- has begun.
    Tanda Stokeworth(480) hit Cassana Estermont(658) 182.
    Cassana Estermont(476) hit Tanda Stokeworth(480) 159.
    ****
    Tanda Stokeworth(321) took 30 damage as DOT.
    Cassana Estermont(476) took 25 damage as DOT.
    Tanda Stokeworth(291) hit Cassana Estermont(451) 182.
    Cassana Estermont(269) hit Tanda Stokeworth(291) 159.
    ****
    Tanda Stokeworth(132) took 60 damage as DOT.
    Cassana Estermont(269) took 50 damage as DOT.
    Tanda Stokeworth(72) hit Cassana Estermont(219) 182.
    Cassana Estermont(37) hit Tanda Stokeworth(72) 159.
    ****
    Cassana Estermont(37) has won.
  Duel between Slynts(21) -WIL- and Tarths(18) -WIZ- has begun.
    Janos Slynt(480) hit Brienne Tarth(483) 176.
    Brienne Tarth(307) hit Janos Slynt(480) 151.
    ****
    Janos Slynt(329) took 20 damage as DOT.
    Brienne Tarth(307) took 25 damage as DOT.
    Janos Slynt(309) hit Brienne Tarth(282) 176.
    Brienne Tarth(106) hit Janos Slynt(309) 151.
    ****
    Janos Slynt(158) took 40 damage as DOT.
    Brienne Tarth(106) took 50 damage as DOT.
    Janos Slynt(118) hit Brienne Tarth(56) 176.
    Brienne Tarth(-120) hit Janos Slynt(118) 151.
    ****
    Both of them are dead. A draw.
  Duel between Rosbys(57) -WHI- and Estermonts(39) -WHI- has begun.
    Gyles Rosby(680) hit Cassana Estermont(658) 187.
    Cassana Estermont(471) hit Gyles Rosby(680) 162.
    ****
    Gyles Rosby(518) took 30 damage as DOT.
    Cassana Estermont(471) took 30 damage as DOT.
    Gyles Rosby(488) hit Cassana Estermont(441) 187.
    Cassana Estermont(254) hit Gyles Rosby(488) 162.
    ****
    Gyles Rosby(326) took 60 damage as DOT.
    Cassana Estermont(254) took 60 damage as DOT.
    Gyles Rosby(266) hit Cassana Estermont(194) 187.
    Cassana Estermont(7) hit Gyles Rosby(266) 162.
    ****
    Gyles Rosby(104) took 90 damage as DOT.
    Cassana Estermont(7) took 90 damage as DOT.
    Gyles Rosby(14) hit Cassana Estermont(-83) 187.
    Cassana Estermont(-270) hit Gyles Rosby(14) 162.
    ****
    Both of them are dead. A draw.
  Duel between Stokeworths(24) -WIL- and Tarths(18) -WIZ- has begun.
    Tanda Stokeworth(480) hit Brienne Tarth(483) 179.
    Brienne Tarth(304) hit Tanda Stokeworth(480) 151.
    ****
    Tanda Stokeworth(329) took 20 damage as DOT.
    Brienne Tarth(304) took 25 damage as DOT.
    Tanda Stokeworth(309) hit Brienne Tarth(279) 179.
    Brienne Tarth(100) hit Tanda Stokeworth(309) 151.
    ****
    Tanda Stokeworth(158) took 40 damage as DOT.
    Brienne Tarth(100) took 50 damage as DOT.
    Tanda Stokeworth(118) hit Brienne Tarth(50) 179.
    Brienne Tarth(-129) hit Tanda Stokeworth(118) 151.
    ****
    Both of them are dead. A draw.
  Duel between Slynts(21) -WIL- and Morrigens(18) -WIZ- has begun.
    Janos Slynt(480) hit Damon Morrigen(483) 176.
    Damon Morrigen(307) hit Janos Slynt(480) 151.
    ****
    Janos Slynt(329) took 20 damage as DOT.
    Damon Morrigen(307) took 25 damage as DOT.
    Janos Slynt(309) hit Damon Morrigen(282) 176.
    Damon Morrigen(106) hit Janos Slynt(309) 151.
    ****
    Janos Slynt(158) took 40 damage as DOT.
    Damon Morrigen(106) took 50 damage as DOT.
    Janos Slynt(118) hit Damon Morrigen(56) 176.
    Damon Morrigen(-120) hit Janos Slynt(118) 151.
    ****
    Both of them are dead. A draw.
  Duel between House Baratheon(60) -WHI- and House Tyrell(50) -WIZ- has begun.
    Aerys II Targaryen(680) hit Joffrey Baratheon(558) 190.
    Joffrey Baratheon(368) hit Aerys II Targaryen(680) 183.
    ****
    Aerys II Targaryen(497) took 20 damage as DOT.
    Joffrey Baratheon(368) took 30 damage as DOT.
    Aerys II Targaryen(477) hit Joffrey Baratheon(338) 190.
    Joffrey Baratheon(148) hit Aerys II Targaryen(477) 183.
    ****
    Aerys II Targaryen(294) took 40 damage as DOT.
    Joffrey Baratheon(148) took 60 damage as DOT.
    Aerys II Targaryen(254) hit Joffrey Baratheon(88) 190.
    Joffrey Baratheon(-102) hit Aerys II Targaryen(254) 183.
    ****
    Aerys II Targaryen(71) has won.
  The Crownlands got 5 house points. The Stormlands got 2 house points.

The winner is: The Crownlands with currently 4 kingdom points.
---------------
---------------
Duel 9: Dorne vs The Vale of Arryn
  Duel between Daynes(24) -WIL- and Hunters(33) -WHI- has begun.
    Beric Dayne(505) hit Eon Hunter(655) 174.
    Eon Hunter(481) hit Beric Dayne(505) 213.
    ****
    Beric Dayne(292) took 30 damage as DOT.
    Eon Hunter(481) took 25 damage as DOT.
    Beric Dayne(262) hit Eon Hunter(456) 174.
    Eon Hunter(282) hit Beric Dayne(262) 213.
    ****
    Beric Dayne(49) took 60 damage as DOT.
    Eon Hunter(282) took 50 damage as DOT.
    Beric Dayne(-11) hit Eon Hunter(232) 174.
    Eon Hunter(58) hit Beric Dayne(-11) 213.
    ****
    Eon Hunter(58) has won.
  Duel between Blackmonts(24) -WIL- and Tolletts(39) -WHI- has begun.
    Larra Blackmont(480) hit Eddison Tollett(605) 179.
    Eddison Tollett(426) hit Larra Blackmont(480) 219.
    ****
    Larra Blackmont(261) took 30 damage as DOT.
    Eddison Tollett(426) took 25 damage as DOT.
    Larra Blackmont(231) hit Eddison Tollett(401) 179.
    Eddison Tollett(222) hit Larra Blackmont(231) 219.
    ****
    Larra Blackmont(12) took 60 damage as DOT.
    Eddison Tollett(222) took 50 damage as DOT.
    Larra Blackmont(-48) hit Eddison Tollett(172) 179.
    Eddison Tollett(-7) hit Larra Blackmont(-48) 219.
    ****
    Both of them are dead. A draw.
  Duel between Manwoodys(24) -WIZ- and Egens(36) -WIL- has begun.
    Dagos Manwoody(530) hit Vardis Egen(430) 154.
    Vardis Egen(276) hit Dagos Manwoody(530) 241.
    ****
    Dagos Manwoody(289) took 25 damage as DOT.
    Vardis Egen(276) took 20 damage as DOT.
    Dagos Manwoody(264) hit Vardis Egen(256) 154.
    Vardis Egen(102) hit Dagos Manwoody(264) 241.
    ****
    Dagos Manwoody(23) took 50 damage as DOT.
    Vardis Egen(102) took 40 damage as DOT.
    Dagos Manwoody(-27) hit Vardis Egen(62) 154.
    Vardis Egen(-92) hit Dagos Manwoody(-27) 241.
    ****
    Both of them are dead. A draw.
  Duel between Daynes(21) -WIL- and Tolletts(39) -WHI- has begun.
    Beric Dayne(505) hit Eddison Tollett(605) 171.
    Eddison Tollett(434) hit Beric Dayne(505) 219.
    ****
    Beric Dayne(286) took 30 damage as DOT.
    Eddison Tollett(434) took 25 damage as DOT.
    Beric Dayne(256) hit Eddison Tollett(409) 171.
    Eddison Tollett(238) hit Beric Dayne(256) 219.
    ****
    Beric Dayne(37) took 60 damage as DOT.
    Eddison Tollett(238) took 50 damage as DOT.
    Beric Dayne(-23) hit Eddison Tollett(188) 171.
    Eddison Tollett(17) hit Beric Dayne(-23) 219.
    ****
    Eddison Tollett(17) has won.
  Duel between Blackmonts(24) -WIL- and Egens(36) -WIL- has begun.
    Larra Blackmont(480) hit Vardis Egen(430) 179.
    Vardis Egen(251) hit Larra Blackmont(480) 241.
    ****
    Larra Blackmont(239) took 25 damage as DOT.
    Vardis Egen(251) took 25 damage as DOT.
    Larra Blackmont(214) hit Vardis Egen(226) 179.
    Vardis Egen(47) hit Larra Blackmont(214) 241.
    ****
    Vardis Egen(47) has won.
  Duel between Manwoodys(24) -WIZ- and Hunters(36) -WHI- has begun.
    Dagos Manwoody(530) hit Eon Hunter(655) 154.
    Eon Hunter(501) hit Dagos Manwoody(530) 216.
    ****
    Dagos Manwoody(314) took 30 damage as DOT.
    Eon Hunter(501) took 20 damage as DOT.
    Dagos Manwoody(284) hit Eon Hunter(481) 154.
    Eon Hunter(327) hit Dagos Manwoody(284) 216.
    ****
    Dagos Manwoody(68) took 60 damage as DOT.
    Eon Hunter(327) took 40 damage as DOT.
    Dagos Manwoody(8) hit Eon Hunter(287) 154.
    Eon Hunter(133) hit Dagos Manwoody(8) 216.
    ****
    Eon Hunter(133) has won.
  Duel between Daynes(18) -WIL- and Egens(39) -WIL- has begun.
    Beric Dayne(505) hit Vardis Egen(430) 168.
    Vardis Egen(262) hit Beric Dayne(505) 244.
    ****
    Beric Dayne(261) took 25 damage as DOT.
    Vardis Egen(262) took 25 damage as DOT.
    Beric Dayne(236) hit Vardis Egen(237) 168.
    Vardis Egen(69) hit Beric Dayne(236) 244.
    ****
    Vardis Egen(69) has won.
  Duel between Blackmonts(21) -WIL- and Hunters(39) -WHI- has begun.
    Larra Blackmont(480) hit Eon Hunter(655) 176.
    Eon Hunter(479) hit Larra Blackmont(480) 219.
    ****
    Larra Blackmont(261) took 30 damage as DOT.
    Eon Hunter(479) took 25 damage as DOT.
    Larra Blackmont(231) hit Eon Hunter(454) 176.
    Eon Hunter(278) hit Larra Blackmont(231) 219.
    ****
    Larra Blackmont(12) took 60 damage as DOT.
    Eon Hunter(278) took 50 damage as DOT.
    Larra Blackmont(-48) hit Eon Hunter(228) 176.
    Eon Hunter(52) hit Larra Blackmont(-48) 219.
    ****
    Eon Hunter(52) has won.
  Duel between Manwoodys(21) -WIZ- and Tolletts(42) -WHI- has begun.
    Dagos Manwoody(530) hit Eddison Tollett(605) 151.
    Eddison Tollett(454) hit Dagos Manwoody(530) 222.
    ****
    Dagos Manwoody(308) took 30 damage as DOT.
    Eddison Tollett(454) took 20 damage as DOT.
    Dagos Manwoody(278) hit Eddison Tollett(434) 151.
    Eddison Tollett(283) hit Dagos Manwoody(278) 222.
    ****
    Dagos Manwoody(56) took 60 damage as DOT.
    Eddison Tollett(283) took 40 damage as DOT.
    Dagos Manwoody(-4) hit Eddison Tollett(243) 151.
    Eddison Tollett(92) hit Dagos Manwoody(-4) 222.
    ****
    Eddison Tollett(92) has won.
  Duel between House Martell(40) -WIL- and House Arryn(50) -WIL- has begun.
    Doran Martell(530) hit Petry Baelish(405) 190.
    Petry Baelish(215) hit Doran Martell(530) 250.
    ****
    Doran Martell(280) took 25 damage as DOT.
    Petry Baelish(215) took 25 damage as DOT.
    Doran Martell(255) hit Petry Baelish(190) 190.
    Petry Baelish(0) hit Doran Martell(255) 250.
    ****
    Doran Martell(5) has won.
  Dorne got 3 house points. The Vale of Arryn got 7 house points.

The winner is: The Vale of Arryn with currently 2 kingdom points.
---------------
---------------
Duel 10: The Iron Islands vs Dorne
  Duel between Kennings(39) -WHI- and Daynes(15) -WIL- has begun.
    Ralf Kenning(683) hit Beric Dayne(505) 162.
    Beric Dayne(343) hit Ralf Kenning(683) 165.
    ****
    Ralf Kenning(518) took 25 damage as DOT.
    Beric Dayne(343) took 30 damage as DOT.
    Ralf Kenning(493) hit Beric Dayne(313) 162.
    Beric Dayne(151) hit Ralf Kenning(493) 165.
    ****
    Ralf Kenning(328) took 50 damage as DOT.
    Beric Dayne(151) took 60 damage as DOT.
    Ralf Kenning(278) hit Beric Dayne(91) 162.
    Beric Dayne(-71) hit Ralf Kenning(278) 165.
    ****
    Ralf Kenning(113) has won.
  Duel between Blacktydes(30) -WIL- and Blackmonts(18) -WIL- has begun.
    Baelor Blacktyde(533) hit Larra Blackmont(480) 173.
    Larra Blackmont(307) hit Baelor Blacktyde(533) 173.
    ****
    Baelor Blacktyde(360) took 25 damage as DOT.
    Larra Blackmont(307) took 25 damage as DOT.
    Baelor Blacktyde(335) hit Larra Blackmont(282) 173.
    Larra Blackmont(109) hit Baelor Blacktyde(335) 173.
    ****
    Baelor Blacktyde(162) took 50 damage as DOT.
    Larra Blackmont(109) took 50 damage as DOT.
    Baelor Blacktyde(112) hit Larra Blackmont(59) 173.
    Larra Blackmont(-114) hit Baelor Blacktyde(112) 173.
    ****
    Both of them are dead. A draw.
  Duel between Goodbrothers(18) -WIZ- and Manwoodys(18) -WIZ- has begun.
    Urragon Goodbrother(483) hit Dagos Manwoody(530) 136.
    Dagos Manwoody(394) hit Urragon Goodbrother(483) 148.
    ****
    Urragon Goodbrother(335) took 20 damage as DOT.
    Dagos Manwoody(394) took 20 damage as DOT.
    Urragon Goodbrother(315) hit Dagos Manwoody(374) 136.
    Dagos Manwoody(238) hit Urragon Goodbrother(315) 148.
    ****
    Urragon Goodbrother(167) took 40 damage as DOT.
    Dagos Manwoody(238) took 40 damage as DOT.
    Urragon Goodbrother(127) hit Dagos Manwoody(198) 136.
    Dagos Manwoody(62) hit Urragon Goodbrother(127) 148.
    ****
    Dagos Manwoody(62) has won.
  Duel between Kennings(42) -WHI- and Blackmonts(18) -WIL- has begun.
    Ralf Kenning(683) hit Larra Blackmont(480) 165.
    Larra Blackmont(315) hit Ralf Kenning(683) 173.
    ****
    Ralf Kenning(510) took 25 damage as DOT.
    Larra Blackmont(315) took 30 damage as DOT.
    Ralf Kenning(485) hit Larra Blackmont(285) 165.
    Larra Blackmont(120) hit Ralf Kenning(485) 173.
    ****
    Ralf Kenning(312) took 50 damage as DOT.
    Larra Blackmont(120) took 60 damage as DOT.
    Ralf Kenning(262) hit Larra Blackmont(60) 165.
    Larra Blackmont(-105) hit Ralf Kenning(262) 173.
    ****
    Ralf Kenning(89) has won.
  Duel between Blacktydes(30) -WIL- and Manwoodys(21) -WIZ- has begun.
    Baelor Blacktyde(533) hit Dagos Manwoody(530) 173.
    Dagos Manwoody(357) hit Baelor Blacktyde(533) 151.
    ****
    Baelor Blacktyde(382) took 20 damage as DOT.
    Dagos Manwoody(357) took 25 damage as DOT.
    Baelor Blacktyde(362) hit Dagos Manwoody(332) 173.
    Dagos Manwoody(159) hit Baelor Blacktyde(362) 151.
    ****
    Baelor Blacktyde(211) took 40 damage as DOT.
    Dagos Manwoody(159) took 50 damage as DOT.
    Baelor Blacktyde(171) hit Dagos Manwoody(109) 173.
    Dagos Manwoody(-64) hit Baelor Blacktyde(171) 151.
    ****
    Baelor Blacktyde(20) has won.
  Duel between Goodbrothers(15) -WIZ- and Daynes(12) -WIL- has begun.
    Urragon Goodbrother(483) hit Beric Dayne(505) 133.
    Beric Dayne(372) hit Urragon Goodbrother(483) 162.
    ****
    Urragon Goodbrother(321) took 25 damage as DOT.
    Beric Dayne(372) took 20 damage as DOT.
    Urragon Goodbrother(296) hit Beric Dayne(352) 133.
    Beric Dayne(219) hit Urragon Goodbrother(296) 162.
    ****
    Urragon Goodbrother(134) took 50 damage as DOT.
    Beric Dayne(219) took 40 damage as DOT.
    Urragon Goodbrother(84) hit Beric Dayne(179) 133.
    Beric Dayne(46) hit Urragon Goodbrother(84) 162.
    ****
    Beric Dayne(46) has won.
  Duel between Kennings(45) -WHI- and Manwoodys(18) -WIZ- has begun.
    Ralf Kenning(683) hit Dagos Manwoody(530) 168.
    Dagos Manwoody(362) hit Ralf Kenning(683) 148.
    ****
    Ralf Kenning(535) took 20 damage as DOT.
    Dagos Manwoody(362) took 30 damage as DOT.
    Ralf Kenning(515) hit Dagos Manwoody(332) 168.
    Dagos Manwoody(164) hit Ralf Kenning(515) 148.
    ****
    Ralf Kenning(367) took 40 damage as DOT.
    Dagos Manwoody(164) took 60 damage as DOT.
    Ralf Kenning(327) hit Dagos Manwoody(104) 168.
    Dagos Manwoody(-64) hit Ralf Kenning(327) 148.
    ****
    Ralf Kenning(179) has won.
  Duel between Blacktydes(33) -WIL- and Daynes(13) -WIL- has begun.
    Baelor Blacktyde(533) hit Beric Dayne(505) 176.
    Beric Dayne(329) hit Baelor Blacktyde(533) 163.
    ****
    Baelor Blacktyde(370) took 25 damage as DOT.
    Beric Dayne(329) took 25 damage as DOT.
    Baelor Blacktyde(345) hit Beric Dayne(304) 176.
    Beric Dayne(128) hit Baelor Blacktyde(345) 163.
    ****
    Baelor Blacktyde(182) took 50 damage as DOT.
    Beric Dayne(128) took 50 damage as DOT.
    Baelor Blacktyde(132) hit Beric Dayne(78) 176.
    Beric Dayne(-98) hit Baelor Blacktyde(132) 163.
    ****
    Both of them are dead. A draw.
  Duel between Goodbrothers(12) -WIZ- and Blackmonts(15) -WIL- has begun.
    Urragon Goodbrother(483) hit Larra Blackmont(480) 130.
    Larra Blackmont(350) hit Urragon Goodbrother(483) 170.
    ****
    Urragon Goodbrother(313) took 25 damage as DOT.
    Larra Blackmont(350) took 20 damage as DOT.
    Urragon Goodbrother(288) hit Larra Blackmont(330) 130.
    Larra Blackmont(200) hit Urragon Goodbrother(288) 170.
    ****
    Urragon Goodbrother(118) took 50 damage as DOT.
    Larra Blackmont(200) took 40 damage as DOT.
    Urragon Goodbrother(68) hit Larra Blackmont(160) 130.
    Larra Blackmont(30) hit Urragon Goodbrother(68) 170.
    ****
    Larra Blackmont(30) has won.
  Duel between House Greyjoy(40) -WIZ- and House Martell(49) -WIL- has begun.
    Victarion Greyjoy(533) hit Doran Martell(530) 158.
    Doran Martell(372) hit Victarion Greyjoy(533) 199.
    ****
    Victarion Greyjoy(334) took 25 damage as DOT.
    Doran Martell(372) took 20 damage as DOT.
    Victarion Greyjoy(309) hit Doran Martell(352) 158.
    Doran Martell(194) hit Victarion Greyjoy(309) 199.
    ****
    Victarion Greyjoy(110) took 50 damage as DOT.
    Doran Martell(194) took 40 damage as DOT.
    Victarion Greyjoy(60) hit Doran Martell(154) 158.
    Doran Martell(-4) hit Victarion Greyjoy(60) 199.
    ****
    Both of them are dead. A draw.
  The Iron Islands got 4 house points. Dorne got 3 house points.

The winner is: The Iron Islands with currently 1 kingdom points.
---------------
---------------
Duel 11: The Westernlands vs The Stormlands
  Duel between Lannister of Lannisports(45) -WHI- and Tarths(18) -WIZ- has begun.
    Reginald Lannister(665) hit Brienne Tarth(483) 165.
    Brienne Tarth(318) hit Reginald Lannister(665) 151.
    ****
    Reginald Lannister(514) took 20 damage as DOT.
    Brienne Tarth(318) took 30 damage as DOT.
    Reginald Lannister(494) hit Brienne Tarth(288) 165.
    Brienne Tarth(123) hit Reginald Lannister(494) 151.
    ****
    Reginald Lannister(343) took 40 damage as DOT.
    Brienne Tarth(123) took 60 damage as DOT.
    Reginald Lannister(303) hit Brienne Tarth(63) 165.
    Brienne Tarth(-102) hit Reginald Lannister(303) 151.
    ****
    Reginald Lannister(152) has won.
  Duel between Yarwycks(27) -WIZ- and Morrigens(18) -WIZ- has begun.
    Othell Yarwyck(565) hit Damon Morrigen(483) 152.
    Damon Morrigen(331) hit Othell Yarwyck(565) 151.
    ****
    Othell Yarwyck(414) took 20 damage as DOT.
    Damon Morrigen(331) took 20 damage as DOT.
    Othell Yarwyck(394) hit Damon Morrigen(311) 152.
    Damon Morrigen(159) hit Othell Yarwyck(394) 151.
    ****
    Othell Yarwyck(243) took 40 damage as DOT.
    Damon Morrigen(159) took 40 damage as DOT.
    Othell Yarwyck(203) hit Damon Morrigen(119) 152.
    Damon Morrigen(-33) hit Othell Yarwyck(203) 151.
    ****
    Othell Yarwyck(52) has won.
  Duel between Paynes(12) -WIZ- and Estermonts(39) -WHI- has begun.
    Ilyn Payne(490) hit Cassana Estermont(658) 132.
    Cassana Estermont(526) hit Ilyn Payne(490) 162.
    ****
    Ilyn Payne(328) took 30 damage as DOT.
    Cassana Estermont(526) took 20 damage as DOT.
    Ilyn Payne(298) hit Cassana Estermont(506) 132.
    Cassana Estermont(374) hit Ilyn Payne(298) 162.
    ****
    Ilyn Payne(136) took 60 damage as DOT.
    Cassana Estermont(374) took 40 damage as DOT.
    Ilyn Payne(76) hit Cassana Estermont(334) 132.
    Cassana Estermont(202) hit Ilyn Payne(76) 162.
    ****
    Cassana Estermont(202) has won.
  Duel between Lannister of Lannisports(48) -WHI- and Morrigens(15) -WIZ- has begun.
    Reginald Lannister(665) hit Damon Morrigen(483) 168.
    Damon Morrigen(315) hit Reginald Lannister(665) 148.
    ****
    Reginald Lannister(517) took 20 damage as DOT.
    Damon Morrigen(315) took 30 damage as DOT.
    Reginald Lannister(497) hit Damon Morrigen(285) 168.
    Damon Morrigen(117) hit Reginald Lannister(497) 148.
    ****
    Reginald Lannister(349) took 40 damage as DOT.
    Damon Morrigen(117) took 60 damage as DOT.
    Reginald Lannister(309) hit Damon Morrigen(57) 168.
    Damon Morrigen(-111) hit Reginald Lannister(309) 148.
    ****
    Reginald Lannister(161) has won.
  Duel between Yarwycks(30) -WIZ- and Estermonts(42) -WHI- has begun.
    Othell Yarwyck(565) hit Cassana Estermont(658) 155.
    Cassana Estermont(503) hit Othell Yarwyck(565) 165.
    ****
    Othell Yarwyck(400) took 30 damage as DOT.
    Cassana Estermont(503) took 20 damage as DOT.
    Othell Yarwyck(370) hit Cassana Estermont(483) 155.
    Cassana Estermont(328) hit Othell Yarwyck(370) 165.
    ****
    Othell Yarwyck(205) took 60 damage as DOT.
    Cassana Estermont(328) took 40 damage as DOT.
    Othell Yarwyck(145) hit Cassana Estermont(288) 155.
    Cassana Estermont(133) hit Othell Yarwyck(145) 165.
    ****
    Cassana Estermont(133) has won.
  Duel between Paynes(9) -WIZ- and Tarths(15) -WIZ- has begun.
    Ilyn Payne(490) hit Brienne Tarth(483) 129.
    Brienne Tarth(354) hit Ilyn Payne(490) 148.
    ****
    Ilyn Payne(342) took 20 damage as DOT.
    Brienne Tarth(354) took 20 damage as DOT.
    Ilyn Payne(322) hit Brienne Tarth(334) 129.
    Brienne Tarth(205) hit Ilyn Payne(322) 148.
    ****
    Ilyn Payne(174) took 40 damage as DOT.
    Brienne Tarth(205) took 40 damage as DOT.
    Ilyn Payne(134) hit Brienne Tarth(165) 129.
    Brienne Tarth(36) hit Ilyn Payne(134) 148.
    ****
    Brienne Tarth(36) has won.
  Duel between Lannister of Lannisports(51) -WHI- and Estermonts(45) -WHI- has begun.
    Reginald Lannister(665) hit Cassana Estermont(658) 171.
    Cassana Estermont(487) hit Reginald Lannister(665) 168.
    ****
    Reginald Lannister(497) took 30 damage as DOT.
    Cassana Estermont(487) took 30 damage as DOT.
    Reginald Lannister(467) hit Cassana Estermont(457) 171.
    Cassana Estermont(286) hit Reginald Lannister(467) 168.
    ****
    Reginald Lannister(299) took 60 damage as DOT.
    Cassana Estermont(286) took 60 damage as DOT.
    Reginald Lannister(239) hit Cassana Estermont(226) 171.
    Cassana Estermont(55) hit Reginald Lannister(239) 168.
    ****
    Reginald Lannister(71) took 90 damage as DOT.
    Cassana Estermont(55) took 90 damage as DOT.
    Reginald Lannister(-19) hit Cassana Estermont(-35) 171.
    Cassana Estermont(-206) hit Reginald Lannister(-19) 168.
    ****
    Both of them are dead. A draw.
  Duel between Yarwycks(27) -WIZ- and Tarths(18) -WIZ- has begun.
    Othell Yarwyck(565) hit Brienne Tarth(483) 152.
    Brienne Tarth(331) hit Othell Yarwyck(565) 151.
    ****
    Othell Yarwyck(414) took 20 damage as DOT.
    Brienne Tarth(331) took 20 damage as DOT.
    Othell Yarwyck(394) hit Brienne Tarth(311) 152.
    Brienne Tarth(159) hit Othell Yarwyck(394) 151.
    ****
    Othell Yarwyck(243) took 40 damage as DOT.
    Brienne Tarth(159) took 40 damage as DOT.
    Othell Yarwyck(203) hit Brienne Tarth(119) 152.
    Brienne Tarth(-33) hit Othell Yarwyck(203) 151.
    ****
    Othell Yarwyck(52) has won.
  Duel between Paynes(6) -WIZ- and Morrigens(12) -WIZ- has begun.
    Ilyn Payne(490) hit Damon Morrigen(483) 126.
    Damon Morrigen(357) hit Ilyn Payne(490) 145.
    ****
    Ilyn Payne(345) took 20 damage as DOT.
    Damon Morrigen(357) took 20 damage as DOT.
    Ilyn Payne(325) hit Damon Morrigen(337) 126.
    Damon Morrigen(211) hit Ilyn Payne(325) 145.
    ****
    Ilyn Payne(180) took 40 damage as DOT.
    Damon Morrigen(211) took 40 damage as DOT.
    Ilyn Payne(140) hit Damon Morrigen(171) 126.
    Damon Morrigen(45) hit Ilyn Payne(140) 145.
    ****
    Damon Morrigen(45) has won.
  Duel between House Frey(60) -WHI- and House Tyrell(45) -WIZ- has begun.
    Lancel Lannister(690) hit Joffrey Baratheon(558) 180.
    Joffrey Baratheon(378) hit Lancel Lannister(690) 178.
    ****
    Lancel Lannister(512) took 20 damage as DOT.
    Joffrey Baratheon(378) took 30 damage as DOT.
    Lancel Lannister(492) hit Joffrey Baratheon(348) 180.
    Joffrey Baratheon(168) hit Lancel Lannister(492) 178.
    ****
    Lancel Lannister(314) took 40 damage as DOT.
    Joffrey Baratheon(168) took 60 damage as DOT.
    Lancel Lannister(274) hit Joffrey Baratheon(108) 180.
    Joffrey Baratheon(-72) hit Lancel Lannister(274) 178.
    ****
    Lancel Lannister(96) has won.
  The Westernlands got 7 house points. The Stormlands got 4 house points.

The winner is: The Westernlands with currently 4 kingdom points.
---------------
---------------
Duel 12: The Crownlands vs The Vale of Arryn
  Duel between Rosbys(57) -WHI- and Hunters(42) -WHI- has begun.
    Gyles Rosby(680) hit Eon Hunter(655) 187.
    Eon Hunter(468) hit Gyles Rosby(680) 222.
    ****
    Gyles Rosby(458) took 30 damage as DOT.
    Eon Hunter(468) took 30 damage as DOT.
    Gyles Rosby(428) hit Eon Hunter(438) 187.
    Eon Hunter(251) hit Gyles Rosby(428) 222.
    ****
    Gyles Rosby(206) took 60 damage as DOT.
    Eon Hunter(251) took 60 damage as DOT.
    Gyles Rosby(146) hit Eon Hunter(191) 187.
    Eon Hunter(4) hit Gyles Rosby(146) 222.
    ****
    Eon Hunter(4) has won.
  Duel between Stokeworths(24) -WIL- and Tolletts(45) -WHI- has begun.
    Tanda Stokeworth(480) hit Eddison Tollett(605) 179.
    Eddison Tollett(426) hit Tanda Stokeworth(480) 225.
    ****
    Tanda Stokeworth(255) took 30 damage as DOT.
    Eddison Tollett(426) took 25 damage as DOT.
    Tanda Stokeworth(225) hit Eddison Tollett(401) 179.
    Eddison Tollett(222) hit Tanda Stokeworth(225) 225.
    ****
    Eddison Tollett(222) has won.
  Duel between Slynts(21) -WIL- and Egens(42) -WIL- has begun.
    Janos Slynt(480) hit Vardis Egen(430) 176.
    Vardis Egen(254) hit Janos Slynt(480) 247.
    ****
    Janos Slynt(233) took 25 damage as DOT.
    Vardis Egen(254) took 25 damage as DOT.
    Janos Slynt(208) hit Vardis Egen(229) 176.
    Vardis Egen(53) hit Janos Slynt(208) 247.
    ****
    Vardis Egen(53) has won.
  Duel between Rosbys(54) -WHI- and Tolletts(48) -WHI- has begun.
    Gyles Rosby(680) hit Eddison Tollett(605) 184.
    Eddison Tollett(421) hit Gyles Rosby(680) 228.
    ****
    Gyles Rosby(452) took 30 damage as DOT.
    Eddison Tollett(421) took 30 damage as DOT.
    Gyles Rosby(422) hit Eddison Tollett(391) 184.
    Eddison Tollett(207) hit Gyles Rosby(422) 228.
    ****
    Gyles Rosby(194) took 60 damage as DOT.
    Eddison Tollett(207) took 60 damage as DOT.
    Gyles Rosby(134) hit Eddison Tollett(147) 184.
    Eddison Tollett(-37) hit Gyles Rosby(134) 228.
    ****
    Both of them are dead. A draw.
  Duel between Stokeworths(21) -WIL- and Egens(45) -WIL- has begun.
    Tanda Stokeworth(480) hit Vardis Egen(430) 176.
    Vardis Egen(254) hit Tanda Stokeworth(480) 250.
    ****
    Tanda Stokeworth(230) took 25 damage as DOT.
    Vardis Egen(254) took 25 damage as DOT.
    Tanda Stokeworth(205) hit Vardis Egen(229) 176.
    Vardis Egen(53) hit Tanda Stokeworth(205) 250.
    ****
    Vardis Egen(53) has won.
  Duel between Slynts(18) -WIL- and Hunters(37) -WHI- has begun.
    Janos Slynt(480) hit Eon Hunter(655) 173.
    Eon Hunter(482) hit Janos Slynt(480) 217.
    ****
    Janos Slynt(263) took 30 damage as DOT.
    Eon Hunter(482) took 25 damage as DOT.
    Janos Slynt(233) hit Eon Hunter(457) 173.
    Eon Hunter(284) hit Janos Slynt(233) 217.
    ****
    Janos Slynt(16) took 60 damage as DOT.
    Eon Hunter(284) took 50 damage as DOT.
    Janos Slynt(-44) hit Eon Hunter(234) 173.
    Eon Hunter(61) hit Janos Slynt(-44) 217.
    ****
    Eon Hunter(61) has won.
  Duel between Rosbys(54) -WHI- and Egens(48) -WIL- has begun.
    Gyles Rosby(680) hit Vardis Egen(430) 184.
    Vardis Egen(246) hit Gyles Rosby(680) 253.
    ****
    Gyles Rosby(427) took 25 damage as DOT.
    Vardis Egen(246) took 30 damage as DOT.
    Gyles Rosby(402) hit Vardis Egen(216) 184.
    Vardis Egen(32) hit Gyles Rosby(402) 253.
    ****
    Gyles Rosby(149) took 50 damage as DOT.
    Vardis Egen(32) took 60 damage as DOT.
    Gyles Rosby(99) hit Vardis Egen(-28) 184.
    Vardis Egen(-212) hit Gyles Rosby(99) 253.
    ****
    Both of them are dead. A draw.
  Duel between Stokeworths(18) -WIL- and Hunters(40) -WHI- has begun.
    Tanda Stokeworth(480) hit Eon Hunter(655) 173.
    Eon Hunter(482) hit Tanda Stokeworth(480) 220.
    ****
    Tanda Stokeworth(260) took 30 damage as DOT.
    Eon Hunter(482) took 25 damage as DOT.
    Tanda Stokeworth(230) hit Eon Hunter(457) 173.
    Eon Hunter(284) hit Tanda Stokeworth(230) 220.
    ****
    Tanda Stokeworth(10) took 60 damage as DOT.
    Eon Hunter(284) took 50 damage as DOT.
    Tanda Stokeworth(-50) hit Eon Hunter(234) 173.
    Eon Hunter(61) hit Tanda Stokeworth(-50) 220.
    ****
    Eon Hunter(61) has won.
  Duel between Slynts(15) -WIL- and Tolletts(48) -WHI- has begun.
    Janos Slynt(480) hit Eddison Tollett(605) 170.
    Eddison Tollett(435) hit Janos Slynt(480) 228.
    ****
    Janos Slynt(252) took 30 damage as DOT.
    Eddison Tollett(435) took 25 damage as DOT.
    Janos Slynt(222) hit Eddison Tollett(410) 170.
    Eddison Tollett(240) hit Janos Slynt(222) 228.
    ****
    Eddison Tollett(240) has won.
  Duel between House Baratheon(65) -WHI- and House Arryn(37) -WIL- has begun.
    Aerys II Targaryen(680) hit Petry Baelish(405) 195.
    Petry Baelish(210) hit Aerys II Targaryen(680) 237.
    ****
    Aerys II Targaryen(443) took 25 damage as DOT.
    Petry Baelish(210) took 30 damage as DOT.
    Aerys II Targaryen(418) hit Petry Baelish(180) 195.
    Petry Baelish(-15) hit Aerys II Targaryen(418) 237.
    ****
    Aerys II Targaryen(181) has won.
  The Crownlands got 3 house points. The Vale of Arryn got 7 house points.

The winner is: The Vale of Arryn with currently 3 kingdom points.
---------------
---------------
Duel 13: The Iron Islands vs The Stormlands
  Duel between Kennings(48) -WHI- and Tarths(15) -WIZ- has begun.
    Ralf Kenning(683) hit Brienne Tarth(483) 171.
    Brienne Tarth(312) hit Ralf Kenning(683) 148.
    ****
    Ralf Kenning(535) took 20 damage as DOT.
    Brienne Tarth(312) took 30 damage as DOT.
    Ralf Kenning(515) hit Brienne Tarth(282) 171.
    Brienne Tarth(111) hit Ralf Kenning(515) 148.
    ****
    Ralf Kenning(367) took 40 damage as DOT.
    Brienne Tarth(111) took 60 damage as DOT.
    Ralf Kenning(327) hit Brienne Tarth(51) 171.
    Brienne Tarth(-120) hit Ralf Kenning(327) 148.
    ****
    Ralf Kenning(179) has won.
  Duel between Blacktydes(33) -WIL- and Morrigens(15) -WIZ- has begun.
    Baelor Blacktyde(533) hit Damon Morrigen(483) 176.
    Damon Morrigen(307) hit Baelor Blacktyde(533) 148.
    ****
    Baelor Blacktyde(385) took 20 damage as DOT.
    Damon Morrigen(307) took 25 damage as DOT.
    Baelor Blacktyde(365) hit Damon Morrigen(282) 176.
    Damon Morrigen(106) hit Baelor Blacktyde(365) 148.
    ****
    Baelor Blacktyde(217) took 40 damage as DOT.
    Damon Morrigen(106) took 50 damage as DOT.
    Baelor Blacktyde(177) hit Damon Morrigen(56) 176.
    Damon Morrigen(-120) hit Baelor Blacktyde(177) 148.
    ****
    Baelor Blacktyde(29) has won.
  Duel between Goodbrothers(9) -WIZ- and Estermonts(45) -WHI- has begun.
    Urragon Goodbrother(483) hit Cassana Estermont(658) 127.
    Cassana Estermont(531) hit Urragon Goodbrother(483) 168.
    ****
    Urragon Goodbrother(315) took 30 damage as DOT.
    Cassana Estermont(531) took 20 damage as DOT.
    Urragon Goodbrother(285) hit Cassana Estermont(511) 127.
    Cassana Estermont(384) hit Urragon Goodbrother(285) 168.
    ****
    Urragon Goodbrother(117) took 60 damage as DOT.
    Cassana Estermont(384) took 40 damage as DOT.
    Urragon Goodbrother(57) hit Cassana Estermont(344) 127.
    Cassana Estermont(217) hit Urragon Goodbrother(57) 168.
    ****
    Cassana Estermont(217) has won.
  Duel between Kennings(51) -WHI- and Morrigens(12) -WIZ- has begun.
    Ralf Kenning(683) hit Damon Morrigen(483) 174.
    Damon Morrigen(309) hit Ralf Kenning(683) 145.
    ****
    Ralf Kenning(538) took 20 damage as DOT.
    Damon Morrigen(309) took 30 damage as DOT.
    Ralf Kenning(518) hit Damon Morrigen(279) 174.
    Damon Morrigen(105) hit Ralf Kenning(518) 145.
    ****
    Ralf Kenning(373) took 40 damage as DOT.
    Damon Morrigen(105) took 60 damage as DOT.
    Ralf Kenning(333) hit Damon Morrigen(45) 174.
    Damon Morrigen(-129) hit Ralf Kenning(333) 145.
    ****
    Ralf Kenning(188) has won.
  Duel between Blacktydes(36) -WIL- and Estermonts(48) -WHI- has begun.
    Baelor Blacktyde(533) hit Cassana Estermont(658) 179.
    Cassana Estermont(479) hit Baelor Blacktyde(533) 171.
    ****
    Baelor Blacktyde(362) took 30 damage as DOT.
    Cassana Estermont(479) took 25 damage as DOT.
    Baelor Blacktyde(332) hit Cassana Estermont(454) 179.
    Cassana Estermont(275) hit Baelor Blacktyde(332) 171.
    ****
    Baelor Blacktyde(161) took 60 damage as DOT.
    Cassana Estermont(275) took 50 damage as DOT.
    Baelor Blacktyde(101) hit Cassana Estermont(225) 179.
    Cassana Estermont(46) hit Baelor Blacktyde(101) 171.
    ****
    Cassana Estermont(46) has won.
  Duel between Goodbrothers(6) -WIZ- and Tarths(12) -WIZ- has begun.
    Urragon Goodbrother(483) hit Brienne Tarth(483) 124.
    Brienne Tarth(359) hit Urragon Goodbrother(483) 145.
    ****
    Urragon Goodbrother(338) took 20 damage as DOT.
    Brienne Tarth(359) took 20 damage as DOT.
    Urragon Goodbrother(318) hit Brienne Tarth(339) 124.
    Brienne Tarth(215) hit Urragon Goodbrother(318) 145.
    ****
    Urragon Goodbrother(173) took 40 damage as DOT.
    Brienne Tarth(215) took 40 damage as DOT.
    Urragon Goodbrother(133) hit Brienne Tarth(175) 124.
    Brienne Tarth(51) hit Urragon Goodbrother(133) 145.
    ****
    Brienne Tarth(51) has won.
  Duel between Kennings(54) -WHI- and Estermonts(51) -WHI- has begun.
    Ralf Kenning(683) hit Cassana Estermont(658) 177.
    Cassana Estermont(481) hit Ralf Kenning(683) 174.
    ****
    Ralf Kenning(509) took 30 damage as DOT.
    Cassana Estermont(481) took 30 damage as DOT.
    Ralf Kenning(479) hit Cassana Estermont(451) 177.
    Cassana Estermont(274) hit Ralf Kenning(479) 174.
    ****
    Ralf Kenning(305) took 60 damage as DOT.
    Cassana Estermont(274) took 60 damage as DOT.
    Ralf Kenning(245) hit Cassana Estermont(214) 177.
    Cassana Estermont(37) hit Ralf Kenning(245) 174.
    ****
    Ralf Kenning(71) took 90 damage as DOT.
    Cassana Estermont(37) took 90 damage as DOT.
    Ralf Kenning(-19) hit Cassana Estermont(-53) 177.
    Cassana Estermont(-230) hit Ralf Kenning(-19) 174.
    ****
    Both of them are dead. A draw.
  Duel between Blacktydes(33) -WIL- and Tarths(15) -WIZ- has begun.
    Baelor Blacktyde(533) hit Brienne Tarth(483) 176.
    Brienne Tarth(307) hit Baelor Blacktyde(533) 148.
    ****
    Baelor Blacktyde(385) took 20 damage as DOT.
    Brienne Tarth(307) took 25 damage as DOT.
    Baelor Blacktyde(365) hit Brienne Tarth(282) 176.
    Brienne Tarth(106) hit Baelor Blacktyde(365) 148.
    ****
    Baelor Blacktyde(217) took 40 damage as DOT.
    Brienne Tarth(106) took 50 damage as DOT.
    Baelor Blacktyde(177) hit Brienne Tarth(56) 176.
    Brienne Tarth(-120) hit Baelor Blacktyde(177) 148.
    ****
    Baelor Blacktyde(29) has won.
  Duel between Goodbrothers(3) -WIZ- and Morrigens(9) -WIZ- has begun.
    Urragon Goodbrother(483) hit Damon Morrigen(483) 121.
    Damon Morrigen(362) hit Urragon Goodbrother(483) 142.
    ****
    Urragon Goodbrother(341) took 20 damage as DOT.
    Damon Morrigen(362) took 20 damage as DOT.
    Urragon Goodbrother(321) hit Damon Morrigen(342) 121.
    Damon Morrigen(221) hit Urragon Goodbrother(321) 142.
    ****
    Urragon Goodbrother(179) took 40 damage as DOT.
    Damon Morrigen(221) took 40 damage as DOT.
    Urragon Goodbrother(139) hit Damon Morrigen(181) 121.
    Damon Morrigen(60) hit Urragon Goodbrother(139) 142.
    ****
    Damon Morrigen(60) has won.
  Duel between House Greyjoy(40) -WIZ- and House Tyrell(40) -WIZ- has begun.
    Victarion Greyjoy(533) hit Joffrey Baratheon(558) 158.
    Joffrey Baratheon(400) hit Victarion Greyjoy(533) 173.
    ****
    Victarion Greyjoy(360) took 20 damage as DOT.
    Joffrey Baratheon(400) took 20 damage as DOT.
    Victarion Greyjoy(340) hit Joffrey Baratheon(380) 158.
    Joffrey Baratheon(222) hit Victarion Greyjoy(340) 173.
    ****
    Victarion Greyjoy(167) took 40 damage as DOT.
    Joffrey Baratheon(222) took 40 damage as DOT.
    Victarion Greyjoy(127) hit Joffrey Baratheon(182) 158.
    Joffrey Baratheon(24) hit Victarion Greyjoy(127) 173.
    ****
    Joffrey Baratheon(24) has won.
  The Iron Islands got 4 house points. The Stormlands got 7 house points.

The winner is: The Stormlands with currently 2 kingdom points.
---------------
---------------
Duel 14: The Westernlands vs The Vale of Arryn
  Duel between Lannister of Lannisports(51) -WHI- and Hunters(43) -WHI- has begun.
    Reginald Lannister(665) hit Eon Hunter(655) 171.
    Eon Hunter(484) hit Reginald Lannister(665) 223.
    ****
    Reginald Lannister(442) took 30 damage as DOT.
    Eon Hunter(484) took 30 damage as DOT.
    Reginald Lannister(412) hit Eon Hunter(454) 171.
    Eon Hunter(283) hit Reginald Lannister(412) 223.
    ****
    Reginald Lannister(189) took 60 damage as DOT.
    Eon Hunter(283) took 60 damage as DOT.
    Reginald Lannister(129) hit Eon Hunter(223) 171.
    Eon Hunter(52) hit Reginald Lannister(129) 223.
    ****
    Eon Hunter(52) has won.
  Duel between Yarwycks(30) -WIZ- and Tolletts(51) -WHI- has begun.
    Othell Yarwyck(565) hit Eddison Tollett(605) 155.
    Eddison Tollett(450) hit Othell Yarwyck(565) 231.
    ****
    Othell Yarwyck(334) took 30 damage as DOT.
    Eddison Tollett(450) took 20 damage as DOT.
    Othell Yarwyck(304) hit Eddison Tollett(430) 155.
    Eddison Tollett(275) hit Othell Yarwyck(304) 231.
    ****
    Othell Yarwyck(73) took 60 damage as DOT.
    Eddison Tollett(275) took 40 damage as DOT.
    Othell Yarwyck(13) hit Eddison Tollett(235) 155.
    Eddison Tollett(80) hit Othell Yarwyck(13) 231.
    ****
    Eddison Tollett(80) has won.
  Duel between Paynes(3) -WIZ- and Egens(48) -WIL- has begun.
    Ilyn Payne(490) hit Vardis Egen(430) 123.
    Vardis Egen(307) hit Ilyn Payne(490) 253.
    ****
    Ilyn Payne(237) took 25 damage as DOT.
    Vardis Egen(307) took 20 damage as DOT.
    Ilyn Payne(212) hit Vardis Egen(287) 123.
    Vardis Egen(164) hit Ilyn Payne(212) 253.
    ****
    Vardis Egen(164) has won.
  Duel between Lannister of Lannisports(48) -WHI- and Tolletts(54) -WHI- has begun.
    Reginald Lannister(665) hit Eddison Tollett(605) 168.
    Eddison Tollett(437) hit Reginald Lannister(665) 234.
    ****
    Reginald Lannister(431) took 30 damage as DOT.
    Eddison Tollett(437) took 30 damage as DOT.
    Reginald Lannister(401) hit Eddison Tollett(407) 168.
    Eddison Tollett(239) hit Reginald Lannister(401) 234.
    ****
    Reginald Lannister(167) took 60 damage as DOT.
    Eddison Tollett(239) took 60 damage as DOT.
    Reginald Lannister(107) hit Eddison Tollett(179) 168.
    Eddison Tollett(11) hit Reginald Lannister(107) 234.
    ****
    Eddison Tollett(11) has won.
  Duel between Yarwycks(27) -WIZ- and Egens(51) -WIL- has begun.
    Othell Yarwyck(565) hit Vardis Egen(430) 152.
    Vardis Egen(278) hit Othell Yarwyck(565) 256.
    ****
    Othell Yarwyck(309) took 25 damage as DOT.
    Vardis Egen(278) took 20 damage as DOT.
    Othell Yarwyck(284) hit Vardis Egen(258) 152.
    Vardis Egen(106) hit Othell Yarwyck(284) 256.
    ****
    Othell Yarwyck(28) took 50 damage as DOT.
    Vardis Egen(106) took 40 damage as DOT.
    Othell Yarwyck(-22) hit Vardis Egen(66) 152.
    Vardis Egen(-86) hit Othell Yarwyck(-22) 256.
    ****
    Both of them are dead. A draw.
  Duel between Paynes(0) -WIZ- and Hunters(38) -WHI- has begun.
    Ilyn Payne(490) hit Eon Hunter(655) 120.
    Eon Hunter(535) hit Ilyn Payne(490) 218.
    ****
    Ilyn Payne(272) took 30 damage as DOT.
    Eon Hunter(535) took 20 damage as DOT.
    Ilyn Payne(242) hit Eon Hunter(515) 120.
    Eon Hunter(395) hit Ilyn Payne(242) 218.
    ****
    Ilyn Payne(24) took 60 damage as DOT.
    Eon Hunter(395) took 40 damage as DOT.
    Ilyn Payne(-36) hit Eon Hunter(355) 120.
    Eon Hunter(235) hit Ilyn Payne(-36) 218.
    ****
    Eon Hunter(235) has won.
  Duel between Lannister of Lannisports(45) -WHI- and Egens(51) -WIL- has begun.
    Reginald Lannister(665) hit Vardis Egen(430) 165.
    Vardis Egen(265) hit Reginald Lannister(665) 256.
    ****
    Reginald Lannister(409) took 25 damage as DOT.
    Vardis Egen(265) took 30 damage as DOT.
    Reginald Lannister(384) hit Vardis Egen(235) 165.
    Vardis Egen(70) hit Reginald Lannister(384) 256.
    ****
    Reginald Lannister(128) took 50 damage as DOT.
    Vardis Egen(70) took 60 damage as DOT.
    Reginald Lannister(78) hit Vardis Egen(10) 165.
    Vardis Egen(-155) hit Reginald Lannister(78) 256.
    ****
    Both of them are dead. A draw.
  Duel between Yarwycks(27) -WIZ- and Hunters(41) -WHI- has begun.
    Othell Yarwyck(565) hit Eon Hunter(655) 152.
    Eon Hunter(503) hit Othell Yarwyck(565) 221.
    ****
    Othell Yarwyck(344) took 30 damage as DOT.
    Eon Hunter(503) took 20 damage as DOT.
    Othell Yarwyck(314) hit Eon Hunter(483) 152.
    Eon Hunter(331) hit Othell Yarwyck(314) 221.
    ****
    Othell Yarwyck(93) took 60 damage as DOT.
    Eon Hunter(331) took 40 damage as DOT.
    Othell Yarwyck(33) hit Eon Hunter(291) 152.
    Eon Hunter(139) hit Othell Yarwyck(33) 221.
    ****
    Eon Hunter(139) has won.
  Duel between Paynes(0) -WIZ- and Tolletts(57) -WHI- has begun.
    Ilyn Payne(490) hit Eddison Tollett(605) 120.
    Eddison Tollett(485) hit Ilyn Payne(490) 237.
    ****
    Ilyn Payne(253) took 30 damage as DOT.
    Eddison Tollett(485) took 20 damage as DOT.
    Ilyn Payne(223) hit Eddison Tollett(465) 120.
    Eddison Tollett(345) hit Ilyn Payne(223) 237.
    ****
    Eddison Tollett(345) has won.
  Duel between House Frey(65) -WHI- and House Arryn(24) -WIL- has begun.
    Lancel Lannister(690) hit Petry Baelish(405) 185.
    Petry Baelish(220) hit Lancel Lannister(690) 224.
    ****
    Lancel Lannister(466) took 25 damage as DOT.
    Petry Baelish(220) took 30 damage as DOT.
    Lancel Lannister(441) hit Petry Baelish(190) 185.
    Petry Baelish(5) hit Lancel Lannister(441) 224.
    ****
    Lancel Lannister(217) took 50 damage as DOT.
    Petry Baelish(5) took 60 damage as DOT.
    Lancel Lannister(167) hit Petry Baelish(-55) 185.
    Petry Baelish(-240) hit Lancel Lannister(167) 224.
    ****
    Both of them are dead. A draw.
  The Westernlands got 0 house points. The Vale of Arryn got 7 house points.

The winner is: The Vale of Arryn with currently 4 kingdom points.
---------------
---------------
Duel 15: The Iron Islands vs The Vale of Arryn
  Duel between Kennings(54) -WHI- and Hunters(44) -WHI- has begun.
    Ralf Kenning(683) hit Eon Hunter(655) 177.
    Eon Hunter(478) hit Ralf Kenning(683) 224.
    ****
    Ralf Kenning(459) took 30 damage as DOT.
    Eon Hunter(478) took 30 damage as DOT.
    Ralf Kenning(429) hit Eon Hunter(448) 177.
    Eon Hunter(271) hit Ralf Kenning(429) 224.
    ****
    Ralf Kenning(205) took 60 damage as DOT.
    Eon Hunter(271) took 60 damage as DOT.
    Ralf Kenning(145) hit Eon Hunter(211) 177.
    Eon Hunter(34) hit Ralf Kenning(145) 224.
    ****
    Eon Hunter(34) has won.
  Duel between Blacktydes(36) -WIL- and Tolletts(60) -WHI- has begun.
    Baelor Blacktyde(533) hit Eddison Tollett(605) 179.
    Eddison Tollett(426) hit Baelor Blacktyde(533) 240.
    ****
    Baelor Blacktyde(293) took 30 damage as DOT.
    Eddison Tollett(426) took 25 damage as DOT.
    Baelor Blacktyde(263) hit Eddison Tollett(401) 179.
    Eddison Tollett(222) hit Baelor Blacktyde(263) 240.
    ****
    Baelor Blacktyde(23) took 60 damage as DOT.
    Eddison Tollett(222) took 50 damage as DOT.
    Baelor Blacktyde(-37) hit Eddison Tollett(172) 179.
    Eddison Tollett(-7) hit Baelor Blacktyde(-37) 240.
    ****
    Both of them are dead. A draw.
  Duel between Goodbrothers(0) -WIZ- and Egens(51) -WIL- has begun.
    Urragon Goodbrother(483) hit Vardis Egen(430) 118.
    Vardis Egen(312) hit Urragon Goodbrother(483) 256.
    ****
    Urragon Goodbrother(227) took 25 damage as DOT.
    Vardis Egen(312) took 20 damage as DOT.
    Urragon Goodbrother(202) hit Vardis Egen(292) 118.
    Vardis Egen(174) hit Urragon Goodbrother(202) 256.
    ****
    Vardis Egen(174) has won.
  Duel between Kennings(51) -WHI- and Tolletts(60) -WHI- has begun.
    Ralf Kenning(683) hit Eddison Tollett(605) 174.
    Eddison Tollett(431) hit Ralf Kenning(683) 240.
    ****
    Ralf Kenning(443) took 30 damage as DOT.
    Eddison Tollett(431) took 30 damage as DOT.
    Ralf Kenning(413) hit Eddison Tollett(401) 174.
    Eddison Tollett(227) hit Ralf Kenning(413) 240.
    ****
    Ralf Kenning(173) took 60 damage as DOT.
    Eddison Tollett(227) took 60 damage as DOT.
    Ralf Kenning(113) hit Eddison Tollett(167) 174.
    Eddison Tollett(-7) hit Ralf Kenning(113) 240.
    ****
    Both of them are dead. A draw.
  Duel between Blacktydes(36) -WIL- and Egens(54) -WIL- has begun.
    Baelor Blacktyde(533) hit Vardis Egen(430) 179.
    Vardis Egen(251) hit Baelor Blacktyde(533) 259.
    ****
    Baelor Blacktyde(274) took 25 damage as DOT.
    Vardis Egen(251) took 25 damage as DOT.
    Baelor Blacktyde(249) hit Vardis Egen(226) 179.
    Vardis Egen(47) hit Baelor Blacktyde(249) 259.
    ****
    Vardis Egen(47) has won.
  Duel between Goodbrothers(0) -WIZ- and Hunters(39) -WHI- has begun.
    Urragon Goodbrother(483) hit Eon Hunter(655) 118.
    Eon Hunter(537) hit Urragon Goodbrother(483) 219.
    ****
    Urragon Goodbrother(264) took 30 damage as DOT.
    Eon Hunter(537) took 20 damage as DOT.
    Urragon Goodbrother(234) hit Eon Hunter(517) 118.
    Eon Hunter(399) hit Urragon Goodbrother(234) 219.
    ****
    Urragon Goodbrother(15) took 60 damage as DOT.
    Eon Hunter(399) took 40 damage as DOT.
    Urragon Goodbrother(-45) hit Eon Hunter(359) 118.
    Eon Hunter(241) hit Urragon Goodbrother(-45) 219.
    ****
    Eon Hunter(241) has won.
  Duel between Kennings(51) -WHI- and Egens(57) -WIL- has begun.
    Ralf Kenning(683) hit Vardis Egen(430) 174.
    Vardis Egen(256) hit Ralf Kenning(683) 262.
    ****
    Ralf Kenning(421) took 25 damage as DOT.
    Vardis Egen(256) took 30 damage as DOT.
    Ralf Kenning(396) hit Vardis Egen(226) 174.
    Vardis Egen(52) hit Ralf Kenning(396) 262.
    ****
    Ralf Kenning(134) took 50 damage as DOT.
    Vardis Egen(52) took 60 damage as DOT.
    Ralf Kenning(84) hit Vardis Egen(-8) 174.
    Vardis Egen(-182) hit Ralf Kenning(84) 262.
    ****
    Both of them are dead. A draw.
  Duel between Blacktydes(33) -WIL- and Hunters(42) -WHI- has begun.
    Baelor Blacktyde(533) hit Eon Hunter(655) 176.
    Eon Hunter(479) hit Baelor Blacktyde(533) 222.
    ****
    Baelor Blacktyde(311) took 30 damage as DOT.
    Eon Hunter(479) took 25 damage as DOT.
    Baelor Blacktyde(281) hit Eon Hunter(454) 176.
    Eon Hunter(278) hit Baelor Blacktyde(281) 222.
    ****
    Baelor Blacktyde(59) took 60 damage as DOT.
    Eon Hunter(278) took 50 damage as DOT.
    Baelor Blacktyde(-1) hit Eon Hunter(228) 176.
    Eon Hunter(52) hit Baelor Blacktyde(-1) 222.
    ****
    Eon Hunter(52) has won.
  Duel between Goodbrothers(0) -WIZ- and Tolletts(60) -WHI- has begun.
    Urragon Goodbrother(483) hit Eddison Tollett(605) 118.
    Eddison Tollett(487) hit Urragon Goodbrother(483) 240.
    ****
    Urragon Goodbrother(243) took 30 damage as DOT.
    Eddison Tollett(487) took 20 damage as DOT.
    Urragon Goodbrother(213) hit Eddison Tollett(467) 118.
    Eddison Tollett(349) hit Urragon Goodbrother(213) 240.
    ****
    Eddison Tollett(349) has won.
  Duel between House Greyjoy(35) -WIZ- and House Arryn(24) -WIL- has begun.
    Victarion Greyjoy(533) hit Petry Baelish(405) 153.
    Petry Baelish(252) hit Victarion Greyjoy(533) 224.
    ****
    Victarion Greyjoy(309) took 25 damage as DOT.
    Petry Baelish(252) took 20 damage as DOT.
    Victarion Greyjoy(284) hit Petry Baelish(232) 153.
    Petry Baelish(79) hit Victarion Greyjoy(284) 224.
    ****
    Victarion Greyjoy(60) took 50 damage as DOT.
    Petry Baelish(79) took 40 damage as DOT.
    Victarion Greyjoy(10) hit Petry Baelish(39) 153.
    Petry Baelish(-114) hit Victarion Greyjoy(10) 224.
    ****
    Both of them are dead. A draw.
  The Iron Islands got 0 house points. The Vale of Arryn got 6 house points.

The winner is: The Vale of Arryn with currently 5 kingdom points.
---------------
The War is over. The new owner of King's Landing is The Vale of Arryn with a total of 5 points.

