War has started with 6 kingdoms.
---------------
Duel 1: The Reach vs The Stormlands
  Duel between Bulwers(30) -WIL- and Morrigens(30) -WIL- has begun.
    Jack Bulwer(480) hit Damon Morrigen(540) 180.
    Damon Morrigen(360) hit Jack Bulwer(480) 170.
    ****
    Jack Bulwer(310) took 25 damage as DOT.
    Damon Morrigen(360) took 25 damage as DOT.
    Jack Bulwer(285) hit Damon Morrigen(335) 180.
    Damon Morrigen(155) hit Jack Bulwer(285) 170.
    ****
    Jack Bulwer(115) took 50 damage as DOT.
    Damon Morrigen(155) took 50 damage as DOT.
    Jack Bulwer(65) hit Damon Morrigen(105) 180.
    Damon Morrigen(-75) hit Jack Bulwer(65) 170.
    ****
    Both of them are dead. A draw.
  Duel between Oakhearts(30) -WHI- and Trants(30) -WHI- has begun.
    Arys Oakheart(630) hit Meryn Trant(690) 160.
    Meryn Trant(530) hit Arys Oakheart(630) 150.
    ****
    Arys Oakheart(480) took 30 damage as DOT.
    Meryn Trant(530) took 30 damage as DOT.
    Arys Oakheart(450) hit Meryn Trant(500) 160.
    Meryn Trant(340) hit Arys Oakheart(450) 150.
    ****
    Arys Oakheart(300) took 60 damage as DOT.
    Meryn Trant(340) took 60 damage as DOT.
    Arys Oakheart(240) hit Meryn Trant(280) 160.
    Meryn Trant(120) hit Arys Oakheart(240) 150.
    ****
    Arys Oakheart(90) took 90 damage as DOT.
    Meryn Trant(120) took 90 damage as DOT.
    Arys Oakheart(0) hit Meryn Trant(30) 160.
    Meryn Trant(-130) hit Arys Oakheart(0) 150.
    ****
    Both of them are dead. A draw.
  Duel between Fossoways(30) -WIL- and Peaseburys(30) -WHI- has begun.
    Lord Fossoway(455) hit Lord Peasebury(715) 185.
    Lord Peasebury(530) hit Lord Fossoway(455) 150.
    ****
    Lord Fossoway(305) took 30 damage as DOT.
    Lord Peasebury(530) took 25 damage as DOT.
    Lord Fossoway(275) hit Lord Peasebury(505) 185.
    Lord Peasebury(320) hit Lord Fossoway(275) 150.
    ****
    Lord Fossoway(125) took 60 damage as DOT.
    Lord Peasebury(320) took 50 damage as DOT.
    Lord Fossoway(65) hit Lord Peasebury(270) 185.
    Lord Peasebury(85) hit Lord Fossoway(65) 150.
    ****
    Lord Peasebury(85) has won.
  Duel between Bulwers(30) -WIL- and Trants(30) -WHI- has begun.
    Jack Bulwer(480) hit Meryn Trant(690) 180.
    Meryn Trant(510) hit Jack Bulwer(480) 150.
    ****
    Jack Bulwer(330) took 30 damage as DOT.
    Meryn Trant(510) took 25 damage as DOT.
    Jack Bulwer(300) hit Meryn Trant(485) 180.
    Meryn Trant(305) hit Jack Bulwer(300) 150.
    ****
    Jack Bulwer(150) took 60 damage as DOT.
    Meryn Trant(305) took 50 damage as DOT.
    Jack Bulwer(90) hit Meryn Trant(255) 180.
    Meryn Trant(75) hit Jack Bulwer(90) 150.
    ****
    Meryn Trant(75) has won.
  Duel between Oakhearts(30) -WHI- and Peaseburys(33) -WHI- has begun.
    Arys Oakheart(630) hit Lord Peasebury(715) 160.
    Lord Peasebury(555) hit Arys Oakheart(630) 153.
    ****
    Arys Oakheart(477) took 30 damage as DOT.
    Lord Peasebury(555) took 30 damage as DOT.
    Arys Oakheart(447) hit Lord Peasebury(525) 160.
    Lord Peasebury(365) hit Arys Oakheart(447) 153.
    ****
    Arys Oakheart(294) took 60 damage as DOT.
    Lord Peasebury(365) took 60 damage as DOT.
    Arys Oakheart(234) hit Lord Peasebury(305) 160.
    Lord Peasebury(145) hit Arys Oakheart(234) 153.
    ****
    Arys Oakheart(81) took 90 damage as DOT.
    Lord Peasebury(145) took 90 damage as DOT.
    Arys Oakheart(-9) hit Lord Peasebury(55) 160.
    Lord Peasebury(-105) hit Arys Oakheart(-9) 153.
    ****
    Both of them are dead. A draw.
  Duel between Fossoways(27) -WIL- and Morrigens(30) -WIL- has begun.
    Lord Fossoway(455) hit Damon Morrigen(540) 182.
    Damon Morrigen(358) hit Lord Fossoway(455) 170.
    ****
    Lord Fossoway(285) took 25 damage as DOT.
    Damon Morrigen(358) took 25 damage as DOT.
    Lord Fossoway(260) hit Damon Morrigen(333) 182.
    Damon Morrigen(151) hit Lord Fossoway(260) 170.
    ****
    Lord Fossoway(90) took 50 damage as DOT.
    Damon Morrigen(151) took 50 damage as DOT.
    Lord Fossoway(40) hit Damon Morrigen(101) 182.
    Damon Morrigen(-81) hit Lord Fossoway(40) 170.
    ****
    Both of them are dead. A draw.
  Duel between Bulwers(27) -WIL- and Peaseburys(33) -WHI- has begun.
    Jack Bulwer(480) hit Lord Peasebury(715) 177.
    Lord Peasebury(538) hit Jack Bulwer(480) 153.
    ****
    Jack Bulwer(327) took 30 damage as DOT.
    Lord Peasebury(538) took 25 damage as DOT.
    Jack Bulwer(297) hit Lord Peasebury(513) 177.
    Lord Peasebury(336) hit Jack Bulwer(297) 153.
    ****
    Jack Bulwer(144) took 60 damage as DOT.
    Lord Peasebury(336) took 50 damage as DOT.
    Jack Bulwer(84) hit Lord Peasebury(286) 177.
    Lord Peasebury(109) hit Jack Bulwer(84) 153.
    ****
    Lord Peasebury(109) has won.
  Duel between Oakhearts(30) -WHI- and Morrigens(30) -WIL- has begun.
    Arys Oakheart(630) hit Damon Morrigen(540) 160.
    Damon Morrigen(380) hit Arys Oakheart(630) 170.
    ****
    Arys Oakheart(460) took 25 damage as DOT.
    Damon Morrigen(380) took 30 damage as DOT.
    Arys Oakheart(435) hit Damon Morrigen(350) 160.
    Damon Morrigen(190) hit Arys Oakheart(435) 170.
    ****
    Arys Oakheart(265) took 50 damage as DOT.
    Damon Morrigen(190) took 60 damage as DOT.
    Arys Oakheart(215) hit Damon Morrigen(130) 160.
    Damon Morrigen(-30) hit Arys Oakheart(215) 170.
    ****
    Arys Oakheart(45) has won.
  Duel between Fossoways(27) -WIL- and Trants(33) -WHI- has begun.
    Lord Fossoway(455) hit Meryn Trant(690) 182.
    Meryn Trant(508) hit Lord Fossoway(455) 153.
    ****
    Lord Fossoway(302) took 30 damage as DOT.
    Meryn Trant(508) took 25 damage as DOT.
    Lord Fossoway(272) hit Meryn Trant(483) 182.
    Meryn Trant(301) hit Lord Fossoway(272) 153.
    ****
    Lord Fossoway(119) took 60 damage as DOT.
    Meryn Trant(301) took 50 damage as DOT.
    Lord Fossoway(59) hit Meryn Trant(251) 182.
    Meryn Trant(69) hit Lord Fossoway(59) 153.
    ****
    Meryn Trant(69) has won.
  Duel between House Lannister(50) -WHI- and House Tyrell(50) -WIZ- has begun.
    Mace Tyrell(630) hit Renly Baratheon(515) 180.
    Renly Baratheon(335) hit Mace Tyrell(630) 165.
    ****
    Mace Tyrell(465) took 20 damage as DOT.
    Renly Baratheon(335) took 30 damage as DOT.
    Mace Tyrell(445) hit Renly Baratheon(305) 180.
    Renly Baratheon(125) hit Mace Tyrell(445) 165.
    ****
    Mace Tyrell(280) took 40 damage as DOT.
    Renly Baratheon(125) took 60 damage as DOT.
    Mace Tyrell(240) hit Renly Baratheon(65) 180.
    Renly Baratheon(-115) hit Mace Tyrell(240) 165.
    ****
    Mace Tyrell(75) has won.
  The Reach got 4 house points. The Stormlands got 4 house points.

A draw.
---------------
---------------
Duel 2: The Stormlands vs The Riverlands
  Duel between Morrigens(27) -WIL- and Mallisters(30) -WHI- has begun.
    Damon Morrigen(540) hit Jason Mallister(655) 167.
    Jason Mallister(488) hit Damon Morrigen(540) 160.
    ****
    Damon Morrigen(380) took 30 damage as DOT.
    Jason Mallister(488) took 25 damage as DOT.
    Damon Morrigen(350) hit Jason Mallister(463) 167.
    Jason Mallister(296) hit Damon Morrigen(350) 160.
    ****
    Damon Morrigen(190) took 60 damage as DOT.
    Jason Mallister(296) took 50 damage as DOT.
    Damon Morrigen(130) hit Jason Mallister(246) 167.
    Jason Mallister(79) hit Damon Morrigen(130) 160.
    ****
    Jason Mallister(79) has won.
  Duel between Trants(36) -WHI- and Mootons(30) -WIL- has begun.
    Meryn Trant(690) hit William Mooton(530) 156.
    William Mooton(374) hit Meryn Trant(690) 180.
    ****
    Meryn Trant(510) took 25 damage as DOT.
    William Mooton(374) took 30 damage as DOT.
    Meryn Trant(485) hit William Mooton(344) 156.
    William Mooton(188) hit Meryn Trant(485) 180.
    ****
    Meryn Trant(305) took 50 damage as DOT.
    William Mooton(188) took 60 damage as DOT.
    Meryn Trant(255) hit William Mooton(128) 156.
    William Mooton(-28) hit Meryn Trant(255) 180.
    ****
    Meryn Trant(75) has won.
  Duel between Peaseburys(36) -WHI- and Brackens(30) -WHI- has begun.
    Lord Peasebury(715) hit Jonos Bracken(705) 156.
    Jonos Bracken(549) hit Lord Peasebury(715) 160.
    ****
    Lord Peasebury(555) took 30 damage as DOT.
    Jonos Bracken(549) took 30 damage as DOT.
    Lord Peasebury(525) hit Jonos Bracken(519) 156.
    Jonos Bracken(363) hit Lord Peasebury(525) 160.
    ****
    Lord Peasebury(365) took 60 damage as DOT.
    Jonos Bracken(363) took 60 damage as DOT.
    Lord Peasebury(305) hit Jonos Bracken(303) 156.
    Jonos Bracken(147) hit Lord Peasebury(305) 160.
    ****
    Lord Peasebury(145) took 90 damage as DOT.
    Jonos Bracken(147) took 90 damage as DOT.
    Lord Peasebury(55) hit Jonos Bracken(57) 156.
    Jonos Bracken(-99) hit Lord Peasebury(55) 160.
    ****
    Both of them are dead. A draw.
  Duel between Morrigens(24) -WIL- and Mootons(27) -WIL- has begun.
    Damon Morrigen(540) hit William Mooton(530) 164.
    William Mooton(366) hit Damon Morrigen(540) 177.
    ****
    Damon Morrigen(363) took 25 damage as DOT.
    William Mooton(366) took 25 damage as DOT.
    Damon Morrigen(338) hit William Mooton(341) 164.
    William Mooton(177) hit Damon Morrigen(338) 177.
    ****
    Damon Morrigen(161) took 50 damage as DOT.
    William Mooton(177) took 50 damage as DOT.
    Damon Morrigen(111) hit William Mooton(127) 164.
    William Mooton(-37) hit Damon Morrigen(111) 177.
    ****
    Both of them are dead. A draw.
  Duel between Trants(39) -WHI- and Brackens(30) -WHI- has begun.
    Meryn Trant(690) hit Jonos Bracken(705) 159.
    Jonos Bracken(546) hit Meryn Trant(690) 160.
    ****
    Meryn Trant(530) took 30 damage as DOT.
    Jonos Bracken(546) took 30 damage as DOT.
    Meryn Trant(500) hit Jonos Bracken(516) 159.
    Jonos Bracken(357) hit Meryn Trant(500) 160.
    ****
    Meryn Trant(340) took 60 damage as DOT.
    Jonos Bracken(357) took 60 damage as DOT.
    Meryn Trant(280) hit Jonos Bracken(297) 159.
    Jonos Bracken(138) hit Meryn Trant(280) 160.
    ****
    Meryn Trant(120) took 90 damage as DOT.
    Jonos Bracken(138) took 90 damage as DOT.
    Meryn Trant(30) hit Jonos Bracken(48) 159.
    Jonos Bracken(-111) hit Meryn Trant(30) 160.
    ****
    Both of them are dead. A draw.
  Duel between Peaseburys(36) -WHI- and Mallisters(33) -WHI- has begun.
    Lord Peasebury(715) hit Jason Mallister(655) 156.
    Jason Mallister(499) hit Lord Peasebury(715) 163.
    ****
    Lord Peasebury(552) took 30 damage as DOT.
    Jason Mallister(499) took 30 damage as DOT.
    Lord Peasebury(522) hit Jason Mallister(469) 156.
    Jason Mallister(313) hit Lord Peasebury(522) 163.
    ****
    Lord Peasebury(359) took 60 damage as DOT.
    Jason Mallister(313) took 60 damage as DOT.
    Lord Peasebury(299) hit Jason Mallister(253) 156.
    Jason Mallister(97) hit Lord Peasebury(299) 163.
    ****
    Lord Peasebury(136) took 90 damage as DOT.
    Jason Mallister(97) took 90 damage as DOT.
    Lord Peasebury(46) hit Jason Mallister(7) 156.
    Jason Mallister(-149) hit Lord Peasebury(46) 163.
    ****
    Both of them are dead. A draw.
  Duel between Morrigens(24) -WIL- and Brackens(30) -WHI- has begun.
    Damon Morrigen(540) hit Jonos Bracken(705) 164.
    Jonos Bracken(541) hit Damon Morrigen(540) 160.
    ****
    Damon Morrigen(380) took 30 damage as DOT.
    Jonos Bracken(541) took 25 damage as DOT.
    Damon Morrigen(350) hit Jonos Bracken(516) 164.
    Jonos Bracken(352) hit Damon Morrigen(350) 160.
    ****
    Damon Morrigen(190) took 60 damage as DOT.
    Jonos Bracken(352) took 50 damage as DOT.
    Damon Morrigen(130) hit Jonos Bracken(302) 164.
    Jonos Bracken(138) hit Damon Morrigen(130) 160.
    ****
    Jonos Bracken(138) has won.
  Duel between Trants(39) -WHI- and Mallisters(33) -WHI- has begun.
    Meryn Trant(690) hit Jason Mallister(655) 159.
    Jason Mallister(496) hit Meryn Trant(690) 163.
    ****
    Meryn Trant(527) took 30 damage as DOT.
    Jason Mallister(496) took 30 damage as DOT.
    Meryn Trant(497) hit Jason Mallister(466) 159.
    Jason Mallister(307) hit Meryn Trant(497) 163.
    ****
    Meryn Trant(334) took 60 damage as DOT.
    Jason Mallister(307) took 60 damage as DOT.
    Meryn Trant(274) hit Jason Mallister(247) 159.
    Jason Mallister(88) hit Meryn Trant(274) 163.
    ****
    Meryn Trant(111) took 90 damage as DOT.
    Jason Mallister(88) took 90 damage as DOT.
    Meryn Trant(21) hit Jason Mallister(-2) 159.
    Jason Mallister(-161) hit Meryn Trant(21) 163.
    ****
    Both of them are dead. A draw.
  Duel between Peaseburys(36) -WHI- and Mootons(27) -WIL- has begun.
    Lord Peasebury(715) hit William Mooton(530) 156.
    William Mooton(374) hit Lord Peasebury(715) 177.
    ****
    Lord Peasebury(538) took 25 damage as DOT.
    William Mooton(374) took 30 damage as DOT.
    Lord Peasebury(513) hit William Mooton(344) 156.
    William Mooton(188) hit Lord Peasebury(513) 177.
    ****
    Lord Peasebury(336) took 50 damage as DOT.
    William Mooton(188) took 60 damage as DOT.
    Lord Peasebury(286) hit William Mooton(128) 156.
    William Mooton(-28) hit Lord Peasebury(286) 177.
    ****
    Lord Peasebury(109) has won.
  Duel between House Tyrell(45) -WIZ- and House Bolton(50) -WHI- has begun.
    Renly Baratheon(515) hit Lothar Frey(705) 160.
    Lothar Frey(545) hit Renly Baratheon(515) 180.
    ****
    Renly Baratheon(335) took 30 damage as DOT.
    Lothar Frey(545) took 20 damage as DOT.
    Renly Baratheon(305) hit Lothar Frey(525) 160.
    Lothar Frey(365) hit Renly Baratheon(305) 180.
    ****
    Renly Baratheon(125) took 60 damage as DOT.
    Lothar Frey(365) took 40 damage as DOT.
    Renly Baratheon(65) hit Lothar Frey(325) 160.
    Lothar Frey(165) hit Renly Baratheon(65) 180.
    ****
    Lothar Frey(165) has won.
  The Stormlands got 2 house points. The Riverlands got 5 house points.

The winner is: The Riverlands with currently 1 kingdom points.
---------------
---------------
Duel 3: The Riverlands vs The North
  Duel between Mallisters(33) -WHI- and Mormonts(30) -WIL- has begun.
    Jason Mallister(655) hit Jeor Mormont(475) 163.
    Jeor Mormont(312) hit Jason Mallister(655) 210.
    ****
    Jason Mallister(445) took 25 damage as DOT.
    Jeor Mormont(312) took 30 damage as DOT.
    Jason Mallister(420) hit Jeor Mormont(282) 163.
    Jeor Mormont(119) hit Jason Mallister(420) 210.
    ****
    Jason Mallister(210) took 50 damage as DOT.
    Jeor Mormont(119) took 60 damage as DOT.
    Jason Mallister(160) hit Jeor Mormont(59) 163.
    Jeor Mormont(-104) hit Jason Mallister(160) 210.
    ****
    Both of them are dead. A draw.
  Duel between Mootons(24) -WIL- and Cerwyns(30) -WHI- has begun.
    William Mooton(530) hit Medger Cerwyn(650) 174.
    Medger Cerwyn(476) hit William Mooton(530) 190.
    ****
    William Mooton(340) took 30 damage as DOT.
    Medger Cerwyn(476) took 25 damage as DOT.
    William Mooton(310) hit Medger Cerwyn(451) 174.
    Medger Cerwyn(277) hit William Mooton(310) 190.
    ****
    William Mooton(120) took 60 damage as DOT.
    Medger Cerwyn(277) took 50 damage as DOT.
    William Mooton(60) hit Medger Cerwyn(227) 174.
    Medger Cerwyn(53) hit William Mooton(60) 190.
    ****
    Medger Cerwyn(53) has won.
  Duel between Brackens(33) -WHI- and Karstarks(30) -WHI- has begun.
    Jonos Bracken(705) hit Rickard Karstark(600) 163.
    Rickard Karstark(437) hit Jonos Bracken(705) 190.
    ****
    Jonos Bracken(515) took 30 damage as DOT.
    Rickard Karstark(437) took 30 damage as DOT.
    Jonos Bracken(485) hit Rickard Karstark(407) 163.
    Rickard Karstark(244) hit Jonos Bracken(485) 190.
    ****
    Jonos Bracken(295) took 60 damage as DOT.
    Rickard Karstark(244) took 60 damage as DOT.
    Jonos Bracken(235) hit Rickard Karstark(184) 163.
    Rickard Karstark(21) hit Jonos Bracken(235) 190.
    ****
    Jonos Bracken(45) took 90 damage as DOT.
    Rickard Karstark(21) took 90 damage as DOT.
    Jonos Bracken(-45) hit Rickard Karstark(-69) 163.
    Rickard Karstark(-232) hit Jonos Bracken(-45) 190.
    ****
    Both of them are dead. A draw.
  Duel between Mallisters(33) -WHI- and Cerwyns(33) -WHI- has begun.
    Jason Mallister(655) hit Medger Cerwyn(650) 163.
    Medger Cerwyn(487) hit Jason Mallister(655) 193.
    ****
    Jason Mallister(462) took 30 damage as DOT.
    Medger Cerwyn(487) took 30 damage as DOT.
    Jason Mallister(432) hit Medger Cerwyn(457) 163.
    Medger Cerwyn(294) hit Jason Mallister(432) 193.
    ****
    Jason Mallister(239) took 60 damage as DOT.
    Medger Cerwyn(294) took 60 damage as DOT.
    Jason Mallister(179) hit Medger Cerwyn(234) 163.
    Medger Cerwyn(71) hit Jason Mallister(179) 193.
    ****
    Medger Cerwyn(71) has won.
  Duel between Mootons(21) -WIL- and Karstarks(30) -WHI- has begun.
    William Mooton(530) hit Rickard Karstark(600) 171.
    Rickard Karstark(429) hit William Mooton(530) 190.
    ****
    William Mooton(340) took 30 damage as DOT.
    Rickard Karstark(429) took 25 damage as DOT.
    William Mooton(310) hit Rickard Karstark(404) 171.
    Rickard Karstark(233) hit William Mooton(310) 190.
    ****
    William Mooton(120) took 60 damage as DOT.
    Rickard Karstark(233) took 50 damage as DOT.
    William Mooton(60) hit Rickard Karstark(183) 171.
    Rickard Karstark(12) hit William Mooton(60) 190.
    ****
    Rickard Karstark(12) has won.
  Duel between Brackens(33) -WHI- and Mormonts(30) -WIL- has begun.
    Jonos Bracken(705) hit Jeor Mormont(475) 163.
    Jeor Mormont(312) hit Jonos Bracken(705) 210.
    ****
    Jonos Bracken(495) took 25 damage as DOT.
    Jeor Mormont(312) took 30 damage as DOT.
    Jonos Bracken(470) hit Jeor Mormont(282) 163.
    Jeor Mormont(119) hit Jonos Bracken(470) 210.
    ****
    Jonos Bracken(260) took 50 damage as DOT.
    Jeor Mormont(119) took 60 damage as DOT.
    Jonos Bracken(210) hit Jeor Mormont(59) 163.
    Jeor Mormont(-104) hit Jonos Bracken(210) 210.
    ****
    Both of them are dead. A draw.
  Duel between Mallisters(30) -WHI- and Karstarks(33) -WHI- has begun.
    Jason Mallister(655) hit Rickard Karstark(600) 160.
    Rickard Karstark(440) hit Jason Mallister(655) 193.
    ****
    Jason Mallister(462) took 30 damage as DOT.
    Rickard Karstark(440) took 30 damage as DOT.
    Jason Mallister(432) hit Rickard Karstark(410) 160.
    Rickard Karstark(250) hit Jason Mallister(432) 193.
    ****
    Jason Mallister(239) took 60 damage as DOT.
    Rickard Karstark(250) took 60 damage as DOT.
    Jason Mallister(179) hit Rickard Karstark(190) 160.
    Rickard Karstark(30) hit Jason Mallister(179) 193.
    ****
    Rickard Karstark(30) has won.
  Duel between Mootons(18) -WIL- and Mormonts(30) -WIL- has begun.
    William Mooton(530) hit Jeor Mormont(475) 168.
    Jeor Mormont(307) hit William Mooton(530) 210.
    ****
    William Mooton(320) took 25 damage as DOT.
    Jeor Mormont(307) took 25 damage as DOT.
    William Mooton(295) hit Jeor Mormont(282) 168.
    Jeor Mormont(114) hit William Mooton(295) 210.
    ****
    William Mooton(85) took 50 damage as DOT.
    Jeor Mormont(114) took 50 damage as DOT.
    William Mooton(35) hit Jeor Mormont(64) 168.
    Jeor Mormont(-104) hit William Mooton(35) 210.
    ****
    Both of them are dead. A draw.
  Duel between Brackens(33) -WHI- and Cerwyns(36) -WHI- has begun.
    Jonos Bracken(705) hit Medger Cerwyn(650) 163.
    Medger Cerwyn(487) hit Jonos Bracken(705) 196.
    ****
    Jonos Bracken(509) took 30 damage as DOT.
    Medger Cerwyn(487) took 30 damage as DOT.
    Jonos Bracken(479) hit Medger Cerwyn(457) 163.
    Medger Cerwyn(294) hit Jonos Bracken(479) 196.
    ****
    Jonos Bracken(283) took 60 damage as DOT.
    Medger Cerwyn(294) took 60 damage as DOT.
    Jonos Bracken(223) hit Medger Cerwyn(234) 163.
    Medger Cerwyn(71) hit Jonos Bracken(223) 196.
    ****
    Jonos Bracken(27) took 90 damage as DOT.
    Medger Cerwyn(71) took 90 damage as DOT.
    Jonos Bracken(-63) hit Medger Cerwyn(-19) 163.
    Medger Cerwyn(-182) hit Jonos Bracken(-63) 196.
    ****
    Both of them are dead. A draw.
  Duel between House Bolton(55) -WHI- and House Stark(50) -WHI- has begun.
    Lothar Frey(705) hit Jon Snow(600) 185.
    Jon Snow(415) hit Lothar Frey(705) 210.
    ****
    Lothar Frey(495) took 30 damage as DOT.
    Jon Snow(415) took 30 damage as DOT.
    Lothar Frey(465) hit Jon Snow(385) 185.
    Jon Snow(200) hit Lothar Frey(465) 210.
    ****
    Lothar Frey(255) took 60 damage as DOT.
    Jon Snow(200) took 60 damage as DOT.
    Lothar Frey(195) hit Jon Snow(140) 185.
    Jon Snow(-45) hit Lothar Frey(195) 210.
    ****
    Both of them are dead. A draw.
  The Riverlands got 0 house points. The North got 4 house points.

The winner is: The North with currently 1 kingdom points.
---------------
---------------
Duel 4: The North vs The Westernlands
  Duel between Mormonts(30) -WIL- and Leffords(30) -WIL- has begun.
    Jeor Mormont(475) hit Leo Lefford(480) 210.
    Leo Lefford(270) hit Jeor Mormont(475) 235.
    ****
    Jeor Mormont(240) took 25 damage as DOT.
    Leo Lefford(270) took 25 damage as DOT.
    Jeor Mormont(215) hit Leo Lefford(245) 210.
    Leo Lefford(35) hit Jeor Mormont(215) 235.
    ****
    Leo Lefford(35) has won.
  Duel between Cerwyns(36) -WHI- and Crakehalls(30) -WIZ- has begun.
    Medger Cerwyn(650) hit Desmond Crakehall(480) 196.
    Desmond Crakehall(284) hit Medger Cerwyn(650) 215.
    ****
    Medger Cerwyn(435) took 20 damage as DOT.
    Desmond Crakehall(284) took 30 damage as DOT.
    Medger Cerwyn(415) hit Desmond Crakehall(254) 196.
    Desmond Crakehall(58) hit Medger Cerwyn(415) 215.
    ****
    Medger Cerwyn(200) took 40 damage as DOT.
    Desmond Crakehall(58) took 60 damage as DOT.
    Medger Cerwyn(160) hit Desmond Crakehall(-2) 196.
    Desmond Crakehall(-198) hit Medger Cerwyn(160) 215.
    ****
    Both of them are dead. A draw.
  Duel between Karstarks(36) -WHI- and Lannister of Lannisports(30) -WIZ- has begun.
    Rickard Karstark(600) hit Reginald Lannister(505) 196.
    Reginald Lannister(309) hit Rickard Karstark(600) 205.
    ****
    Rickard Karstark(395) took 20 damage as DOT.
    Reginald Lannister(309) took 30 damage as DOT.
    Rickard Karstark(375) hit Reginald Lannister(279) 196.
    Reginald Lannister(83) hit Rickard Karstark(375) 205.
    ****
    Rickard Karstark(170) took 40 damage as DOT.
    Reginald Lannister(83) took 60 damage as DOT.
    Rickard Karstark(130) hit Reginald Lannister(23) 196.
    Reginald Lannister(-173) hit Rickard Karstark(130) 205.
    ****
    Both of them are dead. A draw.
  Duel between Mormonts(27) -WIL- and Crakehalls(30) -WIZ- has begun.
    Jeor Mormont(475) hit Desmond Crakehall(480) 207.
    Desmond Crakehall(273) hit Jeor Mormont(475) 215.
    ****
    Jeor Mormont(260) took 20 damage as DOT.
    Desmond Crakehall(273) took 25 damage as DOT.
    Jeor Mormont(240) hit Desmond Crakehall(248) 207.
    Desmond Crakehall(41) hit Jeor Mormont(240) 215.
    ****
    Jeor Mormont(25) took 40 damage as DOT.
    Desmond Crakehall(41) took 50 damage as DOT.
    Jeor Mormont(-15) hit Desmond Crakehall(-9) 207.
    Desmond Crakehall(-216) hit Jeor Mormont(-15) 215.
    ****
    Both of them are dead. A draw.
  Duel between Cerwyns(36) -WHI- and Lannister of Lannisports(30) -WIZ- has begun.
    Medger Cerwyn(650) hit Reginald Lannister(505) 196.
    Reginald Lannister(309) hit Medger Cerwyn(650) 205.
    ****
    Medger Cerwyn(445) took 20 damage as DOT.
    Reginald Lannister(309) took 30 damage as DOT.
    Medger Cerwyn(425) hit Reginald Lannister(279) 196.
    Reginald Lannister(83) hit Medger Cerwyn(425) 205.
    ****
    Medger Cerwyn(220) took 40 damage as DOT.
    Reginald Lannister(83) took 60 damage as DOT.
    Medger Cerwyn(180) hit Reginald Lannister(23) 196.
    Reginald Lannister(-173) hit Medger Cerwyn(180) 205.
    ****
    Both of them are dead. A draw.
  Duel between Karstarks(36) -WHI- and Leffords(33) -WIL- has begun.
    Rickard Karstark(600) hit Leo Lefford(480) 196.
    Leo Lefford(284) hit Rickard Karstark(600) 238.
    ****
    Rickard Karstark(362) took 25 damage as DOT.
    Leo Lefford(284) took 30 damage as DOT.
    Rickard Karstark(337) hit Leo Lefford(254) 196.
    Leo Lefford(58) hit Rickard Karstark(337) 238.
    ****
    Rickard Karstark(99) took 50 damage as DOT.
    Leo Lefford(58) took 60 damage as DOT.
    Rickard Karstark(49) hit Leo Lefford(-2) 196.
    Leo Lefford(-198) hit Rickard Karstark(49) 238.
    ****
    Both of them are dead. A draw.
  Duel between Mormonts(27) -WIL- and Lannister of Lannisports(30) -WIZ- has begun.
    Jeor Mormont(475) hit Reginald Lannister(505) 207.
    Reginald Lannister(298) hit Jeor Mormont(475) 205.
    ****
    Jeor Mormont(270) took 20 damage as DOT.
    Reginald Lannister(298) took 25 damage as DOT.
    Jeor Mormont(250) hit Reginald Lannister(273) 207.
    Reginald Lannister(66) hit Jeor Mormont(250) 205.
    ****
    Jeor Mormont(45) took 40 damage as DOT.
    Reginald Lannister(66) took 50 damage as DOT.
    Jeor Mormont(5) hit Reginald Lannister(16) 207.
    Reginald Lannister(-191) hit Jeor Mormont(5) 205.
    ****
    Both of them are dead. A draw.
  Duel between Cerwyns(36) -WHI- and Leffords(33) -WIL- has begun.
    Medger Cerwyn(650) hit Leo Lefford(480) 196.
    Leo Lefford(284) hit Medger Cerwyn(650) 238.
    ****
    Medger Cerwyn(412) took 25 damage as DOT.
    Leo Lefford(284) took 30 damage as DOT.
    Medger Cerwyn(387) hit Leo Lefford(254) 196.
    Leo Lefford(58) hit Medger Cerwyn(387) 238.
    ****
    Medger Cerwyn(149) took 50 damage as DOT.
    Leo Lefford(58) took 60 damage as DOT.
    Medger Cerwyn(99) hit Leo Lefford(-2) 196.
    Leo Lefford(-198) hit Medger Cerwyn(99) 238.
    ****
    Both of them are dead. A draw.
  Duel between Karstarks(36) -WHI- and Crakehalls(30) -WIZ- has begun.
    Rickard Karstark(600) hit Desmond Crakehall(480) 196.
    Desmond Crakehall(284) hit Rickard Karstark(600) 215.
    ****
    Rickard Karstark(385) took 20 damage as DOT.
    Desmond Crakehall(284) took 30 damage as DOT.
    Rickard Karstark(365) hit Desmond Crakehall(254) 196.
    Desmond Crakehall(58) hit Rickard Karstark(365) 215.
    ****
    Rickard Karstark(150) took 40 damage as DOT.
    Desmond Crakehall(58) took 60 damage as DOT.
    Rickard Karstark(110) hit Desmond Crakehall(-2) 196.
    Desmond Crakehall(-198) hit Rickard Karstark(110) 215.
    ****
    Both of them are dead. A draw.
  Duel between House Stark(50) -WHI- and House Frey(50) -WIZ- has begun.
    Jon Snow(600) hit Jamie Lannister(430) 210.
    Jamie Lannister(220) hit Jon Snow(600) 225.
    ****
    Jon Snow(375) took 20 damage as DOT.
    Jamie Lannister(220) took 30 damage as DOT.
    Jon Snow(355) hit Jamie Lannister(190) 210.
    Jamie Lannister(-20) hit Jon Snow(355) 225.
    ****
    Jon Snow(130) has won.
  The North got 3 house points. The Westernlands got 1 house points.

The winner is: The North with currently 2 kingdom points.
---------------
---------------
Duel 5: The Westernlands vs Dorne
  Duel between Leffords(33) -WIL- and Gargalens(30) -WIZ- has begun.
    Leo Lefford(480) hit Lord Gargalen(558) 238.
    Lord Gargalen(320) hit Leo Lefford(480) 148.
    ****
    Leo Lefford(332) took 20 damage as DOT.
    Lord Gargalen(320) took 25 damage as DOT.
    Leo Lefford(312) hit Lord Gargalen(295) 238.
    Lord Gargalen(57) hit Leo Lefford(312) 148.
    ****
    Leo Lefford(164) took 40 damage as DOT.
    Lord Gargalen(57) took 50 damage as DOT.
    Leo Lefford(124) hit Lord Gargalen(7) 238.
    Lord Gargalen(-231) hit Leo Lefford(124) 148.
    ****
    Both of them are dead. A draw.
  Duel between Crakehalls(30) -WIZ- and Qorgyles(30) -WIL- has begun.
    Desmond Crakehall(480) hit Quentyn Qorgyle(508) 215.
    Quentyn Qorgyle(293) hit Desmond Crakehall(480) 173.
    ****
    Desmond Crakehall(307) took 25 damage as DOT.
    Quentyn Qorgyle(293) took 20 damage as DOT.
    Desmond Crakehall(282) hit Quentyn Qorgyle(273) 215.
    Quentyn Qorgyle(58) hit Desmond Crakehall(282) 173.
    ****
    Desmond Crakehall(109) took 50 damage as DOT.
    Quentyn Qorgyle(58) took 40 damage as DOT.
    Desmond Crakehall(59) hit Quentyn Qorgyle(18) 215.
    Quentyn Qorgyle(-197) hit Desmond Crakehall(59) 173.
    ****
    Both of them are dead. A draw.
  Duel between Lannister of Lannisports(30) -WIZ- and Manwoodys(30) -WIZ- has begun.
    Reginald Lannister(505) hit Dagos Manwoody(533) 205.
    Dagos Manwoody(328) hit Reginald Lannister(505) 158.
    ****
    Reginald Lannister(347) took 20 damage as DOT.
    Dagos Manwoody(328) took 20 damage as DOT.
    Reginald Lannister(327) hit Dagos Manwoody(308) 205.
    Dagos Manwoody(103) hit Reginald Lannister(327) 158.
    ****
    Reginald Lannister(169) took 40 damage as DOT.
    Dagos Manwoody(103) took 40 damage as DOT.
    Reginald Lannister(129) hit Dagos Manwoody(63) 205.
    Dagos Manwoody(-142) hit Reginald Lannister(129) 158.
    ****
    Both of them are dead. A draw.
  Duel between Leffords(33) -WIL- and Qorgyles(30) -WIL- has begun.
    Leo Lefford(480) hit Quentyn Qorgyle(508) 238.
    Quentyn Qorgyle(270) hit Leo Lefford(480) 173.
    ****
    Leo Lefford(307) took 25 damage as DOT.
    Quentyn Qorgyle(270) took 25 damage as DOT.
    Leo Lefford(282) hit Quentyn Qorgyle(245) 238.
    Quentyn Qorgyle(7) hit Leo Lefford(282) 173.
    ****
    Leo Lefford(109) took 50 damage as DOT.
    Quentyn Qorgyle(7) took 50 damage as DOT.
    Leo Lefford(59) hit Quentyn Qorgyle(-43) 238.
    Quentyn Qorgyle(-281) hit Leo Lefford(59) 173.
    ****
    Both of them are dead. A draw.
  Duel between Crakehalls(30) -WIZ- and Manwoodys(30) -WIZ- has begun.
    Desmond Crakehall(480) hit Dagos Manwoody(533) 215.
    Dagos Manwoody(318) hit Desmond Crakehall(480) 158.
    ****
    Desmond Crakehall(322) took 20 damage as DOT.
    Dagos Manwoody(318) took 20 damage as DOT.
    Desmond Crakehall(302) hit Dagos Manwoody(298) 215.
    Dagos Manwoody(83) hit Desmond Crakehall(302) 158.
    ****
    Desmond Crakehall(144) took 40 damage as DOT.
    Dagos Manwoody(83) took 40 damage as DOT.
    Desmond Crakehall(104) hit Dagos Manwoody(43) 215.
    Dagos Manwoody(-172) hit Desmond Crakehall(104) 158.
    ****
    Both of them are dead. A draw.
  Duel between Lannister of Lannisports(30) -WIZ- and Gargalens(30) -WIZ- has begun.
    Reginald Lannister(505) hit Lord Gargalen(558) 205.
    Lord Gargalen(353) hit Reginald Lannister(505) 148.
    ****
    Reginald Lannister(357) took 20 damage as DOT.
    Lord Gargalen(353) took 20 damage as DOT.
    Reginald Lannister(337) hit Lord Gargalen(333) 205.
    Lord Gargalen(128) hit Reginald Lannister(337) 148.
    ****
    Reginald Lannister(189) took 40 damage as DOT.
    Lord Gargalen(128) took 40 damage as DOT.
    Reginald Lannister(149) hit Lord Gargalen(88) 205.
    Lord Gargalen(-117) hit Reginald Lannister(149) 148.
    ****
    Reginald Lannister(1) has won.
  Duel between Leffords(33) -WIL- and Manwoodys(30) -WIZ- has begun.
    Leo Lefford(480) hit Dagos Manwoody(533) 238.
    Dagos Manwoody(295) hit Leo Lefford(480) 158.
    ****
    Leo Lefford(322) took 20 damage as DOT.
    Dagos Manwoody(295) took 25 damage as DOT.
    Leo Lefford(302) hit Dagos Manwoody(270) 238.
    Dagos Manwoody(32) hit Leo Lefford(302) 158.
    ****
    Leo Lefford(144) took 40 damage as DOT.
    Dagos Manwoody(32) took 50 damage as DOT.
    Leo Lefford(104) hit Dagos Manwoody(-18) 238.
    Dagos Manwoody(-256) hit Leo Lefford(104) 158.
    ****
    Both of them are dead. A draw.
  Duel between Crakehalls(30) -WIZ- and Gargalens(27) -WIZ- has begun.
    Desmond Crakehall(480) hit Lord Gargalen(558) 215.
    Lord Gargalen(343) hit Desmond Crakehall(480) 145.
    ****
    Desmond Crakehall(335) took 20 damage as DOT.
    Lord Gargalen(343) took 20 damage as DOT.
    Desmond Crakehall(315) hit Lord Gargalen(323) 215.
    Lord Gargalen(108) hit Desmond Crakehall(315) 145.
    ****
    Desmond Crakehall(170) took 40 damage as DOT.
    Lord Gargalen(108) took 40 damage as DOT.
    Desmond Crakehall(130) hit Lord Gargalen(68) 215.
    Lord Gargalen(-147) hit Desmond Crakehall(130) 145.
    ****
    Both of them are dead. A draw.
  Duel between Lannister of Lannisports(33) -WIZ- and Qorgyles(30) -WIL- has begun.
    Reginald Lannister(505) hit Quentyn Qorgyle(508) 208.
    Quentyn Qorgyle(300) hit Reginald Lannister(505) 173.
    ****
    Reginald Lannister(332) took 25 damage as DOT.
    Quentyn Qorgyle(300) took 20 damage as DOT.
    Reginald Lannister(307) hit Quentyn Qorgyle(280) 208.
    Quentyn Qorgyle(72) hit Reginald Lannister(307) 173.
    ****
    Reginald Lannister(134) took 50 damage as DOT.
    Quentyn Qorgyle(72) took 40 damage as DOT.
    Reginald Lannister(84) hit Quentyn Qorgyle(32) 208.
    Quentyn Qorgyle(-176) hit Reginald Lannister(84) 173.
    ****
    Both of them are dead. A draw.
  Duel between House Frey(37) -WIZ- and House Martell(50) -WIL- has begun.
    Jamie Lannister(430) hit Elia Sand(483) 212.
    Elia Sand(271) hit Jamie Lannister(430) 193.
    ****
    Jamie Lannister(237) took 25 damage as DOT.
    Elia Sand(271) took 20 damage as DOT.
    Jamie Lannister(212) hit Elia Sand(251) 212.
    Elia Sand(39) hit Jamie Lannister(212) 193.
    ****
    Jamie Lannister(19) took 50 damage as DOT.
    Elia Sand(39) took 40 damage as DOT.
    Jamie Lannister(-31) hit Elia Sand(-1) 212.
    Elia Sand(-213) hit Jamie Lannister(-31) 193.
    ****
    Both of them are dead. A draw.
  The Westernlands got 1 house points. Dorne got 0 house points.

The winner is: The Westernlands with currently 1 kingdom points.
---------------
---------------
Duel 6: The Reach vs The Riverlands
  Duel between Bulwers(24) -WIL- and Mallisters(27) -WHI- has begun.
    Jack Bulwer(480) hit Jason Mallister(655) 174.
    Jason Mallister(481) hit Jack Bulwer(480) 157.
    ****
    Jack Bulwer(323) took 30 damage as DOT.
    Jason Mallister(481) took 25 damage as DOT.
    Jack Bulwer(293) hit Jason Mallister(456) 174.
    Jason Mallister(282) hit Jack Bulwer(293) 157.
    ****
    Jack Bulwer(136) took 60 damage as DOT.
    Jason Mallister(282) took 50 damage as DOT.
    Jack Bulwer(76) hit Jason Mallister(232) 174.
    Jason Mallister(58) hit Jack Bulwer(76) 157.
    ****
    Jason Mallister(58) has won.
  Duel between Oakhearts(33) -WHI- and Mootons(18) -WIL- has begun.
    Arys Oakheart(630) hit William Mooton(530) 163.
    William Mooton(367) hit Arys Oakheart(630) 168.
    ****
    Arys Oakheart(462) took 25 damage as DOT.
    William Mooton(367) took 30 damage as DOT.
    Arys Oakheart(437) hit William Mooton(337) 163.
    William Mooton(174) hit Arys Oakheart(437) 168.
    ****
    Arys Oakheart(269) took 50 damage as DOT.
    William Mooton(174) took 60 damage as DOT.
    Arys Oakheart(219) hit William Mooton(114) 163.
    William Mooton(-49) hit Arys Oakheart(219) 168.
    ****
    Arys Oakheart(51) has won.
  Duel between Fossoways(24) -WIL- and Brackens(33) -WHI- has begun.
    Lord Fossoway(455) hit Jonos Bracken(705) 179.
    Jonos Bracken(526) hit Lord Fossoway(455) 163.
    ****
    Lord Fossoway(292) took 30 damage as DOT.
    Jonos Bracken(526) took 25 damage as DOT.
    Lord Fossoway(262) hit Jonos Bracken(501) 179.
    Jonos Bracken(322) hit Lord Fossoway(262) 163.
    ****
    Lord Fossoway(99) took 60 damage as DOT.
    Jonos Bracken(322) took 50 damage as DOT.
    Lord Fossoway(39) hit Jonos Bracken(272) 179.
    Jonos Bracken(93) hit Lord Fossoway(39) 163.
    ****
    Jonos Bracken(93) has won.
  Duel between Bulwers(21) -WIL- and Mootons(15) -WIL- has begun.
    Jack Bulwer(480) hit William Mooton(530) 171.
    William Mooton(359) hit Jack Bulwer(480) 165.
    ****
    Jack Bulwer(315) took 25 damage as DOT.
    William Mooton(359) took 25 damage as DOT.
    Jack Bulwer(290) hit William Mooton(334) 171.
    William Mooton(163) hit Jack Bulwer(290) 165.
    ****
    Jack Bulwer(125) took 50 damage as DOT.
    William Mooton(163) took 50 damage as DOT.
    Jack Bulwer(75) hit William Mooton(113) 171.
    William Mooton(-58) hit Jack Bulwer(75) 165.
    ****
    Both of them are dead. A draw.
  Duel between Oakhearts(36) -WHI- and Brackens(36) -WHI- has begun.
    Arys Oakheart(630) hit Jonos Bracken(705) 166.
    Jonos Bracken(539) hit Arys Oakheart(630) 166.
    ****
    Arys Oakheart(464) took 30 damage as DOT.
    Jonos Bracken(539) took 30 damage as DOT.
    Arys Oakheart(434) hit Jonos Bracken(509) 166.
    Jonos Bracken(343) hit Arys Oakheart(434) 166.
    ****
    Arys Oakheart(268) took 60 damage as DOT.
    Jonos Bracken(343) took 60 damage as DOT.
    Arys Oakheart(208) hit Jonos Bracken(283) 166.
    Jonos Bracken(117) hit Arys Oakheart(208) 166.
    ****
    Arys Oakheart(42) took 90 damage as DOT.
    Jonos Bracken(117) took 90 damage as DOT.
    Arys Oakheart(-48) hit Jonos Bracken(27) 166.
    Jonos Bracken(-139) hit Arys Oakheart(-48) 166.
    ****
    Both of them are dead. A draw.
  Duel between Fossoways(21) -WIL- and Mallisters(30) -WHI- has begun.
    Lord Fossoway(455) hit Jason Mallister(655) 176.
    Jason Mallister(479) hit Lord Fossoway(455) 160.
    ****
    Lord Fossoway(295) took 30 damage as DOT.
    Jason Mallister(479) took 25 damage as DOT.
    Lord Fossoway(265) hit Jason Mallister(454) 176.
    Jason Mallister(278) hit Lord Fossoway(265) 160.
    ****
    Lord Fossoway(105) took 60 damage as DOT.
    Jason Mallister(278) took 50 damage as DOT.
    Lord Fossoway(45) hit Jason Mallister(228) 176.
    Jason Mallister(52) hit Lord Fossoway(45) 160.
    ****
    Jason Mallister(52) has won.
  Duel between Bulwers(21) -WIL- and Brackens(36) -WHI- has begun.
    Jack Bulwer(480) hit Jonos Bracken(705) 171.
    Jonos Bracken(534) hit Jack Bulwer(480) 166.
    ****
    Jack Bulwer(314) took 30 damage as DOT.
    Jonos Bracken(534) took 25 damage as DOT.
    Jack Bulwer(284) hit Jonos Bracken(509) 171.
    Jonos Bracken(338) hit Jack Bulwer(284) 166.
    ****
    Jack Bulwer(118) took 60 damage as DOT.
    Jonos Bracken(338) took 50 damage as DOT.
    Jack Bulwer(58) hit Jonos Bracken(288) 171.
    Jonos Bracken(117) hit Jack Bulwer(58) 166.
    ****
    Jonos Bracken(117) has won.
  Duel between Oakhearts(36) -WHI- and Mallisters(33) -WHI- has begun.
    Arys Oakheart(630) hit Jason Mallister(655) 166.
    Jason Mallister(489) hit Arys Oakheart(630) 163.
    ****
    Arys Oakheart(467) took 30 damage as DOT.
    Jason Mallister(489) took 30 damage as DOT.
    Arys Oakheart(437) hit Jason Mallister(459) 166.
    Jason Mallister(293) hit Arys Oakheart(437) 163.
    ****
    Arys Oakheart(274) took 60 damage as DOT.
    Jason Mallister(293) took 60 damage as DOT.
    Arys Oakheart(214) hit Jason Mallister(233) 166.
    Jason Mallister(67) hit Arys Oakheart(214) 163.
    ****
    Arys Oakheart(51) took 90 damage as DOT.
    Jason Mallister(67) took 90 damage as DOT.
    Arys Oakheart(-39) hit Jason Mallister(-23) 166.
    Jason Mallister(-189) hit Arys Oakheart(-39) 163.
    ****
    Both of them are dead. A draw.
  Duel between Fossoways(18) -WIL- and Mootons(15) -WIL- has begun.
    Lord Fossoway(455) hit William Mooton(530) 173.
    William Mooton(357) hit Lord Fossoway(455) 165.
    ****
    Lord Fossoway(290) took 25 damage as DOT.
    William Mooton(357) took 25 damage as DOT.
    Lord Fossoway(265) hit William Mooton(332) 173.
    William Mooton(159) hit Lord Fossoway(265) 165.
    ****
    Lord Fossoway(100) took 50 damage as DOT.
    William Mooton(159) took 50 damage as DOT.
    Lord Fossoway(50) hit William Mooton(109) 173.
    William Mooton(-64) hit Lord Fossoway(50) 165.
    ****
    Both of them are dead. A draw.
  Duel between House Lannister(55) -WHI- and House Bolton(55) -WHI- has begun.
    Mace Tyrell(630) hit Lothar Frey(705) 185.
    Lothar Frey(520) hit Mace Tyrell(630) 185.
    ****
    Mace Tyrell(445) took 30 damage as DOT.
    Lothar Frey(520) took 30 damage as DOT.
    Mace Tyrell(415) hit Lothar Frey(490) 185.
    Lothar Frey(305) hit Mace Tyrell(415) 185.
    ****
    Mace Tyrell(230) took 60 damage as DOT.
    Lothar Frey(305) took 60 damage as DOT.
    Mace Tyrell(170) hit Lothar Frey(245) 185.
    Lothar Frey(60) hit Mace Tyrell(170) 185.
    ****
    Lothar Frey(60) has won.
  The Reach got 1 house points. The Riverlands got 7 house points.

The winner is: The Riverlands with currently 2 kingdom points.
---------------
---------------
Duel 7: The Stormlands vs The North
  Duel between Morrigens(21) -WIL- and Mormonts(27) -WIL- has begun.
    Damon Morrigen(540) hit Jeor Mormont(475) 161.
    Jeor Mormont(314) hit Damon Morrigen(540) 207.
    ****
    Damon Morrigen(333) took 25 damage as DOT.
    Jeor Mormont(314) took 25 damage as DOT.
    Damon Morrigen(308) hit Jeor Mormont(289) 161.
    Jeor Mormont(128) hit Damon Morrigen(308) 207.
    ****
    Damon Morrigen(101) took 50 damage as DOT.
    Jeor Mormont(128) took 50 damage as DOT.
    Damon Morrigen(51) hit Jeor Mormont(78) 161.
    Jeor Mormont(-83) hit Damon Morrigen(51) 207.
    ****
    Both of them are dead. A draw.
  Duel between Trants(39) -WHI- and Cerwyns(36) -WHI- has begun.
    Meryn Trant(690) hit Medger Cerwyn(650) 159.
    Medger Cerwyn(491) hit Meryn Trant(690) 196.
    ****
    Meryn Trant(494) took 30 damage as DOT.
    Medger Cerwyn(491) took 30 damage as DOT.
    Meryn Trant(464) hit Medger Cerwyn(461) 159.
    Medger Cerwyn(302) hit Meryn Trant(464) 196.
    ****
    Meryn Trant(268) took 60 damage as DOT.
    Medger Cerwyn(302) took 60 damage as DOT.
    Meryn Trant(208) hit Medger Cerwyn(242) 159.
    Medger Cerwyn(83) hit Meryn Trant(208) 196.
    ****
    Meryn Trant(12) took 90 damage as DOT.
    Medger Cerwyn(83) took 90 damage as DOT.
    Meryn Trant(-78) hit Medger Cerwyn(-7) 159.
    Medger Cerwyn(-166) hit Meryn Trant(-78) 196.
    ****
    Both of them are dead. A draw.
  Duel between Peaseburys(39) -WHI- and Karstarks(36) -WHI- has begun.
    Lord Peasebury(715) hit Rickard Karstark(600) 159.
    Rickard Karstark(441) hit Lord Peasebury(715) 196.
    ****
    Lord Peasebury(519) took 30 damage as DOT.
    Rickard Karstark(441) took 30 damage as DOT.
    Lord Peasebury(489) hit Rickard Karstark(411) 159.
    Rickard Karstark(252) hit Lord Peasebury(489) 196.
    ****
    Lord Peasebury(293) took 60 damage as DOT.
    Rickard Karstark(252) took 60 damage as DOT.
    Lord Peasebury(233) hit Rickard Karstark(192) 159.
    Rickard Karstark(33) hit Lord Peasebury(233) 196.
    ****
    Lord Peasebury(37) took 90 damage as DOT.
    Rickard Karstark(33) took 90 damage as DOT.
    Lord Peasebury(-53) hit Rickard Karstark(-57) 159.
    Rickard Karstark(-216) hit Lord Peasebury(-53) 196.
    ****
    Both of them are dead. A draw.
  Duel between Morrigens(21) -WIL- and Cerwyns(36) -WHI- has begun.
    Damon Morrigen(540) hit Medger Cerwyn(650) 161.
    Medger Cerwyn(489) hit Damon Morrigen(540) 196.
    ****
    Damon Morrigen(344) took 30 damage as DOT.
    Medger Cerwyn(489) took 25 damage as DOT.
    Damon Morrigen(314) hit Medger Cerwyn(464) 161.
    Medger Cerwyn(303) hit Damon Morrigen(314) 196.
    ****
    Damon Morrigen(118) took 60 damage as DOT.
    Medger Cerwyn(303) took 50 damage as DOT.
    Damon Morrigen(58) hit Medger Cerwyn(253) 161.
    Medger Cerwyn(92) hit Damon Morrigen(58) 196.
    ****
    Medger Cerwyn(92) has won.
  Duel between Trants(39) -WHI- and Karstarks(36) -WHI- has begun.
    Meryn Trant(690) hit Rickard Karstark(600) 159.
    Rickard Karstark(441) hit Meryn Trant(690) 196.
    ****
    Meryn Trant(494) took 30 damage as DOT.
    Rickard Karstark(441) took 30 damage as DOT.
    Meryn Trant(464) hit Rickard Karstark(411) 159.
    Rickard Karstark(252) hit Meryn Trant(464) 196.
    ****
    Meryn Trant(268) took 60 damage as DOT.
    Rickard Karstark(252) took 60 damage as DOT.
    Meryn Trant(208) hit Rickard Karstark(192) 159.
    Rickard Karstark(33) hit Meryn Trant(208) 196.
    ****
    Meryn Trant(12) took 90 damage as DOT.
    Rickard Karstark(33) took 90 damage as DOT.
    Meryn Trant(-78) hit Rickard Karstark(-57) 159.
    Rickard Karstark(-216) hit Meryn Trant(-78) 196.
    ****
    Both of them are dead. A draw.
  Duel between Peaseburys(39) -WHI- and Mormonts(27) -WIL- has begun.
    Lord Peasebury(715) hit Jeor Mormont(475) 159.
    Jeor Mormont(316) hit Lord Peasebury(715) 207.
    ****
    Lord Peasebury(508) took 25 damage as DOT.
    Jeor Mormont(316) took 30 damage as DOT.
    Lord Peasebury(483) hit Jeor Mormont(286) 159.
    Jeor Mormont(127) hit Lord Peasebury(483) 207.
    ****
    Lord Peasebury(276) took 50 damage as DOT.
    Jeor Mormont(127) took 60 damage as DOT.
    Lord Peasebury(226) hit Jeor Mormont(67) 159.
    Jeor Mormont(-92) hit Lord Peasebury(226) 207.
    ****
    Lord Peasebury(19) has won.
  Duel between Morrigens(18) -WIL- and Karstarks(36) -WHI- has begun.
    Damon Morrigen(540) hit Rickard Karstark(600) 158.
    Rickard Karstark(442) hit Damon Morrigen(540) 196.
    ****
    Damon Morrigen(344) took 30 damage as DOT.
    Rickard Karstark(442) took 25 damage as DOT.
    Damon Morrigen(314) hit Rickard Karstark(417) 158.
    Rickard Karstark(259) hit Damon Morrigen(314) 196.
    ****
    Damon Morrigen(118) took 60 damage as DOT.
    Rickard Karstark(259) took 50 damage as DOT.
    Damon Morrigen(58) hit Rickard Karstark(209) 158.
    Rickard Karstark(51) hit Damon Morrigen(58) 196.
    ****
    Rickard Karstark(51) has won.
  Duel between Trants(39) -WHI- and Mormonts(24) -WIL- has begun.
    Meryn Trant(690) hit Jeor Mormont(475) 159.
    Jeor Mormont(316) hit Meryn Trant(690) 204.
    ****
    Meryn Trant(486) took 25 damage as DOT.
    Jeor Mormont(316) took 30 damage as DOT.
    Meryn Trant(461) hit Jeor Mormont(286) 159.
    Jeor Mormont(127) hit Meryn Trant(461) 204.
    ****
    Meryn Trant(257) took 50 damage as DOT.
    Jeor Mormont(127) took 60 damage as DOT.
    Meryn Trant(207) hit Jeor Mormont(67) 159.
    Jeor Mormont(-92) hit Meryn Trant(207) 204.
    ****
    Meryn Trant(3) has won.
  Duel between Peaseburys(42) -WHI- and Cerwyns(39) -WHI- has begun.
    Lord Peasebury(715) hit Medger Cerwyn(650) 162.
    Medger Cerwyn(488) hit Lord Peasebury(715) 199.
    ****
    Lord Peasebury(516) took 30 damage as DOT.
    Medger Cerwyn(488) took 30 damage as DOT.
    Lord Peasebury(486) hit Medger Cerwyn(458) 162.
    Medger Cerwyn(296) hit Lord Peasebury(486) 199.
    ****
    Lord Peasebury(287) took 60 damage as DOT.
    Medger Cerwyn(296) took 60 damage as DOT.
    Lord Peasebury(227) hit Medger Cerwyn(236) 162.
    Medger Cerwyn(74) hit Lord Peasebury(227) 199.
    ****
    Lord Peasebury(28) took 90 damage as DOT.
    Medger Cerwyn(74) took 90 damage as DOT.
    Lord Peasebury(-62) hit Medger Cerwyn(-16) 162.
    Medger Cerwyn(-178) hit Lord Peasebury(-62) 199.
    ****
    Both of them are dead. A draw.
  Duel between House Tyrell(40) -WIZ- and House Stark(59) -WHI- has begun.
    Renly Baratheon(515) hit Jon Snow(600) 155.
    Jon Snow(445) hit Renly Baratheon(515) 219.
    ****
    Renly Baratheon(296) took 30 damage as DOT.
    Jon Snow(445) took 20 damage as DOT.
    Renly Baratheon(266) hit Jon Snow(425) 155.
    Jon Snow(270) hit Renly Baratheon(266) 219.
    ****
    Renly Baratheon(47) took 60 damage as DOT.
    Jon Snow(270) took 40 damage as DOT.
    Renly Baratheon(-13) hit Jon Snow(230) 155.
    Jon Snow(75) hit Renly Baratheon(-13) 219.
    ****
    Jon Snow(75) has won.
  The Stormlands got 2 house points. The North got 5 house points.

The winner is: The North with currently 3 kingdom points.
---------------
---------------
Duel 8: The Riverlands vs The Westernlands
  Duel between Mallisters(33) -WHI- and Leffords(33) -WIL- has begun.
    Jason Mallister(655) hit Leo Lefford(480) 163.
    Leo Lefford(317) hit Jason Mallister(655) 238.
    ****
    Jason Mallister(417) took 25 damage as DOT.
    Leo Lefford(317) took 30 damage as DOT.
    Jason Mallister(392) hit Leo Lefford(287) 163.
    Leo Lefford(124) hit Jason Mallister(392) 238.
    ****
    Jason Mallister(154) took 50 damage as DOT.
    Leo Lefford(124) took 60 damage as DOT.
    Jason Mallister(104) hit Leo Lefford(64) 163.
    Leo Lefford(-99) hit Jason Mallister(104) 238.
    ****
    Both of them are dead. A draw.
  Duel between Mootons(15) -WIL- and Crakehalls(30) -WIZ- has begun.
    William Mooton(530) hit Desmond Crakehall(480) 165.
    Desmond Crakehall(315) hit William Mooton(530) 215.
    ****
    William Mooton(315) took 20 damage as DOT.
    Desmond Crakehall(315) took 25 damage as DOT.
    William Mooton(295) hit Desmond Crakehall(290) 165.
    Desmond Crakehall(125) hit William Mooton(295) 215.
    ****
    William Mooton(80) took 40 damage as DOT.
    Desmond Crakehall(125) took 50 damage as DOT.
    William Mooton(40) hit Desmond Crakehall(75) 165.
    Desmond Crakehall(-90) hit William Mooton(40) 215.
    ****
    Both of them are dead. A draw.
  Duel between Brackens(39) -WHI- and Lannister of Lannisports(33) -WIZ- has begun.
    Jonos Bracken(705) hit Reginald Lannister(505) 169.
    Reginald Lannister(336) hit Jonos Bracken(705) 208.
    ****
    Jonos Bracken(497) took 20 damage as DOT.
    Reginald Lannister(336) took 30 damage as DOT.
    Jonos Bracken(477) hit Reginald Lannister(306) 169.
    Reginald Lannister(137) hit Jonos Bracken(477) 208.
    ****
    Jonos Bracken(269) took 40 damage as DOT.
    Reginald Lannister(137) took 60 damage as DOT.
    Jonos Bracken(229) hit Reginald Lannister(77) 169.
    Reginald Lannister(-92) hit Jonos Bracken(229) 208.
    ****
    Jonos Bracken(21) has won.
  Duel between Mallisters(33) -WHI- and Crakehalls(30) -WIZ- has begun.
    Jason Mallister(655) hit Desmond Crakehall(480) 163.
    Desmond Crakehall(317) hit Jason Mallister(655) 215.
    ****
    Jason Mallister(440) took 20 damage as DOT.
    Desmond Crakehall(317) took 30 damage as DOT.
    Jason Mallister(420) hit Desmond Crakehall(287) 163.
    Desmond Crakehall(124) hit Jason Mallister(420) 215.
    ****
    Jason Mallister(205) took 40 damage as DOT.
    Desmond Crakehall(124) took 60 damage as DOT.
    Jason Mallister(165) hit Desmond Crakehall(64) 163.
    Desmond Crakehall(-99) hit Jason Mallister(165) 215.
    ****
    Both of them are dead. A draw.
  Duel between Mootons(15) -WIL- and Lannister of Lannisports(30) -WIZ- has begun.
    William Mooton(530) hit Reginald Lannister(505) 165.
    Reginald Lannister(340) hit William Mooton(530) 205.
    ****
    William Mooton(325) took 20 damage as DOT.
    Reginald Lannister(340) took 25 damage as DOT.
    William Mooton(305) hit Reginald Lannister(315) 165.
    Reginald Lannister(150) hit William Mooton(305) 205.
    ****
    William Mooton(100) took 40 damage as DOT.
    Reginald Lannister(150) took 50 damage as DOT.
    William Mooton(60) hit Reginald Lannister(100) 165.
    Reginald Lannister(-65) hit William Mooton(60) 205.
    ****
    Both of them are dead. A draw.
  Duel between Brackens(42) -WHI- and Leffords(33) -WIL- has begun.
    Jonos Bracken(705) hit Leo Lefford(480) 172.
    Leo Lefford(308) hit Jonos Bracken(705) 238.
    ****
    Jonos Bracken(467) took 25 damage as DOT.
    Leo Lefford(308) took 30 damage as DOT.
    Jonos Bracken(442) hit Leo Lefford(278) 172.
    Leo Lefford(106) hit Jonos Bracken(442) 238.
    ****
    Jonos Bracken(204) took 50 damage as DOT.
    Leo Lefford(106) took 60 damage as DOT.
    Jonos Bracken(154) hit Leo Lefford(46) 172.
    Leo Lefford(-126) hit Jonos Bracken(154) 238.
    ****
    Both of them are dead. A draw.
  Duel between Mallisters(33) -WHI- and Lannister of Lannisports(30) -WIZ- has begun.
    Jason Mallister(655) hit Reginald Lannister(505) 163.
    Reginald Lannister(342) hit Jason Mallister(655) 205.
    ****
    Jason Mallister(450) took 20 damage as DOT.
    Reginald Lannister(342) took 30 damage as DOT.
    Jason Mallister(430) hit Reginald Lannister(312) 163.
    Reginald Lannister(149) hit Jason Mallister(430) 205.
    ****
    Jason Mallister(225) took 40 damage as DOT.
    Reginald Lannister(149) took 60 damage as DOT.
    Jason Mallister(185) hit Reginald Lannister(89) 163.
    Reginald Lannister(-74) hit Jason Mallister(185) 205.
    ****
    Both of them are dead. A draw.
  Duel between Mootons(15) -WIL- and Leffords(33) -WIL- has begun.
    William Mooton(530) hit Leo Lefford(480) 165.
    Leo Lefford(315) hit William Mooton(530) 238.
    ****
    William Mooton(292) took 25 damage as DOT.
    Leo Lefford(315) took 25 damage as DOT.
    William Mooton(267) hit Leo Lefford(290) 165.
    Leo Lefford(125) hit William Mooton(267) 238.
    ****
    William Mooton(29) took 50 damage as DOT.
    Leo Lefford(125) took 50 damage as DOT.
    William Mooton(-21) hit Leo Lefford(75) 165.
    Leo Lefford(-90) hit William Mooton(-21) 238.
    ****
    Both of them are dead. A draw.
  Duel between Brackens(42) -WHI- and Crakehalls(30) -WIZ- has begun.
    Jonos Bracken(705) hit Desmond Crakehall(480) 172.
    Desmond Crakehall(308) hit Jonos Bracken(705) 215.
    ****
    Jonos Bracken(490) took 20 damage as DOT.
    Desmond Crakehall(308) took 30 damage as DOT.
    Jonos Bracken(470) hit Desmond Crakehall(278) 172.
    Desmond Crakehall(106) hit Jonos Bracken(470) 215.
    ****
    Jonos Bracken(255) took 40 damage as DOT.
    Desmond Crakehall(106) took 60 damage as DOT.
    Jonos Bracken(215) hit Desmond Crakehall(46) 172.
    Desmond Crakehall(-126) hit Jonos Bracken(215) 215.
    ****
    Both of them are dead. A draw.
  Duel between House Bolton(60) -WHI- and House Frey(37) -WIZ- has begun.
    Lothar Frey(705) hit Jamie Lannister(430) 190.
    Jamie Lannister(240) hit Lothar Frey(705) 212.
    ****
    Lothar Frey(493) took 20 damage as DOT.
    Jamie Lannister(240) took 30 damage as DOT.
    Lothar Frey(473) hit Jamie Lannister(210) 190.
    Jamie Lannister(20) hit Lothar Frey(473) 212.
    ****
    Lothar Frey(261) took 40 damage as DOT.
    Jamie Lannister(20) took 60 damage as DOT.
    Lothar Frey(221) hit Jamie Lannister(-40) 190.
    Jamie Lannister(-230) hit Lothar Frey(221) 212.
    ****
    Lothar Frey(9) has won.
  The Riverlands got 4 house points. The Westernlands got 0 house points.

The winner is: The Riverlands with currently 3 kingdom points.
---------------
---------------
Duel 9: The North vs Dorne
  Duel between Mormonts(21) -WIL- and Gargalens(27) -WIZ- has begun.
    Jeor Mormont(475) hit Lord Gargalen(558) 201.
    Lord Gargalen(357) hit Jeor Mormont(475) 145.
    ****
    Jeor Mormont(330) took 20 damage as DOT.
    Lord Gargalen(357) took 25 damage as DOT.
    Jeor Mormont(310) hit Lord Gargalen(332) 201.
    Lord Gargalen(131) hit Jeor Mormont(310) 145.
    ****
    Jeor Mormont(165) took 40 damage as DOT.
    Lord Gargalen(131) took 50 damage as DOT.
    Jeor Mormont(125) hit Lord Gargalen(81) 201.
    Lord Gargalen(-120) hit Jeor Mormont(125) 145.
    ****
    Both of them are dead. A draw.
  Duel between Cerwyns(39) -WHI- and Qorgyles(30) -WIL- has begun.
    Medger Cerwyn(650) hit Quentyn Qorgyle(508) 199.
    Quentyn Qorgyle(309) hit Medger Cerwyn(650) 173.
    ****
    Medger Cerwyn(477) took 25 damage as DOT.
    Quentyn Qorgyle(309) took 30 damage as DOT.
    Medger Cerwyn(452) hit Quentyn Qorgyle(279) 199.
    Quentyn Qorgyle(80) hit Medger Cerwyn(452) 173.
    ****
    Medger Cerwyn(279) took 50 damage as DOT.
    Quentyn Qorgyle(80) took 60 damage as DOT.
    Medger Cerwyn(229) hit Quentyn Qorgyle(20) 199.
    Quentyn Qorgyle(-179) hit Medger Cerwyn(229) 173.
    ****
    Medger Cerwyn(56) has won.
  Duel between Karstarks(39) -WHI- and Manwoodys(30) -WIZ- has begun.
    Rickard Karstark(600) hit Dagos Manwoody(533) 199.
    Dagos Manwoody(334) hit Rickard Karstark(600) 158.
    ****
    Rickard Karstark(442) took 20 damage as DOT.
    Dagos Manwoody(334) took 30 damage as DOT.
    Rickard Karstark(422) hit Dagos Manwoody(304) 199.
    Dagos Manwoody(105) hit Rickard Karstark(422) 158.
    ****
    Rickard Karstark(264) took 40 damage as DOT.
    Dagos Manwoody(105) took 60 damage as DOT.
    Rickard Karstark(224) hit Dagos Manwoody(45) 199.
    Dagos Manwoody(-154) hit Rickard Karstark(224) 158.
    ****
    Rickard Karstark(66) has won.
  Duel between Mormonts(21) -WIL- and Qorgyles(27) -WIL- has begun.
    Jeor Mormont(475) hit Quentyn Qorgyle(508) 201.
    Quentyn Qorgyle(307) hit Jeor Mormont(475) 170.
    ****
    Jeor Mormont(305) took 25 damage as DOT.
    Quentyn Qorgyle(307) took 25 damage as DOT.
    Jeor Mormont(280) hit Quentyn Qorgyle(282) 201.
    Quentyn Qorgyle(81) hit Jeor Mormont(280) 170.
    ****
    Jeor Mormont(110) took 50 damage as DOT.
    Quentyn Qorgyle(81) took 50 damage as DOT.
    Jeor Mormont(60) hit Quentyn Qorgyle(31) 201.
    Quentyn Qorgyle(-170) hit Jeor Mormont(60) 170.
    ****
    Both of them are dead. A draw.
  Duel between Cerwyns(42) -WHI- and Manwoodys(27) -WIZ- has begun.
    Medger Cerwyn(650) hit Dagos Manwoody(533) 202.
    Dagos Manwoody(331) hit Medger Cerwyn(650) 155.
    ****
    Medger Cerwyn(495) took 20 damage as DOT.
    Dagos Manwoody(331) took 30 damage as DOT.
    Medger Cerwyn(475) hit Dagos Manwoody(301) 202.
    Dagos Manwoody(99) hit Medger Cerwyn(475) 155.
    ****
    Medger Cerwyn(320) took 40 damage as DOT.
    Dagos Manwoody(99) took 60 damage as DOT.
    Medger Cerwyn(280) hit Dagos Manwoody(39) 202.
    Dagos Manwoody(-163) hit Medger Cerwyn(280) 155.
    ****
    Medger Cerwyn(125) has won.
  Duel between Karstarks(42) -WHI- and Gargalens(27) -WIZ- has begun.
    Rickard Karstark(600) hit Lord Gargalen(558) 202.
    Lord Gargalen(356) hit Rickard Karstark(600) 145.
    ****
    Rickard Karstark(455) took 20 damage as DOT.
    Lord Gargalen(356) took 30 damage as DOT.
    Rickard Karstark(435) hit Lord Gargalen(326) 202.
    Lord Gargalen(124) hit Rickard Karstark(435) 145.
    ****
    Rickard Karstark(290) took 40 damage as DOT.
    Lord Gargalen(124) took 60 damage as DOT.
    Rickard Karstark(250) hit Lord Gargalen(64) 202.
    Lord Gargalen(-138) hit Rickard Karstark(250) 145.
    ****
    Rickard Karstark(105) has won.
  Duel between Mormonts(21) -WIL- and Manwoodys(24) -WIZ- has begun.
    Jeor Mormont(475) hit Dagos Manwoody(533) 201.
    Dagos Manwoody(332) hit Jeor Mormont(475) 152.
    ****
    Jeor Mormont(323) took 20 damage as DOT.
    Dagos Manwoody(332) took 25 damage as DOT.
    Jeor Mormont(303) hit Dagos Manwoody(307) 201.
    Dagos Manwoody(106) hit Jeor Mormont(303) 152.
    ****
    Jeor Mormont(151) took 40 damage as DOT.
    Dagos Manwoody(106) took 50 damage as DOT.
    Jeor Mormont(111) hit Dagos Manwoody(56) 201.
    Dagos Manwoody(-145) hit Jeor Mormont(111) 152.
    ****
    Both of them are dead. A draw.
  Duel between Cerwyns(45) -WHI- and Gargalens(24) -WIZ- has begun.
    Medger Cerwyn(650) hit Lord Gargalen(558) 205.
    Lord Gargalen(353) hit Medger Cerwyn(650) 142.
    ****
    Medger Cerwyn(508) took 20 damage as DOT.
    Lord Gargalen(353) took 30 damage as DOT.
    Medger Cerwyn(488) hit Lord Gargalen(323) 205.
    Lord Gargalen(118) hit Medger Cerwyn(488) 142.
    ****
    Medger Cerwyn(346) took 40 damage as DOT.
    Lord Gargalen(118) took 60 damage as DOT.
    Medger Cerwyn(306) hit Lord Gargalen(58) 205.
    Lord Gargalen(-147) hit Medger Cerwyn(306) 142.
    ****
    Medger Cerwyn(164) has won.
  Duel between Karstarks(45) -WHI- and Qorgyles(27) -WIL- has begun.
    Rickard Karstark(600) hit Quentyn Qorgyle(508) 205.
    Quentyn Qorgyle(303) hit Rickard Karstark(600) 170.
    ****
    Rickard Karstark(430) took 25 damage as DOT.
    Quentyn Qorgyle(303) took 30 damage as DOT.
    Rickard Karstark(405) hit Quentyn Qorgyle(273) 205.
    Quentyn Qorgyle(68) hit Rickard Karstark(405) 170.
    ****
    Rickard Karstark(235) took 50 damage as DOT.
    Quentyn Qorgyle(68) took 60 damage as DOT.
    Rickard Karstark(185) hit Quentyn Qorgyle(8) 205.
    Quentyn Qorgyle(-197) hit Rickard Karstark(185) 170.
    ****
    Rickard Karstark(15) has won.
  Duel between House Stark(64) -WHI- and House Martell(50) -WIL- has begun.
    Jon Snow(600) hit Elia Sand(483) 224.
    Elia Sand(259) hit Jon Snow(600) 193.
    ****
    Jon Snow(407) took 25 damage as DOT.
    Elia Sand(259) took 30 damage as DOT.
    Jon Snow(382) hit Elia Sand(229) 224.
    Elia Sand(5) hit Jon Snow(382) 193.
    ****
    Jon Snow(189) took 50 damage as DOT.
    Elia Sand(5) took 60 damage as DOT.
    Jon Snow(139) hit Elia Sand(-55) 224.
    Elia Sand(-279) hit Jon Snow(139) 193.
    ****
    Both of them are dead. A draw.
  The North got 6 house points. Dorne got 0 house points.

The winner is: The North with currently 4 kingdom points.
---------------
---------------
Duel 10: The Reach vs The North
  Duel between Bulwers(18) -WIL- and Mormonts(21) -WIL- has begun.
    Jack Bulwer(480) hit Jeor Mormont(475) 168.
    Jeor Mormont(307) hit Jack Bulwer(480) 201.
    ****
    Jack Bulwer(279) took 25 damage as DOT.
    Jeor Mormont(307) took 25 damage as DOT.
    Jack Bulwer(254) hit Jeor Mormont(282) 168.
    Jeor Mormont(114) hit Jack Bulwer(254) 201.
    ****
    Jack Bulwer(53) took 50 damage as DOT.
    Jeor Mormont(114) took 50 damage as DOT.
    Jack Bulwer(3) hit Jeor Mormont(64) 168.
    Jeor Mormont(-104) hit Jack Bulwer(3) 201.
    ****
    Both of them are dead. A draw.
  Duel between Oakhearts(36) -WHI- and Cerwyns(48) -WHI- has begun.
    Arys Oakheart(630) hit Medger Cerwyn(650) 166.
    Medger Cerwyn(484) hit Arys Oakheart(630) 208.
    ****
    Arys Oakheart(422) took 30 damage as DOT.
    Medger Cerwyn(484) took 30 damage as DOT.
    Arys Oakheart(392) hit Medger Cerwyn(454) 166.
    Medger Cerwyn(288) hit Arys Oakheart(392) 208.
    ****
    Arys Oakheart(184) took 60 damage as DOT.
    Medger Cerwyn(288) took 60 damage as DOT.
    Arys Oakheart(124) hit Medger Cerwyn(228) 166.
    Medger Cerwyn(62) hit Arys Oakheart(124) 208.
    ****
    Medger Cerwyn(62) has won.
  Duel between Fossoways(18) -WIL- and Karstarks(48) -WHI- has begun.
    Lord Fossoway(455) hit Rickard Karstark(600) 173.
    Rickard Karstark(427) hit Lord Fossoway(455) 208.
    ****
    Lord Fossoway(247) took 30 damage as DOT.
    Rickard Karstark(427) took 25 damage as DOT.
    Lord Fossoway(217) hit Rickard Karstark(402) 173.
    Rickard Karstark(229) hit Lord Fossoway(217) 208.
    ****
    Lord Fossoway(9) took 60 damage as DOT.
    Rickard Karstark(229) took 50 damage as DOT.
    Lord Fossoway(-51) hit Rickard Karstark(179) 173.
    Rickard Karstark(6) hit Lord Fossoway(-51) 208.
    ****
    Rickard Karstark(6) has won.
  Duel between Bulwers(18) -WIL- and Cerwyns(51) -WHI- has begun.
    Jack Bulwer(480) hit Medger Cerwyn(650) 168.
    Medger Cerwyn(482) hit Jack Bulwer(480) 211.
    ****
    Jack Bulwer(269) took 30 damage as DOT.
    Medger Cerwyn(482) took 25 damage as DOT.
    Jack Bulwer(239) hit Medger Cerwyn(457) 168.
    Medger Cerwyn(289) hit Jack Bulwer(239) 211.
    ****
    Jack Bulwer(28) took 60 damage as DOT.
    Medger Cerwyn(289) took 50 damage as DOT.
    Jack Bulwer(-32) hit Medger Cerwyn(239) 168.
    Medger Cerwyn(71) hit Jack Bulwer(-32) 211.
    ****
    Medger Cerwyn(71) has won.
  Duel between Oakhearts(33) -WHI- and Karstarks(51) -WHI- has begun.
    Arys Oakheart(630) hit Rickard Karstark(600) 163.
    Rickard Karstark(437) hit Arys Oakheart(630) 211.
    ****
    Arys Oakheart(419) took 30 damage as DOT.
    Rickard Karstark(437) took 30 damage as DOT.
    Arys Oakheart(389) hit Rickard Karstark(407) 163.
    Rickard Karstark(244) hit Arys Oakheart(389) 211.
    ****
    Arys Oakheart(178) took 60 damage as DOT.
    Rickard Karstark(244) took 60 damage as DOT.
    Arys Oakheart(118) hit Rickard Karstark(184) 163.
    Rickard Karstark(21) hit Arys Oakheart(118) 211.
    ****
    Rickard Karstark(21) has won.
  Duel between Fossoways(15) -WIL- and Mormonts(21) -WIL- has begun.
    Lord Fossoway(455) hit Jeor Mormont(475) 170.
    Jeor Mormont(305) hit Lord Fossoway(455) 201.
    ****
    Lord Fossoway(254) took 25 damage as DOT.
    Jeor Mormont(305) took 25 damage as DOT.
    Lord Fossoway(229) hit Jeor Mormont(280) 170.
    Jeor Mormont(110) hit Lord Fossoway(229) 201.
    ****
    Lord Fossoway(28) took 50 damage as DOT.
    Jeor Mormont(110) took 50 damage as DOT.
    Lord Fossoway(-22) hit Jeor Mormont(60) 170.
    Jeor Mormont(-110) hit Lord Fossoway(-22) 201.
    ****
    Both of them are dead. A draw.
  Duel between Bulwers(15) -WIL- and Karstarks(54) -WHI- has begun.
    Jack Bulwer(480) hit Rickard Karstark(600) 165.
    Rickard Karstark(435) hit Jack Bulwer(480) 214.
    ****
    Jack Bulwer(266) took 30 damage as DOT.
    Rickard Karstark(435) took 25 damage as DOT.
    Jack Bulwer(236) hit Rickard Karstark(410) 165.
    Rickard Karstark(245) hit Jack Bulwer(236) 214.
    ****
    Jack Bulwer(22) took 60 damage as DOT.
    Rickard Karstark(245) took 50 damage as DOT.
    Jack Bulwer(-38) hit Rickard Karstark(195) 165.
    Rickard Karstark(30) hit Jack Bulwer(-38) 214.
    ****
    Rickard Karstark(30) has won.
  Duel between Oakhearts(30) -WHI- and Mormonts(21) -WIL- has begun.
    Arys Oakheart(630) hit Jeor Mormont(475) 160.
    Jeor Mormont(315) hit Arys Oakheart(630) 201.
    ****
    Arys Oakheart(429) took 25 damage as DOT.
    Jeor Mormont(315) took 30 damage as DOT.
    Arys Oakheart(404) hit Jeor Mormont(285) 160.
    Jeor Mormont(125) hit Arys Oakheart(404) 201.
    ****
    Arys Oakheart(203) took 50 damage as DOT.
    Jeor Mormont(125) took 60 damage as DOT.
    Arys Oakheart(153) hit Jeor Mormont(65) 160.
    Jeor Mormont(-95) hit Arys Oakheart(153) 201.
    ****
    Both of them are dead. A draw.
  Duel between Fossoways(15) -WIL- and Cerwyns(54) -WHI- has begun.
    Lord Fossoway(455) hit Medger Cerwyn(650) 170.
    Medger Cerwyn(480) hit Lord Fossoway(455) 214.
    ****
    Lord Fossoway(241) took 30 damage as DOT.
    Medger Cerwyn(480) took 25 damage as DOT.
    Lord Fossoway(211) hit Medger Cerwyn(455) 170.
    Medger Cerwyn(285) hit Lord Fossoway(211) 214.
    ****
    Medger Cerwyn(285) has won.
  Duel between House Lannister(50) -WHI- and House Stark(64) -WHI- has begun.
    Mace Tyrell(630) hit Jon Snow(600) 180.
    Jon Snow(420) hit Mace Tyrell(630) 224.
    ****
    Mace Tyrell(406) took 30 damage as DOT.
    Jon Snow(420) took 30 damage as DOT.
    Mace Tyrell(376) hit Jon Snow(390) 180.
    Jon Snow(210) hit Mace Tyrell(376) 224.
    ****
    Mace Tyrell(152) took 60 damage as DOT.
    Jon Snow(210) took 60 damage as DOT.
    Mace Tyrell(92) hit Jon Snow(150) 180.
    Jon Snow(-30) hit Mace Tyrell(92) 224.
    ****
    Both of them are dead. A draw.
  The Reach got 0 house points. The North got 6 house points.

The winner is: The North with currently 5 kingdom points.
---------------
---------------
Duel 11: The Stormlands vs The Westernlands
  Duel between Morrigens(15) -WIL- and Leffords(33) -WIL- has begun.
    Damon Morrigen(540) hit Leo Lefford(480) 155.
    Leo Lefford(325) hit Damon Morrigen(540) 238.
    ****
    Damon Morrigen(302) took 25 damage as DOT.
    Leo Lefford(325) took 25 damage as DOT.
    Damon Morrigen(277) hit Leo Lefford(300) 155.
    Leo Lefford(145) hit Damon Morrigen(277) 238.
    ****
    Damon Morrigen(39) took 50 damage as DOT.
    Leo Lefford(145) took 50 damage as DOT.
    Damon Morrigen(-11) hit Leo Lefford(95) 155.
    Leo Lefford(-60) hit Damon Morrigen(-11) 238.
    ****
    Both of them are dead. A draw.
  Duel between Trants(42) -WHI- and Crakehalls(30) -WIZ- has begun.
    Meryn Trant(690) hit Desmond Crakehall(480) 162.
    Desmond Crakehall(318) hit Meryn Trant(690) 215.
    ****
    Meryn Trant(475) took 20 damage as DOT.
    Desmond Crakehall(318) took 30 damage as DOT.
    Meryn Trant(455) hit Desmond Crakehall(288) 162.
    Desmond Crakehall(126) hit Meryn Trant(455) 215.
    ****
    Meryn Trant(240) took 40 damage as DOT.
    Desmond Crakehall(126) took 60 damage as DOT.
    Meryn Trant(200) hit Desmond Crakehall(66) 162.
    Desmond Crakehall(-96) hit Meryn Trant(200) 215.
    ****
    Both of them are dead. A draw.
  Duel between Peaseburys(42) -WHI- and Lannister of Lannisports(30) -WIZ- has begun.
    Lord Peasebury(715) hit Reginald Lannister(505) 162.
    Reginald Lannister(343) hit Lord Peasebury(715) 205.
    ****
    Lord Peasebury(510) took 20 damage as DOT.
    Reginald Lannister(343) took 30 damage as DOT.
    Lord Peasebury(490) hit Reginald Lannister(313) 162.
    Reginald Lannister(151) hit Lord Peasebury(490) 205.
    ****
    Lord Peasebury(285) took 40 damage as DOT.
    Reginald Lannister(151) took 60 damage as DOT.
    Lord Peasebury(245) hit Reginald Lannister(91) 162.
    Reginald Lannister(-71) hit Lord Peasebury(245) 205.
    ****
    Lord Peasebury(40) has won.
  Duel between Morrigens(15) -WIL- and Crakehalls(30) -WIZ- has begun.
    Damon Morrigen(540) hit Desmond Crakehall(480) 155.
    Desmond Crakehall(325) hit Damon Morrigen(540) 215.
    ****
    Damon Morrigen(325) took 20 damage as DOT.
    Desmond Crakehall(325) took 25 damage as DOT.
    Damon Morrigen(305) hit Desmond Crakehall(300) 155.
    Desmond Crakehall(145) hit Damon Morrigen(305) 215.
    ****
    Damon Morrigen(90) took 40 damage as DOT.
    Desmond Crakehall(145) took 50 damage as DOT.
    Damon Morrigen(50) hit Desmond Crakehall(95) 155.
    Desmond Crakehall(-60) hit Damon Morrigen(50) 215.
    ****
    Both of them are dead. A draw.
  Duel between Trants(42) -WHI- and Lannister of Lannisports(27) -WIZ- has begun.
    Meryn Trant(690) hit Reginald Lannister(505) 162.
    Reginald Lannister(343) hit Meryn Trant(690) 202.
    ****
    Meryn Trant(488) took 20 damage as DOT.
    Reginald Lannister(343) took 30 damage as DOT.
    Meryn Trant(468) hit Reginald Lannister(313) 162.
    Reginald Lannister(151) hit Meryn Trant(468) 202.
    ****
    Meryn Trant(266) took 40 damage as DOT.
    Reginald Lannister(151) took 60 damage as DOT.
    Meryn Trant(226) hit Reginald Lannister(91) 162.
    Reginald Lannister(-71) hit Meryn Trant(226) 202.
    ****
    Meryn Trant(24) has won.
  Duel between Peaseburys(45) -WHI- and Leffords(33) -WIL- has begun.
    Lord Peasebury(715) hit Leo Lefford(480) 165.
    Leo Lefford(315) hit Lord Peasebury(715) 238.
    ****
    Lord Peasebury(477) took 25 damage as DOT.
    Leo Lefford(315) took 30 damage as DOT.
    Lord Peasebury(452) hit Leo Lefford(285) 165.
    Leo Lefford(120) hit Lord Peasebury(452) 238.
    ****
    Lord Peasebury(214) took 50 damage as DOT.
    Leo Lefford(120) took 60 damage as DOT.
    Lord Peasebury(164) hit Leo Lefford(60) 165.
    Leo Lefford(-105) hit Lord Peasebury(164) 238.
    ****
    Both of them are dead. A draw.
  Duel between Morrigens(15) -WIL- and Lannister of Lannisports(24) -WIZ- has begun.
    Damon Morrigen(540) hit Reginald Lannister(505) 155.
    Reginald Lannister(350) hit Damon Morrigen(540) 199.
    ****
    Damon Morrigen(341) took 20 damage as DOT.
    Reginald Lannister(350) took 25 damage as DOT.
    Damon Morrigen(321) hit Reginald Lannister(325) 155.
    Reginald Lannister(170) hit Damon Morrigen(321) 199.
    ****
    Damon Morrigen(122) took 40 damage as DOT.
    Reginald Lannister(170) took 50 damage as DOT.
    Damon Morrigen(82) hit Reginald Lannister(120) 155.
    Reginald Lannister(-35) hit Damon Morrigen(82) 199.
    ****
    Both of them are dead. A draw.
  Duel between Trants(45) -WHI- and Leffords(33) -WIL- has begun.
    Meryn Trant(690) hit Leo Lefford(480) 165.
    Leo Lefford(315) hit Meryn Trant(690) 238.
    ****
    Meryn Trant(452) took 25 damage as DOT.
    Leo Lefford(315) took 30 damage as DOT.
    Meryn Trant(427) hit Leo Lefford(285) 165.
    Leo Lefford(120) hit Meryn Trant(427) 238.
    ****
    Meryn Trant(189) took 50 damage as DOT.
    Leo Lefford(120) took 60 damage as DOT.
    Meryn Trant(139) hit Leo Lefford(60) 165.
    Leo Lefford(-105) hit Meryn Trant(139) 238.
    ****
    Both of them are dead. A draw.
  Duel between Peaseburys(45) -WHI- and Crakehalls(30) -WIZ- has begun.
    Lord Peasebury(715) hit Desmond Crakehall(480) 165.
    Desmond Crakehall(315) hit Lord Peasebury(715) 215.
    ****
    Lord Peasebury(500) took 20 damage as DOT.
    Desmond Crakehall(315) took 30 damage as DOT.
    Lord Peasebury(480) hit Desmond Crakehall(285) 165.
    Desmond Crakehall(120) hit Lord Peasebury(480) 215.
    ****
    Lord Peasebury(265) took 40 damage as DOT.
    Desmond Crakehall(120) took 60 damage as DOT.
    Lord Peasebury(225) hit Desmond Crakehall(60) 165.
    Desmond Crakehall(-105) hit Lord Peasebury(225) 215.
    ****
    Lord Peasebury(10) has won.
  Duel between House Tyrell(35) -WIZ- and House Frey(32) -WIZ- has begun.
    Renly Baratheon(515) hit Jamie Lannister(430) 150.
    Jamie Lannister(280) hit Renly Baratheon(515) 207.
    ****
    Renly Baratheon(308) took 20 damage as DOT.
    Jamie Lannister(280) took 20 damage as DOT.
    Renly Baratheon(288) hit Jamie Lannister(260) 150.
    Jamie Lannister(110) hit Renly Baratheon(288) 207.
    ****
    Renly Baratheon(81) took 40 damage as DOT.
    Jamie Lannister(110) took 40 damage as DOT.
    Renly Baratheon(41) hit Jamie Lannister(70) 150.
    Jamie Lannister(-80) hit Renly Baratheon(41) 207.
    ****
    Both of them are dead. A draw.
  The Stormlands got 3 house points. The Westernlands got 0 house points.

The winner is: The Stormlands with currently 2 kingdom points.
---------------
---------------
Duel 12: The Riverlands vs Dorne
  Duel between Mallisters(33) -WHI- and Gargalens(21) -WIZ- has begun.
    Jason Mallister(655) hit Lord Gargalen(558) 163.
    Lord Gargalen(395) hit Jason Mallister(655) 139.
    ****
    Jason Mallister(516) took 20 damage as DOT.
    Lord Gargalen(395) took 30 damage as DOT.
    Jason Mallister(496) hit Lord Gargalen(365) 163.
    Lord Gargalen(202) hit Jason Mallister(496) 139.
    ****
    Jason Mallister(357) took 40 damage as DOT.
    Lord Gargalen(202) took 60 damage as DOT.
    Jason Mallister(317) hit Lord Gargalen(142) 163.
    Lord Gargalen(-21) hit Jason Mallister(317) 139.
    ****
    Jason Mallister(178) has won.
  Duel between Mootons(15) -WIL- and Qorgyles(24) -WIL- has begun.
    William Mooton(530) hit Quentyn Qorgyle(508) 165.
    Quentyn Qorgyle(343) hit William Mooton(530) 167.
    ****
    William Mooton(363) took 25 damage as DOT.
    Quentyn Qorgyle(343) took 25 damage as DOT.
    William Mooton(338) hit Quentyn Qorgyle(318) 165.
    Quentyn Qorgyle(153) hit William Mooton(338) 167.
    ****
    William Mooton(171) took 50 damage as DOT.
    Quentyn Qorgyle(153) took 50 damage as DOT.
    William Mooton(121) hit Quentyn Qorgyle(103) 165.
    Quentyn Qorgyle(-62) hit William Mooton(121) 167.
    ****
    Both of them are dead. A draw.
  Duel between Brackens(42) -WHI- and Manwoodys(24) -WIZ- has begun.
    Jonos Bracken(705) hit Dagos Manwoody(533) 172.
    Dagos Manwoody(361) hit Jonos Bracken(705) 152.
    ****
    Jonos Bracken(553) took 20 damage as DOT.
    Dagos Manwoody(361) took 30 damage as DOT.
    Jonos Bracken(533) hit Dagos Manwoody(331) 172.
    Dagos Manwoody(159) hit Jonos Bracken(533) 152.
    ****
    Jonos Bracken(381) took 40 damage as DOT.
    Dagos Manwoody(159) took 60 damage as DOT.
    Jonos Bracken(341) hit Dagos Manwoody(99) 172.
    Dagos Manwoody(-73) hit Jonos Bracken(341) 152.
    ****
    Jonos Bracken(189) has won.
  Duel between Mallisters(36) -WHI- and Qorgyles(24) -WIL- has begun.
    Jason Mallister(655) hit Quentyn Qorgyle(508) 166.
    Quentyn Qorgyle(342) hit Jason Mallister(655) 167.
    ****
    Jason Mallister(488) took 25 damage as DOT.
    Quentyn Qorgyle(342) took 30 damage as DOT.
    Jason Mallister(463) hit Quentyn Qorgyle(312) 166.
    Quentyn Qorgyle(146) hit Jason Mallister(463) 167.
    ****
    Jason Mallister(296) took 50 damage as DOT.
    Quentyn Qorgyle(146) took 60 damage as DOT.
    Jason Mallister(246) hit Quentyn Qorgyle(86) 166.
    Quentyn Qorgyle(-80) hit Jason Mallister(246) 167.
    ****
    Jason Mallister(79) has won.
  Duel between Mootons(15) -WIL- and Manwoodys(21) -WIZ- has begun.
    William Mooton(530) hit Dagos Manwoody(533) 165.
    Dagos Manwoody(368) hit William Mooton(530) 149.
    ****
    William Mooton(381) took 20 damage as DOT.
    Dagos Manwoody(368) took 25 damage as DOT.
    William Mooton(361) hit Dagos Manwoody(343) 165.
    Dagos Manwoody(178) hit William Mooton(361) 149.
    ****
    William Mooton(212) took 40 damage as DOT.
    Dagos Manwoody(178) took 50 damage as DOT.
    William Mooton(172) hit Dagos Manwoody(128) 165.
    Dagos Manwoody(-37) hit William Mooton(172) 149.
    ****
    William Mooton(23) has won.
  Duel between Brackens(45) -WHI- and Gargalens(18) -WIZ- has begun.
    Jonos Bracken(705) hit Lord Gargalen(558) 175.
    Lord Gargalen(383) hit Jonos Bracken(705) 136.
    ****
    Jonos Bracken(569) took 20 damage as DOT.
    Lord Gargalen(383) took 30 damage as DOT.
    Jonos Bracken(549) hit Lord Gargalen(353) 175.
    Lord Gargalen(178) hit Jonos Bracken(549) 136.
    ****
    Jonos Bracken(413) took 40 damage as DOT.
    Lord Gargalen(178) took 60 damage as DOT.
    Jonos Bracken(373) hit Lord Gargalen(118) 175.
    Lord Gargalen(-57) hit Jonos Bracken(373) 136.
    ****
    Jonos Bracken(237) has won.
  Duel between Mallisters(39) -WHI- and Manwoodys(18) -WIZ- has begun.
    Jason Mallister(655) hit Dagos Manwoody(533) 169.
    Dagos Manwoody(364) hit Jason Mallister(655) 146.
    ****
    Jason Mallister(509) took 20 damage as DOT.
    Dagos Manwoody(364) took 30 damage as DOT.
    Jason Mallister(489) hit Dagos Manwoody(334) 169.
    Dagos Manwoody(165) hit Jason Mallister(489) 146.
    ****
    Jason Mallister(343) took 40 damage as DOT.
    Dagos Manwoody(165) took 60 damage as DOT.
    Jason Mallister(303) hit Dagos Manwoody(105) 169.
    Dagos Manwoody(-64) hit Jason Mallister(303) 146.
    ****
    Jason Mallister(157) has won.
  Duel between Mootons(15) -WIL- and Gargalens(15) -WIZ- has begun.
    William Mooton(530) hit Lord Gargalen(558) 165.
    Lord Gargalen(393) hit William Mooton(530) 133.
    ****
    William Mooton(397) took 20 damage as DOT.
    Lord Gargalen(393) took 25 damage as DOT.
    William Mooton(377) hit Lord Gargalen(368) 165.
    Lord Gargalen(203) hit William Mooton(377) 133.
    ****
    William Mooton(244) took 40 damage as DOT.
    Lord Gargalen(203) took 50 damage as DOT.
    William Mooton(204) hit Lord Gargalen(153) 165.
    Lord Gargalen(-12) hit William Mooton(204) 133.
    ****
    William Mooton(71) has won.
  Duel between Brackens(48) -WHI- and Qorgyles(21) -WIL- has begun.
    Jonos Bracken(705) hit Quentyn Qorgyle(508) 178.
    Quentyn Qorgyle(330) hit Jonos Bracken(705) 164.
    ****
    Jonos Bracken(541) took 25 damage as DOT.
    Quentyn Qorgyle(330) took 30 damage as DOT.
    Jonos Bracken(516) hit Quentyn Qorgyle(300) 178.
    Quentyn Qorgyle(122) hit Jonos Bracken(516) 164.
    ****
    Jonos Bracken(352) took 50 damage as DOT.
    Quentyn Qorgyle(122) took 60 damage as DOT.
    Jonos Bracken(302) hit Quentyn Qorgyle(62) 178.
    Quentyn Qorgyle(-116) hit Jonos Bracken(302) 164.
    ****
    Jonos Bracken(138) has won.
  Duel between House Bolton(65) -WHI- and House Martell(50) -WIL- has begun.
    Lothar Frey(705) hit Elia Sand(483) 195.
    Elia Sand(288) hit Lothar Frey(705) 193.
    ****
    Lothar Frey(512) took 25 damage as DOT.
    Elia Sand(288) took 30 damage as DOT.
    Lothar Frey(487) hit Elia Sand(258) 195.
    Elia Sand(63) hit Lothar Frey(487) 193.
    ****
    Lothar Frey(294) took 50 damage as DOT.
    Elia Sand(63) took 60 damage as DOT.
    Lothar Frey(244) hit Elia Sand(3) 195.
    Elia Sand(-192) hit Lothar Frey(244) 193.
    ****
    Lothar Frey(51) has won.
  The Riverlands got 11 house points. Dorne got 0 house points.

The winner is: The Riverlands with currently 4 kingdom points.
---------------
---------------
Duel 13: The Reach vs The Westernlands
  Duel between Bulwers(12) -WIL- and Leffords(33) -WIL- has begun.
    Jack Bulwer(480) hit Leo Lefford(480) 162.
    Leo Lefford(318) hit Jack Bulwer(480) 238.
    ****
    Jack Bulwer(242) took 25 damage as DOT.
    Leo Lefford(318) took 25 damage as DOT.
    Jack Bulwer(217) hit Leo Lefford(293) 162.
    Leo Lefford(131) hit Jack Bulwer(217) 238.
    ****
    Leo Lefford(131) has won.
  Duel between Oakhearts(30) -WHI- and Crakehalls(27) -WIZ- has begun.
    Arys Oakheart(630) hit Desmond Crakehall(480) 160.
    Desmond Crakehall(320) hit Arys Oakheart(630) 212.
    ****
    Arys Oakheart(418) took 20 damage as DOT.
    Desmond Crakehall(320) took 30 damage as DOT.
    Arys Oakheart(398) hit Desmond Crakehall(290) 160.
    Desmond Crakehall(130) hit Arys Oakheart(398) 212.
    ****
    Arys Oakheart(186) took 40 damage as DOT.
    Desmond Crakehall(130) took 60 damage as DOT.
    Arys Oakheart(146) hit Desmond Crakehall(70) 160.
    Desmond Crakehall(-90) hit Arys Oakheart(146) 212.
    ****
    Both of them are dead. A draw.
  Duel between Fossoways(12) -WIL- and Lannister of Lannisports(24) -WIZ- has begun.
    Lord Fossoway(455) hit Reginald Lannister(505) 167.
    Reginald Lannister(338) hit Lord Fossoway(455) 199.
    ****
    Lord Fossoway(256) took 20 damage as DOT.
    Reginald Lannister(338) took 25 damage as DOT.
    Lord Fossoway(236) hit Reginald Lannister(313) 167.
    Reginald Lannister(146) hit Lord Fossoway(236) 199.
    ****
    Lord Fossoway(37) took 40 damage as DOT.
    Reginald Lannister(146) took 50 damage as DOT.
    Lord Fossoway(-3) hit Reginald Lannister(96) 167.
    Reginald Lannister(-71) hit Lord Fossoway(-3) 199.
    ****
    Both of them are dead. A draw.
  Duel between Bulwers(9) -WIL- and Crakehalls(27) -WIZ- has begun.
    Jack Bulwer(480) hit Desmond Crakehall(480) 159.
    Desmond Crakehall(321) hit Jack Bulwer(480) 212.
    ****
    Jack Bulwer(268) took 20 damage as DOT.
    Desmond Crakehall(321) took 25 damage as DOT.
    Jack Bulwer(248) hit Desmond Crakehall(296) 159.
    Desmond Crakehall(137) hit Jack Bulwer(248) 212.
    ****
    Jack Bulwer(36) took 40 damage as DOT.
    Desmond Crakehall(137) took 50 damage as DOT.
    Jack Bulwer(-4) hit Desmond Crakehall(87) 159.
    Desmond Crakehall(-72) hit Jack Bulwer(-4) 212.
    ****
    Both of them are dead. A draw.
  Duel between Oakhearts(30) -WHI- and Lannister of Lannisports(24) -WIZ- has begun.
    Arys Oakheart(630) hit Reginald Lannister(505) 160.
    Reginald Lannister(345) hit Arys Oakheart(630) 199.
    ****
    Arys Oakheart(431) took 20 damage as DOT.
    Reginald Lannister(345) took 30 damage as DOT.
    Arys Oakheart(411) hit Reginald Lannister(315) 160.
    Reginald Lannister(155) hit Arys Oakheart(411) 199.
    ****
    Arys Oakheart(212) took 40 damage as DOT.
    Reginald Lannister(155) took 60 damage as DOT.
    Arys Oakheart(172) hit Reginald Lannister(95) 160.
    Reginald Lannister(-65) hit Arys Oakheart(172) 199.
    ****
    Both of them are dead. A draw.
  Duel between Fossoways(12) -WIL- and Leffords(36) -WIL- has begun.
    Lord Fossoway(455) hit Leo Lefford(480) 167.
    Leo Lefford(313) hit Lord Fossoway(455) 241.
    ****
    Lord Fossoway(214) took 25 damage as DOT.
    Leo Lefford(313) took 25 damage as DOT.
    Lord Fossoway(189) hit Leo Lefford(288) 167.
    Leo Lefford(121) hit Lord Fossoway(189) 241.
    ****
    Leo Lefford(121) has won.
  Duel between Bulwers(9) -WIL- and Lannister of Lannisports(24) -WIZ- has begun.
    Jack Bulwer(480) hit Reginald Lannister(505) 159.
    Reginald Lannister(346) hit Jack Bulwer(480) 199.
    ****
    Jack Bulwer(281) took 20 damage as DOT.
    Reginald Lannister(346) took 25 damage as DOT.
    Jack Bulwer(261) hit Reginald Lannister(321) 159.
    Reginald Lannister(162) hit Jack Bulwer(261) 199.
    ****
    Jack Bulwer(62) took 40 damage as DOT.
    Reginald Lannister(162) took 50 damage as DOT.
    Jack Bulwer(22) hit Reginald Lannister(112) 159.
    Reginald Lannister(-47) hit Jack Bulwer(22) 199.
    ****
    Both of them are dead. A draw.
  Duel between Oakhearts(30) -WHI- and Leffords(39) -WIL- has begun.
    Arys Oakheart(630) hit Leo Lefford(480) 160.
    Leo Lefford(320) hit Arys Oakheart(630) 244.
    ****
    Arys Oakheart(386) took 25 damage as DOT.
    Leo Lefford(320) took 30 damage as DOT.
    Arys Oakheart(361) hit Leo Lefford(290) 160.
    Leo Lefford(130) hit Arys Oakheart(361) 244.
    ****
    Arys Oakheart(117) took 50 damage as DOT.
    Leo Lefford(130) took 60 damage as DOT.
    Arys Oakheart(67) hit Leo Lefford(70) 160.
    Leo Lefford(-90) hit Arys Oakheart(67) 244.
    ****
    Both of them are dead. A draw.
  Duel between Fossoways(9) -WIL- and Crakehalls(27) -WIZ- has begun.
    Lord Fossoway(455) hit Desmond Crakehall(480) 164.
    Desmond Crakehall(316) hit Lord Fossoway(455) 212.
    ****
    Lord Fossoway(243) took 20 damage as DOT.
    Desmond Crakehall(316) took 25 damage as DOT.
    Lord Fossoway(223) hit Desmond Crakehall(291) 164.
    Desmond Crakehall(127) hit Lord Fossoway(223) 212.
    ****
    Lord Fossoway(11) took 40 damage as DOT.
    Desmond Crakehall(127) took 50 damage as DOT.
    Lord Fossoway(-29) hit Desmond Crakehall(77) 164.
    Desmond Crakehall(-87) hit Lord Fossoway(-29) 212.
    ****
    Both of them are dead. A draw.
  Duel between House Lannister(50) -WHI- and House Frey(32) -WIZ- has begun.
    Mace Tyrell(630) hit Jamie Lannister(430) 180.
    Jamie Lannister(250) hit Mace Tyrell(630) 207.
    ****
    Mace Tyrell(423) took 20 damage as DOT.
    Jamie Lannister(250) took 30 damage as DOT.
    Mace Tyrell(403) hit Jamie Lannister(220) 180.
    Jamie Lannister(40) hit Mace Tyrell(403) 207.
    ****
    Mace Tyrell(196) took 40 damage as DOT.
    Jamie Lannister(40) took 60 damage as DOT.
    Mace Tyrell(156) hit Jamie Lannister(-20) 180.
    Jamie Lannister(-200) hit Mace Tyrell(156) 207.
    ****
    Both of them are dead. A draw.
  The Reach got 0 house points. The Westernlands got 2 house points.

The winner is: The Westernlands with currently 2 kingdom points.
---------------
---------------
Duel 14: The Stormlands vs Dorne
  Duel between Morrigens(15) -WIL- and Gargalens(12) -WIZ- has begun.
    Damon Morrigen(540) hit Lord Gargalen(558) 155.
    Lord Gargalen(403) hit Damon Morrigen(540) 130.
    ****
    Damon Morrigen(410) took 20 damage as DOT.
    Lord Gargalen(403) took 25 damage as DOT.
    Damon Morrigen(390) hit Lord Gargalen(378) 155.
    Lord Gargalen(223) hit Damon Morrigen(390) 130.
    ****
    Damon Morrigen(260) took 40 damage as DOT.
    Lord Gargalen(223) took 50 damage as DOT.
    Damon Morrigen(220) hit Lord Gargalen(173) 155.
    Lord Gargalen(18) hit Damon Morrigen(220) 130.
    ****
    Damon Morrigen(90) took 60 damage as DOT.
    Lord Gargalen(18) took 75 damage as DOT.
    Damon Morrigen(30) hit Lord Gargalen(-57) 155.
    Lord Gargalen(-212) hit Damon Morrigen(30) 130.
    ****
    Both of them are dead. A draw.
  Duel between Trants(45) -WHI- and Qorgyles(18) -WIL- has begun.
    Meryn Trant(690) hit Quentyn Qorgyle(508) 165.
    Quentyn Qorgyle(343) hit Meryn Trant(690) 161.
    ****
    Meryn Trant(529) took 25 damage as DOT.
    Quentyn Qorgyle(343) took 30 damage as DOT.
    Meryn Trant(504) hit Quentyn Qorgyle(313) 165.
    Quentyn Qorgyle(148) hit Meryn Trant(504) 161.
    ****
    Meryn Trant(343) took 50 damage as DOT.
    Quentyn Qorgyle(148) took 60 damage as DOT.
    Meryn Trant(293) hit Quentyn Qorgyle(88) 165.
    Quentyn Qorgyle(-77) hit Meryn Trant(293) 161.
    ****
    Meryn Trant(132) has won.
  Duel between Peaseburys(48) -WHI- and Manwoodys(15) -WIZ- has begun.
    Lord Peasebury(715) hit Dagos Manwoody(533) 168.
    Dagos Manwoody(365) hit Lord Peasebury(715) 143.
    ****
    Lord Peasebury(572) took 20 damage as DOT.
    Dagos Manwoody(365) took 30 damage as DOT.
    Lord Peasebury(552) hit Dagos Manwoody(335) 168.
    Dagos Manwoody(167) hit Lord Peasebury(552) 143.
    ****
    Lord Peasebury(409) took 40 damage as DOT.
    Dagos Manwoody(167) took 60 damage as DOT.
    Lord Peasebury(369) hit Dagos Manwoody(107) 168.
    Dagos Manwoody(-61) hit Lord Peasebury(369) 143.
    ****
    Lord Peasebury(226) has won.
  Duel between Morrigens(15) -WIL- and Qorgyles(15) -WIL- has begun.
    Damon Morrigen(540) hit Quentyn Qorgyle(508) 155.
    Quentyn Qorgyle(353) hit Damon Morrigen(540) 158.
    ****
    Damon Morrigen(382) took 25 damage as DOT.
    Quentyn Qorgyle(353) took 25 damage as DOT.
    Damon Morrigen(357) hit Quentyn Qorgyle(328) 155.
    Quentyn Qorgyle(173) hit Damon Morrigen(357) 158.
    ****
    Damon Morrigen(199) took 50 damage as DOT.
    Quentyn Qorgyle(173) took 50 damage as DOT.
    Damon Morrigen(149) hit Quentyn Qorgyle(123) 155.
    Quentyn Qorgyle(-32) hit Damon Morrigen(149) 158.
    ****
    Both of them are dead. A draw.
  Duel between Trants(48) -WHI- and Manwoodys(12) -WIZ- has begun.
    Meryn Trant(690) hit Dagos Manwoody(533) 168.
    Dagos Manwoody(365) hit Meryn Trant(690) 140.
    ****
    Meryn Trant(550) took 20 damage as DOT.
    Dagos Manwoody(365) took 30 damage as DOT.
    Meryn Trant(530) hit Dagos Manwoody(335) 168.
    Dagos Manwoody(167) hit Meryn Trant(530) 140.
    ****
    Meryn Trant(390) took 40 damage as DOT.
    Dagos Manwoody(167) took 60 damage as DOT.
    Meryn Trant(350) hit Dagos Manwoody(107) 168.
    Dagos Manwoody(-61) hit Meryn Trant(350) 140.
    ****
    Meryn Trant(210) has won.
  Duel between Peaseburys(51) -WHI- and Gargalens(12) -WIZ- has begun.
    Lord Peasebury(715) hit Lord Gargalen(558) 171.
    Lord Gargalen(387) hit Lord Peasebury(715) 130.
    ****
    Lord Peasebury(585) took 20 damage as DOT.
    Lord Gargalen(387) took 30 damage as DOT.
    Lord Peasebury(565) hit Lord Gargalen(357) 171.
    Lord Gargalen(186) hit Lord Peasebury(565) 130.
    ****
    Lord Peasebury(435) took 40 damage as DOT.
    Lord Gargalen(186) took 60 damage as DOT.
    Lord Peasebury(395) hit Lord Gargalen(126) 171.
    Lord Gargalen(-45) hit Lord Peasebury(395) 130.
    ****
    Lord Peasebury(265) has won.
  Duel between Morrigens(15) -WIL- and Manwoodys(9) -WIZ- has begun.
    Damon Morrigen(540) hit Dagos Manwoody(533) 155.
    Dagos Manwoody(378) hit Damon Morrigen(540) 137.
    ****
    Damon Morrigen(403) took 20 damage as DOT.
    Dagos Manwoody(378) took 25 damage as DOT.
    Damon Morrigen(383) hit Dagos Manwoody(353) 155.
    Dagos Manwoody(198) hit Damon Morrigen(383) 137.
    ****
    Damon Morrigen(246) took 40 damage as DOT.
    Dagos Manwoody(198) took 50 damage as DOT.
    Damon Morrigen(206) hit Dagos Manwoody(148) 155.
    Dagos Manwoody(-7) hit Damon Morrigen(206) 137.
    ****
    Damon Morrigen(69) has won.
  Duel between Trants(51) -WHI- and Gargalens(9) -WIZ- has begun.
    Meryn Trant(690) hit Lord Gargalen(558) 171.
    Lord Gargalen(387) hit Meryn Trant(690) 127.
    ****
    Meryn Trant(563) took 20 damage as DOT.
    Lord Gargalen(387) took 30 damage as DOT.
    Meryn Trant(543) hit Lord Gargalen(357) 171.
    Lord Gargalen(186) hit Meryn Trant(543) 127.
    ****
    Meryn Trant(416) took 40 damage as DOT.
    Lord Gargalen(186) took 60 damage as DOT.
    Meryn Trant(376) hit Lord Gargalen(126) 171.
    Lord Gargalen(-45) hit Meryn Trant(376) 127.
    ****
    Meryn Trant(249) has won.
  Duel between Peaseburys(54) -WHI- and Qorgyles(15) -WIL- has begun.
    Lord Peasebury(715) hit Quentyn Qorgyle(508) 174.
    Quentyn Qorgyle(334) hit Lord Peasebury(715) 158.
    ****
    Lord Peasebury(557) took 25 damage as DOT.
    Quentyn Qorgyle(334) took 30 damage as DOT.
    Lord Peasebury(532) hit Quentyn Qorgyle(304) 174.
    Quentyn Qorgyle(130) hit Lord Peasebury(532) 158.
    ****
    Lord Peasebury(374) took 50 damage as DOT.
    Quentyn Qorgyle(130) took 60 damage as DOT.
    Lord Peasebury(324) hit Quentyn Qorgyle(70) 174.
    Quentyn Qorgyle(-104) hit Lord Peasebury(324) 158.
    ****
    Lord Peasebury(166) has won.
  Duel between House Tyrell(35) -WIZ- and House Martell(45) -WIL- has begun.
    Renly Baratheon(515) hit Elia Sand(483) 150.
    Elia Sand(333) hit Renly Baratheon(515) 188.
    ****
    Renly Baratheon(327) took 25 damage as DOT.
    Elia Sand(333) took 20 damage as DOT.
    Renly Baratheon(302) hit Elia Sand(313) 150.
    Elia Sand(163) hit Renly Baratheon(302) 188.
    ****
    Renly Baratheon(114) took 50 damage as DOT.
    Elia Sand(163) took 40 damage as DOT.
    Renly Baratheon(64) hit Elia Sand(123) 150.
    Elia Sand(-27) hit Renly Baratheon(64) 188.
    ****
    Both of them are dead. A draw.
  The Stormlands got 7 house points. Dorne got 0 house points.

The winner is: The Stormlands with currently 3 kingdom points.
---------------
---------------
Duel 15: The Reach vs Dorne
  Duel between Bulwers(9) -WIL- and Gargalens(6) -WIZ- has begun.
    Jack Bulwer(480) hit Lord Gargalen(558) 159.
    Lord Gargalen(399) hit Jack Bulwer(480) 124.
    ****
    Jack Bulwer(356) took 20 damage as DOT.
    Lord Gargalen(399) took 25 damage as DOT.
    Jack Bulwer(336) hit Lord Gargalen(374) 159.
    Lord Gargalen(215) hit Jack Bulwer(336) 124.
    ****
    Jack Bulwer(212) took 40 damage as DOT.
    Lord Gargalen(215) took 50 damage as DOT.
    Jack Bulwer(172) hit Lord Gargalen(165) 159.
    Lord Gargalen(6) hit Jack Bulwer(172) 124.
    ****
    Jack Bulwer(48) took 60 damage as DOT.
    Lord Gargalen(6) took 75 damage as DOT.
    Jack Bulwer(-12) hit Lord Gargalen(-69) 159.
    Lord Gargalen(-228) hit Jack Bulwer(-12) 124.
    ****
    Both of them are dead. A draw.
  Duel between Oakhearts(30) -WHI- and Qorgyles(12) -WIL- has begun.
    Arys Oakheart(630) hit Quentyn Qorgyle(508) 160.
    Quentyn Qorgyle(348) hit Arys Oakheart(630) 155.
    ****
    Arys Oakheart(475) took 25 damage as DOT.
    Quentyn Qorgyle(348) took 30 damage as DOT.
    Arys Oakheart(450) hit Quentyn Qorgyle(318) 160.
    Quentyn Qorgyle(158) hit Arys Oakheart(450) 155.
    ****
    Arys Oakheart(295) took 50 damage as DOT.
    Quentyn Qorgyle(158) took 60 damage as DOT.
    Arys Oakheart(245) hit Quentyn Qorgyle(98) 160.
    Quentyn Qorgyle(-62) hit Arys Oakheart(245) 155.
    ****
    Arys Oakheart(90) has won.
  Duel between Fossoways(9) -WIL- and Manwoodys(6) -WIZ- has begun.
    Lord Fossoway(455) hit Dagos Manwoody(533) 164.
    Dagos Manwoody(369) hit Lord Fossoway(455) 134.
    ****
    Lord Fossoway(321) took 20 damage as DOT.
    Dagos Manwoody(369) took 25 damage as DOT.
    Lord Fossoway(301) hit Dagos Manwoody(344) 164.
    Dagos Manwoody(180) hit Lord Fossoway(301) 134.
    ****
    Lord Fossoway(167) took 40 damage as DOT.
    Dagos Manwoody(180) took 50 damage as DOT.
    Lord Fossoway(127) hit Dagos Manwoody(130) 164.
    Dagos Manwoody(-34) hit Lord Fossoway(127) 134.
    ****
    Both of them are dead. A draw.
  Duel between Bulwers(9) -WIL- and Qorgyles(9) -WIL- has begun.
    Jack Bulwer(480) hit Quentyn Qorgyle(508) 159.
    Quentyn Qorgyle(349) hit Jack Bulwer(480) 152.
    ****
    Jack Bulwer(328) took 25 damage as DOT.
    Quentyn Qorgyle(349) took 25 damage as DOT.
    Jack Bulwer(303) hit Quentyn Qorgyle(324) 159.
    Quentyn Qorgyle(165) hit Jack Bulwer(303) 152.
    ****
    Jack Bulwer(151) took 50 damage as DOT.
    Quentyn Qorgyle(165) took 50 damage as DOT.
    Jack Bulwer(101) hit Quentyn Qorgyle(115) 159.
    Quentyn Qorgyle(-44) hit Jack Bulwer(101) 152.
    ****
    Both of them are dead. A draw.
  Duel between Oakhearts(33) -WHI- and Manwoodys(6) -WIZ- has begun.
    Arys Oakheart(630) hit Dagos Manwoody(533) 163.
    Dagos Manwoody(370) hit Arys Oakheart(630) 134.
    ****
    Arys Oakheart(496) took 20 damage as DOT.
    Dagos Manwoody(370) took 30 damage as DOT.
    Arys Oakheart(476) hit Dagos Manwoody(340) 163.
    Dagos Manwoody(177) hit Arys Oakheart(476) 134.
    ****
    Arys Oakheart(342) took 40 damage as DOT.
    Dagos Manwoody(177) took 60 damage as DOT.
    Arys Oakheart(302) hit Dagos Manwoody(117) 163.
    Dagos Manwoody(-46) hit Arys Oakheart(302) 134.
    ****
    Arys Oakheart(168) has won.
  Duel between Fossoways(9) -WIL- and Gargalens(6) -WIZ- has begun.
    Lord Fossoway(455) hit Lord Gargalen(558) 164.
    Lord Gargalen(394) hit Lord Fossoway(455) 124.
    ****
    Lord Fossoway(331) took 20 damage as DOT.
    Lord Gargalen(394) took 25 damage as DOT.
    Lord Fossoway(311) hit Lord Gargalen(369) 164.
    Lord Gargalen(205) hit Lord Fossoway(311) 124.
    ****
    Lord Fossoway(187) took 40 damage as DOT.
    Lord Gargalen(205) took 50 damage as DOT.
    Lord Fossoway(147) hit Lord Gargalen(155) 164.
    Lord Gargalen(-9) hit Lord Fossoway(147) 124.
    ****
    Lord Fossoway(23) has won.
  Duel between Bulwers(9) -WIL- and Manwoodys(3) -WIZ- has begun.
    Jack Bulwer(480) hit Dagos Manwoody(533) 159.
    Dagos Manwoody(374) hit Jack Bulwer(480) 131.
    ****
    Jack Bulwer(349) took 20 damage as DOT.
    Dagos Manwoody(374) took 25 damage as DOT.
    Jack Bulwer(329) hit Dagos Manwoody(349) 159.
    Dagos Manwoody(190) hit Jack Bulwer(329) 131.
    ****
    Jack Bulwer(198) took 40 damage as DOT.
    Dagos Manwoody(190) took 50 damage as DOT.
    Jack Bulwer(158) hit Dagos Manwoody(140) 159.
    Dagos Manwoody(-19) hit Jack Bulwer(158) 131.
    ****
    Jack Bulwer(27) has won.
  Duel between Oakhearts(36) -WHI- and Gargalens(3) -WIZ- has begun.
    Arys Oakheart(630) hit Lord Gargalen(558) 166.
    Lord Gargalen(392) hit Arys Oakheart(630) 121.
    ****
    Arys Oakheart(509) took 20 damage as DOT.
    Lord Gargalen(392) took 30 damage as DOT.
    Arys Oakheart(489) hit Lord Gargalen(362) 166.
    Lord Gargalen(196) hit Arys Oakheart(489) 121.
    ****
    Arys Oakheart(368) took 40 damage as DOT.
    Lord Gargalen(196) took 60 damage as DOT.
    Arys Oakheart(328) hit Lord Gargalen(136) 166.
    Lord Gargalen(-30) hit Arys Oakheart(328) 121.
    ****
    Arys Oakheart(207) has won.
  Duel between Fossoways(12) -WIL- and Qorgyles(9) -WIL- has begun.
    Lord Fossoway(455) hit Quentyn Qorgyle(508) 167.
    Quentyn Qorgyle(341) hit Lord Fossoway(455) 152.
    ****
    Lord Fossoway(303) took 25 damage as DOT.
    Quentyn Qorgyle(341) took 25 damage as DOT.
    Lord Fossoway(278) hit Quentyn Qorgyle(316) 167.
    Quentyn Qorgyle(149) hit Lord Fossoway(278) 152.
    ****
    Lord Fossoway(126) took 50 damage as DOT.
    Quentyn Qorgyle(149) took 50 damage as DOT.
    Lord Fossoway(76) hit Quentyn Qorgyle(99) 167.
    Quentyn Qorgyle(-68) hit Lord Fossoway(76) 152.
    ****
    Both of them are dead. A draw.
  Duel between House Lannister(50) -WHI- and House Martell(45) -WIL- has begun.
    Mace Tyrell(630) hit Elia Sand(483) 180.
    Elia Sand(303) hit Mace Tyrell(630) 188.
    ****
    Mace Tyrell(442) took 25 damage as DOT.
    Elia Sand(303) took 30 damage as DOT.
    Mace Tyrell(417) hit Elia Sand(273) 180.
    Elia Sand(93) hit Mace Tyrell(417) 188.
    ****
    Mace Tyrell(229) took 50 damage as DOT.
    Elia Sand(93) took 60 damage as DOT.
    Mace Tyrell(179) hit Elia Sand(33) 180.
    Elia Sand(-147) hit Mace Tyrell(179) 188.
    ****
    Both of them are dead. A draw.
  The Reach got 5 house points. Dorne got 0 house points.

The winner is: The Reach with currently 2 kingdom points.
---------------
The War is over. The new owner of King's Landing is The North with a total of 5 points.

