War has started with 2 kingdoms.
---------------
Duel 1: The Iron Islands vs The North
  Duel between Sparrs(30) -WIZ- and Manderlys(30) -WIL- has begun.
    Lord Sparr(530) hit Wendel Manderly(475) 170.
    Wendel Manderly(305) hit Lord Sparr(530) 145.
    ****
    Lord Sparr(385) took 25 damage as DOT.
    Wendel Manderly(305) took 20 damage as DOT.
    Lord Sparr(360) hit Wendel Manderly(285) 170.
    Wendel Manderly(115) hit Lord Sparr(360) 145.
    ****
    Lord Sparr(215) took 50 damage as DOT.
    Wendel Manderly(115) took 40 damage as DOT.
    Lord Sparr(165) hit Wendel Manderly(75) 170.
    Wendel Manderly(-95) hit Lord Sparr(165) 145.
    ****
    Lord Sparr(20) has won.
  Duel between Goodbrothers(30) -WIZ- and Dustins(30) -WHI- has begun.
    Urragon Goodbrother(530) hit Barbrey Ryswell(675) 170.
    Barbrey Ryswell(505) hit Urragon Goodbrother(530) 120.
    ****
    Urragon Goodbrother(410) took 30 damage as DOT.
    Barbrey Ryswell(505) took 20 damage as DOT.
    Urragon Goodbrother(380) hit Barbrey Ryswell(485) 170.
    Barbrey Ryswell(315) hit Urragon Goodbrother(380) 120.
    ****
    Urragon Goodbrother(260) took 60 damage as DOT.
    Barbrey Ryswell(315) took 40 damage as DOT.
    Urragon Goodbrother(200) hit Barbrey Ryswell(275) 170.
    Barbrey Ryswell(105) hit Urragon Goodbrother(200) 120.
    ****
    Urragon Goodbrother(80) took 90 damage as DOT.
    Barbrey Ryswell(105) took 60 damage as DOT.
    Urragon Goodbrother(-10) hit Barbrey Ryswell(45) 170.
    Barbrey Ryswell(-125) hit Urragon Goodbrother(-10) 120.
    ****
    Both of them are dead. A draw.
  Duel between Harlaws(30) -WIZ- and Mormonts(30) -WIZ- has begun.
    Alannys Harlaw(530) hit Jeor Mormont(525) 165.
    Jeor Mormont(360) hit Alannys Harlaw(530) 130.
    ****
    Alannys Harlaw(400) took 20 damage as DOT.
    Jeor Mormont(360) took 20 damage as DOT.
    Alannys Harlaw(380) hit Jeor Mormont(340) 165.
    Jeor Mormont(175) hit Alannys Harlaw(380) 130.
    ****
    Alannys Harlaw(250) took 40 damage as DOT.
    Jeor Mormont(175) took 40 damage as DOT.
    Alannys Harlaw(210) hit Jeor Mormont(135) 165.
    Jeor Mormont(-30) hit Alannys Harlaw(210) 130.
    ****
    Alannys Harlaw(80) has won.
  Duel between Sparrs(33) -WIZ- and Dustins(30) -WHI- has begun.
    Lord Sparr(530) hit Barbrey Ryswell(675) 173.
    Barbrey Ryswell(502) hit Lord Sparr(530) 120.
    ****
    Lord Sparr(410) took 30 damage as DOT.
    Barbrey Ryswell(502) took 20 damage as DOT.
    Lord Sparr(380) hit Barbrey Ryswell(482) 173.
    Barbrey Ryswell(309) hit Lord Sparr(380) 120.
    ****
    Lord Sparr(260) took 60 damage as DOT.
    Barbrey Ryswell(309) took 40 damage as DOT.
    Lord Sparr(200) hit Barbrey Ryswell(269) 173.
    Barbrey Ryswell(96) hit Lord Sparr(200) 120.
    ****
    Lord Sparr(80) took 90 damage as DOT.
    Barbrey Ryswell(96) took 60 damage as DOT.
    Lord Sparr(-10) hit Barbrey Ryswell(36) 173.
    Barbrey Ryswell(-137) hit Lord Sparr(-10) 120.
    ****
    Both of them are dead. A draw.
  Duel between Goodbrothers(30) -WIZ- and Mormonts(27) -WIZ- has begun.
    Urragon Goodbrother(530) hit Jeor Mormont(525) 170.
    Jeor Mormont(355) hit Urragon Goodbrother(530) 127.
    ****
    Urragon Goodbrother(403) took 20 damage as DOT.
    Jeor Mormont(355) took 20 damage as DOT.
    Urragon Goodbrother(383) hit Jeor Mormont(335) 170.
    Jeor Mormont(165) hit Urragon Goodbrother(383) 127.
    ****
    Urragon Goodbrother(256) took 40 damage as DOT.
    Jeor Mormont(165) took 40 damage as DOT.
    Urragon Goodbrother(216) hit Jeor Mormont(125) 170.
    Jeor Mormont(-45) hit Urragon Goodbrother(216) 127.
    ****
    Urragon Goodbrother(89) has won.
  Duel between Harlaws(33) -WIZ- and Manderlys(27) -WIL- has begun.
    Alannys Harlaw(530) hit Wendel Manderly(475) 168.
    Wendel Manderly(307) hit Alannys Harlaw(530) 142.
    ****
    Alannys Harlaw(388) took 25 damage as DOT.
    Wendel Manderly(307) took 20 damage as DOT.
    Alannys Harlaw(363) hit Wendel Manderly(287) 168.
    Wendel Manderly(119) hit Alannys Harlaw(363) 142.
    ****
    Alannys Harlaw(221) took 50 damage as DOT.
    Wendel Manderly(119) took 40 damage as DOT.
    Alannys Harlaw(171) hit Wendel Manderly(79) 168.
    Wendel Manderly(-89) hit Alannys Harlaw(171) 142.
    ****
    Alannys Harlaw(29) has won.
  Duel between Sparrs(33) -WIZ- and Mormonts(24) -WIZ- has begun.
    Lord Sparr(530) hit Jeor Mormont(525) 173.
    Jeor Mormont(352) hit Lord Sparr(530) 124.
    ****
    Lord Sparr(406) took 20 damage as DOT.
    Jeor Mormont(352) took 20 damage as DOT.
    Lord Sparr(386) hit Jeor Mormont(332) 173.
    Jeor Mormont(159) hit Lord Sparr(386) 124.
    ****
    Lord Sparr(262) took 40 damage as DOT.
    Jeor Mormont(159) took 40 damage as DOT.
    Lord Sparr(222) hit Jeor Mormont(119) 173.
    Jeor Mormont(-54) hit Lord Sparr(222) 124.
    ****
    Lord Sparr(98) has won.
  Duel between Goodbrothers(33) -WIZ- and Manderlys(24) -WIL- has begun.
    Urragon Goodbrother(530) hit Wendel Manderly(475) 173.
    Wendel Manderly(302) hit Urragon Goodbrother(530) 139.
    ****
    Urragon Goodbrother(391) took 25 damage as DOT.
    Wendel Manderly(302) took 20 damage as DOT.
    Urragon Goodbrother(366) hit Wendel Manderly(282) 173.
    Wendel Manderly(109) hit Urragon Goodbrother(366) 139.
    ****
    Urragon Goodbrother(227) took 50 damage as DOT.
    Wendel Manderly(109) took 40 damage as DOT.
    Urragon Goodbrother(177) hit Wendel Manderly(69) 173.
    Wendel Manderly(-104) hit Urragon Goodbrother(177) 139.
    ****
    Urragon Goodbrother(38) has won.
  Duel between Harlaws(36) -WIZ- and Dustins(30) -WHI- has begun.
    Alannys Harlaw(530) hit Barbrey Ryswell(675) 171.
    Barbrey Ryswell(504) hit Alannys Harlaw(530) 120.
    ****
    Alannys Harlaw(410) took 30 damage as DOT.
    Barbrey Ryswell(504) took 20 damage as DOT.
    Alannys Harlaw(380) hit Barbrey Ryswell(484) 171.
    Barbrey Ryswell(313) hit Alannys Harlaw(380) 120.
    ****
    Alannys Harlaw(260) took 60 damage as DOT.
    Barbrey Ryswell(313) took 40 damage as DOT.
    Alannys Harlaw(200) hit Barbrey Ryswell(273) 171.
    Barbrey Ryswell(102) hit Alannys Harlaw(200) 120.
    ****
    Alannys Harlaw(80) took 90 damage as DOT.
    Barbrey Ryswell(102) took 60 damage as DOT.
    Alannys Harlaw(-10) hit Barbrey Ryswell(42) 171.
    Barbrey Ryswell(-129) hit Alannys Harlaw(-10) 120.
    ****
    Both of them are dead. A draw.
  Duel between House Greyjoy(50) -WIL- and House Stark(50) -WHI- has begun.
    Theon Greyjoy(455) hit Arya Stark(625) 200.
    Arya Stark(425) hit Theon Greyjoy(455) 140.
    ****
    Theon Greyjoy(315) took 30 damage as DOT.
    Arya Stark(425) took 25 damage as DOT.
    Theon Greyjoy(285) hit Arya Stark(400) 200.
    Arya Stark(200) hit Theon Greyjoy(285) 140.
    ****
    Theon Greyjoy(145) took 60 damage as DOT.
    Arya Stark(200) took 50 damage as DOT.
    Theon Greyjoy(85) hit Arya Stark(150) 200.
    Arya Stark(-50) hit Theon Greyjoy(85) 140.
    ****
    Both of them are dead. A draw.
  The Iron Islands got 6 house points. The North got 0 house points.

The winner is: The Iron Islands with currently 1 kingdom points.
---------------
The War is over. The new owner of King's Landing is The Iron Islands with a total of 1 points.

